[T 04:06:48 29845] CodeQL CLI version 2.25.1
[T 04:06:48 29845] Initializing tracer.
[T 04:06:48 29845] Initializing tags.
[T 04:06:48 29845] ID set to 0000000000007495_0000000000000001 (parent root)
[T 04:06:48 29845] Initializing tracer.
[T 04:06:48 29845] Initializing tags.
[T 04:06:48 29845] ID set to 0000000000007495_0000000000000002 (parent root)
[T 04:06:48 29845] Warning: SEMMLE_EXEC and SEMMLE_EXECP not set. Falling back to path lookup on argv[0].
[T 04:06:48 29845] ==== Candidate to intercept: /mnt/c/Tools/codeql/tools/linux64/runner-linux (canonical: /mnt/c/Tools/codeql/tools/linux64/runner-linux) ====
[T 04:06:48 29845] Executing the following tracer actions:
[T 04:06:48 29845] Tracer actions:
[T 04:06:48 29845] pre_invocations(0)
[T 04:06:48 29845] post_invocations(0)
[T 04:06:48 29845] trace_languages(1): [cpp]
[T 04:06:48 29845] Initializing tracer.
[T 04:06:48 29845] Initializing tags.
[T 04:06:48 29845] ID set to 0000000000007495_0000000000000003 (parent 0000000000007495_0000000000000002)
[T 04:06:48 29845] ==== Candidate to intercept: make (canonical: /usr/bin/make) ====
[T 04:06:48 29845] Executing the following tracer actions:
[T 04:06:48 29845] Tracer actions:
[T 04:06:48 29845] pre_invocations(0)
[T 04:06:48 29845] post_invocations(0)
[T 04:06:48 29845] trace_languages(1): [cpp]
[T 04:06:48 29848] Initializing tracer.
[T 04:06:48 29848] Initializing tags.
[T 04:06:48 29848] ID set to 0000000000007498_0000000000000001 (parent 0000000000007495_0000000000000003)
[T 04:06:48 29848] ==== Candidate to intercept: /usr/bin/gcc (canonical: /usr/bin/x86_64-linux-gnu-gcc-13) ====
[T 04:06:48 29848] Lua: === Intercepted call to /usr/bin/x86_64-linux-gnu-gcc-13 ===
[T 04:06:48 29848] Executing the following tracer actions:
[T 04:06:48 29848] Tracer actions:
[T 04:06:48 29848] pre_invocations(0)
[T 04:06:48 29848] post_invocations(1)
[T 04:06:48 29848] invocation: /mnt/c/Tools/codeql/cpp/tools/linux64/extractor, args: [--mimic, /usr/bin/x86_64-linux-gnu-gcc-13, -c, -o, test1.o, test1.c]
[T 04:06:48 29848] trace_languages(1): [cpp]
[T 04:06:48 29850] Initializing tracer.
[T 04:06:48 29850] Initializing tags.
[T 04:06:48 29850] ID set to 000000000000749A_0000000000000001 (parent 0000000000007498_0000000000000001)
[T 04:06:48 29850] ==== Candidate to intercept: /usr/libexec/gcc/x86_64-linux-gnu/13/cc1 (canonical: /usr/libexec/gcc/x86_64-linux-gnu/13/cc1) ====
[T 04:06:48 29850] Lua: === Intercepted call to /usr/libexec/gcc/x86_64-linux-gnu/13/cc1 ===
[T 04:06:48 29850] Executing the following tracer actions:
[T 04:06:48 29850] Tracer actions:
[T 04:06:48 29850] pre_invocations(0)
[T 04:06:48 29850] post_invocations(1)
[T 04:06:48 29850] invocation: /mnt/c/Tools/codeql/cpp/tools/linux64/extractor, args: [--mimic, /usr/libexec/gcc/x86_64-linux-gnu/13/cc1, -quiet, -imultiarch, x86_64-linux-gnu, test1.c, -quiet, -dumpbase, test1.c, -dumpbase-ext, .c, -mtune=generic, -march=x86-64, -fasynchronous-unwind-tables, -fstack-protector-strong, -Wformat, -Wformat-security, -fstack-clash-protection, -fcf-protection, -o, /tmp/ccCBzmAz.s]
[T 04:06:48 29850] trace_languages(1): [cpp]
[T 04:06:48 29852] Attempting to switch stdout/stderr to 4...
[T 04:06:48 29852] Initializing tracer.
[T 04:06:48 29852] Initializing tags.
[T 04:06:48 29852] ID set to 000000000000749C_0000000000000001 (parent 000000000000749A_0000000000000001)
[E 04:06:48 29852] CodeQL C/C++ Extractor 2.25.1
[E 04:06:48 29852] Current directory: /home/test/my-awesome-project/CISB/server/envvarient
[E 04:06:48 29852] Command: /mnt/c/Tools/codeql/cpp/tools/linux64/extractor --mimic /usr/libexec/gcc/x86_64-linux-gnu/13/cc1 -quiet -imultiarch x86_64-linux-gnu test1.c -quiet -dumpbase test1.c -dumpbase-ext .c -mtune=generic -march=x86-64 -fasynchronous-unwind-tables -fstack-protector-strong -Wformat -Wformat-security -fstack-clash-protection -fcf-protection -o /tmp/ccCBzmAz.s
[T 04:06:48 29853] Initializing tracer.
[T 04:06:48 29853] Initializing tags.
[T 04:06:48 29853] ID set to 000000000000749D_0000000000000001 (parent 000000000000749C_0000000000000001)
[T 04:06:48 29853] ==== Candidate to intercept: /usr/libexec/gcc/x86_64-linux-gnu/13/cc1 (canonical: /usr/libexec/gcc/x86_64-linux-gnu/13/cc1) ====
[T 04:06:48 29853] Lua: === Intercepted call to /usr/libexec/gcc/x86_64-linux-gnu/13/cc1 ===
[T 04:06:48 29853] Executing the following tracer actions:
[T 04:06:48 29853] Tracer actions:
[T 04:06:48 29853] pre_invocations(0)
[T 04:06:48 29853] post_invocations(1)
[T 04:06:48 29853] invocation: /mnt/c/Tools/codeql/cpp/tools/linux64/extractor, args: [--mimic, /usr/libexec/gcc/x86_64-linux-gnu/13/cc1, --version]
[T 04:06:48 29853] trace_languages(1): [cpp]
[T 04:06:48 29855] Attempting to switch stdout/stderr to 7...
[T 04:06:48 29855] Initializing tracer.
[T 04:06:48 29855] Initializing tags.
[T 04:06:48 29855] ID set to 000000000000749F_0000000000000001 (parent 000000000000749D_0000000000000001)
[E 04:06:48 29855] Mimicry classification suppression detected; exiting.
[E 04:06:48 29855] Extractor exited successfully
[T 04:06:48 29853] Extractor /mnt/c/Tools/codeql/cpp/tools/linux64/extractor terminated with exit code 0.
[T 04:06:48 29856] Initializing tracer.
[T 04:06:48 29856] Initializing tags.
[T 04:06:48 29856] ID set to 00000000000074A0_0000000000000001 (parent 000000000000749C_0000000000000001)
[T 04:06:48 29856] ==== Candidate to intercept: /usr/libexec/gcc/x86_64-linux-gnu/13/cc1 (canonical: /usr/libexec/gcc/x86_64-linux-gnu/13/cc1) ====
[T 04:06:48 29856] Lua: === Intercepted call to /usr/libexec/gcc/x86_64-linux-gnu/13/cc1 ===
[T 04:06:48 29856] Executing the following tracer actions:
[T 04:06:48 29856] Tracer actions:
[T 04:06:48 29856] pre_invocations(0)
[T 04:06:48 29856] post_invocations(1)
[T 04:06:48 29856] invocation: /mnt/c/Tools/codeql/cpp/tools/linux64/extractor, args: [--mimic, /usr/libexec/gcc/x86_64-linux-gnu/13/cc1, --help]
[T 04:06:48 29856] trace_languages(1): [cpp]
[T 04:06:48 29858] Attempting to switch stdout/stderr to 7...
[T 04:06:48 29858] Initializing tracer.
[T 04:06:48 29858] Initializing tags.
[T 04:06:48 29858] ID set to 00000000000074A2_0000000000000001 (parent 00000000000074A0_0000000000000001)
[E 04:06:48 29858] Mimicry classification suppression detected; exiting.
[E 04:06:48 29858] Extractor exited successfully
[T 04:06:48 29856] Extractor /mnt/c/Tools/codeql/cpp/tools/linux64/extractor terminated with exit code 0.
[T 04:06:48 29859] Initializing tracer.
[T 04:06:48 29859] Initializing tags.
[T 04:06:48 29859] ID set to 00000000000074A3_0000000000000001 (parent 000000000000749C_0000000000000001)
[T 04:06:48 29859] ==== Candidate to intercept: /usr/libexec/gcc/x86_64-linux-gnu/13/cc1 (canonical: /usr/libexec/gcc/x86_64-linux-gnu/13/cc1) ====
[T 04:06:48 29859] Lua: === Intercepted call to /usr/libexec/gcc/x86_64-linux-gnu/13/cc1 ===
[T 04:06:48 29859] Executing the following tracer actions:
[T 04:06:48 29859] Tracer actions:
[T 04:06:48 29859] pre_invocations(0)
[T 04:06:48 29859] post_invocations(1)
[T 04:06:48 29859] invocation: /mnt/c/Tools/codeql/cpp/tools/linux64/extractor, args: [--mimic, /usr/libexec/gcc/x86_64-linux-gnu/13/cc1, -version, --help]
[T 04:06:48 29859] trace_languages(1): [cpp]
[T 04:06:48 29861] Attempting to switch stdout/stderr to 7...
[T 04:06:48 29861] Initializing tracer.
[T 04:06:48 29861] Initializing tags.
[T 04:06:48 29861] ID set to 00000000000074A5_0000000000000001 (parent 00000000000074A3_0000000000000001)
[E 04:06:48 29861] Mimicry classification suppression detected; exiting.
[E 04:06:48 29861] Extractor exited successfully
[T 04:06:48 29859] Extractor /mnt/c/Tools/codeql/cpp/tools/linux64/extractor terminated with exit code 0.
[T 04:06:48 29862] Initializing tracer.
[T 04:06:48 29862] Initializing tags.
[T 04:06:48 29862] ID set to 00000000000074A6_0000000000000001 (parent 000000000000749C_0000000000000001)
[T 04:06:48 29862] ==== Candidate to intercept: /usr/libexec/gcc/x86_64-linux-gnu/13/cc1 (canonical: /usr/libexec/gcc/x86_64-linux-gnu/13/cc1) ====
[T 04:06:48 29862] Lua: === Intercepted call to /usr/libexec/gcc/x86_64-linux-gnu/13/cc1 ===
[T 04:06:48 29862] Executing the following tracer actions:
[T 04:06:48 29862] Tracer actions:
[T 04:06:48 29862] pre_invocations(0)
[T 04:06:48 29862] post_invocations(1)
[T 04:06:48 29862] invocation: /mnt/c/Tools/codeql/cpp/tools/linux64/extractor, args: [--mimic, /usr/libexec/gcc/x86_64-linux-gnu/13/cc1, -nostdinc, -o, /home/test/my-awesome-project/CISB/server/envvarient/db-l18/working/tmp//semmle_2_29852_331989.o, /home/test/my-awesome-project/CISB/server/envvarient/db-l18/working/tmp//semmle_1_29852_331946.c]
[T 04:06:48 29862] trace_languages(1): [cpp]
[T 04:06:48 29864] Attempting to switch stdout/stderr to 7...
[T 04:06:48 29864] Initializing tracer.
[T 04:06:48 29864] Initializing tags.
[T 04:06:48 29864] ID set to 00000000000074A8_0000000000000001 (parent 00000000000074A6_0000000000000001)
[E 04:06:48 29864] Mimicry classification suppression detected; exiting.
[E 04:06:48 29864] Extractor exited successfully
[T 04:06:48 29862] Extractor /mnt/c/Tools/codeql/cpp/tools/linux64/extractor terminated with exit code 0.
[T 04:06:48 29865] Initializing tracer.
[T 04:06:48 29865] Initializing tags.
[T 04:06:48 29865] ID set to 00000000000074A9_0000000000000001 (parent 000000000000749C_0000000000000001)
[T 04:06:48 29865] ==== Candidate to intercept: /usr/libexec/gcc/x86_64-linux-gnu/13/cc1 (canonical: /usr/libexec/gcc/x86_64-linux-gnu/13/cc1) ====
[T 04:06:48 29865] Lua: === Intercepted call to /usr/libexec/gcc/x86_64-linux-gnu/13/cc1 ===
[T 04:06:48 29865] Executing the following tracer actions:
[T 04:06:48 29865] Tracer actions:
[T 04:06:48 29865] pre_invocations(0)
[T 04:06:48 29865] post_invocations(1)
[T 04:06:48 29865] invocation: /mnt/c/Tools/codeql/cpp/tools/linux64/extractor, args: [--mimic, /usr/libexec/gcc/x86_64-linux-gnu/13/cc1, -nostdinc, -o, /home/test/my-awesome-project/CISB/server/envvarient/db-l18/working/tmp//semmle_4_29852_365068.o, /home/test/my-awesome-project/CISB/server/envvarient/db-l18/working/tmp//semmle_3_29852_365005.c]
[T 04:06:48 29865] trace_languages(1): [cpp]
[T 04:06:48 29867] Attempting to switch stdout/stderr to 7...
[T 04:06:48 29867] Initializing tracer.
[T 04:06:48 29867] Initializing tags.
[T 04:06:48 29867] ID set to 00000000000074AB_0000000000000001 (parent 00000000000074A9_0000000000000001)
[E 04:06:48 29867] Mimicry classification suppression detected; exiting.
[E 04:06:48 29867] Extractor exited successfully
[T 04:06:48 29865] Extractor /mnt/c/Tools/codeql/cpp/tools/linux64/extractor terminated with exit code 0.
[E 04:06:48 29852] Checking whether C compilation already happened.
[E 04:06:48 29852] Checking for tag c-compilation-happened
[E 04:06:48 29852] Checking CODEQL_TRACER_DB_ID 000000000000749A_0000000000000001
[E 04:06:48 29852] Locking DB /home/test/my-awesome-project/CISB/server/envvarient/db-l18/working/tags.db
[E 04:06:48 29852] Locked DB /home/test/my-awesome-project/CISB/server/envvarient/db-l18/working/tags.db
[E 04:06:48 29852] Unlocking DB
[E 04:06:48 29852] Unlocked DB
[E 04:06:48 29852] Looks like C compilation didn't already happen.
[E 04:06:48 29852] Checking whether C compilation has been attempted.
[E 04:06:48 29852] Checking for tag c-compilation-attempted
[E 04:06:48 29852] Checking CODEQL_TRACER_DB_ID 000000000000749A_0000000000000001
[E 04:06:48 29852] Locking DB /home/test/my-awesome-project/CISB/server/envvarient/db-l18/working/tags.db
[E 04:06:48 29852] Locked DB /home/test/my-awesome-project/CISB/server/envvarient/db-l18/working/tags.db
[E 04:06:48 29852] Unlocking DB
[E 04:06:48 29852] Unlocked DB
[E 04:06:48 29852] Marking C compilation as attempted.
[E 04:06:48 29852] Setting tag c-compilation-attempted
[E 04:06:48 29852] Starting from CODEQL_TRACER_DB_ID 000000000000749A_0000000000000001
[E 04:06:48 29852] Locking DB /home/test/my-awesome-project/CISB/server/envvarient/db-l18/working/tags.db
[E 04:06:48 29852] Locked DB /home/test/my-awesome-project/CISB/server/envvarient/db-l18/working/tags.db
[E 04:06:48 29852] Set tag for 000000000000749A_0000000000000001
[E 04:06:48 29852] Set tag for 0000000000007498_0000000000000001
[E 04:06:48 29852] Set tag for 0000000000007495_0000000000000003
[E 04:06:48 29852] Set tag for 0000000000007495_0000000000000002
[E 04:06:48 29852] Set tag for root
[E 04:06:48 29852] Unlocking DB
[E 04:06:48 29852] Unlocked DB
[T 04:06:48 29868] Initializing tracer.
[T 04:06:48 29868] Initializing tags.
[T 04:06:48 29868] ID set to 00000000000074AC_0000000000000001 (parent 000000000000749C_0000000000000001)
[T 04:06:48 29868] ==== Candidate to intercept: /usr/libexec/gcc/x86_64-linux-gnu/13/cc1 (canonical: /usr/libexec/gcc/x86_64-linux-gnu/13/cc1) ====
[T 04:06:48 29868] Lua: === Intercepted call to /usr/libexec/gcc/x86_64-linux-gnu/13/cc1 ===
[T 04:06:48 29868] Executing the following tracer actions:
[T 04:06:48 29868] Tracer actions:
[T 04:06:48 29868] pre_invocations(0)
[T 04:06:48 29868] post_invocations(1)
[T 04:06:48 29868] invocation: /mnt/c/Tools/codeql/cpp/tools/linux64/extractor, args: [--mimic, /usr/libexec/gcc/x86_64-linux-gnu/13/cc1, @/home/test/my-awesome-project/CISB/server/envvarient/db-l18/working/tmp//semmle_6_29852_397815, -v, -fsyntax-only, /home/test/my-awesome-project/CISB/server/envvarient/db-l18/working/tmp//semmle_7_29852_397949]
[T 04:06:48 29868] trace_languages(1): [cpp]
[T 04:06:48 29870] Attempting to switch stdout/stderr to 7...
[T 04:06:48 29870] Initializing tracer.
[T 04:06:48 29870] Initializing tags.
[T 04:06:48 29870] ID set to 00000000000074AE_0000000000000001 (parent 00000000000074AC_0000000000000001)
[E 04:06:48 29870] Mimicry classification suppression detected; exiting.
[E 04:06:48 29870] Extractor exited successfully
[T 04:06:48 29868] Extractor /mnt/c/Tools/codeql/cpp/tools/linux64/extractor terminated with exit code 0.
[T 04:06:48 29871] Initializing tracer.
[T 04:06:48 29871] Initializing tags.
[T 04:06:48 29871] ID set to 00000000000074AF_0000000000000001 (parent 000000000000749C_0000000000000001)
[T 04:06:48 29871] ==== Candidate to intercept: /usr/libexec/gcc/x86_64-linux-gnu/13/cc1 (canonical: /usr/libexec/gcc/x86_64-linux-gnu/13/cc1) ====
[T 04:06:48 29871] Lua: === Intercepted call to /usr/libexec/gcc/x86_64-linux-gnu/13/cc1 ===
[T 04:06:48 29871] Executing the following tracer actions:
[T 04:06:48 29871] Tracer actions:
[T 04:06:48 29871] pre_invocations(0)
[T 04:06:48 29871] post_invocations(1)
[T 04:06:48 29871] invocation: /mnt/c/Tools/codeql/cpp/tools/linux64/extractor, args: [--mimic, /usr/libexec/gcc/x86_64-linux-gnu/13/cc1, @/home/test/my-awesome-project/CISB/server/envvarient/db-l18/working/tmp//semmle_6_29852_397815, -E, -dM, /home/test/my-awesome-project/CISB/server/envvarient/db-l18/working/tmp//semmle_8_29852_425955]
[T 04:06:48 29871] trace_languages(1): [cpp]
[T 04:06:48 29873] Attempting to switch stdout/stderr to 7...
[T 04:06:48 29873] Initializing tracer.
[T 04:06:48 29873] Initializing tags.
[T 04:06:48 29873] ID set to 00000000000074B1_0000000000000001 (parent 00000000000074AF_0000000000000001)
[E 04:06:48 29873] Mimicry classification suppression detected; exiting.
[E 04:06:48 29873] Extractor exited successfully
[T 04:06:48 29871] Extractor /mnt/c/Tools/codeql/cpp/tools/linux64/extractor terminated with exit code 0.
[T 04:06:48 29874] Initializing tracer.
[T 04:06:48 29874] Initializing tags.
[T 04:06:48 29874] ID set to 00000000000074B2_0000000000000001 (parent 000000000000749C_0000000000000001)
[T 04:06:48 29874] ==== Candidate to intercept: /usr/libexec/gcc/x86_64-linux-gnu/13/cc1 (canonical: /usr/libexec/gcc/x86_64-linux-gnu/13/cc1) ====
[T 04:06:48 29874] Lua: === Intercepted call to /usr/libexec/gcc/x86_64-linux-gnu/13/cc1 ===
[T 04:06:48 29874] Executing the following tracer actions:
[T 04:06:48 29874] Tracer actions:
[T 04:06:48 29874] pre_invocations(0)
[T 04:06:48 29874] post_invocations(1)
[T 04:06:48 29874] invocation: /mnt/c/Tools/codeql/cpp/tools/linux64/extractor, args: [--mimic, /usr/libexec/gcc/x86_64-linux-gnu/13/cc1, @/home/test/my-awesome-project/CISB/server/envvarient/db-l18/working/tmp//semmle_9_29852_456590, -o, /home/test/my-awesome-project/CISB/server/envvarient/db-l18/working/tmp//semmle_11_29852_456806.o, /home/test/my-awesome-project/CISB/server/envvarient/db-l18/working/tmp//semmle_10_29852_456762.c]
[T 04:06:48 29874] trace_languages(1): [cpp]
[T 04:06:48 29876] Attempting to switch stdout/stderr to 7...
[T 04:06:48 29876] Initializing tracer.
[T 04:06:48 29876] Initializing tags.
[T 04:06:48 29876] ID set to 00000000000074B4_0000000000000001 (parent 00000000000074B2_0000000000000001)
[E 04:06:48 29876] Mimicry classification suppression detected; exiting.
[E 04:06:48 29876] Extractor exited successfully
[T 04:06:48 29874] Extractor /mnt/c/Tools/codeql/cpp/tools/linux64/extractor terminated with exit code 0.
[T 04:06:48 29877] Initializing tracer.
[T 04:06:48 29877] Initializing tags.
[T 04:06:48 29877] ID set to 00000000000074B5_0000000000000001 (parent 000000000000749C_0000000000000001)
[T 04:06:48 29877] ==== Candidate to intercept: /usr/libexec/gcc/x86_64-linux-gnu/13/cc1 (canonical: /usr/libexec/gcc/x86_64-linux-gnu/13/cc1) ====
[T 04:06:48 29877] Lua: === Intercepted call to /usr/libexec/gcc/x86_64-linux-gnu/13/cc1 ===
[T 04:06:48 29877] Executing the following tracer actions:
[T 04:06:48 29877] Tracer actions:
[T 04:06:48 29877] pre_invocations(0)
[T 04:06:48 29877] post_invocations(1)
[T 04:06:48 29877] invocation: /mnt/c/Tools/codeql/cpp/tools/linux64/extractor, args: [--mimic, /usr/libexec/gcc/x86_64-linux-gnu/13/cc1, @/home/test/my-awesome-project/CISB/server/envvarient/db-l18/working/tmp//semmle_9_29852_456590, -o, /home/test/my-awesome-project/CISB/server/envvarient/db-l18/working/tmp//semmle_13_29852_487110.o, /home/test/my-awesome-project/CISB/server/envvarient/db-l18/working/tmp//semmle_12_29852_487064.c]
[T 04:06:48 29877] trace_languages(1): [cpp]
[T 04:06:48 29879] Attempting to switch stdout/stderr to 7...
[T 04:06:48 29879] Initializing tracer.
[T 04:06:48 29879] Initializing tags.
[T 04:06:48 29879] ID set to 00000000000074B7_0000000000000001 (parent 00000000000074B5_0000000000000001)
[E 04:06:48 29879] Mimicry classification suppression detected; exiting.
[E 04:06:48 29879] Extractor exited successfully
[T 04:06:48 29877] Extractor /mnt/c/Tools/codeql/cpp/tools/linux64/extractor terminated with exit code 0.
[T 04:06:48 29880] Initializing tracer.
[T 04:06:48 29880] Initializing tags.
[T 04:06:48 29880] ID set to 00000000000074B8_0000000000000001 (parent 000000000000749C_0000000000000001)
[T 04:06:48 29880] ==== Candidate to intercept: /usr/libexec/gcc/x86_64-linux-gnu/13/cc1 (canonical: /usr/libexec/gcc/x86_64-linux-gnu/13/cc1) ====
[T 04:06:48 29880] Lua: === Intercepted call to /usr/libexec/gcc/x86_64-linux-gnu/13/cc1 ===
[T 04:06:48 29880] Executing the following tracer actions:
[T 04:06:48 29880] Tracer actions:
[T 04:06:48 29880] pre_invocations(0)
[T 04:06:48 29880] post_invocations(1)
[T 04:06:48 29880] invocation: /mnt/c/Tools/codeql/cpp/tools/linux64/extractor, args: [--mimic, /usr/libexec/gcc/x86_64-linux-gnu/13/cc1, @/home/test/my-awesome-project/CISB/server/envvarient/db-l18/working/tmp//semmle_9_29852_456590, -o, /home/test/my-awesome-project/CISB/server/envvarient/db-l18/working/tmp//semmle_15_29852_521532.o, /home/test/my-awesome-project/CISB/server/envvarient/db-l18/working/tmp//semmle_14_29852_521485.c]
[T 04:06:48 29880] trace_languages(1): [cpp]
[T 04:06:48 29910] Attempting to switch stdout/stderr to 7...
[T 04:06:48 29910] Initializing tracer.
[T 04:06:48 29910] Initializing tags.
[T 04:06:48 29910] ID set to 00000000000074D6_0000000000000001 (parent 00000000000074B8_0000000000000001)
[E 04:06:48 29910] Mimicry classification suppression detected; exiting.
[E 04:06:48 29910] Extractor exited successfully
[T 04:06:48 29880] Extractor /mnt/c/Tools/codeql/cpp/tools/linux64/extractor terminated with exit code 0.
[T 04:06:48 29912] Initializing tracer.
[T 04:06:48 29912] Initializing tags.
[T 04:06:48 29912] ID set to 00000000000074D8_0000000000000001 (parent 000000000000749C_0000000000000001)
[T 04:06:48 29912] ==== Candidate to intercept: /usr/libexec/gcc/x86_64-linux-gnu/13/cc1 (canonical: /usr/libexec/gcc/x86_64-linux-gnu/13/cc1) ====
[T 04:06:48 29912] Lua: === Intercepted call to /usr/libexec/gcc/x86_64-linux-gnu/13/cc1 ===
[T 04:06:48 29912] Executing the following tracer actions:
[T 04:06:48 29912] Tracer actions:
[T 04:06:48 29912] pre_invocations(0)
[T 04:06:48 29912] post_invocations(1)
[T 04:06:48 29912] invocation: /mnt/c/Tools/codeql/cpp/tools/linux64/extractor, args: [--mimic, /usr/libexec/gcc/x86_64-linux-gnu/13/cc1, @/home/test/my-awesome-project/CISB/server/envvarient/db-l18/working/tmp//semmle_9_29852_456590, -o, /home/test/my-awesome-project/CISB/server/envvarient/db-l18/working/tmp//semmle_17_29852_552704.o, /home/test/my-awesome-project/CISB/server/envvarient/db-l18/working/tmp//semmle_16_29852_552659.c]
[T 04:06:48 29912] trace_languages(1): [cpp]
[T 04:06:48 29941] Attempting to switch stdout/stderr to 7...
[T 04:06:48 29941] Initializing tracer.
[T 04:06:48 29941] Initializing tags.
[T 04:06:48 29941] ID set to 00000000000074F5_0000000000000001 (parent 00000000000074D8_0000000000000001)
[E 04:06:48 29941] Mimicry classification suppression detected; exiting.
[E 04:06:48 29941] Extractor exited successfully
[T 04:06:48 29912] Extractor /mnt/c/Tools/codeql/cpp/tools/linux64/extractor terminated with exit code 0.
[T 04:06:48 29953] Initializing tracer.
[T 04:06:48 29953] Initializing tags.
[T 04:06:48 29953] ID set to 0000000000007501_0000000000000001 (parent 000000000000749C_0000000000000001)
[T 04:06:48 29953] ==== Candidate to intercept: /usr/libexec/gcc/x86_64-linux-gnu/13/cc1 (canonical: /usr/libexec/gcc/x86_64-linux-gnu/13/cc1) ====
[T 04:06:48 29953] Lua: === Intercepted call to /usr/libexec/gcc/x86_64-linux-gnu/13/cc1 ===
[T 04:06:48 29953] Executing the following tracer actions:
[T 04:06:48 29953] Tracer actions:
[T 04:06:48 29953] pre_invocations(0)
[T 04:06:48 29953] post_invocations(1)
[T 04:06:48 29953] invocation: /mnt/c/Tools/codeql/cpp/tools/linux64/extractor, args: [--mimic, /usr/libexec/gcc/x86_64-linux-gnu/13/cc1, @/home/test/my-awesome-project/CISB/server/envvarient/db-l18/working/tmp//semmle_9_29852_456590, -o, /home/test/my-awesome-project/CISB/server/envvarient/db-l18/working/tmp//semmle_19_29852_585653.o, /home/test/my-awesome-project/CISB/server/envvarient/db-l18/working/tmp//semmle_18_29852_585609.c]
[T 04:06:48 29953] trace_languages(1): [cpp]
[T 04:06:48 29972] Attempting to switch stdout/stderr to 7...
[T 04:06:48 29972] Initializing tracer.
[T 04:06:48 29972] Initializing tags.
[T 04:06:48 29972] ID set to 0000000000007514_0000000000000001 (parent 0000000000007501_0000000000000001)
[E 04:06:48 29972] Mimicry classification suppression detected; exiting.
[E 04:06:48 29972] Extractor exited successfully
[T 04:06:48 29953] Extractor /mnt/c/Tools/codeql/cpp/tools/linux64/extractor terminated with exit code 0.
[T 04:06:48 29988] Initializing tracer.
[T 04:06:48 29988] Initializing tags.
[T 04:06:48 29988] ID set to 0000000000007524_0000000000000001 (parent 000000000000749C_0000000000000001)
[T 04:06:48 29988] ==== Candidate to intercept: /usr/libexec/gcc/x86_64-linux-gnu/13/cc1 (canonical: /usr/libexec/gcc/x86_64-linux-gnu/13/cc1) ====
[T 04:06:48 29988] Lua: === Intercepted call to /usr/libexec/gcc/x86_64-linux-gnu/13/cc1 ===
[T 04:06:48 29988] Executing the following tracer actions:
[T 04:06:48 29988] Tracer actions:
[T 04:06:48 29988] pre_invocations(0)
[T 04:06:48 29988] post_invocations(1)
[T 04:06:48 29988] invocation: /mnt/c/Tools/codeql/cpp/tools/linux64/extractor, args: [--mimic, /usr/libexec/gcc/x86_64-linux-gnu/13/cc1, @/home/test/my-awesome-project/CISB/server/envvarient/db-l18/working/tmp//semmle_9_29852_456590, -o, /home/test/my-awesome-project/CISB/server/envvarient/db-l18/working/tmp//semmle_21_29852_614612.o, /home/test/my-awesome-project/CISB/server/envvarient/db-l18/working/tmp//semmle_20_29852_614564.c]
[T 04:06:48 29988] trace_languages(1): [cpp]
[T 04:06:48 30003] Attempting to switch stdout/stderr to 7...
[T 04:06:48 30003] Initializing tracer.
[T 04:06:48 30003] Initializing tags.
[T 04:06:48 30003] ID set to 0000000000007533_0000000000000001 (parent 0000000000007524_0000000000000001)
[E 04:06:48 30003] Mimicry classification suppression detected; exiting.
[E 04:06:48 30003] Extractor exited successfully
[T 04:06:48 29988] Extractor /mnt/c/Tools/codeql/cpp/tools/linux64/extractor terminated with exit code 0.
[E 04:06:48 29852] Processed command line: /mnt/c/Tools/codeql/cpp/tools/linux64/extractor --trapfolder /home/test/my-awesome-project/CISB/server/envvarient/db-l18/trap/cpp --src_archive /home/test/my-awesome-project/CISB/server/envvarient/db-l18/src --object_filename /tmp/ccCBzmAz.s --no_warnings_and_discretionary_errors --error_limit 1000 --disable_system_macros --variadic_macros --incognito --gcc --gnu_version 130300 --target linux_x86_64 '-D__DBL_MIN_EXP__=(-1021)' -D__UINT_LEAST16_MAX__=0xffff -D__FLT16_HAS_QUIET_NAN__=1 -D__ATOMIC_ACQUIRE=2 -D__FLT128_MAX_10_EXP__=4932 -D__FLT_MIN__=1.17549435082228750796873653722224568e-38F -D__GCC_IEC_559_COMPLEX=2 '-D__UINT_LEAST8_TYPE__=unsigned char' -D__SIZEOF_FLOAT80__=16 -D__BFLT16_DENORM_MIN__=9.18354961579912115600575419704879436e-41BF16 '-D__INTMAX_C(c)=c ## L' -D__CHAR_BIT__=8 -D__UINT8_MAX__=0xff -D__SCHAR_WIDTH__=8 -D__WINT_MAX__=0xffffffffU '-D__FLT32_MIN_EXP__=(-125)' -D__BFLT16_NORM_MAX__=3.38953138925153547590470800371487867e+38BF16 '-D__BFLT16_MIN_10_EXP__=(-37)' -D__ORDER_LITTLE_ENDIAN__=1234 -D__WCHAR_MAX__=0x7fffffff -D__GCC_HAVE_SYNC_COMPARE_AND_SWAP_2=1 -D__GCC_HAVE_SYNC_COMPARE_AND_SWAP_4=1 -D__GCC_HAVE_SYNC_COMPARE_AND_SWAP_8=1 -D__GCC_ATOMIC_CHAR_LOCK_FREE=2 -D__GCC_IEC_559=2 -D__FLT32X_DECIMAL_DIG__=17 -D__FLT_EVAL_METHOD__=0 -D__FLT64_DECIMAL_DIG__=17 -D__CET__=3 -D__GCC_ATOMIC_CHAR32_T_LOCK_FREE=2 -D__UINT_FAST64_MAX__=0xffffffffffffffffUL -D__SIG_ATOMIC_TYPE__=int '-D__DBL_MIN_10_EXP__=(-307)' -D__FINITE_MATH_ONLY__=0 -D__FLT32X_MAX_EXP__=1024 -D__GCC_HAVE_SYNC_COMPARE_AND_SWAP_1=1 -D__FLT32_HAS_DENORM__=1 -D__UINT_FAST8_MAX__=0xff -D__FLT32_MAX_10_EXP__=38 -D__DEC64_MAX_EXP__=385 '-D__INT8_C(c)=c' -D__INT_LEAST8_WIDTH__=8 -D__UINT_LEAST64_MAX__=0xffffffffffffffffUL -D__SHRT_MAX__=0x7fff -D__LDBL_MAX__=1.18973149535723176502126385303097021e+4932L -D__FLT64X_MAX_10_EXP__=4932 -D__BFLT16_MAX_10_EXP__=38 -D__BFLT16_MAX_EXP__=128 -D__LDBL_IS_IEC_60559__=1 -D__FLT64X_HAS_QUIET_NAN__=1 -D__UINT_LEAST8_MAX__=0xff -D__GCC_ATOMIC_BOOL_LOCK_FREE=2 -D__FLT128_DENORM_MIN__=6.47517511943802511092443895822764655e-4966F128 '-D__UINTMAX_TYPE__=long unsigned int' -D__BFLT16_DECIMAL_DIG__=4 -D__linux=1 -D__DEC32_EPSILON__=1E-6DF -D__FLT_EVAL_METHOD_TS_18661_3__=0 -D__UINT32_MAX__=0xffffffffU '-D__DBL_DENORM_MIN__=((double)4.94065645841246544176568792868221372e-324L)' '-D__FLT128_MIN_EXP__=(-16381)' -D__WINT_MIN__=0U '-D__FLT128_MIN_10_EXP__=(-4931)' -D__FLT32X_IS_IEC_60559__=1 -D__INT_LEAST16_WIDTH__=16 -D__SCHAR_MAX__=0x7f -D__FLT128_MANT_DIG__=113 '-D__WCHAR_MIN__=(-__WCHAR_MAX__ - 1)' '-D__INT64_C(c)=c ## L' -D__SSP_STRONG__=3 -D__GCC_ATOMIC_POINTER_LOCK_FREE=2 -D__ATOMIC_SEQ_CST=5 -D__unix=1 -D__INT_LEAST64_MAX__=0x7fffffffffffffffL -D__FLT32X_MANT_DIG__=53 -D__FLT64X_EPSILON__=1.08420217248550443400745280086994171e-19F64x '-D__DEC64_MIN_EXP__=(-382)' -D__DBL_DIG__=15 -D__FLT_EPSILON__=1.19209289550781250000000000000000000e-7F -D__SHRT_WIDTH__=16 -D__FLT32_IS_IEC_60559__=1 -D__LDBL_MIN__=3.36210314311209350626267781732175260e-4932L -D__STDC_UTF_16__=1 -D__DBL_IS_IEC_60559__=1 -D__DEC32_MAX__=9.999999E96DF -D__FLT64X_DENORM_MIN__=3.64519953188247460252840593361941982e-4951F64x -D__FLT32X_HAS_INFINITY__=1 -D__unix__=1 -D__INT_WIDTH__=32 -D__STDC_IEC_559__=1 -D__STDC_ISO_10646__=201706L -D__DECIMAL_DIG__=21 -D__STDC_IEC_559_COMPLEX__=1 -D__FLT64_EPSILON__=2.22044604925031308084726333618164062e-16F64 -D__gnu_linux__=1 -D__FLT128_IS_IEC_60559__=1 '-D__FLT64X_MIN_10_EXP__=(-4931)' -D__LDBL_HAS_QUIET_NAN__=1 '-D__FLT16_MIN_EXP__=(-13)' -D__FLT64_MANT_DIG__=53 -D__FLT64X_MANT_DIG__=64 -D__BFLT16_DIG__=2 -D__pie__=2 -D__MMX__=1 -D__FLT_HAS_DENORM__=1 -D__SIZEOF_LONG_DOUBLE__=16 -D__BIGGEST_ALIGNMENT__=16 -D__FLT64_MAX_10_EXP__=308 -D__BFLT16_IS_IEC_60559__=0 -D__FLT16_MAX_10_EXP__=4 '-D__DBL_MAX__=((double)1.79769313486231570814527423731704357e+308L)' -D__INT_FAST32_MAX__=0x7fffffffffffffffL -D__DBL_HAS_INFINITY__=1 -D__INT64_MAX__=0x7fffffffffffffffL -D__SIZEOF_FLOAT__=4 -D__HAVE_SPECULATION_SAFE_VALUE=1 '-D__DEC32_MIN_EXP__=(-94)' -D__INTPTR_WIDTH__=64 -D__UINT_LEAST32_MAX__=0xffffffffU -D__FLT32X_HAS_DENORM__=1 '-D__INT_FAST16_TYPE__=long int' -D__MMX_WITH_SSE__=1 -D__LDBL_HAS_DENORM__=1 -D__SEG_GS=1 -D__BFLT16_EPSILON__=7.81250000000000000000000000000000000e-3BF16 -D__FLT128_HAS_INFINITY__=1 -D__DEC32_MIN__=1E-95DF -D__DBL_MAX_EXP__=1024 -D__WCHAR_WIDTH__=32 -D__FLT32_MAX__=3.40282346638528859811704183484516925e+38F32 -D__DEC128_EPSILON__=1E-33DL -D__FLT16_DECIMAL_DIG__=5 -D__SSE2_MATH__=1 -D__ATOMIC_HLE_RELEASE=131072 -D__PTRDIFF_MAX__=0x7fffffffffffffffL -D__amd64=1 -D__ATOMIC_HLE_ACQUIRE=65536 -D__LONG_LONG_MAX__=0x7fffffffffffffffLL -D__SIZEOF_SIZE_T__=8 -D__BFLT16_HAS_INFINITY__=1 '-D__FLT64X_MIN_EXP__=(-16381)' -D__SIZEOF_WINT_T__=4 -D__LONG_LONG_WIDTH__=64 -D__FLT32_MAX_EXP__=128 -D__GXX_ABI_VERSION=1018 '-D__FLT_MIN_EXP__=(-125)' -D__GCC_HAVE_DWARF2_CFI_ASM=1 -D__INT16_MAX__=0x7fff -D__x86_64=1 '-D__INT_FAST64_TYPE__=long int' -D__BFLT16_MAX__=3.38953138925153547590470800371487867e+38BF16 -D__BFLT16_HAS_DENORM__=1 -D__FLT64_DENORM_MIN__=4.94065645841246544176568792868221372e-324F64 -D__FLT16_DENORM_MIN__=5.96046447753906250000000000000000000e-8F16 -D__FLT128_EPSILON__=1.92592994438723585305597794258492732e-34F128 -D__FLT64X_NORM_MAX__=1.18973149535723176502126385303097021e+4932F64x -D__SIZEOF_POINTER__=8 '-D__SIZE_TYPE__=long unsigned int' -D__LP64__=1 -D__DBL_HAS_QUIET_NAN__=1 -D__FLT32X_EPSILON__=2.22044604925031308084726333618164062e-16F32x -D__LDBL_MAX_EXP__=16384 -D__DECIMAL_BID_FORMAT__=1 '-D__FLT64_MIN_EXP__=(-1021)' '-D__FLT64_MIN_10_EXP__=(-307)' '-D__FLT16_MIN_10_EXP__=(-4)' -D__FLT64X_DECIMAL_DIG__=21 -D__DEC128_MIN__=1E-6143DL -D__REGISTER_PREFIX__= -D__UINT16_MAX__=0xffff -D__DBL_HAS_DENORM__=1 -D__FLT32_MIN__=1.17549435082228750796873653722224568e-38F32 '-D__UINT8_TYPE__=unsigned char' -D__FLT_DIG__=6 -D__NO_INLINE__=1 -D__DEC_EVAL_METHOD__=2 -D__FLT_MANT_DIG__=24 -D__LDBL_DECIMAL_DIG__=21 '-D__UINT64_C(c)=c ## UL' -D_STDC_PREDEF_H=1 -D__INT_LEAST32_MAX__=0x7fffffff -D__GCC_ATOMIC_INT_LOCK_FREE=2 -D__FLT128_MAX_EXP__=16384 -D__FLT32_MANT_DIG__=24 -D__FLOAT_WORD_ORDER__=__ORDER_LITTLE_ENDIAN__ '-D__FLT32X_MIN_EXP__=(-1021)' -D__STDC_IEC_60559_COMPLEX__=201404L -D__BFLT16_MIN__=1.17549435082228750796873653722224568e-38BF16 -D__FLT128_HAS_DENORM__=1 -D__FLT32_DECIMAL_DIG__=9 -D__FLT128_DIG__=33 '-D__INT32_C(c)=c' -D__DEC64_EPSILON__=1E-15DD -D__ORDER_PDP_ENDIAN__=3412 '-D__DEC128_MIN_EXP__=(-6142)' -D__DEC128_MAX__=9.999999999999999999999999999999999E6144DL '-D__INT_FAST32_TYPE__=long int' '-D__UINT_LEAST16_TYPE__=short unsigned int' -D__DEC128_MAX_EXP__=6145 -Dunix=1 -D__UINT64_MAX__=0xffffffffffffffffUL -D__FLT_IS_IEC_60559__=1 '-D__GNUC_WIDE_EXECUTION_CHARSET_NAME="UTF-32LE"' -D__FLT64X_DIG__=18 '-D__INT8_TYPE__=signed char' -D__ELF__=1 -D__GCC_ASM_FLAG_OUTPUTS__=1 '-D__UINT32_TYPE__=unsigned int' -D__BFLT16_HAS_QUIET_NAN__=1 -D__FLT_RADIX__=2 '-D__INT_LEAST16_TYPE__=short int' -D__LDBL_EPSILON__=1.08420217248550443400745280086994171e-19L '-D__UINTMAX_C(c)=c ## UL' -D__FLT16_DIG__=3 -D__SSE_MATH__=1 -D__k8=1 -D__FLT32X_MIN__=2.22507385850720138309023271733240406e-308F32x -D__SIG_ATOMIC_MAX__=0x7fffffff -D__GCC_ATOMIC_WCHAR_T_LOCK_FREE=2 -D__USER_LABEL_PREFIX__= -D__STDC_IEC_60559_BFP__=201404L -D__SIZEOF_PTRDIFF_T__=8 -D__FLT64X_HAS_INFINITY__=1 -D__FLT32_HAS_INFINITY__=1 -D__SIZEOF_LONG__=8 -D__LDBL_DIG__=18 -D__FLT64_IS_IEC_60559__=1 -D__x86_64__=1 -D__FLT16_IS_IEC_60559__=1 -D__FLT16_MAX_EXP__=16 -D__DEC32_SUBNORMAL_MIN__=0.000001E-95DF -D__INT_FAST16_MAX__=0x7fffffffffffffffL -D__GCC_CONSTRUCTIVE_SIZE=64 -D__FLT64_DIG__=15 -D__UINT_FAST32_MAX__=0xffffffffffffffffUL '-D__UINT_LEAST64_TYPE__=long unsigned int' -D__FLT16_EPSILON__=9.76562500000000000000000000000000000e-4F16 -D__FLT_HAS_QUIET_NAN__=1 -D__FLT_MAX_10_EXP__=38 -D__LONG_MAX__=0x7fffffffffffffffL -D__FLT64X_HAS_DENORM__=1 -D__DEC128_SUBNORMAL_MIN__=0.000000000000000000000000000000001E-6143DL -D__FLT_HAS_INFINITY__=1 '-D__GNUC_EXECUTION_CHARSET_NAME="UTF-8"' '-D__UINT_FAST16_TYPE__=long unsigned int' -D__DEC64_MAX__=9.999999999999999E384DD -D__INT_FAST32_WIDTH__=64 -D__PRAGMA_REDEFINE_EXTNAME=1 -D__SIZE_WIDTH__=64 -D__SEG_FS=1 -D__INT_LEAST16_MAX__=0x7fff -D__FLT16_NORM_MAX__=6.55040000000000000000000000000000000e+4F16 -D__DEC64_MANT_DIG__=16 -D__FLT32_DENORM_MIN__=1.40129846432481707092372958328991613e-45F32 -D__SIG_ATOMIC_WIDTH__=32 '-D__INT_LEAST64_TYPE__=long int' '-D__INT16_TYPE__=short int' '-D__INT_LEAST8_TYPE__=signed char' -D__FLT16_MAX__=6.55040000000000000000000000000000000e+4F16 -D__FLT128_MIN__=3.36210314311209350626267781732175260e-4932F128 -D__SIZEOF_INT__=4 -D__DEC32_MAX_EXP__=97 -D__INT_FAST8_MAX__=0x7f -D__FLT128_MAX__=1.18973149535723176508575932662800702e+4932F128 -D__INTPTR_MAX__=0x7fffffffffffffffL -Dlinux=1 -D__FLT64_HAS_QUIET_NAN__=1 '-D__FLT32_MIN_10_EXP__=(-37)' -D__FLT32X_DIG__=15 '-D__UINT16_C(c)=c' -D__PTRDIFF_WIDTH__=64 -D__LDBL_MANT_DIG__=64 -D__INT_FAST16_WIDTH__=64 -D__FLT64_HAS_INFINITY__=1 -D__FLT64X_MAX__=1.18973149535723176502126385303097021e+4932F64x -D__FLT16_HAS_INFINITY__=1 '-D__SIG_ATOMIC_MIN__=(-__SIG_ATOMIC_MAX__ - 1)' -D__code_model_small__=1 -D__GCC_ATOMIC_LONG_LOCK_FREE=2 -D__DEC32_MANT_DIG__=7 -D__FLT16_MANT_DIG__=11 -D__k8__=1 '-D__INTPTR_TYPE__=long int' '-D__UINT16_TYPE__=short unsigned int' -D__WCHAR_TYPE__=int -D__pic__=2 -D__UINTPTR_MAX__=0xffffffffffffffffUL -D__INT_FAST64_WIDTH__=64 -D__LDBL_HAS_INFINITY__=1 -D__INT_FAST64_MAX__=0x7fffffffffffffffL -D__GCC_ATOMIC_TEST_AND_SET_TRUEVAL=1 -D__FLT_NORM_MAX__=3.40282346638528859811704183484516925e+38F -D__FLT64X_MAX_EXP__=16384 '-D__UINT_FAST64_TYPE__=long unsigned int' '-D__BFLT16_MIN_EXP__=(-125)' -D__INT_MAX__=0x7fffffff -D__linux__=1 '-D__INT64_TYPE__=long int' -D__FLT_MAX_EXP__=128 -D__ORDER_BIG_ENDIAN__=4321 -D__DBL_MANT_DIG__=53 -D__SIZEOF_FLOAT128__=16 -D__BFLT16_MANT_DIG__=8 -D__GCC_ATOMIC_CHAR16_T_LOCK_FREE=2 -D__DEC64_MIN__=1E-383DD '-D__WINT_TYPE__=unsigned int' '-D__UINT_LEAST32_TYPE__=unsigned int' -D__SIZEOF_SHORT__=2 -D__FLT32_NORM_MAX__=3.40282346638528859811704183484516925e+38F32 -D__SSE__=1 '-D__LDBL_MIN_EXP__=(-16381)' -D__FLT64_MAX__=1.79769313486231570814527423731704357e+308F64 -D__amd64__=1 -D__WINT_WIDTH__=32 -D__INT_LEAST8_MAX__=0x7f -D__INT_LEAST64_WIDTH__=64 -D__FLT32X_MAX_10_EXP__=308 -D__SIZEOF_INT128__=16 -D__FLT16_MIN__=6.10351562500000000000000000000000000e-5F16 -D__FLT64X_IS_IEC_60559__=1 -D__LDBL_MAX_10_EXP__=4932 -D__ATOMIC_RELAXED=0 '-D__DBL_EPSILON__=((double)2.22044604925031308084726333618164062e-16L)' -D__INT_LEAST32_TYPE__=int -D_LP64=1 '-D__UINT8_C(c)=c' -D__FLT64_MAX_EXP__=1024 -D__SIZEOF_WCHAR_T__=4 '-D__UINT64_TYPE__=long unsigned int' -D__FLT128_NORM_MAX__=1.18973149535723176508575932662800702e+4932F128 -D__FLT64_NORM_MAX__=1.79769313486231570814527423731704357e+308F64 -D__FLT128_HAS_QUIET_NAN__=1 -D__INTMAX_MAX__=0x7fffffffffffffffL '-D__INT_FAST8_TYPE__=signed char' -D__FLT64X_MIN__=3.36210314311209350626267781732175260e-4932F64x -D__FLT64_HAS_DENORM__=1 -D__FLT32_EPSILON__=1.19209289550781250000000000000000000e-7F32 -D__FLT16_HAS_DENORM__=1 -D__DBL_DECIMAL_DIG__=17 -D__STDC_UTF_32__=1 -D__INT_FAST8_WIDTH__=8 -D__FXSR__=1 -D__FLT32X_MAX__=1.79769313486231570814527423731704357e+308F32x '-D__DBL_NORM_MAX__=((double)1.79769313486231570814527423731704357e+308L)' -D__BYTE_ORDER__=__ORDER_LITTLE_ENDIAN__ -D__GCC_DESTRUCTIVE_SIZE=64 -D__INTMAX_WIDTH__=64 -D__FLT32_DIG__=6 '-D__UINT32_C(c)=c ## U' -D__FLT_DENORM_MIN__=1.40129846432481707092372958328991613e-45F -D__INT8_MAX__=0x7f -D__LONG_WIDTH__=64 '-D__DBL_MIN__=((double)2.22507385850720138309023271733240406e-308L)' -D__PIC__=2 -D__INT32_MAX__=0x7fffffff '-D__UINT_FAST32_TYPE__=long unsigned int' -D__FLT32X_NORM_MAX__=1.79769313486231570814527423731704357e+308F32x -D__FLT_MAX__=3.40282346638528859811704183484516925e+38F -D__SSE2__=1 -D__INT32_TYPE__=int -D__SIZEOF_DOUBLE__=8 '-D__FLT_MIN_10_EXP__=(-37)' -D__FLT64_MIN__=2.22507385850720138309023271733240406e-308F64 -D__INT_LEAST32_WIDTH__=32 '-D__INTMAX_TYPE__=long int' -D__FLT32X_HAS_QUIET_NAN__=1 -D__ATOMIC_CONSUME=1 -D__UINTMAX_MAX__=0xffffffffffffffffUL -D__PIE__=2 -D__FLT32X_DENORM_MIN__=4.94065645841246544176568792868221372e-324F32x -D__DBL_MAX_10_EXP__=308 -D__LDBL_DENORM_MIN__=3.64519953188247460252840593361941982e-4951L '-D__INT16_C(c)=c' '-D__PTRDIFF_TYPE__=long int' '-D__FLT32X_MIN_10_EXP__=(-307)' '-D__UINTPTR_TYPE__=long unsigned int' -D__DEC64_SUBNORMAL_MIN__=0.000000000000001E-383DD -D__DEC128_MANT_DIG__=34 '-D__LDBL_MIN_10_EXP__=(-4931)' -D__SIZEOF_LONG_LONG__=8 -D__FLT128_DECIMAL_DIG__=36 -D__GCC_ATOMIC_LLONG_LOCK_FREE=2 -D__FLT32_HAS_QUIET_NAN__=1 -D__FLT_DECIMAL_DIG__=9 -D__UINT_FAST16_MAX__=0xffffffffffffffffUL -D__LDBL_NORM_MAX__=1.18973149535723176502126385303097021e+4932L -D__GCC_ATOMIC_SHORT_LOCK_FREE=2 -D__SIZE_MAX__=0xffffffffffffffffUL '-D__UINT_FAST8_TYPE__=unsigned char' -D__ATOMIC_ACQ_REL=4 -D__ATOMIC_RELEASE=3 -I/usr/lib/gcc/x86_64-linux-gnu/13/include -I/usr/local/include -I/usr/include/x86_64-linux-gnu -I/usr/include -- test1.c
[E 04:06:48 29852] CODEQL_EXTRACTOR_CPP_TRAP_CACHING is not set
[E 04:06:48 29852] CODEQL_EXTRACTOR_CPP_OPTION_TRAP_CACHE_WRITE is not set
[E 04:06:48 29852] CODEQL_EXTRACTOR_CPP_OPTION_TRAP_CACHE_DIR is not set
[E 04:06:48 29852] Initialising TRAP cache at path: 7c/94ed/ed6a6722a857d655f96e66d23166
[E 04:06:48 29852] Not using TRAP cache
[E 04:06:48 29852] TRAP cache miss
[E 04:06:48 29852] Starting compilation TRAP /home/test/my-awesome-project/CISB/server/envvarient/db-l18/trap/cpp/compilations/26/6661371_0.trap.zst
[E 04:06:48 29852] Archiving /home/test/my-awesome-project/CISB/server/envvarient/db-l18/src/home/test/my-awesome-project/CISB/server/envvarient/test1.c
[E 04:06:48 29852] Creating trap tarball /home/test/my-awesome-project/CISB/server/envvarient/db-l18/trap/cpp/tarballs/home/test/my-awesome-project/CISB/server/envvarient/test1.c.539b6edd_0.trap.tar.zst
[E 04:06:48 29852] Emitting trap files for test1.c
[E 04:06:48 29852] Opening existencedb in /home/test/my-awesome-project/CISB/server/envvarient/db-l18/working/existencedb/db
[E 04:06:48 29852] Wrote 2 files to /home/test/my-awesome-project/CISB/server/envvarient/db-l18/trap/cpp/tarballs/home/test/my-awesome-project/CISB/server/envvarient/test1.c.539b6edd_0.trap.tar.zst
[E 04:06:48 29852] Finished compilation TRAP /home/test/my-awesome-project/CISB/server/envvarient/db-l18/trap/cpp/compilations/26/6661371_0.trap.zst
[E 04:06:48 29852] Marking C compilation as happened.
[E 04:06:48 29852] Setting tag c-compilation-happened
[E 04:06:48 29852] Starting from CODEQL_TRACER_DB_ID 000000000000749A_0000000000000001
[E 04:06:48 29852] Locking DB /home/test/my-awesome-project/CISB/server/envvarient/db-l18/working/tags.db
[E 04:06:48 29852] Locked DB /home/test/my-awesome-project/CISB/server/envvarient/db-l18/working/tags.db
[E 04:06:48 29852] Set tag for 000000000000749A_0000000000000001
[E 04:06:48 29852] Set tag for 0000000000007498_0000000000000001
[E 04:06:48 29852] Set tag for 0000000000007495_0000000000000003
[E 04:06:48 29852] Set tag for 0000000000007495_0000000000000002
[E 04:06:48 29852] Set tag for root
[E 04:06:48 29852] Unlocking DB
[E 04:06:48 29852] Unlocked DB
[E 04:06:48 29852] Extractor exited successfully
[T 04:06:48 29850] Extractor /mnt/c/Tools/codeql/cpp/tools/linux64/extractor terminated with exit code 0.
[T 04:06:48 30092] Initializing tracer.
[T 04:06:48 30092] Initializing tags.
[T 04:06:48 30092] ID set to 000000000000758C_0000000000000001 (parent 0000000000007498_0000000000000001)
[T 04:06:48 30092] ==== Candidate to intercept: as (canonical: /usr/bin/as) ====
[T 04:06:48 30092] Lua: === Intercepted call to /usr/bin/as ===
[T 04:06:48 30092] Executing the following tracer actions:
[T 04:06:48 30092] Tracer actions:
[T 04:06:48 30092] pre_invocations(0)
[T 04:06:48 30092] post_invocations(1)
[T 04:06:48 30092] invocation: /mnt/c/Tools/codeql/cpp/tools/linux64/extractor, args: [--assembler, --codeql-assembler-executable, /usr/bin/as, --64, -o, test1.o, /tmp/ccCBzmAz.s]
[T 04:06:48 30092] trace_languages(1): [cpp]
[T 04:06:48 30108] Attempting to switch stdout/stderr to 4...
[T 04:06:48 30108] Initializing tracer.
[T 04:06:48 30108] Initializing tags.
[T 04:06:48 30108] ID set to 000000000000759C_0000000000000001 (parent 000000000000758C_0000000000000001)
[E 04:06:48 30108] CodeQL C/C++ Extractor 2.25.1
[E 04:06:48 30108] Current directory: /home/test/my-awesome-project/CISB/server/envvarient
[E 04:06:48 30108] Command: /mnt/c/Tools/codeql/cpp/tools/linux64/extractor --assembler --codeql-assembler-executable /usr/bin/as --64 -o test1.o /tmp/ccCBzmAz.s
[E 04:06:48 30108] Extractor exited after mimicking assembler
[T 04:06:48 30092] Extractor /mnt/c/Tools/codeql/cpp/tools/linux64/extractor terminated with exit code 0.
[T 04:06:48 30127] Attempting to switch stdout/stderr to 4...
[T 04:06:48 30127] Initializing tracer.
[T 04:06:48 30127] Initializing tags.
[T 04:06:48 30127] ID set to 00000000000075AF_0000000000000001 (parent 0000000000007498_0000000000000001)
[E 04:06:48 30127] CodeQL C/C++ Extractor 2.25.1
[E 04:06:48 30127] Current directory: /home/test/my-awesome-project/CISB/server/envvarient
[E 04:06:48 30127] Command: /mnt/c/Tools/codeql/cpp/tools/linux64/extractor --mimic /usr/bin/x86_64-linux-gnu-gcc-13 -c -o test1.o test1.c
[T 04:06:48 30183] Initializing tracer.
[T 04:06:48 30183] Initializing tags.
[T 04:06:48 30183] ID set to 00000000000075E7_0000000000000001 (parent 00000000000075AF_0000000000000001)
[T 04:06:48 30183] ==== Candidate to intercept: /usr/bin/x86_64-linux-gnu-gcc-13 (canonical: /usr/bin/x86_64-linux-gnu-gcc-13) ====
[T 04:06:48 30183] Lua: === Intercepted call to /usr/bin/x86_64-linux-gnu-gcc-13 ===
[T 04:06:48 30183] Executing the following tracer actions:
[T 04:06:48 30183] Tracer actions:
[T 04:06:48 30183] pre_invocations(0)
[T 04:06:48 30183] post_invocations(1)
[T 04:06:48 30183] invocation: /mnt/c/Tools/codeql/cpp/tools/linux64/extractor, args: [--mimic, /usr/bin/x86_64-linux-gnu-gcc-13, --version]
[T 04:06:48 30183] trace_languages(1): [cpp]
[T 04:06:48 30198] Attempting to switch stdout/stderr to 7...
[T 04:06:48 30198] Initializing tracer.
[T 04:06:48 30198] Initializing tags.
[T 04:06:48 30198] ID set to 00000000000075F6_0000000000000001 (parent 00000000000075E7_0000000000000001)
[E 04:06:48 30198] Mimicry classification suppression detected; exiting.
[E 04:06:48 30198] Extractor exited successfully
[T 04:06:48 30183] Extractor /mnt/c/Tools/codeql/cpp/tools/linux64/extractor terminated with exit code 0.
[T 04:06:48 30213] Initializing tracer.
[T 04:06:48 30213] Initializing tags.
[T 04:06:48 30213] ID set to 0000000000007605_0000000000000001 (parent 00000000000075AF_0000000000000001)
[T 04:06:48 30213] ==== Candidate to intercept: /usr/bin/x86_64-linux-gnu-gcc-13 (canonical: /usr/bin/x86_64-linux-gnu-gcc-13) ====
[T 04:06:48 30213] Lua: === Intercepted call to /usr/bin/x86_64-linux-gnu-gcc-13 ===
[T 04:06:48 30213] Executing the following tracer actions:
[T 04:06:48 30213] Tracer actions:
[T 04:06:48 30213] pre_invocations(0)
[T 04:06:48 30213] post_invocations(1)
[T 04:06:48 30213] invocation: /mnt/c/Tools/codeql/cpp/tools/linux64/extractor, args: [--mimic, /usr/bin/x86_64-linux-gnu-gcc-13, --help]
[T 04:06:48 30213] trace_languages(1): [cpp]
[T 04:06:48 30216] Attempting to switch stdout/stderr to 7...
[T 04:06:48 30216] Initializing tracer.
[T 04:06:48 30216] Initializing tags.
[T 04:06:48 30216] ID set to 0000000000007608_0000000000000001 (parent 0000000000007605_0000000000000001)
[E 04:06:48 30216] Mimicry classification suppression detected; exiting.
[E 04:06:48 30216] Extractor exited successfully
[T 04:06:48 30213] Extractor /mnt/c/Tools/codeql/cpp/tools/linux64/extractor terminated with exit code 0.
[T 04:06:48 30230] Initializing tracer.
[T 04:06:48 30230] Initializing tags.
[T 04:06:48 30230] ID set to 0000000000007616_0000000000000001 (parent 00000000000075AF_0000000000000001)
[T 04:06:48 30230] ==== Candidate to intercept: /usr/bin/x86_64-linux-gnu-gcc-13 (canonical: /usr/bin/x86_64-linux-gnu-gcc-13) ====
[T 04:06:48 30230] Lua: === Intercepted call to /usr/bin/x86_64-linux-gnu-gcc-13 ===
[T 04:06:48 30230] Executing the following tracer actions:
[T 04:06:48 30230] Tracer actions:
[T 04:06:48 30230] pre_invocations(0)
[T 04:06:48 30230] post_invocations(1)
[T 04:06:48 30230] invocation: /mnt/c/Tools/codeql/cpp/tools/linux64/extractor, args: [--mimic, /usr/bin/x86_64-linux-gnu-gcc-13, -nostdinc, -o, /home/test/my-awesome-project/CISB/server/envvarient/db-l18/working/tmp//semmle_2_30127_902020.o, -c, /home/test/my-awesome-project/CISB/server/envvarient/db-l18/working/tmp//semmle_1_30127_901950.c]
[T 04:06:48 30230] trace_languages(1): [cpp]
[T 04:06:48 30232] Initializing tracer.
[T 04:06:48 30232] Initializing tags.
[T 04:06:48 30232] ID set to 0000000000007618_0000000000000001 (parent 0000000000007616_0000000000000001)
[T 04:06:48 30232] ==== Candidate to intercept: /usr/libexec/gcc/x86_64-linux-gnu/13/cc1 (canonical: /usr/libexec/gcc/x86_64-linux-gnu/13/cc1) ====
[T 04:06:48 30232] Lua: === Intercepted call to /usr/libexec/gcc/x86_64-linux-gnu/13/cc1 ===
[T 04:06:48 30232] Executing the following tracer actions:
[T 04:06:48 30232] Tracer actions:
[T 04:06:48 30232] pre_invocations(0)
[T 04:06:48 30232] post_invocations(1)
[T 04:06:48 30232] invocation: /mnt/c/Tools/codeql/cpp/tools/linux64/extractor, args: [--mimic, /usr/libexec/gcc/x86_64-linux-gnu/13/cc1, -quiet, -nostdinc, -imultiarch, x86_64-linux-gnu, /home/test/my-awesome-project/CISB/server/envvarient/db-l18/working/tmp//semmle_1_30127_901950.c, -quiet, -dumpdir, /home/test/my-awesome-project/CISB/server/envvarient/db-l18/working/tmp//, -dumpbase, semmle_2_30127_902020.c, -dumpbase-ext, .c, -mtune=generic, -march=x86-64, -fasynchronous-unwind-tables, -fstack-protector-strong, -Wformat, -Wformat-security, -fstack-clash-protection, -fcf-protection, -o, /tmp/cc4FoS1b.s]
[T 04:06:48 30232] trace_languages(1): [cpp]
[T 04:06:48 30248] Attempting to switch stdout/stderr to 7...
[T 04:06:48 30248] Initializing tracer.
[T 04:06:48 30248] Initializing tags.
[T 04:06:48 30248] ID set to 0000000000007628_0000000000000001 (parent 0000000000007618_0000000000000001)
[E 04:06:48 30248] Mimicry classification suppression detected; exiting.
[E 04:06:48 30248] Extractor exited successfully
[T 04:06:48 30232] Extractor /mnt/c/Tools/codeql/cpp/tools/linux64/extractor terminated with exit code 0.
[T 04:06:48 30263] Initializing tracer.
[T 04:06:48 30263] Initializing tags.
[T 04:06:48 30263] ID set to 0000000000007637_0000000000000001 (parent 0000000000007616_0000000000000001)
[T 04:06:48 30263] ==== Candidate to intercept: as (canonical: /usr/bin/as) ====
[T 04:06:48 30263] Lua: === Intercepted call to /usr/bin/as ===
[T 04:06:48 30263] Executing the following tracer actions:
[T 04:06:48 30263] Tracer actions:
[T 04:06:48 30263] pre_invocations(0)
[T 04:06:48 30263] post_invocations(1)
[T 04:06:48 30263] invocation: /mnt/c/Tools/codeql/cpp/tools/linux64/extractor, args: [--assembler, --codeql-assembler-executable, /usr/bin/as, --64, -o, /home/test/my-awesome-project/CISB/server/envvarient/db-l18/working/tmp//semmle_2_30127_902020.o, /tmp/cc4FoS1b.s]
[T 04:06:48 30263] trace_languages(1): [cpp]
[T 04:06:48 30266] Attempting to switch stdout/stderr to 7...
[T 04:06:48 30266] Initializing tracer.
[T 04:06:48 30266] Initializing tags.
[T 04:06:48 30266] ID set to 000000000000763A_0000000000000001 (parent 0000000000007637_0000000000000001)
[E 04:06:48 30266] Mimicry classification suppression detected; exiting.
[E 04:06:48 30266] Extractor exited successfully
[T 04:06:48 30263] Extractor /mnt/c/Tools/codeql/cpp/tools/linux64/extractor terminated with exit code 0.
[T 04:06:48 30281] Attempting to switch stdout/stderr to 7...
[T 04:06:48 30281] Initializing tracer.
[T 04:06:48 30281] Initializing tags.
[T 04:06:48 30281] ID set to 0000000000007649_0000000000000001 (parent 0000000000007616_0000000000000001)
[E 04:06:48 30281] Mimicry classification suppression detected; exiting.
[E 04:06:48 30281] Extractor exited successfully
[T 04:06:48 30230] Extractor /mnt/c/Tools/codeql/cpp/tools/linux64/extractor terminated with exit code 0.
[T 04:06:48 30295] Initializing tracer.
[T 04:06:48 30295] Initializing tags.
[T 04:06:48 30295] ID set to 0000000000007657_0000000000000001 (parent 00000000000075AF_0000000000000001)
[T 04:06:48 30295] ==== Candidate to intercept: /usr/bin/x86_64-linux-gnu-gcc-13 (canonical: /usr/bin/x86_64-linux-gnu-gcc-13) ====
[T 04:06:48 30295] Lua: === Intercepted call to /usr/bin/x86_64-linux-gnu-gcc-13 ===
[T 04:06:48 30295] Executing the following tracer actions:
[T 04:06:48 30295] Tracer actions:
[T 04:06:48 30295] pre_invocations(0)
[T 04:06:48 30295] post_invocations(1)
[T 04:06:48 30295] invocation: /mnt/c/Tools/codeql/cpp/tools/linux64/extractor, args: [--mimic, /usr/bin/x86_64-linux-gnu-gcc-13, -nostdinc, -o, /home/test/my-awesome-project/CISB/server/envvarient/db-l18/working/tmp//semmle_4_30127_979747.o, -c, /home/test/my-awesome-project/CISB/server/envvarient/db-l18/working/tmp//semmle_3_30127_979662.c]
[T 04:06:48 30295] trace_languages(1): [cpp]
[T 04:06:48 30298] Initializing tracer.
[T 04:06:48 30298] Initializing tags.
[T 04:06:48 30298] ID set to 000000000000765A_0000000000000001 (parent 0000000000007657_0000000000000001)
[T 04:06:48 30298] ==== Candidate to intercept: /usr/libexec/gcc/x86_64-linux-gnu/13/cc1 (canonical: /usr/libexec/gcc/x86_64-linux-gnu/13/cc1) ====
[T 04:06:48 30298] Lua: === Intercepted call to /usr/libexec/gcc/x86_64-linux-gnu/13/cc1 ===
[T 04:06:48 30298] Executing the following tracer actions:
[T 04:06:48 30298] Tracer actions:
[T 04:06:48 30298] pre_invocations(0)
[T 04:06:48 30298] post_invocations(1)
[T 04:06:48 30298] invocation: /mnt/c/Tools/codeql/cpp/tools/linux64/extractor, args: [--mimic, /usr/libexec/gcc/x86_64-linux-gnu/13/cc1, -quiet, -nostdinc, -imultiarch, x86_64-linux-gnu, /home/test/my-awesome-project/CISB/server/envvarient/db-l18/working/tmp//semmle_3_30127_979662.c, -quiet, -dumpdir, /home/test/my-awesome-project/CISB/server/envvarient/db-l18/working/tmp//, -dumpbase, semmle_4_30127_979747.c, -dumpbase-ext, .c, -mtune=generic, -march=x86-64, -fasynchronous-unwind-tables, -fstack-protector-strong, -Wformat, -Wformat-security, -fstack-clash-protection, -fcf-protection, -o, /tmp/ccqQP77q.s]
[T 04:06:48 30298] trace_languages(1): [cpp]
[T 04:06:49 30327] Attempting to switch stdout/stderr to 7...
[T 04:06:49 30327] Initializing tracer.
[T 04:06:49 30327] Initializing tags.
[T 04:06:49 30327] ID set to 0000000000007677_0000000000000001 (parent 000000000000765A_0000000000000001)
[E 04:06:49 30327] Mimicry classification suppression detected; exiting.
[E 04:06:49 30327] Extractor exited successfully
[T 04:06:49 30298] Extractor /mnt/c/Tools/codeql/cpp/tools/linux64/extractor terminated with exit code 0.
[T 04:06:49 30328] Attempting to switch stdout/stderr to 7...
[T 04:06:49 30328] Initializing tracer.
[T 04:06:49 30328] Initializing tags.
[T 04:06:49 30328] ID set to 0000000000007678_0000000000000001 (parent 0000000000007657_0000000000000001)
[E 04:06:49 30328] Mimicry classification suppression detected; exiting.
[E 04:06:49 30328] Extractor exited successfully
[T 04:06:49 30295] Extractor /mnt/c/Tools/codeql/cpp/tools/linux64/extractor terminated with exit code 0.
[E 04:06:49 30127] Checking whether C compilation already happened.
[E 04:06:49 30127] Checking for tag c-compilation-happened
[E 04:06:49 30127] Checking CODEQL_TRACER_DB_ID 0000000000007498_0000000000000001
[E 04:06:49 30127] Locking DB /home/test/my-awesome-project/CISB/server/envvarient/db-l18/working/tags.db
[E 04:06:49 30127] Locked DB /home/test/my-awesome-project/CISB/server/envvarient/db-l18/working/tags.db
[E 04:06:49 30127] Unlocking DB
[E 04:06:49 30127] Unlocked DB
[E 04:06:49 30127] Exiting as C compilation already happened.
[T 04:06:49 29848] Extractor /mnt/c/Tools/codeql/cpp/tools/linux64/extractor terminated with exit code 0.
