[T 04:16:18 40813] CodeQL CLI version 2.25.1
[T 04:16:18 40813] Initializing tracer.
[T 04:16:18 40813] Initializing tags.
[T 04:16:18 40813] ID set to 0000000000009F6D_0000000000000001 (parent root)
[T 04:16:18 40813] Initializing tracer.
[T 04:16:18 40813] Initializing tags.
[T 04:16:18 40813] ID set to 0000000000009F6D_0000000000000002 (parent root)
[T 04:16:18 40813] Warning: SEMMLE_EXEC and SEMMLE_EXECP not set. Falling back to path lookup on argv[0].
[T 04:16:18 40813] ==== Candidate to intercept: /mnt/c/Tools/codeql/tools/linux64/runner-linux (canonical: /mnt/c/Tools/codeql/tools/linux64/runner-linux) ====
[T 04:16:18 40813] Executing the following tracer actions:
[T 04:16:18 40813] Tracer actions:
[T 04:16:18 40813] pre_invocations(0)
[T 04:16:18 40813] post_invocations(0)
[T 04:16:18 40813] trace_languages(1): [cpp]
[T 04:16:18 40813] Initializing tracer.
[T 04:16:18 40813] Initializing tags.
[T 04:16:18 40813] ID set to 0000000000009F6D_0000000000000003 (parent 0000000000009F6D_0000000000000002)
[T 04:16:18 40813] ==== Candidate to intercept: make (canonical: /usr/bin/make) ====
[T 04:16:18 40813] Executing the following tracer actions:
[T 04:16:18 40813] Tracer actions:
[T 04:16:18 40813] pre_invocations(0)
[T 04:16:18 40813] post_invocations(0)
[T 04:16:18 40813] trace_languages(1): [cpp]
[T 04:16:18 40817] Initializing tracer.
[T 04:16:18 40817] Initializing tags.
[T 04:16:18 40817] ID set to 0000000000009F71_0000000000000001 (parent 0000000000009F6D_0000000000000003)
[T 04:16:18 40817] ==== Candidate to intercept: /usr/bin/gcc (canonical: /usr/bin/x86_64-linux-gnu-gcc-13) ====
[T 04:16:18 40817] Lua: === Intercepted call to /usr/bin/x86_64-linux-gnu-gcc-13 ===
[T 04:16:18 40817] Executing the following tracer actions:
[T 04:16:18 40817] Tracer actions:
[T 04:16:18 40817] pre_invocations(0)
[T 04:16:18 40817] post_invocations(1)
[T 04:16:18 40817] invocation: /mnt/c/Tools/codeql/cpp/tools/linux64/extractor, args: [--mimic, /usr/bin/x86_64-linux-gnu-gcc-13, -c, -o, test1.o, test1.c]
[T 04:16:18 40817] trace_languages(1): [cpp]
[T 04:16:18 40819] Initializing tracer.
[T 04:16:18 40819] Initializing tags.
[T 04:16:18 40819] ID set to 0000000000009F73_0000000000000001 (parent 0000000000009F71_0000000000000001)
[T 04:16:18 40819] ==== Candidate to intercept: /usr/libexec/gcc/x86_64-linux-gnu/13/cc1 (canonical: /usr/libexec/gcc/x86_64-linux-gnu/13/cc1) ====
[T 04:16:18 40819] Lua: === Intercepted call to /usr/libexec/gcc/x86_64-linux-gnu/13/cc1 ===
[T 04:16:18 40819] Executing the following tracer actions:
[T 04:16:18 40819] Tracer actions:
[T 04:16:18 40819] pre_invocations(0)
[T 04:16:18 40819] post_invocations(1)
[T 04:16:18 40819] invocation: /mnt/c/Tools/codeql/cpp/tools/linux64/extractor, args: [--mimic, /usr/libexec/gcc/x86_64-linux-gnu/13/cc1, -quiet, -imultiarch, x86_64-linux-gnu, test1.c, -quiet, -dumpbase, test1.c, -dumpbase-ext, .c, -mtune=generic, -march=x86-64, -fasynchronous-unwind-tables, -fstack-protector-strong, -Wformat, -Wformat-security, -fstack-clash-protection, -fcf-protection, -o, /tmp/ccOuU0E5.s]
[T 04:16:18 40819] trace_languages(1): [cpp]
[T 04:16:18 40821] Attempting to switch stdout/stderr to 4...
[T 04:16:18 40821] Initializing tracer.
[T 04:16:18 40821] Initializing tags.
[T 04:16:18 40821] ID set to 0000000000009F75_0000000000000001 (parent 0000000000009F73_0000000000000001)
[E 04:16:18 40821] CodeQL C/C++ Extractor 2.25.1
[E 04:16:18 40821] Current directory: /home/test/my-awesome-project/CISB/server/partofunionnotinit
[E 04:16:18 40821] Command: /mnt/c/Tools/codeql/cpp/tools/linux64/extractor --mimic /usr/libexec/gcc/x86_64-linux-gnu/13/cc1 -quiet -imultiarch x86_64-linux-gnu test1.c -quiet -dumpbase test1.c -dumpbase-ext .c -mtune=generic -march=x86-64 -fasynchronous-unwind-tables -fstack-protector-strong -Wformat -Wformat-security -fstack-clash-protection -fcf-protection -o /tmp/ccOuU0E5.s
[T 04:16:18 40822] Initializing tracer.
[T 04:16:18 40822] Initializing tags.
[T 04:16:18 40822] ID set to 0000000000009F76_0000000000000001 (parent 0000000000009F75_0000000000000001)
[T 04:16:18 40822] ==== Candidate to intercept: /usr/libexec/gcc/x86_64-linux-gnu/13/cc1 (canonical: /usr/libexec/gcc/x86_64-linux-gnu/13/cc1) ====
[T 04:16:18 40822] Lua: === Intercepted call to /usr/libexec/gcc/x86_64-linux-gnu/13/cc1 ===
[T 04:16:18 40822] Executing the following tracer actions:
[T 04:16:18 40822] Tracer actions:
[T 04:16:18 40822] pre_invocations(0)
[T 04:16:18 40822] post_invocations(1)
[T 04:16:18 40822] invocation: /mnt/c/Tools/codeql/cpp/tools/linux64/extractor, args: [--mimic, /usr/libexec/gcc/x86_64-linux-gnu/13/cc1, --version]
[T 04:16:18 40822] trace_languages(1): [cpp]
[T 04:16:18 40824] Attempting to switch stdout/stderr to 7...
[T 04:16:18 40824] Initializing tracer.
[T 04:16:18 40824] Initializing tags.
[T 04:16:18 40824] ID set to 0000000000009F78_0000000000000001 (parent 0000000000009F76_0000000000000001)
[E 04:16:18 40824] Mimicry classification suppression detected; exiting.
[E 04:16:18 40824] Extractor exited successfully
[T 04:16:18 40822] Extractor /mnt/c/Tools/codeql/cpp/tools/linux64/extractor terminated with exit code 0.
[T 04:16:18 40825] Initializing tracer.
[T 04:16:18 40825] Initializing tags.
[T 04:16:18 40825] ID set to 0000000000009F79_0000000000000001 (parent 0000000000009F75_0000000000000001)
[T 04:16:18 40825] ==== Candidate to intercept: /usr/libexec/gcc/x86_64-linux-gnu/13/cc1 (canonical: /usr/libexec/gcc/x86_64-linux-gnu/13/cc1) ====
[T 04:16:18 40825] Lua: === Intercepted call to /usr/libexec/gcc/x86_64-linux-gnu/13/cc1 ===
[T 04:16:18 40825] Executing the following tracer actions:
[T 04:16:18 40825] Tracer actions:
[T 04:16:18 40825] pre_invocations(0)
[T 04:16:18 40825] post_invocations(1)
[T 04:16:18 40825] invocation: /mnt/c/Tools/codeql/cpp/tools/linux64/extractor, args: [--mimic, /usr/libexec/gcc/x86_64-linux-gnu/13/cc1, --help]
[T 04:16:18 40825] trace_languages(1): [cpp]
[T 04:16:18 40827] Attempting to switch stdout/stderr to 7...
[T 04:16:18 40827] Initializing tracer.
[T 04:16:18 40827] Initializing tags.
[T 04:16:18 40827] ID set to 0000000000009F7B_0000000000000001 (parent 0000000000009F79_0000000000000001)
[E 04:16:18 40827] Mimicry classification suppression detected; exiting.
[E 04:16:18 40827] Extractor exited successfully
[T 04:16:18 40825] Extractor /mnt/c/Tools/codeql/cpp/tools/linux64/extractor terminated with exit code 0.
[T 04:16:18 40828] Initializing tracer.
[T 04:16:18 40828] Initializing tags.
[T 04:16:18 40828] ID set to 0000000000009F7C_0000000000000001 (parent 0000000000009F75_0000000000000001)
[T 04:16:18 40828] ==== Candidate to intercept: /usr/libexec/gcc/x86_64-linux-gnu/13/cc1 (canonical: /usr/libexec/gcc/x86_64-linux-gnu/13/cc1) ====
[T 04:16:18 40828] Lua: === Intercepted call to /usr/libexec/gcc/x86_64-linux-gnu/13/cc1 ===
[T 04:16:18 40828] Executing the following tracer actions:
[T 04:16:18 40828] Tracer actions:
[T 04:16:18 40828] pre_invocations(0)
[T 04:16:18 40828] post_invocations(1)
[T 04:16:18 40828] invocation: /mnt/c/Tools/codeql/cpp/tools/linux64/extractor, args: [--mimic, /usr/libexec/gcc/x86_64-linux-gnu/13/cc1, -version, --help]
[T 04:16:18 40828] trace_languages(1): [cpp]
[T 04:16:18 40830] Attempting to switch stdout/stderr to 7...
[T 04:16:19 40830] Initializing tracer.
[T 04:16:19 40830] Initializing tags.
[T 04:16:19 40830] ID set to 0000000000009F7E_0000000000000001 (parent 0000000000009F7C_0000000000000001)
[E 04:16:19 40830] Mimicry classification suppression detected; exiting.
[E 04:16:19 40830] Extractor exited successfully
[T 04:16:19 40828] Extractor /mnt/c/Tools/codeql/cpp/tools/linux64/extractor terminated with exit code 0.
[T 04:16:19 40831] Initializing tracer.
[T 04:16:19 40831] Initializing tags.
[T 04:16:19 40831] ID set to 0000000000009F7F_0000000000000001 (parent 0000000000009F75_0000000000000001)
[T 04:16:19 40831] ==== Candidate to intercept: /usr/libexec/gcc/x86_64-linux-gnu/13/cc1 (canonical: /usr/libexec/gcc/x86_64-linux-gnu/13/cc1) ====
[T 04:16:19 40831] Lua: === Intercepted call to /usr/libexec/gcc/x86_64-linux-gnu/13/cc1 ===
[T 04:16:19 40831] Executing the following tracer actions:
[T 04:16:19 40831] Tracer actions:
[T 04:16:19 40831] pre_invocations(0)
[T 04:16:19 40831] post_invocations(1)
[T 04:16:19 40831] invocation: /mnt/c/Tools/codeql/cpp/tools/linux64/extractor, args: [--mimic, /usr/libexec/gcc/x86_64-linux-gnu/13/cc1, -nostdinc, -o, /home/test/my-awesome-project/CISB/server/partofunionnotinit/db-l29/working/tmp//semmle_2_40821_16003.o, /home/test/my-awesome-project/CISB/server/partofunionnotinit/db-l29/working/tmp//semmle_1_40821_15972.c]
[T 04:16:19 40831] trace_languages(1): [cpp]
[T 04:16:19 40833] Attempting to switch stdout/stderr to 7...
[T 04:16:19 40833] Initializing tracer.
[T 04:16:19 40833] Initializing tags.
[T 04:16:19 40833] ID set to 0000000000009F81_0000000000000001 (parent 0000000000009F7F_0000000000000001)
[E 04:16:19 40833] Mimicry classification suppression detected; exiting.
[E 04:16:19 40833] Extractor exited successfully
[T 04:16:19 40831] Extractor /mnt/c/Tools/codeql/cpp/tools/linux64/extractor terminated with exit code 0.
[T 04:16:19 40834] Initializing tracer.
[T 04:16:19 40834] Initializing tags.
[T 04:16:19 40834] ID set to 0000000000009F82_0000000000000001 (parent 0000000000009F75_0000000000000001)
[T 04:16:19 40834] ==== Candidate to intercept: /usr/libexec/gcc/x86_64-linux-gnu/13/cc1 (canonical: /usr/libexec/gcc/x86_64-linux-gnu/13/cc1) ====
[T 04:16:19 40834] Lua: === Intercepted call to /usr/libexec/gcc/x86_64-linux-gnu/13/cc1 ===
[T 04:16:19 40834] Executing the following tracer actions:
[T 04:16:19 40834] Tracer actions:
[T 04:16:19 40834] pre_invocations(0)
[T 04:16:19 40834] post_invocations(1)
[T 04:16:19 40834] invocation: /mnt/c/Tools/codeql/cpp/tools/linux64/extractor, args: [--mimic, /usr/libexec/gcc/x86_64-linux-gnu/13/cc1, -nostdinc, -o, /home/test/my-awesome-project/CISB/server/partofunionnotinit/db-l29/working/tmp//semmle_4_40821_53732.o, /home/test/my-awesome-project/CISB/server/partofunionnotinit/db-l29/working/tmp//semmle_3_40821_53640.c]
[T 04:16:19 40834] trace_languages(1): [cpp]
[T 04:16:19 40836] Attempting to switch stdout/stderr to 7...
[T 04:16:19 40836] Initializing tracer.
[T 04:16:19 40836] Initializing tags.
[T 04:16:19 40836] ID set to 0000000000009F84_0000000000000001 (parent 0000000000009F82_0000000000000001)
[E 04:16:19 40836] Mimicry classification suppression detected; exiting.
[E 04:16:19 40836] Extractor exited successfully
[T 04:16:19 40834] Extractor /mnt/c/Tools/codeql/cpp/tools/linux64/extractor terminated with exit code 0.
[E 04:16:19 40821] Checking whether C compilation already happened.
[E 04:16:19 40821] Checking for tag c-compilation-happened
[E 04:16:19 40821] Checking CODEQL_TRACER_DB_ID 0000000000009F73_0000000000000001
[E 04:16:19 40821] Locking DB /home/test/my-awesome-project/CISB/server/partofunionnotinit/db-l29/working/tags.db
[E 04:16:19 40821] Locked DB /home/test/my-awesome-project/CISB/server/partofunionnotinit/db-l29/working/tags.db
[E 04:16:19 40821] Unlocking DB
[E 04:16:19 40821] Unlocked DB
[E 04:16:19 40821] Looks like C compilation didn't already happen.
[E 04:16:19 40821] Checking whether C compilation has been attempted.
[E 04:16:19 40821] Checking for tag c-compilation-attempted
[E 04:16:19 40821] Checking CODEQL_TRACER_DB_ID 0000000000009F73_0000000000000001
[E 04:16:19 40821] Locking DB /home/test/my-awesome-project/CISB/server/partofunionnotinit/db-l29/working/tags.db
[E 04:16:19 40821] Locked DB /home/test/my-awesome-project/CISB/server/partofunionnotinit/db-l29/working/tags.db
[E 04:16:19 40821] Unlocking DB
[E 04:16:19 40821] Unlocked DB
[E 04:16:19 40821] Marking C compilation as attempted.
[E 04:16:19 40821] Setting tag c-compilation-attempted
[E 04:16:19 40821] Starting from CODEQL_TRACER_DB_ID 0000000000009F73_0000000000000001
[E 04:16:19 40821] Locking DB /home/test/my-awesome-project/CISB/server/partofunionnotinit/db-l29/working/tags.db
[E 04:16:19 40821] Locked DB /home/test/my-awesome-project/CISB/server/partofunionnotinit/db-l29/working/tags.db
[E 04:16:19 40821] Set tag for 0000000000009F73_0000000000000001
[E 04:16:19 40821] Set tag for 0000000000009F71_0000000000000001
[E 04:16:19 40821] Set tag for 0000000000009F6D_0000000000000003
[E 04:16:19 40821] Set tag for 0000000000009F6D_0000000000000002
[E 04:16:19 40821] Set tag for root
[E 04:16:19 40821] Unlocking DB
[E 04:16:19 40821] Unlocked DB
[T 04:16:19 40837] Initializing tracer.
[T 04:16:19 40837] Initializing tags.
[T 04:16:19 40837] ID set to 0000000000009F85_0000000000000001 (parent 0000000000009F75_0000000000000001)
[T 04:16:19 40837] ==== Candidate to intercept: /usr/libexec/gcc/x86_64-linux-gnu/13/cc1 (canonical: /usr/libexec/gcc/x86_64-linux-gnu/13/cc1) ====
[T 04:16:19 40837] Lua: === Intercepted call to /usr/libexec/gcc/x86_64-linux-gnu/13/cc1 ===
[T 04:16:19 40837] Executing the following tracer actions:
[T 04:16:19 40837] Tracer actions:
[T 04:16:19 40837] pre_invocations(0)
[T 04:16:19 40837] post_invocations(1)
[T 04:16:19 40837] invocation: /mnt/c/Tools/codeql/cpp/tools/linux64/extractor, args: [--mimic, /usr/libexec/gcc/x86_64-linux-gnu/13/cc1, @/home/test/my-awesome-project/CISB/server/partofunionnotinit/db-l29/working/tmp//semmle_6_40821_89975, -v, -fsyntax-only, /home/test/my-awesome-project/CISB/server/partofunionnotinit/db-l29/working/tmp//semmle_7_40821_90089]
[T 04:16:19 40837] trace_languages(1): [cpp]
[T 04:16:19 40839] Attempting to switch stdout/stderr to 7...
[T 04:16:19 40839] Initializing tracer.
[T 04:16:19 40839] Initializing tags.
[T 04:16:19 40839] ID set to 0000000000009F87_0000000000000001 (parent 0000000000009F85_0000000000000001)
[E 04:16:19 40839] Mimicry classification suppression detected; exiting.
[E 04:16:19 40839] Extractor exited successfully
[T 04:16:19 40837] Extractor /mnt/c/Tools/codeql/cpp/tools/linux64/extractor terminated with exit code 0.
[T 04:16:19 40840] Initializing tracer.
[T 04:16:19 40840] Initializing tags.
[T 04:16:19 40840] ID set to 0000000000009F88_0000000000000001 (parent 0000000000009F75_0000000000000001)
[T 04:16:19 40840] ==== Candidate to intercept: /usr/libexec/gcc/x86_64-linux-gnu/13/cc1 (canonical: /usr/libexec/gcc/x86_64-linux-gnu/13/cc1) ====
[T 04:16:19 40840] Lua: === Intercepted call to /usr/libexec/gcc/x86_64-linux-gnu/13/cc1 ===
[T 04:16:19 40840] Executing the following tracer actions:
[T 04:16:19 40840] Tracer actions:
[T 04:16:19 40840] pre_invocations(0)
[T 04:16:19 40840] post_invocations(1)
[T 04:16:19 40840] invocation: /mnt/c/Tools/codeql/cpp/tools/linux64/extractor, args: [--mimic, /usr/libexec/gcc/x86_64-linux-gnu/13/cc1, @/home/test/my-awesome-project/CISB/server/partofunionnotinit/db-l29/working/tmp//semmle_6_40821_89975, -E, -dM, /home/test/my-awesome-project/CISB/server/partofunionnotinit/db-l29/working/tmp//semmle_8_40821_123981]
[T 04:16:19 40840] trace_languages(1): [cpp]
[T 04:16:19 40842] Attempting to switch stdout/stderr to 7...
[T 04:16:19 40842] Initializing tracer.
[T 04:16:19 40842] Initializing tags.
[T 04:16:19 40842] ID set to 0000000000009F8A_0000000000000001 (parent 0000000000009F88_0000000000000001)
[E 04:16:19 40842] Mimicry classification suppression detected; exiting.
[E 04:16:19 40842] Extractor exited successfully
[T 04:16:19 40840] Extractor /mnt/c/Tools/codeql/cpp/tools/linux64/extractor terminated with exit code 0.
[T 04:16:19 40843] Initializing tracer.
[T 04:16:19 40843] Initializing tags.
[T 04:16:19 40843] ID set to 0000000000009F8B_0000000000000001 (parent 0000000000009F75_0000000000000001)
[T 04:16:19 40843] ==== Candidate to intercept: /usr/libexec/gcc/x86_64-linux-gnu/13/cc1 (canonical: /usr/libexec/gcc/x86_64-linux-gnu/13/cc1) ====
[T 04:16:19 40843] Lua: === Intercepted call to /usr/libexec/gcc/x86_64-linux-gnu/13/cc1 ===
[T 04:16:19 40843] Executing the following tracer actions:
[T 04:16:19 40843] Tracer actions:
[T 04:16:19 40843] pre_invocations(0)
[T 04:16:19 40843] post_invocations(1)
[T 04:16:19 40843] invocation: /mnt/c/Tools/codeql/cpp/tools/linux64/extractor, args: [--mimic, /usr/libexec/gcc/x86_64-linux-gnu/13/cc1, @/home/test/my-awesome-project/CISB/server/partofunionnotinit/db-l29/working/tmp//semmle_9_40821_157068, -o, /home/test/my-awesome-project/CISB/server/partofunionnotinit/db-l29/working/tmp//semmle_11_40821_157299.o, /home/test/my-awesome-project/CISB/server/partofunionnotinit/db-l29/working/tmp//semmle_10_40821_157258.c]
[T 04:16:19 40843] trace_languages(1): [cpp]
[T 04:16:19 40846] Attempting to switch stdout/stderr to 7...
[T 04:16:19 40846] Initializing tracer.
[T 04:16:19 40846] Initializing tags.
[T 04:16:19 40846] ID set to 0000000000009F8E_0000000000000001 (parent 0000000000009F8B_0000000000000001)
[E 04:16:19 40846] Mimicry classification suppression detected; exiting.
[E 04:16:19 40846] Extractor exited successfully
[T 04:16:19 40843] Extractor /mnt/c/Tools/codeql/cpp/tools/linux64/extractor terminated with exit code 0.
[T 04:16:19 40866] Initializing tracer.
[T 04:16:19 40866] Initializing tags.
[T 04:16:19 40866] ID set to 0000000000009FA2_0000000000000001 (parent 0000000000009F75_0000000000000001)
[T 04:16:19 40866] ==== Candidate to intercept: /usr/libexec/gcc/x86_64-linux-gnu/13/cc1 (canonical: /usr/libexec/gcc/x86_64-linux-gnu/13/cc1) ====
[T 04:16:19 40866] Lua: === Intercepted call to /usr/libexec/gcc/x86_64-linux-gnu/13/cc1 ===
[T 04:16:19 40866] Executing the following tracer actions:
[T 04:16:19 40866] Tracer actions:
[T 04:16:19 40866] pre_invocations(0)
[T 04:16:19 40866] post_invocations(1)
[T 04:16:19 40866] invocation: /mnt/c/Tools/codeql/cpp/tools/linux64/extractor, args: [--mimic, /usr/libexec/gcc/x86_64-linux-gnu/13/cc1, @/home/test/my-awesome-project/CISB/server/partofunionnotinit/db-l29/working/tmp//semmle_9_40821_157068, -o, /home/test/my-awesome-project/CISB/server/partofunionnotinit/db-l29/working/tmp//semmle_13_40821_189081.o, /home/test/my-awesome-project/CISB/server/partofunionnotinit/db-l29/working/tmp//semmle_12_40821_189014.c]
[T 04:16:19 40866] trace_languages(1): [cpp]
[T 04:16:19 40891] Attempting to switch stdout/stderr to 7...
[T 04:16:19 40891] Initializing tracer.
[T 04:16:19 40891] Initializing tags.
[T 04:16:19 40891] ID set to 0000000000009FBB_0000000000000001 (parent 0000000000009FA2_0000000000000001)
[E 04:16:19 40891] Mimicry classification suppression detected; exiting.
[E 04:16:19 40891] Extractor exited successfully
[T 04:16:19 40866] Extractor /mnt/c/Tools/codeql/cpp/tools/linux64/extractor terminated with exit code 0.
[T 04:16:19 40905] Initializing tracer.
[T 04:16:19 40905] Initializing tags.
[T 04:16:19 40905] ID set to 0000000000009FC9_0000000000000001 (parent 0000000000009F75_0000000000000001)
[T 04:16:19 40905] ==== Candidate to intercept: /usr/libexec/gcc/x86_64-linux-gnu/13/cc1 (canonical: /usr/libexec/gcc/x86_64-linux-gnu/13/cc1) ====
[T 04:16:19 40905] Lua: === Intercepted call to /usr/libexec/gcc/x86_64-linux-gnu/13/cc1 ===
[T 04:16:19 40905] Executing the following tracer actions:
[T 04:16:19 40905] Tracer actions:
[T 04:16:19 40905] pre_invocations(0)
[T 04:16:19 40905] post_invocations(1)
[T 04:16:19 40905] invocation: /mnt/c/Tools/codeql/cpp/tools/linux64/extractor, args: [--mimic, /usr/libexec/gcc/x86_64-linux-gnu/13/cc1, @/home/test/my-awesome-project/CISB/server/partofunionnotinit/db-l29/working/tmp//semmle_9_40821_157068, -o, /home/test/my-awesome-project/CISB/server/partofunionnotinit/db-l29/working/tmp//semmle_15_40821_226547.o, /home/test/my-awesome-project/CISB/server/partofunionnotinit/db-l29/working/tmp//semmle_14_40821_226493.c]
[T 04:16:19 40905] trace_languages(1): [cpp]
[T 04:16:19 40928] Attempting to switch stdout/stderr to 7...
[T 04:16:19 40928] Initializing tracer.
[T 04:16:19 40928] Initializing tags.
[T 04:16:19 40928] ID set to 0000000000009FE0_0000000000000001 (parent 0000000000009FC9_0000000000000001)
[E 04:16:19 40928] Mimicry classification suppression detected; exiting.
[E 04:16:19 40928] Extractor exited successfully
[T 04:16:19 40905] Extractor /mnt/c/Tools/codeql/cpp/tools/linux64/extractor terminated with exit code 0.
[T 04:16:19 40937] Initializing tracer.
[T 04:16:19 40937] Initializing tags.
[T 04:16:19 40937] ID set to 0000000000009FE9_0000000000000001 (parent 0000000000009F75_0000000000000001)
[T 04:16:19 40937] ==== Candidate to intercept: /usr/libexec/gcc/x86_64-linux-gnu/13/cc1 (canonical: /usr/libexec/gcc/x86_64-linux-gnu/13/cc1) ====
[T 04:16:19 40937] Lua: === Intercepted call to /usr/libexec/gcc/x86_64-linux-gnu/13/cc1 ===
[T 04:16:19 40937] Executing the following tracer actions:
[T 04:16:19 40937] Tracer actions:
[T 04:16:19 40937] pre_invocations(0)
[T 04:16:19 40937] post_invocations(1)
[T 04:16:19 40937] invocation: /mnt/c/Tools/codeql/cpp/tools/linux64/extractor, args: [--mimic, /usr/libexec/gcc/x86_64-linux-gnu/13/cc1, @/home/test/my-awesome-project/CISB/server/partofunionnotinit/db-l29/working/tmp//semmle_9_40821_157068, -o, /home/test/my-awesome-project/CISB/server/partofunionnotinit/db-l29/working/tmp//semmle_17_40821_257300.o, /home/test/my-awesome-project/CISB/server/partofunionnotinit/db-l29/working/tmp//semmle_16_40821_257254.c]
[T 04:16:19 40937] trace_languages(1): [cpp]
[T 04:16:19 40966] Attempting to switch stdout/stderr to 7...
[T 04:16:19 40966] Initializing tracer.
[T 04:16:19 40966] Initializing tags.
[T 04:16:19 40966] ID set to 000000000000A006_0000000000000001 (parent 0000000000009FE9_0000000000000001)
[E 04:16:19 40966] Mimicry classification suppression detected; exiting.
[E 04:16:19 40966] Extractor exited successfully
[T 04:16:19 40937] Extractor /mnt/c/Tools/codeql/cpp/tools/linux64/extractor terminated with exit code 0.
[T 04:16:19 40967] Initializing tracer.
[T 04:16:19 40967] Initializing tags.
[T 04:16:19 40967] ID set to 000000000000A007_0000000000000001 (parent 0000000000009F75_0000000000000001)
[T 04:16:19 40967] ==== Candidate to intercept: /usr/libexec/gcc/x86_64-linux-gnu/13/cc1 (canonical: /usr/libexec/gcc/x86_64-linux-gnu/13/cc1) ====
[T 04:16:19 40967] Lua: === Intercepted call to /usr/libexec/gcc/x86_64-linux-gnu/13/cc1 ===
[T 04:16:19 40967] Executing the following tracer actions:
[T 04:16:19 40967] Tracer actions:
[T 04:16:19 40967] pre_invocations(0)
[T 04:16:19 40967] post_invocations(1)
[T 04:16:19 40967] invocation: /mnt/c/Tools/codeql/cpp/tools/linux64/extractor, args: [--mimic, /usr/libexec/gcc/x86_64-linux-gnu/13/cc1, @/home/test/my-awesome-project/CISB/server/partofunionnotinit/db-l29/working/tmp//semmle_9_40821_157068, -o, /home/test/my-awesome-project/CISB/server/partofunionnotinit/db-l29/working/tmp//semmle_19_40821_294834.o, /home/test/my-awesome-project/CISB/server/partofunionnotinit/db-l29/working/tmp//semmle_18_40821_294748.c]
[T 04:16:19 40967] trace_languages(1): [cpp]
[T 04:16:19 40969] Attempting to switch stdout/stderr to 7...
[T 04:16:19 40969] Initializing tracer.
[T 04:16:19 40969] Initializing tags.
[T 04:16:19 40969] ID set to 000000000000A009_0000000000000001 (parent 000000000000A007_0000000000000001)
[E 04:16:19 40969] Mimicry classification suppression detected; exiting.
[E 04:16:19 40969] Extractor exited successfully
[T 04:16:19 40967] Extractor /mnt/c/Tools/codeql/cpp/tools/linux64/extractor terminated with exit code 0.
[T 04:16:19 40971] Initializing tracer.
[T 04:16:19 40971] Initializing tags.
[T 04:16:19 40971] ID set to 000000000000A00B_0000000000000001 (parent 0000000000009F75_0000000000000001)
[T 04:16:19 40971] ==== Candidate to intercept: /usr/libexec/gcc/x86_64-linux-gnu/13/cc1 (canonical: /usr/libexec/gcc/x86_64-linux-gnu/13/cc1) ====
[T 04:16:19 40971] Lua: === Intercepted call to /usr/libexec/gcc/x86_64-linux-gnu/13/cc1 ===
[T 04:16:19 40971] Executing the following tracer actions:
[T 04:16:19 40971] Tracer actions:
[T 04:16:19 40971] pre_invocations(0)
[T 04:16:19 40971] post_invocations(1)
[T 04:16:19 40971] invocation: /mnt/c/Tools/codeql/cpp/tools/linux64/extractor, args: [--mimic, /usr/libexec/gcc/x86_64-linux-gnu/13/cc1, @/home/test/my-awesome-project/CISB/server/partofunionnotinit/db-l29/working/tmp//semmle_9_40821_157068, -o, /home/test/my-awesome-project/CISB/server/partofunionnotinit/db-l29/working/tmp//semmle_21_40821_328104.o, /home/test/my-awesome-project/CISB/server/partofunionnotinit/db-l29/working/tmp//semmle_20_40821_328061.c]
[T 04:16:19 40971] trace_languages(1): [cpp]
[T 04:16:19 40987] Attempting to switch stdout/stderr to 7...
[T 04:16:19 40987] Initializing tracer.
[T 04:16:19 40987] Initializing tags.
[T 04:16:19 40987] ID set to 000000000000A01B_0000000000000001 (parent 000000000000A00B_0000000000000001)
[E 04:16:19 40987] Mimicry classification suppression detected; exiting.
[E 04:16:19 40987] Extractor exited successfully
[T 04:16:19 40971] Extractor /mnt/c/Tools/codeql/cpp/tools/linux64/extractor terminated with exit code 0.
[E 04:16:19 40821] Processed command line: /mnt/c/Tools/codeql/cpp/tools/linux64/extractor --trapfolder /home/test/my-awesome-project/CISB/server/partofunionnotinit/db-l29/trap/cpp --src_archive /home/test/my-awesome-project/CISB/server/partofunionnotinit/db-l29/src --object_filename /tmp/ccOuU0E5.s --no_warnings_and_discretionary_errors --error_limit 1000 --disable_system_macros --variadic_macros --incognito --gcc --gnu_version 130300 --target linux_x86_64 '-D__DBL_MIN_EXP__=(-1021)' -D__UINT_LEAST16_MAX__=0xffff -D__FLT16_HAS_QUIET_NAN__=1 -D__ATOMIC_ACQUIRE=2 -D__FLT128_MAX_10_EXP__=4932 -D__FLT_MIN__=1.17549435082228750796873653722224568e-38F -D__GCC_IEC_559_COMPLEX=2 '-D__UINT_LEAST8_TYPE__=unsigned char' -D__SIZEOF_FLOAT80__=16 -D__BFLT16_DENORM_MIN__=9.18354961579912115600575419704879436e-41BF16 '-D__INTMAX_C(c)=c ## L' -D__CHAR_BIT__=8 -D__UINT8_MAX__=0xff -D__SCHAR_WIDTH__=8 -D__WINT_MAX__=0xffffffffU '-D__FLT32_MIN_EXP__=(-125)' -D__BFLT16_NORM_MAX__=3.38953138925153547590470800371487867e+38BF16 '-D__BFLT16_MIN_10_EXP__=(-37)' -D__ORDER_LITTLE_ENDIAN__=1234 -D__WCHAR_MAX__=0x7fffffff -D__GCC_HAVE_SYNC_COMPARE_AND_SWAP_2=1 -D__GCC_HAVE_SYNC_COMPARE_AND_SWAP_4=1 -D__GCC_HAVE_SYNC_COMPARE_AND_SWAP_8=1 -D__GCC_ATOMIC_CHAR_LOCK_FREE=2 -D__GCC_IEC_559=2 -D__FLT32X_DECIMAL_DIG__=17 -D__FLT_EVAL_METHOD__=0 -D__FLT64_DECIMAL_DIG__=17 -D__CET__=3 -D__GCC_ATOMIC_CHAR32_T_LOCK_FREE=2 -D__UINT_FAST64_MAX__=0xffffffffffffffffUL -D__SIG_ATOMIC_TYPE__=int '-D__DBL_MIN_10_EXP__=(-307)' -D__FINITE_MATH_ONLY__=0 -D__FLT32X_MAX_EXP__=1024 -D__GCC_HAVE_SYNC_COMPARE_AND_SWAP_1=1 -D__FLT32_HAS_DENORM__=1 -D__UINT_FAST8_MAX__=0xff -D__FLT32_MAX_10_EXP__=38 -D__DEC64_MAX_EXP__=385 '-D__INT8_C(c)=c' -D__INT_LEAST8_WIDTH__=8 -D__UINT_LEAST64_MAX__=0xffffffffffffffffUL -D__SHRT_MAX__=0x7fff -D__LDBL_MAX__=1.18973149535723176502126385303097021e+4932L -D__FLT64X_MAX_10_EXP__=4932 -D__BFLT16_MAX_10_EXP__=38 -D__BFLT16_MAX_EXP__=128 -D__LDBL_IS_IEC_60559__=1 -D__FLT64X_HAS_QUIET_NAN__=1 -D__UINT_LEAST8_MAX__=0xff -D__GCC_ATOMIC_BOOL_LOCK_FREE=2 -D__FLT128_DENORM_MIN__=6.47517511943802511092443895822764655e-4966F128 '-D__UINTMAX_TYPE__=long unsigned int' -D__BFLT16_DECIMAL_DIG__=4 -D__linux=1 -D__DEC32_EPSILON__=1E-6DF -D__FLT_EVAL_METHOD_TS_18661_3__=0 -D__UINT32_MAX__=0xffffffffU '-D__DBL_DENORM_MIN__=((double)4.94065645841246544176568792868221372e-324L)' '-D__FLT128_MIN_EXP__=(-16381)' -D__WINT_MIN__=0U '-D__FLT128_MIN_10_EXP__=(-4931)' -D__FLT32X_IS_IEC_60559__=1 -D__INT_LEAST16_WIDTH__=16 -D__SCHAR_MAX__=0x7f -D__FLT128_MANT_DIG__=113 '-D__WCHAR_MIN__=(-__WCHAR_MAX__ - 1)' '-D__INT64_C(c)=c ## L' -D__SSP_STRONG__=3 -D__GCC_ATOMIC_POINTER_LOCK_FREE=2 -D__ATOMIC_SEQ_CST=5 -D__unix=1 -D__INT_LEAST64_MAX__=0x7fffffffffffffffL -D__FLT32X_MANT_DIG__=53 -D__FLT64X_EPSILON__=1.08420217248550443400745280086994171e-19F64x '-D__DEC64_MIN_EXP__=(-382)' -D__DBL_DIG__=15 -D__FLT_EPSILON__=1.19209289550781250000000000000000000e-7F -D__SHRT_WIDTH__=16 -D__FLT32_IS_IEC_60559__=1 -D__LDBL_MIN__=3.36210314311209350626267781732175260e-4932L -D__STDC_UTF_16__=1 -D__DBL_IS_IEC_60559__=1 -D__DEC32_MAX__=9.999999E96DF -D__FLT64X_DENORM_MIN__=3.64519953188247460252840593361941982e-4951F64x -D__FLT32X_HAS_INFINITY__=1 -D__unix__=1 -D__INT_WIDTH__=32 -D__STDC_IEC_559__=1 -D__STDC_ISO_10646__=201706L -D__DECIMAL_DIG__=21 -D__STDC_IEC_559_COMPLEX__=1 -D__FLT64_EPSILON__=2.22044604925031308084726333618164062e-16F64 -D__gnu_linux__=1 -D__FLT128_IS_IEC_60559__=1 '-D__FLT64X_MIN_10_EXP__=(-4931)' -D__LDBL_HAS_QUIET_NAN__=1 '-D__FLT16_MIN_EXP__=(-13)' -D__FLT64_MANT_DIG__=53 -D__FLT64X_MANT_DIG__=64 -D__BFLT16_DIG__=2 -D__pie__=2 -D__MMX__=1 -D__FLT_HAS_DENORM__=1 -D__SIZEOF_LONG_DOUBLE__=16 -D__BIGGEST_ALIGNMENT__=16 -D__FLT64_MAX_10_EXP__=308 -D__BFLT16_IS_IEC_60559__=0 -D__FLT16_MAX_10_EXP__=4 '-D__DBL_MAX__=((double)1.79769313486231570814527423731704357e+308L)' -D__INT_FAST32_MAX__=0x7fffffffffffffffL -D__DBL_HAS_INFINITY__=1 -D__INT64_MAX__=0x7fffffffffffffffL -D__SIZEOF_FLOAT__=4 -D__HAVE_SPECULATION_SAFE_VALUE=1 '-D__DEC32_MIN_EXP__=(-94)' -D__INTPTR_WIDTH__=64 -D__UINT_LEAST32_MAX__=0xffffffffU -D__FLT32X_HAS_DENORM__=1 '-D__INT_FAST16_TYPE__=long int' -D__MMX_WITH_SSE__=1 -D__LDBL_HAS_DENORM__=1 -D__SEG_GS=1 -D__BFLT16_EPSILON__=7.81250000000000000000000000000000000e-3BF16 -D__FLT128_HAS_INFINITY__=1 -D__DEC32_MIN__=1E-95DF -D__DBL_MAX_EXP__=1024 -D__WCHAR_WIDTH__=32 -D__FLT32_MAX__=3.40282346638528859811704183484516925e+38F32 -D__DEC128_EPSILON__=1E-33DL -D__FLT16_DECIMAL_DIG__=5 -D__SSE2_MATH__=1 -D__ATOMIC_HLE_RELEASE=131072 -D__PTRDIFF_MAX__=0x7fffffffffffffffL -D__amd64=1 -D__ATOMIC_HLE_ACQUIRE=65536 -D__LONG_LONG_MAX__=0x7fffffffffffffffLL -D__SIZEOF_SIZE_T__=8 -D__BFLT16_HAS_INFINITY__=1 '-D__FLT64X_MIN_EXP__=(-16381)' -D__SIZEOF_WINT_T__=4 -D__LONG_LONG_WIDTH__=64 -D__FLT32_MAX_EXP__=128 -D__GXX_ABI_VERSION=1018 '-D__FLT_MIN_EXP__=(-125)' -D__GCC_HAVE_DWARF2_CFI_ASM=1 -D__INT16_MAX__=0x7fff -D__x86_64=1 '-D__INT_FAST64_TYPE__=long int' -D__BFLT16_MAX__=3.38953138925153547590470800371487867e+38BF16 -D__BFLT16_HAS_DENORM__=1 -D__FLT64_DENORM_MIN__=4.94065645841246544176568792868221372e-324F64 -D__FLT16_DENORM_MIN__=5.96046447753906250000000000000000000e-8F16 -D__FLT128_EPSILON__=1.92592994438723585305597794258492732e-34F128 -D__FLT64X_NORM_MAX__=1.18973149535723176502126385303097021e+4932F64x -D__SIZEOF_POINTER__=8 '-D__SIZE_TYPE__=long unsigned int' -D__LP64__=1 -D__DBL_HAS_QUIET_NAN__=1 -D__FLT32X_EPSILON__=2.22044604925031308084726333618164062e-16F32x -D__LDBL_MAX_EXP__=16384 -D__DECIMAL_BID_FORMAT__=1 '-D__FLT64_MIN_EXP__=(-1021)' '-D__FLT64_MIN_10_EXP__=(-307)' '-D__FLT16_MIN_10_EXP__=(-4)' -D__FLT64X_DECIMAL_DIG__=21 -D__DEC128_MIN__=1E-6143DL -D__REGISTER_PREFIX__= -D__UINT16_MAX__=0xffff -D__DBL_HAS_DENORM__=1 -D__FLT32_MIN__=1.17549435082228750796873653722224568e-38F32 '-D__UINT8_TYPE__=unsigned char' -D__FLT_DIG__=6 -D__NO_INLINE__=1 -D__DEC_EVAL_METHOD__=2 -D__FLT_MANT_DIG__=24 -D__LDBL_DECIMAL_DIG__=21 '-D__UINT64_C(c)=c ## UL' -D_STDC_PREDEF_H=1 -D__INT_LEAST32_MAX__=0x7fffffff -D__GCC_ATOMIC_INT_LOCK_FREE=2 -D__FLT128_MAX_EXP__=16384 -D__FLT32_MANT_DIG__=24 -D__FLOAT_WORD_ORDER__=__ORDER_LITTLE_ENDIAN__ '-D__FLT32X_MIN_EXP__=(-1021)' -D__STDC_IEC_60559_COMPLEX__=201404L -D__BFLT16_MIN__=1.17549435082228750796873653722224568e-38BF16 -D__FLT128_HAS_DENORM__=1 -D__FLT32_DECIMAL_DIG__=9 -D__FLT128_DIG__=33 '-D__INT32_C(c)=c' -D__DEC64_EPSILON__=1E-15DD -D__ORDER_PDP_ENDIAN__=3412 '-D__DEC128_MIN_EXP__=(-6142)' -D__DEC128_MAX__=9.999999999999999999999999999999999E6144DL '-D__INT_FAST32_TYPE__=long int' '-D__UINT_LEAST16_TYPE__=short unsigned int' -D__DEC128_MAX_EXP__=6145 -Dunix=1 -D__UINT64_MAX__=0xffffffffffffffffUL -D__FLT_IS_IEC_60559__=1 '-D__GNUC_WIDE_EXECUTION_CHARSET_NAME="UTF-32LE"' -D__FLT64X_DIG__=18 '-D__INT8_TYPE__=signed char' -D__ELF__=1 -D__GCC_ASM_FLAG_OUTPUTS__=1 '-D__UINT32_TYPE__=unsigned int' -D__BFLT16_HAS_QUIET_NAN__=1 -D__FLT_RADIX__=2 '-D__INT_LEAST16_TYPE__=short int' -D__LDBL_EPSILON__=1.08420217248550443400745280086994171e-19L '-D__UINTMAX_C(c)=c ## UL' -D__FLT16_DIG__=3 -D__SSE_MATH__=1 -D__k8=1 -D__FLT32X_MIN__=2.22507385850720138309023271733240406e-308F32x -D__SIG_ATOMIC_MAX__=0x7fffffff -D__GCC_ATOMIC_WCHAR_T_LOCK_FREE=2 -D__USER_LABEL_PREFIX__= -D__STDC_IEC_60559_BFP__=201404L -D__SIZEOF_PTRDIFF_T__=8 -D__FLT64X_HAS_INFINITY__=1 -D__FLT32_HAS_INFINITY__=1 -D__SIZEOF_LONG__=8 -D__LDBL_DIG__=18 -D__FLT64_IS_IEC_60559__=1 -D__x86_64__=1 -D__FLT16_IS_IEC_60559__=1 -D__FLT16_MAX_EXP__=16 -D__DEC32_SUBNORMAL_MIN__=0.000001E-95DF -D__INT_FAST16_MAX__=0x7fffffffffffffffL -D__GCC_CONSTRUCTIVE_SIZE=64 -D__FLT64_DIG__=15 -D__UINT_FAST32_MAX__=0xffffffffffffffffUL '-D__UINT_LEAST64_TYPE__=long unsigned int' -D__FLT16_EPSILON__=9.76562500000000000000000000000000000e-4F16 -D__FLT_HAS_QUIET_NAN__=1 -D__FLT_MAX_10_EXP__=38 -D__LONG_MAX__=0x7fffffffffffffffL -D__FLT64X_HAS_DENORM__=1 -D__DEC128_SUBNORMAL_MIN__=0.000000000000000000000000000000001E-6143DL -D__FLT_HAS_INFINITY__=1 '-D__GNUC_EXECUTION_CHARSET_NAME="UTF-8"' '-D__UINT_FAST16_TYPE__=long unsigned int' -D__DEC64_MAX__=9.999999999999999E384DD -D__INT_FAST32_WIDTH__=64 -D__PRAGMA_REDEFINE_EXTNAME=1 -D__SIZE_WIDTH__=64 -D__SEG_FS=1 -D__INT_LEAST16_MAX__=0x7fff -D__FLT16_NORM_MAX__=6.55040000000000000000000000000000000e+4F16 -D__DEC64_MANT_DIG__=16 -D__FLT32_DENORM_MIN__=1.40129846432481707092372958328991613e-45F32 -D__SIG_ATOMIC_WIDTH__=32 '-D__INT_LEAST64_TYPE__=long int' '-D__INT16_TYPE__=short int' '-D__INT_LEAST8_TYPE__=signed char' -D__FLT16_MAX__=6.55040000000000000000000000000000000e+4F16 -D__FLT128_MIN__=3.36210314311209350626267781732175260e-4932F128 -D__SIZEOF_INT__=4 -D__DEC32_MAX_EXP__=97 -D__INT_FAST8_MAX__=0x7f -D__FLT128_MAX__=1.18973149535723176508575932662800702e+4932F128 -D__INTPTR_MAX__=0x7fffffffffffffffL -Dlinux=1 -D__FLT64_HAS_QUIET_NAN__=1 '-D__FLT32_MIN_10_EXP__=(-37)' -D__FLT32X_DIG__=15 '-D__UINT16_C(c)=c' -D__PTRDIFF_WIDTH__=64 -D__LDBL_MANT_DIG__=64 -D__INT_FAST16_WIDTH__=64 -D__FLT64_HAS_INFINITY__=1 -D__FLT64X_MAX__=1.18973149535723176502126385303097021e+4932F64x -D__FLT16_HAS_INFINITY__=1 '-D__SIG_ATOMIC_MIN__=(-__SIG_ATOMIC_MAX__ - 1)' -D__code_model_small__=1 -D__GCC_ATOMIC_LONG_LOCK_FREE=2 -D__DEC32_MANT_DIG__=7 -D__FLT16_MANT_DIG__=11 -D__k8__=1 '-D__INTPTR_TYPE__=long int' '-D__UINT16_TYPE__=short unsigned int' -D__WCHAR_TYPE__=int -D__pic__=2 -D__UINTPTR_MAX__=0xffffffffffffffffUL -D__INT_FAST64_WIDTH__=64 -D__LDBL_HAS_INFINITY__=1 -D__INT_FAST64_MAX__=0x7fffffffffffffffL -D__GCC_ATOMIC_TEST_AND_SET_TRUEVAL=1 -D__FLT_NORM_MAX__=3.40282346638528859811704183484516925e+38F -D__FLT64X_MAX_EXP__=16384 '-D__UINT_FAST64_TYPE__=long unsigned int' '-D__BFLT16_MIN_EXP__=(-125)' -D__INT_MAX__=0x7fffffff -D__linux__=1 '-D__INT64_TYPE__=long int' -D__FLT_MAX_EXP__=128 -D__ORDER_BIG_ENDIAN__=4321 -D__DBL_MANT_DIG__=53 -D__SIZEOF_FLOAT128__=16 -D__BFLT16_MANT_DIG__=8 -D__GCC_ATOMIC_CHAR16_T_LOCK_FREE=2 -D__DEC64_MIN__=1E-383DD '-D__WINT_TYPE__=unsigned int' '-D__UINT_LEAST32_TYPE__=unsigned int' -D__SIZEOF_SHORT__=2 -D__FLT32_NORM_MAX__=3.40282346638528859811704183484516925e+38F32 -D__SSE__=1 '-D__LDBL_MIN_EXP__=(-16381)' -D__FLT64_MAX__=1.79769313486231570814527423731704357e+308F64 -D__amd64__=1 -D__WINT_WIDTH__=32 -D__INT_LEAST8_MAX__=0x7f -D__INT_LEAST64_WIDTH__=64 -D__FLT32X_MAX_10_EXP__=308 -D__SIZEOF_INT128__=16 -D__FLT16_MIN__=6.10351562500000000000000000000000000e-5F16 -D__FLT64X_IS_IEC_60559__=1 -D__LDBL_MAX_10_EXP__=4932 -D__ATOMIC_RELAXED=0 '-D__DBL_EPSILON__=((double)2.22044604925031308084726333618164062e-16L)' -D__INT_LEAST32_TYPE__=int -D_LP64=1 '-D__UINT8_C(c)=c' -D__FLT64_MAX_EXP__=1024 -D__SIZEOF_WCHAR_T__=4 '-D__UINT64_TYPE__=long unsigned int' -D__FLT128_NORM_MAX__=1.18973149535723176508575932662800702e+4932F128 -D__FLT64_NORM_MAX__=1.79769313486231570814527423731704357e+308F64 -D__FLT128_HAS_QUIET_NAN__=1 -D__INTMAX_MAX__=0x7fffffffffffffffL '-D__INT_FAST8_TYPE__=signed char' -D__FLT64X_MIN__=3.36210314311209350626267781732175260e-4932F64x -D__FLT64_HAS_DENORM__=1 -D__FLT32_EPSILON__=1.19209289550781250000000000000000000e-7F32 -D__FLT16_HAS_DENORM__=1 -D__DBL_DECIMAL_DIG__=17 -D__STDC_UTF_32__=1 -D__INT_FAST8_WIDTH__=8 -D__FXSR__=1 -D__FLT32X_MAX__=1.79769313486231570814527423731704357e+308F32x '-D__DBL_NORM_MAX__=((double)1.79769313486231570814527423731704357e+308L)' -D__BYTE_ORDER__=__ORDER_LITTLE_ENDIAN__ -D__GCC_DESTRUCTIVE_SIZE=64 -D__INTMAX_WIDTH__=64 -D__FLT32_DIG__=6 '-D__UINT32_C(c)=c ## U' -D__FLT_DENORM_MIN__=1.40129846432481707092372958328991613e-45F -D__INT8_MAX__=0x7f -D__LONG_WIDTH__=64 '-D__DBL_MIN__=((double)2.22507385850720138309023271733240406e-308L)' -D__PIC__=2 -D__INT32_MAX__=0x7fffffff '-D__UINT_FAST32_TYPE__=long unsigned int' -D__FLT32X_NORM_MAX__=1.79769313486231570814527423731704357e+308F32x -D__FLT_MAX__=3.40282346638528859811704183484516925e+38F -D__SSE2__=1 -D__INT32_TYPE__=int -D__SIZEOF_DOUBLE__=8 '-D__FLT_MIN_10_EXP__=(-37)' -D__FLT64_MIN__=2.22507385850720138309023271733240406e-308F64 -D__INT_LEAST32_WIDTH__=32 '-D__INTMAX_TYPE__=long int' -D__FLT32X_HAS_QUIET_NAN__=1 -D__ATOMIC_CONSUME=1 -D__UINTMAX_MAX__=0xffffffffffffffffUL -D__PIE__=2 -D__FLT32X_DENORM_MIN__=4.94065645841246544176568792868221372e-324F32x -D__DBL_MAX_10_EXP__=308 -D__LDBL_DENORM_MIN__=3.64519953188247460252840593361941982e-4951L '-D__INT16_C(c)=c' '-D__PTRDIFF_TYPE__=long int' '-D__FLT32X_MIN_10_EXP__=(-307)' '-D__UINTPTR_TYPE__=long unsigned int' -D__DEC64_SUBNORMAL_MIN__=0.000000000000001E-383DD -D__DEC128_MANT_DIG__=34 '-D__LDBL_MIN_10_EXP__=(-4931)' -D__SIZEOF_LONG_LONG__=8 -D__FLT128_DECIMAL_DIG__=36 -D__GCC_ATOMIC_LLONG_LOCK_FREE=2 -D__FLT32_HAS_QUIET_NAN__=1 -D__FLT_DECIMAL_DIG__=9 -D__UINT_FAST16_MAX__=0xffffffffffffffffUL -D__LDBL_NORM_MAX__=1.18973149535723176502126385303097021e+4932L -D__GCC_ATOMIC_SHORT_LOCK_FREE=2 -D__SIZE_MAX__=0xffffffffffffffffUL '-D__UINT_FAST8_TYPE__=unsigned char' -D__ATOMIC_ACQ_REL=4 -D__ATOMIC_RELEASE=3 -I/usr/lib/gcc/x86_64-linux-gnu/13/include -I/usr/local/include -I/usr/include/x86_64-linux-gnu -I/usr/include -- test1.c
[E 04:16:19 40821] CODEQL_EXTRACTOR_CPP_TRAP_CACHING is not set
[E 04:16:19 40821] CODEQL_EXTRACTOR_CPP_OPTION_TRAP_CACHE_WRITE is not set
[E 04:16:19 40821] CODEQL_EXTRACTOR_CPP_OPTION_TRAP_CACHE_DIR is not set
[E 04:16:19 40821] Initialising TRAP cache at path: 7c/94ed/ed6a6722a857d655f96e66d23166
[E 04:16:19 40821] Not using TRAP cache
[E 04:16:19 40821] TRAP cache miss
[E 04:16:19 40821] Starting compilation TRAP /home/test/my-awesome-project/CISB/server/partofunionnotinit/db-l29/trap/cpp/compilations/37/64767637_0.trap.zst
[E 04:16:19 40821] Archiving /home/test/my-awesome-project/CISB/server/partofunionnotinit/db-l29/src/home/test/my-awesome-project/CISB/server/partofunionnotinit/test1.c
[E 04:16:19 40821] Archiving /home/test/my-awesome-project/CISB/server/partofunionnotinit/db-l29/src/usr/include/string.h
[E 04:16:19 40821] Archiving /home/test/my-awesome-project/CISB/server/partofunionnotinit/db-l29/src/usr/include/x86_64-linux-gnu/bits/libc-header-start.h
[E 04:16:19 40821] Archiving /home/test/my-awesome-project/CISB/server/partofunionnotinit/db-l29/src/usr/include/features.h
[E 04:16:19 40821] Archiving /home/test/my-awesome-project/CISB/server/partofunionnotinit/db-l29/src/usr/include/features-time64.h
[E 04:16:19 40821] Archiving /home/test/my-awesome-project/CISB/server/partofunionnotinit/db-l29/src/usr/include/x86_64-linux-gnu/bits/wordsize.h
[E 04:16:19 40821] Archiving /home/test/my-awesome-project/CISB/server/partofunionnotinit/db-l29/src/usr/include/x86_64-linux-gnu/bits/timesize.h
[E 04:16:19 40821] Already archived /home/test/my-awesome-project/CISB/server/partofunionnotinit/db-l29/src/usr/include/x86_64-linux-gnu/bits/wordsize.h
[E 04:16:19 40821] Archiving /home/test/my-awesome-project/CISB/server/partofunionnotinit/db-l29/src/usr/include/stdc-predef.h
[E 04:16:19 40821] Archiving /home/test/my-awesome-project/CISB/server/partofunionnotinit/db-l29/src/usr/include/x86_64-linux-gnu/sys/cdefs.h
[E 04:16:19 40821] Already archived /home/test/my-awesome-project/CISB/server/partofunionnotinit/db-l29/src/usr/include/x86_64-linux-gnu/bits/wordsize.h
[E 04:16:19 40821] Archiving /home/test/my-awesome-project/CISB/server/partofunionnotinit/db-l29/src/usr/include/x86_64-linux-gnu/bits/long-double.h
[E 04:16:19 40821] Archiving /home/test/my-awesome-project/CISB/server/partofunionnotinit/db-l29/src/usr/include/x86_64-linux-gnu/gnu/stubs.h
[E 04:16:19 40821] Archiving /home/test/my-awesome-project/CISB/server/partofunionnotinit/db-l29/src/usr/include/x86_64-linux-gnu/gnu/stubs-64.h
[E 04:16:19 40821] Archiving /home/test/my-awesome-project/CISB/server/partofunionnotinit/db-l29/src/usr/lib/gcc/x86_64-linux-gnu/13/include/stddef.h
[E 04:16:19 40821] Archiving /home/test/my-awesome-project/CISB/server/partofunionnotinit/db-l29/src/usr/include/x86_64-linux-gnu/bits/types/locale_t.h
[E 04:16:19 40821] Archiving /home/test/my-awesome-project/CISB/server/partofunionnotinit/db-l29/src/usr/include/x86_64-linux-gnu/bits/types/__locale_t.h
[E 04:16:19 40821] Archiving /home/test/my-awesome-project/CISB/server/partofunionnotinit/db-l29/src/usr/include/strings.h
[E 04:16:19 40821] Already archived /home/test/my-awesome-project/CISB/server/partofunionnotinit/db-l29/src/usr/lib/gcc/x86_64-linux-gnu/13/include/stddef.h
[E 04:16:19 40821] Archiving /home/test/my-awesome-project/CISB/server/partofunionnotinit/db-l29/src/usr/include/linux/string.h
[E 04:16:19 40821] Creating trap tarball /home/test/my-awesome-project/CISB/server/partofunionnotinit/db-l29/trap/cpp/tarballs/home/test/my-awesome-project/CISB/server/partofunionnotinit/test1.c.762e1422_0.trap.tar.zst
[E 04:16:19 40821] Emitting trap files for test1.c
[E 04:16:19 40821] Opening existencedb in /home/test/my-awesome-project/CISB/server/partofunionnotinit/db-l29/working/existencedb/db
[E 04:16:19 40821] Wrote 19 files to /home/test/my-awesome-project/CISB/server/partofunionnotinit/db-l29/trap/cpp/tarballs/home/test/my-awesome-project/CISB/server/partofunionnotinit/test1.c.762e1422_0.trap.tar.zst
[E 04:16:19 40821] Finished compilation TRAP /home/test/my-awesome-project/CISB/server/partofunionnotinit/db-l29/trap/cpp/compilations/37/64767637_0.trap.zst
[E 04:16:19 40821] Marking C compilation as happened.
[E 04:16:19 40821] Setting tag c-compilation-happened
[E 04:16:19 40821] Starting from CODEQL_TRACER_DB_ID 0000000000009F73_0000000000000001
[E 04:16:19 40821] Locking DB /home/test/my-awesome-project/CISB/server/partofunionnotinit/db-l29/working/tags.db
[E 04:16:19 40821] Locked DB /home/test/my-awesome-project/CISB/server/partofunionnotinit/db-l29/working/tags.db
[E 04:16:19 40821] Set tag for 0000000000009F73_0000000000000001
[E 04:16:19 40821] Set tag for 0000000000009F71_0000000000000001
[E 04:16:19 40821] Set tag for 0000000000009F6D_0000000000000003
[E 04:16:19 40821] Set tag for 0000000000009F6D_0000000000000002
[E 04:16:19 40821] Set tag for root
[E 04:16:19 40821] Unlocking DB
[E 04:16:19 40821] Unlocked DB
[E 04:16:19 40821] Extractor exited successfully
[T 04:16:19 40819] Extractor /mnt/c/Tools/codeql/cpp/tools/linux64/extractor terminated with exit code 0.
[T 04:16:19 41071] Initializing tracer.
[T 04:16:19 41071] Initializing tags.
[T 04:16:19 41071] ID set to 000000000000A06F_0000000000000001 (parent 0000000000009F71_0000000000000001)
[T 04:16:19 41071] ==== Candidate to intercept: as (canonical: /usr/bin/as) ====
[T 04:16:19 41071] Lua: === Intercepted call to /usr/bin/as ===
[T 04:16:19 41071] Executing the following tracer actions:
[T 04:16:19 41071] Tracer actions:
[T 04:16:19 41071] pre_invocations(0)
[T 04:16:19 41071] post_invocations(1)
[T 04:16:19 41071] invocation: /mnt/c/Tools/codeql/cpp/tools/linux64/extractor, args: [--assembler, --codeql-assembler-executable, /usr/bin/as, --64, -o, test1.o, /tmp/ccOuU0E5.s]
[T 04:16:19 41071] trace_languages(1): [cpp]
[T 04:16:19 41087] Attempting to switch stdout/stderr to 4...
[T 04:16:19 41087] Initializing tracer.
[T 04:16:19 41087] Initializing tags.
[T 04:16:19 41087] ID set to 000000000000A07F_0000000000000001 (parent 000000000000A06F_0000000000000001)
[E 04:16:19 41087] CodeQL C/C++ Extractor 2.25.1
[E 04:16:19 41087] Current directory: /home/test/my-awesome-project/CISB/server/partofunionnotinit
[E 04:16:19 41087] Command: /mnt/c/Tools/codeql/cpp/tools/linux64/extractor --assembler --codeql-assembler-executable /usr/bin/as --64 -o test1.o /tmp/ccOuU0E5.s
[E 04:16:19 41087] Extractor exited after mimicking assembler
[T 04:16:19 41071] Extractor /mnt/c/Tools/codeql/cpp/tools/linux64/extractor terminated with exit code 0.
[T 04:16:19 41144] Attempting to switch stdout/stderr to 4...
[T 04:16:19 41144] Initializing tracer.
[T 04:16:19 41144] Initializing tags.
[T 04:16:19 41144] ID set to 000000000000A0B8_0000000000000001 (parent 0000000000009F71_0000000000000001)
[E 04:16:19 41144] CodeQL C/C++ Extractor 2.25.1
[E 04:16:19 41144] Current directory: /home/test/my-awesome-project/CISB/server/partofunionnotinit
[E 04:16:19 41144] Command: /mnt/c/Tools/codeql/cpp/tools/linux64/extractor --mimic /usr/bin/x86_64-linux-gnu-gcc-13 -c -o test1.o test1.c
[T 04:16:19 41199] Initializing tracer.
[T 04:16:19 41199] Initializing tags.
[T 04:16:19 41199] ID set to 000000000000A0EF_0000000000000001 (parent 000000000000A0B8_0000000000000001)
[T 04:16:19 41199] ==== Candidate to intercept: /usr/bin/x86_64-linux-gnu-gcc-13 (canonical: /usr/bin/x86_64-linux-gnu-gcc-13) ====
[T 04:16:19 41199] Lua: === Intercepted call to /usr/bin/x86_64-linux-gnu-gcc-13 ===
[T 04:16:19 41199] Executing the following tracer actions:
[T 04:16:19 41199] Tracer actions:
[T 04:16:19 41199] pre_invocations(0)
[T 04:16:19 41199] post_invocations(1)
[T 04:16:19 41199] invocation: /mnt/c/Tools/codeql/cpp/tools/linux64/extractor, args: [--mimic, /usr/bin/x86_64-linux-gnu-gcc-13, --version]
[T 04:16:19 41199] trace_languages(1): [cpp]
[T 04:16:19 41203] Attempting to switch stdout/stderr to 7...
[T 04:16:19 41203] Initializing tracer.
[T 04:16:19 41203] Initializing tags.
[T 04:16:19 41203] ID set to 000000000000A0F3_0000000000000001 (parent 000000000000A0EF_0000000000000001)
[E 04:16:19 41203] Mimicry classification suppression detected; exiting.
[E 04:16:19 41203] Extractor exited successfully
[T 04:16:19 41199] Extractor /mnt/c/Tools/codeql/cpp/tools/linux64/extractor terminated with exit code 0.
[T 04:16:19 41204] Initializing tracer.
[T 04:16:19 41204] Initializing tags.
[T 04:16:19 41204] ID set to 000000000000A0F4_0000000000000001 (parent 000000000000A0B8_0000000000000001)
[T 04:16:19 41204] ==== Candidate to intercept: /usr/bin/x86_64-linux-gnu-gcc-13 (canonical: /usr/bin/x86_64-linux-gnu-gcc-13) ====
[T 04:16:19 41204] Lua: === Intercepted call to /usr/bin/x86_64-linux-gnu-gcc-13 ===
[T 04:16:19 41204] Executing the following tracer actions:
[T 04:16:19 41204] Tracer actions:
[T 04:16:19 41204] pre_invocations(0)
[T 04:16:19 41204] post_invocations(1)
[T 04:16:19 41204] invocation: /mnt/c/Tools/codeql/cpp/tools/linux64/extractor, args: [--mimic, /usr/bin/x86_64-linux-gnu-gcc-13, --help]
[T 04:16:19 41204] trace_languages(1): [cpp]
[T 04:16:19 41206] Attempting to switch stdout/stderr to 7...
[T 04:16:19 41206] Initializing tracer.
[T 04:16:19 41206] Initializing tags.
[T 04:16:19 41206] ID set to 000000000000A0F6_0000000000000001 (parent 000000000000A0F4_0000000000000001)
[E 04:16:19 41206] Mimicry classification suppression detected; exiting.
[E 04:16:19 41206] Extractor exited successfully
[T 04:16:19 41204] Extractor /mnt/c/Tools/codeql/cpp/tools/linux64/extractor terminated with exit code 0.
[T 04:16:19 41207] Initializing tracer.
[T 04:16:19 41207] Initializing tags.
[T 04:16:19 41207] ID set to 000000000000A0F7_0000000000000001 (parent 000000000000A0B8_0000000000000001)
[T 04:16:19 41207] ==== Candidate to intercept: /usr/bin/x86_64-linux-gnu-gcc-13 (canonical: /usr/bin/x86_64-linux-gnu-gcc-13) ====
[T 04:16:19 41207] Lua: === Intercepted call to /usr/bin/x86_64-linux-gnu-gcc-13 ===
[T 04:16:19 41207] Executing the following tracer actions:
[T 04:16:19 41207] Tracer actions:
[T 04:16:19 41207] pre_invocations(0)
[T 04:16:19 41207] post_invocations(1)
[T 04:16:19 41207] invocation: /mnt/c/Tools/codeql/cpp/tools/linux64/extractor, args: [--mimic, /usr/bin/x86_64-linux-gnu-gcc-13, -nostdinc, -o, /home/test/my-awesome-project/CISB/server/partofunionnotinit/db-l29/working/tmp//semmle_2_41144_674796.o, -c, /home/test/my-awesome-project/CISB/server/partofunionnotinit/db-l29/working/tmp//semmle_1_41144_674719.c]
[T 04:16:19 41207] trace_languages(1): [cpp]
[T 04:16:19 41209] Initializing tracer.
[T 04:16:19 41209] Initializing tags.
[T 04:16:19 41209] ID set to 000000000000A0F9_0000000000000001 (parent 000000000000A0F7_0000000000000001)
[T 04:16:19 41209] ==== Candidate to intercept: /usr/libexec/gcc/x86_64-linux-gnu/13/cc1 (canonical: /usr/libexec/gcc/x86_64-linux-gnu/13/cc1) ====
[T 04:16:19 41209] Lua: === Intercepted call to /usr/libexec/gcc/x86_64-linux-gnu/13/cc1 ===
[T 04:16:19 41209] Executing the following tracer actions:
[T 04:16:19 41209] Tracer actions:
[T 04:16:19 41209] pre_invocations(0)
[T 04:16:19 41209] post_invocations(1)
[T 04:16:19 41209] invocation: /mnt/c/Tools/codeql/cpp/tools/linux64/extractor, args: [--mimic, /usr/libexec/gcc/x86_64-linux-gnu/13/cc1, -quiet, -nostdinc, -imultiarch, x86_64-linux-gnu, /home/test/my-awesome-project/CISB/server/partofunionnotinit/db-l29/working/tmp//semmle_1_41144_674719.c, -quiet, -dumpdir, /home/test/my-awesome-project/CISB/server/partofunionnotinit/db-l29/working/tmp//, -dumpbase, semmle_2_41144_674796.c, -dumpbase-ext, .c, -mtune=generic, -march=x86-64, -fasynchronous-unwind-tables, -fstack-protector-strong, -Wformat, -Wformat-security, -fstack-clash-protection, -fcf-protection, -o, /tmp/ccrXH6Bz.s]
[T 04:16:19 41209] trace_languages(1): [cpp]
[T 04:16:19 41225] Attempting to switch stdout/stderr to 7...
[T 04:16:19 41225] Initializing tracer.
[T 04:16:19 41225] Initializing tags.
[T 04:16:19 41225] ID set to 000000000000A109_0000000000000001 (parent 000000000000A0F9_0000000000000001)
[E 04:16:19 41225] Mimicry classification suppression detected; exiting.
[E 04:16:19 41225] Extractor exited successfully
[T 04:16:19 41209] Extractor /mnt/c/Tools/codeql/cpp/tools/linux64/extractor terminated with exit code 0.
[T 04:16:19 41237] Initializing tracer.
[T 04:16:19 41237] Initializing tags.
[T 04:16:19 41237] ID set to 000000000000A115_0000000000000001 (parent 000000000000A0F7_0000000000000001)
[T 04:16:19 41237] ==== Candidate to intercept: as (canonical: /usr/bin/as) ====
[T 04:16:19 41237] Lua: === Intercepted call to /usr/bin/as ===
[T 04:16:19 41237] Executing the following tracer actions:
[T 04:16:19 41237] Tracer actions:
[T 04:16:19 41237] pre_invocations(0)
[T 04:16:19 41237] post_invocations(1)
[T 04:16:19 41237] invocation: /mnt/c/Tools/codeql/cpp/tools/linux64/extractor, args: [--assembler, --codeql-assembler-executable, /usr/bin/as, --64, -o, /home/test/my-awesome-project/CISB/server/partofunionnotinit/db-l29/working/tmp//semmle_2_41144_674796.o, /tmp/ccrXH6Bz.s]
[T 04:16:19 41237] trace_languages(1): [cpp]
[T 04:16:19 41243] Attempting to switch stdout/stderr to 7...
[T 04:16:19 41243] Initializing tracer.
[T 04:16:19 41243] Initializing tags.
[T 04:16:19 41243] ID set to 000000000000A11B_0000000000000001 (parent 000000000000A115_0000000000000001)
[E 04:16:19 41243] Mimicry classification suppression detected; exiting.
[E 04:16:19 41243] Extractor exited successfully
[T 04:16:19 41237] Extractor /mnt/c/Tools/codeql/cpp/tools/linux64/extractor terminated with exit code 0.
[T 04:16:19 41258] Attempting to switch stdout/stderr to 7...
[T 04:16:19 41258] Initializing tracer.
[T 04:16:19 41258] Initializing tags.
[T 04:16:19 41258] ID set to 000000000000A12A_0000000000000001 (parent 000000000000A0F7_0000000000000001)
[E 04:16:19 41258] Mimicry classification suppression detected; exiting.
[E 04:16:19 41258] Extractor exited successfully
[T 04:16:19 41207] Extractor /mnt/c/Tools/codeql/cpp/tools/linux64/extractor terminated with exit code 0.
[T 04:16:19 41272] Initializing tracer.
[T 04:16:19 41272] Initializing tags.
[T 04:16:19 41272] ID set to 000000000000A138_0000000000000001 (parent 000000000000A0B8_0000000000000001)
[T 04:16:19 41272] ==== Candidate to intercept: /usr/bin/x86_64-linux-gnu-gcc-13 (canonical: /usr/bin/x86_64-linux-gnu-gcc-13) ====
[T 04:16:19 41272] Lua: === Intercepted call to /usr/bin/x86_64-linux-gnu-gcc-13 ===
[T 04:16:19 41272] Executing the following tracer actions:
[T 04:16:19 41272] Tracer actions:
[T 04:16:19 41272] pre_invocations(0)
[T 04:16:19 41272] post_invocations(1)
[T 04:16:19 41272] invocation: /mnt/c/Tools/codeql/cpp/tools/linux64/extractor, args: [--mimic, /usr/bin/x86_64-linux-gnu-gcc-13, -nostdinc, -o, /home/test/my-awesome-project/CISB/server/partofunionnotinit/db-l29/working/tmp//semmle_4_41144_753441.o, -c, /home/test/my-awesome-project/CISB/server/partofunionnotinit/db-l29/working/tmp//semmle_3_41144_753374.c]
[T 04:16:19 41272] trace_languages(1): [cpp]
[T 04:16:19 41283] Initializing tracer.
[T 04:16:19 41283] Initializing tags.
[T 04:16:19 41283] ID set to 000000000000A143_0000000000000001 (parent 000000000000A138_0000000000000001)
[T 04:16:19 41283] ==== Candidate to intercept: /usr/libexec/gcc/x86_64-linux-gnu/13/cc1 (canonical: /usr/libexec/gcc/x86_64-linux-gnu/13/cc1) ====
[T 04:16:19 41283] Lua: === Intercepted call to /usr/libexec/gcc/x86_64-linux-gnu/13/cc1 ===
[T 04:16:19 41283] Executing the following tracer actions:
[T 04:16:19 41283] Tracer actions:
[T 04:16:19 41283] pre_invocations(0)
[T 04:16:19 41283] post_invocations(1)
[T 04:16:19 41283] invocation: /mnt/c/Tools/codeql/cpp/tools/linux64/extractor, args: [--mimic, /usr/libexec/gcc/x86_64-linux-gnu/13/cc1, -quiet, -nostdinc, -imultiarch, x86_64-linux-gnu, /home/test/my-awesome-project/CISB/server/partofunionnotinit/db-l29/working/tmp//semmle_3_41144_753374.c, -quiet, -dumpdir, /home/test/my-awesome-project/CISB/server/partofunionnotinit/db-l29/working/tmp//, -dumpbase, semmle_4_41144_753441.c, -dumpbase-ext, .c, -mtune=generic, -march=x86-64, -fasynchronous-unwind-tables, -fstack-protector-strong, -Wformat, -Wformat-security, -fstack-clash-protection, -fcf-protection, -o, /tmp/ccV1c5cI.s]
[T 04:16:19 41283] trace_languages(1): [cpp]
[T 04:16:19 41291] Attempting to switch stdout/stderr to 7...
[T 04:16:19 41291] Initializing tracer.
[T 04:16:19 41291] Initializing tags.
[T 04:16:19 41291] ID set to 000000000000A14B_0000000000000001 (parent 000000000000A143_0000000000000001)
[E 04:16:19 41291] Mimicry classification suppression detected; exiting.
[E 04:16:19 41291] Extractor exited successfully
[T 04:16:19 41283] Extractor /mnt/c/Tools/codeql/cpp/tools/linux64/extractor terminated with exit code 0.
[T 04:16:19 41306] Attempting to switch stdout/stderr to 7...
[T 04:16:19 41306] Initializing tracer.
[T 04:16:19 41306] Initializing tags.
[T 04:16:19 41306] ID set to 000000000000A15A_0000000000000001 (parent 000000000000A138_0000000000000001)
[E 04:16:19 41306] Mimicry classification suppression detected; exiting.
[E 04:16:19 41306] Extractor exited successfully
[T 04:16:19 41272] Extractor /mnt/c/Tools/codeql/cpp/tools/linux64/extractor terminated with exit code 0.
[E 04:16:19 41144] Checking whether C compilation already happened.
[E 04:16:19 41144] Checking for tag c-compilation-happened
[E 04:16:19 41144] Checking CODEQL_TRACER_DB_ID 0000000000009F71_0000000000000001
[E 04:16:19 41144] Locking DB /home/test/my-awesome-project/CISB/server/partofunionnotinit/db-l29/working/tags.db
[E 04:16:19 41144] Locked DB /home/test/my-awesome-project/CISB/server/partofunionnotinit/db-l29/working/tags.db
[E 04:16:19 41144] Unlocking DB
[E 04:16:19 41144] Unlocked DB
[E 04:16:19 41144] Exiting as C compilation already happened.
[T 04:16:19 40817] Extractor /mnt/c/Tools/codeql/cpp/tools/linux64/extractor terminated with exit code 0.
