[T 03:56:42 18943] CodeQL CLI version 2.25.1
[T 03:56:42 18943] Initializing tracer.
[T 03:56:42 18943] Initializing tags.
[T 03:56:42 18943] ID set to 00000000000049FF_0000000000000001 (parent root)
[T 03:56:42 18943] Initializing tracer.
[T 03:56:42 18943] Initializing tags.
[T 03:56:42 18943] ID set to 00000000000049FF_0000000000000002 (parent root)
[T 03:56:42 18943] Warning: SEMMLE_EXEC and SEMMLE_EXECP not set. Falling back to path lookup on argv[0].
[T 03:56:42 18943] ==== Candidate to intercept: /mnt/c/Tools/codeql/tools/linux64/runner-linux (canonical: /mnt/c/Tools/codeql/tools/linux64/runner-linux) ====
[T 03:56:42 18943] Executing the following tracer actions:
[T 03:56:42 18943] Tracer actions:
[T 03:56:42 18943] pre_invocations(0)
[T 03:56:42 18943] post_invocations(0)
[T 03:56:42 18943] trace_languages(1): [cpp]
[T 03:56:42 18943] Initializing tracer.
[T 03:56:42 18943] Initializing tags.
[T 03:56:42 18943] ID set to 00000000000049FF_0000000000000003 (parent 00000000000049FF_0000000000000002)
[T 03:56:42 18943] ==== Candidate to intercept: make (canonical: /usr/bin/make) ====
[T 03:56:42 18943] Executing the following tracer actions:
[T 03:56:42 18943] Tracer actions:
[T 03:56:42 18943] pre_invocations(0)
[T 03:56:42 18943] post_invocations(0)
[T 03:56:42 18943] trace_languages(1): [cpp]
[T 03:56:42 18946] Initializing tracer.
[T 03:56:42 18946] Initializing tags.
[T 03:56:42 18946] ID set to 0000000000004A02_0000000000000001 (parent 00000000000049FF_0000000000000003)
[T 03:56:42 18946] ==== Candidate to intercept: /usr/bin/gcc (canonical: /usr/bin/x86_64-linux-gnu-gcc-13) ====
[T 03:56:42 18946] Lua: === Intercepted call to /usr/bin/x86_64-linux-gnu-gcc-13 ===
[T 03:56:42 18946] Executing the following tracer actions:
[T 03:56:42 18946] Tracer actions:
[T 03:56:42 18946] pre_invocations(0)
[T 03:56:42 18946] post_invocations(1)
[T 03:56:42 18946] invocation: /mnt/c/Tools/codeql/cpp/tools/linux64/extractor, args: [--mimic, /usr/bin/x86_64-linux-gnu-gcc-13, -c, -o, test1.o, test1.c]
[T 03:56:42 18946] trace_languages(1): [cpp]
[T 03:56:42 18948] Initializing tracer.
[T 03:56:42 18948] Initializing tags.
[T 03:56:42 18948] ID set to 0000000000004A04_0000000000000001 (parent 0000000000004A02_0000000000000001)
[T 03:56:42 18948] ==== Candidate to intercept: /usr/libexec/gcc/x86_64-linux-gnu/13/cc1 (canonical: /usr/libexec/gcc/x86_64-linux-gnu/13/cc1) ====
[T 03:56:42 18948] Lua: === Intercepted call to /usr/libexec/gcc/x86_64-linux-gnu/13/cc1 ===
[T 03:56:42 18948] Executing the following tracer actions:
[T 03:56:42 18948] Tracer actions:
[T 03:56:42 18948] pre_invocations(0)
[T 03:56:42 18948] post_invocations(1)
[T 03:56:42 18948] invocation: /mnt/c/Tools/codeql/cpp/tools/linux64/extractor, args: [--mimic, /usr/libexec/gcc/x86_64-linux-gnu/13/cc1, -quiet, -imultiarch, x86_64-linux-gnu, test1.c, -quiet, -dumpbase, test1.c, -dumpbase-ext, .c, -mtune=generic, -march=x86-64, -fasynchronous-unwind-tables, -fstack-protector-strong, -Wformat, -Wformat-security, -fstack-clash-protection, -fcf-protection, -o, /tmp/cc3ssmDy.s]
[T 03:56:42 18948] trace_languages(1): [cpp]
[T 03:56:42 18950] Attempting to switch stdout/stderr to 4...
[T 03:56:42 18950] Initializing tracer.
[T 03:56:42 18950] Initializing tags.
[T 03:56:42 18950] ID set to 0000000000004A06_0000000000000001 (parent 0000000000004A04_0000000000000001)
[E 03:56:42 18950] CodeQL C/C++ Extractor 2.25.1
[E 03:56:42 18950] Current directory: /home/test/my-awesome-project/CISB/server/reorderCPUcheck
[E 03:56:42 18950] Command: /mnt/c/Tools/codeql/cpp/tools/linux64/extractor --mimic /usr/libexec/gcc/x86_64-linux-gnu/13/cc1 -quiet -imultiarch x86_64-linux-gnu test1.c -quiet -dumpbase test1.c -dumpbase-ext .c -mtune=generic -march=x86-64 -fasynchronous-unwind-tables -fstack-protector-strong -Wformat -Wformat-security -fstack-clash-protection -fcf-protection -o /tmp/cc3ssmDy.s
[T 03:56:42 18951] Initializing tracer.
[T 03:56:42 18951] Initializing tags.
[T 03:56:42 18951] ID set to 0000000000004A07_0000000000000001 (parent 0000000000004A06_0000000000000001)
[T 03:56:42 18951] ==== Candidate to intercept: /usr/libexec/gcc/x86_64-linux-gnu/13/cc1 (canonical: /usr/libexec/gcc/x86_64-linux-gnu/13/cc1) ====
[T 03:56:42 18951] Lua: === Intercepted call to /usr/libexec/gcc/x86_64-linux-gnu/13/cc1 ===
[T 03:56:42 18951] Executing the following tracer actions:
[T 03:56:42 18951] Tracer actions:
[T 03:56:42 18951] pre_invocations(0)
[T 03:56:42 18951] post_invocations(1)
[T 03:56:42 18951] invocation: /mnt/c/Tools/codeql/cpp/tools/linux64/extractor, args: [--mimic, /usr/libexec/gcc/x86_64-linux-gnu/13/cc1, --version]
[T 03:56:42 18951] trace_languages(1): [cpp]
[T 03:56:42 18953] Attempting to switch stdout/stderr to 7...
[T 03:56:42 18953] Initializing tracer.
[T 03:56:42 18953] Initializing tags.
[T 03:56:42 18953] ID set to 0000000000004A09_0000000000000001 (parent 0000000000004A07_0000000000000001)
[E 03:56:42 18953] Mimicry classification suppression detected; exiting.
[E 03:56:42 18953] Extractor exited successfully
[T 03:56:43 18951] Extractor /mnt/c/Tools/codeql/cpp/tools/linux64/extractor terminated with exit code 0.
[T 03:56:43 18954] Initializing tracer.
[T 03:56:43 18954] Initializing tags.
[T 03:56:43 18954] ID set to 0000000000004A0A_0000000000000001 (parent 0000000000004A06_0000000000000001)
[T 03:56:43 18954] ==== Candidate to intercept: /usr/libexec/gcc/x86_64-linux-gnu/13/cc1 (canonical: /usr/libexec/gcc/x86_64-linux-gnu/13/cc1) ====
[T 03:56:43 18954] Lua: === Intercepted call to /usr/libexec/gcc/x86_64-linux-gnu/13/cc1 ===
[T 03:56:43 18954] Executing the following tracer actions:
[T 03:56:43 18954] Tracer actions:
[T 03:56:43 18954] pre_invocations(0)
[T 03:56:43 18954] post_invocations(1)
[T 03:56:43 18954] invocation: /mnt/c/Tools/codeql/cpp/tools/linux64/extractor, args: [--mimic, /usr/libexec/gcc/x86_64-linux-gnu/13/cc1, --help]
[T 03:56:43 18954] trace_languages(1): [cpp]
[T 03:56:43 18956] Attempting to switch stdout/stderr to 7...
[T 03:56:43 18956] Initializing tracer.
[T 03:56:43 18956] Initializing tags.
[T 03:56:43 18956] ID set to 0000000000004A0C_0000000000000001 (parent 0000000000004A0A_0000000000000001)
[E 03:56:43 18956] Mimicry classification suppression detected; exiting.
[E 03:56:43 18956] Extractor exited successfully
[T 03:56:43 18954] Extractor /mnt/c/Tools/codeql/cpp/tools/linux64/extractor terminated with exit code 0.
[T 03:56:43 18957] Initializing tracer.
[T 03:56:43 18957] Initializing tags.
[T 03:56:43 18957] ID set to 0000000000004A0D_0000000000000001 (parent 0000000000004A06_0000000000000001)
[T 03:56:43 18957] ==== Candidate to intercept: /usr/libexec/gcc/x86_64-linux-gnu/13/cc1 (canonical: /usr/libexec/gcc/x86_64-linux-gnu/13/cc1) ====
[T 03:56:43 18957] Lua: === Intercepted call to /usr/libexec/gcc/x86_64-linux-gnu/13/cc1 ===
[T 03:56:43 18957] Executing the following tracer actions:
[T 03:56:43 18957] Tracer actions:
[T 03:56:43 18957] pre_invocations(0)
[T 03:56:43 18957] post_invocations(1)
[T 03:56:43 18957] invocation: /mnt/c/Tools/codeql/cpp/tools/linux64/extractor, args: [--mimic, /usr/libexec/gcc/x86_64-linux-gnu/13/cc1, -version, --help]
[T 03:56:43 18957] trace_languages(1): [cpp]
[T 03:56:43 18959] Attempting to switch stdout/stderr to 7...
[T 03:56:43 18959] Initializing tracer.
[T 03:56:43 18959] Initializing tags.
[T 03:56:43 18959] ID set to 0000000000004A0F_0000000000000001 (parent 0000000000004A0D_0000000000000001)
[E 03:56:43 18959] Mimicry classification suppression detected; exiting.
[E 03:56:43 18959] Extractor exited successfully
[T 03:56:43 18957] Extractor /mnt/c/Tools/codeql/cpp/tools/linux64/extractor terminated with exit code 0.
[T 03:56:43 18960] Initializing tracer.
[T 03:56:43 18960] Initializing tags.
[T 03:56:43 18960] ID set to 0000000000004A10_0000000000000001 (parent 0000000000004A06_0000000000000001)
[T 03:56:43 18960] ==== Candidate to intercept: /usr/libexec/gcc/x86_64-linux-gnu/13/cc1 (canonical: /usr/libexec/gcc/x86_64-linux-gnu/13/cc1) ====
[T 03:56:43 18960] Lua: === Intercepted call to /usr/libexec/gcc/x86_64-linux-gnu/13/cc1 ===
[T 03:56:43 18960] Executing the following tracer actions:
[T 03:56:43 18960] Tracer actions:
[T 03:56:43 18960] pre_invocations(0)
[T 03:56:43 18960] post_invocations(1)
[T 03:56:43 18960] invocation: /mnt/c/Tools/codeql/cpp/tools/linux64/extractor, args: [--mimic, /usr/libexec/gcc/x86_64-linux-gnu/13/cc1, -nostdinc, -o, /home/test/my-awesome-project/CISB/server/reorderCPUcheck/db-l38/working/tmp//semmle_2_18950_61609.o, /home/test/my-awesome-project/CISB/server/reorderCPUcheck/db-l38/working/tmp//semmle_1_18950_61580.c]
[T 03:56:43 18960] trace_languages(1): [cpp]
[T 03:56:43 18962] Attempting to switch stdout/stderr to 7...
[T 03:56:43 18962] Initializing tracer.
[T 03:56:43 18962] Initializing tags.
[T 03:56:43 18962] ID set to 0000000000004A12_0000000000000001 (parent 0000000000004A10_0000000000000001)
[E 03:56:43 18962] Mimicry classification suppression detected; exiting.
[E 03:56:43 18962] Extractor exited successfully
[T 03:56:43 18960] Extractor /mnt/c/Tools/codeql/cpp/tools/linux64/extractor terminated with exit code 0.
[T 03:56:43 18963] Initializing tracer.
[T 03:56:43 18963] Initializing tags.
[T 03:56:43 18963] ID set to 0000000000004A13_0000000000000001 (parent 0000000000004A06_0000000000000001)
[T 03:56:43 18963] ==== Candidate to intercept: /usr/libexec/gcc/x86_64-linux-gnu/13/cc1 (canonical: /usr/libexec/gcc/x86_64-linux-gnu/13/cc1) ====
[T 03:56:43 18963] Lua: === Intercepted call to /usr/libexec/gcc/x86_64-linux-gnu/13/cc1 ===
[T 03:56:43 18963] Executing the following tracer actions:
[T 03:56:43 18963] Tracer actions:
[T 03:56:43 18963] pre_invocations(0)
[T 03:56:43 18963] post_invocations(1)
[T 03:56:43 18963] invocation: /mnt/c/Tools/codeql/cpp/tools/linux64/extractor, args: [--mimic, /usr/libexec/gcc/x86_64-linux-gnu/13/cc1, -nostdinc, -o, /home/test/my-awesome-project/CISB/server/reorderCPUcheck/db-l38/working/tmp//semmle_4_18950_94704.o, /home/test/my-awesome-project/CISB/server/reorderCPUcheck/db-l38/working/tmp//semmle_3_18950_94649.c]
[T 03:56:43 18963] trace_languages(1): [cpp]
[T 03:56:43 18965] Attempting to switch stdout/stderr to 7...
[T 03:56:43 18965] Initializing tracer.
[T 03:56:43 18965] Initializing tags.
[T 03:56:43 18965] ID set to 0000000000004A15_0000000000000001 (parent 0000000000004A13_0000000000000001)
[E 03:56:43 18965] Mimicry classification suppression detected; exiting.
[E 03:56:43 18965] Extractor exited successfully
[T 03:56:43 18963] Extractor /mnt/c/Tools/codeql/cpp/tools/linux64/extractor terminated with exit code 0.
[E 03:56:43 18950] Checking whether C compilation already happened.
[E 03:56:43 18950] Checking for tag c-compilation-happened
[E 03:56:43 18950] Checking CODEQL_TRACER_DB_ID 0000000000004A04_0000000000000001
[E 03:56:43 18950] Locking DB /home/test/my-awesome-project/CISB/server/reorderCPUcheck/db-l38/working/tags.db
[E 03:56:43 18950] Locked DB /home/test/my-awesome-project/CISB/server/reorderCPUcheck/db-l38/working/tags.db
[E 03:56:43 18950] Unlocking DB
[E 03:56:43 18950] Unlocked DB
[E 03:56:43 18950] Looks like C compilation didn't already happen.
[E 03:56:43 18950] Checking whether C compilation has been attempted.
[E 03:56:43 18950] Checking for tag c-compilation-attempted
[E 03:56:43 18950] Checking CODEQL_TRACER_DB_ID 0000000000004A04_0000000000000001
[E 03:56:43 18950] Locking DB /home/test/my-awesome-project/CISB/server/reorderCPUcheck/db-l38/working/tags.db
[E 03:56:43 18950] Locked DB /home/test/my-awesome-project/CISB/server/reorderCPUcheck/db-l38/working/tags.db
[E 03:56:43 18950] Unlocking DB
[E 03:56:43 18950] Unlocked DB
[E 03:56:43 18950] Marking C compilation as attempted.
[E 03:56:43 18950] Setting tag c-compilation-attempted
[E 03:56:43 18950] Starting from CODEQL_TRACER_DB_ID 0000000000004A04_0000000000000001
[E 03:56:43 18950] Locking DB /home/test/my-awesome-project/CISB/server/reorderCPUcheck/db-l38/working/tags.db
[E 03:56:43 18950] Locked DB /home/test/my-awesome-project/CISB/server/reorderCPUcheck/db-l38/working/tags.db
[E 03:56:43 18950] Set tag for 0000000000004A04_0000000000000001
[E 03:56:43 18950] Set tag for 0000000000004A02_0000000000000001
[E 03:56:43 18950] Set tag for 00000000000049FF_0000000000000003
[E 03:56:43 18950] Set tag for 00000000000049FF_0000000000000002
[E 03:56:43 18950] Set tag for root
[E 03:56:43 18950] Unlocking DB
[E 03:56:43 18950] Unlocked DB
[T 03:56:43 18966] Initializing tracer.
[T 03:56:43 18966] Initializing tags.
[T 03:56:43 18966] ID set to 0000000000004A16_0000000000000001 (parent 0000000000004A06_0000000000000001)
[T 03:56:43 18966] ==== Candidate to intercept: /usr/libexec/gcc/x86_64-linux-gnu/13/cc1 (canonical: /usr/libexec/gcc/x86_64-linux-gnu/13/cc1) ====
[T 03:56:43 18966] Lua: === Intercepted call to /usr/libexec/gcc/x86_64-linux-gnu/13/cc1 ===
[T 03:56:43 18966] Executing the following tracer actions:
[T 03:56:43 18966] Tracer actions:
[T 03:56:43 18966] pre_invocations(0)
[T 03:56:43 18966] post_invocations(1)
[T 03:56:43 18966] invocation: /mnt/c/Tools/codeql/cpp/tools/linux64/extractor, args: [--mimic, /usr/libexec/gcc/x86_64-linux-gnu/13/cc1, @/home/test/my-awesome-project/CISB/server/reorderCPUcheck/db-l38/working/tmp//semmle_6_18950_129704, -v, -fsyntax-only, /home/test/my-awesome-project/CISB/server/reorderCPUcheck/db-l38/working/tmp//semmle_7_18950_129818]
[T 03:56:43 18966] trace_languages(1): [cpp]
[T 03:56:43 18968] Attempting to switch stdout/stderr to 7...
[T 03:56:43 18968] Initializing tracer.
[T 03:56:43 18968] Initializing tags.
[T 03:56:43 18968] ID set to 0000000000004A18_0000000000000001 (parent 0000000000004A16_0000000000000001)
[E 03:56:43 18968] Mimicry classification suppression detected; exiting.
[E 03:56:43 18968] Extractor exited successfully
[T 03:56:43 18966] Extractor /mnt/c/Tools/codeql/cpp/tools/linux64/extractor terminated with exit code 0.
[T 03:56:43 18969] Initializing tracer.
[T 03:56:43 18969] Initializing tags.
[T 03:56:43 18969] ID set to 0000000000004A19_0000000000000001 (parent 0000000000004A06_0000000000000001)
[T 03:56:43 18969] ==== Candidate to intercept: /usr/libexec/gcc/x86_64-linux-gnu/13/cc1 (canonical: /usr/libexec/gcc/x86_64-linux-gnu/13/cc1) ====
[T 03:56:43 18969] Lua: === Intercepted call to /usr/libexec/gcc/x86_64-linux-gnu/13/cc1 ===
[T 03:56:43 18969] Executing the following tracer actions:
[T 03:56:43 18969] Tracer actions:
[T 03:56:43 18969] pre_invocations(0)
[T 03:56:43 18969] post_invocations(1)
[T 03:56:43 18969] invocation: /mnt/c/Tools/codeql/cpp/tools/linux64/extractor, args: [--mimic, /usr/libexec/gcc/x86_64-linux-gnu/13/cc1, @/home/test/my-awesome-project/CISB/server/reorderCPUcheck/db-l38/working/tmp//semmle_6_18950_129704, -E, -dM, /home/test/my-awesome-project/CISB/server/reorderCPUcheck/db-l38/working/tmp//semmle_8_18950_157695]
[T 03:56:43 18969] trace_languages(1): [cpp]
[T 03:56:43 18971] Attempting to switch stdout/stderr to 7...
[T 03:56:43 18971] Initializing tracer.
[T 03:56:43 18971] Initializing tags.
[T 03:56:43 18971] ID set to 0000000000004A1B_0000000000000001 (parent 0000000000004A19_0000000000000001)
[E 03:56:43 18971] Mimicry classification suppression detected; exiting.
[E 03:56:43 18971] Extractor exited successfully
[T 03:56:43 18969] Extractor /mnt/c/Tools/codeql/cpp/tools/linux64/extractor terminated with exit code 0.
[T 03:56:43 18972] Initializing tracer.
[T 03:56:43 18972] Initializing tags.
[T 03:56:43 18972] ID set to 0000000000004A1C_0000000000000001 (parent 0000000000004A06_0000000000000001)
[T 03:56:43 18972] ==== Candidate to intercept: /usr/libexec/gcc/x86_64-linux-gnu/13/cc1 (canonical: /usr/libexec/gcc/x86_64-linux-gnu/13/cc1) ====
[T 03:56:43 18972] Lua: === Intercepted call to /usr/libexec/gcc/x86_64-linux-gnu/13/cc1 ===
[T 03:56:43 18972] Executing the following tracer actions:
[T 03:56:43 18972] Tracer actions:
[T 03:56:43 18972] pre_invocations(0)
[T 03:56:43 18972] post_invocations(1)
[T 03:56:43 18972] invocation: /mnt/c/Tools/codeql/cpp/tools/linux64/extractor, args: [--mimic, /usr/libexec/gcc/x86_64-linux-gnu/13/cc1, @/home/test/my-awesome-project/CISB/server/reorderCPUcheck/db-l38/working/tmp//semmle_9_18950_186936, -o, /home/test/my-awesome-project/CISB/server/reorderCPUcheck/db-l38/working/tmp//semmle_11_18950_187133.o, /home/test/my-awesome-project/CISB/server/reorderCPUcheck/db-l38/working/tmp//semmle_10_18950_187095.c]
[T 03:56:43 18972] trace_languages(1): [cpp]
[T 03:56:43 18974] Attempting to switch stdout/stderr to 7...
[T 03:56:43 18974] Initializing tracer.
[T 03:56:43 18974] Initializing tags.
[T 03:56:43 18974] ID set to 0000000000004A1E_0000000000000001 (parent 0000000000004A1C_0000000000000001)
[E 03:56:43 18974] Mimicry classification suppression detected; exiting.
[E 03:56:43 18974] Extractor exited successfully
[T 03:56:43 18972] Extractor /mnt/c/Tools/codeql/cpp/tools/linux64/extractor terminated with exit code 0.
[T 03:56:43 18975] Initializing tracer.
[T 03:56:43 18975] Initializing tags.
[T 03:56:43 18975] ID set to 0000000000004A1F_0000000000000001 (parent 0000000000004A06_0000000000000001)
[T 03:56:43 18975] ==== Candidate to intercept: /usr/libexec/gcc/x86_64-linux-gnu/13/cc1 (canonical: /usr/libexec/gcc/x86_64-linux-gnu/13/cc1) ====
[T 03:56:43 18975] Lua: === Intercepted call to /usr/libexec/gcc/x86_64-linux-gnu/13/cc1 ===
[T 03:56:43 18975] Executing the following tracer actions:
[T 03:56:43 18975] Tracer actions:
[T 03:56:43 18975] pre_invocations(0)
[T 03:56:43 18975] post_invocations(1)
[T 03:56:43 18975] invocation: /mnt/c/Tools/codeql/cpp/tools/linux64/extractor, args: [--mimic, /usr/libexec/gcc/x86_64-linux-gnu/13/cc1, @/home/test/my-awesome-project/CISB/server/reorderCPUcheck/db-l38/working/tmp//semmle_9_18950_186936, -o, /home/test/my-awesome-project/CISB/server/reorderCPUcheck/db-l38/working/tmp//semmle_13_18950_215797.o, /home/test/my-awesome-project/CISB/server/reorderCPUcheck/db-l38/working/tmp//semmle_12_18950_215751.c]
[T 03:56:43 18975] trace_languages(1): [cpp]
[T 03:56:43 18977] Attempting to switch stdout/stderr to 7...
[T 03:56:43 18977] Initializing tracer.
[T 03:56:43 18977] Initializing tags.
[T 03:56:43 18977] ID set to 0000000000004A21_0000000000000001 (parent 0000000000004A1F_0000000000000001)
[E 03:56:43 18977] Mimicry classification suppression detected; exiting.
[E 03:56:43 18977] Extractor exited successfully
[T 03:56:43 18975] Extractor /mnt/c/Tools/codeql/cpp/tools/linux64/extractor terminated with exit code 0.
[T 03:56:43 18978] Initializing tracer.
[T 03:56:43 18978] Initializing tags.
[T 03:56:43 18978] ID set to 0000000000004A22_0000000000000001 (parent 0000000000004A06_0000000000000001)
[T 03:56:43 18978] ==== Candidate to intercept: /usr/libexec/gcc/x86_64-linux-gnu/13/cc1 (canonical: /usr/libexec/gcc/x86_64-linux-gnu/13/cc1) ====
[T 03:56:43 18978] Lua: === Intercepted call to /usr/libexec/gcc/x86_64-linux-gnu/13/cc1 ===
[T 03:56:43 18978] Executing the following tracer actions:
[T 03:56:43 18978] Tracer actions:
[T 03:56:43 18978] pre_invocations(0)
[T 03:56:43 18978] post_invocations(1)
[T 03:56:43 18978] invocation: /mnt/c/Tools/codeql/cpp/tools/linux64/extractor, args: [--mimic, /usr/libexec/gcc/x86_64-linux-gnu/13/cc1, @/home/test/my-awesome-project/CISB/server/reorderCPUcheck/db-l38/working/tmp//semmle_9_18950_186936, -o, /home/test/my-awesome-project/CISB/server/reorderCPUcheck/db-l38/working/tmp//semmle_15_18950_249141.o, /home/test/my-awesome-project/CISB/server/reorderCPUcheck/db-l38/working/tmp//semmle_14_18950_249032.c]
[T 03:56:43 18978] trace_languages(1): [cpp]
[T 03:56:43 18980] Attempting to switch stdout/stderr to 7...
[T 03:56:43 18980] Initializing tracer.
[T 03:56:43 18980] Initializing tags.
[T 03:56:43 18980] ID set to 0000000000004A24_0000000000000001 (parent 0000000000004A22_0000000000000001)
[E 03:56:43 18980] Mimicry classification suppression detected; exiting.
[E 03:56:43 18980] Extractor exited successfully
[T 03:56:43 18978] Extractor /mnt/c/Tools/codeql/cpp/tools/linux64/extractor terminated with exit code 0.
[T 03:56:43 18984] Initializing tracer.
[T 03:56:43 18984] Initializing tags.
[T 03:56:43 18984] ID set to 0000000000004A28_0000000000000001 (parent 0000000000004A06_0000000000000001)
[T 03:56:43 18984] ==== Candidate to intercept: /usr/libexec/gcc/x86_64-linux-gnu/13/cc1 (canonical: /usr/libexec/gcc/x86_64-linux-gnu/13/cc1) ====
[T 03:56:43 18984] Lua: === Intercepted call to /usr/libexec/gcc/x86_64-linux-gnu/13/cc1 ===
[T 03:56:43 18984] Executing the following tracer actions:
[T 03:56:43 18984] Tracer actions:
[T 03:56:43 18984] pre_invocations(0)
[T 03:56:43 18984] post_invocations(1)
[T 03:56:43 18984] invocation: /mnt/c/Tools/codeql/cpp/tools/linux64/extractor, args: [--mimic, /usr/libexec/gcc/x86_64-linux-gnu/13/cc1, @/home/test/my-awesome-project/CISB/server/reorderCPUcheck/db-l38/working/tmp//semmle_9_18950_186936, -o, /home/test/my-awesome-project/CISB/server/reorderCPUcheck/db-l38/working/tmp//semmle_17_18950_279795.o, /home/test/my-awesome-project/CISB/server/reorderCPUcheck/db-l38/working/tmp//semmle_16_18950_279748.c]
[T 03:56:43 18984] trace_languages(1): [cpp]
[T 03:56:43 19014] Attempting to switch stdout/stderr to 7...
[T 03:56:43 19014] Initializing tracer.
[T 03:56:43 19014] Initializing tags.
[T 03:56:43 19014] ID set to 0000000000004A46_0000000000000001 (parent 0000000000004A28_0000000000000001)
[E 03:56:43 19014] Mimicry classification suppression detected; exiting.
[E 03:56:43 19014] Extractor exited successfully
[T 03:56:43 18984] Extractor /mnt/c/Tools/codeql/cpp/tools/linux64/extractor terminated with exit code 0.
[T 03:56:43 19030] Initializing tracer.
[T 03:56:43 19030] Initializing tags.
[T 03:56:43 19030] ID set to 0000000000004A56_0000000000000001 (parent 0000000000004A06_0000000000000001)
[T 03:56:43 19030] ==== Candidate to intercept: /usr/libexec/gcc/x86_64-linux-gnu/13/cc1 (canonical: /usr/libexec/gcc/x86_64-linux-gnu/13/cc1) ====
[T 03:56:43 19030] Lua: === Intercepted call to /usr/libexec/gcc/x86_64-linux-gnu/13/cc1 ===
[T 03:56:43 19030] Executing the following tracer actions:
[T 03:56:43 19030] Tracer actions:
[T 03:56:43 19030] pre_invocations(0)
[T 03:56:43 19030] post_invocations(1)
[T 03:56:43 19030] invocation: /mnt/c/Tools/codeql/cpp/tools/linux64/extractor, args: [--mimic, /usr/libexec/gcc/x86_64-linux-gnu/13/cc1, @/home/test/my-awesome-project/CISB/server/reorderCPUcheck/db-l38/working/tmp//semmle_9_18950_186936, -o, /home/test/my-awesome-project/CISB/server/reorderCPUcheck/db-l38/working/tmp//semmle_19_18950_311733.o, /home/test/my-awesome-project/CISB/server/reorderCPUcheck/db-l38/working/tmp//semmle_18_18950_311688.c]
[T 03:56:43 19030] trace_languages(1): [cpp]
[T 03:56:43 19045] Attempting to switch stdout/stderr to 7...
[T 03:56:43 19045] Initializing tracer.
[T 03:56:43 19045] Initializing tags.
[T 03:56:43 19045] ID set to 0000000000004A65_0000000000000001 (parent 0000000000004A56_0000000000000001)
[E 03:56:43 19045] Mimicry classification suppression detected; exiting.
[E 03:56:43 19045] Extractor exited successfully
[T 03:56:43 19030] Extractor /mnt/c/Tools/codeql/cpp/tools/linux64/extractor terminated with exit code 0.
[T 03:56:43 19046] Initializing tracer.
[T 03:56:43 19046] Initializing tags.
[T 03:56:43 19046] ID set to 0000000000004A66_0000000000000001 (parent 0000000000004A06_0000000000000001)
[T 03:56:43 19046] ==== Candidate to intercept: /usr/libexec/gcc/x86_64-linux-gnu/13/cc1 (canonical: /usr/libexec/gcc/x86_64-linux-gnu/13/cc1) ====
[T 03:56:43 19046] Lua: === Intercepted call to /usr/libexec/gcc/x86_64-linux-gnu/13/cc1 ===
[T 03:56:43 19046] Executing the following tracer actions:
[T 03:56:43 19046] Tracer actions:
[T 03:56:43 19046] pre_invocations(0)
[T 03:56:43 19046] post_invocations(1)
[T 03:56:43 19046] invocation: /mnt/c/Tools/codeql/cpp/tools/linux64/extractor, args: [--mimic, /usr/libexec/gcc/x86_64-linux-gnu/13/cc1, @/home/test/my-awesome-project/CISB/server/reorderCPUcheck/db-l38/working/tmp//semmle_9_18950_186936, -o, /home/test/my-awesome-project/CISB/server/reorderCPUcheck/db-l38/working/tmp//semmle_21_18950_339310.o, /home/test/my-awesome-project/CISB/server/reorderCPUcheck/db-l38/working/tmp//semmle_20_18950_339269.c]
[T 03:56:43 19046] trace_languages(1): [cpp]
[T 03:56:43 19051] Attempting to switch stdout/stderr to 7...
[T 03:56:43 19051] Initializing tracer.
[T 03:56:43 19051] Initializing tags.
[T 03:56:43 19051] ID set to 0000000000004A6B_0000000000000001 (parent 0000000000004A66_0000000000000001)
[E 03:56:43 19051] Mimicry classification suppression detected; exiting.
[E 03:56:43 19051] Extractor exited successfully
[T 03:56:43 19046] Extractor /mnt/c/Tools/codeql/cpp/tools/linux64/extractor terminated with exit code 0.
[E 03:56:43 18950] Processed command line: /mnt/c/Tools/codeql/cpp/tools/linux64/extractor --trapfolder /home/test/my-awesome-project/CISB/server/reorderCPUcheck/db-l38/trap/cpp --src_archive /home/test/my-awesome-project/CISB/server/reorderCPUcheck/db-l38/src --object_filename /tmp/cc3ssmDy.s --no_warnings_and_discretionary_errors --error_limit 1000 --disable_system_macros --variadic_macros --incognito --gcc --gnu_version 130300 --target linux_x86_64 '-D__DBL_MIN_EXP__=(-1021)' -D__UINT_LEAST16_MAX__=0xffff -D__FLT16_HAS_QUIET_NAN__=1 -D__ATOMIC_ACQUIRE=2 -D__FLT128_MAX_10_EXP__=4932 -D__FLT_MIN__=1.17549435082228750796873653722224568e-38F -D__GCC_IEC_559_COMPLEX=2 '-D__UINT_LEAST8_TYPE__=unsigned char' -D__SIZEOF_FLOAT80__=16 -D__BFLT16_DENORM_MIN__=9.18354961579912115600575419704879436e-41BF16 '-D__INTMAX_C(c)=c ## L' -D__CHAR_BIT__=8 -D__UINT8_MAX__=0xff -D__SCHAR_WIDTH__=8 -D__WINT_MAX__=0xffffffffU '-D__FLT32_MIN_EXP__=(-125)' -D__BFLT16_NORM_MAX__=3.38953138925153547590470800371487867e+38BF16 '-D__BFLT16_MIN_10_EXP__=(-37)' -D__ORDER_LITTLE_ENDIAN__=1234 -D__WCHAR_MAX__=0x7fffffff -D__GCC_HAVE_SYNC_COMPARE_AND_SWAP_2=1 -D__GCC_HAVE_SYNC_COMPARE_AND_SWAP_4=1 -D__GCC_HAVE_SYNC_COMPARE_AND_SWAP_8=1 -D__GCC_ATOMIC_CHAR_LOCK_FREE=2 -D__GCC_IEC_559=2 -D__FLT32X_DECIMAL_DIG__=17 -D__FLT_EVAL_METHOD__=0 -D__FLT64_DECIMAL_DIG__=17 -D__CET__=3 -D__GCC_ATOMIC_CHAR32_T_LOCK_FREE=2 -D__UINT_FAST64_MAX__=0xffffffffffffffffUL -D__SIG_ATOMIC_TYPE__=int '-D__DBL_MIN_10_EXP__=(-307)' -D__FINITE_MATH_ONLY__=0 -D__FLT32X_MAX_EXP__=1024 -D__GCC_HAVE_SYNC_COMPARE_AND_SWAP_1=1 -D__FLT32_HAS_DENORM__=1 -D__UINT_FAST8_MAX__=0xff -D__FLT32_MAX_10_EXP__=38 -D__DEC64_MAX_EXP__=385 '-D__INT8_C(c)=c' -D__INT_LEAST8_WIDTH__=8 -D__UINT_LEAST64_MAX__=0xffffffffffffffffUL -D__SHRT_MAX__=0x7fff -D__LDBL_MAX__=1.18973149535723176502126385303097021e+4932L -D__FLT64X_MAX_10_EXP__=4932 -D__BFLT16_MAX_10_EXP__=38 -D__BFLT16_MAX_EXP__=128 -D__LDBL_IS_IEC_60559__=1 -D__FLT64X_HAS_QUIET_NAN__=1 -D__UINT_LEAST8_MAX__=0xff -D__GCC_ATOMIC_BOOL_LOCK_FREE=2 -D__FLT128_DENORM_MIN__=6.47517511943802511092443895822764655e-4966F128 '-D__UINTMAX_TYPE__=long unsigned int' -D__BFLT16_DECIMAL_DIG__=4 -D__linux=1 -D__DEC32_EPSILON__=1E-6DF -D__FLT_EVAL_METHOD_TS_18661_3__=0 -D__UINT32_MAX__=0xffffffffU '-D__DBL_DENORM_MIN__=((double)4.94065645841246544176568792868221372e-324L)' '-D__FLT128_MIN_EXP__=(-16381)' -D__WINT_MIN__=0U '-D__FLT128_MIN_10_EXP__=(-4931)' -D__FLT32X_IS_IEC_60559__=1 -D__INT_LEAST16_WIDTH__=16 -D__SCHAR_MAX__=0x7f -D__FLT128_MANT_DIG__=113 '-D__WCHAR_MIN__=(-__WCHAR_MAX__ - 1)' '-D__INT64_C(c)=c ## L' -D__SSP_STRONG__=3 -D__GCC_ATOMIC_POINTER_LOCK_FREE=2 -D__ATOMIC_SEQ_CST=5 -D__unix=1 -D__INT_LEAST64_MAX__=0x7fffffffffffffffL -D__FLT32X_MANT_DIG__=53 -D__FLT64X_EPSILON__=1.08420217248550443400745280086994171e-19F64x '-D__DEC64_MIN_EXP__=(-382)' -D__DBL_DIG__=15 -D__FLT_EPSILON__=1.19209289550781250000000000000000000e-7F -D__SHRT_WIDTH__=16 -D__FLT32_IS_IEC_60559__=1 -D__LDBL_MIN__=3.36210314311209350626267781732175260e-4932L -D__STDC_UTF_16__=1 -D__DBL_IS_IEC_60559__=1 -D__DEC32_MAX__=9.999999E96DF -D__FLT64X_DENORM_MIN__=3.64519953188247460252840593361941982e-4951F64x -D__FLT32X_HAS_INFINITY__=1 -D__unix__=1 -D__INT_WIDTH__=32 -D__STDC_IEC_559__=1 -D__STDC_ISO_10646__=201706L -D__DECIMAL_DIG__=21 -D__STDC_IEC_559_COMPLEX__=1 -D__FLT64_EPSILON__=2.22044604925031308084726333618164062e-16F64 -D__gnu_linux__=1 -D__FLT128_IS_IEC_60559__=1 '-D__FLT64X_MIN_10_EXP__=(-4931)' -D__LDBL_HAS_QUIET_NAN__=1 '-D__FLT16_MIN_EXP__=(-13)' -D__FLT64_MANT_DIG__=53 -D__FLT64X_MANT_DIG__=64 -D__BFLT16_DIG__=2 -D__pie__=2 -D__MMX__=1 -D__FLT_HAS_DENORM__=1 -D__SIZEOF_LONG_DOUBLE__=16 -D__BIGGEST_ALIGNMENT__=16 -D__FLT64_MAX_10_EXP__=308 -D__BFLT16_IS_IEC_60559__=0 -D__FLT16_MAX_10_EXP__=4 '-D__DBL_MAX__=((double)1.79769313486231570814527423731704357e+308L)' -D__INT_FAST32_MAX__=0x7fffffffffffffffL -D__DBL_HAS_INFINITY__=1 -D__INT64_MAX__=0x7fffffffffffffffL -D__SIZEOF_FLOAT__=4 -D__HAVE_SPECULATION_SAFE_VALUE=1 '-D__DEC32_MIN_EXP__=(-94)' -D__INTPTR_WIDTH__=64 -D__UINT_LEAST32_MAX__=0xffffffffU -D__FLT32X_HAS_DENORM__=1 '-D__INT_FAST16_TYPE__=long int' -D__MMX_WITH_SSE__=1 -D__LDBL_HAS_DENORM__=1 -D__SEG_GS=1 -D__BFLT16_EPSILON__=7.81250000000000000000000000000000000e-3BF16 -D__FLT128_HAS_INFINITY__=1 -D__DEC32_MIN__=1E-95DF -D__DBL_MAX_EXP__=1024 -D__WCHAR_WIDTH__=32 -D__FLT32_MAX__=3.40282346638528859811704183484516925e+38F32 -D__DEC128_EPSILON__=1E-33DL -D__FLT16_DECIMAL_DIG__=5 -D__SSE2_MATH__=1 -D__ATOMIC_HLE_RELEASE=131072 -D__PTRDIFF_MAX__=0x7fffffffffffffffL -D__amd64=1 -D__ATOMIC_HLE_ACQUIRE=65536 -D__LONG_LONG_MAX__=0x7fffffffffffffffLL -D__SIZEOF_SIZE_T__=8 -D__BFLT16_HAS_INFINITY__=1 '-D__FLT64X_MIN_EXP__=(-16381)' -D__SIZEOF_WINT_T__=4 -D__LONG_LONG_WIDTH__=64 -D__FLT32_MAX_EXP__=128 -D__GXX_ABI_VERSION=1018 '-D__FLT_MIN_EXP__=(-125)' -D__GCC_HAVE_DWARF2_CFI_ASM=1 -D__INT16_MAX__=0x7fff -D__x86_64=1 '-D__INT_FAST64_TYPE__=long int' -D__BFLT16_MAX__=3.38953138925153547590470800371487867e+38BF16 -D__BFLT16_HAS_DENORM__=1 -D__FLT64_DENORM_MIN__=4.94065645841246544176568792868221372e-324F64 -D__FLT16_DENORM_MIN__=5.96046447753906250000000000000000000e-8F16 -D__FLT128_EPSILON__=1.92592994438723585305597794258492732e-34F128 -D__FLT64X_NORM_MAX__=1.18973149535723176502126385303097021e+4932F64x -D__SIZEOF_POINTER__=8 '-D__SIZE_TYPE__=long unsigned int' -D__LP64__=1 -D__DBL_HAS_QUIET_NAN__=1 -D__FLT32X_EPSILON__=2.22044604925031308084726333618164062e-16F32x -D__LDBL_MAX_EXP__=16384 -D__DECIMAL_BID_FORMAT__=1 '-D__FLT64_MIN_EXP__=(-1021)' '-D__FLT64_MIN_10_EXP__=(-307)' '-D__FLT16_MIN_10_EXP__=(-4)' -D__FLT64X_DECIMAL_DIG__=21 -D__DEC128_MIN__=1E-6143DL -D__REGISTER_PREFIX__= -D__UINT16_MAX__=0xffff -D__DBL_HAS_DENORM__=1 -D__FLT32_MIN__=1.17549435082228750796873653722224568e-38F32 '-D__UINT8_TYPE__=unsigned char' -D__FLT_DIG__=6 -D__NO_INLINE__=1 -D__DEC_EVAL_METHOD__=2 -D__FLT_MANT_DIG__=24 -D__LDBL_DECIMAL_DIG__=21 '-D__UINT64_C(c)=c ## UL' -D_STDC_PREDEF_H=1 -D__INT_LEAST32_MAX__=0x7fffffff -D__GCC_ATOMIC_INT_LOCK_FREE=2 -D__FLT128_MAX_EXP__=16384 -D__FLT32_MANT_DIG__=24 -D__FLOAT_WORD_ORDER__=__ORDER_LITTLE_ENDIAN__ '-D__FLT32X_MIN_EXP__=(-1021)' -D__STDC_IEC_60559_COMPLEX__=201404L -D__BFLT16_MIN__=1.17549435082228750796873653722224568e-38BF16 -D__FLT128_HAS_DENORM__=1 -D__FLT32_DECIMAL_DIG__=9 -D__FLT128_DIG__=33 '-D__INT32_C(c)=c' -D__DEC64_EPSILON__=1E-15DD -D__ORDER_PDP_ENDIAN__=3412 '-D__DEC128_MIN_EXP__=(-6142)' -D__DEC128_MAX__=9.999999999999999999999999999999999E6144DL '-D__INT_FAST32_TYPE__=long int' '-D__UINT_LEAST16_TYPE__=short unsigned int' -D__DEC128_MAX_EXP__=6145 -Dunix=1 -D__UINT64_MAX__=0xffffffffffffffffUL -D__FLT_IS_IEC_60559__=1 '-D__GNUC_WIDE_EXECUTION_CHARSET_NAME="UTF-32LE"' -D__FLT64X_DIG__=18 '-D__INT8_TYPE__=signed char' -D__ELF__=1 -D__GCC_ASM_FLAG_OUTPUTS__=1 '-D__UINT32_TYPE__=unsigned int' -D__BFLT16_HAS_QUIET_NAN__=1 -D__FLT_RADIX__=2 '-D__INT_LEAST16_TYPE__=short int' -D__LDBL_EPSILON__=1.08420217248550443400745280086994171e-19L '-D__UINTMAX_C(c)=c ## UL' -D__FLT16_DIG__=3 -D__SSE_MATH__=1 -D__k8=1 -D__FLT32X_MIN__=2.22507385850720138309023271733240406e-308F32x -D__SIG_ATOMIC_MAX__=0x7fffffff -D__GCC_ATOMIC_WCHAR_T_LOCK_FREE=2 -D__USER_LABEL_PREFIX__= -D__STDC_IEC_60559_BFP__=201404L -D__SIZEOF_PTRDIFF_T__=8 -D__FLT64X_HAS_INFINITY__=1 -D__FLT32_HAS_INFINITY__=1 -D__SIZEOF_LONG__=8 -D__LDBL_DIG__=18 -D__FLT64_IS_IEC_60559__=1 -D__x86_64__=1 -D__FLT16_IS_IEC_60559__=1 -D__FLT16_MAX_EXP__=16 -D__DEC32_SUBNORMAL_MIN__=0.000001E-95DF -D__INT_FAST16_MAX__=0x7fffffffffffffffL -D__GCC_CONSTRUCTIVE_SIZE=64 -D__FLT64_DIG__=15 -D__UINT_FAST32_MAX__=0xffffffffffffffffUL '-D__UINT_LEAST64_TYPE__=long unsigned int' -D__FLT16_EPSILON__=9.76562500000000000000000000000000000e-4F16 -D__FLT_HAS_QUIET_NAN__=1 -D__FLT_MAX_10_EXP__=38 -D__LONG_MAX__=0x7fffffffffffffffL -D__FLT64X_HAS_DENORM__=1 -D__DEC128_SUBNORMAL_MIN__=0.000000000000000000000000000000001E-6143DL -D__FLT_HAS_INFINITY__=1 '-D__GNUC_EXECUTION_CHARSET_NAME="UTF-8"' '-D__UINT_FAST16_TYPE__=long unsigned int' -D__DEC64_MAX__=9.999999999999999E384DD -D__INT_FAST32_WIDTH__=64 -D__PRAGMA_REDEFINE_EXTNAME=1 -D__SIZE_WIDTH__=64 -D__SEG_FS=1 -D__INT_LEAST16_MAX__=0x7fff -D__FLT16_NORM_MAX__=6.55040000000000000000000000000000000e+4F16 -D__DEC64_MANT_DIG__=16 -D__FLT32_DENORM_MIN__=1.40129846432481707092372958328991613e-45F32 -D__SIG_ATOMIC_WIDTH__=32 '-D__INT_LEAST64_TYPE__=long int' '-D__INT16_TYPE__=short int' '-D__INT_LEAST8_TYPE__=signed char' -D__FLT16_MAX__=6.55040000000000000000000000000000000e+4F16 -D__FLT128_MIN__=3.36210314311209350626267781732175260e-4932F128 -D__SIZEOF_INT__=4 -D__DEC32_MAX_EXP__=97 -D__INT_FAST8_MAX__=0x7f -D__FLT128_MAX__=1.18973149535723176508575932662800702e+4932F128 -D__INTPTR_MAX__=0x7fffffffffffffffL -Dlinux=1 -D__FLT64_HAS_QUIET_NAN__=1 '-D__FLT32_MIN_10_EXP__=(-37)' -D__FLT32X_DIG__=15 '-D__UINT16_C(c)=c' -D__PTRDIFF_WIDTH__=64 -D__LDBL_MANT_DIG__=64 -D__INT_FAST16_WIDTH__=64 -D__FLT64_HAS_INFINITY__=1 -D__FLT64X_MAX__=1.18973149535723176502126385303097021e+4932F64x -D__FLT16_HAS_INFINITY__=1 '-D__SIG_ATOMIC_MIN__=(-__SIG_ATOMIC_MAX__ - 1)' -D__code_model_small__=1 -D__GCC_ATOMIC_LONG_LOCK_FREE=2 -D__DEC32_MANT_DIG__=7 -D__FLT16_MANT_DIG__=11 -D__k8__=1 '-D__INTPTR_TYPE__=long int' '-D__UINT16_TYPE__=short unsigned int' -D__WCHAR_TYPE__=int -D__pic__=2 -D__UINTPTR_MAX__=0xffffffffffffffffUL -D__INT_FAST64_WIDTH__=64 -D__LDBL_HAS_INFINITY__=1 -D__INT_FAST64_MAX__=0x7fffffffffffffffL -D__GCC_ATOMIC_TEST_AND_SET_TRUEVAL=1 -D__FLT_NORM_MAX__=3.40282346638528859811704183484516925e+38F -D__FLT64X_MAX_EXP__=16384 '-D__UINT_FAST64_TYPE__=long unsigned int' '-D__BFLT16_MIN_EXP__=(-125)' -D__INT_MAX__=0x7fffffff -D__linux__=1 '-D__INT64_TYPE__=long int' -D__FLT_MAX_EXP__=128 -D__ORDER_BIG_ENDIAN__=4321 -D__DBL_MANT_DIG__=53 -D__SIZEOF_FLOAT128__=16 -D__BFLT16_MANT_DIG__=8 -D__GCC_ATOMIC_CHAR16_T_LOCK_FREE=2 -D__DEC64_MIN__=1E-383DD '-D__WINT_TYPE__=unsigned int' '-D__UINT_LEAST32_TYPE__=unsigned int' -D__SIZEOF_SHORT__=2 -D__FLT32_NORM_MAX__=3.40282346638528859811704183484516925e+38F32 -D__SSE__=1 '-D__LDBL_MIN_EXP__=(-16381)' -D__FLT64_MAX__=1.79769313486231570814527423731704357e+308F64 -D__amd64__=1 -D__WINT_WIDTH__=32 -D__INT_LEAST8_MAX__=0x7f -D__INT_LEAST64_WIDTH__=64 -D__FLT32X_MAX_10_EXP__=308 -D__SIZEOF_INT128__=16 -D__FLT16_MIN__=6.10351562500000000000000000000000000e-5F16 -D__FLT64X_IS_IEC_60559__=1 -D__LDBL_MAX_10_EXP__=4932 -D__ATOMIC_RELAXED=0 '-D__DBL_EPSILON__=((double)2.22044604925031308084726333618164062e-16L)' -D__INT_LEAST32_TYPE__=int -D_LP64=1 '-D__UINT8_C(c)=c' -D__FLT64_MAX_EXP__=1024 -D__SIZEOF_WCHAR_T__=4 '-D__UINT64_TYPE__=long unsigned int' -D__FLT128_NORM_MAX__=1.18973149535723176508575932662800702e+4932F128 -D__FLT64_NORM_MAX__=1.79769313486231570814527423731704357e+308F64 -D__FLT128_HAS_QUIET_NAN__=1 -D__INTMAX_MAX__=0x7fffffffffffffffL '-D__INT_FAST8_TYPE__=signed char' -D__FLT64X_MIN__=3.36210314311209350626267781732175260e-4932F64x -D__FLT64_HAS_DENORM__=1 -D__FLT32_EPSILON__=1.19209289550781250000000000000000000e-7F32 -D__FLT16_HAS_DENORM__=1 -D__DBL_DECIMAL_DIG__=17 -D__STDC_UTF_32__=1 -D__INT_FAST8_WIDTH__=8 -D__FXSR__=1 -D__FLT32X_MAX__=1.79769313486231570814527423731704357e+308F32x '-D__DBL_NORM_MAX__=((double)1.79769313486231570814527423731704357e+308L)' -D__BYTE_ORDER__=__ORDER_LITTLE_ENDIAN__ -D__GCC_DESTRUCTIVE_SIZE=64 -D__INTMAX_WIDTH__=64 -D__FLT32_DIG__=6 '-D__UINT32_C(c)=c ## U' -D__FLT_DENORM_MIN__=1.40129846432481707092372958328991613e-45F -D__INT8_MAX__=0x7f -D__LONG_WIDTH__=64 '-D__DBL_MIN__=((double)2.22507385850720138309023271733240406e-308L)' -D__PIC__=2 -D__INT32_MAX__=0x7fffffff '-D__UINT_FAST32_TYPE__=long unsigned int' -D__FLT32X_NORM_MAX__=1.79769313486231570814527423731704357e+308F32x -D__FLT_MAX__=3.40282346638528859811704183484516925e+38F -D__SSE2__=1 -D__INT32_TYPE__=int -D__SIZEOF_DOUBLE__=8 '-D__FLT_MIN_10_EXP__=(-37)' -D__FLT64_MIN__=2.22507385850720138309023271733240406e-308F64 -D__INT_LEAST32_WIDTH__=32 '-D__INTMAX_TYPE__=long int' -D__FLT32X_HAS_QUIET_NAN__=1 -D__ATOMIC_CONSUME=1 -D__UINTMAX_MAX__=0xffffffffffffffffUL -D__PIE__=2 -D__FLT32X_DENORM_MIN__=4.94065645841246544176568792868221372e-324F32x -D__DBL_MAX_10_EXP__=308 -D__LDBL_DENORM_MIN__=3.64519953188247460252840593361941982e-4951L '-D__INT16_C(c)=c' '-D__PTRDIFF_TYPE__=long int' '-D__FLT32X_MIN_10_EXP__=(-307)' '-D__UINTPTR_TYPE__=long unsigned int' -D__DEC64_SUBNORMAL_MIN__=0.000000000000001E-383DD -D__DEC128_MANT_DIG__=34 '-D__LDBL_MIN_10_EXP__=(-4931)' -D__SIZEOF_LONG_LONG__=8 -D__FLT128_DECIMAL_DIG__=36 -D__GCC_ATOMIC_LLONG_LOCK_FREE=2 -D__FLT32_HAS_QUIET_NAN__=1 -D__FLT_DECIMAL_DIG__=9 -D__UINT_FAST16_MAX__=0xffffffffffffffffUL -D__LDBL_NORM_MAX__=1.18973149535723176502126385303097021e+4932L -D__GCC_ATOMIC_SHORT_LOCK_FREE=2 -D__SIZE_MAX__=0xffffffffffffffffUL '-D__UINT_FAST8_TYPE__=unsigned char' -D__ATOMIC_ACQ_REL=4 -D__ATOMIC_RELEASE=3 -I/usr/lib/gcc/x86_64-linux-gnu/13/include -I/usr/local/include -I/usr/include/x86_64-linux-gnu -I/usr/include -- test1.c
[E 03:56:43 18950] CODEQL_EXTRACTOR_CPP_TRAP_CACHING is not set
[E 03:56:43 18950] CODEQL_EXTRACTOR_CPP_OPTION_TRAP_CACHE_WRITE is not set
[E 03:56:43 18950] CODEQL_EXTRACTOR_CPP_OPTION_TRAP_CACHE_DIR is not set
[E 03:56:43 18950] Initialising TRAP cache at path: 7c/94ed/ed6a6722a857d655f96e66d23166
[E 03:56:43 18950] Not using TRAP cache
[E 03:56:43 18950] TRAP cache miss
[E 03:56:43 18950] Starting compilation TRAP /home/test/my-awesome-project/CISB/server/reorderCPUcheck/db-l38/trap/cpp/compilations/6/8727049_0.trap.zst
[E 03:56:43 18950] Archiving /home/test/my-awesome-project/CISB/server/reorderCPUcheck/db-l38/src/home/test/my-awesome-project/CISB/server/reorderCPUcheck/test1.c
[E 03:56:43 18950] Creating trap tarball /home/test/my-awesome-project/CISB/server/reorderCPUcheck/db-l38/trap/cpp/tarballs/home/test/my-awesome-project/CISB/server/reorderCPUcheck/test1.c.15f97513_0.trap.tar.zst
[E 03:56:43 18950] Emitting trap files for test1.c
[E 03:56:43 18950] Opening existencedb in /home/test/my-awesome-project/CISB/server/reorderCPUcheck/db-l38/working/existencedb/db
[E 03:56:43 18950] Wrote 2 files to /home/test/my-awesome-project/CISB/server/reorderCPUcheck/db-l38/trap/cpp/tarballs/home/test/my-awesome-project/CISB/server/reorderCPUcheck/test1.c.15f97513_0.trap.tar.zst
[E 03:56:43 18950] Finished compilation TRAP /home/test/my-awesome-project/CISB/server/reorderCPUcheck/db-l38/trap/cpp/compilations/6/8727049_0.trap.zst
[E 03:56:43 18950] Marking C compilation as happened.
[E 03:56:43 18950] Setting tag c-compilation-happened
[E 03:56:43 18950] Starting from CODEQL_TRACER_DB_ID 0000000000004A04_0000000000000001
[E 03:56:43 18950] Locking DB /home/test/my-awesome-project/CISB/server/reorderCPUcheck/db-l38/working/tags.db
[E 03:56:43 18950] Locked DB /home/test/my-awesome-project/CISB/server/reorderCPUcheck/db-l38/working/tags.db
[E 03:56:43 18950] Set tag for 0000000000004A04_0000000000000001
[E 03:56:43 18950] Set tag for 0000000000004A02_0000000000000001
[E 03:56:43 18950] Set tag for 00000000000049FF_0000000000000003
[E 03:56:43 18950] Set tag for 00000000000049FF_0000000000000002
[E 03:56:43 18950] Set tag for root
[E 03:56:43 18950] Unlocking DB
[E 03:56:43 18950] Unlocked DB
[E 03:56:43 18950] Extractor exited successfully
[T 03:56:43 18948] Extractor /mnt/c/Tools/codeql/cpp/tools/linux64/extractor terminated with exit code 0.
[T 03:56:43 19109] Initializing tracer.
[T 03:56:43 19109] Initializing tags.
[T 03:56:43 19109] ID set to 0000000000004AA5_0000000000000001 (parent 0000000000004A02_0000000000000001)
[T 03:56:43 19109] ==== Candidate to intercept: as (canonical: /usr/bin/as) ====
[T 03:56:43 19109] Lua: === Intercepted call to /usr/bin/as ===
[T 03:56:43 19109] Executing the following tracer actions:
[T 03:56:43 19109] Tracer actions:
[T 03:56:43 19109] pre_invocations(0)
[T 03:56:43 19109] post_invocations(1)
[T 03:56:43 19109] invocation: /mnt/c/Tools/codeql/cpp/tools/linux64/extractor, args: [--assembler, --codeql-assembler-executable, /usr/bin/as, --64, -o, test1.o, /tmp/cc3ssmDy.s]
[T 03:56:43 19109] trace_languages(1): [cpp]
[T 03:56:43 19125] Attempting to switch stdout/stderr to 4...
[T 03:56:43 19125] Initializing tracer.
[T 03:56:43 19125] Initializing tags.
[T 03:56:43 19125] ID set to 0000000000004AB5_0000000000000001 (parent 0000000000004AA5_0000000000000001)
[E 03:56:43 19125] CodeQL C/C++ Extractor 2.25.1
[E 03:56:43 19125] Current directory: /home/test/my-awesome-project/CISB/server/reorderCPUcheck
[E 03:56:43 19125] Command: /mnt/c/Tools/codeql/cpp/tools/linux64/extractor --assembler --codeql-assembler-executable /usr/bin/as --64 -o test1.o /tmp/cc3ssmDy.s
[E 03:56:43 19125] Extractor exited after mimicking assembler
[T 03:56:43 19109] Extractor /mnt/c/Tools/codeql/cpp/tools/linux64/extractor terminated with exit code 0.
[T 03:56:43 19195] Attempting to switch stdout/stderr to 4...
[T 03:56:43 19195] Initializing tracer.
[T 03:56:43 19195] Initializing tags.
[T 03:56:43 19195] ID set to 0000000000004AFB_0000000000000001 (parent 0000000000004A02_0000000000000001)
[E 03:56:43 19195] CodeQL C/C++ Extractor 2.25.1
[E 03:56:43 19195] Current directory: /home/test/my-awesome-project/CISB/server/reorderCPUcheck
[E 03:56:43 19195] Command: /mnt/c/Tools/codeql/cpp/tools/linux64/extractor --mimic /usr/bin/x86_64-linux-gnu-gcc-13 -c -o test1.o test1.c
[T 03:56:43 19252] Initializing tracer.
[T 03:56:43 19252] Initializing tags.
[T 03:56:43 19252] ID set to 0000000000004B34_0000000000000001 (parent 0000000000004AFB_0000000000000001)
[T 03:56:43 19252] ==== Candidate to intercept: /usr/bin/x86_64-linux-gnu-gcc-13 (canonical: /usr/bin/x86_64-linux-gnu-gcc-13) ====
[T 03:56:43 19252] Lua: === Intercepted call to /usr/bin/x86_64-linux-gnu-gcc-13 ===
[T 03:56:43 19252] Executing the following tracer actions:
[T 03:56:43 19252] Tracer actions:
[T 03:56:43 19252] pre_invocations(0)
[T 03:56:43 19252] post_invocations(1)
[T 03:56:43 19252] invocation: /mnt/c/Tools/codeql/cpp/tools/linux64/extractor, args: [--mimic, /usr/bin/x86_64-linux-gnu-gcc-13, --version]
[T 03:56:43 19252] trace_languages(1): [cpp]
[T 03:56:43 19255] Attempting to switch stdout/stderr to 7...
[T 03:56:43 19255] Initializing tracer.
[T 03:56:43 19255] Initializing tags.
[T 03:56:43 19255] ID set to 0000000000004B37_0000000000000001 (parent 0000000000004B34_0000000000000001)
[E 03:56:43 19255] Mimicry classification suppression detected; exiting.
[E 03:56:43 19255] Extractor exited successfully
[T 03:56:43 19252] Extractor /mnt/c/Tools/codeql/cpp/tools/linux64/extractor terminated with exit code 0.
[T 03:56:43 19269] Initializing tracer.
[T 03:56:43 19269] Initializing tags.
[T 03:56:43 19269] ID set to 0000000000004B45_0000000000000001 (parent 0000000000004AFB_0000000000000001)
[T 03:56:43 19269] ==== Candidate to intercept: /usr/bin/x86_64-linux-gnu-gcc-13 (canonical: /usr/bin/x86_64-linux-gnu-gcc-13) ====
[T 03:56:43 19269] Lua: === Intercepted call to /usr/bin/x86_64-linux-gnu-gcc-13 ===
[T 03:56:43 19269] Executing the following tracer actions:
[T 03:56:43 19269] Tracer actions:
[T 03:56:43 19269] pre_invocations(0)
[T 03:56:43 19269] post_invocations(1)
[T 03:56:43 19269] invocation: /mnt/c/Tools/codeql/cpp/tools/linux64/extractor, args: [--mimic, /usr/bin/x86_64-linux-gnu-gcc-13, --help]
[T 03:56:43 19269] trace_languages(1): [cpp]
[T 03:56:43 19285] Attempting to switch stdout/stderr to 7...
[T 03:56:43 19285] Initializing tracer.
[T 03:56:43 19285] Initializing tags.
[T 03:56:43 19285] ID set to 0000000000004B55_0000000000000001 (parent 0000000000004B45_0000000000000001)
[E 03:56:43 19285] Mimicry classification suppression detected; exiting.
[E 03:56:43 19285] Extractor exited successfully
[T 03:56:43 19269] Extractor /mnt/c/Tools/codeql/cpp/tools/linux64/extractor terminated with exit code 0.
[T 03:56:43 19296] Initializing tracer.
[T 03:56:43 19296] Initializing tags.
[T 03:56:43 19296] ID set to 0000000000004B60_0000000000000001 (parent 0000000000004AFB_0000000000000001)
[T 03:56:43 19296] ==== Candidate to intercept: /usr/bin/x86_64-linux-gnu-gcc-13 (canonical: /usr/bin/x86_64-linux-gnu-gcc-13) ====
[T 03:56:43 19296] Lua: === Intercepted call to /usr/bin/x86_64-linux-gnu-gcc-13 ===
[T 03:56:43 19296] Executing the following tracer actions:
[T 03:56:43 19296] Tracer actions:
[T 03:56:43 19296] pre_invocations(0)
[T 03:56:43 19296] post_invocations(1)
[T 03:56:43 19296] invocation: /mnt/c/Tools/codeql/cpp/tools/linux64/extractor, args: [--mimic, /usr/bin/x86_64-linux-gnu-gcc-13, -nostdinc, -o, /home/test/my-awesome-project/CISB/server/reorderCPUcheck/db-l38/working/tmp//semmle_2_19195_617846.o, -c, /home/test/my-awesome-project/CISB/server/reorderCPUcheck/db-l38/working/tmp//semmle_1_19195_617773.c]
[T 03:56:43 19296] trace_languages(1): [cpp]
[T 03:56:43 19303] Initializing tracer.
[T 03:56:43 19303] Initializing tags.
[T 03:56:43 19303] ID set to 0000000000004B67_0000000000000001 (parent 0000000000004B60_0000000000000001)
[T 03:56:43 19303] ==== Candidate to intercept: /usr/libexec/gcc/x86_64-linux-gnu/13/cc1 (canonical: /usr/libexec/gcc/x86_64-linux-gnu/13/cc1) ====
[T 03:56:43 19303] Lua: === Intercepted call to /usr/libexec/gcc/x86_64-linux-gnu/13/cc1 ===
[T 03:56:43 19303] Executing the following tracer actions:
[T 03:56:43 19303] Tracer actions:
[T 03:56:43 19303] pre_invocations(0)
[T 03:56:43 19303] post_invocations(1)
[T 03:56:43 19303] invocation: /mnt/c/Tools/codeql/cpp/tools/linux64/extractor, args: [--mimic, /usr/libexec/gcc/x86_64-linux-gnu/13/cc1, -quiet, -nostdinc, -imultiarch, x86_64-linux-gnu, /home/test/my-awesome-project/CISB/server/reorderCPUcheck/db-l38/working/tmp//semmle_1_19195_617773.c, -quiet, -dumpdir, /home/test/my-awesome-project/CISB/server/reorderCPUcheck/db-l38/working/tmp//, -dumpbase, semmle_2_19195_617846.c, -dumpbase-ext, .c, -mtune=generic, -march=x86-64, -fasynchronous-unwind-tables, -fstack-protector-strong, -Wformat, -Wformat-security, -fstack-clash-protection, -fcf-protection, -o, /tmp/ccKAwbkc.s]
[T 03:56:43 19303] trace_languages(1): [cpp]
[T 03:56:43 19319] Attempting to switch stdout/stderr to 7...
[T 03:56:43 19319] Initializing tracer.
[T 03:56:43 19319] Initializing tags.
[T 03:56:43 19319] ID set to 0000000000004B77_0000000000000001 (parent 0000000000004B67_0000000000000001)
[E 03:56:43 19319] Mimicry classification suppression detected; exiting.
[E 03:56:43 19319] Extractor exited successfully
[T 03:56:43 19303] Extractor /mnt/c/Tools/codeql/cpp/tools/linux64/extractor terminated with exit code 0.
[T 03:56:43 19334] Initializing tracer.
[T 03:56:43 19334] Initializing tags.
[T 03:56:43 19334] ID set to 0000000000004B86_0000000000000001 (parent 0000000000004B60_0000000000000001)
[T 03:56:43 19334] ==== Candidate to intercept: as (canonical: /usr/bin/as) ====
[T 03:56:43 19334] Lua: === Intercepted call to /usr/bin/as ===
[T 03:56:43 19334] Executing the following tracer actions:
[T 03:56:43 19334] Tracer actions:
[T 03:56:43 19334] pre_invocations(0)
[T 03:56:43 19334] post_invocations(1)
[T 03:56:43 19334] invocation: /mnt/c/Tools/codeql/cpp/tools/linux64/extractor, args: [--assembler, --codeql-assembler-executable, /usr/bin/as, --64, -o, /home/test/my-awesome-project/CISB/server/reorderCPUcheck/db-l38/working/tmp//semmle_2_19195_617846.o, /tmp/ccKAwbkc.s]
[T 03:56:43 19334] trace_languages(1): [cpp]
[T 03:56:43 19349] Attempting to switch stdout/stderr to 7...
[T 03:56:43 19349] Initializing tracer.
[T 03:56:43 19349] Initializing tags.
[T 03:56:43 19349] ID set to 0000000000004B95_0000000000000001 (parent 0000000000004B86_0000000000000001)
[E 03:56:43 19349] Mimicry classification suppression detected; exiting.
[E 03:56:43 19349] Extractor exited successfully
[T 03:56:43 19334] Extractor /mnt/c/Tools/codeql/cpp/tools/linux64/extractor terminated with exit code 0.
[T 03:56:43 19364] Attempting to switch stdout/stderr to 7...
[T 03:56:43 19364] Initializing tracer.
[T 03:56:43 19364] Initializing tags.
[T 03:56:43 19364] ID set to 0000000000004BA4_0000000000000001 (parent 0000000000004B60_0000000000000001)
[E 03:56:43 19364] Mimicry classification suppression detected; exiting.
[E 03:56:43 19364] Extractor exited successfully
[T 03:56:43 19296] Extractor /mnt/c/Tools/codeql/cpp/tools/linux64/extractor terminated with exit code 0.
[T 03:56:43 19379] Initializing tracer.
[T 03:56:43 19379] Initializing tags.
[T 03:56:43 19379] ID set to 0000000000004BB3_0000000000000001 (parent 0000000000004AFB_0000000000000001)
[T 03:56:43 19379] ==== Candidate to intercept: /usr/bin/x86_64-linux-gnu-gcc-13 (canonical: /usr/bin/x86_64-linux-gnu-gcc-13) ====
[T 03:56:43 19379] Lua: === Intercepted call to /usr/bin/x86_64-linux-gnu-gcc-13 ===
[T 03:56:43 19379] Executing the following tracer actions:
[T 03:56:43 19379] Tracer actions:
[T 03:56:43 19379] pre_invocations(0)
[T 03:56:43 19379] post_invocations(1)
[T 03:56:43 19379] invocation: /mnt/c/Tools/codeql/cpp/tools/linux64/extractor, args: [--mimic, /usr/bin/x86_64-linux-gnu-gcc-13, -nostdinc, -o, /home/test/my-awesome-project/CISB/server/reorderCPUcheck/db-l38/working/tmp//semmle_4_19195_695276.o, -c, /home/test/my-awesome-project/CISB/server/reorderCPUcheck/db-l38/working/tmp//semmle_3_19195_695219.c]
[T 03:56:43 19379] trace_languages(1): [cpp]
[T 03:56:43 19394] Initializing tracer.
[T 03:56:43 19394] Initializing tags.
[T 03:56:43 19394] ID set to 0000000000004BC2_0000000000000001 (parent 0000000000004BB3_0000000000000001)
[T 03:56:43 19394] ==== Candidate to intercept: /usr/libexec/gcc/x86_64-linux-gnu/13/cc1 (canonical: /usr/libexec/gcc/x86_64-linux-gnu/13/cc1) ====
[T 03:56:43 19394] Lua: === Intercepted call to /usr/libexec/gcc/x86_64-linux-gnu/13/cc1 ===
[T 03:56:43 19394] Executing the following tracer actions:
[T 03:56:43 19394] Tracer actions:
[T 03:56:43 19394] pre_invocations(0)
[T 03:56:43 19394] post_invocations(1)
[T 03:56:43 19394] invocation: /mnt/c/Tools/codeql/cpp/tools/linux64/extractor, args: [--mimic, /usr/libexec/gcc/x86_64-linux-gnu/13/cc1, -quiet, -nostdinc, -imultiarch, x86_64-linux-gnu, /home/test/my-awesome-project/CISB/server/reorderCPUcheck/db-l38/working/tmp//semmle_3_19195_695219.c, -quiet, -dumpdir, /home/test/my-awesome-project/CISB/server/reorderCPUcheck/db-l38/working/tmp//, -dumpbase, semmle_4_19195_695276.c, -dumpbase-ext, .c, -mtune=generic, -march=x86-64, -fasynchronous-unwind-tables, -fstack-protector-strong, -Wformat, -Wformat-security, -fstack-clash-protection, -fcf-protection, -o, /tmp/cc5sUbsE.s]
[T 03:56:43 19394] trace_languages(1): [cpp]
[T 03:56:43 19403] Attempting to switch stdout/stderr to 7...
[T 03:56:43 19403] Initializing tracer.
[T 03:56:43 19403] Initializing tags.
[T 03:56:43 19403] ID set to 0000000000004BCB_0000000000000001 (parent 0000000000004BC2_0000000000000001)
[E 03:56:43 19403] Mimicry classification suppression detected; exiting.
[E 03:56:43 19403] Extractor exited successfully
[T 03:56:43 19394] Extractor /mnt/c/Tools/codeql/cpp/tools/linux64/extractor terminated with exit code 0.
[T 03:56:43 19413] Attempting to switch stdout/stderr to 7...
[T 03:56:43 19413] Initializing tracer.
[T 03:56:43 19413] Initializing tags.
[T 03:56:43 19413] ID set to 0000000000004BD5_0000000000000001 (parent 0000000000004BB3_0000000000000001)
[E 03:56:43 19413] Mimicry classification suppression detected; exiting.
[E 03:56:43 19413] Extractor exited successfully
[T 03:56:43 19379] Extractor /mnt/c/Tools/codeql/cpp/tools/linux64/extractor terminated with exit code 0.
[E 03:56:43 19195] Checking whether C compilation already happened.
[E 03:56:43 19195] Checking for tag c-compilation-happened
[E 03:56:43 19195] Checking CODEQL_TRACER_DB_ID 0000000000004A02_0000000000000001
[E 03:56:43 19195] Locking DB /home/test/my-awesome-project/CISB/server/reorderCPUcheck/db-l38/working/tags.db
[E 03:56:43 19195] Locked DB /home/test/my-awesome-project/CISB/server/reorderCPUcheck/db-l38/working/tags.db
[E 03:56:43 19195] Unlocking DB
[E 03:56:43 19195] Unlocked DB
[E 03:56:43 19195] Exiting as C compilation already happened.
[T 03:56:43 18946] Extractor /mnt/c/Tools/codeql/cpp/tools/linux64/extractor terminated with exit code 0.
