[T 02:31:03 13214] CodeQL CLI version 2.25.1
[T 02:31:03 13214] Initializing tracer.
[T 02:31:03 13214] Initializing tags.
[T 02:31:03 13214] ID set to 000000000000339E_0000000000000001 (parent root)
[T 02:31:03 13214] Initializing tracer.
[T 02:31:03 13214] Initializing tags.
[T 02:31:03 13214] ID set to 000000000000339E_0000000000000002 (parent root)
[T 02:31:03 13214] Warning: SEMMLE_EXEC and SEMMLE_EXECP not set. Falling back to path lookup on argv[0].
[T 02:31:03 13214] ==== Candidate to intercept: /mnt/c/Tools/codeql/tools/linux64/runner-linux (canonical: /mnt/c/Tools/codeql/tools/linux64/runner-linux) ====
[T 02:31:03 13214] Executing the following tracer actions:
[T 02:31:03 13214] Tracer actions:
[T 02:31:03 13214] pre_invocations(0)
[T 02:31:03 13214] post_invocations(0)
[T 02:31:03 13214] trace_languages(1): [cpp]
[T 02:31:03 13214] Initializing tracer.
[T 02:31:03 13214] Initializing tags.
[T 02:31:03 13214] ID set to 000000000000339E_0000000000000003 (parent 000000000000339E_0000000000000002)
[T 02:31:03 13214] ==== Candidate to intercept: make (canonical: /usr/bin/make) ====
[T 02:31:03 13214] Executing the following tracer actions:
[T 02:31:03 13214] Tracer actions:
[T 02:31:03 13214] pre_invocations(0)
[T 02:31:03 13214] post_invocations(0)
[T 02:31:03 13214] trace_languages(1): [cpp]
[T 02:31:03 13217] Initializing tracer.
[T 02:31:03 13217] Initializing tags.
[T 02:31:03 13217] ID set to 00000000000033A1_0000000000000001 (parent 000000000000339E_0000000000000003)
[T 02:31:03 13217] ==== Candidate to intercept: /usr/bin/gcc (canonical: /usr/bin/x86_64-linux-gnu-gcc-13) ====
[T 02:31:03 13217] Lua: === Intercepted call to /usr/bin/x86_64-linux-gnu-gcc-13 ===
[T 02:31:03 13217] Executing the following tracer actions:
[T 02:31:03 13217] Tracer actions:
[T 02:31:03 13217] pre_invocations(0)
[T 02:31:03 13217] post_invocations(1)
[T 02:31:03 13217] invocation: /mnt/c/Tools/codeql/cpp/tools/linux64/extractor, args: [--mimic, /usr/bin/x86_64-linux-gnu-gcc-13, -c, -o, test1.o, test1.c]
[T 02:31:03 13217] trace_languages(1): [cpp]
[T 02:31:03 13219] Initializing tracer.
[T 02:31:03 13219] Initializing tags.
[T 02:31:03 13219] ID set to 00000000000033A3_0000000000000001 (parent 00000000000033A1_0000000000000001)
[T 02:31:03 13219] ==== Candidate to intercept: /usr/libexec/gcc/x86_64-linux-gnu/13/cc1 (canonical: /usr/libexec/gcc/x86_64-linux-gnu/13/cc1) ====
[T 02:31:03 13219] Lua: === Intercepted call to /usr/libexec/gcc/x86_64-linux-gnu/13/cc1 ===
[T 02:31:03 13219] Executing the following tracer actions:
[T 02:31:03 13219] Tracer actions:
[T 02:31:03 13219] pre_invocations(0)
[T 02:31:03 13219] post_invocations(1)
[T 02:31:03 13219] invocation: /mnt/c/Tools/codeql/cpp/tools/linux64/extractor, args: [--mimic, /usr/libexec/gcc/x86_64-linux-gnu/13/cc1, -quiet, -imultiarch, x86_64-linux-gnu, test1.c, -quiet, -dumpbase, test1.c, -dumpbase-ext, .c, -mtune=generic, -march=x86-64, -fasynchronous-unwind-tables, -fstack-protector-strong, -Wformat, -Wformat-security, -fstack-clash-protection, -fcf-protection, -o, /tmp/ccRg2IbY.s]
[T 02:31:03 13219] trace_languages(1): [cpp]
[T 02:31:03 13221] Attempting to switch stdout/stderr to 4...
[T 02:31:03 13221] Initializing tracer.
[T 02:31:03 13221] Initializing tags.
[T 02:31:03 13221] ID set to 00000000000033A5_0000000000000001 (parent 00000000000033A3_0000000000000001)
[E 02:31:03 13221] CodeQL C/C++ Extractor 2.25.1
[E 02:31:03 13221] Current directory: /home/test/my-awesome-project/CISB/server/UBrace
[E 02:31:03 13221] Command: /mnt/c/Tools/codeql/cpp/tools/linux64/extractor --mimic /usr/libexec/gcc/x86_64-linux-gnu/13/cc1 -quiet -imultiarch x86_64-linux-gnu test1.c -quiet -dumpbase test1.c -dumpbase-ext .c -mtune=generic -march=x86-64 -fasynchronous-unwind-tables -fstack-protector-strong -Wformat -Wformat-security -fstack-clash-protection -fcf-protection -o /tmp/ccRg2IbY.s
[T 02:31:03 13222] Initializing tracer.
[T 02:31:03 13222] Initializing tags.
[T 02:31:03 13222] ID set to 00000000000033A6_0000000000000001 (parent 00000000000033A5_0000000000000001)
[T 02:31:03 13222] ==== Candidate to intercept: /usr/libexec/gcc/x86_64-linux-gnu/13/cc1 (canonical: /usr/libexec/gcc/x86_64-linux-gnu/13/cc1) ====
[T 02:31:03 13222] Lua: === Intercepted call to /usr/libexec/gcc/x86_64-linux-gnu/13/cc1 ===
[T 02:31:03 13222] Executing the following tracer actions:
[T 02:31:03 13222] Tracer actions:
[T 02:31:03 13222] pre_invocations(0)
[T 02:31:03 13222] post_invocations(1)
[T 02:31:03 13222] invocation: /mnt/c/Tools/codeql/cpp/tools/linux64/extractor, args: [--mimic, /usr/libexec/gcc/x86_64-linux-gnu/13/cc1, --version]
[T 02:31:03 13222] trace_languages(1): [cpp]
[T 02:31:03 13224] Attempting to switch stdout/stderr to 7...
[T 02:31:03 13224] Initializing tracer.
[T 02:31:03 13224] Initializing tags.
[T 02:31:03 13224] ID set to 00000000000033A8_0000000000000001 (parent 00000000000033A6_0000000000000001)
[E 02:31:03 13224] Mimicry classification suppression detected; exiting.
[E 02:31:03 13224] Extractor exited successfully
[T 02:31:03 13222] Extractor /mnt/c/Tools/codeql/cpp/tools/linux64/extractor terminated with exit code 0.
[T 02:31:03 13225] Initializing tracer.
[T 02:31:03 13225] Initializing tags.
[T 02:31:03 13225] ID set to 00000000000033A9_0000000000000001 (parent 00000000000033A5_0000000000000001)
[T 02:31:03 13225] ==== Candidate to intercept: /usr/libexec/gcc/x86_64-linux-gnu/13/cc1 (canonical: /usr/libexec/gcc/x86_64-linux-gnu/13/cc1) ====
[T 02:31:03 13225] Lua: === Intercepted call to /usr/libexec/gcc/x86_64-linux-gnu/13/cc1 ===
[T 02:31:03 13225] Executing the following tracer actions:
[T 02:31:03 13225] Tracer actions:
[T 02:31:03 13225] pre_invocations(0)
[T 02:31:03 13225] post_invocations(1)
[T 02:31:03 13225] invocation: /mnt/c/Tools/codeql/cpp/tools/linux64/extractor, args: [--mimic, /usr/libexec/gcc/x86_64-linux-gnu/13/cc1, --help]
[T 02:31:03 13225] trace_languages(1): [cpp]
[T 02:31:03 13227] Attempting to switch stdout/stderr to 7...
[T 02:31:03 13227] Initializing tracer.
[T 02:31:03 13227] Initializing tags.
[T 02:31:03 13227] ID set to 00000000000033AB_0000000000000001 (parent 00000000000033A9_0000000000000001)
[E 02:31:03 13227] Mimicry classification suppression detected; exiting.
[E 02:31:03 13227] Extractor exited successfully
[T 02:31:03 13225] Extractor /mnt/c/Tools/codeql/cpp/tools/linux64/extractor terminated with exit code 0.
[T 02:31:03 13228] Initializing tracer.
[T 02:31:03 13228] Initializing tags.
[T 02:31:03 13228] ID set to 00000000000033AC_0000000000000001 (parent 00000000000033A5_0000000000000001)
[T 02:31:03 13228] ==== Candidate to intercept: /usr/libexec/gcc/x86_64-linux-gnu/13/cc1 (canonical: /usr/libexec/gcc/x86_64-linux-gnu/13/cc1) ====
[T 02:31:03 13228] Lua: === Intercepted call to /usr/libexec/gcc/x86_64-linux-gnu/13/cc1 ===
[T 02:31:03 13228] Executing the following tracer actions:
[T 02:31:03 13228] Tracer actions:
[T 02:31:03 13228] pre_invocations(0)
[T 02:31:03 13228] post_invocations(1)
[T 02:31:03 13228] invocation: /mnt/c/Tools/codeql/cpp/tools/linux64/extractor, args: [--mimic, /usr/libexec/gcc/x86_64-linux-gnu/13/cc1, -version, --help]
[T 02:31:03 13228] trace_languages(1): [cpp]
[T 02:31:03 13230] Attempting to switch stdout/stderr to 7...
[T 02:31:03 13230] Initializing tracer.
[T 02:31:03 13230] Initializing tags.
[T 02:31:03 13230] ID set to 00000000000033AE_0000000000000001 (parent 00000000000033AC_0000000000000001)
[E 02:31:03 13230] Mimicry classification suppression detected; exiting.
[E 02:31:03 13230] Extractor exited successfully
[T 02:31:03 13228] Extractor /mnt/c/Tools/codeql/cpp/tools/linux64/extractor terminated with exit code 0.
[T 02:31:03 13231] Initializing tracer.
[T 02:31:03 13231] Initializing tags.
[T 02:31:03 13231] ID set to 00000000000033AF_0000000000000001 (parent 00000000000033A5_0000000000000001)
[T 02:31:03 13231] ==== Candidate to intercept: /usr/libexec/gcc/x86_64-linux-gnu/13/cc1 (canonical: /usr/libexec/gcc/x86_64-linux-gnu/13/cc1) ====
[T 02:31:03 13231] Lua: === Intercepted call to /usr/libexec/gcc/x86_64-linux-gnu/13/cc1 ===
[T 02:31:03 13231] Executing the following tracer actions:
[T 02:31:03 13231] Tracer actions:
[T 02:31:03 13231] pre_invocations(0)
[T 02:31:03 13231] post_invocations(1)
[T 02:31:03 13231] invocation: /mnt/c/Tools/codeql/cpp/tools/linux64/extractor, args: [--mimic, /usr/libexec/gcc/x86_64-linux-gnu/13/cc1, -nostdinc, -o, /home/test/my-awesome-project/CISB/server/UBrace/db-l46/working/tmp//semmle_2_13221_371885.o, /home/test/my-awesome-project/CISB/server/UBrace/db-l46/working/tmp//semmle_1_13221_371853.c]
[T 02:31:03 13231] trace_languages(1): [cpp]
[T 02:31:03 13234] Attempting to switch stdout/stderr to 7...
[T 02:31:03 13234] Initializing tracer.
[T 02:31:03 13234] Initializing tags.
[T 02:31:03 13234] ID set to 00000000000033B2_0000000000000001 (parent 00000000000033AF_0000000000000001)
[E 02:31:03 13234] Mimicry classification suppression detected; exiting.
[E 02:31:03 13234] Extractor exited successfully
[T 02:31:03 13231] Extractor /mnt/c/Tools/codeql/cpp/tools/linux64/extractor terminated with exit code 0.
[T 02:31:03 13237] Initializing tracer.
[T 02:31:03 13237] Initializing tags.
[T 02:31:03 13237] ID set to 00000000000033B5_0000000000000001 (parent 00000000000033A5_0000000000000001)
[T 02:31:03 13237] ==== Candidate to intercept: /usr/libexec/gcc/x86_64-linux-gnu/13/cc1 (canonical: /usr/libexec/gcc/x86_64-linux-gnu/13/cc1) ====
[T 02:31:03 13237] Lua: === Intercepted call to /usr/libexec/gcc/x86_64-linux-gnu/13/cc1 ===
[T 02:31:03 13237] Executing the following tracer actions:
[T 02:31:03 13237] Tracer actions:
[T 02:31:03 13237] pre_invocations(0)
[T 02:31:03 13237] post_invocations(1)
[T 02:31:03 13237] invocation: /mnt/c/Tools/codeql/cpp/tools/linux64/extractor, args: [--mimic, /usr/libexec/gcc/x86_64-linux-gnu/13/cc1, -nostdinc, -o, /home/test/my-awesome-project/CISB/server/UBrace/db-l46/working/tmp//semmle_4_13221_406222.o, /home/test/my-awesome-project/CISB/server/UBrace/db-l46/working/tmp//semmle_3_13221_406159.c]
[T 02:31:03 13237] trace_languages(1): [cpp]
[T 02:31:03 13239] Attempting to switch stdout/stderr to 7...
[T 02:31:03 13239] Initializing tracer.
[T 02:31:03 13239] Initializing tags.
[T 02:31:03 13239] ID set to 00000000000033B7_0000000000000001 (parent 00000000000033B5_0000000000000001)
[E 02:31:03 13239] Mimicry classification suppression detected; exiting.
[E 02:31:03 13239] Extractor exited successfully
[T 02:31:03 13237] Extractor /mnt/c/Tools/codeql/cpp/tools/linux64/extractor terminated with exit code 0.
[E 02:31:03 13221] Checking whether C compilation already happened.
[E 02:31:03 13221] Checking for tag c-compilation-happened
[E 02:31:03 13221] Checking CODEQL_TRACER_DB_ID 00000000000033A3_0000000000000001
[E 02:31:03 13221] Locking DB /home/test/my-awesome-project/CISB/server/UBrace/db-l46/working/tags.db
[E 02:31:03 13221] Locked DB /home/test/my-awesome-project/CISB/server/UBrace/db-l46/working/tags.db
[E 02:31:03 13221] Unlocking DB
[E 02:31:03 13221] Unlocked DB
[E 02:31:03 13221] Looks like C compilation didn't already happen.
[E 02:31:03 13221] Checking whether C compilation has been attempted.
[E 02:31:03 13221] Checking for tag c-compilation-attempted
[E 02:31:03 13221] Checking CODEQL_TRACER_DB_ID 00000000000033A3_0000000000000001
[E 02:31:03 13221] Locking DB /home/test/my-awesome-project/CISB/server/UBrace/db-l46/working/tags.db
[E 02:31:03 13221] Locked DB /home/test/my-awesome-project/CISB/server/UBrace/db-l46/working/tags.db
[E 02:31:03 13221] Unlocking DB
[E 02:31:03 13221] Unlocked DB
[E 02:31:03 13221] Marking C compilation as attempted.
[E 02:31:03 13221] Setting tag c-compilation-attempted
[E 02:31:03 13221] Starting from CODEQL_TRACER_DB_ID 00000000000033A3_0000000000000001
[E 02:31:03 13221] Locking DB /home/test/my-awesome-project/CISB/server/UBrace/db-l46/working/tags.db
[E 02:31:03 13221] Locked DB /home/test/my-awesome-project/CISB/server/UBrace/db-l46/working/tags.db
[E 02:31:03 13221] Set tag for 00000000000033A3_0000000000000001
[E 02:31:03 13221] Set tag for 00000000000033A1_0000000000000001
[E 02:31:03 13221] Set tag for 000000000000339E_0000000000000003
[E 02:31:03 13221] Set tag for 000000000000339E_0000000000000002
[E 02:31:03 13221] Set tag for root
[E 02:31:03 13221] Unlocking DB
[E 02:31:03 13221] Unlocked DB
[T 02:31:03 13241] Initializing tracer.
[T 02:31:03 13241] Initializing tags.
[T 02:31:03 13241] ID set to 00000000000033B9_0000000000000001 (parent 00000000000033A5_0000000000000001)
[T 02:31:03 13241] ==== Candidate to intercept: /usr/libexec/gcc/x86_64-linux-gnu/13/cc1 (canonical: /usr/libexec/gcc/x86_64-linux-gnu/13/cc1) ====
[T 02:31:03 13241] Lua: === Intercepted call to /usr/libexec/gcc/x86_64-linux-gnu/13/cc1 ===
[T 02:31:03 13241] Executing the following tracer actions:
[T 02:31:03 13241] Tracer actions:
[T 02:31:03 13241] pre_invocations(0)
[T 02:31:03 13241] post_invocations(1)
[T 02:31:03 13241] invocation: /mnt/c/Tools/codeql/cpp/tools/linux64/extractor, args: [--mimic, /usr/libexec/gcc/x86_64-linux-gnu/13/cc1, @/home/test/my-awesome-project/CISB/server/UBrace/db-l46/working/tmp//semmle_6_13221_439116, -v, -fsyntax-only, /home/test/my-awesome-project/CISB/server/UBrace/db-l46/working/tmp//semmle_7_13221_439254]
[T 02:31:03 13241] trace_languages(1): [cpp]
[T 02:31:03 13250] Attempting to switch stdout/stderr to 7...
[T 02:31:03 13250] Initializing tracer.
[T 02:31:03 13250] Initializing tags.
[T 02:31:03 13250] ID set to 00000000000033C2_0000000000000001 (parent 00000000000033B9_0000000000000001)
[E 02:31:03 13250] Mimicry classification suppression detected; exiting.
[E 02:31:03 13250] Extractor exited successfully
[T 02:31:03 13241] Extractor /mnt/c/Tools/codeql/cpp/tools/linux64/extractor terminated with exit code 0.
[T 02:31:03 13251] Initializing tracer.
[T 02:31:03 13251] Initializing tags.
[T 02:31:03 13251] ID set to 00000000000033C3_0000000000000001 (parent 00000000000033A5_0000000000000001)
[T 02:31:03 13251] ==== Candidate to intercept: /usr/libexec/gcc/x86_64-linux-gnu/13/cc1 (canonical: /usr/libexec/gcc/x86_64-linux-gnu/13/cc1) ====
[T 02:31:03 13251] Lua: === Intercepted call to /usr/libexec/gcc/x86_64-linux-gnu/13/cc1 ===
[T 02:31:03 13251] Executing the following tracer actions:
[T 02:31:03 13251] Tracer actions:
[T 02:31:03 13251] pre_invocations(0)
[T 02:31:03 13251] post_invocations(1)
[T 02:31:03 13251] invocation: /mnt/c/Tools/codeql/cpp/tools/linux64/extractor, args: [--mimic, /usr/libexec/gcc/x86_64-linux-gnu/13/cc1, @/home/test/my-awesome-project/CISB/server/UBrace/db-l46/working/tmp//semmle_6_13221_439116, -E, -dM, /home/test/my-awesome-project/CISB/server/UBrace/db-l46/working/tmp//semmle_8_13221_468849]
[T 02:31:03 13251] trace_languages(1): [cpp]
[T 02:31:03 13253] Attempting to switch stdout/stderr to 7...
[T 02:31:03 13253] Initializing tracer.
[T 02:31:03 13253] Initializing tags.
[T 02:31:03 13253] ID set to 00000000000033C5_0000000000000001 (parent 00000000000033C3_0000000000000001)
[E 02:31:03 13253] Mimicry classification suppression detected; exiting.
[E 02:31:03 13253] Extractor exited successfully
[T 02:31:03 13251] Extractor /mnt/c/Tools/codeql/cpp/tools/linux64/extractor terminated with exit code 0.
[T 02:31:03 13254] Initializing tracer.
[T 02:31:03 13254] Initializing tags.
[T 02:31:03 13254] ID set to 00000000000033C6_0000000000000001 (parent 00000000000033A5_0000000000000001)
[T 02:31:03 13254] ==== Candidate to intercept: /usr/libexec/gcc/x86_64-linux-gnu/13/cc1 (canonical: /usr/libexec/gcc/x86_64-linux-gnu/13/cc1) ====
[T 02:31:03 13254] Lua: === Intercepted call to /usr/libexec/gcc/x86_64-linux-gnu/13/cc1 ===
[T 02:31:03 13254] Executing the following tracer actions:
[T 02:31:03 13254] Tracer actions:
[T 02:31:03 13254] pre_invocations(0)
[T 02:31:03 13254] post_invocations(1)
[T 02:31:03 13254] invocation: /mnt/c/Tools/codeql/cpp/tools/linux64/extractor, args: [--mimic, /usr/libexec/gcc/x86_64-linux-gnu/13/cc1, @/home/test/my-awesome-project/CISB/server/UBrace/db-l46/working/tmp//semmle_9_13221_500642, -o, /home/test/my-awesome-project/CISB/server/UBrace/db-l46/working/tmp//semmle_11_13221_500816.o, /home/test/my-awesome-project/CISB/server/UBrace/db-l46/working/tmp//semmle_10_13221_500774.c]
[T 02:31:03 13254] trace_languages(1): [cpp]
[T 02:31:03 13256] Attempting to switch stdout/stderr to 7...
[T 02:31:03 13256] Initializing tracer.
[T 02:31:03 13256] Initializing tags.
[T 02:31:03 13256] ID set to 00000000000033C8_0000000000000001 (parent 00000000000033C6_0000000000000001)
[E 02:31:03 13256] Mimicry classification suppression detected; exiting.
[E 02:31:03 13256] Extractor exited successfully
[T 02:31:03 13254] Extractor /mnt/c/Tools/codeql/cpp/tools/linux64/extractor terminated with exit code 0.
[T 02:31:03 13257] Initializing tracer.
[T 02:31:03 13257] Initializing tags.
[T 02:31:03 13257] ID set to 00000000000033C9_0000000000000001 (parent 00000000000033A5_0000000000000001)
[T 02:31:03 13257] ==== Candidate to intercept: /usr/libexec/gcc/x86_64-linux-gnu/13/cc1 (canonical: /usr/libexec/gcc/x86_64-linux-gnu/13/cc1) ====
[T 02:31:03 13257] Lua: === Intercepted call to /usr/libexec/gcc/x86_64-linux-gnu/13/cc1 ===
[T 02:31:03 13257] Executing the following tracer actions:
[T 02:31:03 13257] Tracer actions:
[T 02:31:03 13257] pre_invocations(0)
[T 02:31:03 13257] post_invocations(1)
[T 02:31:03 13257] invocation: /mnt/c/Tools/codeql/cpp/tools/linux64/extractor, args: [--mimic, /usr/libexec/gcc/x86_64-linux-gnu/13/cc1, @/home/test/my-awesome-project/CISB/server/UBrace/db-l46/working/tmp//semmle_9_13221_500642, -o, /home/test/my-awesome-project/CISB/server/UBrace/db-l46/working/tmp//semmle_13_13221_529075.o, /home/test/my-awesome-project/CISB/server/UBrace/db-l46/working/tmp//semmle_12_13221_529041.c]
[T 02:31:03 13257] trace_languages(1): [cpp]
[T 02:31:03 13261] Attempting to switch stdout/stderr to 7...
[T 02:31:03 13261] Initializing tracer.
[T 02:31:03 13261] Initializing tags.
[T 02:31:03 13261] ID set to 00000000000033CD_0000000000000001 (parent 00000000000033C9_0000000000000001)
[E 02:31:03 13261] Mimicry classification suppression detected; exiting.
[E 02:31:03 13261] Extractor exited successfully
[T 02:31:03 13257] Extractor /mnt/c/Tools/codeql/cpp/tools/linux64/extractor terminated with exit code 0.
[T 02:31:03 13288] Initializing tracer.
[T 02:31:03 13288] Initializing tags.
[T 02:31:03 13288] ID set to 00000000000033E8_0000000000000001 (parent 00000000000033A5_0000000000000001)
[T 02:31:03 13288] ==== Candidate to intercept: /usr/libexec/gcc/x86_64-linux-gnu/13/cc1 (canonical: /usr/libexec/gcc/x86_64-linux-gnu/13/cc1) ====
[T 02:31:03 13288] Lua: === Intercepted call to /usr/libexec/gcc/x86_64-linux-gnu/13/cc1 ===
[T 02:31:03 13288] Executing the following tracer actions:
[T 02:31:03 13288] Tracer actions:
[T 02:31:03 13288] pre_invocations(0)
[T 02:31:03 13288] post_invocations(1)
[T 02:31:03 13288] invocation: /mnt/c/Tools/codeql/cpp/tools/linux64/extractor, args: [--mimic, /usr/libexec/gcc/x86_64-linux-gnu/13/cc1, @/home/test/my-awesome-project/CISB/server/UBrace/db-l46/working/tmp//semmle_9_13221_500642, -o, /home/test/my-awesome-project/CISB/server/UBrace/db-l46/working/tmp//semmle_15_13221_563532.o, /home/test/my-awesome-project/CISB/server/UBrace/db-l46/working/tmp//semmle_14_13221_563486.c]
[T 02:31:03 13288] trace_languages(1): [cpp]
[T 02:31:03 13301] Attempting to switch stdout/stderr to 7...
[T 02:31:03 13301] Initializing tracer.
[T 02:31:03 13301] Initializing tags.
[T 02:31:03 13301] ID set to 00000000000033F5_0000000000000001 (parent 00000000000033E8_0000000000000001)
[E 02:31:03 13301] Mimicry classification suppression detected; exiting.
[E 02:31:03 13301] Extractor exited successfully
[T 02:31:03 13288] Extractor /mnt/c/Tools/codeql/cpp/tools/linux64/extractor terminated with exit code 0.
[T 02:31:03 13319] Initializing tracer.
[T 02:31:03 13319] Initializing tags.
[T 02:31:03 13319] ID set to 0000000000003407_0000000000000001 (parent 00000000000033A5_0000000000000001)
[T 02:31:03 13319] ==== Candidate to intercept: /usr/libexec/gcc/x86_64-linux-gnu/13/cc1 (canonical: /usr/libexec/gcc/x86_64-linux-gnu/13/cc1) ====
[T 02:31:03 13319] Lua: === Intercepted call to /usr/libexec/gcc/x86_64-linux-gnu/13/cc1 ===
[T 02:31:03 13319] Executing the following tracer actions:
[T 02:31:03 13319] Tracer actions:
[T 02:31:03 13319] pre_invocations(0)
[T 02:31:03 13319] post_invocations(1)
[T 02:31:03 13319] invocation: /mnt/c/Tools/codeql/cpp/tools/linux64/extractor, args: [--mimic, /usr/libexec/gcc/x86_64-linux-gnu/13/cc1, @/home/test/my-awesome-project/CISB/server/UBrace/db-l46/working/tmp//semmle_9_13221_500642, -o, /home/test/my-awesome-project/CISB/server/UBrace/db-l46/working/tmp//semmle_17_13221_591094.o, /home/test/my-awesome-project/CISB/server/UBrace/db-l46/working/tmp//semmle_16_13221_591045.c]
[T 02:31:03 13319] trace_languages(1): [cpp]
[T 02:31:03 13321] Attempting to switch stdout/stderr to 7...
[T 02:31:03 13321] Initializing tracer.
[T 02:31:03 13321] Initializing tags.
[T 02:31:03 13321] ID set to 0000000000003409_0000000000000001 (parent 0000000000003407_0000000000000001)
[E 02:31:03 13321] Mimicry classification suppression detected; exiting.
[E 02:31:03 13321] Extractor exited successfully
[T 02:31:03 13319] Extractor /mnt/c/Tools/codeql/cpp/tools/linux64/extractor terminated with exit code 0.
[T 02:31:03 13323] Initializing tracer.
[T 02:31:03 13323] Initializing tags.
[T 02:31:03 13323] ID set to 000000000000340B_0000000000000001 (parent 00000000000033A5_0000000000000001)
[T 02:31:03 13323] ==== Candidate to intercept: /usr/libexec/gcc/x86_64-linux-gnu/13/cc1 (canonical: /usr/libexec/gcc/x86_64-linux-gnu/13/cc1) ====
[T 02:31:03 13323] Lua: === Intercepted call to /usr/libexec/gcc/x86_64-linux-gnu/13/cc1 ===
[T 02:31:03 13323] Executing the following tracer actions:
[T 02:31:03 13323] Tracer actions:
[T 02:31:03 13323] pre_invocations(0)
[T 02:31:03 13323] post_invocations(1)
[T 02:31:03 13323] invocation: /mnt/c/Tools/codeql/cpp/tools/linux64/extractor, args: [--mimic, /usr/libexec/gcc/x86_64-linux-gnu/13/cc1, @/home/test/my-awesome-project/CISB/server/UBrace/db-l46/working/tmp//semmle_9_13221_500642, -o, /home/test/my-awesome-project/CISB/server/UBrace/db-l46/working/tmp//semmle_19_13221_621982.o, /home/test/my-awesome-project/CISB/server/UBrace/db-l46/working/tmp//semmle_18_13221_621930.c]
[T 02:31:03 13323] trace_languages(1): [cpp]
[T 02:31:03 13339] Attempting to switch stdout/stderr to 7...
[T 02:31:03 13339] Initializing tracer.
[T 02:31:03 13339] Initializing tags.
[T 02:31:03 13339] ID set to 000000000000341B_0000000000000001 (parent 000000000000340B_0000000000000001)
[E 02:31:03 13339] Mimicry classification suppression detected; exiting.
[E 02:31:03 13339] Extractor exited successfully
[T 02:31:03 13323] Extractor /mnt/c/Tools/codeql/cpp/tools/linux64/extractor terminated with exit code 0.
[T 02:31:03 13354] Initializing tracer.
[T 02:31:03 13354] Initializing tags.
[T 02:31:03 13354] ID set to 000000000000342A_0000000000000001 (parent 00000000000033A5_0000000000000001)
[T 02:31:03 13354] ==== Candidate to intercept: /usr/libexec/gcc/x86_64-linux-gnu/13/cc1 (canonical: /usr/libexec/gcc/x86_64-linux-gnu/13/cc1) ====
[T 02:31:03 13354] Lua: === Intercepted call to /usr/libexec/gcc/x86_64-linux-gnu/13/cc1 ===
[T 02:31:03 13354] Executing the following tracer actions:
[T 02:31:03 13354] Tracer actions:
[T 02:31:03 13354] pre_invocations(0)
[T 02:31:03 13354] post_invocations(1)
[T 02:31:03 13354] invocation: /mnt/c/Tools/codeql/cpp/tools/linux64/extractor, args: [--mimic, /usr/libexec/gcc/x86_64-linux-gnu/13/cc1, @/home/test/my-awesome-project/CISB/server/UBrace/db-l46/working/tmp//semmle_9_13221_500642, -o, /home/test/my-awesome-project/CISB/server/UBrace/db-l46/working/tmp//semmle_21_13221_651237.o, /home/test/my-awesome-project/CISB/server/UBrace/db-l46/working/tmp//semmle_20_13221_651191.c]
[T 02:31:03 13354] trace_languages(1): [cpp]
[T 02:31:03 13370] Attempting to switch stdout/stderr to 7...
[T 02:31:03 13370] Initializing tracer.
[T 02:31:03 13370] Initializing tags.
[T 02:31:03 13370] ID set to 000000000000343A_0000000000000001 (parent 000000000000342A_0000000000000001)
[E 02:31:03 13370] Mimicry classification suppression detected; exiting.
[E 02:31:03 13370] Extractor exited successfully
[T 02:31:03 13354] Extractor /mnt/c/Tools/codeql/cpp/tools/linux64/extractor terminated with exit code 0.
[E 02:31:03 13221] Processed command line: /mnt/c/Tools/codeql/cpp/tools/linux64/extractor --trapfolder /home/test/my-awesome-project/CISB/server/UBrace/db-l46/trap/cpp --src_archive /home/test/my-awesome-project/CISB/server/UBrace/db-l46/src --object_filename /tmp/ccRg2IbY.s --no_warnings_and_discretionary_errors --error_limit 1000 --disable_system_macros --variadic_macros --incognito --gcc --gnu_version 130300 --target linux_x86_64 '-D__DBL_MIN_EXP__=(-1021)' -D__UINT_LEAST16_MAX__=0xffff -D__FLT16_HAS_QUIET_NAN__=1 -D__ATOMIC_ACQUIRE=2 -D__FLT128_MAX_10_EXP__=4932 -D__FLT_MIN__=1.17549435082228750796873653722224568e-38F -D__GCC_IEC_559_COMPLEX=2 '-D__UINT_LEAST8_TYPE__=unsigned char' -D__SIZEOF_FLOAT80__=16 -D__BFLT16_DENORM_MIN__=9.18354961579912115600575419704879436e-41BF16 '-D__INTMAX_C(c)=c ## L' -D__CHAR_BIT__=8 -D__UINT8_MAX__=0xff -D__SCHAR_WIDTH__=8 -D__WINT_MAX__=0xffffffffU '-D__FLT32_MIN_EXP__=(-125)' -D__BFLT16_NORM_MAX__=3.38953138925153547590470800371487867e+38BF16 '-D__BFLT16_MIN_10_EXP__=(-37)' -D__ORDER_LITTLE_ENDIAN__=1234 -D__WCHAR_MAX__=0x7fffffff -D__GCC_HAVE_SYNC_COMPARE_AND_SWAP_2=1 -D__GCC_HAVE_SYNC_COMPARE_AND_SWAP_4=1 -D__GCC_HAVE_SYNC_COMPARE_AND_SWAP_8=1 -D__GCC_ATOMIC_CHAR_LOCK_FREE=2 -D__GCC_IEC_559=2 -D__FLT32X_DECIMAL_DIG__=17 -D__FLT_EVAL_METHOD__=0 -D__FLT64_DECIMAL_DIG__=17 -D__CET__=3 -D__GCC_ATOMIC_CHAR32_T_LOCK_FREE=2 -D__UINT_FAST64_MAX__=0xffffffffffffffffUL -D__SIG_ATOMIC_TYPE__=int '-D__DBL_MIN_10_EXP__=(-307)' -D__FINITE_MATH_ONLY__=0 -D__FLT32X_MAX_EXP__=1024 -D__GCC_HAVE_SYNC_COMPARE_AND_SWAP_1=1 -D__FLT32_HAS_DENORM__=1 -D__UINT_FAST8_MAX__=0xff -D__FLT32_MAX_10_EXP__=38 -D__DEC64_MAX_EXP__=385 '-D__INT8_C(c)=c' -D__INT_LEAST8_WIDTH__=8 -D__UINT_LEAST64_MAX__=0xffffffffffffffffUL -D__SHRT_MAX__=0x7fff -D__LDBL_MAX__=1.18973149535723176502126385303097021e+4932L -D__FLT64X_MAX_10_EXP__=4932 -D__BFLT16_MAX_10_EXP__=38 -D__BFLT16_MAX_EXP__=128 -D__LDBL_IS_IEC_60559__=1 -D__FLT64X_HAS_QUIET_NAN__=1 -D__UINT_LEAST8_MAX__=0xff -D__GCC_ATOMIC_BOOL_LOCK_FREE=2 -D__FLT128_DENORM_MIN__=6.47517511943802511092443895822764655e-4966F128 '-D__UINTMAX_TYPE__=long unsigned int' -D__BFLT16_DECIMAL_DIG__=4 -D__linux=1 -D__DEC32_EPSILON__=1E-6DF -D__FLT_EVAL_METHOD_TS_18661_3__=0 -D__UINT32_MAX__=0xffffffffU '-D__DBL_DENORM_MIN__=((double)4.94065645841246544176568792868221372e-324L)' '-D__FLT128_MIN_EXP__=(-16381)' -D__WINT_MIN__=0U '-D__FLT128_MIN_10_EXP__=(-4931)' -D__FLT32X_IS_IEC_60559__=1 -D__INT_LEAST16_WIDTH__=16 -D__SCHAR_MAX__=0x7f -D__FLT128_MANT_DIG__=113 '-D__WCHAR_MIN__=(-__WCHAR_MAX__ - 1)' '-D__INT64_C(c)=c ## L' -D__SSP_STRONG__=3 -D__GCC_ATOMIC_POINTER_LOCK_FREE=2 -D__ATOMIC_SEQ_CST=5 -D__unix=1 -D__INT_LEAST64_MAX__=0x7fffffffffffffffL -D__FLT32X_MANT_DIG__=53 -D__FLT64X_EPSILON__=1.08420217248550443400745280086994171e-19F64x '-D__DEC64_MIN_EXP__=(-382)' -D__DBL_DIG__=15 -D__FLT_EPSILON__=1.19209289550781250000000000000000000e-7F -D__SHRT_WIDTH__=16 -D__FLT32_IS_IEC_60559__=1 -D__LDBL_MIN__=3.36210314311209350626267781732175260e-4932L -D__STDC_UTF_16__=1 -D__DBL_IS_IEC_60559__=1 -D__DEC32_MAX__=9.999999E96DF -D__FLT64X_DENORM_MIN__=3.64519953188247460252840593361941982e-4951F64x -D__FLT32X_HAS_INFINITY__=1 -D__unix__=1 -D__INT_WIDTH__=32 -D__STDC_IEC_559__=1 -D__STDC_ISO_10646__=201706L -D__DECIMAL_DIG__=21 -D__STDC_IEC_559_COMPLEX__=1 -D__FLT64_EPSILON__=2.22044604925031308084726333618164062e-16F64 -D__gnu_linux__=1 -D__FLT128_IS_IEC_60559__=1 '-D__FLT64X_MIN_10_EXP__=(-4931)' -D__LDBL_HAS_QUIET_NAN__=1 '-D__FLT16_MIN_EXP__=(-13)' -D__FLT64_MANT_DIG__=53 -D__FLT64X_MANT_DIG__=64 -D__BFLT16_DIG__=2 -D__pie__=2 -D__MMX__=1 -D__FLT_HAS_DENORM__=1 -D__SIZEOF_LONG_DOUBLE__=16 -D__BIGGEST_ALIGNMENT__=16 -D__FLT64_MAX_10_EXP__=308 -D__BFLT16_IS_IEC_60559__=0 -D__FLT16_MAX_10_EXP__=4 '-D__DBL_MAX__=((double)1.79769313486231570814527423731704357e+308L)' -D__INT_FAST32_MAX__=0x7fffffffffffffffL -D__DBL_HAS_INFINITY__=1 -D__INT64_MAX__=0x7fffffffffffffffL -D__SIZEOF_FLOAT__=4 -D__HAVE_SPECULATION_SAFE_VALUE=1 '-D__DEC32_MIN_EXP__=(-94)' -D__INTPTR_WIDTH__=64 -D__UINT_LEAST32_MAX__=0xffffffffU -D__FLT32X_HAS_DENORM__=1 '-D__INT_FAST16_TYPE__=long int' -D__MMX_WITH_SSE__=1 -D__LDBL_HAS_DENORM__=1 -D__SEG_GS=1 -D__BFLT16_EPSILON__=7.81250000000000000000000000000000000e-3BF16 -D__FLT128_HAS_INFINITY__=1 -D__DEC32_MIN__=1E-95DF -D__DBL_MAX_EXP__=1024 -D__WCHAR_WIDTH__=32 -D__FLT32_MAX__=3.40282346638528859811704183484516925e+38F32 -D__DEC128_EPSILON__=1E-33DL -D__FLT16_DECIMAL_DIG__=5 -D__SSE2_MATH__=1 -D__ATOMIC_HLE_RELEASE=131072 -D__PTRDIFF_MAX__=0x7fffffffffffffffL -D__amd64=1 -D__ATOMIC_HLE_ACQUIRE=65536 -D__LONG_LONG_MAX__=0x7fffffffffffffffLL -D__SIZEOF_SIZE_T__=8 -D__BFLT16_HAS_INFINITY__=1 '-D__FLT64X_MIN_EXP__=(-16381)' -D__SIZEOF_WINT_T__=4 -D__LONG_LONG_WIDTH__=64 -D__FLT32_MAX_EXP__=128 -D__GXX_ABI_VERSION=1018 '-D__FLT_MIN_EXP__=(-125)' -D__GCC_HAVE_DWARF2_CFI_ASM=1 -D__INT16_MAX__=0x7fff -D__x86_64=1 '-D__INT_FAST64_TYPE__=long int' -D__BFLT16_MAX__=3.38953138925153547590470800371487867e+38BF16 -D__BFLT16_HAS_DENORM__=1 -D__FLT64_DENORM_MIN__=4.94065645841246544176568792868221372e-324F64 -D__FLT16_DENORM_MIN__=5.96046447753906250000000000000000000e-8F16 -D__FLT128_EPSILON__=1.92592994438723585305597794258492732e-34F128 -D__FLT64X_NORM_MAX__=1.18973149535723176502126385303097021e+4932F64x -D__SIZEOF_POINTER__=8 '-D__SIZE_TYPE__=long unsigned int' -D__LP64__=1 -D__DBL_HAS_QUIET_NAN__=1 -D__FLT32X_EPSILON__=2.22044604925031308084726333618164062e-16F32x -D__LDBL_MAX_EXP__=16384 -D__DECIMAL_BID_FORMAT__=1 '-D__FLT64_MIN_EXP__=(-1021)' '-D__FLT64_MIN_10_EXP__=(-307)' '-D__FLT16_MIN_10_EXP__=(-4)' -D__FLT64X_DECIMAL_DIG__=21 -D__DEC128_MIN__=1E-6143DL -D__REGISTER_PREFIX__= -D__UINT16_MAX__=0xffff -D__DBL_HAS_DENORM__=1 -D__FLT32_MIN__=1.17549435082228750796873653722224568e-38F32 '-D__UINT8_TYPE__=unsigned char' -D__FLT_DIG__=6 -D__NO_INLINE__=1 -D__DEC_EVAL_METHOD__=2 -D__FLT_MANT_DIG__=24 -D__LDBL_DECIMAL_DIG__=21 '-D__UINT64_C(c)=c ## UL' -D_STDC_PREDEF_H=1 -D__INT_LEAST32_MAX__=0x7fffffff -D__GCC_ATOMIC_INT_LOCK_FREE=2 -D__FLT128_MAX_EXP__=16384 -D__FLT32_MANT_DIG__=24 -D__FLOAT_WORD_ORDER__=__ORDER_LITTLE_ENDIAN__ '-D__FLT32X_MIN_EXP__=(-1021)' -D__STDC_IEC_60559_COMPLEX__=201404L -D__BFLT16_MIN__=1.17549435082228750796873653722224568e-38BF16 -D__FLT128_HAS_DENORM__=1 -D__FLT32_DECIMAL_DIG__=9 -D__FLT128_DIG__=33 '-D__INT32_C(c)=c' -D__DEC64_EPSILON__=1E-15DD -D__ORDER_PDP_ENDIAN__=3412 '-D__DEC128_MIN_EXP__=(-6142)' -D__DEC128_MAX__=9.999999999999999999999999999999999E6144DL '-D__INT_FAST32_TYPE__=long int' '-D__UINT_LEAST16_TYPE__=short unsigned int' -D__DEC128_MAX_EXP__=6145 -Dunix=1 -D__UINT64_MAX__=0xffffffffffffffffUL -D__FLT_IS_IEC_60559__=1 '-D__GNUC_WIDE_EXECUTION_CHARSET_NAME="UTF-32LE"' -D__FLT64X_DIG__=18 '-D__INT8_TYPE__=signed char' -D__ELF__=1 -D__GCC_ASM_FLAG_OUTPUTS__=1 '-D__UINT32_TYPE__=unsigned int' -D__BFLT16_HAS_QUIET_NAN__=1 -D__FLT_RADIX__=2 '-D__INT_LEAST16_TYPE__=short int' -D__LDBL_EPSILON__=1.08420217248550443400745280086994171e-19L '-D__UINTMAX_C(c)=c ## UL' -D__FLT16_DIG__=3 -D__SSE_MATH__=1 -D__k8=1 -D__FLT32X_MIN__=2.22507385850720138309023271733240406e-308F32x -D__SIG_ATOMIC_MAX__=0x7fffffff -D__GCC_ATOMIC_WCHAR_T_LOCK_FREE=2 -D__USER_LABEL_PREFIX__= -D__STDC_IEC_60559_BFP__=201404L -D__SIZEOF_PTRDIFF_T__=8 -D__FLT64X_HAS_INFINITY__=1 -D__FLT32_HAS_INFINITY__=1 -D__SIZEOF_LONG__=8 -D__LDBL_DIG__=18 -D__FLT64_IS_IEC_60559__=1 -D__x86_64__=1 -D__FLT16_IS_IEC_60559__=1 -D__FLT16_MAX_EXP__=16 -D__DEC32_SUBNORMAL_MIN__=0.000001E-95DF -D__INT_FAST16_MAX__=0x7fffffffffffffffL -D__GCC_CONSTRUCTIVE_SIZE=64 -D__FLT64_DIG__=15 -D__UINT_FAST32_MAX__=0xffffffffffffffffUL '-D__UINT_LEAST64_TYPE__=long unsigned int' -D__FLT16_EPSILON__=9.76562500000000000000000000000000000e-4F16 -D__FLT_HAS_QUIET_NAN__=1 -D__FLT_MAX_10_EXP__=38 -D__LONG_MAX__=0x7fffffffffffffffL -D__FLT64X_HAS_DENORM__=1 -D__DEC128_SUBNORMAL_MIN__=0.000000000000000000000000000000001E-6143DL -D__FLT_HAS_INFINITY__=1 '-D__GNUC_EXECUTION_CHARSET_NAME="UTF-8"' '-D__UINT_FAST16_TYPE__=long unsigned int' -D__DEC64_MAX__=9.999999999999999E384DD -D__INT_FAST32_WIDTH__=64 -D__PRAGMA_REDEFINE_EXTNAME=1 -D__SIZE_WIDTH__=64 -D__SEG_FS=1 -D__INT_LEAST16_MAX__=0x7fff -D__FLT16_NORM_MAX__=6.55040000000000000000000000000000000e+4F16 -D__DEC64_MANT_DIG__=16 -D__FLT32_DENORM_MIN__=1.40129846432481707092372958328991613e-45F32 -D__SIG_ATOMIC_WIDTH__=32 '-D__INT_LEAST64_TYPE__=long int' '-D__INT16_TYPE__=short int' '-D__INT_LEAST8_TYPE__=signed char' -D__FLT16_MAX__=6.55040000000000000000000000000000000e+4F16 -D__FLT128_MIN__=3.36210314311209350626267781732175260e-4932F128 -D__SIZEOF_INT__=4 -D__DEC32_MAX_EXP__=97 -D__INT_FAST8_MAX__=0x7f -D__FLT128_MAX__=1.18973149535723176508575932662800702e+4932F128 -D__INTPTR_MAX__=0x7fffffffffffffffL -Dlinux=1 -D__FLT64_HAS_QUIET_NAN__=1 '-D__FLT32_MIN_10_EXP__=(-37)' -D__FLT32X_DIG__=15 '-D__UINT16_C(c)=c' -D__PTRDIFF_WIDTH__=64 -D__LDBL_MANT_DIG__=64 -D__INT_FAST16_WIDTH__=64 -D__FLT64_HAS_INFINITY__=1 -D__FLT64X_MAX__=1.18973149535723176502126385303097021e+4932F64x -D__FLT16_HAS_INFINITY__=1 '-D__SIG_ATOMIC_MIN__=(-__SIG_ATOMIC_MAX__ - 1)' -D__code_model_small__=1 -D__GCC_ATOMIC_LONG_LOCK_FREE=2 -D__DEC32_MANT_DIG__=7 -D__FLT16_MANT_DIG__=11 -D__k8__=1 '-D__INTPTR_TYPE__=long int' '-D__UINT16_TYPE__=short unsigned int' -D__WCHAR_TYPE__=int -D__pic__=2 -D__UINTPTR_MAX__=0xffffffffffffffffUL -D__INT_FAST64_WIDTH__=64 -D__LDBL_HAS_INFINITY__=1 -D__INT_FAST64_MAX__=0x7fffffffffffffffL -D__GCC_ATOMIC_TEST_AND_SET_TRUEVAL=1 -D__FLT_NORM_MAX__=3.40282346638528859811704183484516925e+38F -D__FLT64X_MAX_EXP__=16384 '-D__UINT_FAST64_TYPE__=long unsigned int' '-D__BFLT16_MIN_EXP__=(-125)' -D__INT_MAX__=0x7fffffff -D__linux__=1 '-D__INT64_TYPE__=long int' -D__FLT_MAX_EXP__=128 -D__ORDER_BIG_ENDIAN__=4321 -D__DBL_MANT_DIG__=53 -D__SIZEOF_FLOAT128__=16 -D__BFLT16_MANT_DIG__=8 -D__GCC_ATOMIC_CHAR16_T_LOCK_FREE=2 -D__DEC64_MIN__=1E-383DD '-D__WINT_TYPE__=unsigned int' '-D__UINT_LEAST32_TYPE__=unsigned int' -D__SIZEOF_SHORT__=2 -D__FLT32_NORM_MAX__=3.40282346638528859811704183484516925e+38F32 -D__SSE__=1 '-D__LDBL_MIN_EXP__=(-16381)' -D__FLT64_MAX__=1.79769313486231570814527423731704357e+308F64 -D__amd64__=1 -D__WINT_WIDTH__=32 -D__INT_LEAST8_MAX__=0x7f -D__INT_LEAST64_WIDTH__=64 -D__FLT32X_MAX_10_EXP__=308 -D__SIZEOF_INT128__=16 -D__FLT16_MIN__=6.10351562500000000000000000000000000e-5F16 -D__FLT64X_IS_IEC_60559__=1 -D__LDBL_MAX_10_EXP__=4932 -D__ATOMIC_RELAXED=0 '-D__DBL_EPSILON__=((double)2.22044604925031308084726333618164062e-16L)' -D__INT_LEAST32_TYPE__=int -D_LP64=1 '-D__UINT8_C(c)=c' -D__FLT64_MAX_EXP__=1024 -D__SIZEOF_WCHAR_T__=4 '-D__UINT64_TYPE__=long unsigned int' -D__FLT128_NORM_MAX__=1.18973149535723176508575932662800702e+4932F128 -D__FLT64_NORM_MAX__=1.79769313486231570814527423731704357e+308F64 -D__FLT128_HAS_QUIET_NAN__=1 -D__INTMAX_MAX__=0x7fffffffffffffffL '-D__INT_FAST8_TYPE__=signed char' -D__FLT64X_MIN__=3.36210314311209350626267781732175260e-4932F64x -D__FLT64_HAS_DENORM__=1 -D__FLT32_EPSILON__=1.19209289550781250000000000000000000e-7F32 -D__FLT16_HAS_DENORM__=1 -D__DBL_DECIMAL_DIG__=17 -D__STDC_UTF_32__=1 -D__INT_FAST8_WIDTH__=8 -D__FXSR__=1 -D__FLT32X_MAX__=1.79769313486231570814527423731704357e+308F32x '-D__DBL_NORM_MAX__=((double)1.79769313486231570814527423731704357e+308L)' -D__BYTE_ORDER__=__ORDER_LITTLE_ENDIAN__ -D__GCC_DESTRUCTIVE_SIZE=64 -D__INTMAX_WIDTH__=64 -D__FLT32_DIG__=6 '-D__UINT32_C(c)=c ## U' -D__FLT_DENORM_MIN__=1.40129846432481707092372958328991613e-45F -D__INT8_MAX__=0x7f -D__LONG_WIDTH__=64 '-D__DBL_MIN__=((double)2.22507385850720138309023271733240406e-308L)' -D__PIC__=2 -D__INT32_MAX__=0x7fffffff '-D__UINT_FAST32_TYPE__=long unsigned int' -D__FLT32X_NORM_MAX__=1.79769313486231570814527423731704357e+308F32x -D__FLT_MAX__=3.40282346638528859811704183484516925e+38F -D__SSE2__=1 -D__INT32_TYPE__=int -D__SIZEOF_DOUBLE__=8 '-D__FLT_MIN_10_EXP__=(-37)' -D__FLT64_MIN__=2.22507385850720138309023271733240406e-308F64 -D__INT_LEAST32_WIDTH__=32 '-D__INTMAX_TYPE__=long int' -D__FLT32X_HAS_QUIET_NAN__=1 -D__ATOMIC_CONSUME=1 -D__UINTMAX_MAX__=0xffffffffffffffffUL -D__PIE__=2 -D__FLT32X_DENORM_MIN__=4.94065645841246544176568792868221372e-324F32x -D__DBL_MAX_10_EXP__=308 -D__LDBL_DENORM_MIN__=3.64519953188247460252840593361941982e-4951L '-D__INT16_C(c)=c' '-D__PTRDIFF_TYPE__=long int' '-D__FLT32X_MIN_10_EXP__=(-307)' '-D__UINTPTR_TYPE__=long unsigned int' -D__DEC64_SUBNORMAL_MIN__=0.000000000000001E-383DD -D__DEC128_MANT_DIG__=34 '-D__LDBL_MIN_10_EXP__=(-4931)' -D__SIZEOF_LONG_LONG__=8 -D__FLT128_DECIMAL_DIG__=36 -D__GCC_ATOMIC_LLONG_LOCK_FREE=2 -D__FLT32_HAS_QUIET_NAN__=1 -D__FLT_DECIMAL_DIG__=9 -D__UINT_FAST16_MAX__=0xffffffffffffffffUL -D__LDBL_NORM_MAX__=1.18973149535723176502126385303097021e+4932L -D__GCC_ATOMIC_SHORT_LOCK_FREE=2 -D__SIZE_MAX__=0xffffffffffffffffUL '-D__UINT_FAST8_TYPE__=unsigned char' -D__ATOMIC_ACQ_REL=4 -D__ATOMIC_RELEASE=3 -I/usr/lib/gcc/x86_64-linux-gnu/13/include -I/usr/local/include -I/usr/include/x86_64-linux-gnu -I/usr/include -- test1.c
[E 02:31:03 13221] CODEQL_EXTRACTOR_CPP_TRAP_CACHING is not set
[E 02:31:03 13221] CODEQL_EXTRACTOR_CPP_OPTION_TRAP_CACHE_WRITE is not set
[E 02:31:03 13221] CODEQL_EXTRACTOR_CPP_OPTION_TRAP_CACHE_DIR is not set
[E 02:31:03 13221] Initialising TRAP cache at path: 7c/94ed/ed6a6722a857d655f96e66d23166
[E 02:31:03 13221] Not using TRAP cache
[E 02:31:03 13221] TRAP cache miss
[E 02:31:03 13221] Starting compilation TRAP /home/test/my-awesome-project/CISB/server/UBrace/db-l46/trap/cpp/compilations/27/12190038_0.trap.zst
[E 02:31:03 13221] Archiving /home/test/my-awesome-project/CISB/server/UBrace/db-l46/src/home/test/my-awesome-project/CISB/server/UBrace/test1.c
[E 02:31:03 13221] Archiving /home/test/my-awesome-project/CISB/server/UBrace/db-l46/src/usr/include/stdio.h
[E 02:31:03 13221] Archiving /home/test/my-awesome-project/CISB/server/UBrace/db-l46/src/usr/include/x86_64-linux-gnu/bits/libc-header-start.h
[E 02:31:03 13221] Archiving /home/test/my-awesome-project/CISB/server/UBrace/db-l46/src/usr/include/features.h
[E 02:31:03 13221] Archiving /home/test/my-awesome-project/CISB/server/UBrace/db-l46/src/usr/include/features-time64.h
[E 02:31:03 13221] Archiving /home/test/my-awesome-project/CISB/server/UBrace/db-l46/src/usr/include/x86_64-linux-gnu/bits/wordsize.h
[E 02:31:03 13221] Archiving /home/test/my-awesome-project/CISB/server/UBrace/db-l46/src/usr/include/x86_64-linux-gnu/bits/timesize.h
[E 02:31:03 13221] Already archived /home/test/my-awesome-project/CISB/server/UBrace/db-l46/src/usr/include/x86_64-linux-gnu/bits/wordsize.h
[E 02:31:03 13221] Archiving /home/test/my-awesome-project/CISB/server/UBrace/db-l46/src/usr/include/stdc-predef.h
[E 02:31:03 13221] Archiving /home/test/my-awesome-project/CISB/server/UBrace/db-l46/src/usr/include/x86_64-linux-gnu/sys/cdefs.h
[E 02:31:03 13221] Already archived /home/test/my-awesome-project/CISB/server/UBrace/db-l46/src/usr/include/x86_64-linux-gnu/bits/wordsize.h
[E 02:31:03 13221] Archiving /home/test/my-awesome-project/CISB/server/UBrace/db-l46/src/usr/include/x86_64-linux-gnu/bits/long-double.h
[E 02:31:03 13221] Archiving /home/test/my-awesome-project/CISB/server/UBrace/db-l46/src/usr/include/x86_64-linux-gnu/gnu/stubs.h
[E 02:31:03 13221] Archiving /home/test/my-awesome-project/CISB/server/UBrace/db-l46/src/usr/include/x86_64-linux-gnu/gnu/stubs-64.h
[E 02:31:03 13221] Archiving /home/test/my-awesome-project/CISB/server/UBrace/db-l46/src/usr/lib/gcc/x86_64-linux-gnu/13/include/stddef.h
[E 02:31:03 13221] Archiving /home/test/my-awesome-project/CISB/server/UBrace/db-l46/src/usr/lib/gcc/x86_64-linux-gnu/13/include/stdarg.h
[E 02:31:03 13221] Archiving /home/test/my-awesome-project/CISB/server/UBrace/db-l46/src/usr/include/x86_64-linux-gnu/bits/types.h
[E 02:31:03 13221] Already archived /home/test/my-awesome-project/CISB/server/UBrace/db-l46/src/usr/include/x86_64-linux-gnu/bits/wordsize.h
[E 02:31:03 13221] Already archived /home/test/my-awesome-project/CISB/server/UBrace/db-l46/src/usr/include/x86_64-linux-gnu/bits/timesize.h
[E 02:31:03 13221] Already archived /home/test/my-awesome-project/CISB/server/UBrace/db-l46/src/usr/include/x86_64-linux-gnu/bits/wordsize.h
[E 02:31:03 13221] Archiving /home/test/my-awesome-project/CISB/server/UBrace/db-l46/src/usr/include/x86_64-linux-gnu/bits/typesizes.h
[E 02:31:03 13221] Archiving /home/test/my-awesome-project/CISB/server/UBrace/db-l46/src/usr/include/x86_64-linux-gnu/bits/time64.h
[E 02:31:03 13221] Archiving /home/test/my-awesome-project/CISB/server/UBrace/db-l46/src/usr/include/x86_64-linux-gnu/bits/types/__fpos_t.h
[E 02:31:03 13221] Archiving /home/test/my-awesome-project/CISB/server/UBrace/db-l46/src/usr/include/x86_64-linux-gnu/bits/types/__mbstate_t.h
[E 02:31:03 13221] Archiving /home/test/my-awesome-project/CISB/server/UBrace/db-l46/src/usr/include/x86_64-linux-gnu/bits/types/__fpos64_t.h
[E 02:31:03 13221] Archiving /home/test/my-awesome-project/CISB/server/UBrace/db-l46/src/usr/include/x86_64-linux-gnu/bits/types/__FILE.h
[E 02:31:03 13221] Archiving /home/test/my-awesome-project/CISB/server/UBrace/db-l46/src/usr/include/x86_64-linux-gnu/bits/types/FILE.h
[E 02:31:03 13221] Archiving /home/test/my-awesome-project/CISB/server/UBrace/db-l46/src/usr/include/x86_64-linux-gnu/bits/types/struct_FILE.h
[E 02:31:03 13221] Archiving /home/test/my-awesome-project/CISB/server/UBrace/db-l46/src/usr/include/x86_64-linux-gnu/bits/types/cookie_io_functions_t.h
[E 02:31:03 13221] Archiving /home/test/my-awesome-project/CISB/server/UBrace/db-l46/src/usr/include/x86_64-linux-gnu/bits/stdio_lim.h
[E 02:31:03 13221] Archiving /home/test/my-awesome-project/CISB/server/UBrace/db-l46/src/usr/include/x86_64-linux-gnu/bits/floatn.h
[E 02:31:03 13221] Archiving /home/test/my-awesome-project/CISB/server/UBrace/db-l46/src/usr/include/x86_64-linux-gnu/bits/floatn-common.h
[E 02:31:03 13221] Already archived /home/test/my-awesome-project/CISB/server/UBrace/db-l46/src/usr/include/x86_64-linux-gnu/bits/long-double.h
[E 02:31:03 13221] Archiving /home/test/my-awesome-project/CISB/server/UBrace/db-l46/src/usr/include/stdlib.h
[E 02:31:03 13221] Already archived /home/test/my-awesome-project/CISB/server/UBrace/db-l46/src/usr/include/x86_64-linux-gnu/bits/libc-header-start.h
[E 02:31:03 13221] Already archived /home/test/my-awesome-project/CISB/server/UBrace/db-l46/src/usr/lib/gcc/x86_64-linux-gnu/13/include/stddef.h
[E 02:31:03 13221] Archiving /home/test/my-awesome-project/CISB/server/UBrace/db-l46/src/usr/include/x86_64-linux-gnu/bits/waitflags.h
[E 02:31:03 13221] Archiving /home/test/my-awesome-project/CISB/server/UBrace/db-l46/src/usr/include/x86_64-linux-gnu/bits/waitstatus.h
[E 02:31:03 13221] Archiving /home/test/my-awesome-project/CISB/server/UBrace/db-l46/src/usr/include/x86_64-linux-gnu/bits/types/locale_t.h
[E 02:31:03 13221] Archiving /home/test/my-awesome-project/CISB/server/UBrace/db-l46/src/usr/include/x86_64-linux-gnu/bits/types/__locale_t.h
[E 02:31:03 13221] Archiving /home/test/my-awesome-project/CISB/server/UBrace/db-l46/src/usr/include/x86_64-linux-gnu/sys/types.h
[E 02:31:03 13221] Archiving /home/test/my-awesome-project/CISB/server/UBrace/db-l46/src/usr/include/x86_64-linux-gnu/bits/types/clock_t.h
[E 02:31:03 13221] Archiving /home/test/my-awesome-project/CISB/server/UBrace/db-l46/src/usr/include/x86_64-linux-gnu/bits/types/clockid_t.h
[E 02:31:03 13221] Archiving /home/test/my-awesome-project/CISB/server/UBrace/db-l46/src/usr/include/x86_64-linux-gnu/bits/types/time_t.h
[E 02:31:03 13221] Archiving /home/test/my-awesome-project/CISB/server/UBrace/db-l46/src/usr/include/x86_64-linux-gnu/bits/types/timer_t.h
[E 02:31:03 13221] Already archived /home/test/my-awesome-project/CISB/server/UBrace/db-l46/src/usr/lib/gcc/x86_64-linux-gnu/13/include/stddef.h
[E 02:31:03 13221] Archiving /home/test/my-awesome-project/CISB/server/UBrace/db-l46/src/usr/include/x86_64-linux-gnu/bits/stdint-intn.h
[E 02:31:03 13221] Archiving /home/test/my-awesome-project/CISB/server/UBrace/db-l46/src/usr/include/endian.h
[E 02:31:03 13221] Archiving /home/test/my-awesome-project/CISB/server/UBrace/db-l46/src/usr/include/x86_64-linux-gnu/bits/endian.h
[E 02:31:03 13221] Archiving /home/test/my-awesome-project/CISB/server/UBrace/db-l46/src/usr/include/x86_64-linux-gnu/bits/endianness.h
[E 02:31:03 13221] Archiving /home/test/my-awesome-project/CISB/server/UBrace/db-l46/src/usr/include/x86_64-linux-gnu/bits/byteswap.h
[E 02:31:03 13221] Archiving /home/test/my-awesome-project/CISB/server/UBrace/db-l46/src/usr/include/x86_64-linux-gnu/bits/uintn-identity.h
[E 02:31:03 13221] Archiving /home/test/my-awesome-project/CISB/server/UBrace/db-l46/src/usr/include/x86_64-linux-gnu/sys/select.h
[E 02:31:03 13221] Archiving /home/test/my-awesome-project/CISB/server/UBrace/db-l46/src/usr/include/x86_64-linux-gnu/bits/select.h
[E 02:31:03 13221] Archiving /home/test/my-awesome-project/CISB/server/UBrace/db-l46/src/usr/include/x86_64-linux-gnu/bits/types/sigset_t.h
[E 02:31:03 13221] Archiving /home/test/my-awesome-project/CISB/server/UBrace/db-l46/src/usr/include/x86_64-linux-gnu/bits/types/__sigset_t.h
[E 02:31:03 13221] Archiving /home/test/my-awesome-project/CISB/server/UBrace/db-l46/src/usr/include/x86_64-linux-gnu/bits/types/struct_timeval.h
[E 02:31:03 13221] Archiving /home/test/my-awesome-project/CISB/server/UBrace/db-l46/src/usr/include/x86_64-linux-gnu/bits/types/struct_timespec.h
[E 02:31:03 13221] Archiving /home/test/my-awesome-project/CISB/server/UBrace/db-l46/src/usr/include/x86_64-linux-gnu/bits/pthreadtypes.h
[E 02:31:03 13221] Archiving /home/test/my-awesome-project/CISB/server/UBrace/db-l46/src/usr/include/x86_64-linux-gnu/bits/thread-shared-types.h
[E 02:31:03 13221] Archiving /home/test/my-awesome-project/CISB/server/UBrace/db-l46/src/usr/include/x86_64-linux-gnu/bits/pthreadtypes-arch.h
[E 02:31:03 13221] Already archived /home/test/my-awesome-project/CISB/server/UBrace/db-l46/src/usr/include/x86_64-linux-gnu/bits/wordsize.h
[E 02:31:03 13221] Archiving /home/test/my-awesome-project/CISB/server/UBrace/db-l46/src/usr/include/x86_64-linux-gnu/bits/atomic_wide_counter.h
[E 02:31:03 13221] Archiving /home/test/my-awesome-project/CISB/server/UBrace/db-l46/src/usr/include/x86_64-linux-gnu/bits/struct_mutex.h
[E 02:31:03 13221] Archiving /home/test/my-awesome-project/CISB/server/UBrace/db-l46/src/usr/include/x86_64-linux-gnu/bits/struct_rwlock.h
[E 02:31:03 13221] Archiving /home/test/my-awesome-project/CISB/server/UBrace/db-l46/src/usr/include/alloca.h
[E 02:31:03 13221] Already archived /home/test/my-awesome-project/CISB/server/UBrace/db-l46/src/usr/lib/gcc/x86_64-linux-gnu/13/include/stddef.h
[E 02:31:03 13221] Archiving /home/test/my-awesome-project/CISB/server/UBrace/db-l46/src/usr/include/x86_64-linux-gnu/bits/stdlib-float.h
[E 02:31:03 13221] Archiving /home/test/my-awesome-project/CISB/server/UBrace/db-l46/src/usr/include/pthread.h
[E 02:31:03 13221] Archiving /home/test/my-awesome-project/CISB/server/UBrace/db-l46/src/usr/include/sched.h
[E 02:31:03 13221] Already archived /home/test/my-awesome-project/CISB/server/UBrace/db-l46/src/usr/lib/gcc/x86_64-linux-gnu/13/include/stddef.h
[E 02:31:03 13221] Archiving /home/test/my-awesome-project/CISB/server/UBrace/db-l46/src/usr/include/x86_64-linux-gnu/bits/sched.h
[E 02:31:03 13221] Archiving /home/test/my-awesome-project/CISB/server/UBrace/db-l46/src/usr/include/x86_64-linux-gnu/bits/types/struct_sched_param.h
[E 02:31:03 13221] Archiving /home/test/my-awesome-project/CISB/server/UBrace/db-l46/src/usr/include/x86_64-linux-gnu/bits/cpu-set.h
[E 02:31:03 13221] Archiving /home/test/my-awesome-project/CISB/server/UBrace/db-l46/src/usr/include/time.h
[E 02:31:03 13221] Already archived /home/test/my-awesome-project/CISB/server/UBrace/db-l46/src/usr/lib/gcc/x86_64-linux-gnu/13/include/stddef.h
[E 02:31:03 13221] Archiving /home/test/my-awesome-project/CISB/server/UBrace/db-l46/src/usr/include/x86_64-linux-gnu/bits/time.h
[E 02:31:03 13221] Archiving /home/test/my-awesome-project/CISB/server/UBrace/db-l46/src/usr/include/x86_64-linux-gnu/bits/timex.h
[E 02:31:03 13221] Archiving /home/test/my-awesome-project/CISB/server/UBrace/db-l46/src/usr/include/x86_64-linux-gnu/bits/types/struct_tm.h
[E 02:31:03 13221] Archiving /home/test/my-awesome-project/CISB/server/UBrace/db-l46/src/usr/include/x86_64-linux-gnu/bits/types/struct_itimerspec.h
[E 02:31:03 13221] Archiving /home/test/my-awesome-project/CISB/server/UBrace/db-l46/src/usr/include/x86_64-linux-gnu/bits/setjmp.h
[E 02:31:03 13221] Already archived /home/test/my-awesome-project/CISB/server/UBrace/db-l46/src/usr/include/x86_64-linux-gnu/bits/wordsize.h
[E 02:31:03 13221] Already archived /home/test/my-awesome-project/CISB/server/UBrace/db-l46/src/usr/include/x86_64-linux-gnu/bits/wordsize.h
[E 02:31:03 13221] Archiving /home/test/my-awesome-project/CISB/server/UBrace/db-l46/src/usr/include/x86_64-linux-gnu/bits/types/struct___jmp_buf_tag.h
[E 02:31:03 13221] Archiving /home/test/my-awesome-project/CISB/server/UBrace/db-l46/src/usr/include/x86_64-linux-gnu/bits/pthread_stack_min-dynamic.h
[E 02:31:03 13221] Archiving /home/test/my-awesome-project/CISB/server/UBrace/db-l46/src/usr/include/unistd.h
[E 02:31:03 13221] Archiving /home/test/my-awesome-project/CISB/server/UBrace/db-l46/src/usr/include/x86_64-linux-gnu/bits/posix_opt.h
[E 02:31:03 13221] Archiving /home/test/my-awesome-project/CISB/server/UBrace/db-l46/src/usr/include/x86_64-linux-gnu/bits/environments.h
[E 02:31:03 13221] Already archived /home/test/my-awesome-project/CISB/server/UBrace/db-l46/src/usr/include/x86_64-linux-gnu/bits/wordsize.h
[E 02:31:03 13221] Already archived /home/test/my-awesome-project/CISB/server/UBrace/db-l46/src/usr/lib/gcc/x86_64-linux-gnu/13/include/stddef.h
[E 02:31:03 13221] Archiving /home/test/my-awesome-project/CISB/server/UBrace/db-l46/src/usr/include/x86_64-linux-gnu/bits/confname.h
[E 02:31:03 13221] Archiving /home/test/my-awesome-project/CISB/server/UBrace/db-l46/src/usr/include/x86_64-linux-gnu/bits/getopt_posix.h
[E 02:31:03 13221] Archiving /home/test/my-awesome-project/CISB/server/UBrace/db-l46/src/usr/include/x86_64-linux-gnu/bits/getopt_core.h
[E 02:31:03 13221] Archiving /home/test/my-awesome-project/CISB/server/UBrace/db-l46/src/usr/include/x86_64-linux-gnu/bits/unistd_ext.h
[E 02:31:03 13221] Archiving /home/test/my-awesome-project/CISB/server/UBrace/db-l46/src/usr/include/linux/close_range.h
[E 02:31:03 13221] Archiving /home/test/my-awesome-project/CISB/server/UBrace/db-l46/src/usr/lib/gcc/x86_64-linux-gnu/13/include/stdint.h
[E 02:31:03 13221] Archiving /home/test/my-awesome-project/CISB/server/UBrace/db-l46/src/usr/include/stdint.h
[E 02:31:03 13221] Already archived /home/test/my-awesome-project/CISB/server/UBrace/db-l46/src/usr/include/x86_64-linux-gnu/bits/libc-header-start.h
[E 02:31:03 13221] Archiving /home/test/my-awesome-project/CISB/server/UBrace/db-l46/src/usr/include/x86_64-linux-gnu/bits/wchar.h
[E 02:31:03 13221] Already archived /home/test/my-awesome-project/CISB/server/UBrace/db-l46/src/usr/include/x86_64-linux-gnu/bits/wordsize.h
[E 02:31:03 13221] Archiving /home/test/my-awesome-project/CISB/server/UBrace/db-l46/src/usr/include/x86_64-linux-gnu/bits/stdint-uintn.h
[E 02:31:03 13221] Archiving /home/test/my-awesome-project/CISB/server/UBrace/db-l46/src/usr/include/x86_64-linux-gnu/bits/stdint-least.h
[E 02:31:03 13221] Creating trap tarball /home/test/my-awesome-project/CISB/server/UBrace/db-l46/trap/cpp/tarballs/home/test/my-awesome-project/CISB/server/UBrace/test1.c.2923e6df_0.trap.tar.zst
[E 02:31:03 13221] Emitting trap files for test1.c
[E 02:31:03 13221] Opening existencedb in /home/test/my-awesome-project/CISB/server/UBrace/db-l46/working/existencedb/db
[E 02:31:03 13221] Wrote 92 files to /home/test/my-awesome-project/CISB/server/UBrace/db-l46/trap/cpp/tarballs/home/test/my-awesome-project/CISB/server/UBrace/test1.c.2923e6df_0.trap.tar.zst
[E 02:31:03 13221] Finished compilation TRAP /home/test/my-awesome-project/CISB/server/UBrace/db-l46/trap/cpp/compilations/27/12190038_0.trap.zst
[E 02:31:03 13221] Marking C compilation as happened.
[E 02:31:03 13221] Setting tag c-compilation-happened
[E 02:31:03 13221] Starting from CODEQL_TRACER_DB_ID 00000000000033A3_0000000000000001
[E 02:31:03 13221] Locking DB /home/test/my-awesome-project/CISB/server/UBrace/db-l46/working/tags.db
[E 02:31:03 13221] Locked DB /home/test/my-awesome-project/CISB/server/UBrace/db-l46/working/tags.db
[E 02:31:03 13221] Set tag for 00000000000033A3_0000000000000001
[E 02:31:03 13221] Set tag for 00000000000033A1_0000000000000001
[E 02:31:03 13221] Set tag for 000000000000339E_0000000000000003
[E 02:31:03 13221] Set tag for 000000000000339E_0000000000000002
[E 02:31:03 13221] Set tag for root
[E 02:31:03 13221] Unlocking DB
[E 02:31:03 13221] Unlocked DB
[E 02:31:03 13221] Extractor exited successfully
[T 02:31:03 13219] Extractor /mnt/c/Tools/codeql/cpp/tools/linux64/extractor terminated with exit code 0.
[T 02:31:03 13553] Initializing tracer.
[T 02:31:03 13553] Initializing tags.
[T 02:31:03 13553] ID set to 00000000000034F1_0000000000000001 (parent 00000000000033A1_0000000000000001)
[T 02:31:03 13553] ==== Candidate to intercept: as (canonical: /usr/bin/as) ====
[T 02:31:03 13553] Lua: === Intercepted call to /usr/bin/as ===
[T 02:31:03 13553] Executing the following tracer actions:
[T 02:31:03 13553] Tracer actions:
[T 02:31:03 13553] pre_invocations(0)
[T 02:31:03 13553] post_invocations(1)
[T 02:31:03 13553] invocation: /mnt/c/Tools/codeql/cpp/tools/linux64/extractor, args: [--assembler, --codeql-assembler-executable, /usr/bin/as, --64, -o, test1.o, /tmp/ccRg2IbY.s]
[T 02:31:03 13553] trace_languages(1): [cpp]
[T 02:31:03 13569] Attempting to switch stdout/stderr to 4...
[T 02:31:03 13569] Initializing tracer.
[T 02:31:03 13569] Initializing tags.
[T 02:31:03 13569] ID set to 0000000000003501_0000000000000001 (parent 00000000000034F1_0000000000000001)
[E 02:31:03 13569] CodeQL C/C++ Extractor 2.25.1
[E 02:31:03 13569] Current directory: /home/test/my-awesome-project/CISB/server/UBrace
[E 02:31:03 13569] Command: /mnt/c/Tools/codeql/cpp/tools/linux64/extractor --assembler --codeql-assembler-executable /usr/bin/as --64 -o test1.o /tmp/ccRg2IbY.s
[E 02:31:03 13569] Extractor exited after mimicking assembler
[T 02:31:03 13553] Extractor /mnt/c/Tools/codeql/cpp/tools/linux64/extractor terminated with exit code 0.
[T 02:31:03 13625] Attempting to switch stdout/stderr to 4...
[T 02:31:03 13625] Initializing tracer.
[T 02:31:03 13625] Initializing tags.
[T 02:31:03 13625] ID set to 0000000000003539_0000000000000001 (parent 00000000000033A1_0000000000000001)
[E 02:31:04 13625] CodeQL C/C++ Extractor 2.25.1
[E 02:31:04 13625] Current directory: /home/test/my-awesome-project/CISB/server/UBrace
[E 02:31:04 13625] Command: /mnt/c/Tools/codeql/cpp/tools/linux64/extractor --mimic /usr/bin/x86_64-linux-gnu-gcc-13 -c -o test1.o test1.c
[T 02:31:04 13654] Initializing tracer.
[T 02:31:04 13654] Initializing tags.
[T 02:31:04 13654] ID set to 0000000000003556_0000000000000001 (parent 0000000000003539_0000000000000001)
[T 02:31:04 13654] ==== Candidate to intercept: /usr/bin/x86_64-linux-gnu-gcc-13 (canonical: /usr/bin/x86_64-linux-gnu-gcc-13) ====
[T 02:31:04 13654] Lua: === Intercepted call to /usr/bin/x86_64-linux-gnu-gcc-13 ===
[T 02:31:04 13654] Executing the following tracer actions:
[T 02:31:04 13654] Tracer actions:
[T 02:31:04 13654] pre_invocations(0)
[T 02:31:04 13654] post_invocations(1)
[T 02:31:04 13654] invocation: /mnt/c/Tools/codeql/cpp/tools/linux64/extractor, args: [--mimic, /usr/bin/x86_64-linux-gnu-gcc-13, --version]
[T 02:31:04 13654] trace_languages(1): [cpp]
[T 02:31:04 13656] Attempting to switch stdout/stderr to 7...
[T 02:31:04 13656] Initializing tracer.
[T 02:31:04 13656] Initializing tags.
[T 02:31:04 13656] ID set to 0000000000003558_0000000000000001 (parent 0000000000003556_0000000000000001)
[E 02:31:04 13656] Mimicry classification suppression detected; exiting.
[E 02:31:04 13656] Extractor exited successfully
[T 02:31:04 13654] Extractor /mnt/c/Tools/codeql/cpp/tools/linux64/extractor terminated with exit code 0.
[T 02:31:04 13657] Initializing tracer.
[T 02:31:04 13657] Initializing tags.
[T 02:31:04 13657] ID set to 0000000000003559_0000000000000001 (parent 0000000000003539_0000000000000001)
[T 02:31:04 13657] ==== Candidate to intercept: /usr/bin/x86_64-linux-gnu-gcc-13 (canonical: /usr/bin/x86_64-linux-gnu-gcc-13) ====
[T 02:31:04 13657] Lua: === Intercepted call to /usr/bin/x86_64-linux-gnu-gcc-13 ===
[T 02:31:04 13657] Executing the following tracer actions:
[T 02:31:04 13657] Tracer actions:
[T 02:31:04 13657] pre_invocations(0)
[T 02:31:04 13657] post_invocations(1)
[T 02:31:04 13657] invocation: /mnt/c/Tools/codeql/cpp/tools/linux64/extractor, args: [--mimic, /usr/bin/x86_64-linux-gnu-gcc-13, --help]
[T 02:31:04 13657] trace_languages(1): [cpp]
[T 02:31:04 13659] Attempting to switch stdout/stderr to 7...
[T 02:31:04 13659] Initializing tracer.
[T 02:31:04 13659] Initializing tags.
[T 02:31:04 13659] ID set to 000000000000355B_0000000000000001 (parent 0000000000003559_0000000000000001)
[E 02:31:04 13659] Mimicry classification suppression detected; exiting.
[E 02:31:04 13659] Extractor exited successfully
[T 02:31:04 13657] Extractor /mnt/c/Tools/codeql/cpp/tools/linux64/extractor terminated with exit code 0.
[T 02:31:04 13660] Initializing tracer.
[T 02:31:04 13660] Initializing tags.
[T 02:31:04 13660] ID set to 000000000000355C_0000000000000001 (parent 0000000000003539_0000000000000001)
[T 02:31:04 13660] ==== Candidate to intercept: /usr/bin/x86_64-linux-gnu-gcc-13 (canonical: /usr/bin/x86_64-linux-gnu-gcc-13) ====
[T 02:31:04 13660] Lua: === Intercepted call to /usr/bin/x86_64-linux-gnu-gcc-13 ===
[T 02:31:04 13660] Executing the following tracer actions:
[T 02:31:04 13660] Tracer actions:
[T 02:31:04 13660] pre_invocations(0)
[T 02:31:04 13660] post_invocations(1)
[T 02:31:04 13660] invocation: /mnt/c/Tools/codeql/cpp/tools/linux64/extractor, args: [--mimic, /usr/bin/x86_64-linux-gnu-gcc-13, -nostdinc, -o, /home/test/my-awesome-project/CISB/server/UBrace/db-l46/working/tmp//semmle_2_13625_56554.o, -c, /home/test/my-awesome-project/CISB/server/UBrace/db-l46/working/tmp//semmle_1_13625_56480.c]
[T 02:31:04 13660] trace_languages(1): [cpp]
[T 02:31:04 13662] Initializing tracer.
[T 02:31:04 13662] Initializing tags.
[T 02:31:04 13662] ID set to 000000000000355E_0000000000000001 (parent 000000000000355C_0000000000000001)
[T 02:31:04 13662] ==== Candidate to intercept: /usr/libexec/gcc/x86_64-linux-gnu/13/cc1 (canonical: /usr/libexec/gcc/x86_64-linux-gnu/13/cc1) ====
[T 02:31:04 13662] Lua: === Intercepted call to /usr/libexec/gcc/x86_64-linux-gnu/13/cc1 ===
[T 02:31:04 13662] Executing the following tracer actions:
[T 02:31:04 13662] Tracer actions:
[T 02:31:04 13662] pre_invocations(0)
[T 02:31:04 13662] post_invocations(1)
[T 02:31:04 13662] invocation: /mnt/c/Tools/codeql/cpp/tools/linux64/extractor, args: [--mimic, /usr/libexec/gcc/x86_64-linux-gnu/13/cc1, -quiet, -nostdinc, -imultiarch, x86_64-linux-gnu, /home/test/my-awesome-project/CISB/server/UBrace/db-l46/working/tmp//semmle_1_13625_56480.c, -quiet, -dumpdir, /home/test/my-awesome-project/CISB/server/UBrace/db-l46/working/tmp//, -dumpbase, semmle_2_13625_56554.c, -dumpbase-ext, .c, -mtune=generic, -march=x86-64, -fasynchronous-unwind-tables, -fstack-protector-strong, -Wformat, -Wformat-security, -fstack-clash-protection, -fcf-protection, -o, /tmp/ccueruEe.s]
[T 02:31:04 13662] trace_languages(1): [cpp]
[T 02:31:04 13664] Attempting to switch stdout/stderr to 7...
[T 02:31:04 13664] Initializing tracer.
[T 02:31:04 13664] Initializing tags.
[T 02:31:04 13664] ID set to 0000000000003560_0000000000000001 (parent 000000000000355E_0000000000000001)
[E 02:31:04 13664] Mimicry classification suppression detected; exiting.
[E 02:31:04 13664] Extractor exited successfully
[T 02:31:04 13662] Extractor /mnt/c/Tools/codeql/cpp/tools/linux64/extractor terminated with exit code 0.
[T 02:31:04 13665] Initializing tracer.
[T 02:31:04 13665] Initializing tags.
[T 02:31:04 13665] ID set to 0000000000003561_0000000000000001 (parent 000000000000355C_0000000000000001)
[T 02:31:04 13665] ==== Candidate to intercept: as (canonical: /usr/bin/as) ====
[T 02:31:04 13665] Lua: === Intercepted call to /usr/bin/as ===
[T 02:31:04 13665] Executing the following tracer actions:
[T 02:31:04 13665] Tracer actions:
[T 02:31:04 13665] pre_invocations(0)
[T 02:31:04 13665] post_invocations(1)
[T 02:31:04 13665] invocation: /mnt/c/Tools/codeql/cpp/tools/linux64/extractor, args: [--assembler, --codeql-assembler-executable, /usr/bin/as, --64, -o, /home/test/my-awesome-project/CISB/server/UBrace/db-l46/working/tmp//semmle_2_13625_56554.o, /tmp/ccueruEe.s]
[T 02:31:04 13665] trace_languages(1): [cpp]
[T 02:31:04 13667] Attempting to switch stdout/stderr to 7...
[T 02:31:04 13667] Initializing tracer.
[T 02:31:04 13667] Initializing tags.
[T 02:31:04 13667] ID set to 0000000000003563_0000000000000001 (parent 0000000000003561_0000000000000001)
[E 02:31:04 13667] Mimicry classification suppression detected; exiting.
[E 02:31:04 13667] Extractor exited successfully
[T 02:31:04 13665] Extractor /mnt/c/Tools/codeql/cpp/tools/linux64/extractor terminated with exit code 0.
[T 02:31:04 13668] Attempting to switch stdout/stderr to 7...
[T 02:31:04 13668] Initializing tracer.
[T 02:31:04 13668] Initializing tags.
[T 02:31:04 13668] ID set to 0000000000003564_0000000000000001 (parent 000000000000355C_0000000000000001)
[E 02:31:04 13668] Mimicry classification suppression detected; exiting.
[E 02:31:04 13668] Extractor exited successfully
[T 02:31:04 13660] Extractor /mnt/c/Tools/codeql/cpp/tools/linux64/extractor terminated with exit code 0.
[T 02:31:04 13669] Initializing tracer.
[T 02:31:04 13669] Initializing tags.
[T 02:31:04 13669] ID set to 0000000000003565_0000000000000001 (parent 0000000000003539_0000000000000001)
[T 02:31:04 13669] ==== Candidate to intercept: /usr/bin/x86_64-linux-gnu-gcc-13 (canonical: /usr/bin/x86_64-linux-gnu-gcc-13) ====
[T 02:31:04 13669] Lua: === Intercepted call to /usr/bin/x86_64-linux-gnu-gcc-13 ===
[T 02:31:04 13669] Executing the following tracer actions:
[T 02:31:04 13669] Tracer actions:
[T 02:31:04 13669] pre_invocations(0)
[T 02:31:04 13669] post_invocations(1)
[T 02:31:04 13669] invocation: /mnt/c/Tools/codeql/cpp/tools/linux64/extractor, args: [--mimic, /usr/bin/x86_64-linux-gnu-gcc-13, -nostdinc, -o, /home/test/my-awesome-project/CISB/server/UBrace/db-l46/working/tmp//semmle_4_13625_136601.o, -c, /home/test/my-awesome-project/CISB/server/UBrace/db-l46/working/tmp//semmle_3_13625_136503.c]
[T 02:31:04 13669] trace_languages(1): [cpp]
[T 02:31:04 13671] Initializing tracer.
[T 02:31:04 13671] Initializing tags.
[T 02:31:04 13671] ID set to 0000000000003567_0000000000000001 (parent 0000000000003565_0000000000000001)
[T 02:31:04 13671] ==== Candidate to intercept: /usr/libexec/gcc/x86_64-linux-gnu/13/cc1 (canonical: /usr/libexec/gcc/x86_64-linux-gnu/13/cc1) ====
[T 02:31:04 13671] Lua: === Intercepted call to /usr/libexec/gcc/x86_64-linux-gnu/13/cc1 ===
[T 02:31:04 13671] Executing the following tracer actions:
[T 02:31:04 13671] Tracer actions:
[T 02:31:04 13671] pre_invocations(0)
[T 02:31:04 13671] post_invocations(1)
[T 02:31:04 13671] invocation: /mnt/c/Tools/codeql/cpp/tools/linux64/extractor, args: [--mimic, /usr/libexec/gcc/x86_64-linux-gnu/13/cc1, -quiet, -nostdinc, -imultiarch, x86_64-linux-gnu, /home/test/my-awesome-project/CISB/server/UBrace/db-l46/working/tmp//semmle_3_13625_136503.c, -quiet, -dumpdir, /home/test/my-awesome-project/CISB/server/UBrace/db-l46/working/tmp//, -dumpbase, semmle_4_13625_136601.c, -dumpbase-ext, .c, -mtune=generic, -march=x86-64, -fasynchronous-unwind-tables, -fstack-protector-strong, -Wformat, -Wformat-security, -fstack-clash-protection, -fcf-protection, -o, /tmp/cckUM0o9.s]
[T 02:31:04 13671] trace_languages(1): [cpp]
[T 02:31:04 13673] Attempting to switch stdout/stderr to 7...
[T 02:31:04 13673] Initializing tracer.
[T 02:31:04 13673] Initializing tags.
[T 02:31:04 13673] ID set to 0000000000003569_0000000000000001 (parent 0000000000003567_0000000000000001)
[E 02:31:04 13673] Mimicry classification suppression detected; exiting.
[E 02:31:04 13673] Extractor exited successfully
[T 02:31:04 13671] Extractor /mnt/c/Tools/codeql/cpp/tools/linux64/extractor terminated with exit code 0.
[T 02:31:04 13674] Attempting to switch stdout/stderr to 7...
[T 02:31:04 13674] Initializing tracer.
[T 02:31:04 13674] Initializing tags.
[T 02:31:04 13674] ID set to 000000000000356A_0000000000000001 (parent 0000000000003565_0000000000000001)
[E 02:31:04 13674] Mimicry classification suppression detected; exiting.
[E 02:31:04 13674] Extractor exited successfully
[T 02:31:04 13669] Extractor /mnt/c/Tools/codeql/cpp/tools/linux64/extractor terminated with exit code 0.
[E 02:31:04 13625] Checking whether C compilation already happened.
[E 02:31:04 13625] Checking for tag c-compilation-happened
[E 02:31:04 13625] Checking CODEQL_TRACER_DB_ID 00000000000033A1_0000000000000001
[E 02:31:04 13625] Locking DB /home/test/my-awesome-project/CISB/server/UBrace/db-l46/working/tags.db
[E 02:31:04 13625] Locked DB /home/test/my-awesome-project/CISB/server/UBrace/db-l46/working/tags.db
[E 02:31:04 13625] Unlocking DB
[E 02:31:04 13625] Unlocked DB
[E 02:31:04 13625] Exiting as C compilation already happened.
[T 02:31:04 13217] Extractor /mnt/c/Tools/codeql/cpp/tools/linux64/extractor terminated with exit code 0.
