[2026-04-25 10:31:03] This is codeql database create --language=cpp --command=make db-l46
[2026-04-25 10:31:03] Log file was started late.
[2026-04-25 10:31:03] [PROGRESS] database create> Initializing database at /home/test/my-awesome-project/CISB/server/UBrace/db-l46.
[2026-04-25 10:31:03] Running plumbing command: codeql database init --language=cpp --extractor-options-verbosity=1 --qlconfig-file=/home/test/my-awesome-project/CISB/server/UBrace/qlconfig.yml --source-root=/home/test/my-awesome-project/CISB/server/UBrace --allow-missing-source-root=false --allow-already-existing -- /home/test/my-awesome-project/CISB/server/UBrace/db-l46
[2026-04-25 10:31:03] Calling plumbing command: codeql resolve languages --extractor-options-verbosity=1 --format=betterjson
[2026-04-25 10:31:02] [DETAILS] resolve languages> Scanning for [codeql-extractor.yml] from /mnt/c/Tools/codeql/.codeqlmanifest.json
[2026-04-25 10:31:02] [DETAILS] resolve languages> Parsing /mnt/c/Tools/codeql/actions/codeql-extractor.yml.
[2026-04-25 10:31:02] [DETAILS] resolve languages> Parsing /mnt/c/Tools/codeql/cpp/codeql-extractor.yml.
[2026-04-25 10:31:02] [DETAILS] resolve languages> Parsing /mnt/c/Tools/codeql/csharp/codeql-extractor.yml.
[2026-04-25 10:31:02] [DETAILS] resolve languages> Parsing /mnt/c/Tools/codeql/csv/codeql-extractor.yml.
[2026-04-25 10:31:02] [DETAILS] resolve languages> Parsing /mnt/c/Tools/codeql/go/codeql-extractor.yml.
[2026-04-25 10:31:02] [DETAILS] resolve languages> Parsing /mnt/c/Tools/codeql/html/codeql-extractor.yml.
[2026-04-25 10:31:02] [DETAILS] resolve languages> Parsing /mnt/c/Tools/codeql/java/codeql-extractor.yml.
[2026-04-25 10:31:02] [DETAILS] resolve languages> Parsing /mnt/c/Tools/codeql/javascript/codeql-extractor.yml.
[2026-04-25 10:31:02] [DETAILS] resolve languages> Parsing /mnt/c/Tools/codeql/properties/codeql-extractor.yml.
[2026-04-25 10:31:02] [DETAILS] resolve languages> Parsing /mnt/c/Tools/codeql/python/codeql-extractor.yml.
[2026-04-25 10:31:02] [DETAILS] resolve languages> Parsing /mnt/c/Tools/codeql/ruby/codeql-extractor.yml.
[2026-04-25 10:31:02] [DETAILS] resolve languages> Parsing /mnt/c/Tools/codeql/rust/codeql-extractor.yml.
[2026-04-25 10:31:02] [DETAILS] resolve languages> Parsing /mnt/c/Tools/codeql/swift/codeql-extractor.yml.
[2026-04-25 10:31:02] [DETAILS] resolve languages> Parsing /mnt/c/Tools/codeql/xml/codeql-extractor.yml.
[2026-04-25 10:31:02] [DETAILS] resolve languages> Parsing /mnt/c/Tools/codeql/yaml/codeql-extractor.yml.
[2026-04-25 10:31:02] Plumbing command codeql resolve languages completed:
                      {
                        "aliases" : {
                          "c" : "cpp",
                          "c++" : "cpp",
                          "c-c++" : "cpp",
                          "c-cpp" : "cpp",
                          "c#" : "csharp",
                          "java-kotlin" : "java",
                          "kotlin" : "java",
                          "javascript-typescript" : "javascript",
                          "typescript" : "javascript"
                        },
                        "extractors" : {
                          "actions" : [
                            {
                              "extractor_root" : "/mnt/c/Tools/codeql/actions",
                              "extractor_options" : { }
                            }
                          ],
                          "cpp" : [
                            {
                              "extractor_root" : "/mnt/c/Tools/codeql/cpp",
                              "extractor_options" : {
                                "scale_timeouts" : {
                                  "title" : "Value to scale compiler introspection timeouts with",
                                  "description" : "The extractor attempts to determine what compiler the source code being extracted is compiled with. To this end the extractor makes additional calls to the compiler, some of which are expected to return within a certain fixed time (either 10s or 15s). On some systems that are under high load this time might be too short, and can be scaled up using this option.\n",
                                  "type" : "string",
                                  "pattern" : "[0-9]+"
                                },
                                "log_verbosity" : {
                                  "title" : "Verbosity of the extractor logging",
                                  "description" : "Set the verbosity of the extractor logging to 'quiet' (0), 'normal' (1), 'chatty' (2), or 'noisy' (3). The default is 'normal'.\n",
                                  "type" : "string",
                                  "pattern" : "[0-3]"
                                }
                              }
                            }
                          ],
                          "csharp" : [
                            {
                              "extractor_root" : "/mnt/c/Tools/codeql/csharp",
                              "extractor_options" : {
                                "trap" : {
                                  "title" : "Options pertaining to TRAP.",
                                  "description" : "Options pertaining to TRAP.",
                                  "type" : "object",
                                  "properties" : {
                                    "compression" : {
                                      "title" : "Controls compression for the TRAP files written by the extractor.",
                                      "description" : "This option is only intended for use in debugging the extractor. Accepted values are 'brotli' (the default, to write brotli-compressed TRAP), 'gzip', and 'none' (to write uncompressed TRAP).\n",
                                      "type" : "string",
                                      "pattern" : "^(none|gzip|brotli)$"
                                    }
                                  }
                                },
                                "buildless" : {
                                  "title" : "DEPRECATED - Whether to use buildless (standalone) extraction.",
                                  "description" : "DEPRECATED: Use `--build-mode none` instead.\nA value indicating, which type of extraction the autobuilder should perform. If 'true', then the standalone extractor will be used, otherwise tracing extraction will be performed. The default is 'false'. Note that buildless extraction will generally yield less accurate analysis results, and should only be used in cases where it is not possible to build the code (for example if it uses inaccessible dependencies).\n",
                                  "type" : "string",
                                  "pattern" : "^(false|true)$"
                                },
                                "logging" : {
                                  "title" : "Options pertaining to logging.",
                                  "description" : "Options pertaining to logging.",
                                  "type" : "object",
                                  "properties" : {
                                    "verbosity" : {
                                      "title" : "Extractor logging verbosity level.",
                                      "description" : "Controls the level of verbosity of the extractor. The supported levels are (in order of increasing verbosity):\n  - off\n  - errors\n  - warnings\n  - info or progress\n  - debug or progress+\n  - trace or progress++\n  - progress+++\n",
                                      "type" : "string",
                                      "pattern" : "^(off|errors|warnings|(info|progress)|(debug|progress\\+)|(trace|progress\\+\\+)|progress\\+\\+\\+)$"
                                    }
                                  }
                                },
                                "binlog" : {
                                  "title" : "Binlog",
                                  "description" : "[EXPERIMENTAL] The value is a path to the MsBuild binary log file that should be extracted. This option only works when `--build-mode none` is also specified.\n",
                                  "type" : "array"
                                },
                                "buildless_dependency_dir" : {
                                  "title" : "The path where buildless (standalone) extraction should keep dependencies.",
                                  "description" : "If set, the buildless (standalone) extractor will store dependencies in this directory.\n",
                                  "type" : "string"
                                }
                              }
                            }
                          ],
                          "csv" : [
                            {
                              "extractor_root" : "/mnt/c/Tools/codeql/csv"
                            }
                          ],
                          "go" : [
                            {
                              "extractor_root" : "/mnt/c/Tools/codeql/go",
                              "extractor_options" : {
                                "extract_tests" : {
                                  "title" : "Whether to include Go test files in the CodeQL database.",
                                  "description" : "A value indicating whether Go test files should be included in the CodeQL database. The default is 'false'.\n",
                                  "type" : "string",
                                  "pattern" : "^(false|true)$"
                                },
                                "extract_vendor_dirs" : {
                                  "title" : "Whether to include Go vendor directories in the CodeQL database.",
                                  "description" : "A value indicating whether Go vendor directories should be included in the CodeQL database. The default is 'false'.\n",
                                  "type" : "string",
                                  "pattern" : "^(false|true)$"
                                }
                              }
                            }
                          ],
                          "html" : [
                            {
                              "extractor_root" : "/mnt/c/Tools/codeql/html"
                            }
                          ],
                          "java" : [
                            {
                              "extractor_root" : "/mnt/c/Tools/codeql/java",
                              "extractor_options" : {
                                "exclude" : {
                                  "title" : "A glob excluding files from analysis.",
                                  "description" : "A glob indicating what files to exclude from the analysis. This accepts glob patterns that are supported by Java's 'getPathMatcher' implementation.\n",
                                  "type" : "string"
                                },
                                "add_prefer_source" : {
                                  "title" : "Whether to always prefer source files over class files.",
                                  "description" : "A value indicating whether source files should be preferred over class files. If set to 'true', the extraction adds '-Xprefer:source' to the javac command line. If set to 'false', the extraction uses the default javac behavior ('-Xprefer:newer'). The default is 'true'.\n",
                                  "type" : "string",
                                  "pattern" : "^(false|true)$"
                                },
                                "buildless" : {
                                  "title" : "Whether to use buildless (standalone) extraction (experimental).",
                                  "description" : "A value indicating, which type of extraction the autobuilder should perform. If 'true', then the standalone extractor will be used, otherwise tracing extraction will be performed. The default is 'false'. Note that buildless extraction will generally yield less accurate analysis results, and should only be used in cases where it is not possible to build the code (for example if it uses inaccessible dependencies).\n",
                                  "type" : "string",
                                  "pattern" : "^(false|true)$"
                                },
                                "buildless_dependency_dir" : {
                                  "title" : "The path where buildless (standalone) extraction should keep dependencies.",
                                  "description" : "If set, the buildless (standalone) extractor will store dependencies in this directory.\n",
                                  "type" : "string"
                                },
                                "minimize_dependency_jars" : {
                                  "title" : "Whether to rewrite and minimize downloaded JAR dependencies (experimental).",
                                  "description" : "If 'true', JAR dependencies downloaded during extraction will be rewritten to remove unneeded data, such as method bodies. The default is 'false'.\n",
                                  "type" : "string",
                                  "pattern" : "^(false|true)$"
                                }
                              }
                            }
                          ],
                          "javascript" : [
                            {
                              "extractor_root" : "/mnt/c/Tools/codeql/javascript",
                              "extractor_options" : {
                                "skip_types" : {
                                  "title" : "Skip type extraction for TypeScript",
                                  "description" : "Whether to skip the extraction of types in a TypeScript application",
                                  "type" : "string",
                                  "pattern" : "^(false|true)$"
                                }
                              }
                            }
                          ],
                          "properties" : [
                            {
                              "extractor_root" : "/mnt/c/Tools/codeql/properties"
                            }
                          ],
                          "python" : [
                            {
                              "extractor_root" : "/mnt/c/Tools/codeql/python",
                              "extractor_options" : {
                                "logging" : {
                                  "title" : "Options pertaining to logging.",
                                  "description" : "Options pertaining to logging.",
                                  "type" : "object",
                                  "properties" : {
                                    "verbosity" : {
                                      "title" : "Python extractor logging verbosity level.",
                                      "description" : "Controls the level of verbosity of the CodeQL Python extractor.\nThe supported levels are (in order of increasing verbosity):\n\n  - off\n  - errors\n  - warnings\n  - info or progress\n  - debug or progress+\n  - trace or progress++\n  - progress+++\n",
                                      "type" : "string",
                                      "pattern" : "^(off|errors|warnings|(info|progress)|(debug|progress\\+)|(trace|progress\\+\\+)|progress\\+\\+\\+)$"
                                    }
                                  }
                                },
                                "python_executable_name" : {
                                  "title" : "Controls the name of the Python executable used by the Python extractor.",
                                  "description" : "The Python extractor uses platform-dependent heuristics to determine the name of the Python executable to use. Specifying a value for this option overrides the name of the Python executable used by the extractor. Accepted values are py, python and python3. Use this setting with caution, the Python extractor requires Python 3 to run.\n",
                                  "type" : "string",
                                  "pattern" : "^(py|python|python3)$"
                                }
                              }
                            }
                          ],
                          "ruby" : [
                            {
                              "extractor_root" : "/mnt/c/Tools/codeql/ruby",
                              "extractor_options" : {
                                "trap" : {
                                  "title" : "Options pertaining to TRAP.",
                                  "description" : "Options pertaining to TRAP.",
                                  "type" : "object",
                                  "properties" : {
                                    "compression" : {
                                      "title" : "Controls compression for the TRAP files written by the extractor.",
                                      "description" : "This option is only intended for use in debugging the extractor. Accepted values are 'gzip' (the default, to write gzip-compressed TRAP) 'zstd' (to write Zstandard-compressed TRAP) and 'none' (to write uncompressed TRAP).\n",
                                      "type" : "string",
                                      "pattern" : "^(none|gzip|zstd)$"
                                    }
                                  }
                                }
                              }
                            }
                          ],
                          "rust" : [
                            {
                              "extractor_root" : "/mnt/c/Tools/codeql/rust",
                              "extractor_options" : {
                                "trap" : {
                                  "title" : "Options pertaining to TRAP.",
                                  "description" : "Options pertaining to TRAP.",
                                  "type" : "object",
                                  "properties" : {
                                    "compression" : {
                                      "title" : "Controls compression for the TRAP files written by the extractor.",
                                      "description" : "This option is only intended for use in debugging the extractor. Accepted values are 'gzip' (to write gzip-compressed TRAP) 'zstd' (to write Zstandard-compressed TRAP) and 'none' (the default, to write uncompressed TRAP).\n",
                                      "type" : "string",
                                      "pattern" : "^(none|gzip|zstd)$"
                                    }
                                  }
                                },
                                "cargo_target_dir" : {
                                  "title" : "Directory to use for cargo output files.",
                                  "description" : "This value is an optional path to use as `CARGO_TARGET_DIR` for the internal cargo commands the extractor uses. Pointing it to a persistent directory may reduce execution time of consecutive extractor runs. By default, a new scratch directory is used for each run.\n",
                                  "type" : "string"
                                },
                                "cargo_target" : {
                                  "title" : "Target architecture",
                                  "description" : "Target architecture to use for analysis, analogous to `cargo --target`. By default the host architecture is used.\n",
                                  "type" : "string"
                                },
                                "cargo_features" : {
                                  "title" : "Cargo features to turn on",
                                  "description" : "Comma-separated list of features to turn on. By default all features are enabled. If any features are specified, then only those features are enabled. The `default` feature must be explicitly specified if only default features are desired. Can be repeated.\n",
                                  "type" : "array"
                                },
                                "cargo_cfg_overrides" : {
                                  "title" : "Cargo cfg overrides",
                                  "description" : "Comma-separated list of cfg settings to enable, or disable if prefixed with `-`. Can be repeated.\n",
                                  "type" : "array"
                                },
                                "logging" : {
                                  "title" : "Options pertaining to logging.",
                                  "description" : "Options pertaining to logging.",
                                  "type" : "object",
                                  "properties" : {
                                    "verbosity" : {
                                      "title" : "Extractor logging verbosity level.",
                                      "description" : "Controls the level of verbosity of the extractor. The supported levels are (in order of increasing verbosity):\n  - off\n  - errors\n  - warnings\n  - info or progress\n  - debug or progress+\n  - trace or progress++\n  - progress+++\n",
                                      "type" : "string",
                                      "pattern" : "^(off|errors|warnings|(info|progress)|(debug|progress\\+)|(trace|progress\\+\\+)|progress\\+\\+\\+)$"
                                    },
                                    "flamegraph" : {
                                      "title" : "[Experimental] File path for write flame graph log",
                                      "description" : "Collect flame graph data using the `tracing-flame` crate. To render a flame graph or chart, run the `inferno-flamegraph` command. See also: https://crates.io/crates/tracing-flame\n",
                                      "type" : "string"
                                    }
                                  }
                                },
                                "extract_dependencies_as_source" : {
                                  "title" : "Extract dependencies as source code",
                                  "description" : "Extract the full source code of dependencies instead of only extracting signatures.\n",
                                  "type" : "string",
                                  "pattern" : "^(false|true)$"
                                }
                              }
                            }
                          ],
                          "swift" : [
                            {
                              "extractor_root" : "/mnt/c/Tools/codeql/swift"
                            }
                          ],
                          "xml" : [
                            {
                              "extractor_root" : "/mnt/c/Tools/codeql/xml"
                            }
                          ],
                          "yaml" : [
                            {
                              "extractor_root" : "/mnt/c/Tools/codeql/yaml"
                            }
                          ]
                        }
                      }
[2026-04-25 10:31:02] [PROGRESS] database init> Calculating baseline information in /home/test/my-awesome-project/CISB/server/UBrace
[2026-04-25 10:31:02] [SPAMMY] database init> Ignoring the following directories when processing baseline information: .git, .hg, .svn.
[2026-04-25 10:31:02] [DETAILS] database init> Running command in /home/test/my-awesome-project/CISB/server/UBrace: /mnt/c/Tools/codeql/tools/linux64/scc --by-file --exclude-dir .git,.hg,.svn --format json --no-large --no-min .
[2026-04-25 10:31:02] Using configure-baseline script /mnt/c/Tools/codeql/actions/tools/configure-baseline.sh.
[2026-04-25 10:31:02] [PROGRESS] database init> Running command in /home/test/my-awesome-project/CISB/server/UBrace: [/mnt/c/Tools/codeql/actions/tools/configure-baseline.sh]
[2026-04-25 10:31:02] [SPAMMY] database init> Ignored an additional 2 files when processing baseline information for YAML due to paths and paths-ignore configuration.
[2026-04-25 10:31:02] [SPAMMY] database init> Found 0 baseline files for actions.
[2026-04-25 10:31:02] [SPAMMY] database init> Found 1 baseline files for cpp.
[2026-04-25 10:31:02] [PROGRESS] database init> Calculated baseline information for languages: actions, cpp (123ms).
[2026-04-25 10:31:02] [PROGRESS] database init> Resolving extractor cpp.
[2026-04-25 10:31:02] [DETAILS] database init> Found candidate extractor root for cpp: /mnt/c/Tools/codeql/cpp.
[2026-04-25 10:31:02] [PROGRESS] database init> Successfully loaded extractor C/C++ (cpp) from /mnt/c/Tools/codeql/cpp.
[2026-04-25 10:31:03] [PROGRESS] database init> Created skeleton CodeQL database at /home/test/my-awesome-project/CISB/server/UBrace/db-l46. This in-progress database is ready to be populated by an extractor.
[2026-04-25 10:31:03] Plumbing command codeql database init completed.
[2026-04-25 10:31:03] [PROGRESS] database create> Running build command: [make]
[2026-04-25 10:31:03] Running plumbing command: codeql database trace-command --working-dir=/home/test/my-awesome-project/CISB/server/UBrace --index-traceless-dbs --no-db-cluster -- /home/test/my-awesome-project/CISB/server/UBrace/db-l46 make
[2026-04-25 10:31:03] [PROGRESS] database trace-command> Running command in /home/test/my-awesome-project/CISB/server/UBrace: [make]
[2026-04-25 10:31:03] [build-stdout] gcc -c -o test1.o test1.c
[2026-04-25 10:31:04] Plumbing command codeql database trace-command completed.
[2026-04-25 10:31:04] [PROGRESS] database create> Finalizing database at /home/test/my-awesome-project/CISB/server/UBrace/db-l46.
[2026-04-25 10:31:04] Running plumbing command: codeql database finalize --no-db-cluster -- /home/test/my-awesome-project/CISB/server/UBrace/db-l46
[2026-04-25 10:31:04] Using pre-finalize script /mnt/c/Tools/codeql/cpp/tools/pre-finalize.sh.
[2026-04-25 10:31:04] [PROGRESS] database finalize> Running pre-finalize script /mnt/c/Tools/codeql/cpp/tools/pre-finalize.sh in /home/test/my-awesome-project/CISB/server/UBrace.
[2026-04-25 10:31:04] Running plumbing command: codeql database trace-command --working-dir=/home/test/my-awesome-project/CISB/server/UBrace --no-tracing -- /home/test/my-awesome-project/CISB/server/UBrace/db-l46 /mnt/c/Tools/codeql/cpp/tools/pre-finalize.sh
[2026-04-25 10:31:04] [PROGRESS] database trace-command> Running command in /home/test/my-awesome-project/CISB/server/UBrace: [/mnt/c/Tools/codeql/cpp/tools/pre-finalize.sh]
[2026-04-25 10:31:04] Plumbing command codeql database trace-command completed.
[2026-04-25 10:31:04] [PROGRESS] database finalize> Pre-finalize script /mnt/c/Tools/codeql/cpp/tools/pre-finalize.sh completed in 78 ms.
[2026-04-25 10:31:04] [PROGRESS] database finalize> Running TRAP import for CodeQL database at /home/test/my-awesome-project/CISB/server/UBrace/db-l46...
[2026-04-25 10:31:04] Running plumbing command: codeql dataset import --dbscheme=/mnt/c/Tools/codeql/cpp/semmlecode.cpp.dbscheme -- /home/test/my-awesome-project/CISB/server/UBrace/db-l46/db-cpp /home/test/my-awesome-project/CISB/server/UBrace/db-l46/trap/cpp
[2026-04-25 10:31:04] Clearing disk cache since the version file /home/test/my-awesome-project/CISB/server/UBrace/db-l46/db-cpp/default/cache/version does not exist
[2026-04-25 10:31:04] Tuple pool not found. Clearing relations with cached strings
[2026-04-25 10:31:04] Trimming disk cache at /home/test/my-awesome-project/CISB/server/UBrace/db-l46/db-cpp/default/cache in mode clear.
[2026-04-25 10:31:04] Sequence stamp origin is -5921367195477872340
[2026-04-25 10:31:04] Pausing evaluation to hard-clear memory at sequence stamp o+0
[2026-04-25 10:31:04] Unpausing evaluation
[2026-04-25 10:31:04] Pausing evaluation to quickly trim disk at sequence stamp o+1
[2026-04-25 10:31:04] Unpausing evaluation
[2026-04-25 10:31:04] Pausing evaluation to zealously trim disk at sequence stamp o+2
[2026-04-25 10:31:04] Unpausing evaluation
[2026-04-25 10:31:04] Trimming completed (11ms): Purged everything.
[2026-04-25 10:31:04] Scanning for files in /home/test/my-awesome-project/CISB/server/UBrace/db-l46/trap/cpp
[2026-04-25 10:31:04] Found 3 files on disk containing 94 TRAP files (735.71 KiB)
[2026-04-25 10:31:04] [PROGRESS] dataset import> Importing TRAP files
[2026-04-25 10:31:05] Importing cpp_predefined.acb19af8.trap (test1.c.2923e6df_0.trap.tar.zst) (1 of 94)
[2026-04-25 10:31:05] Importing wordsize.h.92468457.trap (test1.c.2923e6df_0.trap.tar.zst) (2 of 94)
[2026-04-25 10:31:05] Importing timesize.h.00d5e597.trap (test1.c.2923e6df_0.trap.tar.zst) (3 of 94)
[2026-04-25 10:31:05] Importing features-time64.h.736f5777.trap (test1.c.2923e6df_0.trap.tar.zst) (4 of 94)
[2026-04-25 10:31:05] Importing stdc-predef.h.c6e479d9.trap (test1.c.2923e6df_0.trap.tar.zst) (5 of 94)
[2026-04-25 10:31:05] Importing long-double.h.50566853.trap (test1.c.2923e6df_0.trap.tar.zst) (6 of 94)
[2026-04-25 10:31:05] Importing cdefs.h.9fdbc117.trap (test1.c.2923e6df_0.trap.tar.zst) (7 of 94)
[2026-04-25 10:31:05] Importing stubs-64.h.c6e479d9.trap (test1.c.2923e6df_0.trap.tar.zst) (8 of 94)
[2026-04-25 10:31:05] Importing stubs.h.5a6a849c.trap (test1.c.2923e6df_0.trap.tar.zst) (9 of 94)
[2026-04-25 10:31:05] Importing features.h.eaf01a85.trap (test1.c.2923e6df_0.trap.tar.zst) (10 of 94)
[2026-04-25 10:31:05] Importing libc-header-start.h.16b763ef.trap (test1.c.2923e6df_0.trap.tar.zst) (11 of 94)
[2026-04-25 10:31:05] Importing stddef.h.ea79afb5.trap (test1.c.2923e6df_0.trap.tar.zst) (12 of 94)
[2026-04-25 10:31:05] Importing stdarg.h.49828e20.trap (test1.c.2923e6df_0.trap.tar.zst) (13 of 94)
[2026-04-25 10:31:05] Importing typesizes.h.f8f8da78.trap (test1.c.2923e6df_0.trap.tar.zst) (14 of 94)
[2026-04-25 10:31:05] Importing time64.h.18e096c5.trap (test1.c.2923e6df_0.trap.tar.zst) (15 of 94)
[2026-04-25 10:31:05] Importing types.h.68520355.trap (test1.c.2923e6df_0.trap.tar.zst) (16 of 94)
[2026-04-25 10:31:05] Importing __mbstate_t.h.2c5b3ab1.trap (test1.c.2923e6df_0.trap.tar.zst) (17 of 94)
[2026-04-25 10:31:05] Importing __fpos_t.h.ec74182e.trap (test1.c.2923e6df_0.trap.tar.zst) (18 of 94)
[2026-04-25 10:31:05] Importing __fpos64_t.h.f21a2833.trap (test1.c.2923e6df_0.trap.tar.zst) (19 of 94)
[2026-04-25 10:31:05] Importing __FILE.h.b62565c1.trap (test1.c.2923e6df_0.trap.tar.zst) (20 of 94)
[2026-04-25 10:31:05] Importing FILE.h.07e87bfb.trap (test1.c.2923e6df_0.trap.tar.zst) (21 of 94)
[2026-04-25 10:31:05] Importing struct_FILE.h.842638a9.trap (test1.c.2923e6df_0.trap.tar.zst) (22 of 94)
[2026-04-25 10:31:05] Importing cookie_io_functions_t.h.c2939943.trap (test1.c.2923e6df_0.trap.tar.zst) (23 of 94)
[2026-04-25 10:31:05] Importing stdio_lim.h.05b7f7f1.trap (test1.c.2923e6df_0.trap.tar.zst) (24 of 94)
[2026-04-25 10:31:05] Importing floatn-common.h.9fc579a0.trap (test1.c.2923e6df_0.trap.tar.zst) (25 of 94)
[2026-04-25 10:31:05] Importing floatn.h.f449be45.trap (test1.c.2923e6df_0.trap.tar.zst) (26 of 94)
[2026-04-25 10:31:05] Importing stdio.h.707e6f6f.trap (test1.c.2923e6df_0.trap.tar.zst) (27 of 94)
[2026-04-25 10:31:05] Importing libc-header-start.h.fafbef30.trap (test1.c.2923e6df_0.trap.tar.zst) (28 of 94)
[2026-04-25 10:31:05] Importing stddef.h.96662d69.trap (test1.c.2923e6df_0.trap.tar.zst) (29 of 94)
[2026-04-25 10:31:05] Importing waitflags.h.1ed736a4.trap (test1.c.2923e6df_0.trap.tar.zst) (30 of 94)
[2026-04-25 10:31:05] Importing waitstatus.h.9b882f51.trap (test1.c.2923e6df_0.trap.tar.zst) (31 of 94)
[2026-04-25 10:31:05] Importing __locale_t.h.458cb9a8.trap (test1.c.2923e6df_0.trap.tar.zst) (32 of 94)
[2026-04-25 10:31:05] Importing locale_t.h.f5a98c5d.trap (test1.c.2923e6df_0.trap.tar.zst) (33 of 94)
[2026-04-25 10:31:05] Importing clock_t.h.61e99454.trap (test1.c.2923e6df_0.trap.tar.zst) (34 of 94)
[2026-04-25 10:31:05] Importing clockid_t.h.6ad7214c.trap (test1.c.2923e6df_0.trap.tar.zst) (35 of 94)
[2026-04-25 10:31:05] Importing time_t.h.6396c2b8.trap (test1.c.2923e6df_0.trap.tar.zst) (36 of 94)
[2026-04-25 10:31:05] Importing timer_t.h.47964e39.trap (test1.c.2923e6df_0.trap.tar.zst) (37 of 94)
[2026-04-25 10:31:05] Importing stddef.h.3eaa8a8d.trap (test1.c.2923e6df_0.trap.tar.zst) (38 of 94)
[2026-04-25 10:31:05] Importing stdint-intn.h.93b3e97e.trap (test1.c.2923e6df_0.trap.tar.zst) (39 of 94)
[2026-04-25 10:31:05] Importing endianness.h.1999a564.trap (test1.c.2923e6df_0.trap.tar.zst) (40 of 94)
[2026-04-25 10:31:05] Importing endian.h.a1618c87.trap (test1.c.2923e6df_0.trap.tar.zst) (41 of 94)
[2026-04-25 10:31:05] Importing byteswap.h.71d784ec.trap (test1.c.2923e6df_0.trap.tar.zst) (42 of 94)
[2026-04-25 10:31:05] Importing uintn-identity.h.9abcabdc.trap (test1.c.2923e6df_0.trap.tar.zst) (43 of 94)
[2026-04-25 10:31:05] Importing endian.h.513c49fd.trap (test1.c.2923e6df_0.trap.tar.zst) (44 of 94)
[2026-04-25 10:31:05] Importing select.h.99c3570c.trap (test1.c.2923e6df_0.trap.tar.zst) (45 of 94)
[2026-04-25 10:31:05] Importing __sigset_t.h.802c2c21.trap (test1.c.2923e6df_0.trap.tar.zst) (46 of 94)
[2026-04-25 10:31:05] Importing sigset_t.h.f939c17b.trap (test1.c.2923e6df_0.trap.tar.zst) (47 of 94)
[2026-04-25 10:31:05] Importing struct_timeval.h.7bb01e12.trap (test1.c.2923e6df_0.trap.tar.zst) (48 of 94)
[2026-04-25 10:31:05] Importing struct_timespec.h.79e126db.trap (test1.c.2923e6df_0.trap.tar.zst) (49 of 94)
[2026-04-25 10:31:05] Importing select.h.e1c4f620.trap (test1.c.2923e6df_0.trap.tar.zst) (50 of 94)
[2026-04-25 10:31:05] Importing pthreadtypes-arch.h.cfce5b81.trap (test1.c.2923e6df_0.trap.tar.zst) (51 of 94)
[2026-04-25 10:31:05] Importing atomic_wide_counter.h.c54fc7c0.trap (test1.c.2923e6df_0.trap.tar.zst) (52 of 94)
[2026-04-25 10:31:05] Importing struct_mutex.h.dba14d39.trap (test1.c.2923e6df_0.trap.tar.zst) (53 of 94)
[2026-04-25 10:31:05] Importing struct_rwlock.h.cac24554.trap (test1.c.2923e6df_0.trap.tar.zst) (54 of 94)
[2026-04-25 10:31:05] Importing thread-shared-types.h.f896aff7.trap (test1.c.2923e6df_0.trap.tar.zst) (55 of 94)
[2026-04-25 10:31:05] Importing pthreadtypes.h.2834aecb.trap (test1.c.2923e6df_0.trap.tar.zst) (56 of 94)
[2026-04-25 10:31:05] Importing types.h.4e81a67b.trap (test1.c.2923e6df_0.trap.tar.zst) (57 of 94)
[2026-04-25 10:31:05] Importing stddef.h.8b3d2bdc.trap (test1.c.2923e6df_0.trap.tar.zst) (58 of 94)
[2026-04-25 10:31:05] Importing alloca.h.ad0bb863.trap (test1.c.2923e6df_0.trap.tar.zst) (59 of 94)
[2026-04-25 10:31:05] Importing stdlib-float.h.65c690d8.trap (test1.c.2923e6df_0.trap.tar.zst) (60 of 94)
[2026-04-25 10:31:05] Importing stdlib.h.3120a191.trap (test1.c.2923e6df_0.trap.tar.zst) (61 of 94)
[2026-04-25 10:31:05] Importing stddef.h.def7790a.trap (test1.c.2923e6df_0.trap.tar.zst) (62 of 94)
[2026-04-25 10:31:05] Importing struct_sched_param.h.ddf42d8e.trap (test1.c.2923e6df_0.trap.tar.zst) (63 of 94)
[2026-04-25 10:31:05] Importing sched.h.39850294.trap (test1.c.2923e6df_0.trap.tar.zst) (64 of 94)
[2026-04-25 10:31:05] Importing cpu-set.h.83628b06.trap (test1.c.2923e6df_0.trap.tar.zst) (65 of 94)
[2026-04-25 10:31:05] Importing sched.h.d7f5f968.trap (test1.c.2923e6df_0.trap.tar.zst) (66 of 94)
[2026-04-25 10:31:05] Importing stddef.h.b66de4b9.trap (test1.c.2923e6df_0.trap.tar.zst) (67 of 94)
[2026-04-25 10:31:05] Importing timex.h.1f36ff6f.trap (test1.c.2923e6df_0.trap.tar.zst) (68 of 94)
[2026-04-25 10:31:05] Importing time.h.a99cec78.trap (test1.c.2923e6df_0.trap.tar.zst) (69 of 94)
[2026-04-25 10:31:05] Importing struct_tm.h.6d703c2e.trap (test1.c.2923e6df_0.trap.tar.zst) (70 of 94)
[2026-04-25 10:31:05] Importing struct_itimerspec.h.f9ae6d74.trap (test1.c.2923e6df_0.trap.tar.zst) (71 of 94)
[2026-04-25 10:31:05] Importing time.h.5338ae25.trap (test1.c.2923e6df_0.trap.tar.zst) (72 of 94)
[2026-04-25 10:31:05] Importing setjmp.h.02a851eb.trap (test1.c.2923e6df_0.trap.tar.zst) (73 of 94)
[2026-04-25 10:31:05] Importing struct___jmp_buf_tag.h.54d58330.trap (test1.c.2923e6df_0.trap.tar.zst) (74 of 94)
[2026-04-25 10:31:05] Importing pthread_stack_min-dynamic.h.655c8dbd.trap (test1.c.2923e6df_0.trap.tar.zst) (75 of 94)
[2026-04-25 10:31:05] Importing pthread.h.a3215892.trap (test1.c.2923e6df_0.trap.tar.zst) (76 of 94)
[2026-04-25 10:31:05] Importing posix_opt.h.396d5000.trap (test1.c.2923e6df_0.trap.tar.zst) (77 of 94)
[2026-04-25 10:31:05] Importing environments.h.3278197b.trap (test1.c.2923e6df_0.trap.tar.zst) (78 of 94)
[2026-04-25 10:31:05] Importing stddef.h.be76be33.trap (test1.c.2923e6df_0.trap.tar.zst) (79 of 94)
[2026-04-25 10:31:05] Importing confname.h.4ff987f0.trap (test1.c.2923e6df_0.trap.tar.zst) (80 of 94)
[2026-04-25 10:31:05] Importing getopt_core.h.131a54d6.trap (test1.c.2923e6df_0.trap.tar.zst) (81 of 94)
[2026-04-25 10:31:05] Importing getopt_posix.h.a3ab9673.trap (test1.c.2923e6df_0.trap.tar.zst) (82 of 94)
[2026-04-25 10:31:05] Importing close_range.h.bfeb891a.trap (test1.c.2923e6df_0.trap.tar.zst) (83 of 94)
[2026-04-25 10:31:05] Importing unistd_ext.h.ac06a7a9.trap (test1.c.2923e6df_0.trap.tar.zst) (84 of 94)
[2026-04-25 10:31:05] Importing unistd.h.f7f4a97f.trap (test1.c.2923e6df_0.trap.tar.zst) (85 of 94)
[2026-04-25 10:31:05] Importing libc-header-start.h.c9420ee3.trap (test1.c.2923e6df_0.trap.tar.zst) (86 of 94)
[2026-04-25 10:31:05] Importing wchar.h.d4c50b23.trap (test1.c.2923e6df_0.trap.tar.zst) (87 of 94)
[2026-04-25 10:31:05] Importing stdint-uintn.h.dfbf7d61.trap (test1.c.2923e6df_0.trap.tar.zst) (88 of 94)
[2026-04-25 10:31:05] Importing stdint-least.h.f5399d27.trap (test1.c.2923e6df_0.trap.tar.zst) (89 of 94)
[2026-04-25 10:31:05] Importing stdint.h.ead7ca24.trap (test1.c.2923e6df_0.trap.tar.zst) (90 of 94)
[2026-04-25 10:31:05] Importing stdint.h.a5b4daf4.trap (test1.c.2923e6df_0.trap.tar.zst) (91 of 94)
[2026-04-25 10:31:05] Importing test1.c.2923e6df.trap (test1.c.2923e6df_0.trap.tar.zst) (92 of 94)
[2026-04-25 10:31:05] Importing 12190038_0.trap.zst (93 of 94)
[2026-04-25 10:31:05] Importing metadata.trap.gz (94 of 94)
[2026-04-25 10:31:05] [PROGRESS] dataset import> Merging relations
[2026-04-25 10:31:05] Merging 1 fragment for 'builtintypes'.
[2026-04-25 10:31:05] Merged 382 bytes for 'builtintypes'.
[2026-04-25 10:31:05] Merging 1 fragment for 'unspecifiedtype'.
[2026-04-25 10:31:05] Merged 1446 bytes (1.41 KiB) for 'unspecifiedtype'.
[2026-04-25 10:31:05] Merging 1 fragment for 'files'.
[2026-04-25 10:31:05] Merged 245 bytes for 'files'.
[2026-04-25 10:31:05] Merging 1 fragment for 'locations_default'.
[2026-04-25 10:31:05] Merged 54375 bytes (53.10 KiB) for 'locations_default'.
[2026-04-25 10:31:05] Merging 1 fragment for 'link_targets'.
[2026-04-25 10:31:05] Merged 26 bytes for 'link_targets'.
[2026-04-25 10:31:05] Merging 1 fragment for 'usertypes'.
[2026-04-25 10:31:05] Merged 740 bytes for 'usertypes'.
[2026-04-25 10:31:05] Merging 1 fragment for 'link_parent'.
[2026-04-25 10:31:05] Merged 698 bytes for 'link_parent'.
[2026-04-25 10:31:05] Merging 1 fragment for 'usertypesize'.
[2026-04-25 10:31:05] Merged 214 bytes for 'usertypesize'.
[2026-04-25 10:31:05] Merging 1 fragment for 'is_pod_class'.
[2026-04-25 10:31:05] Merged 78 bytes for 'is_pod_class'.
[2026-04-25 10:31:05] Merging 1 fragment for 'is_standard_layout_class'.
[2026-04-25 10:31:05] Merged 78 bytes for 'is_standard_layout_class'.
[2026-04-25 10:31:05] Merging 1 fragment for 'is_complete'.
[2026-04-25 10:31:05] Merged 78 bytes for 'is_complete'.
[2026-04-25 10:31:05] Merging 1 fragment for 'membervariables'.
[2026-04-25 10:31:05] Merged 781 bytes for 'membervariables'.
[2026-04-25 10:31:05] Merging 1 fragment for 'fieldoffsets'.
[2026-04-25 10:31:05] Merged 430 bytes for 'fieldoffsets'.
[2026-04-25 10:31:05] Merging 1 fragment for 'var_decls'.
[2026-04-25 10:31:05] Merged 8655 bytes (8.45 KiB) for 'var_decls'.
[2026-04-25 10:31:05] Merging 1 fragment for 'var_def'.
[2026-04-25 10:31:05] Merged 243 bytes for 'var_def'.
[2026-04-25 10:31:05] Merging 1 fragment for 'derivedtypes'.
[2026-04-25 10:31:05] Merged 1207 bytes (1.18 KiB) for 'derivedtypes'.
[2026-04-25 10:31:05] Merging 1 fragment for 'pointerishsize'.
[2026-04-25 10:31:05] Merged 175 bytes for 'pointerishsize'.
[2026-04-25 10:31:05] Merging 1 fragment for 'member'.
[2026-04-25 10:31:05] Merged 587 bytes for 'member'.
[2026-04-25 10:31:05] Merging 1 fragment for 'namespaces'.
[2026-04-25 10:31:05] Merged 26 bytes for 'namespaces'.
[2026-04-25 10:31:05] Merging 1 fragment for 'specialnamequalifyingelements'.
[2026-04-25 10:31:05] Merged 27 bytes for 'specialnamequalifyingelements'.
[2026-04-25 10:31:05] Merging 1 fragment for 'mangled_name'.
[2026-04-25 10:31:05] Merged 1704 bytes (1.66 KiB) for 'mangled_name'.
[2026-04-25 10:31:05] Merging 1 fragment for 'specifiers'.
[2026-04-25 10:31:05] Merged 149 bytes for 'specifiers'.
[2026-04-25 10:31:05] Merging 1 fragment for 'numlines'.
[2026-04-25 10:31:05] Merged 511 bytes for 'numlines'.
[2026-04-25 10:31:05] Merging 1 fragment for 'preprocdirects'.
[2026-04-25 10:31:05] Merged 9965 bytes (9.73 KiB) for 'preprocdirects'.
[2026-04-25 10:31:05] Merging 1 fragment for 'preproctext'.
[2026-04-25 10:31:05] Merged 7791 bytes (7.61 KiB) for 'preproctext'.
[2026-04-25 10:31:05] Merging 1 fragment for 'preproctrue'.
[2026-04-25 10:31:05] Merged 668 bytes for 'preproctrue'.
[2026-04-25 10:31:05] Merging 1 fragment for 'macroinvocations'.
[2026-04-25 10:31:05] Merged 13842 bytes (13.52 KiB) for 'macroinvocations'.
[2026-04-25 10:31:05] Merging 1 fragment for 'comments'.
[2026-04-25 10:31:05] Merged 5013 bytes (4.90 KiB) for 'comments'.
[2026-04-25 10:31:05] Merging 1 fragment for 'commentbinding'.
[2026-04-25 10:31:05] Merged 3331 bytes (3.25 KiB) for 'commentbinding'.
[2026-04-25 10:31:05] Merging 1 fragment for 'containerparent'.
[2026-04-25 10:31:05] Merged 246 bytes for 'containerparent'.
[2026-04-25 10:31:05] Merging 1 fragment for 'folders'.
[2026-04-25 10:31:05] Merged 77 bytes for 'folders'.
[2026-04-25 10:31:05] Merging 1 fragment for 'preprocpair'.
[2026-04-25 10:31:05] Merged 2774 bytes (2.71 KiB) for 'preprocpair'.
[2026-04-25 10:31:05] Merging 1 fragment for 'includes'.
[2026-04-25 10:31:05] Merged 508 bytes for 'includes'.
[2026-04-25 10:31:05] Merging 1 fragment for 'preprocfalse'.
[2026-04-25 10:31:05] Merged 221 bytes for 'preprocfalse'.
[2026-04-25 10:31:05] Merging 1 fragment for 'macro_argument_unexpanded'.
[2026-04-25 10:31:05] Merged 3398 bytes (3.32 KiB) for 'macro_argument_unexpanded'.
[2026-04-25 10:31:05] Merging 1 fragment for 'macro_argument_expanded'.
[2026-04-25 10:31:05] Merged 3437 bytes (3.36 KiB) for 'macro_argument_expanded'.
[2026-04-25 10:31:05] Merging 1 fragment for 'macroparent'.
[2026-04-25 10:31:05] Merged 2998 bytes (2.93 KiB) for 'macroparent'.
[2026-04-25 10:31:05] Merging 1 fragment for 'usertype_alias_kind'.
[2026-04-25 10:31:05] Merged 239 bytes for 'usertype_alias_kind'.
[2026-04-25 10:31:05] Merging 1 fragment for 'typedefbase'.
[2026-04-25 10:31:05] Merged 486 bytes for 'typedefbase'.
[2026-04-25 10:31:05] Merging 1 fragment for 'type_decls'.
[2026-04-25 10:31:05] Merged 899 bytes for 'type_decls'.
[2026-04-25 10:31:05] Merging 1 fragment for 'type_decl_top'.
[2026-04-25 10:31:05] Merged 268 bytes for 'type_decl_top'.
[2026-04-25 10:31:05] Merging 1 fragment for 'arraysizes'.
[2026-04-25 10:31:05] Merged 182 bytes for 'arraysizes'.
[2026-04-25 10:31:05] Merging 1 fragment for 'type_mentions'.
[2026-04-25 10:31:05] Merged 2537 bytes (2.48 KiB) for 'type_mentions'.
[2026-04-25 10:31:05] Merging 1 fragment for 'type_def'.
[2026-04-25 10:31:05] Merged 90 bytes for 'type_def'.
[2026-04-25 10:31:05] Merging 1 fragment for 'values'.
[2026-04-25 10:31:05] Merged 2185 bytes (2.13 KiB) for 'values'.
[2026-04-25 10:31:05] Merging 1 fragment for 'exprs'.
[2026-04-25 10:31:05] Merged 2324 bytes (2.27 KiB) for 'exprs'.
[2026-04-25 10:31:05] Merging 1 fragment for 'expr_types'.
[2026-04-25 10:31:05] Merged 1708 bytes (1.67 KiB) for 'expr_types'.
[2026-04-25 10:31:05] Merging 1 fragment for 'valuebind'.
[2026-04-25 10:31:05] Merged 1952 bytes (1.91 KiB) for 'valuebind'.
[2026-04-25 10:31:05] Merging 1 fragment for 'inmacroexpansion'.
[2026-04-25 10:31:05] Merged 1269 bytes (1.24 KiB) for 'inmacroexpansion'.
[2026-04-25 10:31:05] Merging 1 fragment for 'macrolocationbind'.
[2026-04-25 10:31:05] Merged 1116 bytes (1.09 KiB) for 'macrolocationbind'.
[2026-04-25 10:31:05] Merging 1 fragment for 'varspecifiers'.
[2026-04-25 10:31:05] Merged 1980 bytes (1.93 KiB) for 'varspecifiers'.
[2026-04-25 10:31:05] Merging 1 fragment for 'valuetext'.
[2026-04-25 10:31:05] Merged 379 bytes for 'valuetext'.
[2026-04-25 10:31:05] Merging 1 fragment for 'compgenerated'.
[2026-04-25 10:31:05] Merged 47 bytes for 'compgenerated'.
[2026-04-25 10:31:05] Merging 1 fragment for 'sizeof_bind'.
[2026-04-25 10:31:05] Merged 47 bytes for 'sizeof_bind'.
[2026-04-25 10:31:05] Merging 1 fragment for 'exprconv'.
[2026-04-25 10:31:05] Merged 151 bytes for 'exprconv'.
[2026-04-25 10:31:05] Merging 1 fragment for 'conversionkinds'.
[2026-04-25 10:31:05] Merged 68 bytes for 'conversionkinds'.
[2026-04-25 10:31:05] Merging 1 fragment for 'exprparents'.
[2026-04-25 10:31:05] Merged 1142 bytes (1.12 KiB) for 'exprparents'.
[2026-04-25 10:31:05] Merging 1 fragment for 'routinetypes'.
[2026-04-25 10:31:05] Merged 81 bytes for 'routinetypes'.
[2026-04-25 10:31:05] Merging 1 fragment for 'routinetypeargs'.
[2026-04-25 10:31:05] Merged 185 bytes for 'routinetypeargs'.
[2026-04-25 10:31:05] Merging 1 fragment for 'typespecifiers'.
[2026-04-25 10:31:05] Merged 220 bytes for 'typespecifiers'.
[2026-04-25 10:31:05] Merging 1 fragment for 'functions'.
[2026-04-25 10:31:05] Merged 1226 bytes (1.20 KiB) for 'functions'.
[2026-04-25 10:31:05] Merging 1 fragment for 'function_return_type'.
[2026-04-25 10:31:05] Merged 1101 bytes (1.08 KiB) for 'function_return_type'.
[2026-04-25 10:31:05] Merging 1 fragment for 'function_prototyped'.
[2026-04-25 10:31:05] Merged 603 bytes for 'function_prototyped'.
[2026-04-25 10:31:05] Merging 1 fragment for 'params'.
[2026-04-25 10:31:05] Merged 5503 bytes (5.37 KiB) for 'params'.
[2026-04-25 10:31:05] Merging 1 fragment for 'globalvariables'.
[2026-04-25 10:31:05] Merged 113 bytes for 'globalvariables'.
[2026-04-25 10:31:05] Merging 1 fragment for 'fun_decls'.
[2026-04-25 10:31:05] Merged 2976 bytes (2.91 KiB) for 'fun_decls'.
[2026-04-25 10:31:05] Merging 1 fragment for 'fun_decl_specifiers'.
[2026-04-25 10:31:05] Merged 3139 bytes (3.07 KiB) for 'fun_decl_specifiers'.
[2026-04-25 10:31:05] Merging 1 fragment for 'param_decl_bind'.
[2026-04-25 10:31:05] Merged 3562 bytes (3.48 KiB) for 'param_decl_bind'.
[2026-04-25 10:31:05] Merging 1 fragment for 'funbind'.
[2026-04-25 10:31:05] Merged 129 bytes for 'funbind'.
[2026-04-25 10:31:05] Merging 1 fragment for 'funspecifiers'.
[2026-04-25 10:31:05] Merged 728 bytes for 'funspecifiers'.
[2026-04-25 10:31:05] Merging 1 fragment for 'attributes'.
[2026-04-25 10:31:05] Merged 5324 bytes (5.20 KiB) for 'attributes'.
[2026-04-25 10:31:05] Merging 1 fragment for 'funcattributes'.
[2026-04-25 10:31:05] Merged 2769 bytes (2.70 KiB) for 'funcattributes'.
[2026-04-25 10:31:05] Merging 1 fragment for 'attribute_arg_constant'.
[2026-04-25 10:31:05] Merged 997 bytes for 'attribute_arg_constant'.
[2026-04-25 10:31:05] Merging 1 fragment for 'attribute_args'.
[2026-04-25 10:31:05] Merged 2812 bytes (2.75 KiB) for 'attribute_args'.
[2026-04-25 10:31:05] Merging 1 fragment for 'attribute_arg_value'.
[2026-04-25 10:31:05] Merged 443 bytes for 'attribute_arg_value'.
[2026-04-25 10:31:05] Merging 1 fragment for 'attribute_arg_expr'.
[2026-04-25 10:31:05] Merged 62 bytes for 'attribute_arg_expr'.
[2026-04-25 10:31:05] Merging 1 fragment for 'builtin_functions'.
[2026-04-25 10:31:05] Merged 28 bytes for 'builtin_functions'.
[2026-04-25 10:31:05] Merging 1 fragment for 'var_decl_specifiers'.
[2026-04-25 10:31:05] Merged 55 bytes for 'var_decl_specifiers'.
[2026-04-25 10:31:05] Merging 1 fragment for 'fun_def'.
[2026-04-25 10:31:05] Merged 28 bytes for 'fun_def'.
[2026-04-25 10:31:05] Merging 1 fragment for 'stmts'.
[2026-04-25 10:31:05] Merged 198 bytes for 'stmts'.
[2026-04-25 10:31:05] Merging 1 fragment for 'expr_isload'.
[2026-04-25 10:31:05] Merged 42 bytes for 'expr_isload'.
[2026-04-25 10:31:05] Merging 1 fragment for 'affectedbymacroexpansion'.
[2026-04-25 10:31:05] Merged 186 bytes for 'affectedbymacroexpansion'.
[2026-04-25 10:31:05] Merging 1 fragment for 'stmtparents'.
[2026-04-25 10:31:05] Merged 168 bytes for 'stmtparents'.
[2026-04-25 10:31:05] Merging 1 fragment for 'blockscope'.
[2026-04-25 10:31:05] Merged 71 bytes for 'blockscope'.
[2026-04-25 10:31:05] Merging 1 fragment for 'function_entry_point'.
[2026-04-25 10:31:05] Merged 51 bytes for 'function_entry_point'.
[2026-04-25 10:31:05] Merging 1 fragment for 'iscall'.
[2026-04-25 10:31:05] Merged 49 bytes for 'iscall'.
[2026-04-25 10:31:05] Merging 1 fragment for 'varbind'.
[2026-04-25 10:31:05] Merged 177 bytes for 'varbind'.
[2026-04-25 10:31:05] Merging 1 fragment for 'typeattributes'.
[2026-04-25 10:31:05] Merged 34 bytes for 'typeattributes'.
[2026-04-25 10:31:05] Merging 1 fragment for 'bitfield'.
[2026-04-25 10:31:05] Merged 50 bytes for 'bitfield'.
[2026-04-25 10:31:05] Merging 1 fragment for 'expr_ancestor'.
[2026-04-25 10:31:05] Merged 34 bytes for 'expr_ancestor'.
[2026-04-25 10:31:05] Merging 1 fragment for 'enumconstants'.
[2026-04-25 10:31:05] Merged 1451 bytes (1.42 KiB) for 'enumconstants'.
[2026-04-25 10:31:05] Merging 1 fragment for 'initialisers'.
[2026-04-25 10:31:05] Merged 1157 bytes (1.13 KiB) for 'initialisers'.
[2026-04-25 10:31:05] Merging 1 fragment for 'extractor_version'.
[2026-04-25 10:31:05] Merged 28 bytes for 'extractor_version'.
[2026-04-25 10:31:05] Merging 1 fragment for 'fileannotations'.
[2026-04-25 10:31:05] Merged 302 bytes for 'fileannotations'.
[2026-04-25 10:31:05] Merging 1 fragment for 'localvariables'.
[2026-04-25 10:31:05] Merged 60 bytes for 'localvariables'.
[2026-04-25 10:31:05] Merging 1 fragment for 'stmt_decl_bind'.
[2026-04-25 10:31:05] Merged 60 bytes for 'stmt_decl_bind'.
[2026-04-25 10:31:05] Merging 1 fragment for 'stmt_decl_entry_bind'.
[2026-04-25 10:31:05] Merged 58 bytes for 'stmt_decl_entry_bind'.
[2026-04-25 10:31:05] Merging 1 fragment for 'if_then'.
[2026-04-25 10:31:05] Merged 35 bytes for 'if_then'.
[2026-04-25 10:31:05] Merging 1 fragment for 'while_body'.
[2026-04-25 10:31:06] Merged 36 bytes for 'while_body'.
[2026-04-25 10:31:06] Merging 1 fragment for 'compilations'.
[2026-04-25 10:31:06] Merged 31 bytes for 'compilations'.
[2026-04-25 10:31:06] Merging 1 fragment for 'compilation_args'.
[2026-04-25 10:31:06] Merged 85 bytes for 'compilation_args'.
[2026-04-25 10:31:06] Merging 1 fragment for 'compilation_expanded_args'.
[2026-04-25 10:31:06] Merged 85 bytes for 'compilation_expanded_args'.
[2026-04-25 10:31:06] Merging 1 fragment for 'compilation_compiling_files'.
[2026-04-25 10:31:06] Merged 41 bytes for 'compilation_compiling_files'.
[2026-04-25 10:31:06] Merging 1 fragment for 'compilation_time'.
[2026-04-25 10:31:06] Merged 101 bytes for 'compilation_time'.
[2026-04-25 10:31:06] Merging 1 fragment for 'compilation_finished'.
[2026-04-25 10:31:06] Merged 70 bytes for 'compilation_finished'.
[2026-04-25 10:31:06] Merging 1 fragment for 'sourceLocationPrefix'.
[2026-04-25 10:31:06] Merged 18 bytes for 'sourceLocationPrefix'.
[2026-04-25 10:31:06] Saving string and id pools to disk.
[2026-04-25 10:31:06] Finished importing TRAP files.
[2026-04-25 10:31:06] Read 5.53 MiB of uncompressed TRAP data.
[2026-04-25 10:31:06] Uncompressed relation data size: 754.51 KiB
[2026-04-25 10:31:06] Relation data size: 178.67 KiB (merge rate: 1.28 MiB/s)
[2026-04-25 10:31:06] String pool size: 2.13 MiB
[2026-04-25 10:31:06] ID pool size: 1.75 MiB
[2026-04-25 10:31:06] [PROGRESS] dataset import> Finished writing database (relations: 178.67 KiB; string pool: 2.13 MiB).
[2026-04-25 10:31:06] Pausing evaluation to close the cache at sequence stamp o+215
[2026-04-25 10:31:06] The disk cache is freshly trimmed; leave it be.
[2026-04-25 10:31:06] Unpausing evaluation
[2026-04-25 10:31:06] Plumbing command codeql dataset import completed.
[2026-04-25 10:31:06] [PROGRESS] database finalize> TRAP import complete (1.8s).
[2026-04-25 10:31:06] Running plumbing command: codeql database cleanup -- /home/test/my-awesome-project/CISB/server/UBrace/db-l46
[2026-04-25 10:31:06] [PROGRESS] database cleanup> Cleaning up existing TRAP files after import...
[2026-04-25 10:31:06] [PROGRESS] database cleanup> TRAP files cleaned up (2ms).
[2026-04-25 10:31:06] [PROGRESS] database cleanup> Cleaning up scratch directory...
[2026-04-25 10:31:06] [PROGRESS] database cleanup> Scratch directory cleaned up (7ms).
[2026-04-25 10:31:06] Running plumbing command: codeql dataset cleanup -- /home/test/my-awesome-project/CISB/server/UBrace/db-l46/db-cpp
[2026-04-25 10:31:06] [PROGRESS] dataset cleanup> Cleaning up dataset in /home/test/my-awesome-project/CISB/server/UBrace/db-l46/db-cpp.
[2026-04-25 10:31:06] Trimming disk cache at /home/test/my-awesome-project/CISB/server/UBrace/db-l46/db-cpp/default/cache in mode trim.
[2026-04-25 10:31:06] Sequence stamp origin is -5921367188364460115
[2026-04-25 10:31:06] Pausing evaluation to quickly trim memory at sequence stamp o+0
[2026-04-25 10:31:06] Unpausing evaluation
[2026-04-25 10:31:06] Pausing evaluation to zealously trim disk at sequence stamp o+1
[2026-04-25 10:31:06] Unpausing evaluation
[2026-04-25 10:31:06] Trimming completed (2ms): Trimmed disposable data from cache.
[2026-04-25 10:31:06] Pausing evaluation to close the cache at sequence stamp o+2
[2026-04-25 10:31:06] The disk cache is freshly trimmed; leave it be.
[2026-04-25 10:31:06] Unpausing evaluation
[2026-04-25 10:31:06] [PROGRESS] dataset cleanup> Trimmed disposable data from cache.
[2026-04-25 10:31:06] [PROGRESS] dataset cleanup> Finalizing dataset in /home/test/my-awesome-project/CISB/server/UBrace/db-l46/db-cpp
[2026-04-25 10:31:06] [DETAILS] dataset cleanup> Finished deleting ID pool from /home/test/my-awesome-project/CISB/server/UBrace/db-l46/db-cpp (1ms).
[2026-04-25 10:31:06] Plumbing command codeql dataset cleanup completed.
[2026-04-25 10:31:06] Plumbing command codeql database cleanup completed with status 0.
[2026-04-25 10:31:06] [PROGRESS] database finalize> Finished zipping source archive (139.02 KiB).
[2026-04-25 10:31:06] Plumbing command codeql database finalize completed.
[2026-04-25 10:31:06] [PROGRESS] database create> Successfully created database at /home/test/my-awesome-project/CISB/server/UBrace/db-l46.
[2026-04-25 10:31:06] Terminating normally.
