[2026-04-10 10:58:50] This is codeql database create --language=cpp --command=make --overwrite db
[2026-04-10 10:58:50] Log file was started late.
[2026-04-10 10:58:50] [PROGRESS] database create> Initializing database at E:\graduate\pythoncode\server\db.
[2026-04-10 10:58:50] Running plumbing command: codeql database init --overwrite --language=cpp --extractor-options-verbosity=1 --qlconfig-file=E:\graduate\pythoncode\server\qlconfig.yml --source-root=E:\graduate\pythoncode\server --allow-missing-source-root=false --allow-already-existing -- E:\graduate\pythoncode\server\db
[2026-04-10 10:58:50] Calling plumbing command: codeql resolve languages --extractor-options-verbosity=1 --format=betterjson
[2026-04-10 10:58:50] [DETAILS] resolve languages> Scanning for [codeql-extractor.yml] from C:\Tools\codeql\.codeqlmanifest.json
[2026-04-10 10:58:50] [DETAILS] resolve languages> Parsing C:\Tools\codeql\actions\codeql-extractor.yml.
[2026-04-10 10:58:50] [DETAILS] resolve languages> Parsing C:\Tools\codeql\cpp\codeql-extractor.yml.
[2026-04-10 10:58:50] [DETAILS] resolve languages> Parsing C:\Tools\codeql\csharp\codeql-extractor.yml.
[2026-04-10 10:58:50] [DETAILS] resolve languages> Parsing C:\Tools\codeql\csv\codeql-extractor.yml.
[2026-04-10 10:58:50] [DETAILS] resolve languages> Parsing C:\Tools\codeql\go\codeql-extractor.yml.
[2026-04-10 10:58:50] [DETAILS] resolve languages> Parsing C:\Tools\codeql\html\codeql-extractor.yml.
[2026-04-10 10:58:50] [DETAILS] resolve languages> Parsing C:\Tools\codeql\java\codeql-extractor.yml.
[2026-04-10 10:58:50] [DETAILS] resolve languages> Parsing C:\Tools\codeql\javascript\codeql-extractor.yml.
[2026-04-10 10:58:50] [DETAILS] resolve languages> Parsing C:\Tools\codeql\properties\codeql-extractor.yml.
[2026-04-10 10:58:50] [DETAILS] resolve languages> Parsing C:\Tools\codeql\python\codeql-extractor.yml.
[2026-04-10 10:58:50] [DETAILS] resolve languages> Parsing C:\Tools\codeql\ruby\codeql-extractor.yml.
[2026-04-10 10:58:50] [DETAILS] resolve languages> Parsing C:\Tools\codeql\rust\codeql-extractor.yml.
[2026-04-10 10:58:50] [DETAILS] resolve languages> Parsing C:\Tools\codeql\swift\codeql-extractor.yml.
[2026-04-10 10:58:50] [DETAILS] resolve languages> Parsing C:\Tools\codeql\xml\codeql-extractor.yml.
[2026-04-10 10:58:50] [DETAILS] resolve languages> Parsing C:\Tools\codeql\yaml\codeql-extractor.yml.
[2026-04-10 10:58:50] Plumbing command codeql resolve languages completed:
                      {
                        "aliases" : {
                          "c" : "cpp",
                          "c++" : "cpp",
                          "c-c++" : "cpp",
                          "c-cpp" : "cpp",
                          "c#" : "csharp",
                          "java-kotlin" : "java",
                          "kotlin" : "java",
                          "javascript-typescript" : "javascript",
                          "typescript" : "javascript"
                        },
                        "extractors" : {
                          "actions" : [
                            {
                              "extractor_root" : "C:\\Tools\\codeql\\actions",
                              "extractor_options" : { }
                            }
                          ],
                          "cpp" : [
                            {
                              "extractor_root" : "C:\\Tools\\codeql\\cpp",
                              "extractor_options" : {
                                "scale_timeouts" : {
                                  "title" : "Value to scale compiler introspection timeouts with",
                                  "description" : "The extractor attempts to determine what compiler the source code being extracted is compiled with. To this end the extractor makes additional calls to the compiler, some of which are expected to return within a certain fixed time (either 10s or 15s). On some systems that are under high load this time might be too short, and can be scaled up using this option.\n",
                                  "type" : "string",
                                  "pattern" : "[0-9]+"
                                },
                                "log_verbosity" : {
                                  "title" : "Verbosity of the extractor logging",
                                  "description" : "Set the verbosity of the extractor logging to 'quiet' (0), 'normal' (1), 'chatty' (2), or 'noisy' (3). The default is 'normal'.\n",
                                  "type" : "string",
                                  "pattern" : "[0-3]"
                                }
                              }
                            }
                          ],
                          "csharp" : [
                            {
                              "extractor_root" : "C:\\Tools\\codeql\\csharp",
                              "extractor_options" : {
                                "trap" : {
                                  "title" : "Options pertaining to TRAP.",
                                  "description" : "Options pertaining to TRAP.",
                                  "type" : "object",
                                  "properties" : {
                                    "compression" : {
                                      "title" : "Controls compression for the TRAP files written by the extractor.",
                                      "description" : "This option is only intended for use in debugging the extractor. Accepted values are 'brotli' (the default, to write brotli-compressed TRAP), 'gzip', and 'none' (to write uncompressed TRAP).\n",
                                      "type" : "string",
                                      "pattern" : "^(none|gzip|brotli)$"
                                    }
                                  }
                                },
                                "buildless" : {
                                  "title" : "DEPRECATED - Whether to use buildless (standalone) extraction.",
                                  "description" : "DEPRECATED: Use `--build-mode none` instead.\nA value indicating, which type of extraction the autobuilder should perform. If 'true', then the standalone extractor will be used, otherwise tracing extraction will be performed. The default is 'false'. Note that buildless extraction will generally yield less accurate analysis results, and should only be used in cases where it is not possible to build the code (for example if it uses inaccessible dependencies).\n",
                                  "type" : "string",
                                  "pattern" : "^(false|true)$"
                                },
                                "logging" : {
                                  "title" : "Options pertaining to logging.",
                                  "description" : "Options pertaining to logging.",
                                  "type" : "object",
                                  "properties" : {
                                    "verbosity" : {
                                      "title" : "Extractor logging verbosity level.",
                                      "description" : "Controls the level of verbosity of the extractor. The supported levels are (in order of increasing verbosity):\n  - off\n  - errors\n  - warnings\n  - info or progress\n  - debug or progress+\n  - trace or progress++\n  - progress+++\n",
                                      "type" : "string",
                                      "pattern" : "^(off|errors|warnings|(info|progress)|(debug|progress\\+)|(trace|progress\\+\\+)|progress\\+\\+\\+)$"
                                    }
                                  }
                                },
                                "binlog" : {
                                  "title" : "Binlog",
                                  "description" : "[EXPERIMENTAL] The value is a path to the MsBuild binary log file that should be extracted. This option only works when `--build-mode none` is also specified.\n",
                                  "type" : "array"
                                },
                                "buildless_dependency_dir" : {
                                  "title" : "The path where buildless (standalone) extraction should keep dependencies.",
                                  "description" : "If set, the buildless (standalone) extractor will store dependencies in this directory.\n",
                                  "type" : "string"
                                }
                              }
                            }
                          ],
                          "csv" : [
                            {
                              "extractor_root" : "C:\\Tools\\codeql\\csv"
                            }
                          ],
                          "go" : [
                            {
                              "extractor_root" : "C:\\Tools\\codeql\\go",
                              "extractor_options" : {
                                "extract_tests" : {
                                  "title" : "Whether to include Go test files in the CodeQL database.",
                                  "description" : "A value indicating whether Go test files should be included in the CodeQL database. The default is 'false'.\n",
                                  "type" : "string",
                                  "pattern" : "^(false|true)$"
                                },
                                "extract_vendor_dirs" : {
                                  "title" : "Whether to include Go vendor directories in the CodeQL database.",
                                  "description" : "A value indicating whether Go vendor directories should be included in the CodeQL database. The default is 'false'.\n",
                                  "type" : "string",
                                  "pattern" : "^(false|true)$"
                                }
                              }
                            }
                          ],
                          "html" : [
                            {
                              "extractor_root" : "C:\\Tools\\codeql\\html"
                            }
                          ],
                          "java" : [
                            {
                              "extractor_root" : "C:\\Tools\\codeql\\java",
                              "extractor_options" : {
                                "exclude" : {
                                  "title" : "A glob excluding files from analysis.",
                                  "description" : "A glob indicating what files to exclude from the analysis. This accepts glob patterns that are supported by Java's 'getPathMatcher' implementation.\n",
                                  "type" : "string"
                                },
                                "add_prefer_source" : {
                                  "title" : "Whether to always prefer source files over class files.",
                                  "description" : "A value indicating whether source files should be preferred over class files. If set to 'true', the extraction adds '-Xprefer:source' to the javac command line. If set to 'false', the extraction uses the default javac behavior ('-Xprefer:newer'). The default is 'true'.\n",
                                  "type" : "string",
                                  "pattern" : "^(false|true)$"
                                },
                                "buildless" : {
                                  "title" : "Whether to use buildless (standalone) extraction (experimental).",
                                  "description" : "A value indicating, which type of extraction the autobuilder should perform. If 'true', then the standalone extractor will be used, otherwise tracing extraction will be performed. The default is 'false'. Note that buildless extraction will generally yield less accurate analysis results, and should only be used in cases where it is not possible to build the code (for example if it uses inaccessible dependencies).\n",
                                  "type" : "string",
                                  "pattern" : "^(false|true)$"
                                },
                                "buildless_dependency_dir" : {
                                  "title" : "The path where buildless (standalone) extraction should keep dependencies.",
                                  "description" : "If set, the buildless (standalone) extractor will store dependencies in this directory.\n",
                                  "type" : "string"
                                },
                                "minimize_dependency_jars" : {
                                  "title" : "Whether to rewrite and minimize downloaded JAR dependencies (experimental).",
                                  "description" : "If 'true', JAR dependencies downloaded during extraction will be rewritten to remove unneeded data, such as method bodies. The default is 'false'.\n",
                                  "type" : "string",
                                  "pattern" : "^(false|true)$"
                                }
                              }
                            }
                          ],
                          "javascript" : [
                            {
                              "extractor_root" : "C:\\Tools\\codeql\\javascript",
                              "extractor_options" : {
                                "skip_types" : {
                                  "title" : "Skip type extraction for TypeScript",
                                  "description" : "Whether to skip the extraction of types in a TypeScript application",
                                  "type" : "string",
                                  "pattern" : "^(false|true)$"
                                }
                              }
                            }
                          ],
                          "properties" : [
                            {
                              "extractor_root" : "C:\\Tools\\codeql\\properties"
                            }
                          ],
                          "python" : [
                            {
                              "extractor_root" : "C:\\Tools\\codeql\\python",
                              "extractor_options" : {
                                "logging" : {
                                  "title" : "Options pertaining to logging.",
                                  "description" : "Options pertaining to logging.",
                                  "type" : "object",
                                  "properties" : {
                                    "verbosity" : {
                                      "title" : "Python extractor logging verbosity level.",
                                      "description" : "Controls the level of verbosity of the CodeQL Python extractor.\nThe supported levels are (in order of increasing verbosity):\n\n  - off\n  - errors\n  - warnings\n  - info or progress\n  - debug or progress+\n  - trace or progress++\n  - progress+++\n",
                                      "type" : "string",
                                      "pattern" : "^(off|errors|warnings|(info|progress)|(debug|progress\\+)|(trace|progress\\+\\+)|progress\\+\\+\\+)$"
                                    }
                                  }
                                },
                                "python_executable_name" : {
                                  "title" : "Controls the name of the Python executable used by the Python extractor.",
                                  "description" : "The Python extractor uses platform-dependent heuristics to determine the name of the Python executable to use. Specifying a value for this option overrides the name of the Python executable used by the extractor. Accepted values are py, python and python3. Use this setting with caution, the Python extractor requires Python 3 to run.\n",
                                  "type" : "string",
                                  "pattern" : "^(py|python|python3)$"
                                }
                              }
                            }
                          ],
                          "ruby" : [
                            {
                              "extractor_root" : "C:\\Tools\\codeql\\ruby",
                              "extractor_options" : {
                                "trap" : {
                                  "title" : "Options pertaining to TRAP.",
                                  "description" : "Options pertaining to TRAP.",
                                  "type" : "object",
                                  "properties" : {
                                    "compression" : {
                                      "title" : "Controls compression for the TRAP files written by the extractor.",
                                      "description" : "This option is only intended for use in debugging the extractor. Accepted values are 'gzip' (the default, to write gzip-compressed TRAP) 'zstd' (to write Zstandard-compressed TRAP) and 'none' (to write uncompressed TRAP).\n",
                                      "type" : "string",
                                      "pattern" : "^(none|gzip|zstd)$"
                                    }
                                  }
                                }
                              }
                            }
                          ],
                          "rust" : [
                            {
                              "extractor_root" : "C:\\Tools\\codeql\\rust",
                              "extractor_options" : {
                                "trap" : {
                                  "title" : "Options pertaining to TRAP.",
                                  "description" : "Options pertaining to TRAP.",
                                  "type" : "object",
                                  "properties" : {
                                    "compression" : {
                                      "title" : "Controls compression for the TRAP files written by the extractor.",
                                      "description" : "This option is only intended for use in debugging the extractor. Accepted values are 'gzip' (to write gzip-compressed TRAP) 'zstd' (to write Zstandard-compressed TRAP) and 'none' (the default, to write uncompressed TRAP).\n",
                                      "type" : "string",
                                      "pattern" : "^(none|gzip|zstd)$"
                                    }
                                  }
                                },
                                "cargo_target_dir" : {
                                  "title" : "Directory to use for cargo output files.",
                                  "description" : "This value is an optional path to use as `CARGO_TARGET_DIR` for the internal cargo commands the extractor uses. Pointing it to a persistent directory may reduce execution time of consecutive extractor runs. By default, a new scratch directory is used for each run.\n",
                                  "type" : "string"
                                },
                                "cargo_target" : {
                                  "title" : "Target architecture",
                                  "description" : "Target architecture to use for analysis, analogous to `cargo --target`. By default the host architecture is used.\n",
                                  "type" : "string"
                                },
                                "cargo_features" : {
                                  "title" : "Cargo features to turn on",
                                  "description" : "Comma-separated list of features to turn on. By default all features are enabled. If any features are specified, then only those features are enabled. The `default` feature must be explicitly specified if only default features are desired. Can be repeated.\n",
                                  "type" : "array"
                                },
                                "cargo_cfg_overrides" : {
                                  "title" : "Cargo cfg overrides",
                                  "description" : "Comma-separated list of cfg settings to enable, or disable if prefixed with `-`. Can be repeated.\n",
                                  "type" : "array"
                                },
                                "logging" : {
                                  "title" : "Options pertaining to logging.",
                                  "description" : "Options pertaining to logging.",
                                  "type" : "object",
                                  "properties" : {
                                    "verbosity" : {
                                      "title" : "Extractor logging verbosity level.",
                                      "description" : "Controls the level of verbosity of the extractor. The supported levels are (in order of increasing verbosity):\n  - off\n  - errors\n  - warnings\n  - info or progress\n  - debug or progress+\n  - trace or progress++\n  - progress+++\n",
                                      "type" : "string",
                                      "pattern" : "^(off|errors|warnings|(info|progress)|(debug|progress\\+)|(trace|progress\\+\\+)|progress\\+\\+\\+)$"
                                    },
                                    "flamegraph" : {
                                      "title" : "[Experimental] File path for write flame graph log",
                                      "description" : "Collect flame graph data using the `tracing-flame` crate. To render a flame graph or chart, run the `inferno-flamegraph` command. See also: https://crates.io/crates/tracing-flame\n",
                                      "type" : "string"
                                    }
                                  }
                                },
                                "extract_dependencies_as_source" : {
                                  "title" : "Extract dependencies as source code",
                                  "description" : "Extract the full source code of dependencies instead of only extracting signatures.\n",
                                  "type" : "string",
                                  "pattern" : "^(false|true)$"
                                }
                              }
                            }
                          ],
                          "swift" : [
                            {
                              "extractor_root" : "C:\\Tools\\codeql\\swift"
                            }
                          ],
                          "xml" : [
                            {
                              "extractor_root" : "C:\\Tools\\codeql\\xml"
                            }
                          ],
                          "yaml" : [
                            {
                              "extractor_root" : "C:\\Tools\\codeql\\yaml"
                            }
                          ]
                        }
                      }
[2026-04-10 10:58:50] [PROGRESS] database init> Calculating baseline information in E:\graduate\pythoncode\server
[2026-04-10 10:58:50] [SPAMMY] database init> Ignoring the following directories when processing baseline information: .git, .hg, .svn.
[2026-04-10 10:58:50] [DETAILS] database init> Running command in E:\graduate\pythoncode\server: C:\Tools\codeql\tools\win64\scc.exe --by-file --exclude-dir .git,.hg,.svn --format json --no-large --no-min .
[2026-04-10 10:58:51] [SPAMMY] database init> Found 1 baseline files for cpp.
[2026-04-10 10:58:51] [PROGRESS] database init> Calculated baseline information for languages: cpp (66ms).
[2026-04-10 10:58:51] [PROGRESS] database init> Resolving extractor cpp.
[2026-04-10 10:58:51] [DETAILS] database init> Found candidate extractor root for cpp: C:\Tools\codeql\cpp.
[2026-04-10 10:58:51] [PROGRESS] database init> Successfully loaded extractor C/C++ (cpp) from C:\Tools\codeql\cpp.
[2026-04-10 10:58:51] [PROGRESS] database init> Created skeleton CodeQL database at E:\graduate\pythoncode\server\db. This in-progress database is ready to be populated by an extractor.
[2026-04-10 10:58:51] Plumbing command codeql database init completed.
[2026-04-10 10:58:51] [PROGRESS] database create> Running build command: [make]
[2026-04-10 10:58:51] Running plumbing command: codeql database trace-command --working-dir=E:\graduate\pythoncode\server --index-traceless-dbs --no-db-cluster -- E:\graduate\pythoncode\server\db make
[2026-04-10 10:58:51] [PROGRESS] database trace-command> Running command in E:\graduate\pythoncode\server: [make]
[2026-04-10 10:58:51] [build-stdout] gcc -c -o test1.o test1.c
[2026-04-10 10:58:58] Plumbing command codeql database trace-command completed.
[2026-04-10 10:58:58] [PROGRESS] database create> Finalizing database at E:\graduate\pythoncode\server\db.
[2026-04-10 10:58:58] Running plumbing command: codeql database finalize --no-db-cluster -- E:\graduate\pythoncode\server\db
[2026-04-10 10:58:58] Using pre-finalize script C:\Tools\codeql\cpp\tools\pre-finalize.cmd.
[2026-04-10 10:58:58] [PROGRESS] database finalize> Running pre-finalize script C:\Tools\codeql\cpp\tools\pre-finalize.cmd in E:\graduate\pythoncode\server.
[2026-04-10 10:58:58] Running plumbing command: codeql database trace-command --working-dir=E:\graduate\pythoncode\server --no-tracing -- E:\graduate\pythoncode\server\db C:\Tools\codeql\cpp\tools\pre-finalize.cmd
[2026-04-10 10:58:58] [PROGRESS] database trace-command> Running command in E:\graduate\pythoncode\server: [C:\Tools\codeql\cpp\tools\pre-finalize.cmd]
[2026-04-10 10:58:58] Plumbing command codeql database trace-command completed.
[2026-04-10 10:58:58] [PROGRESS] database finalize> Pre-finalize script C:\Tools\codeql\cpp\tools\pre-finalize.cmd completed in 193 ms.
[2026-04-10 10:58:58] [PROGRESS] database finalize> Running TRAP import for CodeQL database at E:\graduate\pythoncode\server\db...
[2026-04-10 10:58:58] Running plumbing command: codeql dataset import --dbscheme=C:\Tools\codeql\cpp\semmlecode.cpp.dbscheme -- E:\graduate\pythoncode\server\db\db-cpp E:\graduate\pythoncode\server\db\trap\cpp
[2026-04-10 10:58:58] Clearing disk cache since the version file E:\graduate\pythoncode\server\db\db-cpp\default\cache\version does not exist
[2026-04-10 10:58:58] Tuple pool not found. Clearing relations with cached strings
[2026-04-10 10:58:58] Trimming disk cache at E:\graduate\pythoncode\server\db\db-cpp\default\cache in mode clear.
[2026-04-10 10:58:58] Sequence stamp origin is -5926926281638781161
[2026-04-10 10:58:58] Pausing evaluation to hard-clear memory at sequence stamp o+0
[2026-04-10 10:58:58] Unpausing evaluation
[2026-04-10 10:58:58] Pausing evaluation to quickly trim disk at sequence stamp o+1
[2026-04-10 10:58:58] Unpausing evaluation
[2026-04-10 10:58:58] Pausing evaluation to zealously trim disk at sequence stamp o+2
[2026-04-10 10:58:58] Unpausing evaluation
[2026-04-10 10:58:58] Trimming completed (16ms): Purged everything.
[2026-04-10 10:58:59] Scanning for files in E:\graduate\pythoncode\server\db\trap\cpp
[2026-04-10 10:58:59] Found 3 files on disk containing 37 TRAP files (543.42 KiB)
[2026-04-10 10:58:59] [PROGRESS] dataset import> Importing TRAP files
[2026-04-10 10:58:59] Importing cpp_predefined.556f3fee.trap (test1.c.9eedd47b_0.trap.tar.zst) (1 of 37)
[2026-04-10 10:58:59] Importing _mingw_mac.h.cd4553ca.trap (test1.c.9eedd47b_0.trap.tar.zst) (2 of 37)
[2026-04-10 10:58:59] Importing _mingw_secapi.h.943deba4.trap (test1.c.9eedd47b_0.trap.tar.zst) (3 of 37)
[2026-04-10 10:58:59] Importing _mingw_directx.h.12b18d85.trap (test1.c.9eedd47b_0.trap.tar.zst) (4 of 37)
[2026-04-10 10:58:59] Importing _mingw_ddk.h.12b18d85.trap (test1.c.9eedd47b_0.trap.tar.zst) (5 of 37)
[2026-04-10 10:58:59] Importing _mingw.h.15ba6330.trap (test1.c.9eedd47b_0.trap.tar.zst) (6 of 37)
[2026-04-10 10:58:59] Importing vadefs.h.1d8bc28c.trap (test1.c.9eedd47b_0.trap.tar.zst) (7 of 37)
[2026-04-10 10:58:59] Importing _mingw.h.960ef650.trap (test1.c.9eedd47b_0.trap.tar.zst) (8 of 37)
[2026-04-10 10:58:59] Importing crtdefs.h.a742b5d3.trap (test1.c.9eedd47b_0.trap.tar.zst) (9 of 37)
[2026-04-10 10:58:59] Importing _mingw_print_push.h.7282875e.trap (test1.c.9eedd47b_0.trap.tar.zst) (10 of 37)
[2026-04-10 10:58:59] Importing _mingw_off_t.h.5295420f.trap (test1.c.9eedd47b_0.trap.tar.zst) (11 of 37)
[2026-04-10 10:58:59] Importing swprintf.inl.229cf417.trap (test1.c.9eedd47b_0.trap.tar.zst) (12 of 37)
[2026-04-10 10:58:59] Importing stdio.h.96b37d02.trap (test1.c.9eedd47b_0.trap.tar.zst) (13 of 37)
[2026-04-10 10:58:59] Importing stdio_s.h.253d45eb.trap (test1.c.9eedd47b_0.trap.tar.zst) (14 of 37)
[2026-04-10 10:58:59] Importing _mingw_print_pop.h.62355eb7.trap (test1.c.9eedd47b_0.trap.tar.zst) (15 of 37)
[2026-04-10 10:58:59] Importing stdio.h.53846259.trap (test1.c.9eedd47b_0.trap.tar.zst) (16 of 37)
[2026-04-10 10:58:59] Importing string.h.e920df3e.trap (test1.c.9eedd47b_0.trap.tar.zst) (17 of 37)
[2026-04-10 10:58:59] Importing string_s.h.c3b8c224.trap (test1.c.9eedd47b_0.trap.tar.zst) (18 of 37)
[2026-04-10 10:58:59] Importing string.h.30e8a7f0.trap (test1.c.9eedd47b_0.trap.tar.zst) (19 of 37)
[2026-04-10 10:58:59] Importing limits.h.f8195b7d.trap (test1.c.9eedd47b_0.trap.tar.zst) (20 of 37)
[2026-04-10 10:58:59] Importing limits.h.54a7f7bb.trap (test1.c.9eedd47b_0.trap.tar.zst) (21 of 37)
[2026-04-10 10:58:59] Importing syslimits.h.5494a361.trap (test1.c.9eedd47b_0.trap.tar.zst) (22 of 37)
[2026-04-10 10:58:59] Importing limits.h.5a44930c.trap (test1.c.9eedd47b_0.trap.tar.zst) (23 of 37)
[2026-04-10 10:58:59] Importing stdlib.h.3baf6d4a.trap (test1.c.9eedd47b_0.trap.tar.zst) (24 of 37)
[2026-04-10 10:58:59] Importing stdlib_s.h.97d7ec8b.trap (test1.c.9eedd47b_0.trap.tar.zst) (25 of 37)
[2026-04-10 10:58:59] Importing malloc.h.aa336387.trap (test1.c.9eedd47b_0.trap.tar.zst) (26 of 37)
[2026-04-10 10:58:59] Importing stdlib.h.f623a537.trap (test1.c.9eedd47b_0.trap.tar.zst) (27 of 37)
[2026-04-10 10:58:59] Importing io.h.1000af16.trap (test1.c.9eedd47b_0.trap.tar.zst) (28 of 37)
[2026-04-10 10:58:59] Importing corecrt_startup.h.d81f2f85.trap (test1.c.9eedd47b_0.trap.tar.zst) (29 of 37)
[2026-04-10 10:58:59] Importing types.h.740556f0.trap (test1.c.9eedd47b_0.trap.tar.zst) (30 of 37)
[2026-04-10 10:58:59] Importing process.h.1814584b.trap (test1.c.9eedd47b_0.trap.tar.zst) (31 of 37)
[2026-04-10 10:58:59] Importing getopt.h.841104c1.trap (test1.c.9eedd47b_0.trap.tar.zst) (32 of 37)
[2026-04-10 10:58:59] Importing pthread_unistd.h.14ccfc3e.trap (test1.c.9eedd47b_0.trap.tar.zst) (33 of 37)
[2026-04-10 10:58:59] Importing unistd.h.f082e794.trap (test1.c.9eedd47b_0.trap.tar.zst) (34 of 37)
[2026-04-10 10:58:59] Importing test1.c.9eedd47b.trap (test1.c.9eedd47b_0.trap.tar.zst) (35 of 37)
[2026-04-10 10:58:59] Importing 56385774_0.trap.zst (36 of 37)
[2026-04-10 10:58:59] Importing metadata.trap.gz (37 of 37)
[2026-04-10 10:58:59] [PROGRESS] dataset import> Merging relations
[2026-04-10 10:59:00] Merging 1 fragment for 'builtintypes'.
[2026-04-10 10:59:00] Merged 376 bytes for 'builtintypes'.
[2026-04-10 10:59:00] Merging 1 fragment for 'unspecifiedtype'.
[2026-04-10 10:59:00] Merged 817 bytes for 'unspecifiedtype'.
[2026-04-10 10:59:00] Merging 1 fragment for 'files'.
[2026-04-10 10:59:00] Merged 117 bytes for 'files'.
[2026-04-10 10:59:00] Merging 1 fragment for 'locations_default'.
[2026-04-10 10:59:00] Merged 44903 bytes (43.85 KiB) for 'locations_default'.
[2026-04-10 10:59:00] Merging 1 fragment for 'link_targets'.
[2026-04-10 10:59:00] Merged 26 bytes for 'link_targets'.
[2026-04-10 10:59:00] Merging 1 fragment for 'usertypes'.
[2026-04-10 10:59:00] Merged 308 bytes for 'usertypes'.
[2026-04-10 10:59:00] Merging 1 fragment for 'link_parent'.
[2026-04-10 10:59:00] Merged 966 bytes for 'link_parent'.
[2026-04-10 10:59:00] Merging 1 fragment for 'usertypesize'.
[2026-04-10 10:59:00] Merged 122 bytes for 'usertypesize'.
[2026-04-10 10:59:00] Merging 1 fragment for 'is_pod_class'.
[2026-04-10 10:59:00] Merged 51 bytes for 'is_pod_class'.
[2026-04-10 10:59:00] Merging 1 fragment for 'is_standard_layout_class'.
[2026-04-10 10:59:00] Merged 51 bytes for 'is_standard_layout_class'.
[2026-04-10 10:59:00] Merging 1 fragment for 'is_complete'.
[2026-04-10 10:59:00] Merged 51 bytes for 'is_complete'.
[2026-04-10 10:59:00] Merging 1 fragment for 'membervariables'.
[2026-04-10 10:59:00] Merged 457 bytes for 'membervariables'.
[2026-04-10 10:59:00] Merging 1 fragment for 'fieldoffsets'.
[2026-04-10 10:59:00] Merged 257 bytes for 'fieldoffsets'.
[2026-04-10 10:59:00] Merging 1 fragment for 'var_decls'.
[2026-04-10 10:59:00] Merged 13919 bytes (13.59 KiB) for 'var_decls'.
[2026-04-10 10:59:00] Merging 1 fragment for 'var_def'.
[2026-04-10 10:59:00] Merged 195 bytes for 'var_def'.
[2026-04-10 10:59:00] Merging 1 fragment for 'derivedtypes'.
[2026-04-10 10:59:00] Merged 788 bytes for 'derivedtypes'.
[2026-04-10 10:59:00] Merging 1 fragment for 'pointerishsize'.
[2026-04-10 10:59:00] Merged 143 bytes for 'pointerishsize'.
[2026-04-10 10:59:00] Merging 1 fragment for 'member'.
[2026-04-10 10:59:00] Merged 332 bytes for 'member'.
[2026-04-10 10:59:00] Merging 1 fragment for 'namespaces'.
[2026-04-10 10:59:00] Merged 26 bytes for 'namespaces'.
[2026-04-10 10:59:00] Merging 1 fragment for 'specialnamequalifyingelements'.
[2026-04-10 10:59:00] Merged 27 bytes for 'specialnamequalifyingelements'.
[2026-04-10 10:59:00] Merging 1 fragment for 'mangled_name'.
[2026-04-10 10:59:01] Merged 1991 bytes (1.94 KiB) for 'mangled_name'.
[2026-04-10 10:59:01] Merging 1 fragment for 'specifiers'.
[2026-04-10 10:59:01] Merged 149 bytes for 'specifiers'.
[2026-04-10 10:59:01] Merging 1 fragment for 'numlines'.
[2026-04-10 10:59:01] Merged 313 bytes for 'numlines'.
[2026-04-10 10:59:01] Merging 1 fragment for 'preprocdirects'.
[2026-04-10 10:59:01] Merged 6092 bytes (5.95 KiB) for 'preprocdirects'.
[2026-04-10 10:59:01] Merging 1 fragment for 'preproctext'.
[2026-04-10 10:59:01] Merged 4202 bytes (4.10 KiB) for 'preproctext'.
[2026-04-10 10:59:01] Merging 1 fragment for 'preproctrue'.
[2026-04-10 10:59:01] Merged 341 bytes for 'preproctrue'.
[2026-04-10 10:59:01] Merging 1 fragment for 'preprocfalse'.
[2026-04-10 10:59:01] Merged 229 bytes for 'preprocfalse'.
[2026-04-10 10:59:01] Merging 1 fragment for 'macroinvocations'.
[2026-04-10 10:59:01] Merged 9271 bytes (9.05 KiB) for 'macroinvocations'.
[2026-04-10 10:59:01] Merging 1 fragment for 'comments'.
[2026-04-10 10:59:01] Merged 1511 bytes (1.48 KiB) for 'comments'.
[2026-04-10 10:59:01] Merging 1 fragment for 'commentbinding'.
[2026-04-10 10:59:01] Merged 1053 bytes (1.03 KiB) for 'commentbinding'.
[2026-04-10 10:59:01] Merging 1 fragment for 'containerparent'.
[2026-04-10 10:59:01] Merged 134 bytes for 'containerparent'.
[2026-04-10 10:59:01] Merging 1 fragment for 'folders'.
[2026-04-10 10:59:01] Merged 68 bytes for 'folders'.
[2026-04-10 10:59:01] Merging 1 fragment for 'preprocpair'.
[2026-04-10 10:59:01] Merged 1682 bytes (1.64 KiB) for 'preprocpair'.
[2026-04-10 10:59:01] Merging 1 fragment for 'includes'.
[2026-04-10 10:59:01] Merged 191 bytes for 'includes'.
[2026-04-10 10:59:01] Merging 1 fragment for 'type_mentions'.
[2026-04-10 10:59:01] Merged 4936 bytes (4.82 KiB) for 'type_mentions'.
[2026-04-10 10:59:01] Merging 1 fragment for 'arraysizes'.
[2026-04-10 10:59:01] Merged 117 bytes for 'arraysizes'.
[2026-04-10 10:59:01] Merging 1 fragment for 'usertype_alias_kind'.
[2026-04-10 10:59:01] Merged 94 bytes for 'usertype_alias_kind'.
[2026-04-10 10:59:01] Merging 1 fragment for 'typedefbase'.
[2026-04-10 10:59:01] Merged 183 bytes for 'typedefbase'.
[2026-04-10 10:59:01] Merging 1 fragment for 'type_decls'.
[2026-04-10 10:59:01] Merged 334 bytes for 'type_decls'.
[2026-04-10 10:59:01] Merging 1 fragment for 'type_decl_top'.
[2026-04-10 10:59:01] Merged 96 bytes for 'type_decl_top'.
[2026-04-10 10:59:01] Merging 1 fragment for 'functions'.
[2026-04-10 10:59:01] Merged 1802 bytes (1.76 KiB) for 'functions'.
[2026-04-10 10:59:01] Merging 1 fragment for 'function_return_type'.
[2026-04-10 10:59:01] Merged 1818 bytes (1.78 KiB) for 'function_return_type'.
[2026-04-10 10:59:01] Merging 1 fragment for 'function_prototyped'.
[2026-04-10 10:59:01] Merged 898 bytes for 'function_prototyped'.
[2026-04-10 10:59:01] Merging 1 fragment for 'fun_decls'.
[2026-04-10 10:59:01] Merged 4557 bytes (4.45 KiB) for 'fun_decls'.
[2026-04-10 10:59:01] Merging 1 fragment for 'fun_def'.
[2026-04-10 10:59:01] Merged 44 bytes for 'fun_def'.
[2026-04-10 10:59:01] Merging 1 fragment for 'fun_decl_specifiers'.
[2026-04-10 10:59:01] Merged 1380 bytes (1.35 KiB) for 'fun_decl_specifiers'.
[2026-04-10 10:59:01] Merging 1 fragment for 'attributes'.
[2026-04-10 10:59:01] Merged 3682 bytes (3.60 KiB) for 'attributes'.
[2026-04-10 10:59:01] Merging 1 fragment for 'funcattributes'.
[2026-04-10 10:59:01] Merged 1705 bytes (1.67 KiB) for 'funcattributes'.
[2026-04-10 10:59:01] Merging 1 fragment for 'stmts'.
[2026-04-10 10:59:01] Merged 300 bytes for 'stmts'.
[2026-04-10 10:59:01] Merging 1 fragment for 'compgenerated'.
[2026-04-10 10:59:01] Merged 51 bytes for 'compgenerated'.
[2026-04-10 10:59:01] Merging 1 fragment for 'stmtparents'.
[2026-04-10 10:59:01] Merged 230 bytes for 'stmtparents'.
[2026-04-10 10:59:01] Merging 1 fragment for 'blockscope'.
[2026-04-10 10:59:01] Merged 106 bytes for 'blockscope'.
[2026-04-10 10:59:01] Merging 1 fragment for 'function_entry_point'.
[2026-04-10 10:59:01] Merged 77 bytes for 'function_entry_point'.
[2026-04-10 10:59:01] Merging 1 fragment for 'macro_argument_unexpanded'.
[2026-04-10 10:59:01] Merged 1120 bytes (1.09 KiB) for 'macro_argument_unexpanded'.
[2026-04-10 10:59:01] Merging 1 fragment for 'macro_argument_expanded'.
[2026-04-10 10:59:01] Merged 758 bytes for 'macro_argument_expanded'.
[2026-04-10 10:59:01] Merging 1 fragment for 'macroparent'.
[2026-04-10 10:59:01] Merged 500 bytes for 'macroparent'.
[2026-04-10 10:59:01] Merging 1 fragment for 'typespecifiers'.
[2026-04-10 10:59:01] Merged 161 bytes for 'typespecifiers'.
[2026-04-10 10:59:01] Merging 1 fragment for 'funspecifiers'.
[2026-04-10 10:59:01] Merged 1897 bytes (1.85 KiB) for 'funspecifiers'.
[2026-04-10 10:59:01] Merging 1 fragment for 'typeattributes'.
[2026-04-10 10:59:01] Merged 954 bytes for 'typeattributes'.
[2026-04-10 10:59:01] Merging 1 fragment for 'type_def'.
[2026-04-10 10:59:01] Merged 48 bytes for 'type_def'.
[2026-04-10 10:59:01] Merging 1 fragment for 'values'.
[2026-04-10 10:59:01] Merged 479 bytes for 'values'.
[2026-04-10 10:59:01] Merging 1 fragment for 'valuetext'.
[2026-04-10 10:59:01] Merged 313 bytes for 'valuetext'.
[2026-04-10 10:59:01] Merging 1 fragment for 'exprs'.
[2026-04-10 10:59:01] Merged 1049 bytes (1.02 KiB) for 'exprs'.
[2026-04-10 10:59:01] Merging 1 fragment for 'expr_types'.
[2026-04-10 10:59:01] Merged 871 bytes for 'expr_types'.
[2026-04-10 10:59:01] Merging 1 fragment for 'valuebind'.
[2026-04-10 10:59:01] Merged 375 bytes for 'valuebind'.
[2026-04-10 10:59:01] Merging 1 fragment for 'varspecifiers'.
[2026-04-10 10:59:01] Merged 323 bytes for 'varspecifiers'.
[2026-04-10 10:59:01] Merging 1 fragment for 'params'.
[2026-04-10 10:59:01] Merged 10123 bytes (9.89 KiB) for 'params'.
[2026-04-10 10:59:01] Merging 1 fragment for 'macrolocationbind'.
[2026-04-10 10:59:01] Merged 237 bytes for 'macrolocationbind'.
[2026-04-10 10:59:01] Merging 1 fragment for 'inmacroexpansion'.
[2026-04-10 10:59:01] Merged 209 bytes for 'inmacroexpansion'.
[2026-04-10 10:59:01] Merging 1 fragment for 'param_decl_bind'.
[2026-04-10 10:59:01] Merged 6349 bytes (6.20 KiB) for 'param_decl_bind'.
[2026-04-10 10:59:01] Merging 1 fragment for 'localvariables'.
[2026-04-10 10:59:02] Merged 92 bytes for 'localvariables'.
[2026-04-10 10:59:02] Merging 1 fragment for 'stmt_decl_bind'.
[2026-04-10 10:59:02] Merged 71 bytes for 'stmt_decl_bind'.
[2026-04-10 10:59:02] Merging 1 fragment for 'stmt_decl_entry_bind'.
[2026-04-10 10:59:02] Merged 72 bytes for 'stmt_decl_entry_bind'.
[2026-04-10 10:59:02] Merging 1 fragment for 'exprparents'.
[2026-04-10 10:59:02] Merged 553 bytes for 'exprparents'.
[2026-04-10 10:59:02] Merging 1 fragment for 'routinetypes'.
[2026-04-10 10:59:02] Merged 89 bytes for 'routinetypes'.
[2026-04-10 10:59:02] Merging 1 fragment for 'routinetypeargs'.
[2026-04-10 10:59:02] Merged 236 bytes for 'routinetypeargs'.
[2026-04-10 10:59:02] Merging 1 fragment for 'funbind'.
[2026-04-10 10:59:02] Merged 93 bytes for 'funbind'.
[2026-04-10 10:59:02] Merging 1 fragment for 'expr_isload'.
[2026-04-10 10:59:02] Merged 98 bytes for 'expr_isload'.
[2026-04-10 10:59:02] Merging 1 fragment for 'attribute_arg_constant'.
[2026-04-10 10:59:02] Merged 298 bytes for 'attribute_arg_constant'.
[2026-04-10 10:59:02] Merging 1 fragment for 'attribute_args'.
[2026-04-10 10:59:02] Merged 913 bytes for 'attribute_args'.
[2026-04-10 10:59:02] Merging 1 fragment for 'varbind'.
[2026-04-10 10:59:02] Merged 310 bytes for 'varbind'.
[2026-04-10 10:59:02] Merging 1 fragment for 'exprconv'.
[2026-04-10 10:59:02] Merged 101 bytes for 'exprconv'.
[2026-04-10 10:59:02] Merging 1 fragment for 'iscall'.
[2026-04-10 10:59:02] Merged 56 bytes for 'iscall'.
[2026-04-10 10:59:02] Merging 1 fragment for 'attribute_arg_value'.
[2026-04-10 10:59:02] Merged 93 bytes for 'attribute_arg_value'.
[2026-04-10 10:59:02] Merging 1 fragment for 'expr_cond_guard'.
[2026-04-10 10:59:02] Merged 33 bytes for 'expr_cond_guard'.
[2026-04-10 10:59:02] Merging 1 fragment for 'expr_cond_true'.
[2026-04-10 10:59:02] Merged 33 bytes for 'expr_cond_true'.
[2026-04-10 10:59:02] Merging 1 fragment for 'conversionkinds'.
[2026-04-10 10:59:02] Merged 51 bytes for 'conversionkinds'.
[2026-04-10 10:59:02] Merging 1 fragment for 'expr_cond_false'.
[2026-04-10 10:59:02] Merged 33 bytes for 'expr_cond_false'.
[2026-04-10 10:59:02] Merging 1 fragment for 'affectedbymacroexpansion'.
[2026-04-10 10:59:02] Merged 68 bytes for 'affectedbymacroexpansion'.
[2026-04-10 10:59:02] Merging 1 fragment for 'if_then'.
[2026-04-10 10:59:02] Merged 37 bytes for 'if_then'.
[2026-04-10 10:59:02] Merging 1 fragment for 'globalvariables'.
[2026-04-10 10:59:02] Merged 120 bytes for 'globalvariables'.
[2026-04-10 10:59:02] Merging 1 fragment for 'var_decl_specifiers'.
[2026-04-10 10:59:02] Merged 54 bytes for 'var_decl_specifiers'.
[2026-04-10 10:59:02] Merging 1 fragment for 'builtin_functions'.
[2026-04-10 10:59:02] Merged 21 bytes for 'builtin_functions'.
[2026-04-10 10:59:02] Merging 1 fragment for 'expr_ancestor'.
[2026-04-10 10:59:02] Merged 32 bytes for 'expr_ancestor'.
[2026-04-10 10:59:02] Merging 1 fragment for 'extractor_version'.
[2026-04-10 10:59:02] Merged 28 bytes for 'extractor_version'.
[2026-04-10 10:59:02] Merging 1 fragment for 'fileannotations'.
[2026-04-10 10:59:02] Merged 155 bytes for 'fileannotations'.
[2026-04-10 10:59:02] Merging 1 fragment for 'for_condition'.
[2026-04-10 10:59:02] Merged 35 bytes for 'for_condition'.
[2026-04-10 10:59:02] Merging 1 fragment for 'for_body'.
[2026-04-10 10:59:02] Merged 35 bytes for 'for_body'.
[2026-04-10 10:59:02] Merging 1 fragment for 'for_initialization'.
[2026-04-10 10:59:02] Merged 35 bytes for 'for_initialization'.
[2026-04-10 10:59:02] Merging 1 fragment for 'for_update'.
[2026-04-10 10:59:02] Merged 35 bytes for 'for_update'.
[2026-04-10 10:59:02] Merging 1 fragment for 'initialisers'.
[2026-04-10 10:59:02] Merged 60 bytes for 'initialisers'.
[2026-04-10 10:59:02] Merging 1 fragment for 'compilations'.
[2026-04-10 10:59:02] Merged 31 bytes for 'compilations'.
[2026-04-10 10:59:02] Merging 1 fragment for 'compilation_args'.
[2026-04-10 10:59:02] Merged 55 bytes for 'compilation_args'.
[2026-04-10 10:59:02] Merging 1 fragment for 'compilation_expanded_args'.
[2026-04-10 10:59:02] Merged 55 bytes for 'compilation_expanded_args'.
[2026-04-10 10:59:02] Merging 1 fragment for 'compilation_compiling_files'.
[2026-04-10 10:59:02] Merged 42 bytes for 'compilation_compiling_files'.
[2026-04-10 10:59:02] Merging 1 fragment for 'compilation_time'.
[2026-04-10 10:59:02] Merged 98 bytes for 'compilation_time'.
[2026-04-10 10:59:02] Merging 1 fragment for 'compilation_finished'.
[2026-04-10 10:59:02] Merged 73 bytes for 'compilation_finished'.
[2026-04-10 10:59:02] Merging 1 fragment for 'sourceLocationPrefix'.
[2026-04-10 10:59:02] Merged 18 bytes for 'sourceLocationPrefix'.
[2026-04-10 10:59:02] Saving string and id pools to disk.
[2026-04-10 10:59:03] [WARN] Failed to delete E:\graduate\pythoncode\server\db\db-cpp\default\pools-tmp (attempt 1)
                             java.nio.file.FileSystemException: E:\graduate\pythoncode\server\db\db-cpp\default\pools-tmp: 另一个程序正在使用此文件，进程无法访问。
                             	at java.base/sun.nio.fs.WindowsException.translateToIOException(Unknown Source)
                             	at java.base/sun.nio.fs.WindowsException.rethrowAsIOException(Unknown Source)
                             	at java.base/sun.nio.fs.WindowsException.rethrowAsIOException(Unknown Source)
                             	at java.base/sun.nio.fs.WindowsFileSystemProvider.implDelete(Unknown Source)
                             	at java.base/sun.nio.fs.AbstractFileSystemProvider.delete(Unknown Source)
                             	at java.base/java.nio.file.Files.delete(Unknown Source)
                             	at com.semmle.util.files.FileUtil8.delete(FileUtil8.java:361)
                             	at com.semmle.util.files.FileUtil8.deleteIfExists(FileUtil8.java:394)
                             	at com.semmle.util.files.FileUtil8.lambda$deleteWithRetries$10(FileUtil8.java:629)
                             	at com.semmle.util.files.FileUtil8.performWithRetries(FileUtil8.java:560)
                             	at com.semmle.util.files.FileUtil8.deleteWithRetries(FileUtil8.java:628)
                             	at com.semmle.util.files.FileUtil8$2.doDelete(FileUtil8.java:193)
                             	at com.semmle.util.files.FileUtil8$2.tryDelete(FileUtil8.java:200)
                             	at com.semmle.util.files.FileUtil8$2.tryDelete(FileUtil8.java:223)
                             	at com.semmle.util.files.FileUtil8$2.postVisitDirectory(FileUtil8.java:264)
                             	at com.semmle.util.files.FileUtil8$2.postVisitDirectory(FileUtil8.java:164)
                             	at java.base/java.nio.file.Files.walkFileTree(Unknown Source)
                             	at java.base/java.nio.file.Files.walkFileTree(Unknown Source)
                             	at com.semmle.util.files.FileUtil8.recursiveDelete(FileUtil8.java:162)
                             	at com.semmle.util.files.FileUtil8.strictRecursiveDelete(FileUtil8.java:136)
                             	at com.semmle.util.files.FileUtil8.strictRecursiveDeleteWithRetries(FileUtil8.java:112)
                             	at com.semmle.inmemory.stringpool.StringPool.promoteAndSave(StringPool.java:591)
                             	at com.semmle.inmemory.MemoryBackend.saveMetadata(MemoryBackend.java:271)
                             	at com.semmle.inmemory.trap.ImportTasksProcessor.close(ImportTasksProcessor.java:509)
                             	at com.semmle.util.concurrent.FutureUtils.lambda$futureAutoclose$14(FutureUtils.java:222)
                             	at java.base/java.util.concurrent.CompletableFuture.uniHandle(Unknown Source)
                             	at java.base/java.util.concurrent.CompletableFuture$UniHandle.tryFire(Unknown Source)
                             	at java.base/java.util.concurrent.CompletableFuture.postComplete(Unknown Source)
                             	at java.base/java.util.concurrent.CompletableFuture.complete(Unknown Source)
                             	at com.semmle.util.concurrent.Paralleliser.startMoreJobs(Paralleliser.java:126)
                             	at com.semmle.util.concurrent.Paralleliser.lambda$startMoreJobs$2(Paralleliser.java:111)
                             	at java.base/java.util.concurrent.CompletableFuture.uniWhenComplete(Unknown Source)
                             	at java.base/java.util.concurrent.CompletableFuture$UniWhenComplete.tryFire(Unknown Source)
                             	at java.base/java.util.concurrent.CompletableFuture.postComplete(Unknown Source)
                             	at java.base/java.util.concurrent.CompletableFuture$AsyncRun.run(Unknown Source)
                             	at java.base/java.util.concurrent.ThreadPoolExecutor.runWorker(Unknown Source)
                             	at java.base/java.util.concurrent.ThreadPoolExecutor$Worker.run(Unknown Source)
                             	at java.base/java.lang.Thread.run(Unknown Source)
[2026-04-10 10:59:04] Finished importing TRAP files.
[2026-04-10 10:59:04] Read 3.64 MiB of uncompressed TRAP data.
[2026-04-10 10:59:04] Uncompressed relation data size: 604.99 KiB
[2026-04-10 10:59:04] Relation data size: 140.28 KiB (merge rate: 66.82 KiB/s)
[2026-04-10 10:59:04] String pool size: 2.13 MiB
[2026-04-10 10:59:04] ID pool size: 1.75 MiB
[2026-04-10 10:59:04] [PROGRESS] dataset import> Finished writing database (relations: 140.28 KiB; string pool: 2.13 MiB).
[2026-04-10 10:59:04] Pausing evaluation to close the cache at sequence stamp o+219
[2026-04-10 10:59:04] The disk cache is freshly trimmed; leave it be.
[2026-04-10 10:59:04] Unpausing evaluation
[2026-04-10 10:59:04] Plumbing command codeql dataset import completed.
[2026-04-10 10:59:04] [PROGRESS] database finalize> TRAP import complete (5.7s).
[2026-04-10 10:59:04] Running plumbing command: codeql database cleanup -- E:\graduate\pythoncode\server\db
[2026-04-10 10:59:04] [PROGRESS] database cleanup> Cleaning up existing TRAP files after import...
[2026-04-10 10:59:04] [PROGRESS] database cleanup> TRAP files cleaned up (25ms).
[2026-04-10 10:59:04] [PROGRESS] database cleanup> Cleaning up scratch directory...
[2026-04-10 10:59:04] [PROGRESS] database cleanup> Scratch directory cleaned up (117ms).
[2026-04-10 10:59:04] Running plumbing command: codeql dataset cleanup -- E:\graduate\pythoncode\server\db\db-cpp
[2026-04-10 10:59:04] [PROGRESS] dataset cleanup> Cleaning up dataset in E:\graduate\pythoncode\server\db\db-cpp.
[2026-04-10 10:59:04] Trimming disk cache at E:\graduate\pythoncode\server\db\db-cpp\default\cache in mode trim.
[2026-04-10 10:59:04] Sequence stamp origin is -5926926256507906599
[2026-04-10 10:59:04] Pausing evaluation to quickly trim memory at sequence stamp o+0
[2026-04-10 10:59:04] Unpausing evaluation
[2026-04-10 10:59:04] Pausing evaluation to zealously trim disk at sequence stamp o+1
[2026-04-10 10:59:04] Unpausing evaluation
[2026-04-10 10:59:04] Trimming completed (5ms): Trimmed disposable data from cache.
[2026-04-10 10:59:04] Pausing evaluation to close the cache at sequence stamp o+2
[2026-04-10 10:59:04] The disk cache is freshly trimmed; leave it be.
[2026-04-10 10:59:04] Unpausing evaluation
[2026-04-10 10:59:04] [PROGRESS] dataset cleanup> Trimmed disposable data from cache.
[2026-04-10 10:59:04] [PROGRESS] dataset cleanup> Finalizing dataset in E:\graduate\pythoncode\server\db\db-cpp
[2026-04-10 10:59:04] [DETAILS] dataset cleanup> Finished deleting ID pool from E:\graduate\pythoncode\server\db\db-cpp (12ms).
[2026-04-10 10:59:04] Plumbing command codeql dataset cleanup completed.
[2026-04-10 10:59:04] Plumbing command codeql database cleanup completed with status 0.
[2026-04-10 10:59:04] [PROGRESS] database finalize> Finished zipping source archive (53.82 KiB).
[2026-04-10 10:59:04] Plumbing command codeql database finalize completed.
[2026-04-10 10:59:04] [PROGRESS] database create> Successfully created database at E:\graduate\pythoncode\server\db.
[2026-04-10 10:59:04] Terminating normally.
