[2026-04-25 10:21:37] This is codeql database create --language=cpp --command=make db-l40
[2026-04-25 10:21:37] Log file was started late.
[2026-04-25 10:21:37] [PROGRESS] database create> Initializing database at /home/test/my-awesome-project/CISB/server/UBreorderbreaks/db-l40.
[2026-04-25 10:21:37] Running plumbing command: codeql database init --language=cpp --extractor-options-verbosity=1 --qlconfig-file=/home/test/my-awesome-project/CISB/server/UBreorderbreaks/qlconfig.yml --source-root=/home/test/my-awesome-project/CISB/server/UBreorderbreaks --allow-missing-source-root=false --allow-already-existing -- /home/test/my-awesome-project/CISB/server/UBreorderbreaks/db-l40
[2026-04-25 10:21:37] Calling plumbing command: codeql resolve languages --extractor-options-verbosity=1 --format=betterjson
[2026-04-25 10:21:37] [DETAILS] resolve languages> Scanning for [codeql-extractor.yml] from /mnt/c/Tools/codeql/.codeqlmanifest.json
[2026-04-25 10:21:37] [DETAILS] resolve languages> Parsing /mnt/c/Tools/codeql/actions/codeql-extractor.yml.
[2026-04-25 10:21:37] [DETAILS] resolve languages> Parsing /mnt/c/Tools/codeql/cpp/codeql-extractor.yml.
[2026-04-25 10:21:37] [DETAILS] resolve languages> Parsing /mnt/c/Tools/codeql/csharp/codeql-extractor.yml.
[2026-04-25 10:21:37] [DETAILS] resolve languages> Parsing /mnt/c/Tools/codeql/csv/codeql-extractor.yml.
[2026-04-25 10:21:37] [DETAILS] resolve languages> Parsing /mnt/c/Tools/codeql/go/codeql-extractor.yml.
[2026-04-25 10:21:38] [DETAILS] resolve languages> Parsing /mnt/c/Tools/codeql/html/codeql-extractor.yml.
[2026-04-25 10:21:38] [DETAILS] resolve languages> Parsing /mnt/c/Tools/codeql/java/codeql-extractor.yml.
[2026-04-25 10:21:38] [DETAILS] resolve languages> Parsing /mnt/c/Tools/codeql/javascript/codeql-extractor.yml.
[2026-04-25 10:21:38] [DETAILS] resolve languages> Parsing /mnt/c/Tools/codeql/properties/codeql-extractor.yml.
[2026-04-25 10:21:38] [DETAILS] resolve languages> Parsing /mnt/c/Tools/codeql/python/codeql-extractor.yml.
[2026-04-25 10:21:38] [DETAILS] resolve languages> Parsing /mnt/c/Tools/codeql/ruby/codeql-extractor.yml.
[2026-04-25 10:21:38] [DETAILS] resolve languages> Parsing /mnt/c/Tools/codeql/rust/codeql-extractor.yml.
[2026-04-25 10:21:38] [DETAILS] resolve languages> Parsing /mnt/c/Tools/codeql/swift/codeql-extractor.yml.
[2026-04-25 10:21:38] [DETAILS] resolve languages> Parsing /mnt/c/Tools/codeql/xml/codeql-extractor.yml.
[2026-04-25 10:21:38] [DETAILS] resolve languages> Parsing /mnt/c/Tools/codeql/yaml/codeql-extractor.yml.
[2026-04-25 10:21:38] Plumbing command codeql resolve languages completed:
                      {
                        "aliases" : {
                          "c" : "cpp",
                          "c++" : "cpp",
                          "c-c++" : "cpp",
                          "c-cpp" : "cpp",
                          "c#" : "csharp",
                          "java-kotlin" : "java",
                          "kotlin" : "java",
                          "javascript-typescript" : "javascript",
                          "typescript" : "javascript"
                        },
                        "extractors" : {
                          "actions" : [
                            {
                              "extractor_root" : "/mnt/c/Tools/codeql/actions",
                              "extractor_options" : { }
                            }
                          ],
                          "cpp" : [
                            {
                              "extractor_root" : "/mnt/c/Tools/codeql/cpp",
                              "extractor_options" : {
                                "scale_timeouts" : {
                                  "title" : "Value to scale compiler introspection timeouts with",
                                  "description" : "The extractor attempts to determine what compiler the source code being extracted is compiled with. To this end the extractor makes additional calls to the compiler, some of which are expected to return within a certain fixed time (either 10s or 15s). On some systems that are under high load this time might be too short, and can be scaled up using this option.\n",
                                  "type" : "string",
                                  "pattern" : "[0-9]+"
                                },
                                "log_verbosity" : {
                                  "title" : "Verbosity of the extractor logging",
                                  "description" : "Set the verbosity of the extractor logging to 'quiet' (0), 'normal' (1), 'chatty' (2), or 'noisy' (3). The default is 'normal'.\n",
                                  "type" : "string",
                                  "pattern" : "[0-3]"
                                }
                              }
                            }
                          ],
                          "csharp" : [
                            {
                              "extractor_root" : "/mnt/c/Tools/codeql/csharp",
                              "extractor_options" : {
                                "trap" : {
                                  "title" : "Options pertaining to TRAP.",
                                  "description" : "Options pertaining to TRAP.",
                                  "type" : "object",
                                  "properties" : {
                                    "compression" : {
                                      "title" : "Controls compression for the TRAP files written by the extractor.",
                                      "description" : "This option is only intended for use in debugging the extractor. Accepted values are 'brotli' (the default, to write brotli-compressed TRAP), 'gzip', and 'none' (to write uncompressed TRAP).\n",
                                      "type" : "string",
                                      "pattern" : "^(none|gzip|brotli)$"
                                    }
                                  }
                                },
                                "buildless" : {
                                  "title" : "DEPRECATED - Whether to use buildless (standalone) extraction.",
                                  "description" : "DEPRECATED: Use `--build-mode none` instead.\nA value indicating, which type of extraction the autobuilder should perform. If 'true', then the standalone extractor will be used, otherwise tracing extraction will be performed. The default is 'false'. Note that buildless extraction will generally yield less accurate analysis results, and should only be used in cases where it is not possible to build the code (for example if it uses inaccessible dependencies).\n",
                                  "type" : "string",
                                  "pattern" : "^(false|true)$"
                                },
                                "logging" : {
                                  "title" : "Options pertaining to logging.",
                                  "description" : "Options pertaining to logging.",
                                  "type" : "object",
                                  "properties" : {
                                    "verbosity" : {
                                      "title" : "Extractor logging verbosity level.",
                                      "description" : "Controls the level of verbosity of the extractor. The supported levels are (in order of increasing verbosity):\n  - off\n  - errors\n  - warnings\n  - info or progress\n  - debug or progress+\n  - trace or progress++\n  - progress+++\n",
                                      "type" : "string",
                                      "pattern" : "^(off|errors|warnings|(info|progress)|(debug|progress\\+)|(trace|progress\\+\\+)|progress\\+\\+\\+)$"
                                    }
                                  }
                                },
                                "binlog" : {
                                  "title" : "Binlog",
                                  "description" : "[EXPERIMENTAL] The value is a path to the MsBuild binary log file that should be extracted. This option only works when `--build-mode none` is also specified.\n",
                                  "type" : "array"
                                },
                                "buildless_dependency_dir" : {
                                  "title" : "The path where buildless (standalone) extraction should keep dependencies.",
                                  "description" : "If set, the buildless (standalone) extractor will store dependencies in this directory.\n",
                                  "type" : "string"
                                }
                              }
                            }
                          ],
                          "csv" : [
                            {
                              "extractor_root" : "/mnt/c/Tools/codeql/csv"
                            }
                          ],
                          "go" : [
                            {
                              "extractor_root" : "/mnt/c/Tools/codeql/go",
                              "extractor_options" : {
                                "extract_tests" : {
                                  "title" : "Whether to include Go test files in the CodeQL database.",
                                  "description" : "A value indicating whether Go test files should be included in the CodeQL database. The default is 'false'.\n",
                                  "type" : "string",
                                  "pattern" : "^(false|true)$"
                                },
                                "extract_vendor_dirs" : {
                                  "title" : "Whether to include Go vendor directories in the CodeQL database.",
                                  "description" : "A value indicating whether Go vendor directories should be included in the CodeQL database. The default is 'false'.\n",
                                  "type" : "string",
                                  "pattern" : "^(false|true)$"
                                }
                              }
                            }
                          ],
                          "html" : [
                            {
                              "extractor_root" : "/mnt/c/Tools/codeql/html"
                            }
                          ],
                          "java" : [
                            {
                              "extractor_root" : "/mnt/c/Tools/codeql/java",
                              "extractor_options" : {
                                "exclude" : {
                                  "title" : "A glob excluding files from analysis.",
                                  "description" : "A glob indicating what files to exclude from the analysis. This accepts glob patterns that are supported by Java's 'getPathMatcher' implementation.\n",
                                  "type" : "string"
                                },
                                "add_prefer_source" : {
                                  "title" : "Whether to always prefer source files over class files.",
                                  "description" : "A value indicating whether source files should be preferred over class files. If set to 'true', the extraction adds '-Xprefer:source' to the javac command line. If set to 'false', the extraction uses the default javac behavior ('-Xprefer:newer'). The default is 'true'.\n",
                                  "type" : "string",
                                  "pattern" : "^(false|true)$"
                                },
                                "buildless" : {
                                  "title" : "Whether to use buildless (standalone) extraction (experimental).",
                                  "description" : "A value indicating, which type of extraction the autobuilder should perform. If 'true', then the standalone extractor will be used, otherwise tracing extraction will be performed. The default is 'false'. Note that buildless extraction will generally yield less accurate analysis results, and should only be used in cases where it is not possible to build the code (for example if it uses inaccessible dependencies).\n",
                                  "type" : "string",
                                  "pattern" : "^(false|true)$"
                                },
                                "buildless_dependency_dir" : {
                                  "title" : "The path where buildless (standalone) extraction should keep dependencies.",
                                  "description" : "If set, the buildless (standalone) extractor will store dependencies in this directory.\n",
                                  "type" : "string"
                                },
                                "minimize_dependency_jars" : {
                                  "title" : "Whether to rewrite and minimize downloaded JAR dependencies (experimental).",
                                  "description" : "If 'true', JAR dependencies downloaded during extraction will be rewritten to remove unneeded data, such as method bodies. The default is 'false'.\n",
                                  "type" : "string",
                                  "pattern" : "^(false|true)$"
                                }
                              }
                            }
                          ],
                          "javascript" : [
                            {
                              "extractor_root" : "/mnt/c/Tools/codeql/javascript",
                              "extractor_options" : {
                                "skip_types" : {
                                  "title" : "Skip type extraction for TypeScript",
                                  "description" : "Whether to skip the extraction of types in a TypeScript application",
                                  "type" : "string",
                                  "pattern" : "^(false|true)$"
                                }
                              }
                            }
                          ],
                          "properties" : [
                            {
                              "extractor_root" : "/mnt/c/Tools/codeql/properties"
                            }
                          ],
                          "python" : [
                            {
                              "extractor_root" : "/mnt/c/Tools/codeql/python",
                              "extractor_options" : {
                                "logging" : {
                                  "title" : "Options pertaining to logging.",
                                  "description" : "Options pertaining to logging.",
                                  "type" : "object",
                                  "properties" : {
                                    "verbosity" : {
                                      "title" : "Python extractor logging verbosity level.",
                                      "description" : "Controls the level of verbosity of the CodeQL Python extractor.\nThe supported levels are (in order of increasing verbosity):\n\n  - off\n  - errors\n  - warnings\n  - info or progress\n  - debug or progress+\n  - trace or progress++\n  - progress+++\n",
                                      "type" : "string",
                                      "pattern" : "^(off|errors|warnings|(info|progress)|(debug|progress\\+)|(trace|progress\\+\\+)|progress\\+\\+\\+)$"
                                    }
                                  }
                                },
                                "python_executable_name" : {
                                  "title" : "Controls the name of the Python executable used by the Python extractor.",
                                  "description" : "The Python extractor uses platform-dependent heuristics to determine the name of the Python executable to use. Specifying a value for this option overrides the name of the Python executable used by the extractor. Accepted values are py, python and python3. Use this setting with caution, the Python extractor requires Python 3 to run.\n",
                                  "type" : "string",
                                  "pattern" : "^(py|python|python3)$"
                                }
                              }
                            }
                          ],
                          "ruby" : [
                            {
                              "extractor_root" : "/mnt/c/Tools/codeql/ruby",
                              "extractor_options" : {
                                "trap" : {
                                  "title" : "Options pertaining to TRAP.",
                                  "description" : "Options pertaining to TRAP.",
                                  "type" : "object",
                                  "properties" : {
                                    "compression" : {
                                      "title" : "Controls compression for the TRAP files written by the extractor.",
                                      "description" : "This option is only intended for use in debugging the extractor. Accepted values are 'gzip' (the default, to write gzip-compressed TRAP) 'zstd' (to write Zstandard-compressed TRAP) and 'none' (to write uncompressed TRAP).\n",
                                      "type" : "string",
                                      "pattern" : "^(none|gzip|zstd)$"
                                    }
                                  }
                                }
                              }
                            }
                          ],
                          "rust" : [
                            {
                              "extractor_root" : "/mnt/c/Tools/codeql/rust",
                              "extractor_options" : {
                                "trap" : {
                                  "title" : "Options pertaining to TRAP.",
                                  "description" : "Options pertaining to TRAP.",
                                  "type" : "object",
                                  "properties" : {
                                    "compression" : {
                                      "title" : "Controls compression for the TRAP files written by the extractor.",
                                      "description" : "This option is only intended for use in debugging the extractor. Accepted values are 'gzip' (to write gzip-compressed TRAP) 'zstd' (to write Zstandard-compressed TRAP) and 'none' (the default, to write uncompressed TRAP).\n",
                                      "type" : "string",
                                      "pattern" : "^(none|gzip|zstd)$"
                                    }
                                  }
                                },
                                "cargo_target_dir" : {
                                  "title" : "Directory to use for cargo output files.",
                                  "description" : "This value is an optional path to use as `CARGO_TARGET_DIR` for the internal cargo commands the extractor uses. Pointing it to a persistent directory may reduce execution time of consecutive extractor runs. By default, a new scratch directory is used for each run.\n",
                                  "type" : "string"
                                },
                                "cargo_target" : {
                                  "title" : "Target architecture",
                                  "description" : "Target architecture to use for analysis, analogous to `cargo --target`. By default the host architecture is used.\n",
                                  "type" : "string"
                                },
                                "cargo_features" : {
                                  "title" : "Cargo features to turn on",
                                  "description" : "Comma-separated list of features to turn on. By default all features are enabled. If any features are specified, then only those features are enabled. The `default` feature must be explicitly specified if only default features are desired. Can be repeated.\n",
                                  "type" : "array"
                                },
                                "cargo_cfg_overrides" : {
                                  "title" : "Cargo cfg overrides",
                                  "description" : "Comma-separated list of cfg settings to enable, or disable if prefixed with `-`. Can be repeated.\n",
                                  "type" : "array"
                                },
                                "logging" : {
                                  "title" : "Options pertaining to logging.",
                                  "description" : "Options pertaining to logging.",
                                  "type" : "object",
                                  "properties" : {
                                    "verbosity" : {
                                      "title" : "Extractor logging verbosity level.",
                                      "description" : "Controls the level of verbosity of the extractor. The supported levels are (in order of increasing verbosity):\n  - off\n  - errors\n  - warnings\n  - info or progress\n  - debug or progress+\n  - trace or progress++\n  - progress+++\n",
                                      "type" : "string",
                                      "pattern" : "^(off|errors|warnings|(info|progress)|(debug|progress\\+)|(trace|progress\\+\\+)|progress\\+\\+\\+)$"
                                    },
                                    "flamegraph" : {
                                      "title" : "[Experimental] File path for write flame graph log",
                                      "description" : "Collect flame graph data using the `tracing-flame` crate. To render a flame graph or chart, run the `inferno-flamegraph` command. See also: https://crates.io/crates/tracing-flame\n",
                                      "type" : "string"
                                    }
                                  }
                                },
                                "extract_dependencies_as_source" : {
                                  "title" : "Extract dependencies as source code",
                                  "description" : "Extract the full source code of dependencies instead of only extracting signatures.\n",
                                  "type" : "string",
                                  "pattern" : "^(false|true)$"
                                }
                              }
                            }
                          ],
                          "swift" : [
                            {
                              "extractor_root" : "/mnt/c/Tools/codeql/swift"
                            }
                          ],
                          "xml" : [
                            {
                              "extractor_root" : "/mnt/c/Tools/codeql/xml"
                            }
                          ],
                          "yaml" : [
                            {
                              "extractor_root" : "/mnt/c/Tools/codeql/yaml"
                            }
                          ]
                        }
                      }
[2026-04-25 10:21:38] [PROGRESS] database init> Calculating baseline information in /home/test/my-awesome-project/CISB/server/UBreorderbreaks
[2026-04-25 10:21:38] [SPAMMY] database init> Ignoring the following directories when processing baseline information: .git, .hg, .svn.
[2026-04-25 10:21:38] [DETAILS] database init> Running command in /home/test/my-awesome-project/CISB/server/UBreorderbreaks: /mnt/c/Tools/codeql/tools/linux64/scc --by-file --exclude-dir .git,.hg,.svn --format json --no-large --no-min .
[2026-04-25 10:21:38] Using configure-baseline script /mnt/c/Tools/codeql/actions/tools/configure-baseline.sh.
[2026-04-25 10:21:38] [PROGRESS] database init> Running command in /home/test/my-awesome-project/CISB/server/UBreorderbreaks: [/mnt/c/Tools/codeql/actions/tools/configure-baseline.sh]
[2026-04-25 10:21:38] [SPAMMY] database init> Ignored an additional 2 files when processing baseline information for YAML due to paths and paths-ignore configuration.
[2026-04-25 10:21:38] [SPAMMY] database init> Found 0 baseline files for actions.
[2026-04-25 10:21:38] [SPAMMY] database init> Found 1 baseline files for cpp.
[2026-04-25 10:21:38] [PROGRESS] database init> Calculated baseline information for languages: actions, cpp (158ms).
[2026-04-25 10:21:38] [PROGRESS] database init> Resolving extractor cpp.
[2026-04-25 10:21:38] [DETAILS] database init> Found candidate extractor root for cpp: /mnt/c/Tools/codeql/cpp.
[2026-04-25 10:21:38] [PROGRESS] database init> Successfully loaded extractor C/C++ (cpp) from /mnt/c/Tools/codeql/cpp.
[2026-04-25 10:21:38] [PROGRESS] database init> Created skeleton CodeQL database at /home/test/my-awesome-project/CISB/server/UBreorderbreaks/db-l40. This in-progress database is ready to be populated by an extractor.
[2026-04-25 10:21:38] Plumbing command codeql database init completed.
[2026-04-25 10:21:38] [PROGRESS] database create> Running build command: [make]
[2026-04-25 10:21:38] Running plumbing command: codeql database trace-command --working-dir=/home/test/my-awesome-project/CISB/server/UBreorderbreaks --index-traceless-dbs --no-db-cluster -- /home/test/my-awesome-project/CISB/server/UBreorderbreaks/db-l40 make
[2026-04-25 10:21:38] [PROGRESS] database trace-command> Running command in /home/test/my-awesome-project/CISB/server/UBreorderbreaks: [make]
[2026-04-25 10:21:38] [build-stdout] gcc -c -o test1.o test1.c
[2026-04-25 10:21:39] Plumbing command codeql database trace-command completed.
[2026-04-25 10:21:39] [PROGRESS] database create> Finalizing database at /home/test/my-awesome-project/CISB/server/UBreorderbreaks/db-l40.
[2026-04-25 10:21:39] Running plumbing command: codeql database finalize --no-db-cluster -- /home/test/my-awesome-project/CISB/server/UBreorderbreaks/db-l40
[2026-04-25 10:21:39] Using pre-finalize script /mnt/c/Tools/codeql/cpp/tools/pre-finalize.sh.
[2026-04-25 10:21:39] [PROGRESS] database finalize> Running pre-finalize script /mnt/c/Tools/codeql/cpp/tools/pre-finalize.sh in /home/test/my-awesome-project/CISB/server/UBreorderbreaks.
[2026-04-25 10:21:39] Running plumbing command: codeql database trace-command --working-dir=/home/test/my-awesome-project/CISB/server/UBreorderbreaks --no-tracing -- /home/test/my-awesome-project/CISB/server/UBreorderbreaks/db-l40 /mnt/c/Tools/codeql/cpp/tools/pre-finalize.sh
[2026-04-25 10:21:39] [PROGRESS] database trace-command> Running command in /home/test/my-awesome-project/CISB/server/UBreorderbreaks: [/mnt/c/Tools/codeql/cpp/tools/pre-finalize.sh]
[2026-04-25 10:21:39] Plumbing command codeql database trace-command completed.
[2026-04-25 10:21:39] [PROGRESS] database finalize> Pre-finalize script /mnt/c/Tools/codeql/cpp/tools/pre-finalize.sh completed in 69 ms.
[2026-04-25 10:21:39] [PROGRESS] database finalize> Running TRAP import for CodeQL database at /home/test/my-awesome-project/CISB/server/UBreorderbreaks/db-l40...
[2026-04-25 10:21:39] Running plumbing command: codeql dataset import --dbscheme=/mnt/c/Tools/codeql/cpp/semmlecode.cpp.dbscheme -- /home/test/my-awesome-project/CISB/server/UBreorderbreaks/db-l40/db-cpp /home/test/my-awesome-project/CISB/server/UBreorderbreaks/db-l40/trap/cpp
[2026-04-25 10:21:40] Clearing disk cache since the version file /home/test/my-awesome-project/CISB/server/UBreorderbreaks/db-l40/db-cpp/default/cache/version does not exist
[2026-04-25 10:21:40] Tuple pool not found. Clearing relations with cached strings
[2026-04-25 10:21:40] Trimming disk cache at /home/test/my-awesome-project/CISB/server/UBreorderbreaks/db-l40/db-cpp/default/cache in mode clear.
[2026-04-25 10:21:40] Sequence stamp origin is -5921369620104608957
[2026-04-25 10:21:40] Pausing evaluation to hard-clear memory at sequence stamp o+0
[2026-04-25 10:21:40] Unpausing evaluation
[2026-04-25 10:21:40] Pausing evaluation to quickly trim disk at sequence stamp o+1
[2026-04-25 10:21:40] Unpausing evaluation
[2026-04-25 10:21:40] Pausing evaluation to zealously trim disk at sequence stamp o+2
[2026-04-25 10:21:40] Unpausing evaluation
[2026-04-25 10:21:40] Trimming completed (15ms): Purged everything.
[2026-04-25 10:21:40] Scanning for files in /home/test/my-awesome-project/CISB/server/UBreorderbreaks/db-l40/trap/cpp
[2026-04-25 10:21:40] Found 3 files on disk containing 88 TRAP files (722.53 KiB)
[2026-04-25 10:21:40] [PROGRESS] dataset import> Importing TRAP files
[2026-04-25 10:21:40] Importing cpp_predefined.acb19af8.trap (test1.c.b2cfe852_0.trap.tar.zst) (1 of 88)
[2026-04-25 10:21:40] Importing wordsize.h.92468457.trap (test1.c.b2cfe852_0.trap.tar.zst) (2 of 88)
[2026-04-25 10:21:40] Importing timesize.h.00d5e597.trap (test1.c.b2cfe852_0.trap.tar.zst) (3 of 88)
[2026-04-25 10:21:40] Importing features-time64.h.736f5777.trap (test1.c.b2cfe852_0.trap.tar.zst) (4 of 88)
[2026-04-25 10:21:40] Importing stdc-predef.h.c6e479d9.trap (test1.c.b2cfe852_0.trap.tar.zst) (5 of 88)
[2026-04-25 10:21:40] Importing long-double.h.50566853.trap (test1.c.b2cfe852_0.trap.tar.zst) (6 of 88)
[2026-04-25 10:21:40] Importing cdefs.h.9fdbc117.trap (test1.c.b2cfe852_0.trap.tar.zst) (7 of 88)
[2026-04-25 10:21:40] Importing stubs-64.h.c6e479d9.trap (test1.c.b2cfe852_0.trap.tar.zst) (8 of 88)
[2026-04-25 10:21:40] Importing stubs.h.5a6a849c.trap (test1.c.b2cfe852_0.trap.tar.zst) (9 of 88)
[2026-04-25 10:21:40] Importing features.h.e08ab714.trap (test1.c.b2cfe852_0.trap.tar.zst) (10 of 88)
[2026-04-25 10:21:40] Importing libc-header-start.h.16b763ef.trap (test1.c.b2cfe852_0.trap.tar.zst) (11 of 88)
[2026-04-25 10:21:40] Importing stddef.h.ea79afb5.trap (test1.c.b2cfe852_0.trap.tar.zst) (12 of 88)
[2026-04-25 10:21:40] Importing stdarg.h.49828e20.trap (test1.c.b2cfe852_0.trap.tar.zst) (13 of 88)
[2026-04-25 10:21:40] Importing typesizes.h.f8f8da78.trap (test1.c.b2cfe852_0.trap.tar.zst) (14 of 88)
[2026-04-25 10:21:40] Importing time64.h.18e096c5.trap (test1.c.b2cfe852_0.trap.tar.zst) (15 of 88)
[2026-04-25 10:21:40] Importing types.h.68520355.trap (test1.c.b2cfe852_0.trap.tar.zst) (16 of 88)
[2026-04-25 10:21:40] Importing __mbstate_t.h.2c5b3ab1.trap (test1.c.b2cfe852_0.trap.tar.zst) (17 of 88)
[2026-04-25 10:21:40] Importing __fpos_t.h.ec74182e.trap (test1.c.b2cfe852_0.trap.tar.zst) (18 of 88)
[2026-04-25 10:21:40] Importing __fpos64_t.h.f21a2833.trap (test1.c.b2cfe852_0.trap.tar.zst) (19 of 88)
[2026-04-25 10:21:40] Importing __FILE.h.b62565c1.trap (test1.c.b2cfe852_0.trap.tar.zst) (20 of 88)
[2026-04-25 10:21:40] Importing FILE.h.07e87bfb.trap (test1.c.b2cfe852_0.trap.tar.zst) (21 of 88)
[2026-04-25 10:21:40] Importing struct_FILE.h.842638a9.trap (test1.c.b2cfe852_0.trap.tar.zst) (22 of 88)
[2026-04-25 10:21:40] Importing cookie_io_functions_t.h.c2939943.trap (test1.c.b2cfe852_0.trap.tar.zst) (23 of 88)
[2026-04-25 10:21:40] Importing stdio_lim.h.05b7f7f1.trap (test1.c.b2cfe852_0.trap.tar.zst) (24 of 88)
[2026-04-25 10:21:40] Importing floatn-common.h.9fc579a0.trap (test1.c.b2cfe852_0.trap.tar.zst) (25 of 88)
[2026-04-25 10:21:40] Importing floatn.h.f449be45.trap (test1.c.b2cfe852_0.trap.tar.zst) (26 of 88)
[2026-04-25 10:21:40] Importing stdio.h.707e6f6f.trap (test1.c.b2cfe852_0.trap.tar.zst) (27 of 88)
[2026-04-25 10:21:40] Importing libc-header-start.h.fafbef30.trap (test1.c.b2cfe852_0.trap.tar.zst) (28 of 88)
[2026-04-25 10:21:40] Importing stddef.h.96662d69.trap (test1.c.b2cfe852_0.trap.tar.zst) (29 of 88)
[2026-04-25 10:21:40] Importing waitflags.h.1ed736a4.trap (test1.c.b2cfe852_0.trap.tar.zst) (30 of 88)
[2026-04-25 10:21:40] Importing waitstatus.h.9b882f51.trap (test1.c.b2cfe852_0.trap.tar.zst) (31 of 88)
[2026-04-25 10:21:40] Importing __locale_t.h.458cb9a8.trap (test1.c.b2cfe852_0.trap.tar.zst) (32 of 88)
[2026-04-25 10:21:40] Importing locale_t.h.f5a98c5d.trap (test1.c.b2cfe852_0.trap.tar.zst) (33 of 88)
[2026-04-25 10:21:40] Importing clock_t.h.61e99454.trap (test1.c.b2cfe852_0.trap.tar.zst) (34 of 88)
[2026-04-25 10:21:40] Importing clockid_t.h.6ad7214c.trap (test1.c.b2cfe852_0.trap.tar.zst) (35 of 88)
[2026-04-25 10:21:40] Importing time_t.h.6396c2b8.trap (test1.c.b2cfe852_0.trap.tar.zst) (36 of 88)
[2026-04-25 10:21:40] Importing timer_t.h.47964e39.trap (test1.c.b2cfe852_0.trap.tar.zst) (37 of 88)
[2026-04-25 10:21:40] Importing stddef.h.3eaa8a8d.trap (test1.c.b2cfe852_0.trap.tar.zst) (38 of 88)
[2026-04-25 10:21:40] Importing stdint-intn.h.93b3e97e.trap (test1.c.b2cfe852_0.trap.tar.zst) (39 of 88)
[2026-04-25 10:21:40] Importing endianness.h.1999a564.trap (test1.c.b2cfe852_0.trap.tar.zst) (40 of 88)
[2026-04-25 10:21:40] Importing endian.h.a1618c87.trap (test1.c.b2cfe852_0.trap.tar.zst) (41 of 88)
[2026-04-25 10:21:40] Importing byteswap.h.71d784ec.trap (test1.c.b2cfe852_0.trap.tar.zst) (42 of 88)
[2026-04-25 10:21:40] Importing uintn-identity.h.9abcabdc.trap (test1.c.b2cfe852_0.trap.tar.zst) (43 of 88)
[2026-04-25 10:21:40] Importing endian.h.513c49fd.trap (test1.c.b2cfe852_0.trap.tar.zst) (44 of 88)
[2026-04-25 10:21:40] Importing select.h.99c3570c.trap (test1.c.b2cfe852_0.trap.tar.zst) (45 of 88)
[2026-04-25 10:21:40] Importing __sigset_t.h.802c2c21.trap (test1.c.b2cfe852_0.trap.tar.zst) (46 of 88)
[2026-04-25 10:21:40] Importing sigset_t.h.f939c17b.trap (test1.c.b2cfe852_0.trap.tar.zst) (47 of 88)
[2026-04-25 10:21:40] Importing struct_timeval.h.7bb01e12.trap (test1.c.b2cfe852_0.trap.tar.zst) (48 of 88)
[2026-04-25 10:21:40] Importing struct_timespec.h.79e126db.trap (test1.c.b2cfe852_0.trap.tar.zst) (49 of 88)
[2026-04-25 10:21:40] Importing select.h.e1c4f620.trap (test1.c.b2cfe852_0.trap.tar.zst) (50 of 88)
[2026-04-25 10:21:40] Importing pthreadtypes-arch.h.cfce5b81.trap (test1.c.b2cfe852_0.trap.tar.zst) (51 of 88)
[2026-04-25 10:21:40] Importing atomic_wide_counter.h.c54fc7c0.trap (test1.c.b2cfe852_0.trap.tar.zst) (52 of 88)
[2026-04-25 10:21:40] Importing struct_mutex.h.dba14d39.trap (test1.c.b2cfe852_0.trap.tar.zst) (53 of 88)
[2026-04-25 10:21:40] Importing struct_rwlock.h.cac24554.trap (test1.c.b2cfe852_0.trap.tar.zst) (54 of 88)
[2026-04-25 10:21:40] Importing thread-shared-types.h.f896aff7.trap (test1.c.b2cfe852_0.trap.tar.zst) (55 of 88)
[2026-04-25 10:21:40] Importing pthreadtypes.h.2834aecb.trap (test1.c.b2cfe852_0.trap.tar.zst) (56 of 88)
[2026-04-25 10:21:40] Importing types.h.4e81a67b.trap (test1.c.b2cfe852_0.trap.tar.zst) (57 of 88)
[2026-04-25 10:21:40] Importing stddef.h.8b3d2bdc.trap (test1.c.b2cfe852_0.trap.tar.zst) (58 of 88)
[2026-04-25 10:21:40] Importing alloca.h.ad0bb863.trap (test1.c.b2cfe852_0.trap.tar.zst) (59 of 88)
[2026-04-25 10:21:40] Importing stdlib-float.h.65c690d8.trap (test1.c.b2cfe852_0.trap.tar.zst) (60 of 88)
[2026-04-25 10:21:40] Importing stdlib.h.3120a191.trap (test1.c.b2cfe852_0.trap.tar.zst) (61 of 88)
[2026-04-25 10:21:41] Importing stddef.h.def7790a.trap (test1.c.b2cfe852_0.trap.tar.zst) (62 of 88)
[2026-04-25 10:21:41] Importing struct_sched_param.h.ddf42d8e.trap (test1.c.b2cfe852_0.trap.tar.zst) (63 of 88)
[2026-04-25 10:21:41] Importing sched.h.39850294.trap (test1.c.b2cfe852_0.trap.tar.zst) (64 of 88)
[2026-04-25 10:21:41] Importing cpu-set.h.83628b06.trap (test1.c.b2cfe852_0.trap.tar.zst) (65 of 88)
[2026-04-25 10:21:41] Importing sched.h.d7f5f968.trap (test1.c.b2cfe852_0.trap.tar.zst) (66 of 88)
[2026-04-25 10:21:41] Importing stddef.h.b66de4b9.trap (test1.c.b2cfe852_0.trap.tar.zst) (67 of 88)
[2026-04-25 10:21:41] Importing timex.h.1f36ff6f.trap (test1.c.b2cfe852_0.trap.tar.zst) (68 of 88)
[2026-04-25 10:21:41] Importing time.h.a99cec78.trap (test1.c.b2cfe852_0.trap.tar.zst) (69 of 88)
[2026-04-25 10:21:41] Importing struct_tm.h.6d703c2e.trap (test1.c.b2cfe852_0.trap.tar.zst) (70 of 88)
[2026-04-25 10:21:41] Importing struct_itimerspec.h.f9ae6d74.trap (test1.c.b2cfe852_0.trap.tar.zst) (71 of 88)
[2026-04-25 10:21:41] Importing time.h.5338ae25.trap (test1.c.b2cfe852_0.trap.tar.zst) (72 of 88)
[2026-04-25 10:21:41] Importing setjmp.h.02a851eb.trap (test1.c.b2cfe852_0.trap.tar.zst) (73 of 88)
[2026-04-25 10:21:41] Importing struct___jmp_buf_tag.h.54d58330.trap (test1.c.b2cfe852_0.trap.tar.zst) (74 of 88)
[2026-04-25 10:21:41] Importing pthread_stack_min-dynamic.h.655c8dbd.trap (test1.c.b2cfe852_0.trap.tar.zst) (75 of 88)
[2026-04-25 10:21:41] Importing pthread.h.a3215892.trap (test1.c.b2cfe852_0.trap.tar.zst) (76 of 88)
[2026-04-25 10:21:41] Importing posix_opt.h.396d5000.trap (test1.c.b2cfe852_0.trap.tar.zst) (77 of 88)
[2026-04-25 10:21:41] Importing environments.h.3278197b.trap (test1.c.b2cfe852_0.trap.tar.zst) (78 of 88)
[2026-04-25 10:21:41] Importing stddef.h.be76be33.trap (test1.c.b2cfe852_0.trap.tar.zst) (79 of 88)
[2026-04-25 10:21:41] Importing confname.h.4ff987f0.trap (test1.c.b2cfe852_0.trap.tar.zst) (80 of 88)
[2026-04-25 10:21:41] Importing getopt_core.h.131a54d6.trap (test1.c.b2cfe852_0.trap.tar.zst) (81 of 88)
[2026-04-25 10:21:41] Importing getopt_posix.h.a3ab9673.trap (test1.c.b2cfe852_0.trap.tar.zst) (82 of 88)
[2026-04-25 10:21:41] Importing close_range.h.bfeb891a.trap (test1.c.b2cfe852_0.trap.tar.zst) (83 of 88)
[2026-04-25 10:21:41] Importing unistd_ext.h.ac06a7a9.trap (test1.c.b2cfe852_0.trap.tar.zst) (84 of 88)
[2026-04-25 10:21:41] Importing unistd.h.f7f4a97f.trap (test1.c.b2cfe852_0.trap.tar.zst) (85 of 88)
[2026-04-25 10:21:41] Importing test1.c.b2cfe852.trap (test1.c.b2cfe852_0.trap.tar.zst) (86 of 88)
[2026-04-25 10:21:41] Importing 5069193_0.trap.zst (87 of 88)
[2026-04-25 10:21:41] Importing metadata.trap.gz (88 of 88)
[2026-04-25 10:21:41] [PROGRESS] dataset import> Merging relations
[2026-04-25 10:21:41] Merging 1 fragment for 'builtintypes'.
[2026-04-25 10:21:41] Merged 382 bytes for 'builtintypes'.
[2026-04-25 10:21:41] Merging 1 fragment for 'unspecifiedtype'.
[2026-04-25 10:21:41] Merged 1413 bytes (1.38 KiB) for 'unspecifiedtype'.
[2026-04-25 10:21:41] Merging 1 fragment for 'files'.
[2026-04-25 10:21:41] Merged 231 bytes for 'files'.
[2026-04-25 10:21:41] Merging 1 fragment for 'locations_default'.
[2026-04-25 10:21:41] Merged 53340 bytes (52.09 KiB) for 'locations_default'.
[2026-04-25 10:21:41] Merging 1 fragment for 'link_targets'.
[2026-04-25 10:21:41] Merged 26 bytes for 'link_targets'.
[2026-04-25 10:21:41] Merging 1 fragment for 'usertypes'.
[2026-04-25 10:21:41] Merged 687 bytes for 'usertypes'.
[2026-04-25 10:21:41] Merging 1 fragment for 'link_parent'.
[2026-04-25 10:21:41] Merged 698 bytes for 'link_parent'.
[2026-04-25 10:21:41] Merging 1 fragment for 'usertypesize'.
[2026-04-25 10:21:41] Merged 210 bytes for 'usertypesize'.
[2026-04-25 10:21:41] Merging 1 fragment for 'is_pod_class'.
[2026-04-25 10:21:41] Merged 76 bytes for 'is_pod_class'.
[2026-04-25 10:21:41] Merging 1 fragment for 'is_standard_layout_class'.
[2026-04-25 10:21:41] Merged 76 bytes for 'is_standard_layout_class'.
[2026-04-25 10:21:41] Merging 1 fragment for 'is_complete'.
[2026-04-25 10:21:41] Merged 76 bytes for 'is_complete'.
[2026-04-25 10:21:41] Merging 1 fragment for 'membervariables'.
[2026-04-25 10:21:41] Merged 771 bytes for 'membervariables'.
[2026-04-25 10:21:41] Merging 1 fragment for 'fieldoffsets'.
[2026-04-25 10:21:41] Merged 424 bytes for 'fieldoffsets'.
[2026-04-25 10:21:41] Merging 1 fragment for 'var_decls'.
[2026-04-25 10:21:41] Merged 8642 bytes (8.44 KiB) for 'var_decls'.
[2026-04-25 10:21:41] Merging 1 fragment for 'var_def'.
[2026-04-25 10:21:41] Merged 241 bytes for 'var_def'.
[2026-04-25 10:21:41] Merging 1 fragment for 'derivedtypes'.
[2026-04-25 10:21:41] Merged 1234 bytes (1.21 KiB) for 'derivedtypes'.
[2026-04-25 10:21:41] Merging 1 fragment for 'pointerishsize'.
[2026-04-25 10:21:41] Merged 175 bytes for 'pointerishsize'.
[2026-04-25 10:21:41] Merging 1 fragment for 'member'.
[2026-04-25 10:21:41] Merged 577 bytes for 'member'.
[2026-04-25 10:21:41] Merging 1 fragment for 'namespaces'.
[2026-04-25 10:21:41] Merged 26 bytes for 'namespaces'.
[2026-04-25 10:21:41] Merging 1 fragment for 'specialnamequalifyingelements'.
[2026-04-25 10:21:41] Merged 27 bytes for 'specialnamequalifyingelements'.
[2026-04-25 10:21:41] Merging 1 fragment for 'mangled_name'.
[2026-04-25 10:21:41] Merged 1653 bytes (1.61 KiB) for 'mangled_name'.
[2026-04-25 10:21:41] Merging 1 fragment for 'specifiers'.
[2026-04-25 10:21:41] Merged 149 bytes for 'specifiers'.
[2026-04-25 10:21:41] Merging 1 fragment for 'numlines'.
[2026-04-25 10:21:41] Merged 487 bytes for 'numlines'.
[2026-04-25 10:21:41] Merging 1 fragment for 'preprocdirects'.
[2026-04-25 10:21:41] Merged 9458 bytes (9.24 KiB) for 'preprocdirects'.
[2026-04-25 10:21:41] Merging 1 fragment for 'preproctext'.
[2026-04-25 10:21:41] Merged 7289 bytes (7.12 KiB) for 'preproctext'.
[2026-04-25 10:21:41] Merging 1 fragment for 'preproctrue'.
[2026-04-25 10:21:41] Merged 643 bytes for 'preproctrue'.
[2026-04-25 10:21:41] Merging 1 fragment for 'macroinvocations'.
[2026-04-25 10:21:41] Merged 13668 bytes (13.35 KiB) for 'macroinvocations'.
[2026-04-25 10:21:41] Merging 1 fragment for 'comments'.
[2026-04-25 10:21:41] Merged 4879 bytes (4.76 KiB) for 'comments'.
[2026-04-25 10:21:41] Merging 1 fragment for 'commentbinding'.
[2026-04-25 10:21:41] Merged 3251 bytes (3.17 KiB) for 'commentbinding'.
[2026-04-25 10:21:41] Merging 1 fragment for 'containerparent'.
[2026-04-25 10:21:41] Merged 235 bytes for 'containerparent'.
[2026-04-25 10:21:41] Merging 1 fragment for 'folders'.
[2026-04-25 10:21:41] Merged 77 bytes for 'folders'.
[2026-04-25 10:21:41] Merging 1 fragment for 'preprocpair'.
[2026-04-25 10:21:41] Merged 2656 bytes (2.59 KiB) for 'preprocpair'.
[2026-04-25 10:21:41] Merging 1 fragment for 'includes'.
[2026-04-25 10:21:41] Merged 474 bytes for 'includes'.
[2026-04-25 10:21:41] Merging 1 fragment for 'preprocfalse'.
[2026-04-25 10:21:41] Merged 217 bytes for 'preprocfalse'.
[2026-04-25 10:21:41] Merging 1 fragment for 'macro_argument_unexpanded'.
[2026-04-25 10:21:41] Merged 3388 bytes (3.31 KiB) for 'macro_argument_unexpanded'.
[2026-04-25 10:21:41] Merging 1 fragment for 'macro_argument_expanded'.
[2026-04-25 10:21:41] Merged 3431 bytes (3.35 KiB) for 'macro_argument_expanded'.
[2026-04-25 10:21:41] Merging 1 fragment for 'macroparent'.
[2026-04-25 10:21:41] Merged 2990 bytes (2.92 KiB) for 'macroparent'.
[2026-04-25 10:21:41] Merging 1 fragment for 'usertype_alias_kind'.
[2026-04-25 10:21:41] Merged 215 bytes for 'usertype_alias_kind'.
[2026-04-25 10:21:41] Merging 1 fragment for 'typedefbase'.
[2026-04-25 10:21:41] Merged 438 bytes for 'typedefbase'.
[2026-04-25 10:21:41] Merging 1 fragment for 'type_decls'.
[2026-04-25 10:21:41] Merged 821 bytes for 'type_decls'.
[2026-04-25 10:21:41] Merging 1 fragment for 'type_decl_top'.
[2026-04-25 10:21:41] Merged 242 bytes for 'type_decl_top'.
[2026-04-25 10:21:41] Merging 1 fragment for 'arraysizes'.
[2026-04-25 10:21:41] Merged 194 bytes for 'arraysizes'.
[2026-04-25 10:21:41] Merging 1 fragment for 'type_mentions'.
[2026-04-25 10:21:41] Merged 2482 bytes (2.42 KiB) for 'type_mentions'.
[2026-04-25 10:21:41] Merging 1 fragment for 'type_def'.
[2026-04-25 10:21:41] Merged 88 bytes for 'type_def'.
[2026-04-25 10:21:41] Merging 1 fragment for 'values'.
[2026-04-25 10:21:41] Merged 2216 bytes (2.16 KiB) for 'values'.
[2026-04-25 10:21:41] Merging 1 fragment for 'exprs'.
[2026-04-25 10:21:41] Merged 2541 bytes (2.48 KiB) for 'exprs'.
[2026-04-25 10:21:41] Merging 1 fragment for 'expr_types'.
[2026-04-25 10:21:41] Merged 1914 bytes (1.87 KiB) for 'expr_types'.
[2026-04-25 10:21:41] Merging 1 fragment for 'valuebind'.
[2026-04-25 10:21:41] Merged 1990 bytes (1.94 KiB) for 'valuebind'.
[2026-04-25 10:21:41] Merging 1 fragment for 'inmacroexpansion'.
[2026-04-25 10:21:41] Merged 1325 bytes (1.29 KiB) for 'inmacroexpansion'.
[2026-04-25 10:21:41] Merging 1 fragment for 'macrolocationbind'.
[2026-04-25 10:21:41] Merged 1107 bytes (1.08 KiB) for 'macrolocationbind'.
[2026-04-25 10:21:41] Merging 1 fragment for 'varspecifiers'.
[2026-04-25 10:21:41] Merged 1983 bytes (1.94 KiB) for 'varspecifiers'.
[2026-04-25 10:21:41] Merging 1 fragment for 'valuetext'.
[2026-04-25 10:21:41] Merged 400 bytes for 'valuetext'.
[2026-04-25 10:21:41] Merging 1 fragment for 'compgenerated'.
[2026-04-25 10:21:41] Merged 73 bytes for 'compgenerated'.
[2026-04-25 10:21:41] Merging 1 fragment for 'sizeof_bind'.
[2026-04-25 10:21:41] Merged 47 bytes for 'sizeof_bind'.
[2026-04-25 10:21:41] Merging 1 fragment for 'exprconv'.
[2026-04-25 10:21:41] Merged 179 bytes for 'exprconv'.
[2026-04-25 10:21:41] Merging 1 fragment for 'conversionkinds'.
[2026-04-25 10:21:41] Merged 79 bytes for 'conversionkinds'.
[2026-04-25 10:21:41] Merging 1 fragment for 'exprparents'.
[2026-04-25 10:21:41] Merged 1261 bytes (1.23 KiB) for 'exprparents'.
[2026-04-25 10:21:41] Merging 1 fragment for 'routinetypes'.
[2026-04-25 10:21:41] Merged 80 bytes for 'routinetypes'.
[2026-04-25 10:21:41] Merging 1 fragment for 'routinetypeargs'.
[2026-04-25 10:21:41] Merged 185 bytes for 'routinetypeargs'.
[2026-04-25 10:21:41] Merging 1 fragment for 'typespecifiers'.
[2026-04-25 10:21:41] Merged 223 bytes for 'typespecifiers'.
[2026-04-25 10:21:41] Merging 1 fragment for 'functions'.
[2026-04-25 10:21:41] Merged 1224 bytes (1.20 KiB) for 'functions'.
[2026-04-25 10:21:41] Merging 1 fragment for 'function_return_type'.
[2026-04-25 10:21:41] Merged 1098 bytes (1.07 KiB) for 'function_return_type'.
[2026-04-25 10:21:41] Merging 1 fragment for 'function_prototyped'.
[2026-04-25 10:21:41] Merged 603 bytes for 'function_prototyped'.
[2026-04-25 10:21:41] Merging 1 fragment for 'params'.
[2026-04-25 10:21:41] Merged 5504 bytes (5.38 KiB) for 'params'.
[2026-04-25 10:21:41] Merging 1 fragment for 'globalvariables'.
[2026-04-25 10:21:41] Merged 120 bytes for 'globalvariables'.
[2026-04-25 10:21:41] Merging 1 fragment for 'fun_decls'.
[2026-04-25 10:21:41] Merged 2976 bytes (2.91 KiB) for 'fun_decls'.
[2026-04-25 10:21:41] Merging 1 fragment for 'fun_decl_specifiers'.
[2026-04-25 10:21:41] Merged 3140 bytes (3.07 KiB) for 'fun_decl_specifiers'.
[2026-04-25 10:21:41] Merging 1 fragment for 'param_decl_bind'.
[2026-04-25 10:21:41] Merged 3563 bytes (3.48 KiB) for 'param_decl_bind'.
[2026-04-25 10:21:41] Merging 1 fragment for 'funbind'.
[2026-04-25 10:21:41] Merged 179 bytes for 'funbind'.
[2026-04-25 10:21:41] Merging 1 fragment for 'funspecifiers'.
[2026-04-25 10:21:41] Merged 728 bytes for 'funspecifiers'.
[2026-04-25 10:21:41] Merging 1 fragment for 'attributes'.
[2026-04-25 10:21:41] Merged 5324 bytes (5.20 KiB) for 'attributes'.
[2026-04-25 10:21:41] Merging 1 fragment for 'funcattributes'.
[2026-04-25 10:21:41] Merged 2769 bytes (2.70 KiB) for 'funcattributes'.
[2026-04-25 10:21:41] Merging 1 fragment for 'attribute_arg_constant'.
[2026-04-25 10:21:41] Merged 997 bytes for 'attribute_arg_constant'.
[2026-04-25 10:21:41] Merging 1 fragment for 'attribute_args'.
[2026-04-25 10:21:41] Merged 2812 bytes (2.75 KiB) for 'attribute_args'.
[2026-04-25 10:21:41] Merging 1 fragment for 'attribute_arg_value'.
[2026-04-25 10:21:41] Merged 443 bytes for 'attribute_arg_value'.
[2026-04-25 10:21:41] Merging 1 fragment for 'attribute_arg_expr'.
[2026-04-25 10:21:41] Merged 62 bytes for 'attribute_arg_expr'.
[2026-04-25 10:21:41] Merging 1 fragment for 'builtin_functions'.
[2026-04-25 10:21:41] Merged 26 bytes for 'builtin_functions'.
[2026-04-25 10:21:41] Merging 1 fragment for 'var_decl_specifiers'.
[2026-04-25 10:21:41] Merged 57 bytes for 'var_decl_specifiers'.
[2026-04-25 10:21:41] Merging 1 fragment for 'fun_def'.
[2026-04-25 10:21:41] Merged 29 bytes for 'fun_def'.
[2026-04-25 10:21:41] Merging 1 fragment for 'stmts'.
[2026-04-25 10:21:41] Merged 253 bytes for 'stmts'.
[2026-04-25 10:21:41] Merging 1 fragment for 'expr_isload'.
[2026-04-25 10:21:41] Merged 53 bytes for 'expr_isload'.
[2026-04-25 10:21:41] Merging 1 fragment for 'affectedbymacroexpansion'.
[2026-04-25 10:21:41] Merged 95 bytes for 'affectedbymacroexpansion'.
[2026-04-25 10:21:41] Merging 1 fragment for 'stmtparents'.
[2026-04-25 10:21:41] Merged 222 bytes for 'stmtparents'.
[2026-04-25 10:21:41] Merging 1 fragment for 'blockscope'.
[2026-04-25 10:21:41] Merged 72 bytes for 'blockscope'.
[2026-04-25 10:21:41] Merging 1 fragment for 'function_entry_point'.
[2026-04-25 10:21:41] Merged 50 bytes for 'function_entry_point'.
[2026-04-25 10:21:41] Merging 1 fragment for 'iscall'.
[2026-04-25 10:21:41] Merged 64 bytes for 'iscall'.
[2026-04-25 10:21:41] Merging 1 fragment for 'varbind'.
[2026-04-25 10:21:41] Merged 203 bytes for 'varbind'.
[2026-04-25 10:21:41] Merging 1 fragment for 'typeattributes'.
[2026-04-25 10:21:41] Merged 34 bytes for 'typeattributes'.
[2026-04-25 10:21:41] Merging 1 fragment for 'bitfield'.
[2026-04-25 10:21:41] Merged 50 bytes for 'bitfield'.
[2026-04-25 10:21:41] Merging 1 fragment for 'expr_ancestor'.
[2026-04-25 10:21:41] Merged 34 bytes for 'expr_ancestor'.
[2026-04-25 10:21:41] Merging 1 fragment for 'enumconstants'.
[2026-04-25 10:21:41] Merged 1451 bytes (1.42 KiB) for 'enumconstants'.
[2026-04-25 10:21:41] Merging 1 fragment for 'initialisers'.
[2026-04-25 10:21:41] Merged 1157 bytes (1.13 KiB) for 'initialisers'.
[2026-04-25 10:21:41] Merging 1 fragment for 'extractor_version'.
[2026-04-25 10:21:41] Merged 28 bytes for 'extractor_version'.
[2026-04-25 10:21:41] Merging 1 fragment for 'fileannotations'.
[2026-04-25 10:21:41] Merged 286 bytes for 'fileannotations'.
[2026-04-25 10:21:41] Merging 1 fragment for 'localvariables'.
[2026-04-25 10:21:41] Merged 52 bytes for 'localvariables'.
[2026-04-25 10:21:41] Merging 1 fragment for 'stmt_decl_bind'.
[2026-04-25 10:21:41] Merged 51 bytes for 'stmt_decl_bind'.
[2026-04-25 10:21:41] Merging 1 fragment for 'stmt_decl_entry_bind'.
[2026-04-25 10:21:41] Merged 50 bytes for 'stmt_decl_entry_bind'.
[2026-04-25 10:21:41] Merging 1 fragment for 'if_then'.
[2026-04-25 10:21:41] Merged 45 bytes for 'if_then'.
[2026-04-25 10:21:41] Merging 1 fragment for 'aggregate_field_init'.
[2026-04-25 10:21:41] Merged 101 bytes for 'aggregate_field_init'.
[2026-04-25 10:21:41] Merging 1 fragment for 'compilations'.
[2026-04-25 10:21:41] Merged 31 bytes for 'compilations'.
[2026-04-25 10:21:41] Merging 1 fragment for 'compilation_args'.
[2026-04-25 10:21:41] Merged 85 bytes for 'compilation_args'.
[2026-04-25 10:21:41] Merging 1 fragment for 'compilation_expanded_args'.
[2026-04-25 10:21:41] Merged 85 bytes for 'compilation_expanded_args'.
[2026-04-25 10:21:41] Merging 1 fragment for 'compilation_compiling_files'.
[2026-04-25 10:21:41] Merged 41 bytes for 'compilation_compiling_files'.
[2026-04-25 10:21:41] Merging 1 fragment for 'compilation_time'.
[2026-04-25 10:21:41] Merged 101 bytes for 'compilation_time'.
[2026-04-25 10:21:41] Merging 1 fragment for 'compilation_finished'.
[2026-04-25 10:21:41] Merged 69 bytes for 'compilation_finished'.
[2026-04-25 10:21:41] Merging 1 fragment for 'sourceLocationPrefix'.
[2026-04-25 10:21:41] Merged 18 bytes for 'sourceLocationPrefix'.
[2026-04-25 10:21:41] Saving string and id pools to disk.
[2026-04-25 10:21:41] Finished importing TRAP files.
[2026-04-25 10:21:41] Read 5.38 MiB of uncompressed TRAP data.
[2026-04-25 10:21:41] Uncompressed relation data size: 743.80 KiB
[2026-04-25 10:21:41] Relation data size: 176.56 KiB (merge rate: 1.17 MiB/s)
[2026-04-25 10:21:41] String pool size: 2.13 MiB
[2026-04-25 10:21:41] ID pool size: 1.75 MiB
[2026-04-25 10:21:41] [PROGRESS] dataset import> Finished writing database (relations: 176.56 KiB; string pool: 2.13 MiB).
[2026-04-25 10:21:41] Pausing evaluation to close the cache at sequence stamp o+215
[2026-04-25 10:21:41] The disk cache is freshly trimmed; leave it be.
[2026-04-25 10:21:41] Unpausing evaluation
[2026-04-25 10:21:41] Plumbing command codeql dataset import completed.
[2026-04-25 10:21:41] [PROGRESS] database finalize> TRAP import complete (1.8s).
[2026-04-25 10:21:41] Running plumbing command: codeql database cleanup -- /home/test/my-awesome-project/CISB/server/UBreorderbreaks/db-l40
[2026-04-25 10:21:41] [PROGRESS] database cleanup> Cleaning up existing TRAP files after import...
[2026-04-25 10:21:41] [PROGRESS] database cleanup> TRAP files cleaned up (2ms).
[2026-04-25 10:21:41] [PROGRESS] database cleanup> Cleaning up scratch directory...
[2026-04-25 10:21:41] [PROGRESS] database cleanup> Scratch directory cleaned up (7ms).
[2026-04-25 10:21:41] Running plumbing command: codeql dataset cleanup -- /home/test/my-awesome-project/CISB/server/UBreorderbreaks/db-l40/db-cpp
[2026-04-25 10:21:41] [PROGRESS] dataset cleanup> Cleaning up dataset in /home/test/my-awesome-project/CISB/server/UBreorderbreaks/db-l40/db-cpp.
[2026-04-25 10:21:41] Trimming disk cache at /home/test/my-awesome-project/CISB/server/UBreorderbreaks/db-l40/db-cpp/default/cache in mode trim.
[2026-04-25 10:21:41] Sequence stamp origin is -5921369612895873562
[2026-04-25 10:21:41] Pausing evaluation to quickly trim memory at sequence stamp o+0
[2026-04-25 10:21:41] Unpausing evaluation
[2026-04-25 10:21:41] Pausing evaluation to zealously trim disk at sequence stamp o+1
[2026-04-25 10:21:41] Unpausing evaluation
[2026-04-25 10:21:41] Trimming completed (2ms): Trimmed disposable data from cache.
[2026-04-25 10:21:41] Pausing evaluation to close the cache at sequence stamp o+2
[2026-04-25 10:21:41] The disk cache is freshly trimmed; leave it be.
[2026-04-25 10:21:41] Unpausing evaluation
[2026-04-25 10:21:41] [PROGRESS] dataset cleanup> Trimmed disposable data from cache.
[2026-04-25 10:21:41] [PROGRESS] dataset cleanup> Finalizing dataset in /home/test/my-awesome-project/CISB/server/UBreorderbreaks/db-l40/db-cpp
[2026-04-25 10:21:41] [DETAILS] dataset cleanup> Finished deleting ID pool from /home/test/my-awesome-project/CISB/server/UBreorderbreaks/db-l40/db-cpp (2ms).
[2026-04-25 10:21:41] Plumbing command codeql dataset cleanup completed.
[2026-04-25 10:21:41] Plumbing command codeql database cleanup completed with status 0.
[2026-04-25 10:21:41] [PROGRESS] database finalize> Finished zipping source archive (134.02 KiB).
[2026-04-25 10:21:41] Plumbing command codeql database finalize completed.
[2026-04-25 10:21:41] [PROGRESS] database create> Successfully created database at /home/test/my-awesome-project/CISB/server/UBreorderbreaks/db-l40.
[2026-04-25 10:21:41] Terminating normally.
