[T 03:41:11 6231] CodeQL CLI version 2.25.1
[T 03:41:11 6231] Initializing tracer.
[T 03:41:11 6231] Initializing tags.
[T 03:41:11 6231] ID set to 0000000000001857_0000000000000001 (parent root)
[T 03:41:11 6231] Initializing tracer.
[T 03:41:11 6231] Initializing tags.
[T 03:41:11 6231] ID set to 0000000000001857_0000000000000002 (parent root)
[T 03:41:11 6231] Warning: SEMMLE_EXEC and SEMMLE_EXECP not set. Falling back to path lookup on argv[0].
[T 03:41:11 6231] ==== Candidate to intercept: /mnt/c/Tools/codeql/tools/linux64/runner-linux (canonical: /mnt/c/Tools/codeql/tools/linux64/runner-linux) ====
[T 03:41:11 6231] Executing the following tracer actions:
[T 03:41:11 6231] Tracer actions:
[T 03:41:11 6231] pre_invocations(0)
[T 03:41:11 6231] post_invocations(0)
[T 03:41:11 6231] trace_languages(1): [cpp]
[T 03:41:11 6231] Initializing tracer.
[T 03:41:11 6231] Initializing tags.
[T 03:41:11 6231] ID set to 0000000000001857_0000000000000003 (parent 0000000000001857_0000000000000002)
[T 03:41:11 6231] ==== Candidate to intercept: make (canonical: /usr/bin/make) ====
[T 03:41:11 6231] Executing the following tracer actions:
[T 03:41:11 6231] Tracer actions:
[T 03:41:11 6231] pre_invocations(0)
[T 03:41:11 6231] post_invocations(0)
[T 03:41:11 6231] trace_languages(1): [cpp]
[T 03:41:11 6234] Initializing tracer.
[T 03:41:11 6234] Initializing tags.
[T 03:41:11 6234] ID set to 000000000000185A_0000000000000001 (parent 0000000000001857_0000000000000003)
[T 03:41:11 6234] ==== Candidate to intercept: /usr/bin/gcc (canonical: /usr/bin/x86_64-linux-gnu-gcc-13) ====
[T 03:41:11 6234] Lua: === Intercepted call to /usr/bin/x86_64-linux-gnu-gcc-13 ===
[T 03:41:11 6234] Executing the following tracer actions:
[T 03:41:11 6234] Tracer actions:
[T 03:41:11 6234] pre_invocations(0)
[T 03:41:11 6234] post_invocations(1)
[T 03:41:11 6234] invocation: /mnt/c/Tools/codeql/cpp/tools/linux64/extractor, args: [--mimic, /usr/bin/x86_64-linux-gnu-gcc-13, -c, -o, test1.o, test1.c]
[T 03:41:11 6234] trace_languages(1): [cpp]
[T 03:41:11 6236] Initializing tracer.
[T 03:41:11 6236] Initializing tags.
[T 03:41:11 6236] ID set to 000000000000185C_0000000000000001 (parent 000000000000185A_0000000000000001)
[T 03:41:11 6236] ==== Candidate to intercept: /usr/libexec/gcc/x86_64-linux-gnu/13/cc1 (canonical: /usr/libexec/gcc/x86_64-linux-gnu/13/cc1) ====
[T 03:41:11 6236] Lua: === Intercepted call to /usr/libexec/gcc/x86_64-linux-gnu/13/cc1 ===
[T 03:41:11 6236] Executing the following tracer actions:
[T 03:41:11 6236] Tracer actions:
[T 03:41:11 6236] pre_invocations(0)
[T 03:41:11 6236] post_invocations(1)
[T 03:41:11 6236] invocation: /mnt/c/Tools/codeql/cpp/tools/linux64/extractor, args: [--mimic, /usr/libexec/gcc/x86_64-linux-gnu/13/cc1, -quiet, -imultiarch, x86_64-linux-gnu, test1.c, -quiet, -dumpbase, test1.c, -dumpbase-ext, .c, -mtune=generic, -march=x86-64, -fasynchronous-unwind-tables, -fstack-protector-strong, -Wformat, -Wformat-security, -fstack-clash-protection, -fcf-protection, -o, /tmp/cc9Dg535.s]
[T 03:41:11 6236] trace_languages(1): [cpp]
[T 03:41:11 6238] Attempting to switch stdout/stderr to 4...
[T 03:41:12 6238] Initializing tracer.
[T 03:41:12 6238] Initializing tags.
[T 03:41:12 6238] ID set to 000000000000185E_0000000000000001 (parent 000000000000185C_0000000000000001)
[E 03:41:12 6238] CodeQL C/C++ Extractor 2.25.1
[E 03:41:12 6238] Current directory: /home/test/my-awesome-project/CISB/server/UBnonullptrassumption
[E 03:41:12 6238] Command: /mnt/c/Tools/codeql/cpp/tools/linux64/extractor --mimic /usr/libexec/gcc/x86_64-linux-gnu/13/cc1 -quiet -imultiarch x86_64-linux-gnu test1.c -quiet -dumpbase test1.c -dumpbase-ext .c -mtune=generic -march=x86-64 -fasynchronous-unwind-tables -fstack-protector-strong -Wformat -Wformat-security -fstack-clash-protection -fcf-protection -o /tmp/cc9Dg535.s
[T 03:41:12 6239] Initializing tracer.
[T 03:41:12 6239] Initializing tags.
[T 03:41:12 6239] ID set to 000000000000185F_0000000000000001 (parent 000000000000185E_0000000000000001)
[T 03:41:12 6239] ==== Candidate to intercept: /usr/libexec/gcc/x86_64-linux-gnu/13/cc1 (canonical: /usr/libexec/gcc/x86_64-linux-gnu/13/cc1) ====
[T 03:41:12 6239] Lua: === Intercepted call to /usr/libexec/gcc/x86_64-linux-gnu/13/cc1 ===
[T 03:41:12 6239] Executing the following tracer actions:
[T 03:41:12 6239] Tracer actions:
[T 03:41:12 6239] pre_invocations(0)
[T 03:41:12 6239] post_invocations(1)
[T 03:41:12 6239] invocation: /mnt/c/Tools/codeql/cpp/tools/linux64/extractor, args: [--mimic, /usr/libexec/gcc/x86_64-linux-gnu/13/cc1, --version]
[T 03:41:12 6239] trace_languages(1): [cpp]
[T 03:41:12 6241] Attempting to switch stdout/stderr to 7...
[T 03:41:12 6241] Initializing tracer.
[T 03:41:12 6241] Initializing tags.
[T 03:41:12 6241] ID set to 0000000000001861_0000000000000001 (parent 000000000000185F_0000000000000001)
[E 03:41:12 6241] Mimicry classification suppression detected; exiting.
[E 03:41:12 6241] Extractor exited successfully
[T 03:41:12 6239] Extractor /mnt/c/Tools/codeql/cpp/tools/linux64/extractor terminated with exit code 0.
[T 03:41:12 6242] Initializing tracer.
[T 03:41:12 6242] Initializing tags.
[T 03:41:12 6242] ID set to 0000000000001862_0000000000000001 (parent 000000000000185E_0000000000000001)
[T 03:41:12 6242] ==== Candidate to intercept: /usr/libexec/gcc/x86_64-linux-gnu/13/cc1 (canonical: /usr/libexec/gcc/x86_64-linux-gnu/13/cc1) ====
[T 03:41:12 6242] Lua: === Intercepted call to /usr/libexec/gcc/x86_64-linux-gnu/13/cc1 ===
[T 03:41:12 6242] Executing the following tracer actions:
[T 03:41:12 6242] Tracer actions:
[T 03:41:12 6242] pre_invocations(0)
[T 03:41:12 6242] post_invocations(1)
[T 03:41:12 6242] invocation: /mnt/c/Tools/codeql/cpp/tools/linux64/extractor, args: [--mimic, /usr/libexec/gcc/x86_64-linux-gnu/13/cc1, --help]
[T 03:41:12 6242] trace_languages(1): [cpp]
[T 03:41:12 6244] Attempting to switch stdout/stderr to 7...
[T 03:41:12 6244] Initializing tracer.
[T 03:41:12 6244] Initializing tags.
[T 03:41:12 6244] ID set to 0000000000001864_0000000000000001 (parent 0000000000001862_0000000000000001)
[E 03:41:12 6244] Mimicry classification suppression detected; exiting.
[E 03:41:12 6244] Extractor exited successfully
[T 03:41:12 6242] Extractor /mnt/c/Tools/codeql/cpp/tools/linux64/extractor terminated with exit code 0.
[T 03:41:12 6245] Initializing tracer.
[T 03:41:12 6245] Initializing tags.
[T 03:41:12 6245] ID set to 0000000000001865_0000000000000001 (parent 000000000000185E_0000000000000001)
[T 03:41:12 6245] ==== Candidate to intercept: /usr/libexec/gcc/x86_64-linux-gnu/13/cc1 (canonical: /usr/libexec/gcc/x86_64-linux-gnu/13/cc1) ====
[T 03:41:12 6245] Lua: === Intercepted call to /usr/libexec/gcc/x86_64-linux-gnu/13/cc1 ===
[T 03:41:12 6245] Executing the following tracer actions:
[T 03:41:12 6245] Tracer actions:
[T 03:41:12 6245] pre_invocations(0)
[T 03:41:12 6245] post_invocations(1)
[T 03:41:12 6245] invocation: /mnt/c/Tools/codeql/cpp/tools/linux64/extractor, args: [--mimic, /usr/libexec/gcc/x86_64-linux-gnu/13/cc1, -version, --help]
[T 03:41:12 6245] trace_languages(1): [cpp]
[T 03:41:12 6247] Attempting to switch stdout/stderr to 7...
[T 03:41:12 6247] Initializing tracer.
[T 03:41:12 6247] Initializing tags.
[T 03:41:12 6247] ID set to 0000000000001867_0000000000000001 (parent 0000000000001865_0000000000000001)
[E 03:41:12 6247] Mimicry classification suppression detected; exiting.
[E 03:41:12 6247] Extractor exited successfully
[T 03:41:12 6245] Extractor /mnt/c/Tools/codeql/cpp/tools/linux64/extractor terminated with exit code 0.
[T 03:41:12 6248] Initializing tracer.
[T 03:41:12 6248] Initializing tags.
[T 03:41:12 6248] ID set to 0000000000001868_0000000000000001 (parent 000000000000185E_0000000000000001)
[T 03:41:12 6248] ==== Candidate to intercept: /usr/libexec/gcc/x86_64-linux-gnu/13/cc1 (canonical: /usr/libexec/gcc/x86_64-linux-gnu/13/cc1) ====
[T 03:41:12 6248] Lua: === Intercepted call to /usr/libexec/gcc/x86_64-linux-gnu/13/cc1 ===
[T 03:41:12 6248] Executing the following tracer actions:
[T 03:41:12 6248] Tracer actions:
[T 03:41:12 6248] pre_invocations(0)
[T 03:41:12 6248] post_invocations(1)
[T 03:41:12 6248] invocation: /mnt/c/Tools/codeql/cpp/tools/linux64/extractor, args: [--mimic, /usr/libexec/gcc/x86_64-linux-gnu/13/cc1, -nostdinc, -o, /home/test/my-awesome-project/CISB/server/UBnonullptrassumption/db-l16/working/tmp//semmle_2_6238_142526.o, /home/test/my-awesome-project/CISB/server/UBnonullptrassumption/db-l16/working/tmp//semmle_1_6238_142496.c]
[T 03:41:12 6248] trace_languages(1): [cpp]
[T 03:41:12 6250] Attempting to switch stdout/stderr to 7...
[T 03:41:12 6250] Initializing tracer.
[T 03:41:12 6250] Initializing tags.
[T 03:41:12 6250] ID set to 000000000000186A_0000000000000001 (parent 0000000000001868_0000000000000001)
[E 03:41:12 6250] Mimicry classification suppression detected; exiting.
[E 03:41:12 6250] Extractor exited successfully
[T 03:41:12 6248] Extractor /mnt/c/Tools/codeql/cpp/tools/linux64/extractor terminated with exit code 0.
[T 03:41:12 6251] Initializing tracer.
[T 03:41:12 6251] Initializing tags.
[T 03:41:12 6251] ID set to 000000000000186B_0000000000000001 (parent 000000000000185E_0000000000000001)
[T 03:41:12 6251] ==== Candidate to intercept: /usr/libexec/gcc/x86_64-linux-gnu/13/cc1 (canonical: /usr/libexec/gcc/x86_64-linux-gnu/13/cc1) ====
[T 03:41:12 6251] Lua: === Intercepted call to /usr/libexec/gcc/x86_64-linux-gnu/13/cc1 ===
[T 03:41:12 6251] Executing the following tracer actions:
[T 03:41:12 6251] Tracer actions:
[T 03:41:12 6251] pre_invocations(0)
[T 03:41:12 6251] post_invocations(1)
[T 03:41:12 6251] invocation: /mnt/c/Tools/codeql/cpp/tools/linux64/extractor, args: [--mimic, /usr/libexec/gcc/x86_64-linux-gnu/13/cc1, -nostdinc, -o, /home/test/my-awesome-project/CISB/server/UBnonullptrassumption/db-l16/working/tmp//semmle_4_6238_176598.o, /home/test/my-awesome-project/CISB/server/UBnonullptrassumption/db-l16/working/tmp//semmle_3_6238_176528.c]
[T 03:41:12 6251] trace_languages(1): [cpp]
[T 03:41:12 6253] Attempting to switch stdout/stderr to 7...
[T 03:41:12 6253] Initializing tracer.
[T 03:41:12 6253] Initializing tags.
[T 03:41:12 6253] ID set to 000000000000186D_0000000000000001 (parent 000000000000186B_0000000000000001)
[E 03:41:12 6253] Mimicry classification suppression detected; exiting.
[E 03:41:12 6253] Extractor exited successfully
[T 03:41:12 6251] Extractor /mnt/c/Tools/codeql/cpp/tools/linux64/extractor terminated with exit code 0.
[E 03:41:12 6238] Checking whether C compilation already happened.
[E 03:41:12 6238] Checking for tag c-compilation-happened
[E 03:41:12 6238] Checking CODEQL_TRACER_DB_ID 000000000000185C_0000000000000001
[E 03:41:12 6238] Locking DB /home/test/my-awesome-project/CISB/server/UBnonullptrassumption/db-l16/working/tags.db
[E 03:41:12 6238] Locked DB /home/test/my-awesome-project/CISB/server/UBnonullptrassumption/db-l16/working/tags.db
[E 03:41:12 6238] Unlocking DB
[E 03:41:12 6238] Unlocked DB
[E 03:41:12 6238] Looks like C compilation didn't already happen.
[E 03:41:12 6238] Checking whether C compilation has been attempted.
[E 03:41:12 6238] Checking for tag c-compilation-attempted
[E 03:41:12 6238] Checking CODEQL_TRACER_DB_ID 000000000000185C_0000000000000001
[E 03:41:12 6238] Locking DB /home/test/my-awesome-project/CISB/server/UBnonullptrassumption/db-l16/working/tags.db
[E 03:41:12 6238] Locked DB /home/test/my-awesome-project/CISB/server/UBnonullptrassumption/db-l16/working/tags.db
[E 03:41:12 6238] Unlocking DB
[E 03:41:12 6238] Unlocked DB
[E 03:41:12 6238] Marking C compilation as attempted.
[E 03:41:12 6238] Setting tag c-compilation-attempted
[E 03:41:12 6238] Starting from CODEQL_TRACER_DB_ID 000000000000185C_0000000000000001
[E 03:41:12 6238] Locking DB /home/test/my-awesome-project/CISB/server/UBnonullptrassumption/db-l16/working/tags.db
[E 03:41:12 6238] Locked DB /home/test/my-awesome-project/CISB/server/UBnonullptrassumption/db-l16/working/tags.db
[E 03:41:12 6238] Set tag for 000000000000185C_0000000000000001
[E 03:41:12 6238] Set tag for 000000000000185A_0000000000000001
[E 03:41:12 6238] Set tag for 0000000000001857_0000000000000003
[E 03:41:12 6238] Set tag for 0000000000001857_0000000000000002
[E 03:41:12 6238] Set tag for root
[E 03:41:12 6238] Unlocking DB
[E 03:41:12 6238] Unlocked DB
[T 03:41:12 6254] Initializing tracer.
[T 03:41:12 6254] Initializing tags.
[T 03:41:12 6254] ID set to 000000000000186E_0000000000000001 (parent 000000000000185E_0000000000000001)
[T 03:41:12 6254] ==== Candidate to intercept: /usr/libexec/gcc/x86_64-linux-gnu/13/cc1 (canonical: /usr/libexec/gcc/x86_64-linux-gnu/13/cc1) ====
[T 03:41:12 6254] Lua: === Intercepted call to /usr/libexec/gcc/x86_64-linux-gnu/13/cc1 ===
[T 03:41:12 6254] Executing the following tracer actions:
[T 03:41:12 6254] Tracer actions:
[T 03:41:12 6254] pre_invocations(0)
[T 03:41:12 6254] post_invocations(1)
[T 03:41:12 6254] invocation: /mnt/c/Tools/codeql/cpp/tools/linux64/extractor, args: [--mimic, /usr/libexec/gcc/x86_64-linux-gnu/13/cc1, @/home/test/my-awesome-project/CISB/server/UBnonullptrassumption/db-l16/working/tmp//semmle_6_6238_211129, -v, -fsyntax-only, /home/test/my-awesome-project/CISB/server/UBnonullptrassumption/db-l16/working/tmp//semmle_7_6238_211239]
[T 03:41:12 6254] trace_languages(1): [cpp]
[T 03:41:12 6256] Attempting to switch stdout/stderr to 7...
[T 03:41:12 6256] Initializing tracer.
[T 03:41:12 6256] Initializing tags.
[T 03:41:12 6256] ID set to 0000000000001870_0000000000000001 (parent 000000000000186E_0000000000000001)
[E 03:41:12 6256] Mimicry classification suppression detected; exiting.
[E 03:41:12 6256] Extractor exited successfully
[T 03:41:12 6254] Extractor /mnt/c/Tools/codeql/cpp/tools/linux64/extractor terminated with exit code 0.
[T 03:41:12 6257] Initializing tracer.
[T 03:41:12 6257] Initializing tags.
[T 03:41:12 6257] ID set to 0000000000001871_0000000000000001 (parent 000000000000185E_0000000000000001)
[T 03:41:12 6257] ==== Candidate to intercept: /usr/libexec/gcc/x86_64-linux-gnu/13/cc1 (canonical: /usr/libexec/gcc/x86_64-linux-gnu/13/cc1) ====
[T 03:41:12 6257] Lua: === Intercepted call to /usr/libexec/gcc/x86_64-linux-gnu/13/cc1 ===
[T 03:41:12 6257] Executing the following tracer actions:
[T 03:41:12 6257] Tracer actions:
[T 03:41:12 6257] pre_invocations(0)
[T 03:41:12 6257] post_invocations(1)
[T 03:41:12 6257] invocation: /mnt/c/Tools/codeql/cpp/tools/linux64/extractor, args: [--mimic, /usr/libexec/gcc/x86_64-linux-gnu/13/cc1, @/home/test/my-awesome-project/CISB/server/UBnonullptrassumption/db-l16/working/tmp//semmle_6_6238_211129, -E, -dM, /home/test/my-awesome-project/CISB/server/UBnonullptrassumption/db-l16/working/tmp//semmle_8_6238_240212]
[T 03:41:12 6257] trace_languages(1): [cpp]
[T 03:41:12 6259] Attempting to switch stdout/stderr to 7...
[T 03:41:12 6259] Initializing tracer.
[T 03:41:12 6259] Initializing tags.
[T 03:41:12 6259] ID set to 0000000000001873_0000000000000001 (parent 0000000000001871_0000000000000001)
[E 03:41:12 6259] Mimicry classification suppression detected; exiting.
[E 03:41:12 6259] Extractor exited successfully
[T 03:41:12 6257] Extractor /mnt/c/Tools/codeql/cpp/tools/linux64/extractor terminated with exit code 0.
[T 03:41:12 6260] Initializing tracer.
[T 03:41:12 6260] Initializing tags.
[T 03:41:12 6260] ID set to 0000000000001874_0000000000000001 (parent 000000000000185E_0000000000000001)
[T 03:41:12 6260] ==== Candidate to intercept: /usr/libexec/gcc/x86_64-linux-gnu/13/cc1 (canonical: /usr/libexec/gcc/x86_64-linux-gnu/13/cc1) ====
[T 03:41:12 6260] Lua: === Intercepted call to /usr/libexec/gcc/x86_64-linux-gnu/13/cc1 ===
[T 03:41:12 6260] Executing the following tracer actions:
[T 03:41:12 6260] Tracer actions:
[T 03:41:12 6260] pre_invocations(0)
[T 03:41:12 6260] post_invocations(1)
[T 03:41:12 6260] invocation: /mnt/c/Tools/codeql/cpp/tools/linux64/extractor, args: [--mimic, /usr/libexec/gcc/x86_64-linux-gnu/13/cc1, @/home/test/my-awesome-project/CISB/server/UBnonullptrassumption/db-l16/working/tmp//semmle_9_6238_273045, -o, /home/test/my-awesome-project/CISB/server/UBnonullptrassumption/db-l16/working/tmp//semmle_11_6238_273340.o, /home/test/my-awesome-project/CISB/server/UBnonullptrassumption/db-l16/working/tmp//semmle_10_6238_273297.c]
[T 03:41:12 6260] trace_languages(1): [cpp]
[T 03:41:12 6262] Attempting to switch stdout/stderr to 7...
[T 03:41:12 6262] Initializing tracer.
[T 03:41:12 6262] Initializing tags.
[T 03:41:12 6262] ID set to 0000000000001876_0000000000000001 (parent 0000000000001874_0000000000000001)
[E 03:41:12 6262] Mimicry classification suppression detected; exiting.
[E 03:41:12 6262] Extractor exited successfully
[T 03:41:12 6260] Extractor /mnt/c/Tools/codeql/cpp/tools/linux64/extractor terminated with exit code 0.
[T 03:41:12 6263] Initializing tracer.
[T 03:41:12 6263] Initializing tags.
[T 03:41:12 6263] ID set to 0000000000001877_0000000000000001 (parent 000000000000185E_0000000000000001)
[T 03:41:12 6263] ==== Candidate to intercept: /usr/libexec/gcc/x86_64-linux-gnu/13/cc1 (canonical: /usr/libexec/gcc/x86_64-linux-gnu/13/cc1) ====
[T 03:41:12 6263] Lua: === Intercepted call to /usr/libexec/gcc/x86_64-linux-gnu/13/cc1 ===
[T 03:41:12 6263] Executing the following tracer actions:
[T 03:41:12 6263] Tracer actions:
[T 03:41:12 6263] pre_invocations(0)
[T 03:41:12 6263] post_invocations(1)
[T 03:41:12 6263] invocation: /mnt/c/Tools/codeql/cpp/tools/linux64/extractor, args: [--mimic, /usr/libexec/gcc/x86_64-linux-gnu/13/cc1, @/home/test/my-awesome-project/CISB/server/UBnonullptrassumption/db-l16/working/tmp//semmle_9_6238_273045, -o, /home/test/my-awesome-project/CISB/server/UBnonullptrassumption/db-l16/working/tmp//semmle_13_6238_306199.o, /home/test/my-awesome-project/CISB/server/UBnonullptrassumption/db-l16/working/tmp//semmle_12_6238_306152.c]
[T 03:41:12 6263] trace_languages(1): [cpp]
[T 03:41:12 6293] Attempting to switch stdout/stderr to 7...
[T 03:41:12 6293] Initializing tracer.
[T 03:41:12 6293] Initializing tags.
[T 03:41:12 6293] ID set to 0000000000001895_0000000000000001 (parent 0000000000001877_0000000000000001)
[E 03:41:12 6293] Mimicry classification suppression detected; exiting.
[E 03:41:12 6293] Extractor exited successfully
[T 03:41:12 6263] Extractor /mnt/c/Tools/codeql/cpp/tools/linux64/extractor terminated with exit code 0.
[T 03:41:12 6295] Initializing tracer.
[T 03:41:12 6295] Initializing tags.
[T 03:41:12 6295] ID set to 0000000000001897_0000000000000001 (parent 000000000000185E_0000000000000001)
[T 03:41:12 6295] ==== Candidate to intercept: /usr/libexec/gcc/x86_64-linux-gnu/13/cc1 (canonical: /usr/libexec/gcc/x86_64-linux-gnu/13/cc1) ====
[T 03:41:12 6295] Lua: === Intercepted call to /usr/libexec/gcc/x86_64-linux-gnu/13/cc1 ===
[T 03:41:12 6295] Executing the following tracer actions:
[T 03:41:12 6295] Tracer actions:
[T 03:41:12 6295] pre_invocations(0)
[T 03:41:12 6295] post_invocations(1)
[T 03:41:12 6295] invocation: /mnt/c/Tools/codeql/cpp/tools/linux64/extractor, args: [--mimic, /usr/libexec/gcc/x86_64-linux-gnu/13/cc1, @/home/test/my-awesome-project/CISB/server/UBnonullptrassumption/db-l16/working/tmp//semmle_9_6238_273045, -o, /home/test/my-awesome-project/CISB/server/UBnonullptrassumption/db-l16/working/tmp//semmle_15_6238_340959.o, /home/test/my-awesome-project/CISB/server/UBnonullptrassumption/db-l16/working/tmp//semmle_14_6238_340926.c]
[T 03:41:12 6295] trace_languages(1): [cpp]
[T 03:41:12 6324] Attempting to switch stdout/stderr to 7...
[T 03:41:12 6324] Initializing tracer.
[T 03:41:12 6324] Initializing tags.
[T 03:41:12 6324] ID set to 00000000000018B4_0000000000000001 (parent 0000000000001897_0000000000000001)
[E 03:41:12 6324] Mimicry classification suppression detected; exiting.
[E 03:41:12 6324] Extractor exited successfully
[T 03:41:12 6295] Extractor /mnt/c/Tools/codeql/cpp/tools/linux64/extractor terminated with exit code 0.
[T 03:41:12 6339] Initializing tracer.
[T 03:41:12 6339] Initializing tags.
[T 03:41:12 6339] ID set to 00000000000018C3_0000000000000001 (parent 000000000000185E_0000000000000001)
[T 03:41:12 6339] ==== Candidate to intercept: /usr/libexec/gcc/x86_64-linux-gnu/13/cc1 (canonical: /usr/libexec/gcc/x86_64-linux-gnu/13/cc1) ====
[T 03:41:12 6339] Lua: === Intercepted call to /usr/libexec/gcc/x86_64-linux-gnu/13/cc1 ===
[T 03:41:12 6339] Executing the following tracer actions:
[T 03:41:12 6339] Tracer actions:
[T 03:41:12 6339] pre_invocations(0)
[T 03:41:12 6339] post_invocations(1)
[T 03:41:12 6339] invocation: /mnt/c/Tools/codeql/cpp/tools/linux64/extractor, args: [--mimic, /usr/libexec/gcc/x86_64-linux-gnu/13/cc1, @/home/test/my-awesome-project/CISB/server/UBnonullptrassumption/db-l16/working/tmp//semmle_9_6238_273045, -o, /home/test/my-awesome-project/CISB/server/UBnonullptrassumption/db-l16/working/tmp//semmle_17_6238_371249.o, /home/test/my-awesome-project/CISB/server/UBnonullptrassumption/db-l16/working/tmp//semmle_16_6238_371196.c]
[T 03:41:12 6339] trace_languages(1): [cpp]
[T 03:41:12 6355] Attempting to switch stdout/stderr to 7...
[T 03:41:12 6355] Initializing tracer.
[T 03:41:12 6355] Initializing tags.
[T 03:41:12 6355] ID set to 00000000000018D3_0000000000000001 (parent 00000000000018C3_0000000000000001)
[E 03:41:12 6355] Mimicry classification suppression detected; exiting.
[E 03:41:12 6355] Extractor exited successfully
[T 03:41:12 6339] Extractor /mnt/c/Tools/codeql/cpp/tools/linux64/extractor terminated with exit code 0.
[T 03:41:12 6370] Initializing tracer.
[T 03:41:12 6370] Initializing tags.
[T 03:41:12 6370] ID set to 00000000000018E2_0000000000000001 (parent 000000000000185E_0000000000000001)
[T 03:41:12 6370] ==== Candidate to intercept: /usr/libexec/gcc/x86_64-linux-gnu/13/cc1 (canonical: /usr/libexec/gcc/x86_64-linux-gnu/13/cc1) ====
[T 03:41:12 6370] Lua: === Intercepted call to /usr/libexec/gcc/x86_64-linux-gnu/13/cc1 ===
[T 03:41:12 6370] Executing the following tracer actions:
[T 03:41:12 6370] Tracer actions:
[T 03:41:12 6370] pre_invocations(0)
[T 03:41:12 6370] post_invocations(1)
[T 03:41:12 6370] invocation: /mnt/c/Tools/codeql/cpp/tools/linux64/extractor, args: [--mimic, /usr/libexec/gcc/x86_64-linux-gnu/13/cc1, @/home/test/my-awesome-project/CISB/server/UBnonullptrassumption/db-l16/working/tmp//semmle_9_6238_273045, -o, /home/test/my-awesome-project/CISB/server/UBnonullptrassumption/db-l16/working/tmp//semmle_19_6238_405642.o, /home/test/my-awesome-project/CISB/server/UBnonullptrassumption/db-l16/working/tmp//semmle_18_6238_405589.c]
[T 03:41:12 6370] trace_languages(1): [cpp]
[T 03:41:12 6386] Attempting to switch stdout/stderr to 7...
[T 03:41:12 6386] Initializing tracer.
[T 03:41:12 6386] Initializing tags.
[T 03:41:12 6386] ID set to 00000000000018F2_0000000000000001 (parent 00000000000018E2_0000000000000001)
[E 03:41:12 6386] Mimicry classification suppression detected; exiting.
[E 03:41:12 6386] Extractor exited successfully
[T 03:41:12 6370] Extractor /mnt/c/Tools/codeql/cpp/tools/linux64/extractor terminated with exit code 0.
[T 03:41:12 6401] Initializing tracer.
[T 03:41:12 6401] Initializing tags.
[T 03:41:12 6401] ID set to 0000000000001901_0000000000000001 (parent 000000000000185E_0000000000000001)
[T 03:41:12 6401] ==== Candidate to intercept: /usr/libexec/gcc/x86_64-linux-gnu/13/cc1 (canonical: /usr/libexec/gcc/x86_64-linux-gnu/13/cc1) ====
[T 03:41:12 6401] Lua: === Intercepted call to /usr/libexec/gcc/x86_64-linux-gnu/13/cc1 ===
[T 03:41:12 6401] Executing the following tracer actions:
[T 03:41:12 6401] Tracer actions:
[T 03:41:12 6401] pre_invocations(0)
[T 03:41:12 6401] post_invocations(1)
[T 03:41:12 6401] invocation: /mnt/c/Tools/codeql/cpp/tools/linux64/extractor, args: [--mimic, /usr/libexec/gcc/x86_64-linux-gnu/13/cc1, @/home/test/my-awesome-project/CISB/server/UBnonullptrassumption/db-l16/working/tmp//semmle_9_6238_273045, -o, /home/test/my-awesome-project/CISB/server/UBnonullptrassumption/db-l16/working/tmp//semmle_21_6238_436320.o, /home/test/my-awesome-project/CISB/server/UBnonullptrassumption/db-l16/working/tmp//semmle_20_6238_436271.c]
[T 03:41:12 6401] trace_languages(1): [cpp]
[T 03:41:12 6417] Attempting to switch stdout/stderr to 7...
[T 03:41:12 6417] Initializing tracer.
[T 03:41:12 6417] Initializing tags.
[T 03:41:12 6417] ID set to 0000000000001911_0000000000000001 (parent 0000000000001901_0000000000000001)
[E 03:41:12 6417] Mimicry classification suppression detected; exiting.
[E 03:41:12 6417] Extractor exited successfully
[T 03:41:12 6401] Extractor /mnt/c/Tools/codeql/cpp/tools/linux64/extractor terminated with exit code 0.
[E 03:41:12 6238] Processed command line: /mnt/c/Tools/codeql/cpp/tools/linux64/extractor --trapfolder /home/test/my-awesome-project/CISB/server/UBnonullptrassumption/db-l16/trap/cpp --src_archive /home/test/my-awesome-project/CISB/server/UBnonullptrassumption/db-l16/src --object_filename /tmp/cc9Dg535.s --no_warnings_and_discretionary_errors --error_limit 1000 --disable_system_macros --variadic_macros --incognito --gcc --gnu_version 130300 --target linux_x86_64 '-D__DBL_MIN_EXP__=(-1021)' -D__UINT_LEAST16_MAX__=0xffff -D__FLT16_HAS_QUIET_NAN__=1 -D__ATOMIC_ACQUIRE=2 -D__FLT128_MAX_10_EXP__=4932 -D__FLT_MIN__=1.17549435082228750796873653722224568e-38F -D__GCC_IEC_559_COMPLEX=2 '-D__UINT_LEAST8_TYPE__=unsigned char' -D__SIZEOF_FLOAT80__=16 -D__BFLT16_DENORM_MIN__=9.18354961579912115600575419704879436e-41BF16 '-D__INTMAX_C(c)=c ## L' -D__CHAR_BIT__=8 -D__UINT8_MAX__=0xff -D__SCHAR_WIDTH__=8 -D__WINT_MAX__=0xffffffffU '-D__FLT32_MIN_EXP__=(-125)' -D__BFLT16_NORM_MAX__=3.38953138925153547590470800371487867e+38BF16 '-D__BFLT16_MIN_10_EXP__=(-37)' -D__ORDER_LITTLE_ENDIAN__=1234 -D__WCHAR_MAX__=0x7fffffff -D__GCC_HAVE_SYNC_COMPARE_AND_SWAP_2=1 -D__GCC_HAVE_SYNC_COMPARE_AND_SWAP_4=1 -D__GCC_HAVE_SYNC_COMPARE_AND_SWAP_8=1 -D__GCC_ATOMIC_CHAR_LOCK_FREE=2 -D__GCC_IEC_559=2 -D__FLT32X_DECIMAL_DIG__=17 -D__FLT_EVAL_METHOD__=0 -D__FLT64_DECIMAL_DIG__=17 -D__CET__=3 -D__GCC_ATOMIC_CHAR32_T_LOCK_FREE=2 -D__UINT_FAST64_MAX__=0xffffffffffffffffUL -D__SIG_ATOMIC_TYPE__=int '-D__DBL_MIN_10_EXP__=(-307)' -D__FINITE_MATH_ONLY__=0 -D__FLT32X_MAX_EXP__=1024 -D__GCC_HAVE_SYNC_COMPARE_AND_SWAP_1=1 -D__FLT32_HAS_DENORM__=1 -D__UINT_FAST8_MAX__=0xff -D__FLT32_MAX_10_EXP__=38 -D__DEC64_MAX_EXP__=385 '-D__INT8_C(c)=c' -D__INT_LEAST8_WIDTH__=8 -D__UINT_LEAST64_MAX__=0xffffffffffffffffUL -D__SHRT_MAX__=0x7fff -D__LDBL_MAX__=1.18973149535723176502126385303097021e+4932L -D__FLT64X_MAX_10_EXP__=4932 -D__BFLT16_MAX_10_EXP__=38 -D__BFLT16_MAX_EXP__=128 -D__LDBL_IS_IEC_60559__=1 -D__FLT64X_HAS_QUIET_NAN__=1 -D__UINT_LEAST8_MAX__=0xff -D__GCC_ATOMIC_BOOL_LOCK_FREE=2 -D__FLT128_DENORM_MIN__=6.47517511943802511092443895822764655e-4966F128 '-D__UINTMAX_TYPE__=long unsigned int' -D__BFLT16_DECIMAL_DIG__=4 -D__linux=1 -D__DEC32_EPSILON__=1E-6DF -D__FLT_EVAL_METHOD_TS_18661_3__=0 -D__UINT32_MAX__=0xffffffffU '-D__DBL_DENORM_MIN__=((double)4.94065645841246544176568792868221372e-324L)' '-D__FLT128_MIN_EXP__=(-16381)' -D__WINT_MIN__=0U '-D__FLT128_MIN_10_EXP__=(-4931)' -D__FLT32X_IS_IEC_60559__=1 -D__INT_LEAST16_WIDTH__=16 -D__SCHAR_MAX__=0x7f -D__FLT128_MANT_DIG__=113 '-D__WCHAR_MIN__=(-__WCHAR_MAX__ - 1)' '-D__INT64_C(c)=c ## L' -D__SSP_STRONG__=3 -D__GCC_ATOMIC_POINTER_LOCK_FREE=2 -D__ATOMIC_SEQ_CST=5 -D__unix=1 -D__INT_LEAST64_MAX__=0x7fffffffffffffffL -D__FLT32X_MANT_DIG__=53 -D__FLT64X_EPSILON__=1.08420217248550443400745280086994171e-19F64x '-D__DEC64_MIN_EXP__=(-382)' -D__DBL_DIG__=15 -D__FLT_EPSILON__=1.19209289550781250000000000000000000e-7F -D__SHRT_WIDTH__=16 -D__FLT32_IS_IEC_60559__=1 -D__LDBL_MIN__=3.36210314311209350626267781732175260e-4932L -D__STDC_UTF_16__=1 -D__DBL_IS_IEC_60559__=1 -D__DEC32_MAX__=9.999999E96DF -D__FLT64X_DENORM_MIN__=3.64519953188247460252840593361941982e-4951F64x -D__FLT32X_HAS_INFINITY__=1 -D__unix__=1 -D__INT_WIDTH__=32 -D__STDC_IEC_559__=1 -D__STDC_ISO_10646__=201706L -D__DECIMAL_DIG__=21 -D__STDC_IEC_559_COMPLEX__=1 -D__FLT64_EPSILON__=2.22044604925031308084726333618164062e-16F64 -D__gnu_linux__=1 -D__FLT128_IS_IEC_60559__=1 '-D__FLT64X_MIN_10_EXP__=(-4931)' -D__LDBL_HAS_QUIET_NAN__=1 '-D__FLT16_MIN_EXP__=(-13)' -D__FLT64_MANT_DIG__=53 -D__FLT64X_MANT_DIG__=64 -D__BFLT16_DIG__=2 -D__pie__=2 -D__MMX__=1 -D__FLT_HAS_DENORM__=1 -D__SIZEOF_LONG_DOUBLE__=16 -D__BIGGEST_ALIGNMENT__=16 -D__FLT64_MAX_10_EXP__=308 -D__BFLT16_IS_IEC_60559__=0 -D__FLT16_MAX_10_EXP__=4 '-D__DBL_MAX__=((double)1.79769313486231570814527423731704357e+308L)' -D__INT_FAST32_MAX__=0x7fffffffffffffffL -D__DBL_HAS_INFINITY__=1 -D__INT64_MAX__=0x7fffffffffffffffL -D__SIZEOF_FLOAT__=4 -D__HAVE_SPECULATION_SAFE_VALUE=1 '-D__DEC32_MIN_EXP__=(-94)' -D__INTPTR_WIDTH__=64 -D__UINT_LEAST32_MAX__=0xffffffffU -D__FLT32X_HAS_DENORM__=1 '-D__INT_FAST16_TYPE__=long int' -D__MMX_WITH_SSE__=1 -D__LDBL_HAS_DENORM__=1 -D__SEG_GS=1 -D__BFLT16_EPSILON__=7.81250000000000000000000000000000000e-3BF16 -D__FLT128_HAS_INFINITY__=1 -D__DEC32_MIN__=1E-95DF -D__DBL_MAX_EXP__=1024 -D__WCHAR_WIDTH__=32 -D__FLT32_MAX__=3.40282346638528859811704183484516925e+38F32 -D__DEC128_EPSILON__=1E-33DL -D__FLT16_DECIMAL_DIG__=5 -D__SSE2_MATH__=1 -D__ATOMIC_HLE_RELEASE=131072 -D__PTRDIFF_MAX__=0x7fffffffffffffffL -D__amd64=1 -D__ATOMIC_HLE_ACQUIRE=65536 -D__LONG_LONG_MAX__=0x7fffffffffffffffLL -D__SIZEOF_SIZE_T__=8 -D__BFLT16_HAS_INFINITY__=1 '-D__FLT64X_MIN_EXP__=(-16381)' -D__SIZEOF_WINT_T__=4 -D__LONG_LONG_WIDTH__=64 -D__FLT32_MAX_EXP__=128 -D__GXX_ABI_VERSION=1018 '-D__FLT_MIN_EXP__=(-125)' -D__GCC_HAVE_DWARF2_CFI_ASM=1 -D__INT16_MAX__=0x7fff -D__x86_64=1 '-D__INT_FAST64_TYPE__=long int' -D__BFLT16_MAX__=3.38953138925153547590470800371487867e+38BF16 -D__BFLT16_HAS_DENORM__=1 -D__FLT64_DENORM_MIN__=4.94065645841246544176568792868221372e-324F64 -D__FLT16_DENORM_MIN__=5.96046447753906250000000000000000000e-8F16 -D__FLT128_EPSILON__=1.92592994438723585305597794258492732e-34F128 -D__FLT64X_NORM_MAX__=1.18973149535723176502126385303097021e+4932F64x -D__SIZEOF_POINTER__=8 '-D__SIZE_TYPE__=long unsigned int' -D__LP64__=1 -D__DBL_HAS_QUIET_NAN__=1 -D__FLT32X_EPSILON__=2.22044604925031308084726333618164062e-16F32x -D__LDBL_MAX_EXP__=16384 -D__DECIMAL_BID_FORMAT__=1 '-D__FLT64_MIN_EXP__=(-1021)' '-D__FLT64_MIN_10_EXP__=(-307)' '-D__FLT16_MIN_10_EXP__=(-4)' -D__FLT64X_DECIMAL_DIG__=21 -D__DEC128_MIN__=1E-6143DL -D__REGISTER_PREFIX__= -D__UINT16_MAX__=0xffff -D__DBL_HAS_DENORM__=1 -D__FLT32_MIN__=1.17549435082228750796873653722224568e-38F32 '-D__UINT8_TYPE__=unsigned char' -D__FLT_DIG__=6 -D__NO_INLINE__=1 -D__DEC_EVAL_METHOD__=2 -D__FLT_MANT_DIG__=24 -D__LDBL_DECIMAL_DIG__=21 '-D__UINT64_C(c)=c ## UL' -D_STDC_PREDEF_H=1 -D__INT_LEAST32_MAX__=0x7fffffff -D__GCC_ATOMIC_INT_LOCK_FREE=2 -D__FLT128_MAX_EXP__=16384 -D__FLT32_MANT_DIG__=24 -D__FLOAT_WORD_ORDER__=__ORDER_LITTLE_ENDIAN__ '-D__FLT32X_MIN_EXP__=(-1021)' -D__STDC_IEC_60559_COMPLEX__=201404L -D__BFLT16_MIN__=1.17549435082228750796873653722224568e-38BF16 -D__FLT128_HAS_DENORM__=1 -D__FLT32_DECIMAL_DIG__=9 -D__FLT128_DIG__=33 '-D__INT32_C(c)=c' -D__DEC64_EPSILON__=1E-15DD -D__ORDER_PDP_ENDIAN__=3412 '-D__DEC128_MIN_EXP__=(-6142)' -D__DEC128_MAX__=9.999999999999999999999999999999999E6144DL '-D__INT_FAST32_TYPE__=long int' '-D__UINT_LEAST16_TYPE__=short unsigned int' -D__DEC128_MAX_EXP__=6145 -Dunix=1 -D__UINT64_MAX__=0xffffffffffffffffUL -D__FLT_IS_IEC_60559__=1 '-D__GNUC_WIDE_EXECUTION_CHARSET_NAME="UTF-32LE"' -D__FLT64X_DIG__=18 '-D__INT8_TYPE__=signed char' -D__ELF__=1 -D__GCC_ASM_FLAG_OUTPUTS__=1 '-D__UINT32_TYPE__=unsigned int' -D__BFLT16_HAS_QUIET_NAN__=1 -D__FLT_RADIX__=2 '-D__INT_LEAST16_TYPE__=short int' -D__LDBL_EPSILON__=1.08420217248550443400745280086994171e-19L '-D__UINTMAX_C(c)=c ## UL' -D__FLT16_DIG__=3 -D__SSE_MATH__=1 -D__k8=1 -D__FLT32X_MIN__=2.22507385850720138309023271733240406e-308F32x -D__SIG_ATOMIC_MAX__=0x7fffffff -D__GCC_ATOMIC_WCHAR_T_LOCK_FREE=2 -D__USER_LABEL_PREFIX__= -D__STDC_IEC_60559_BFP__=201404L -D__SIZEOF_PTRDIFF_T__=8 -D__FLT64X_HAS_INFINITY__=1 -D__FLT32_HAS_INFINITY__=1 -D__SIZEOF_LONG__=8 -D__LDBL_DIG__=18 -D__FLT64_IS_IEC_60559__=1 -D__x86_64__=1 -D__FLT16_IS_IEC_60559__=1 -D__FLT16_MAX_EXP__=16 -D__DEC32_SUBNORMAL_MIN__=0.000001E-95DF -D__INT_FAST16_MAX__=0x7fffffffffffffffL -D__GCC_CONSTRUCTIVE_SIZE=64 -D__FLT64_DIG__=15 -D__UINT_FAST32_MAX__=0xffffffffffffffffUL '-D__UINT_LEAST64_TYPE__=long unsigned int' -D__FLT16_EPSILON__=9.76562500000000000000000000000000000e-4F16 -D__FLT_HAS_QUIET_NAN__=1 -D__FLT_MAX_10_EXP__=38 -D__LONG_MAX__=0x7fffffffffffffffL -D__FLT64X_HAS_DENORM__=1 -D__DEC128_SUBNORMAL_MIN__=0.000000000000000000000000000000001E-6143DL -D__FLT_HAS_INFINITY__=1 '-D__GNUC_EXECUTION_CHARSET_NAME="UTF-8"' '-D__UINT_FAST16_TYPE__=long unsigned int' -D__DEC64_MAX__=9.999999999999999E384DD -D__INT_FAST32_WIDTH__=64 -D__PRAGMA_REDEFINE_EXTNAME=1 -D__SIZE_WIDTH__=64 -D__SEG_FS=1 -D__INT_LEAST16_MAX__=0x7fff -D__FLT16_NORM_MAX__=6.55040000000000000000000000000000000e+4F16 -D__DEC64_MANT_DIG__=16 -D__FLT32_DENORM_MIN__=1.40129846432481707092372958328991613e-45F32 -D__SIG_ATOMIC_WIDTH__=32 '-D__INT_LEAST64_TYPE__=long int' '-D__INT16_TYPE__=short int' '-D__INT_LEAST8_TYPE__=signed char' -D__FLT16_MAX__=6.55040000000000000000000000000000000e+4F16 -D__FLT128_MIN__=3.36210314311209350626267781732175260e-4932F128 -D__SIZEOF_INT__=4 -D__DEC32_MAX_EXP__=97 -D__INT_FAST8_MAX__=0x7f -D__FLT128_MAX__=1.18973149535723176508575932662800702e+4932F128 -D__INTPTR_MAX__=0x7fffffffffffffffL -Dlinux=1 -D__FLT64_HAS_QUIET_NAN__=1 '-D__FLT32_MIN_10_EXP__=(-37)' -D__FLT32X_DIG__=15 '-D__UINT16_C(c)=c' -D__PTRDIFF_WIDTH__=64 -D__LDBL_MANT_DIG__=64 -D__INT_FAST16_WIDTH__=64 -D__FLT64_HAS_INFINITY__=1 -D__FLT64X_MAX__=1.18973149535723176502126385303097021e+4932F64x -D__FLT16_HAS_INFINITY__=1 '-D__SIG_ATOMIC_MIN__=(-__SIG_ATOMIC_MAX__ - 1)' -D__code_model_small__=1 -D__GCC_ATOMIC_LONG_LOCK_FREE=2 -D__DEC32_MANT_DIG__=7 -D__FLT16_MANT_DIG__=11 -D__k8__=1 '-D__INTPTR_TYPE__=long int' '-D__UINT16_TYPE__=short unsigned int' -D__WCHAR_TYPE__=int -D__pic__=2 -D__UINTPTR_MAX__=0xffffffffffffffffUL -D__INT_FAST64_WIDTH__=64 -D__LDBL_HAS_INFINITY__=1 -D__INT_FAST64_MAX__=0x7fffffffffffffffL -D__GCC_ATOMIC_TEST_AND_SET_TRUEVAL=1 -D__FLT_NORM_MAX__=3.40282346638528859811704183484516925e+38F -D__FLT64X_MAX_EXP__=16384 '-D__UINT_FAST64_TYPE__=long unsigned int' '-D__BFLT16_MIN_EXP__=(-125)' -D__INT_MAX__=0x7fffffff -D__linux__=1 '-D__INT64_TYPE__=long int' -D__FLT_MAX_EXP__=128 -D__ORDER_BIG_ENDIAN__=4321 -D__DBL_MANT_DIG__=53 -D__SIZEOF_FLOAT128__=16 -D__BFLT16_MANT_DIG__=8 -D__GCC_ATOMIC_CHAR16_T_LOCK_FREE=2 -D__DEC64_MIN__=1E-383DD '-D__WINT_TYPE__=unsigned int' '-D__UINT_LEAST32_TYPE__=unsigned int' -D__SIZEOF_SHORT__=2 -D__FLT32_NORM_MAX__=3.40282346638528859811704183484516925e+38F32 -D__SSE__=1 '-D__LDBL_MIN_EXP__=(-16381)' -D__FLT64_MAX__=1.79769313486231570814527423731704357e+308F64 -D__amd64__=1 -D__WINT_WIDTH__=32 -D__INT_LEAST8_MAX__=0x7f -D__INT_LEAST64_WIDTH__=64 -D__FLT32X_MAX_10_EXP__=308 -D__SIZEOF_INT128__=16 -D__FLT16_MIN__=6.10351562500000000000000000000000000e-5F16 -D__FLT64X_IS_IEC_60559__=1 -D__LDBL_MAX_10_EXP__=4932 -D__ATOMIC_RELAXED=0 '-D__DBL_EPSILON__=((double)2.22044604925031308084726333618164062e-16L)' -D__INT_LEAST32_TYPE__=int -D_LP64=1 '-D__UINT8_C(c)=c' -D__FLT64_MAX_EXP__=1024 -D__SIZEOF_WCHAR_T__=4 '-D__UINT64_TYPE__=long unsigned int' -D__FLT128_NORM_MAX__=1.18973149535723176508575932662800702e+4932F128 -D__FLT64_NORM_MAX__=1.79769313486231570814527423731704357e+308F64 -D__FLT128_HAS_QUIET_NAN__=1 -D__INTMAX_MAX__=0x7fffffffffffffffL '-D__INT_FAST8_TYPE__=signed char' -D__FLT64X_MIN__=3.36210314311209350626267781732175260e-4932F64x -D__FLT64_HAS_DENORM__=1 -D__FLT32_EPSILON__=1.19209289550781250000000000000000000e-7F32 -D__FLT16_HAS_DENORM__=1 -D__DBL_DECIMAL_DIG__=17 -D__STDC_UTF_32__=1 -D__INT_FAST8_WIDTH__=8 -D__FXSR__=1 -D__FLT32X_MAX__=1.79769313486231570814527423731704357e+308F32x '-D__DBL_NORM_MAX__=((double)1.79769313486231570814527423731704357e+308L)' -D__BYTE_ORDER__=__ORDER_LITTLE_ENDIAN__ -D__GCC_DESTRUCTIVE_SIZE=64 -D__INTMAX_WIDTH__=64 -D__FLT32_DIG__=6 '-D__UINT32_C(c)=c ## U' -D__FLT_DENORM_MIN__=1.40129846432481707092372958328991613e-45F -D__INT8_MAX__=0x7f -D__LONG_WIDTH__=64 '-D__DBL_MIN__=((double)2.22507385850720138309023271733240406e-308L)' -D__PIC__=2 -D__INT32_MAX__=0x7fffffff '-D__UINT_FAST32_TYPE__=long unsigned int' -D__FLT32X_NORM_MAX__=1.79769313486231570814527423731704357e+308F32x -D__FLT_MAX__=3.40282346638528859811704183484516925e+38F -D__SSE2__=1 -D__INT32_TYPE__=int -D__SIZEOF_DOUBLE__=8 '-D__FLT_MIN_10_EXP__=(-37)' -D__FLT64_MIN__=2.22507385850720138309023271733240406e-308F64 -D__INT_LEAST32_WIDTH__=32 '-D__INTMAX_TYPE__=long int' -D__FLT32X_HAS_QUIET_NAN__=1 -D__ATOMIC_CONSUME=1 -D__UINTMAX_MAX__=0xffffffffffffffffUL -D__PIE__=2 -D__FLT32X_DENORM_MIN__=4.94065645841246544176568792868221372e-324F32x -D__DBL_MAX_10_EXP__=308 -D__LDBL_DENORM_MIN__=3.64519953188247460252840593361941982e-4951L '-D__INT16_C(c)=c' '-D__PTRDIFF_TYPE__=long int' '-D__FLT32X_MIN_10_EXP__=(-307)' '-D__UINTPTR_TYPE__=long unsigned int' -D__DEC64_SUBNORMAL_MIN__=0.000000000000001E-383DD -D__DEC128_MANT_DIG__=34 '-D__LDBL_MIN_10_EXP__=(-4931)' -D__SIZEOF_LONG_LONG__=8 -D__FLT128_DECIMAL_DIG__=36 -D__GCC_ATOMIC_LLONG_LOCK_FREE=2 -D__FLT32_HAS_QUIET_NAN__=1 -D__FLT_DECIMAL_DIG__=9 -D__UINT_FAST16_MAX__=0xffffffffffffffffUL -D__LDBL_NORM_MAX__=1.18973149535723176502126385303097021e+4932L -D__GCC_ATOMIC_SHORT_LOCK_FREE=2 -D__SIZE_MAX__=0xffffffffffffffffUL '-D__UINT_FAST8_TYPE__=unsigned char' -D__ATOMIC_ACQ_REL=4 -D__ATOMIC_RELEASE=3 -I/usr/lib/gcc/x86_64-linux-gnu/13/include -I/usr/local/include -I/usr/include/x86_64-linux-gnu -I/usr/include -- test1.c
[E 03:41:12 6238] CODEQL_EXTRACTOR_CPP_TRAP_CACHING is not set
[E 03:41:12 6238] CODEQL_EXTRACTOR_CPP_OPTION_TRAP_CACHE_WRITE is not set
[E 03:41:12 6238] CODEQL_EXTRACTOR_CPP_OPTION_TRAP_CACHE_DIR is not set
[E 03:41:12 6238] Initialising TRAP cache at path: 7c/94ed/ed6a6722a857d655f96e66d23166
[E 03:41:12 6238] Not using TRAP cache
[E 03:41:12 6238] TRAP cache miss
[E 03:41:12 6238] Starting compilation TRAP /home/test/my-awesome-project/CISB/server/UBnonullptrassumption/db-l16/trap/cpp/compilations/2/34940489_0.trap.zst
[E 03:41:12 6238] Archiving /home/test/my-awesome-project/CISB/server/UBnonullptrassumption/db-l16/src/home/test/my-awesome-project/CISB/server/UBnonullptrassumption/test1.c
[E 03:41:12 6238] Archiving /home/test/my-awesome-project/CISB/server/UBnonullptrassumption/db-l16/src/usr/include/stdio.h
[E 03:41:12 6238] Archiving /home/test/my-awesome-project/CISB/server/UBnonullptrassumption/db-l16/src/usr/include/x86_64-linux-gnu/bits/libc-header-start.h
[E 03:41:12 6238] Archiving /home/test/my-awesome-project/CISB/server/UBnonullptrassumption/db-l16/src/usr/include/features.h
[E 03:41:12 6238] Archiving /home/test/my-awesome-project/CISB/server/UBnonullptrassumption/db-l16/src/usr/include/features-time64.h
[E 03:41:12 6238] Archiving /home/test/my-awesome-project/CISB/server/UBnonullptrassumption/db-l16/src/usr/include/x86_64-linux-gnu/bits/wordsize.h
[E 03:41:12 6238] Archiving /home/test/my-awesome-project/CISB/server/UBnonullptrassumption/db-l16/src/usr/include/x86_64-linux-gnu/bits/timesize.h
[E 03:41:12 6238] Already archived /home/test/my-awesome-project/CISB/server/UBnonullptrassumption/db-l16/src/usr/include/x86_64-linux-gnu/bits/wordsize.h
[E 03:41:12 6238] Archiving /home/test/my-awesome-project/CISB/server/UBnonullptrassumption/db-l16/src/usr/include/stdc-predef.h
[E 03:41:12 6238] Archiving /home/test/my-awesome-project/CISB/server/UBnonullptrassumption/db-l16/src/usr/include/x86_64-linux-gnu/sys/cdefs.h
[E 03:41:12 6238] Already archived /home/test/my-awesome-project/CISB/server/UBnonullptrassumption/db-l16/src/usr/include/x86_64-linux-gnu/bits/wordsize.h
[E 03:41:12 6238] Archiving /home/test/my-awesome-project/CISB/server/UBnonullptrassumption/db-l16/src/usr/include/x86_64-linux-gnu/bits/long-double.h
[E 03:41:12 6238] Archiving /home/test/my-awesome-project/CISB/server/UBnonullptrassumption/db-l16/src/usr/include/x86_64-linux-gnu/gnu/stubs.h
[E 03:41:12 6238] Archiving /home/test/my-awesome-project/CISB/server/UBnonullptrassumption/db-l16/src/usr/include/x86_64-linux-gnu/gnu/stubs-64.h
[E 03:41:12 6238] Archiving /home/test/my-awesome-project/CISB/server/UBnonullptrassumption/db-l16/src/usr/lib/gcc/x86_64-linux-gnu/13/include/stddef.h
[E 03:41:12 6238] Archiving /home/test/my-awesome-project/CISB/server/UBnonullptrassumption/db-l16/src/usr/lib/gcc/x86_64-linux-gnu/13/include/stdarg.h
[E 03:41:12 6238] Archiving /home/test/my-awesome-project/CISB/server/UBnonullptrassumption/db-l16/src/usr/include/x86_64-linux-gnu/bits/types.h
[E 03:41:12 6238] Already archived /home/test/my-awesome-project/CISB/server/UBnonullptrassumption/db-l16/src/usr/include/x86_64-linux-gnu/bits/wordsize.h
[E 03:41:12 6238] Already archived /home/test/my-awesome-project/CISB/server/UBnonullptrassumption/db-l16/src/usr/include/x86_64-linux-gnu/bits/timesize.h
[E 03:41:12 6238] Already archived /home/test/my-awesome-project/CISB/server/UBnonullptrassumption/db-l16/src/usr/include/x86_64-linux-gnu/bits/wordsize.h
[E 03:41:12 6238] Archiving /home/test/my-awesome-project/CISB/server/UBnonullptrassumption/db-l16/src/usr/include/x86_64-linux-gnu/bits/typesizes.h
[E 03:41:12 6238] Archiving /home/test/my-awesome-project/CISB/server/UBnonullptrassumption/db-l16/src/usr/include/x86_64-linux-gnu/bits/time64.h
[E 03:41:12 6238] Archiving /home/test/my-awesome-project/CISB/server/UBnonullptrassumption/db-l16/src/usr/include/x86_64-linux-gnu/bits/types/__fpos_t.h
[E 03:41:12 6238] Archiving /home/test/my-awesome-project/CISB/server/UBnonullptrassumption/db-l16/src/usr/include/x86_64-linux-gnu/bits/types/__mbstate_t.h
[E 03:41:12 6238] Archiving /home/test/my-awesome-project/CISB/server/UBnonullptrassumption/db-l16/src/usr/include/x86_64-linux-gnu/bits/types/__fpos64_t.h
[E 03:41:12 6238] Archiving /home/test/my-awesome-project/CISB/server/UBnonullptrassumption/db-l16/src/usr/include/x86_64-linux-gnu/bits/types/__FILE.h
[E 03:41:12 6238] Archiving /home/test/my-awesome-project/CISB/server/UBnonullptrassumption/db-l16/src/usr/include/x86_64-linux-gnu/bits/types/FILE.h
[E 03:41:12 6238] Archiving /home/test/my-awesome-project/CISB/server/UBnonullptrassumption/db-l16/src/usr/include/x86_64-linux-gnu/bits/types/struct_FILE.h
[E 03:41:12 6238] Archiving /home/test/my-awesome-project/CISB/server/UBnonullptrassumption/db-l16/src/usr/include/x86_64-linux-gnu/bits/types/cookie_io_functions_t.h
[E 03:41:12 6238] Archiving /home/test/my-awesome-project/CISB/server/UBnonullptrassumption/db-l16/src/usr/include/x86_64-linux-gnu/bits/stdio_lim.h
[E 03:41:12 6238] Archiving /home/test/my-awesome-project/CISB/server/UBnonullptrassumption/db-l16/src/usr/include/x86_64-linux-gnu/bits/floatn.h
[E 03:41:12 6238] Archiving /home/test/my-awesome-project/CISB/server/UBnonullptrassumption/db-l16/src/usr/include/x86_64-linux-gnu/bits/floatn-common.h
[E 03:41:12 6238] Already archived /home/test/my-awesome-project/CISB/server/UBnonullptrassumption/db-l16/src/usr/include/x86_64-linux-gnu/bits/long-double.h
[E 03:41:12 6238] Creating trap tarball /home/test/my-awesome-project/CISB/server/UBnonullptrassumption/db-l16/trap/cpp/tarballs/home/test/my-awesome-project/CISB/server/UBnonullptrassumption/test1.c.438f1b31_0.trap.tar.zst
[E 03:41:12 6238] Emitting trap files for test1.c
[E 03:41:12 6238] Opening existencedb in /home/test/my-awesome-project/CISB/server/UBnonullptrassumption/db-l16/working/existencedb/db
[E 03:41:12 6238] Wrote 28 files to /home/test/my-awesome-project/CISB/server/UBnonullptrassumption/db-l16/trap/cpp/tarballs/home/test/my-awesome-project/CISB/server/UBnonullptrassumption/test1.c.438f1b31_0.trap.tar.zst
[E 03:41:12 6238] Finished compilation TRAP /home/test/my-awesome-project/CISB/server/UBnonullptrassumption/db-l16/trap/cpp/compilations/2/34940489_0.trap.zst
[E 03:41:12 6238] Marking C compilation as happened.
[E 03:41:12 6238] Setting tag c-compilation-happened
[E 03:41:12 6238] Starting from CODEQL_TRACER_DB_ID 000000000000185C_0000000000000001
[E 03:41:12 6238] Locking DB /home/test/my-awesome-project/CISB/server/UBnonullptrassumption/db-l16/working/tags.db
[E 03:41:12 6238] Locked DB /home/test/my-awesome-project/CISB/server/UBnonullptrassumption/db-l16/working/tags.db
[E 03:41:12 6238] Set tag for 000000000000185C_0000000000000001
[E 03:41:12 6238] Set tag for 000000000000185A_0000000000000001
[E 03:41:12 6238] Set tag for 0000000000001857_0000000000000003
[E 03:41:12 6238] Set tag for 0000000000001857_0000000000000002
[E 03:41:12 6238] Set tag for root
[E 03:41:12 6238] Unlocking DB
[E 03:41:12 6238] Unlocked DB
[E 03:41:12 6238] Extractor exited successfully
[T 03:41:12 6236] Extractor /mnt/c/Tools/codeql/cpp/tools/linux64/extractor terminated with exit code 0.
[T 03:41:12 6544] Initializing tracer.
[T 03:41:12 6544] Initializing tags.
[T 03:41:12 6544] ID set to 0000000000001990_0000000000000001 (parent 000000000000185A_0000000000000001)
[T 03:41:12 6544] ==== Candidate to intercept: as (canonical: /usr/bin/as) ====
[T 03:41:12 6544] Lua: === Intercepted call to /usr/bin/as ===
[T 03:41:12 6544] Executing the following tracer actions:
[T 03:41:12 6544] Tracer actions:
[T 03:41:12 6544] pre_invocations(0)
[T 03:41:12 6544] post_invocations(1)
[T 03:41:12 6544] invocation: /mnt/c/Tools/codeql/cpp/tools/linux64/extractor, args: [--assembler, --codeql-assembler-executable, /usr/bin/as, --64, -o, test1.o, /tmp/cc9Dg535.s]
[T 03:41:12 6544] trace_languages(1): [cpp]
[T 03:41:12 6547] Attempting to switch stdout/stderr to 4...
[T 03:41:12 6547] Initializing tracer.
[T 03:41:12 6547] Initializing tags.
[T 03:41:12 6547] ID set to 0000000000001993_0000000000000001 (parent 0000000000001990_0000000000000001)
[E 03:41:12 6547] CodeQL C/C++ Extractor 2.25.1
[E 03:41:12 6547] Current directory: /home/test/my-awesome-project/CISB/server/UBnonullptrassumption
[E 03:41:12 6547] Command: /mnt/c/Tools/codeql/cpp/tools/linux64/extractor --assembler --codeql-assembler-executable /usr/bin/as --64 -o test1.o /tmp/cc9Dg535.s
[E 03:41:12 6547] Extractor exited after mimicking assembler
[T 03:41:12 6544] Extractor /mnt/c/Tools/codeql/cpp/tools/linux64/extractor terminated with exit code 0.
[T 03:41:12 6617] Attempting to switch stdout/stderr to 4...
[T 03:41:12 6617] Initializing tracer.
[T 03:41:12 6617] Initializing tags.
[T 03:41:12 6617] ID set to 00000000000019D9_0000000000000001 (parent 000000000000185A_0000000000000001)
[E 03:41:12 6617] CodeQL C/C++ Extractor 2.25.1
[E 03:41:12 6617] Current directory: /home/test/my-awesome-project/CISB/server/UBnonullptrassumption
[E 03:41:12 6617] Command: /mnt/c/Tools/codeql/cpp/tools/linux64/extractor --mimic /usr/bin/x86_64-linux-gnu-gcc-13 -c -o test1.o test1.c
[T 03:41:12 6674] Initializing tracer.
[T 03:41:12 6674] Initializing tags.
[T 03:41:12 6674] ID set to 0000000000001A12_0000000000000001 (parent 00000000000019D9_0000000000000001)
[T 03:41:12 6674] ==== Candidate to intercept: /usr/bin/x86_64-linux-gnu-gcc-13 (canonical: /usr/bin/x86_64-linux-gnu-gcc-13) ====
[T 03:41:12 6674] Lua: === Intercepted call to /usr/bin/x86_64-linux-gnu-gcc-13 ===
[T 03:41:12 6674] Executing the following tracer actions:
[T 03:41:12 6674] Tracer actions:
[T 03:41:12 6674] pre_invocations(0)
[T 03:41:12 6674] post_invocations(1)
[T 03:41:12 6674] invocation: /mnt/c/Tools/codeql/cpp/tools/linux64/extractor, args: [--mimic, /usr/bin/x86_64-linux-gnu-gcc-13, --version]
[T 03:41:12 6674] trace_languages(1): [cpp]
[T 03:41:12 6676] Attempting to switch stdout/stderr to 7...
[T 03:41:12 6676] Initializing tracer.
[T 03:41:12 6676] Initializing tags.
[T 03:41:12 6676] ID set to 0000000000001A14_0000000000000001 (parent 0000000000001A12_0000000000000001)
[E 03:41:12 6676] Mimicry classification suppression detected; exiting.
[E 03:41:12 6676] Extractor exited successfully
[T 03:41:12 6674] Extractor /mnt/c/Tools/codeql/cpp/tools/linux64/extractor terminated with exit code 0.
[T 03:41:12 6677] Initializing tracer.
[T 03:41:12 6677] Initializing tags.
[T 03:41:12 6677] ID set to 0000000000001A15_0000000000000001 (parent 00000000000019D9_0000000000000001)
[T 03:41:12 6677] ==== Candidate to intercept: /usr/bin/x86_64-linux-gnu-gcc-13 (canonical: /usr/bin/x86_64-linux-gnu-gcc-13) ====
[T 03:41:12 6677] Lua: === Intercepted call to /usr/bin/x86_64-linux-gnu-gcc-13 ===
[T 03:41:12 6677] Executing the following tracer actions:
[T 03:41:12 6677] Tracer actions:
[T 03:41:12 6677] pre_invocations(0)
[T 03:41:12 6677] post_invocations(1)
[T 03:41:12 6677] invocation: /mnt/c/Tools/codeql/cpp/tools/linux64/extractor, args: [--mimic, /usr/bin/x86_64-linux-gnu-gcc-13, --help]
[T 03:41:12 6677] trace_languages(1): [cpp]
[T 03:41:12 6679] Attempting to switch stdout/stderr to 7...
[T 03:41:12 6679] Initializing tracer.
[T 03:41:12 6679] Initializing tags.
[T 03:41:12 6679] ID set to 0000000000001A17_0000000000000001 (parent 0000000000001A15_0000000000000001)
[E 03:41:12 6679] Mimicry classification suppression detected; exiting.
[E 03:41:12 6679] Extractor exited successfully
[T 03:41:12 6677] Extractor /mnt/c/Tools/codeql/cpp/tools/linux64/extractor terminated with exit code 0.
[T 03:41:12 6680] Initializing tracer.
[T 03:41:12 6680] Initializing tags.
[T 03:41:12 6680] ID set to 0000000000001A18_0000000000000001 (parent 00000000000019D9_0000000000000001)
[T 03:41:12 6680] ==== Candidate to intercept: /usr/bin/x86_64-linux-gnu-gcc-13 (canonical: /usr/bin/x86_64-linux-gnu-gcc-13) ====
[T 03:41:12 6680] Lua: === Intercepted call to /usr/bin/x86_64-linux-gnu-gcc-13 ===
[T 03:41:12 6680] Executing the following tracer actions:
[T 03:41:12 6680] Tracer actions:
[T 03:41:12 6680] pre_invocations(0)
[T 03:41:12 6680] post_invocations(1)
[T 03:41:12 6680] invocation: /mnt/c/Tools/codeql/cpp/tools/linux64/extractor, args: [--mimic, /usr/bin/x86_64-linux-gnu-gcc-13, -nostdinc, -o, /home/test/my-awesome-project/CISB/server/UBnonullptrassumption/db-l16/working/tmp//semmle_2_6617_782050.o, -c, /home/test/my-awesome-project/CISB/server/UBnonullptrassumption/db-l16/working/tmp//semmle_1_6617_781973.c]
[T 03:41:12 6680] trace_languages(1): [cpp]
[T 03:41:12 6682] Initializing tracer.
[T 03:41:12 6682] Initializing tags.
[T 03:41:12 6682] ID set to 0000000000001A1A_0000000000000001 (parent 0000000000001A18_0000000000000001)
[T 03:41:12 6682] ==== Candidate to intercept: /usr/libexec/gcc/x86_64-linux-gnu/13/cc1 (canonical: /usr/libexec/gcc/x86_64-linux-gnu/13/cc1) ====
[T 03:41:12 6682] Lua: === Intercepted call to /usr/libexec/gcc/x86_64-linux-gnu/13/cc1 ===
[T 03:41:12 6682] Executing the following tracer actions:
[T 03:41:12 6682] Tracer actions:
[T 03:41:12 6682] pre_invocations(0)
[T 03:41:12 6682] post_invocations(1)
[T 03:41:12 6682] invocation: /mnt/c/Tools/codeql/cpp/tools/linux64/extractor, args: [--mimic, /usr/libexec/gcc/x86_64-linux-gnu/13/cc1, -quiet, -nostdinc, -imultiarch, x86_64-linux-gnu, /home/test/my-awesome-project/CISB/server/UBnonullptrassumption/db-l16/working/tmp//semmle_1_6617_781973.c, -quiet, -dumpdir, /home/test/my-awesome-project/CISB/server/UBnonullptrassumption/db-l16/working/tmp//, -dumpbase, semmle_2_6617_782050.c, -dumpbase-ext, .c, -mtune=generic, -march=x86-64, -fasynchronous-unwind-tables, -fstack-protector-strong, -Wformat, -Wformat-security, -fstack-clash-protection, -fcf-protection, -o, /tmp/ccPGGyh5.s]
[T 03:41:12 6682] trace_languages(1): [cpp]
[T 03:41:12 6684] Attempting to switch stdout/stderr to 7...
[T 03:41:12 6684] Initializing tracer.
[T 03:41:12 6684] Initializing tags.
[T 03:41:12 6684] ID set to 0000000000001A1C_0000000000000001 (parent 0000000000001A1A_0000000000000001)
[E 03:41:12 6684] Mimicry classification suppression detected; exiting.
[E 03:41:12 6684] Extractor exited successfully
[T 03:41:12 6682] Extractor /mnt/c/Tools/codeql/cpp/tools/linux64/extractor terminated with exit code 0.
[T 03:41:12 6685] Initializing tracer.
[T 03:41:12 6685] Initializing tags.
[T 03:41:12 6685] ID set to 0000000000001A1D_0000000000000001 (parent 0000000000001A18_0000000000000001)
[T 03:41:12 6685] ==== Candidate to intercept: as (canonical: /usr/bin/as) ====
[T 03:41:12 6685] Lua: === Intercepted call to /usr/bin/as ===
[T 03:41:12 6685] Executing the following tracer actions:
[T 03:41:12 6685] Tracer actions:
[T 03:41:12 6685] pre_invocations(0)
[T 03:41:12 6685] post_invocations(1)
[T 03:41:12 6685] invocation: /mnt/c/Tools/codeql/cpp/tools/linux64/extractor, args: [--assembler, --codeql-assembler-executable, /usr/bin/as, --64, -o, /home/test/my-awesome-project/CISB/server/UBnonullptrassumption/db-l16/working/tmp//semmle_2_6617_782050.o, /tmp/ccPGGyh5.s]
[T 03:41:12 6685] trace_languages(1): [cpp]
[T 03:41:12 6696] Attempting to switch stdout/stderr to 7...
[T 03:41:12 6696] Initializing tracer.
[T 03:41:12 6696] Initializing tags.
[T 03:41:12 6696] ID set to 0000000000001A28_0000000000000001 (parent 0000000000001A1D_0000000000000001)
[E 03:41:12 6696] Mimicry classification suppression detected; exiting.
[E 03:41:12 6696] Extractor exited successfully
[T 03:41:12 6685] Extractor /mnt/c/Tools/codeql/cpp/tools/linux64/extractor terminated with exit code 0.
[T 03:41:12 6717] Attempting to switch stdout/stderr to 7...
[T 03:41:12 6717] Initializing tracer.
[T 03:41:12 6717] Initializing tags.
[T 03:41:12 6717] ID set to 0000000000001A3D_0000000000000001 (parent 0000000000001A18_0000000000000001)
[E 03:41:12 6717] Mimicry classification suppression detected; exiting.
[E 03:41:12 6717] Extractor exited successfully
[T 03:41:12 6680] Extractor /mnt/c/Tools/codeql/cpp/tools/linux64/extractor terminated with exit code 0.
[T 03:41:12 6718] Initializing tracer.
[T 03:41:12 6718] Initializing tags.
[T 03:41:12 6718] ID set to 0000000000001A3E_0000000000000001 (parent 00000000000019D9_0000000000000001)
[T 03:41:12 6718] ==== Candidate to intercept: /usr/bin/x86_64-linux-gnu-gcc-13 (canonical: /usr/bin/x86_64-linux-gnu-gcc-13) ====
[T 03:41:12 6718] Lua: === Intercepted call to /usr/bin/x86_64-linux-gnu-gcc-13 ===
[T 03:41:12 6718] Executing the following tracer actions:
[T 03:41:12 6718] Tracer actions:
[T 03:41:12 6718] pre_invocations(0)
[T 03:41:12 6718] post_invocations(1)
[T 03:41:12 6718] invocation: /mnt/c/Tools/codeql/cpp/tools/linux64/extractor, args: [--mimic, /usr/bin/x86_64-linux-gnu-gcc-13, -nostdinc, -o, /home/test/my-awesome-project/CISB/server/UBnonullptrassumption/db-l16/working/tmp//semmle_4_6617_862371.o, -c, /home/test/my-awesome-project/CISB/server/UBnonullptrassumption/db-l16/working/tmp//semmle_3_6617_862305.c]
[T 03:41:12 6718] trace_languages(1): [cpp]
[T 03:41:12 6720] Initializing tracer.
[T 03:41:12 6720] Initializing tags.
[T 03:41:12 6720] ID set to 0000000000001A40_0000000000000001 (parent 0000000000001A3E_0000000000000001)
[T 03:41:12 6720] ==== Candidate to intercept: /usr/libexec/gcc/x86_64-linux-gnu/13/cc1 (canonical: /usr/libexec/gcc/x86_64-linux-gnu/13/cc1) ====
[T 03:41:12 6720] Lua: === Intercepted call to /usr/libexec/gcc/x86_64-linux-gnu/13/cc1 ===
[T 03:41:12 6720] Executing the following tracer actions:
[T 03:41:12 6720] Tracer actions:
[T 03:41:12 6720] pre_invocations(0)
[T 03:41:12 6720] post_invocations(1)
[T 03:41:12 6720] invocation: /mnt/c/Tools/codeql/cpp/tools/linux64/extractor, args: [--mimic, /usr/libexec/gcc/x86_64-linux-gnu/13/cc1, -quiet, -nostdinc, -imultiarch, x86_64-linux-gnu, /home/test/my-awesome-project/CISB/server/UBnonullptrassumption/db-l16/working/tmp//semmle_3_6617_862305.c, -quiet, -dumpdir, /home/test/my-awesome-project/CISB/server/UBnonullptrassumption/db-l16/working/tmp//, -dumpbase, semmle_4_6617_862371.c, -dumpbase-ext, .c, -mtune=generic, -march=x86-64, -fasynchronous-unwind-tables, -fstack-protector-strong, -Wformat, -Wformat-security, -fstack-clash-protection, -fcf-protection, -o, /tmp/ccUavbRH.s]
[T 03:41:12 6720] trace_languages(1): [cpp]
[T 03:41:12 6722] Attempting to switch stdout/stderr to 7...
[T 03:41:12 6722] Initializing tracer.
[T 03:41:12 6722] Initializing tags.
[T 03:41:12 6722] ID set to 0000000000001A42_0000000000000001 (parent 0000000000001A40_0000000000000001)
[E 03:41:12 6722] Mimicry classification suppression detected; exiting.
[E 03:41:12 6722] Extractor exited successfully
[T 03:41:12 6720] Extractor /mnt/c/Tools/codeql/cpp/tools/linux64/extractor terminated with exit code 0.
[T 03:41:12 6723] Attempting to switch stdout/stderr to 7...
[T 03:41:12 6723] Initializing tracer.
[T 03:41:12 6723] Initializing tags.
[T 03:41:12 6723] ID set to 0000000000001A43_0000000000000001 (parent 0000000000001A3E_0000000000000001)
[E 03:41:12 6723] Mimicry classification suppression detected; exiting.
[E 03:41:12 6723] Extractor exited successfully
[T 03:41:12 6718] Extractor /mnt/c/Tools/codeql/cpp/tools/linux64/extractor terminated with exit code 0.
[E 03:41:12 6617] Checking whether C compilation already happened.
[E 03:41:12 6617] Checking for tag c-compilation-happened
[E 03:41:12 6617] Checking CODEQL_TRACER_DB_ID 000000000000185A_0000000000000001
[E 03:41:12 6617] Locking DB /home/test/my-awesome-project/CISB/server/UBnonullptrassumption/db-l16/working/tags.db
[E 03:41:12 6617] Locked DB /home/test/my-awesome-project/CISB/server/UBnonullptrassumption/db-l16/working/tags.db
[E 03:41:12 6617] Unlocking DB
[E 03:41:12 6617] Unlocked DB
[E 03:41:12 6617] Exiting as C compilation already happened.
[T 03:41:12 6234] Extractor /mnt/c/Tools/codeql/cpp/tools/linux64/extractor terminated with exit code 0.
