[T 03:59:29 22067] CodeQL CLI version 2.25.1
[T 03:59:29 22067] Initializing tracer.
[T 03:59:29 22067] Initializing tags.
[T 03:59:29 22067] ID set to 0000000000005633_0000000000000001 (parent root)
[T 03:59:29 22067] Initializing tracer.
[T 03:59:29 22067] Initializing tags.
[T 03:59:29 22067] ID set to 0000000000005633_0000000000000002 (parent root)
[T 03:59:29 22067] Warning: SEMMLE_EXEC and SEMMLE_EXECP not set. Falling back to path lookup on argv[0].
[T 03:59:29 22067] ==== Candidate to intercept: /mnt/c/Tools/codeql/tools/linux64/runner-linux (canonical: /mnt/c/Tools/codeql/tools/linux64/runner-linux) ====
[T 03:59:29 22067] Executing the following tracer actions:
[T 03:59:29 22067] Tracer actions:
[T 03:59:29 22067] pre_invocations(0)
[T 03:59:29 22067] post_invocations(0)
[T 03:59:29 22067] trace_languages(1): [cpp]
[T 03:59:29 22067] Initializing tracer.
[T 03:59:29 22067] Initializing tags.
[T 03:59:29 22067] ID set to 0000000000005633_0000000000000003 (parent 0000000000005633_0000000000000002)
[T 03:59:29 22067] ==== Candidate to intercept: make (canonical: /usr/bin/make) ====
[T 03:59:29 22067] Executing the following tracer actions:
[T 03:59:29 22067] Tracer actions:
[T 03:59:29 22067] pre_invocations(0)
[T 03:59:29 22067] post_invocations(0)
[T 03:59:29 22067] trace_languages(1): [cpp]
[T 03:59:29 22071] Initializing tracer.
[T 03:59:29 22071] Initializing tags.
[T 03:59:29 22071] ID set to 0000000000005637_0000000000000001 (parent 0000000000005633_0000000000000003)
[T 03:59:29 22071] ==== Candidate to intercept: /usr/bin/gcc (canonical: /usr/bin/x86_64-linux-gnu-gcc-13) ====
[T 03:59:29 22071] Lua: === Intercepted call to /usr/bin/x86_64-linux-gnu-gcc-13 ===
[T 03:59:29 22071] Executing the following tracer actions:
[T 03:59:29 22071] Tracer actions:
[T 03:59:29 22071] pre_invocations(0)
[T 03:59:29 22071] post_invocations(1)
[T 03:59:29 22071] invocation: /mnt/c/Tools/codeql/cpp/tools/linux64/extractor, args: [--mimic, /usr/bin/x86_64-linux-gnu-gcc-13, -c, -o, test1.o, test1.c]
[T 03:59:29 22071] trace_languages(1): [cpp]
[T 03:59:29 22073] Initializing tracer.
[T 03:59:29 22073] Initializing tags.
[T 03:59:29 22073] ID set to 0000000000005639_0000000000000001 (parent 0000000000005637_0000000000000001)
[T 03:59:29 22073] ==== Candidate to intercept: /usr/libexec/gcc/x86_64-linux-gnu/13/cc1 (canonical: /usr/libexec/gcc/x86_64-linux-gnu/13/cc1) ====
[T 03:59:29 22073] Lua: === Intercepted call to /usr/libexec/gcc/x86_64-linux-gnu/13/cc1 ===
[T 03:59:29 22073] Executing the following tracer actions:
[T 03:59:29 22073] Tracer actions:
[T 03:59:29 22073] pre_invocations(0)
[T 03:59:29 22073] post_invocations(1)
[T 03:59:29 22073] invocation: /mnt/c/Tools/codeql/cpp/tools/linux64/extractor, args: [--mimic, /usr/libexec/gcc/x86_64-linux-gnu/13/cc1, -quiet, -imultiarch, x86_64-linux-gnu, test1.c, -quiet, -dumpbase, test1.c, -dumpbase-ext, .c, -mtune=generic, -march=x86-64, -fasynchronous-unwind-tables, -fstack-protector-strong, -Wformat, -Wformat-security, -fstack-clash-protection, -fcf-protection, -o, /tmp/cc8Ezkva.s]
[T 03:59:29 22073] trace_languages(1): [cpp]
[T 03:59:30 22075] Attempting to switch stdout/stderr to 4...
[T 03:59:30 22075] Initializing tracer.
[T 03:59:30 22075] Initializing tags.
[T 03:59:30 22075] ID set to 000000000000563B_0000000000000001 (parent 0000000000005639_0000000000000001)
[E 03:59:30 22075] CodeQL C/C++ Extractor 2.25.1
[E 03:59:30 22075] Current directory: /home/test/my-awesome-project/CISB/server/env:builtinreplace
[E 03:59:30 22075] Command: /mnt/c/Tools/codeql/cpp/tools/linux64/extractor --mimic /usr/libexec/gcc/x86_64-linux-gnu/13/cc1 -quiet -imultiarch x86_64-linux-gnu test1.c -quiet -dumpbase test1.c -dumpbase-ext .c -mtune=generic -march=x86-64 -fasynchronous-unwind-tables -fstack-protector-strong -Wformat -Wformat-security -fstack-clash-protection -fcf-protection -o /tmp/cc8Ezkva.s
[T 03:59:30 22076] Initializing tracer.
[T 03:59:30 22076] Initializing tags.
[T 03:59:30 22076] ID set to 000000000000563C_0000000000000001 (parent 000000000000563B_0000000000000001)
[T 03:59:30 22076] ==== Candidate to intercept: /usr/libexec/gcc/x86_64-linux-gnu/13/cc1 (canonical: /usr/libexec/gcc/x86_64-linux-gnu/13/cc1) ====
[T 03:59:30 22076] Lua: === Intercepted call to /usr/libexec/gcc/x86_64-linux-gnu/13/cc1 ===
[T 03:59:30 22076] Executing the following tracer actions:
[T 03:59:30 22076] Tracer actions:
[T 03:59:30 22076] pre_invocations(0)
[T 03:59:30 22076] post_invocations(1)
[T 03:59:30 22076] invocation: /mnt/c/Tools/codeql/cpp/tools/linux64/extractor, args: [--mimic, /usr/libexec/gcc/x86_64-linux-gnu/13/cc1, --version]
[T 03:59:30 22076] trace_languages(1): [cpp]
[T 03:59:30 22078] Attempting to switch stdout/stderr to 7...
[T 03:59:30 22078] Initializing tracer.
[T 03:59:30 22078] Initializing tags.
[T 03:59:30 22078] ID set to 000000000000563E_0000000000000001 (parent 000000000000563C_0000000000000001)
[E 03:59:30 22078] Mimicry classification suppression detected; exiting.
[E 03:59:30 22078] Extractor exited successfully
[T 03:59:30 22076] Extractor /mnt/c/Tools/codeql/cpp/tools/linux64/extractor terminated with exit code 0.
[T 03:59:30 22079] Initializing tracer.
[T 03:59:30 22079] Initializing tags.
[T 03:59:30 22079] ID set to 000000000000563F_0000000000000001 (parent 000000000000563B_0000000000000001)
[T 03:59:30 22079] ==== Candidate to intercept: /usr/libexec/gcc/x86_64-linux-gnu/13/cc1 (canonical: /usr/libexec/gcc/x86_64-linux-gnu/13/cc1) ====
[T 03:59:30 22079] Lua: === Intercepted call to /usr/libexec/gcc/x86_64-linux-gnu/13/cc1 ===
[T 03:59:30 22079] Executing the following tracer actions:
[T 03:59:30 22079] Tracer actions:
[T 03:59:30 22079] pre_invocations(0)
[T 03:59:30 22079] post_invocations(1)
[T 03:59:30 22079] invocation: /mnt/c/Tools/codeql/cpp/tools/linux64/extractor, args: [--mimic, /usr/libexec/gcc/x86_64-linux-gnu/13/cc1, --help]
[T 03:59:30 22079] trace_languages(1): [cpp]
[T 03:59:30 22081] Attempting to switch stdout/stderr to 7...
[T 03:59:30 22081] Initializing tracer.
[T 03:59:30 22081] Initializing tags.
[T 03:59:30 22081] ID set to 0000000000005641_0000000000000001 (parent 000000000000563F_0000000000000001)
[E 03:59:30 22081] Mimicry classification suppression detected; exiting.
[E 03:59:30 22081] Extractor exited successfully
[T 03:59:30 22079] Extractor /mnt/c/Tools/codeql/cpp/tools/linux64/extractor terminated with exit code 0.
[T 03:59:30 22082] Initializing tracer.
[T 03:59:30 22082] Initializing tags.
[T 03:59:30 22082] ID set to 0000000000005642_0000000000000001 (parent 000000000000563B_0000000000000001)
[T 03:59:30 22082] ==== Candidate to intercept: /usr/libexec/gcc/x86_64-linux-gnu/13/cc1 (canonical: /usr/libexec/gcc/x86_64-linux-gnu/13/cc1) ====
[T 03:59:30 22082] Lua: === Intercepted call to /usr/libexec/gcc/x86_64-linux-gnu/13/cc1 ===
[T 03:59:30 22082] Executing the following tracer actions:
[T 03:59:30 22082] Tracer actions:
[T 03:59:30 22082] pre_invocations(0)
[T 03:59:30 22082] post_invocations(1)
[T 03:59:30 22082] invocation: /mnt/c/Tools/codeql/cpp/tools/linux64/extractor, args: [--mimic, /usr/libexec/gcc/x86_64-linux-gnu/13/cc1, -version, --help]
[T 03:59:30 22082] trace_languages(1): [cpp]
[T 03:59:30 22084] Attempting to switch stdout/stderr to 7...
[T 03:59:30 22084] Initializing tracer.
[T 03:59:30 22084] Initializing tags.
[T 03:59:30 22084] ID set to 0000000000005644_0000000000000001 (parent 0000000000005642_0000000000000001)
[E 03:59:30 22084] Mimicry classification suppression detected; exiting.
[E 03:59:30 22084] Extractor exited successfully
[T 03:59:30 22082] Extractor /mnt/c/Tools/codeql/cpp/tools/linux64/extractor terminated with exit code 0.
[T 03:59:30 22085] Initializing tracer.
[T 03:59:30 22085] Initializing tags.
[T 03:59:30 22085] ID set to 0000000000005645_0000000000000001 (parent 000000000000563B_0000000000000001)
[T 03:59:30 22085] ==== Candidate to intercept: /usr/libexec/gcc/x86_64-linux-gnu/13/cc1 (canonical: /usr/libexec/gcc/x86_64-linux-gnu/13/cc1) ====
[T 03:59:30 22085] Lua: === Intercepted call to /usr/libexec/gcc/x86_64-linux-gnu/13/cc1 ===
[T 03:59:30 22085] Executing the following tracer actions:
[T 03:59:30 22085] Tracer actions:
[T 03:59:30 22085] pre_invocations(0)
[T 03:59:30 22085] post_invocations(1)
[T 03:59:30 22085] invocation: /mnt/c/Tools/codeql/cpp/tools/linux64/extractor, args: [--mimic, /usr/libexec/gcc/x86_64-linux-gnu/13/cc1, -nostdinc, -o, /home/test/my-awesome-project/CISB/server/env:builtinreplace/db-l43/working/tmp//semmle_2_22075_183302.o, /home/test/my-awesome-project/CISB/server/env:builtinreplace/db-l43/working/tmp//semmle_1_22075_183271.c]
[T 03:59:30 22085] trace_languages(1): [cpp]
[T 03:59:30 22087] Attempting to switch stdout/stderr to 7...
[T 03:59:30 22087] Initializing tracer.
[T 03:59:30 22087] Initializing tags.
[T 03:59:30 22087] ID set to 0000000000005647_0000000000000001 (parent 0000000000005645_0000000000000001)
[E 03:59:30 22087] Mimicry classification suppression detected; exiting.
[E 03:59:30 22087] Extractor exited successfully
[T 03:59:30 22085] Extractor /mnt/c/Tools/codeql/cpp/tools/linux64/extractor terminated with exit code 0.
[T 03:59:30 22088] Initializing tracer.
[T 03:59:30 22088] Initializing tags.
[T 03:59:30 22088] ID set to 0000000000005648_0000000000000001 (parent 000000000000563B_0000000000000001)
[T 03:59:30 22088] ==== Candidate to intercept: /usr/libexec/gcc/x86_64-linux-gnu/13/cc1 (canonical: /usr/libexec/gcc/x86_64-linux-gnu/13/cc1) ====
[T 03:59:30 22088] Lua: === Intercepted call to /usr/libexec/gcc/x86_64-linux-gnu/13/cc1 ===
[T 03:59:30 22088] Executing the following tracer actions:
[T 03:59:30 22088] Tracer actions:
[T 03:59:30 22088] pre_invocations(0)
[T 03:59:30 22088] post_invocations(1)
[T 03:59:30 22088] invocation: /mnt/c/Tools/codeql/cpp/tools/linux64/extractor, args: [--mimic, /usr/libexec/gcc/x86_64-linux-gnu/13/cc1, -nostdinc, -o, /home/test/my-awesome-project/CISB/server/env:builtinreplace/db-l43/working/tmp//semmle_4_22075_220195.o, /home/test/my-awesome-project/CISB/server/env:builtinreplace/db-l43/working/tmp//semmle_3_22075_220099.c]
[T 03:59:30 22088] trace_languages(1): [cpp]
[T 03:59:30 22090] Attempting to switch stdout/stderr to 7...
[T 03:59:30 22090] Initializing tracer.
[T 03:59:30 22090] Initializing tags.
[T 03:59:30 22090] ID set to 000000000000564A_0000000000000001 (parent 0000000000005648_0000000000000001)
[E 03:59:30 22090] Mimicry classification suppression detected; exiting.
[E 03:59:30 22090] Extractor exited successfully
[T 03:59:30 22088] Extractor /mnt/c/Tools/codeql/cpp/tools/linux64/extractor terminated with exit code 0.
[E 03:59:30 22075] Checking whether C compilation already happened.
[E 03:59:30 22075] Checking for tag c-compilation-happened
[E 03:59:30 22075] Checking CODEQL_TRACER_DB_ID 0000000000005639_0000000000000001
[E 03:59:30 22075] Locking DB /home/test/my-awesome-project/CISB/server/env:builtinreplace/db-l43/working/tags.db
[E 03:59:30 22075] Locked DB /home/test/my-awesome-project/CISB/server/env:builtinreplace/db-l43/working/tags.db
[E 03:59:30 22075] Unlocking DB
[E 03:59:30 22075] Unlocked DB
[E 03:59:30 22075] Looks like C compilation didn't already happen.
[E 03:59:30 22075] Checking whether C compilation has been attempted.
[E 03:59:30 22075] Checking for tag c-compilation-attempted
[E 03:59:30 22075] Checking CODEQL_TRACER_DB_ID 0000000000005639_0000000000000001
[E 03:59:30 22075] Locking DB /home/test/my-awesome-project/CISB/server/env:builtinreplace/db-l43/working/tags.db
[E 03:59:30 22075] Locked DB /home/test/my-awesome-project/CISB/server/env:builtinreplace/db-l43/working/tags.db
[E 03:59:30 22075] Unlocking DB
[E 03:59:30 22075] Unlocked DB
[E 03:59:30 22075] Marking C compilation as attempted.
[E 03:59:30 22075] Setting tag c-compilation-attempted
[E 03:59:30 22075] Starting from CODEQL_TRACER_DB_ID 0000000000005639_0000000000000001
[E 03:59:30 22075] Locking DB /home/test/my-awesome-project/CISB/server/env:builtinreplace/db-l43/working/tags.db
[E 03:59:30 22075] Locked DB /home/test/my-awesome-project/CISB/server/env:builtinreplace/db-l43/working/tags.db
[E 03:59:30 22075] Set tag for 0000000000005639_0000000000000001
[E 03:59:30 22075] Set tag for 0000000000005637_0000000000000001
[E 03:59:30 22075] Set tag for 0000000000005633_0000000000000003
[E 03:59:30 22075] Set tag for 0000000000005633_0000000000000002
[E 03:59:30 22075] Set tag for root
[E 03:59:30 22075] Unlocking DB
[E 03:59:30 22075] Unlocked DB
[T 03:59:30 22091] Initializing tracer.
[T 03:59:30 22091] Initializing tags.
[T 03:59:30 22091] ID set to 000000000000564B_0000000000000001 (parent 000000000000563B_0000000000000001)
[T 03:59:30 22091] ==== Candidate to intercept: /usr/libexec/gcc/x86_64-linux-gnu/13/cc1 (canonical: /usr/libexec/gcc/x86_64-linux-gnu/13/cc1) ====
[T 03:59:30 22091] Lua: === Intercepted call to /usr/libexec/gcc/x86_64-linux-gnu/13/cc1 ===
[T 03:59:30 22091] Executing the following tracer actions:
[T 03:59:30 22091] Tracer actions:
[T 03:59:30 22091] pre_invocations(0)
[T 03:59:30 22091] post_invocations(1)
[T 03:59:30 22091] invocation: /mnt/c/Tools/codeql/cpp/tools/linux64/extractor, args: [--mimic, /usr/libexec/gcc/x86_64-linux-gnu/13/cc1, @/home/test/my-awesome-project/CISB/server/env:builtinreplace/db-l43/working/tmp//semmle_6_22075_257834, -v, -fsyntax-only, /home/test/my-awesome-project/CISB/server/env:builtinreplace/db-l43/working/tmp//semmle_7_22075_257987]
[T 03:59:30 22091] trace_languages(1): [cpp]
[T 03:59:30 22093] Attempting to switch stdout/stderr to 7...
[T 03:59:30 22093] Initializing tracer.
[T 03:59:30 22093] Initializing tags.
[T 03:59:30 22093] ID set to 000000000000564D_0000000000000001 (parent 000000000000564B_0000000000000001)
[E 03:59:30 22093] Mimicry classification suppression detected; exiting.
[E 03:59:30 22093] Extractor exited successfully
[T 03:59:30 22091] Extractor /mnt/c/Tools/codeql/cpp/tools/linux64/extractor terminated with exit code 0.
[T 03:59:30 22094] Initializing tracer.
[T 03:59:30 22094] Initializing tags.
[T 03:59:30 22094] ID set to 000000000000564E_0000000000000001 (parent 000000000000563B_0000000000000001)
[T 03:59:30 22094] ==== Candidate to intercept: /usr/libexec/gcc/x86_64-linux-gnu/13/cc1 (canonical: /usr/libexec/gcc/x86_64-linux-gnu/13/cc1) ====
[T 03:59:30 22094] Lua: === Intercepted call to /usr/libexec/gcc/x86_64-linux-gnu/13/cc1 ===
[T 03:59:30 22094] Executing the following tracer actions:
[T 03:59:30 22094] Tracer actions:
[T 03:59:30 22094] pre_invocations(0)
[T 03:59:30 22094] post_invocations(1)
[T 03:59:30 22094] invocation: /mnt/c/Tools/codeql/cpp/tools/linux64/extractor, args: [--mimic, /usr/libexec/gcc/x86_64-linux-gnu/13/cc1, @/home/test/my-awesome-project/CISB/server/env:builtinreplace/db-l43/working/tmp//semmle_6_22075_257834, -E, -dM, /home/test/my-awesome-project/CISB/server/env:builtinreplace/db-l43/working/tmp//semmle_8_22075_290201]
[T 03:59:30 22094] trace_languages(1): [cpp]
[T 03:59:30 22096] Attempting to switch stdout/stderr to 7...
[T 03:59:30 22096] Initializing tracer.
[T 03:59:30 22096] Initializing tags.
[T 03:59:30 22096] ID set to 0000000000005650_0000000000000001 (parent 000000000000564E_0000000000000001)
[E 03:59:30 22096] Mimicry classification suppression detected; exiting.
[E 03:59:30 22096] Extractor exited successfully
[T 03:59:30 22094] Extractor /mnt/c/Tools/codeql/cpp/tools/linux64/extractor terminated with exit code 0.
[T 03:59:30 22097] Initializing tracer.
[T 03:59:30 22097] Initializing tags.
[T 03:59:30 22097] ID set to 0000000000005651_0000000000000001 (parent 000000000000563B_0000000000000001)
[T 03:59:30 22097] ==== Candidate to intercept: /usr/libexec/gcc/x86_64-linux-gnu/13/cc1 (canonical: /usr/libexec/gcc/x86_64-linux-gnu/13/cc1) ====
[T 03:59:30 22097] Lua: === Intercepted call to /usr/libexec/gcc/x86_64-linux-gnu/13/cc1 ===
[T 03:59:30 22097] Executing the following tracer actions:
[T 03:59:30 22097] Tracer actions:
[T 03:59:30 22097] pre_invocations(0)
[T 03:59:30 22097] post_invocations(1)
[T 03:59:30 22097] invocation: /mnt/c/Tools/codeql/cpp/tools/linux64/extractor, args: [--mimic, /usr/libexec/gcc/x86_64-linux-gnu/13/cc1, @/home/test/my-awesome-project/CISB/server/env:builtinreplace/db-l43/working/tmp//semmle_9_22075_325440, -o, /home/test/my-awesome-project/CISB/server/env:builtinreplace/db-l43/working/tmp//semmle_11_22075_325744.o, /home/test/my-awesome-project/CISB/server/env:builtinreplace/db-l43/working/tmp//semmle_10_22075_325696.c]
[T 03:59:30 22097] trace_languages(1): [cpp]
[T 03:59:30 22114] Attempting to switch stdout/stderr to 7...
[T 03:59:30 22114] Initializing tracer.
[T 03:59:30 22114] Initializing tags.
[T 03:59:30 22114] ID set to 0000000000005662_0000000000000001 (parent 0000000000005651_0000000000000001)
[E 03:59:30 22114] Mimicry classification suppression detected; exiting.
[E 03:59:30 22114] Extractor exited successfully
[T 03:59:30 22097] Extractor /mnt/c/Tools/codeql/cpp/tools/linux64/extractor terminated with exit code 0.
[T 03:59:30 22128] Initializing tracer.
[T 03:59:30 22128] Initializing tags.
[T 03:59:30 22128] ID set to 0000000000005670_0000000000000001 (parent 000000000000563B_0000000000000001)
[T 03:59:30 22128] ==== Candidate to intercept: /usr/libexec/gcc/x86_64-linux-gnu/13/cc1 (canonical: /usr/libexec/gcc/x86_64-linux-gnu/13/cc1) ====
[T 03:59:30 22128] Lua: === Intercepted call to /usr/libexec/gcc/x86_64-linux-gnu/13/cc1 ===
[T 03:59:30 22128] Executing the following tracer actions:
[T 03:59:30 22128] Tracer actions:
[T 03:59:30 22128] pre_invocations(0)
[T 03:59:30 22128] post_invocations(1)
[T 03:59:30 22128] invocation: /mnt/c/Tools/codeql/cpp/tools/linux64/extractor, args: [--mimic, /usr/libexec/gcc/x86_64-linux-gnu/13/cc1, @/home/test/my-awesome-project/CISB/server/env:builtinreplace/db-l43/working/tmp//semmle_9_22075_325440, -o, /home/test/my-awesome-project/CISB/server/env:builtinreplace/db-l43/working/tmp//semmle_13_22075_363990.o, /home/test/my-awesome-project/CISB/server/env:builtinreplace/db-l43/working/tmp//semmle_12_22075_363922.c]
[T 03:59:30 22128] trace_languages(1): [cpp]
[T 03:59:30 22130] Attempting to switch stdout/stderr to 7...
[T 03:59:30 22130] Initializing tracer.
[T 03:59:30 22130] Initializing tags.
[T 03:59:30 22130] ID set to 0000000000005672_0000000000000001 (parent 0000000000005670_0000000000000001)
[E 03:59:30 22130] Mimicry classification suppression detected; exiting.
[E 03:59:30 22130] Extractor exited successfully
[T 03:59:30 22128] Extractor /mnt/c/Tools/codeql/cpp/tools/linux64/extractor terminated with exit code 0.
[T 03:59:30 22131] Initializing tracer.
[T 03:59:30 22131] Initializing tags.
[T 03:59:30 22131] ID set to 0000000000005673_0000000000000001 (parent 000000000000563B_0000000000000001)
[T 03:59:30 22131] ==== Candidate to intercept: /usr/libexec/gcc/x86_64-linux-gnu/13/cc1 (canonical: /usr/libexec/gcc/x86_64-linux-gnu/13/cc1) ====
[T 03:59:30 22131] Lua: === Intercepted call to /usr/libexec/gcc/x86_64-linux-gnu/13/cc1 ===
[T 03:59:30 22131] Executing the following tracer actions:
[T 03:59:30 22131] Tracer actions:
[T 03:59:30 22131] pre_invocations(0)
[T 03:59:30 22131] post_invocations(1)
[T 03:59:30 22131] invocation: /mnt/c/Tools/codeql/cpp/tools/linux64/extractor, args: [--mimic, /usr/libexec/gcc/x86_64-linux-gnu/13/cc1, @/home/test/my-awesome-project/CISB/server/env:builtinreplace/db-l43/working/tmp//semmle_9_22075_325440, -o, /home/test/my-awesome-project/CISB/server/env:builtinreplace/db-l43/working/tmp//semmle_15_22075_401249.o, /home/test/my-awesome-project/CISB/server/env:builtinreplace/db-l43/working/tmp//semmle_14_22075_401197.c]
[T 03:59:30 22131] trace_languages(1): [cpp]
[T 03:59:30 22148] Attempting to switch stdout/stderr to 7...
[T 03:59:30 22148] Initializing tracer.
[T 03:59:30 22148] Initializing tags.
[T 03:59:30 22148] ID set to 0000000000005684_0000000000000001 (parent 0000000000005673_0000000000000001)
[E 03:59:30 22148] Mimicry classification suppression detected; exiting.
[E 03:59:30 22148] Extractor exited successfully
[T 03:59:30 22131] Extractor /mnt/c/Tools/codeql/cpp/tools/linux64/extractor terminated with exit code 0.
[T 03:59:30 22165] Initializing tracer.
[T 03:59:30 22165] Initializing tags.
[T 03:59:30 22165] ID set to 0000000000005695_0000000000000001 (parent 000000000000563B_0000000000000001)
[T 03:59:30 22165] ==== Candidate to intercept: /usr/libexec/gcc/x86_64-linux-gnu/13/cc1 (canonical: /usr/libexec/gcc/x86_64-linux-gnu/13/cc1) ====
[T 03:59:30 22165] Lua: === Intercepted call to /usr/libexec/gcc/x86_64-linux-gnu/13/cc1 ===
[T 03:59:30 22165] Executing the following tracer actions:
[T 03:59:30 22165] Tracer actions:
[T 03:59:30 22165] pre_invocations(0)
[T 03:59:30 22165] post_invocations(1)
[T 03:59:30 22165] invocation: /mnt/c/Tools/codeql/cpp/tools/linux64/extractor, args: [--mimic, /usr/libexec/gcc/x86_64-linux-gnu/13/cc1, @/home/test/my-awesome-project/CISB/server/env:builtinreplace/db-l43/working/tmp//semmle_9_22075_325440, -o, /home/test/my-awesome-project/CISB/server/env:builtinreplace/db-l43/working/tmp//semmle_17_22075_435807.o, /home/test/my-awesome-project/CISB/server/env:builtinreplace/db-l43/working/tmp//semmle_16_22075_435747.c]
[T 03:59:30 22165] trace_languages(1): [cpp]
[T 03:59:30 22195] Attempting to switch stdout/stderr to 7...
[T 03:59:30 22195] Initializing tracer.
[T 03:59:30 22195] Initializing tags.
[T 03:59:30 22195] ID set to 00000000000056B3_0000000000000001 (parent 0000000000005695_0000000000000001)
[E 03:59:30 22195] Mimicry classification suppression detected; exiting.
[E 03:59:30 22195] Extractor exited successfully
[T 03:59:30 22165] Extractor /mnt/c/Tools/codeql/cpp/tools/linux64/extractor terminated with exit code 0.
[T 03:59:30 22198] Initializing tracer.
[T 03:59:30 22198] Initializing tags.
[T 03:59:30 22198] ID set to 00000000000056B6_0000000000000001 (parent 000000000000563B_0000000000000001)
[T 03:59:30 22198] ==== Candidate to intercept: /usr/libexec/gcc/x86_64-linux-gnu/13/cc1 (canonical: /usr/libexec/gcc/x86_64-linux-gnu/13/cc1) ====
[T 03:59:30 22198] Lua: === Intercepted call to /usr/libexec/gcc/x86_64-linux-gnu/13/cc1 ===
[T 03:59:30 22198] Executing the following tracer actions:
[T 03:59:30 22198] Tracer actions:
[T 03:59:30 22198] pre_invocations(0)
[T 03:59:30 22198] post_invocations(1)
[T 03:59:30 22198] invocation: /mnt/c/Tools/codeql/cpp/tools/linux64/extractor, args: [--mimic, /usr/libexec/gcc/x86_64-linux-gnu/13/cc1, @/home/test/my-awesome-project/CISB/server/env:builtinreplace/db-l43/working/tmp//semmle_9_22075_325440, -o, /home/test/my-awesome-project/CISB/server/env:builtinreplace/db-l43/working/tmp//semmle_19_22075_477040.o, /home/test/my-awesome-project/CISB/server/env:builtinreplace/db-l43/working/tmp//semmle_18_22075_477003.c]
[T 03:59:30 22198] trace_languages(1): [cpp]
[T 03:59:30 22212] Attempting to switch stdout/stderr to 7...
[T 03:59:30 22212] Initializing tracer.
[T 03:59:30 22212] Initializing tags.
[T 03:59:30 22212] ID set to 00000000000056C4_0000000000000001 (parent 00000000000056B6_0000000000000001)
[E 03:59:30 22212] Mimicry classification suppression detected; exiting.
[E 03:59:30 22212] Extractor exited successfully
[T 03:59:30 22198] Extractor /mnt/c/Tools/codeql/cpp/tools/linux64/extractor terminated with exit code 0.
[T 03:59:30 22216] Initializing tracer.
[T 03:59:30 22216] Initializing tags.
[T 03:59:30 22216] ID set to 00000000000056C8_0000000000000001 (parent 000000000000563B_0000000000000001)
[T 03:59:30 22216] ==== Candidate to intercept: /usr/libexec/gcc/x86_64-linux-gnu/13/cc1 (canonical: /usr/libexec/gcc/x86_64-linux-gnu/13/cc1) ====
[T 03:59:30 22216] Lua: === Intercepted call to /usr/libexec/gcc/x86_64-linux-gnu/13/cc1 ===
[T 03:59:30 22216] Executing the following tracer actions:
[T 03:59:30 22216] Tracer actions:
[T 03:59:30 22216] pre_invocations(0)
[T 03:59:30 22216] post_invocations(1)
[T 03:59:30 22216] invocation: /mnt/c/Tools/codeql/cpp/tools/linux64/extractor, args: [--mimic, /usr/libexec/gcc/x86_64-linux-gnu/13/cc1, @/home/test/my-awesome-project/CISB/server/env:builtinreplace/db-l43/working/tmp//semmle_9_22075_325440, -o, /home/test/my-awesome-project/CISB/server/env:builtinreplace/db-l43/working/tmp//semmle_21_22075_511130.o, /home/test/my-awesome-project/CISB/server/env:builtinreplace/db-l43/working/tmp//semmle_20_22075_511064.c]
[T 03:59:30 22216] trace_languages(1): [cpp]
[T 03:59:30 22218] Attempting to switch stdout/stderr to 7...
[T 03:59:30 22218] Initializing tracer.
[T 03:59:30 22218] Initializing tags.
[T 03:59:30 22218] ID set to 00000000000056CA_0000000000000001 (parent 00000000000056C8_0000000000000001)
[E 03:59:30 22218] Mimicry classification suppression detected; exiting.
[E 03:59:30 22218] Extractor exited successfully
[T 03:59:30 22216] Extractor /mnt/c/Tools/codeql/cpp/tools/linux64/extractor terminated with exit code 0.
[E 03:59:30 22075] Processed command line: /mnt/c/Tools/codeql/cpp/tools/linux64/extractor --trapfolder /home/test/my-awesome-project/CISB/server/env:builtinreplace/db-l43/trap/cpp --src_archive /home/test/my-awesome-project/CISB/server/env:builtinreplace/db-l43/src --object_filename /tmp/cc8Ezkva.s --no_warnings_and_discretionary_errors --error_limit 1000 --disable_system_macros --variadic_macros --incognito --gcc --gnu_version 130300 --target linux_x86_64 '-D__DBL_MIN_EXP__=(-1021)' -D__UINT_LEAST16_MAX__=0xffff -D__FLT16_HAS_QUIET_NAN__=1 -D__ATOMIC_ACQUIRE=2 -D__FLT128_MAX_10_EXP__=4932 -D__FLT_MIN__=1.17549435082228750796873653722224568e-38F -D__GCC_IEC_559_COMPLEX=2 '-D__UINT_LEAST8_TYPE__=unsigned char' -D__SIZEOF_FLOAT80__=16 -D__BFLT16_DENORM_MIN__=9.18354961579912115600575419704879436e-41BF16 '-D__INTMAX_C(c)=c ## L' -D__CHAR_BIT__=8 -D__UINT8_MAX__=0xff -D__SCHAR_WIDTH__=8 -D__WINT_MAX__=0xffffffffU '-D__FLT32_MIN_EXP__=(-125)' -D__BFLT16_NORM_MAX__=3.38953138925153547590470800371487867e+38BF16 '-D__BFLT16_MIN_10_EXP__=(-37)' -D__ORDER_LITTLE_ENDIAN__=1234 -D__WCHAR_MAX__=0x7fffffff -D__GCC_HAVE_SYNC_COMPARE_AND_SWAP_2=1 -D__GCC_HAVE_SYNC_COMPARE_AND_SWAP_4=1 -D__GCC_HAVE_SYNC_COMPARE_AND_SWAP_8=1 -D__GCC_ATOMIC_CHAR_LOCK_FREE=2 -D__GCC_IEC_559=2 -D__FLT32X_DECIMAL_DIG__=17 -D__FLT_EVAL_METHOD__=0 -D__FLT64_DECIMAL_DIG__=17 -D__CET__=3 -D__GCC_ATOMIC_CHAR32_T_LOCK_FREE=2 -D__UINT_FAST64_MAX__=0xffffffffffffffffUL -D__SIG_ATOMIC_TYPE__=int '-D__DBL_MIN_10_EXP__=(-307)' -D__FINITE_MATH_ONLY__=0 -D__FLT32X_MAX_EXP__=1024 -D__GCC_HAVE_SYNC_COMPARE_AND_SWAP_1=1 -D__FLT32_HAS_DENORM__=1 -D__UINT_FAST8_MAX__=0xff -D__FLT32_MAX_10_EXP__=38 -D__DEC64_MAX_EXP__=385 '-D__INT8_C(c)=c' -D__INT_LEAST8_WIDTH__=8 -D__UINT_LEAST64_MAX__=0xffffffffffffffffUL -D__SHRT_MAX__=0x7fff -D__LDBL_MAX__=1.18973149535723176502126385303097021e+4932L -D__FLT64X_MAX_10_EXP__=4932 -D__BFLT16_MAX_10_EXP__=38 -D__BFLT16_MAX_EXP__=128 -D__LDBL_IS_IEC_60559__=1 -D__FLT64X_HAS_QUIET_NAN__=1 -D__UINT_LEAST8_MAX__=0xff -D__GCC_ATOMIC_BOOL_LOCK_FREE=2 -D__FLT128_DENORM_MIN__=6.47517511943802511092443895822764655e-4966F128 '-D__UINTMAX_TYPE__=long unsigned int' -D__BFLT16_DECIMAL_DIG__=4 -D__linux=1 -D__DEC32_EPSILON__=1E-6DF -D__FLT_EVAL_METHOD_TS_18661_3__=0 -D__UINT32_MAX__=0xffffffffU '-D__DBL_DENORM_MIN__=((double)4.94065645841246544176568792868221372e-324L)' '-D__FLT128_MIN_EXP__=(-16381)' -D__WINT_MIN__=0U '-D__FLT128_MIN_10_EXP__=(-4931)' -D__FLT32X_IS_IEC_60559__=1 -D__INT_LEAST16_WIDTH__=16 -D__SCHAR_MAX__=0x7f -D__FLT128_MANT_DIG__=113 '-D__WCHAR_MIN__=(-__WCHAR_MAX__ - 1)' '-D__INT64_C(c)=c ## L' -D__SSP_STRONG__=3 -D__GCC_ATOMIC_POINTER_LOCK_FREE=2 -D__ATOMIC_SEQ_CST=5 -D__unix=1 -D__INT_LEAST64_MAX__=0x7fffffffffffffffL -D__FLT32X_MANT_DIG__=53 -D__FLT64X_EPSILON__=1.08420217248550443400745280086994171e-19F64x '-D__DEC64_MIN_EXP__=(-382)' -D__DBL_DIG__=15 -D__FLT_EPSILON__=1.19209289550781250000000000000000000e-7F -D__SHRT_WIDTH__=16 -D__FLT32_IS_IEC_60559__=1 -D__LDBL_MIN__=3.36210314311209350626267781732175260e-4932L -D__STDC_UTF_16__=1 -D__DBL_IS_IEC_60559__=1 -D__DEC32_MAX__=9.999999E96DF -D__FLT64X_DENORM_MIN__=3.64519953188247460252840593361941982e-4951F64x -D__FLT32X_HAS_INFINITY__=1 -D__unix__=1 -D__INT_WIDTH__=32 -D__STDC_IEC_559__=1 -D__STDC_ISO_10646__=201706L -D__DECIMAL_DIG__=21 -D__STDC_IEC_559_COMPLEX__=1 -D__FLT64_EPSILON__=2.22044604925031308084726333618164062e-16F64 -D__gnu_linux__=1 -D__FLT128_IS_IEC_60559__=1 '-D__FLT64X_MIN_10_EXP__=(-4931)' -D__LDBL_HAS_QUIET_NAN__=1 '-D__FLT16_MIN_EXP__=(-13)' -D__FLT64_MANT_DIG__=53 -D__FLT64X_MANT_DIG__=64 -D__BFLT16_DIG__=2 -D__pie__=2 -D__MMX__=1 -D__FLT_HAS_DENORM__=1 -D__SIZEOF_LONG_DOUBLE__=16 -D__BIGGEST_ALIGNMENT__=16 -D__FLT64_MAX_10_EXP__=308 -D__BFLT16_IS_IEC_60559__=0 -D__FLT16_MAX_10_EXP__=4 '-D__DBL_MAX__=((double)1.79769313486231570814527423731704357e+308L)' -D__INT_FAST32_MAX__=0x7fffffffffffffffL -D__DBL_HAS_INFINITY__=1 -D__INT64_MAX__=0x7fffffffffffffffL -D__SIZEOF_FLOAT__=4 -D__HAVE_SPECULATION_SAFE_VALUE=1 '-D__DEC32_MIN_EXP__=(-94)' -D__INTPTR_WIDTH__=64 -D__UINT_LEAST32_MAX__=0xffffffffU -D__FLT32X_HAS_DENORM__=1 '-D__INT_FAST16_TYPE__=long int' -D__MMX_WITH_SSE__=1 -D__LDBL_HAS_DENORM__=1 -D__SEG_GS=1 -D__BFLT16_EPSILON__=7.81250000000000000000000000000000000e-3BF16 -D__FLT128_HAS_INFINITY__=1 -D__DEC32_MIN__=1E-95DF -D__DBL_MAX_EXP__=1024 -D__WCHAR_WIDTH__=32 -D__FLT32_MAX__=3.40282346638528859811704183484516925e+38F32 -D__DEC128_EPSILON__=1E-33DL -D__FLT16_DECIMAL_DIG__=5 -D__SSE2_MATH__=1 -D__ATOMIC_HLE_RELEASE=131072 -D__PTRDIFF_MAX__=0x7fffffffffffffffL -D__amd64=1 -D__ATOMIC_HLE_ACQUIRE=65536 -D__LONG_LONG_MAX__=0x7fffffffffffffffLL -D__SIZEOF_SIZE_T__=8 -D__BFLT16_HAS_INFINITY__=1 '-D__FLT64X_MIN_EXP__=(-16381)' -D__SIZEOF_WINT_T__=4 -D__LONG_LONG_WIDTH__=64 -D__FLT32_MAX_EXP__=128 -D__GXX_ABI_VERSION=1018 '-D__FLT_MIN_EXP__=(-125)' -D__GCC_HAVE_DWARF2_CFI_ASM=1 -D__INT16_MAX__=0x7fff -D__x86_64=1 '-D__INT_FAST64_TYPE__=long int' -D__BFLT16_MAX__=3.38953138925153547590470800371487867e+38BF16 -D__BFLT16_HAS_DENORM__=1 -D__FLT64_DENORM_MIN__=4.94065645841246544176568792868221372e-324F64 -D__FLT16_DENORM_MIN__=5.96046447753906250000000000000000000e-8F16 -D__FLT128_EPSILON__=1.92592994438723585305597794258492732e-34F128 -D__FLT64X_NORM_MAX__=1.18973149535723176502126385303097021e+4932F64x -D__SIZEOF_POINTER__=8 '-D__SIZE_TYPE__=long unsigned int' -D__LP64__=1 -D__DBL_HAS_QUIET_NAN__=1 -D__FLT32X_EPSILON__=2.22044604925031308084726333618164062e-16F32x -D__LDBL_MAX_EXP__=16384 -D__DECIMAL_BID_FORMAT__=1 '-D__FLT64_MIN_EXP__=(-1021)' '-D__FLT64_MIN_10_EXP__=(-307)' '-D__FLT16_MIN_10_EXP__=(-4)' -D__FLT64X_DECIMAL_DIG__=21 -D__DEC128_MIN__=1E-6143DL -D__REGISTER_PREFIX__= -D__UINT16_MAX__=0xffff -D__DBL_HAS_DENORM__=1 -D__FLT32_MIN__=1.17549435082228750796873653722224568e-38F32 '-D__UINT8_TYPE__=unsigned char' -D__FLT_DIG__=6 -D__NO_INLINE__=1 -D__DEC_EVAL_METHOD__=2 -D__FLT_MANT_DIG__=24 -D__LDBL_DECIMAL_DIG__=21 '-D__UINT64_C(c)=c ## UL' -D_STDC_PREDEF_H=1 -D__INT_LEAST32_MAX__=0x7fffffff -D__GCC_ATOMIC_INT_LOCK_FREE=2 -D__FLT128_MAX_EXP__=16384 -D__FLT32_MANT_DIG__=24 -D__FLOAT_WORD_ORDER__=__ORDER_LITTLE_ENDIAN__ '-D__FLT32X_MIN_EXP__=(-1021)' -D__STDC_IEC_60559_COMPLEX__=201404L -D__BFLT16_MIN__=1.17549435082228750796873653722224568e-38BF16 -D__FLT128_HAS_DENORM__=1 -D__FLT32_DECIMAL_DIG__=9 -D__FLT128_DIG__=33 '-D__INT32_C(c)=c' -D__DEC64_EPSILON__=1E-15DD -D__ORDER_PDP_ENDIAN__=3412 '-D__DEC128_MIN_EXP__=(-6142)' -D__DEC128_MAX__=9.999999999999999999999999999999999E6144DL '-D__INT_FAST32_TYPE__=long int' '-D__UINT_LEAST16_TYPE__=short unsigned int' -D__DEC128_MAX_EXP__=6145 -Dunix=1 -D__UINT64_MAX__=0xffffffffffffffffUL -D__FLT_IS_IEC_60559__=1 '-D__GNUC_WIDE_EXECUTION_CHARSET_NAME="UTF-32LE"' -D__FLT64X_DIG__=18 '-D__INT8_TYPE__=signed char' -D__ELF__=1 -D__GCC_ASM_FLAG_OUTPUTS__=1 '-D__UINT32_TYPE__=unsigned int' -D__BFLT16_HAS_QUIET_NAN__=1 -D__FLT_RADIX__=2 '-D__INT_LEAST16_TYPE__=short int' -D__LDBL_EPSILON__=1.08420217248550443400745280086994171e-19L '-D__UINTMAX_C(c)=c ## UL' -D__FLT16_DIG__=3 -D__SSE_MATH__=1 -D__k8=1 -D__FLT32X_MIN__=2.22507385850720138309023271733240406e-308F32x -D__SIG_ATOMIC_MAX__=0x7fffffff -D__GCC_ATOMIC_WCHAR_T_LOCK_FREE=2 -D__USER_LABEL_PREFIX__= -D__STDC_IEC_60559_BFP__=201404L -D__SIZEOF_PTRDIFF_T__=8 -D__FLT64X_HAS_INFINITY__=1 -D__FLT32_HAS_INFINITY__=1 -D__SIZEOF_LONG__=8 -D__LDBL_DIG__=18 -D__FLT64_IS_IEC_60559__=1 -D__x86_64__=1 -D__FLT16_IS_IEC_60559__=1 -D__FLT16_MAX_EXP__=16 -D__DEC32_SUBNORMAL_MIN__=0.000001E-95DF -D__INT_FAST16_MAX__=0x7fffffffffffffffL -D__GCC_CONSTRUCTIVE_SIZE=64 -D__FLT64_DIG__=15 -D__UINT_FAST32_MAX__=0xffffffffffffffffUL '-D__UINT_LEAST64_TYPE__=long unsigned int' -D__FLT16_EPSILON__=9.76562500000000000000000000000000000e-4F16 -D__FLT_HAS_QUIET_NAN__=1 -D__FLT_MAX_10_EXP__=38 -D__LONG_MAX__=0x7fffffffffffffffL -D__FLT64X_HAS_DENORM__=1 -D__DEC128_SUBNORMAL_MIN__=0.000000000000000000000000000000001E-6143DL -D__FLT_HAS_INFINITY__=1 '-D__GNUC_EXECUTION_CHARSET_NAME="UTF-8"' '-D__UINT_FAST16_TYPE__=long unsigned int' -D__DEC64_MAX__=9.999999999999999E384DD -D__INT_FAST32_WIDTH__=64 -D__PRAGMA_REDEFINE_EXTNAME=1 -D__SIZE_WIDTH__=64 -D__SEG_FS=1 -D__INT_LEAST16_MAX__=0x7fff -D__FLT16_NORM_MAX__=6.55040000000000000000000000000000000e+4F16 -D__DEC64_MANT_DIG__=16 -D__FLT32_DENORM_MIN__=1.40129846432481707092372958328991613e-45F32 -D__SIG_ATOMIC_WIDTH__=32 '-D__INT_LEAST64_TYPE__=long int' '-D__INT16_TYPE__=short int' '-D__INT_LEAST8_TYPE__=signed char' -D__FLT16_MAX__=6.55040000000000000000000000000000000e+4F16 -D__FLT128_MIN__=3.36210314311209350626267781732175260e-4932F128 -D__SIZEOF_INT__=4 -D__DEC32_MAX_EXP__=97 -D__INT_FAST8_MAX__=0x7f -D__FLT128_MAX__=1.18973149535723176508575932662800702e+4932F128 -D__INTPTR_MAX__=0x7fffffffffffffffL -Dlinux=1 -D__FLT64_HAS_QUIET_NAN__=1 '-D__FLT32_MIN_10_EXP__=(-37)' -D__FLT32X_DIG__=15 '-D__UINT16_C(c)=c' -D__PTRDIFF_WIDTH__=64 -D__LDBL_MANT_DIG__=64 -D__INT_FAST16_WIDTH__=64 -D__FLT64_HAS_INFINITY__=1 -D__FLT64X_MAX__=1.18973149535723176502126385303097021e+4932F64x -D__FLT16_HAS_INFINITY__=1 '-D__SIG_ATOMIC_MIN__=(-__SIG_ATOMIC_MAX__ - 1)' -D__code_model_small__=1 -D__GCC_ATOMIC_LONG_LOCK_FREE=2 -D__DEC32_MANT_DIG__=7 -D__FLT16_MANT_DIG__=11 -D__k8__=1 '-D__INTPTR_TYPE__=long int' '-D__UINT16_TYPE__=short unsigned int' -D__WCHAR_TYPE__=int -D__pic__=2 -D__UINTPTR_MAX__=0xffffffffffffffffUL -D__INT_FAST64_WIDTH__=64 -D__LDBL_HAS_INFINITY__=1 -D__INT_FAST64_MAX__=0x7fffffffffffffffL -D__GCC_ATOMIC_TEST_AND_SET_TRUEVAL=1 -D__FLT_NORM_MAX__=3.40282346638528859811704183484516925e+38F -D__FLT64X_MAX_EXP__=16384 '-D__UINT_FAST64_TYPE__=long unsigned int' '-D__BFLT16_MIN_EXP__=(-125)' -D__INT_MAX__=0x7fffffff -D__linux__=1 '-D__INT64_TYPE__=long int' -D__FLT_MAX_EXP__=128 -D__ORDER_BIG_ENDIAN__=4321 -D__DBL_MANT_DIG__=53 -D__SIZEOF_FLOAT128__=16 -D__BFLT16_MANT_DIG__=8 -D__GCC_ATOMIC_CHAR16_T_LOCK_FREE=2 -D__DEC64_MIN__=1E-383DD '-D__WINT_TYPE__=unsigned int' '-D__UINT_LEAST32_TYPE__=unsigned int' -D__SIZEOF_SHORT__=2 -D__FLT32_NORM_MAX__=3.40282346638528859811704183484516925e+38F32 -D__SSE__=1 '-D__LDBL_MIN_EXP__=(-16381)' -D__FLT64_MAX__=1.79769313486231570814527423731704357e+308F64 -D__amd64__=1 -D__WINT_WIDTH__=32 -D__INT_LEAST8_MAX__=0x7f -D__INT_LEAST64_WIDTH__=64 -D__FLT32X_MAX_10_EXP__=308 -D__SIZEOF_INT128__=16 -D__FLT16_MIN__=6.10351562500000000000000000000000000e-5F16 -D__FLT64X_IS_IEC_60559__=1 -D__LDBL_MAX_10_EXP__=4932 -D__ATOMIC_RELAXED=0 '-D__DBL_EPSILON__=((double)2.22044604925031308084726333618164062e-16L)' -D__INT_LEAST32_TYPE__=int -D_LP64=1 '-D__UINT8_C(c)=c' -D__FLT64_MAX_EXP__=1024 -D__SIZEOF_WCHAR_T__=4 '-D__UINT64_TYPE__=long unsigned int' -D__FLT128_NORM_MAX__=1.18973149535723176508575932662800702e+4932F128 -D__FLT64_NORM_MAX__=1.79769313486231570814527423731704357e+308F64 -D__FLT128_HAS_QUIET_NAN__=1 -D__INTMAX_MAX__=0x7fffffffffffffffL '-D__INT_FAST8_TYPE__=signed char' -D__FLT64X_MIN__=3.36210314311209350626267781732175260e-4932F64x -D__FLT64_HAS_DENORM__=1 -D__FLT32_EPSILON__=1.19209289550781250000000000000000000e-7F32 -D__FLT16_HAS_DENORM__=1 -D__DBL_DECIMAL_DIG__=17 -D__STDC_UTF_32__=1 -D__INT_FAST8_WIDTH__=8 -D__FXSR__=1 -D__FLT32X_MAX__=1.79769313486231570814527423731704357e+308F32x '-D__DBL_NORM_MAX__=((double)1.79769313486231570814527423731704357e+308L)' -D__BYTE_ORDER__=__ORDER_LITTLE_ENDIAN__ -D__GCC_DESTRUCTIVE_SIZE=64 -D__INTMAX_WIDTH__=64 -D__FLT32_DIG__=6 '-D__UINT32_C(c)=c ## U' -D__FLT_DENORM_MIN__=1.40129846432481707092372958328991613e-45F -D__INT8_MAX__=0x7f -D__LONG_WIDTH__=64 '-D__DBL_MIN__=((double)2.22507385850720138309023271733240406e-308L)' -D__PIC__=2 -D__INT32_MAX__=0x7fffffff '-D__UINT_FAST32_TYPE__=long unsigned int' -D__FLT32X_NORM_MAX__=1.79769313486231570814527423731704357e+308F32x -D__FLT_MAX__=3.40282346638528859811704183484516925e+38F -D__SSE2__=1 -D__INT32_TYPE__=int -D__SIZEOF_DOUBLE__=8 '-D__FLT_MIN_10_EXP__=(-37)' -D__FLT64_MIN__=2.22507385850720138309023271733240406e-308F64 -D__INT_LEAST32_WIDTH__=32 '-D__INTMAX_TYPE__=long int' -D__FLT32X_HAS_QUIET_NAN__=1 -D__ATOMIC_CONSUME=1 -D__UINTMAX_MAX__=0xffffffffffffffffUL -D__PIE__=2 -D__FLT32X_DENORM_MIN__=4.94065645841246544176568792868221372e-324F32x -D__DBL_MAX_10_EXP__=308 -D__LDBL_DENORM_MIN__=3.64519953188247460252840593361941982e-4951L '-D__INT16_C(c)=c' '-D__PTRDIFF_TYPE__=long int' '-D__FLT32X_MIN_10_EXP__=(-307)' '-D__UINTPTR_TYPE__=long unsigned int' -D__DEC64_SUBNORMAL_MIN__=0.000000000000001E-383DD -D__DEC128_MANT_DIG__=34 '-D__LDBL_MIN_10_EXP__=(-4931)' -D__SIZEOF_LONG_LONG__=8 -D__FLT128_DECIMAL_DIG__=36 -D__GCC_ATOMIC_LLONG_LOCK_FREE=2 -D__FLT32_HAS_QUIET_NAN__=1 -D__FLT_DECIMAL_DIG__=9 -D__UINT_FAST16_MAX__=0xffffffffffffffffUL -D__LDBL_NORM_MAX__=1.18973149535723176502126385303097021e+4932L -D__GCC_ATOMIC_SHORT_LOCK_FREE=2 -D__SIZE_MAX__=0xffffffffffffffffUL '-D__UINT_FAST8_TYPE__=unsigned char' -D__ATOMIC_ACQ_REL=4 -D__ATOMIC_RELEASE=3 -I/usr/lib/gcc/x86_64-linux-gnu/13/include -I/usr/local/include -I/usr/include/x86_64-linux-gnu -I/usr/include -- test1.c
[E 03:59:30 22075] CODEQL_EXTRACTOR_CPP_TRAP_CACHING is not set
[E 03:59:30 22075] CODEQL_EXTRACTOR_CPP_OPTION_TRAP_CACHE_WRITE is not set
[E 03:59:30 22075] CODEQL_EXTRACTOR_CPP_OPTION_TRAP_CACHE_DIR is not set
[E 03:59:30 22075] Initialising TRAP cache at path: 7c/94ed/ed6a6722a857d655f96e66d23166
[E 03:59:30 22075] Not using TRAP cache
[E 03:59:30 22075] TRAP cache miss
[E 03:59:30 22075] Starting compilation TRAP /home/test/my-awesome-project/CISB/server/env:builtinreplace/db-l43/trap/cpp/compilations/14/6051101_0.trap.zst
[E 03:59:30 22075] Archiving /home/test/my-awesome-project/CISB/server/env:builtinreplace/db-l43/src/home/test/my-awesome-project/CISB/server/env:builtinreplace/test1.c
[E 03:59:30 22075] Archiving /home/test/my-awesome-project/CISB/server/env:builtinreplace/db-l43/src/usr/include/stdio.h
[E 03:59:30 22075] Archiving /home/test/my-awesome-project/CISB/server/env:builtinreplace/db-l43/src/usr/include/x86_64-linux-gnu/bits/libc-header-start.h
[E 03:59:30 22075] Archiving /home/test/my-awesome-project/CISB/server/env:builtinreplace/db-l43/src/usr/include/features.h
[E 03:59:30 22075] Archiving /home/test/my-awesome-project/CISB/server/env:builtinreplace/db-l43/src/usr/include/features-time64.h
[E 03:59:30 22075] Archiving /home/test/my-awesome-project/CISB/server/env:builtinreplace/db-l43/src/usr/include/x86_64-linux-gnu/bits/wordsize.h
[E 03:59:30 22075] Archiving /home/test/my-awesome-project/CISB/server/env:builtinreplace/db-l43/src/usr/include/x86_64-linux-gnu/bits/timesize.h
[E 03:59:30 22075] Already archived /home/test/my-awesome-project/CISB/server/env:builtinreplace/db-l43/src/usr/include/x86_64-linux-gnu/bits/wordsize.h
[E 03:59:30 22075] Archiving /home/test/my-awesome-project/CISB/server/env:builtinreplace/db-l43/src/usr/include/stdc-predef.h
[E 03:59:30 22075] Archiving /home/test/my-awesome-project/CISB/server/env:builtinreplace/db-l43/src/usr/include/x86_64-linux-gnu/sys/cdefs.h
[E 03:59:30 22075] Already archived /home/test/my-awesome-project/CISB/server/env:builtinreplace/db-l43/src/usr/include/x86_64-linux-gnu/bits/wordsize.h
[E 03:59:30 22075] Archiving /home/test/my-awesome-project/CISB/server/env:builtinreplace/db-l43/src/usr/include/x86_64-linux-gnu/bits/long-double.h
[E 03:59:30 22075] Archiving /home/test/my-awesome-project/CISB/server/env:builtinreplace/db-l43/src/usr/include/x86_64-linux-gnu/gnu/stubs.h
[E 03:59:30 22075] Archiving /home/test/my-awesome-project/CISB/server/env:builtinreplace/db-l43/src/usr/include/x86_64-linux-gnu/gnu/stubs-64.h
[E 03:59:30 22075] Archiving /home/test/my-awesome-project/CISB/server/env:builtinreplace/db-l43/src/usr/lib/gcc/x86_64-linux-gnu/13/include/stddef.h
[E 03:59:30 22075] Archiving /home/test/my-awesome-project/CISB/server/env:builtinreplace/db-l43/src/usr/lib/gcc/x86_64-linux-gnu/13/include/stdarg.h
[E 03:59:30 22075] Archiving /home/test/my-awesome-project/CISB/server/env:builtinreplace/db-l43/src/usr/include/x86_64-linux-gnu/bits/types.h
[E 03:59:30 22075] Already archived /home/test/my-awesome-project/CISB/server/env:builtinreplace/db-l43/src/usr/include/x86_64-linux-gnu/bits/wordsize.h
[E 03:59:30 22075] Already archived /home/test/my-awesome-project/CISB/server/env:builtinreplace/db-l43/src/usr/include/x86_64-linux-gnu/bits/timesize.h
[E 03:59:30 22075] Already archived /home/test/my-awesome-project/CISB/server/env:builtinreplace/db-l43/src/usr/include/x86_64-linux-gnu/bits/wordsize.h
[E 03:59:30 22075] Archiving /home/test/my-awesome-project/CISB/server/env:builtinreplace/db-l43/src/usr/include/x86_64-linux-gnu/bits/typesizes.h
[E 03:59:30 22075] Archiving /home/test/my-awesome-project/CISB/server/env:builtinreplace/db-l43/src/usr/include/x86_64-linux-gnu/bits/time64.h
[E 03:59:30 22075] Archiving /home/test/my-awesome-project/CISB/server/env:builtinreplace/db-l43/src/usr/include/x86_64-linux-gnu/bits/types/__fpos_t.h
[E 03:59:30 22075] Archiving /home/test/my-awesome-project/CISB/server/env:builtinreplace/db-l43/src/usr/include/x86_64-linux-gnu/bits/types/__mbstate_t.h
[E 03:59:30 22075] Archiving /home/test/my-awesome-project/CISB/server/env:builtinreplace/db-l43/src/usr/include/x86_64-linux-gnu/bits/types/__fpos64_t.h
[E 03:59:30 22075] Archiving /home/test/my-awesome-project/CISB/server/env:builtinreplace/db-l43/src/usr/include/x86_64-linux-gnu/bits/types/__FILE.h
[E 03:59:30 22075] Archiving /home/test/my-awesome-project/CISB/server/env:builtinreplace/db-l43/src/usr/include/x86_64-linux-gnu/bits/types/FILE.h
[E 03:59:30 22075] Archiving /home/test/my-awesome-project/CISB/server/env:builtinreplace/db-l43/src/usr/include/x86_64-linux-gnu/bits/types/struct_FILE.h
[E 03:59:30 22075] Archiving /home/test/my-awesome-project/CISB/server/env:builtinreplace/db-l43/src/usr/include/x86_64-linux-gnu/bits/types/cookie_io_functions_t.h
[E 03:59:30 22075] Archiving /home/test/my-awesome-project/CISB/server/env:builtinreplace/db-l43/src/usr/include/x86_64-linux-gnu/bits/stdio_lim.h
[E 03:59:30 22075] Archiving /home/test/my-awesome-project/CISB/server/env:builtinreplace/db-l43/src/usr/include/x86_64-linux-gnu/bits/floatn.h
[E 03:59:30 22075] Archiving /home/test/my-awesome-project/CISB/server/env:builtinreplace/db-l43/src/usr/include/x86_64-linux-gnu/bits/floatn-common.h
[E 03:59:30 22075] Already archived /home/test/my-awesome-project/CISB/server/env:builtinreplace/db-l43/src/usr/include/x86_64-linux-gnu/bits/long-double.h
[E 03:59:30 22075] Creating trap tarball /home/test/my-awesome-project/CISB/server/env:builtinreplace/db-l43/trap/cpp/tarballs/home/test/my-awesome-project/CISB/server/env_builtinreplace/test1.c.d2307946_0.trap.tar.zst
[E 03:59:30 22075] Emitting trap files for test1.c
[E 03:59:30 22075] Opening existencedb in /home/test/my-awesome-project/CISB/server/env:builtinreplace/db-l43/working/existencedb/db
[E 03:59:30 22075] Wrote 28 files to /home/test/my-awesome-project/CISB/server/env:builtinreplace/db-l43/trap/cpp/tarballs/home/test/my-awesome-project/CISB/server/env_builtinreplace/test1.c.d2307946_0.trap.tar.zst
[E 03:59:30 22075] Finished compilation TRAP /home/test/my-awesome-project/CISB/server/env:builtinreplace/db-l43/trap/cpp/compilations/14/6051101_0.trap.zst
[E 03:59:30 22075] Marking C compilation as happened.
[E 03:59:30 22075] Setting tag c-compilation-happened
[E 03:59:30 22075] Starting from CODEQL_TRACER_DB_ID 0000000000005639_0000000000000001
[E 03:59:30 22075] Locking DB /home/test/my-awesome-project/CISB/server/env:builtinreplace/db-l43/working/tags.db
[E 03:59:30 22075] Locked DB /home/test/my-awesome-project/CISB/server/env:builtinreplace/db-l43/working/tags.db
[E 03:59:30 22075] Set tag for 0000000000005639_0000000000000001
[E 03:59:30 22075] Set tag for 0000000000005637_0000000000000001
[E 03:59:30 22075] Set tag for 0000000000005633_0000000000000003
[E 03:59:30 22075] Set tag for 0000000000005633_0000000000000002
[E 03:59:30 22075] Set tag for root
[E 03:59:30 22075] Unlocking DB
[E 03:59:30 22075] Unlocked DB
[E 03:59:30 22075] Extractor exited successfully
[T 03:59:30 22073] Extractor /mnt/c/Tools/codeql/cpp/tools/linux64/extractor terminated with exit code 0.
[T 03:59:30 22275] Initializing tracer.
[T 03:59:30 22275] Initializing tags.
[T 03:59:30 22275] ID set to 0000000000005703_0000000000000001 (parent 0000000000005637_0000000000000001)
[T 03:59:30 22275] ==== Candidate to intercept: as (canonical: /usr/bin/as) ====
[T 03:59:30 22275] Lua: === Intercepted call to /usr/bin/as ===
[T 03:59:30 22275] Executing the following tracer actions:
[T 03:59:30 22275] Tracer actions:
[T 03:59:30 22275] pre_invocations(0)
[T 03:59:30 22275] post_invocations(1)
[T 03:59:30 22275] invocation: /mnt/c/Tools/codeql/cpp/tools/linux64/extractor, args: [--assembler, --codeql-assembler-executable, /usr/bin/as, --64, -o, test1.o, /tmp/cc8Ezkva.s]
[T 03:59:30 22275] trace_languages(1): [cpp]
[T 03:59:30 22277] Attempting to switch stdout/stderr to 4...
[T 03:59:30 22277] Initializing tracer.
[T 03:59:30 22277] Initializing tags.
[T 03:59:30 22277] ID set to 0000000000005705_0000000000000001 (parent 0000000000005703_0000000000000001)
[E 03:59:30 22277] CodeQL C/C++ Extractor 2.25.1
[E 03:59:30 22277] Current directory: /home/test/my-awesome-project/CISB/server/env:builtinreplace
[E 03:59:30 22277] Command: /mnt/c/Tools/codeql/cpp/tools/linux64/extractor --assembler --codeql-assembler-executable /usr/bin/as --64 -o test1.o /tmp/cc8Ezkva.s
[E 03:59:30 22277] Extractor exited after mimicking assembler
[T 03:59:30 22275] Extractor /mnt/c/Tools/codeql/cpp/tools/linux64/extractor terminated with exit code 0.
[T 03:59:30 22320] Attempting to switch stdout/stderr to 4...
[T 03:59:30 22320] Initializing tracer.
[T 03:59:30 22320] Initializing tags.
[T 03:59:30 22320] ID set to 0000000000005730_0000000000000001 (parent 0000000000005637_0000000000000001)
[E 03:59:30 22320] CodeQL C/C++ Extractor 2.25.1
[E 03:59:30 22320] Current directory: /home/test/my-awesome-project/CISB/server/env:builtinreplace
[E 03:59:30 22320] Command: /mnt/c/Tools/codeql/cpp/tools/linux64/extractor --mimic /usr/bin/x86_64-linux-gnu-gcc-13 -c -o test1.o test1.c
[T 03:59:30 22349] Initializing tracer.
[T 03:59:30 22349] Initializing tags.
[T 03:59:30 22349] ID set to 000000000000574D_0000000000000001 (parent 0000000000005730_0000000000000001)
[T 03:59:30 22349] ==== Candidate to intercept: /usr/bin/x86_64-linux-gnu-gcc-13 (canonical: /usr/bin/x86_64-linux-gnu-gcc-13) ====
[T 03:59:30 22349] Lua: === Intercepted call to /usr/bin/x86_64-linux-gnu-gcc-13 ===
[T 03:59:30 22349] Executing the following tracer actions:
[T 03:59:30 22349] Tracer actions:
[T 03:59:30 22349] pre_invocations(0)
[T 03:59:30 22349] post_invocations(1)
[T 03:59:30 22349] invocation: /mnt/c/Tools/codeql/cpp/tools/linux64/extractor, args: [--mimic, /usr/bin/x86_64-linux-gnu-gcc-13, --version]
[T 03:59:30 22349] trace_languages(1): [cpp]
[T 03:59:30 22352] Attempting to switch stdout/stderr to 7...
[T 03:59:30 22352] Initializing tracer.
[T 03:59:30 22352] Initializing tags.
[T 03:59:30 22352] ID set to 0000000000005750_0000000000000001 (parent 000000000000574D_0000000000000001)
[E 03:59:30 22352] Mimicry classification suppression detected; exiting.
[E 03:59:30 22352] Extractor exited successfully
[T 03:59:30 22349] Extractor /mnt/c/Tools/codeql/cpp/tools/linux64/extractor terminated with exit code 0.
[T 03:59:30 22366] Initializing tracer.
[T 03:59:30 22366] Initializing tags.
[T 03:59:30 22366] ID set to 000000000000575E_0000000000000001 (parent 0000000000005730_0000000000000001)
[T 03:59:30 22366] ==== Candidate to intercept: /usr/bin/x86_64-linux-gnu-gcc-13 (canonical: /usr/bin/x86_64-linux-gnu-gcc-13) ====
[T 03:59:30 22366] Lua: === Intercepted call to /usr/bin/x86_64-linux-gnu-gcc-13 ===
[T 03:59:30 22366] Executing the following tracer actions:
[T 03:59:30 22366] Tracer actions:
[T 03:59:30 22366] pre_invocations(0)
[T 03:59:30 22366] post_invocations(1)
[T 03:59:30 22366] invocation: /mnt/c/Tools/codeql/cpp/tools/linux64/extractor, args: [--mimic, /usr/bin/x86_64-linux-gnu-gcc-13, --help]
[T 03:59:30 22366] trace_languages(1): [cpp]
[T 03:59:30 22368] Attempting to switch stdout/stderr to 7...
[T 03:59:30 22368] Initializing tracer.
[T 03:59:30 22368] Initializing tags.
[T 03:59:30 22368] ID set to 0000000000005760_0000000000000001 (parent 000000000000575E_0000000000000001)
[E 03:59:30 22368] Mimicry classification suppression detected; exiting.
[E 03:59:30 22368] Extractor exited successfully
[T 03:59:30 22366] Extractor /mnt/c/Tools/codeql/cpp/tools/linux64/extractor terminated with exit code 0.
[T 03:59:30 22369] Initializing tracer.
[T 03:59:30 22369] Initializing tags.
[T 03:59:30 22369] ID set to 0000000000005761_0000000000000001 (parent 0000000000005730_0000000000000001)
[T 03:59:30 22369] ==== Candidate to intercept: /usr/bin/x86_64-linux-gnu-gcc-13 (canonical: /usr/bin/x86_64-linux-gnu-gcc-13) ====
[T 03:59:30 22369] Lua: === Intercepted call to /usr/bin/x86_64-linux-gnu-gcc-13 ===
[T 03:59:30 22369] Executing the following tracer actions:
[T 03:59:30 22369] Tracer actions:
[T 03:59:30 22369] pre_invocations(0)
[T 03:59:30 22369] post_invocations(1)
[T 03:59:30 22369] invocation: /mnt/c/Tools/codeql/cpp/tools/linux64/extractor, args: [--mimic, /usr/bin/x86_64-linux-gnu-gcc-13, -nostdinc, -o, /home/test/my-awesome-project/CISB/server/env:builtinreplace/db-l43/working/tmp//semmle_2_22320_855790.o, -c, /home/test/my-awesome-project/CISB/server/env:builtinreplace/db-l43/working/tmp//semmle_1_22320_855684.c]
[T 03:59:30 22369] trace_languages(1): [cpp]
[T 03:59:30 22371] Initializing tracer.
[T 03:59:30 22371] Initializing tags.
[T 03:59:30 22371] ID set to 0000000000005763_0000000000000001 (parent 0000000000005761_0000000000000001)
[T 03:59:30 22371] ==== Candidate to intercept: /usr/libexec/gcc/x86_64-linux-gnu/13/cc1 (canonical: /usr/libexec/gcc/x86_64-linux-gnu/13/cc1) ====
[T 03:59:30 22371] Lua: === Intercepted call to /usr/libexec/gcc/x86_64-linux-gnu/13/cc1 ===
[T 03:59:30 22371] Executing the following tracer actions:
[T 03:59:30 22371] Tracer actions:
[T 03:59:30 22371] pre_invocations(0)
[T 03:59:30 22371] post_invocations(1)
[T 03:59:30 22371] invocation: /mnt/c/Tools/codeql/cpp/tools/linux64/extractor, args: [--mimic, /usr/libexec/gcc/x86_64-linux-gnu/13/cc1, -quiet, -nostdinc, -imultiarch, x86_64-linux-gnu, /home/test/my-awesome-project/CISB/server/env:builtinreplace/db-l43/working/tmp//semmle_1_22320_855684.c, -quiet, -dumpdir, /home/test/my-awesome-project/CISB/server/env:builtinreplace/db-l43/working/tmp//, -dumpbase, semmle_2_22320_855790.c, -dumpbase-ext, .c, -mtune=generic, -march=x86-64, -fasynchronous-unwind-tables, -fstack-protector-strong, -Wformat, -Wformat-security, -fstack-clash-protection, -fcf-protection, -o, /tmp/ccJ8feAA.s]
[T 03:59:30 22371] trace_languages(1): [cpp]
[T 03:59:30 22387] Attempting to switch stdout/stderr to 7...
[T 03:59:30 22387] Initializing tracer.
[T 03:59:30 22387] Initializing tags.
[T 03:59:30 22387] ID set to 0000000000005773_0000000000000001 (parent 0000000000005763_0000000000000001)
[E 03:59:30 22387] Mimicry classification suppression detected; exiting.
[E 03:59:30 22387] Extractor exited successfully
[T 03:59:30 22371] Extractor /mnt/c/Tools/codeql/cpp/tools/linux64/extractor terminated with exit code 0.
[T 03:59:30 22395] Initializing tracer.
[T 03:59:30 22395] Initializing tags.
[T 03:59:30 22395] ID set to 000000000000577B_0000000000000001 (parent 0000000000005761_0000000000000001)
[T 03:59:30 22395] ==== Candidate to intercept: as (canonical: /usr/bin/as) ====
[T 03:59:30 22395] Lua: === Intercepted call to /usr/bin/as ===
[T 03:59:30 22395] Executing the following tracer actions:
[T 03:59:30 22395] Tracer actions:
[T 03:59:30 22395] pre_invocations(0)
[T 03:59:30 22395] post_invocations(1)
[T 03:59:30 22395] invocation: /mnt/c/Tools/codeql/cpp/tools/linux64/extractor, args: [--assembler, --codeql-assembler-executable, /usr/bin/as, --64, -o, /home/test/my-awesome-project/CISB/server/env:builtinreplace/db-l43/working/tmp//semmle_2_22320_855790.o, /tmp/ccJ8feAA.s]
[T 03:59:30 22395] trace_languages(1): [cpp]
[T 03:59:30 22404] Attempting to switch stdout/stderr to 7...
[T 03:59:30 22404] Initializing tracer.
[T 03:59:30 22404] Initializing tags.
[T 03:59:30 22404] ID set to 0000000000005784_0000000000000001 (parent 000000000000577B_0000000000000001)
[E 03:59:30 22404] Mimicry classification suppression detected; exiting.
[E 03:59:30 22404] Extractor exited successfully
[T 03:59:30 22395] Extractor /mnt/c/Tools/codeql/cpp/tools/linux64/extractor terminated with exit code 0.
[T 03:59:30 22405] Attempting to switch stdout/stderr to 7...
[T 03:59:30 22405] Initializing tracer.
[T 03:59:30 22405] Initializing tags.
[T 03:59:30 22405] ID set to 0000000000005785_0000000000000001 (parent 0000000000005761_0000000000000001)
[E 03:59:30 22405] Mimicry classification suppression detected; exiting.
[E 03:59:30 22405] Extractor exited successfully
[T 03:59:30 22369] Extractor /mnt/c/Tools/codeql/cpp/tools/linux64/extractor terminated with exit code 0.
[T 03:59:30 22406] Initializing tracer.
[T 03:59:30 22406] Initializing tags.
[T 03:59:30 22406] ID set to 0000000000005786_0000000000000001 (parent 0000000000005730_0000000000000001)
[T 03:59:30 22406] ==== Candidate to intercept: /usr/bin/x86_64-linux-gnu-gcc-13 (canonical: /usr/bin/x86_64-linux-gnu-gcc-13) ====
[T 03:59:30 22406] Lua: === Intercepted call to /usr/bin/x86_64-linux-gnu-gcc-13 ===
[T 03:59:30 22406] Executing the following tracer actions:
[T 03:59:30 22406] Tracer actions:
[T 03:59:30 22406] pre_invocations(0)
[T 03:59:30 22406] post_invocations(1)
[T 03:59:30 22406] invocation: /mnt/c/Tools/codeql/cpp/tools/linux64/extractor, args: [--mimic, /usr/bin/x86_64-linux-gnu-gcc-13, -nostdinc, -o, /home/test/my-awesome-project/CISB/server/env:builtinreplace/db-l43/working/tmp//semmle_4_22320_933583.o, -c, /home/test/my-awesome-project/CISB/server/env:builtinreplace/db-l43/working/tmp//semmle_3_22320_933521.c]
[T 03:59:30 22406] trace_languages(1): [cpp]
[T 03:59:30 22408] Initializing tracer.
[T 03:59:30 22408] Initializing tags.
[T 03:59:30 22408] ID set to 0000000000005788_0000000000000001 (parent 0000000000005786_0000000000000001)
[T 03:59:30 22408] ==== Candidate to intercept: /usr/libexec/gcc/x86_64-linux-gnu/13/cc1 (canonical: /usr/libexec/gcc/x86_64-linux-gnu/13/cc1) ====
[T 03:59:30 22408] Lua: === Intercepted call to /usr/libexec/gcc/x86_64-linux-gnu/13/cc1 ===
[T 03:59:30 22408] Executing the following tracer actions:
[T 03:59:30 22408] Tracer actions:
[T 03:59:30 22408] pre_invocations(0)
[T 03:59:30 22408] post_invocations(1)
[T 03:59:30 22408] invocation: /mnt/c/Tools/codeql/cpp/tools/linux64/extractor, args: [--mimic, /usr/libexec/gcc/x86_64-linux-gnu/13/cc1, -quiet, -nostdinc, -imultiarch, x86_64-linux-gnu, /home/test/my-awesome-project/CISB/server/env:builtinreplace/db-l43/working/tmp//semmle_3_22320_933521.c, -quiet, -dumpdir, /home/test/my-awesome-project/CISB/server/env:builtinreplace/db-l43/working/tmp//, -dumpbase, semmle_4_22320_933583.c, -dumpbase-ext, .c, -mtune=generic, -march=x86-64, -fasynchronous-unwind-tables, -fstack-protector-strong, -Wformat, -Wformat-security, -fstack-clash-protection, -fcf-protection, -o, /tmp/ccElLdI6.s]
[T 03:59:30 22408] trace_languages(1): [cpp]
[T 03:59:30 22411] Attempting to switch stdout/stderr to 7...
[T 03:59:30 22411] Initializing tracer.
[T 03:59:30 22411] Initializing tags.
[T 03:59:30 22411] ID set to 000000000000578B_0000000000000001 (parent 0000000000005788_0000000000000001)
[E 03:59:30 22411] Mimicry classification suppression detected; exiting.
[E 03:59:30 22411] Extractor exited successfully
[T 03:59:30 22408] Extractor /mnt/c/Tools/codeql/cpp/tools/linux64/extractor terminated with exit code 0.
[T 03:59:30 22425] Attempting to switch stdout/stderr to 7...
[T 03:59:30 22425] Initializing tracer.
[T 03:59:30 22425] Initializing tags.
[T 03:59:30 22425] ID set to 0000000000005799_0000000000000001 (parent 0000000000005786_0000000000000001)
[E 03:59:30 22425] Mimicry classification suppression detected; exiting.
[E 03:59:30 22425] Extractor exited successfully
[T 03:59:30 22406] Extractor /mnt/c/Tools/codeql/cpp/tools/linux64/extractor terminated with exit code 0.
[E 03:59:30 22320] Checking whether C compilation already happened.
[E 03:59:30 22320] Checking for tag c-compilation-happened
[E 03:59:30 22320] Checking CODEQL_TRACER_DB_ID 0000000000005637_0000000000000001
[E 03:59:30 22320] Locking DB /home/test/my-awesome-project/CISB/server/env:builtinreplace/db-l43/working/tags.db
[E 03:59:30 22320] Locked DB /home/test/my-awesome-project/CISB/server/env:builtinreplace/db-l43/working/tags.db
[E 03:59:30 22320] Unlocking DB
[E 03:59:30 22320] Unlocked DB
[E 03:59:30 22320] Exiting as C compilation already happened.
[T 03:59:30 22071] Extractor /mnt/c/Tools/codeql/cpp/tools/linux64/extractor terminated with exit code 0.
