[T 02:49:33 22536] CodeQL CLI version 2.25.1
[T 02:49:33 22536] Initializing tracer.
[T 02:49:33 22536] Initializing tags.
[T 02:49:33 22536] ID set to 0000000000005808_0000000000000001 (parent root)
[T 02:49:33 22536] Initializing tracer.
[T 02:49:33 22536] Initializing tags.
[T 02:49:33 22536] ID set to 0000000000005808_0000000000000002 (parent root)
[T 02:49:33 22536] Warning: SEMMLE_EXEC and SEMMLE_EXECP not set. Falling back to path lookup on argv[0].
[T 02:49:33 22536] ==== Candidate to intercept: /mnt/c/Tools/codeql/tools/linux64/runner-linux (canonical: /mnt/c/Tools/codeql/tools/linux64/runner-linux) ====
[T 02:49:33 22536] Executing the following tracer actions:
[T 02:49:33 22536] Tracer actions:
[T 02:49:33 22536] pre_invocations(0)
[T 02:49:33 22536] post_invocations(0)
[T 02:49:33 22536] trace_languages(1): [cpp]
[T 02:49:33 22536] Initializing tracer.
[T 02:49:33 22536] Initializing tags.
[T 02:49:33 22536] ID set to 0000000000005808_0000000000000003 (parent 0000000000005808_0000000000000002)
[T 02:49:33 22536] ==== Candidate to intercept: make (canonical: /usr/bin/make) ====
[T 02:49:33 22536] Executing the following tracer actions:
[T 02:49:33 22536] Tracer actions:
[T 02:49:33 22536] pre_invocations(0)
[T 02:49:33 22536] post_invocations(0)
[T 02:49:33 22536] trace_languages(1): [cpp]
[T 02:49:33 22541] Initializing tracer.
[T 02:49:33 22541] Initializing tags.
[T 02:49:33 22541] ID set to 000000000000580D_0000000000000001 (parent 0000000000005808_0000000000000003)
[T 02:49:33 22541] ==== Candidate to intercept: /usr/bin/gcc (canonical: /usr/bin/x86_64-linux-gnu-gcc-13) ====
[T 02:49:33 22541] Lua: === Intercepted call to /usr/bin/x86_64-linux-gnu-gcc-13 ===
[T 02:49:33 22541] Executing the following tracer actions:
[T 02:49:33 22541] Tracer actions:
[T 02:49:33 22541] pre_invocations(0)
[T 02:49:33 22541] post_invocations(1)
[T 02:49:33 22541] invocation: /mnt/c/Tools/codeql/cpp/tools/linux64/extractor, args: [--mimic, /usr/bin/x86_64-linux-gnu-gcc-13, -c, -o, test1.o, test1.c]
[T 02:49:33 22541] trace_languages(1): [cpp]
[T 02:49:33 22543] Initializing tracer.
[T 02:49:33 22543] Initializing tags.
[T 02:49:33 22543] ID set to 000000000000580F_0000000000000001 (parent 000000000000580D_0000000000000001)
[T 02:49:33 22543] ==== Candidate to intercept: /usr/libexec/gcc/x86_64-linux-gnu/13/cc1 (canonical: /usr/libexec/gcc/x86_64-linux-gnu/13/cc1) ====
[T 02:49:33 22543] Lua: === Intercepted call to /usr/libexec/gcc/x86_64-linux-gnu/13/cc1 ===
[T 02:49:33 22543] Executing the following tracer actions:
[T 02:49:33 22543] Tracer actions:
[T 02:49:33 22543] pre_invocations(0)
[T 02:49:33 22543] post_invocations(1)
[T 02:49:33 22543] invocation: /mnt/c/Tools/codeql/cpp/tools/linux64/extractor, args: [--mimic, /usr/libexec/gcc/x86_64-linux-gnu/13/cc1, -quiet, -imultiarch, x86_64-linux-gnu, test1.c, -quiet, -dumpbase, test1.c, -dumpbase-ext, .c, -mtune=generic, -march=x86-64, -fasynchronous-unwind-tables, -fstack-protector-strong, -Wformat, -Wformat-security, -fstack-clash-protection, -fcf-protection, -o, /tmp/ccOuiDqG.s]
[T 02:49:33 22543] trace_languages(1): [cpp]
[T 02:49:33 22545] Attempting to switch stdout/stderr to 4...
[T 02:49:33 22545] Initializing tracer.
[T 02:49:33 22545] Initializing tags.
[T 02:49:33 22545] ID set to 0000000000005811_0000000000000001 (parent 000000000000580F_0000000000000001)
[E 02:49:33 22545] CodeQL C/C++ Extractor 2.25.1
[E 02:49:33 22545] Current directory: /home/test/my-awesome-project/CISB/server/DBbyte
[E 02:49:33 22545] Command: /mnt/c/Tools/codeql/cpp/tools/linux64/extractor --mimic /usr/libexec/gcc/x86_64-linux-gnu/13/cc1 -quiet -imultiarch x86_64-linux-gnu test1.c -quiet -dumpbase test1.c -dumpbase-ext .c -mtune=generic -march=x86-64 -fasynchronous-unwind-tables -fstack-protector-strong -Wformat -Wformat-security -fstack-clash-protection -fcf-protection -o /tmp/ccOuiDqG.s
[T 02:49:33 22546] Initializing tracer.
[T 02:49:33 22546] Initializing tags.
[T 02:49:33 22546] ID set to 0000000000005812_0000000000000001 (parent 0000000000005811_0000000000000001)
[T 02:49:33 22546] ==== Candidate to intercept: /usr/libexec/gcc/x86_64-linux-gnu/13/cc1 (canonical: /usr/libexec/gcc/x86_64-linux-gnu/13/cc1) ====
[T 02:49:33 22546] Lua: === Intercepted call to /usr/libexec/gcc/x86_64-linux-gnu/13/cc1 ===
[T 02:49:33 22546] Executing the following tracer actions:
[T 02:49:33 22546] Tracer actions:
[T 02:49:33 22546] pre_invocations(0)
[T 02:49:33 22546] post_invocations(1)
[T 02:49:33 22546] invocation: /mnt/c/Tools/codeql/cpp/tools/linux64/extractor, args: [--mimic, /usr/libexec/gcc/x86_64-linux-gnu/13/cc1, --version]
[T 02:49:33 22546] trace_languages(1): [cpp]
[T 02:49:33 22548] Attempting to switch stdout/stderr to 7...
[T 02:49:33 22548] Initializing tracer.
[T 02:49:33 22548] Initializing tags.
[T 02:49:33 22548] ID set to 0000000000005814_0000000000000001 (parent 0000000000005812_0000000000000001)
[E 02:49:33 22548] Mimicry classification suppression detected; exiting.
[E 02:49:33 22548] Extractor exited successfully
[T 02:49:33 22546] Extractor /mnt/c/Tools/codeql/cpp/tools/linux64/extractor terminated with exit code 0.
[T 02:49:33 22549] Initializing tracer.
[T 02:49:33 22549] Initializing tags.
[T 02:49:33 22549] ID set to 0000000000005815_0000000000000001 (parent 0000000000005811_0000000000000001)
[T 02:49:33 22549] ==== Candidate to intercept: /usr/libexec/gcc/x86_64-linux-gnu/13/cc1 (canonical: /usr/libexec/gcc/x86_64-linux-gnu/13/cc1) ====
[T 02:49:33 22549] Lua: === Intercepted call to /usr/libexec/gcc/x86_64-linux-gnu/13/cc1 ===
[T 02:49:33 22549] Executing the following tracer actions:
[T 02:49:33 22549] Tracer actions:
[T 02:49:33 22549] pre_invocations(0)
[T 02:49:33 22549] post_invocations(1)
[T 02:49:33 22549] invocation: /mnt/c/Tools/codeql/cpp/tools/linux64/extractor, args: [--mimic, /usr/libexec/gcc/x86_64-linux-gnu/13/cc1, --help]
[T 02:49:33 22549] trace_languages(1): [cpp]
[T 02:49:33 22551] Attempting to switch stdout/stderr to 7...
[T 02:49:33 22551] Initializing tracer.
[T 02:49:33 22551] Initializing tags.
[T 02:49:33 22551] ID set to 0000000000005817_0000000000000001 (parent 0000000000005815_0000000000000001)
[E 02:49:33 22551] Mimicry classification suppression detected; exiting.
[E 02:49:33 22551] Extractor exited successfully
[T 02:49:33 22549] Extractor /mnt/c/Tools/codeql/cpp/tools/linux64/extractor terminated with exit code 0.
[T 02:49:33 22552] Initializing tracer.
[T 02:49:33 22552] Initializing tags.
[T 02:49:33 22552] ID set to 0000000000005818_0000000000000001 (parent 0000000000005811_0000000000000001)
[T 02:49:33 22552] ==== Candidate to intercept: /usr/libexec/gcc/x86_64-linux-gnu/13/cc1 (canonical: /usr/libexec/gcc/x86_64-linux-gnu/13/cc1) ====
[T 02:49:33 22552] Lua: === Intercepted call to /usr/libexec/gcc/x86_64-linux-gnu/13/cc1 ===
[T 02:49:33 22552] Executing the following tracer actions:
[T 02:49:33 22552] Tracer actions:
[T 02:49:33 22552] pre_invocations(0)
[T 02:49:33 22552] post_invocations(1)
[T 02:49:33 22552] invocation: /mnt/c/Tools/codeql/cpp/tools/linux64/extractor, args: [--mimic, /usr/libexec/gcc/x86_64-linux-gnu/13/cc1, -version, --help]
[T 02:49:33 22552] trace_languages(1): [cpp]
[T 02:49:33 22554] Attempting to switch stdout/stderr to 7...
[T 02:49:33 22554] Initializing tracer.
[T 02:49:33 22554] Initializing tags.
[T 02:49:33 22554] ID set to 000000000000581A_0000000000000001 (parent 0000000000005818_0000000000000001)
[E 02:49:33 22554] Mimicry classification suppression detected; exiting.
[E 02:49:33 22554] Extractor exited successfully
[T 02:49:33 22552] Extractor /mnt/c/Tools/codeql/cpp/tools/linux64/extractor terminated with exit code 0.
[T 02:49:33 22555] Initializing tracer.
[T 02:49:33 22555] Initializing tags.
[T 02:49:33 22555] ID set to 000000000000581B_0000000000000001 (parent 0000000000005811_0000000000000001)
[T 02:49:33 22555] ==== Candidate to intercept: /usr/libexec/gcc/x86_64-linux-gnu/13/cc1 (canonical: /usr/libexec/gcc/x86_64-linux-gnu/13/cc1) ====
[T 02:49:33 22555] Lua: === Intercepted call to /usr/libexec/gcc/x86_64-linux-gnu/13/cc1 ===
[T 02:49:33 22555] Executing the following tracer actions:
[T 02:49:33 22555] Tracer actions:
[T 02:49:33 22555] pre_invocations(0)
[T 02:49:33 22555] post_invocations(1)
[T 02:49:33 22555] invocation: /mnt/c/Tools/codeql/cpp/tools/linux64/extractor, args: [--mimic, /usr/libexec/gcc/x86_64-linux-gnu/13/cc1, -nostdinc, -o, /home/test/my-awesome-project/CISB/server/DBbyte/db-l44/working/tmp//semmle_2_22545_460844.o, /home/test/my-awesome-project/CISB/server/DBbyte/db-l44/working/tmp//semmle_1_22545_460768.c]
[T 02:49:33 22555] trace_languages(1): [cpp]
[T 02:49:33 22557] Attempting to switch stdout/stderr to 7...
[T 02:49:33 22557] Initializing tracer.
[T 02:49:33 22557] Initializing tags.
[T 02:49:33 22557] ID set to 000000000000581D_0000000000000001 (parent 000000000000581B_0000000000000001)
[E 02:49:33 22557] Mimicry classification suppression detected; exiting.
[E 02:49:33 22557] Extractor exited successfully
[T 02:49:33 22555] Extractor /mnt/c/Tools/codeql/cpp/tools/linux64/extractor terminated with exit code 0.
[T 02:49:33 22558] Initializing tracer.
[T 02:49:33 22558] Initializing tags.
[T 02:49:33 22558] ID set to 000000000000581E_0000000000000001 (parent 0000000000005811_0000000000000001)
[T 02:49:33 22558] ==== Candidate to intercept: /usr/libexec/gcc/x86_64-linux-gnu/13/cc1 (canonical: /usr/libexec/gcc/x86_64-linux-gnu/13/cc1) ====
[T 02:49:33 22558] Lua: === Intercepted call to /usr/libexec/gcc/x86_64-linux-gnu/13/cc1 ===
[T 02:49:33 22558] Executing the following tracer actions:
[T 02:49:33 22558] Tracer actions:
[T 02:49:33 22558] pre_invocations(0)
[T 02:49:33 22558] post_invocations(1)
[T 02:49:33 22558] invocation: /mnt/c/Tools/codeql/cpp/tools/linux64/extractor, args: [--mimic, /usr/libexec/gcc/x86_64-linux-gnu/13/cc1, -nostdinc, -o, /home/test/my-awesome-project/CISB/server/DBbyte/db-l44/working/tmp//semmle_4_22545_496061.o, /home/test/my-awesome-project/CISB/server/DBbyte/db-l44/working/tmp//semmle_3_22545_496007.c]
[T 02:49:33 22558] trace_languages(1): [cpp]
[T 02:49:33 22560] Attempting to switch stdout/stderr to 7...
[T 02:49:33 22560] Initializing tracer.
[T 02:49:33 22560] Initializing tags.
[T 02:49:33 22560] ID set to 0000000000005820_0000000000000001 (parent 000000000000581E_0000000000000001)
[E 02:49:33 22560] Mimicry classification suppression detected; exiting.
[E 02:49:33 22560] Extractor exited successfully
[T 02:49:33 22558] Extractor /mnt/c/Tools/codeql/cpp/tools/linux64/extractor terminated with exit code 0.
[E 02:49:33 22545] Checking whether C compilation already happened.
[E 02:49:33 22545] Checking for tag c-compilation-happened
[E 02:49:33 22545] Checking CODEQL_TRACER_DB_ID 000000000000580F_0000000000000001
[E 02:49:33 22545] Locking DB /home/test/my-awesome-project/CISB/server/DBbyte/db-l44/working/tags.db
[E 02:49:33 22545] Locked DB /home/test/my-awesome-project/CISB/server/DBbyte/db-l44/working/tags.db
[E 02:49:33 22545] Unlocking DB
[E 02:49:33 22545] Unlocked DB
[E 02:49:33 22545] Looks like C compilation didn't already happen.
[E 02:49:33 22545] Checking whether C compilation has been attempted.
[E 02:49:33 22545] Checking for tag c-compilation-attempted
[E 02:49:33 22545] Checking CODEQL_TRACER_DB_ID 000000000000580F_0000000000000001
[E 02:49:33 22545] Locking DB /home/test/my-awesome-project/CISB/server/DBbyte/db-l44/working/tags.db
[E 02:49:33 22545] Locked DB /home/test/my-awesome-project/CISB/server/DBbyte/db-l44/working/tags.db
[E 02:49:33 22545] Unlocking DB
[E 02:49:33 22545] Unlocked DB
[E 02:49:33 22545] Marking C compilation as attempted.
[E 02:49:33 22545] Setting tag c-compilation-attempted
[E 02:49:33 22545] Starting from CODEQL_TRACER_DB_ID 000000000000580F_0000000000000001
[E 02:49:33 22545] Locking DB /home/test/my-awesome-project/CISB/server/DBbyte/db-l44/working/tags.db
[E 02:49:33 22545] Locked DB /home/test/my-awesome-project/CISB/server/DBbyte/db-l44/working/tags.db
[E 02:49:33 22545] Set tag for 000000000000580F_0000000000000001
[E 02:49:33 22545] Set tag for 000000000000580D_0000000000000001
[E 02:49:33 22545] Set tag for 0000000000005808_0000000000000003
[E 02:49:33 22545] Set tag for 0000000000005808_0000000000000002
[E 02:49:33 22545] Set tag for root
[E 02:49:33 22545] Unlocking DB
[E 02:49:33 22545] Unlocked DB
[T 02:49:33 22561] Initializing tracer.
[T 02:49:33 22561] Initializing tags.
[T 02:49:33 22561] ID set to 0000000000005821_0000000000000001 (parent 0000000000005811_0000000000000001)
[T 02:49:33 22561] ==== Candidate to intercept: /usr/libexec/gcc/x86_64-linux-gnu/13/cc1 (canonical: /usr/libexec/gcc/x86_64-linux-gnu/13/cc1) ====
[T 02:49:33 22561] Lua: === Intercepted call to /usr/libexec/gcc/x86_64-linux-gnu/13/cc1 ===
[T 02:49:33 22561] Executing the following tracer actions:
[T 02:49:33 22561] Tracer actions:
[T 02:49:33 22561] pre_invocations(0)
[T 02:49:33 22561] post_invocations(1)
[T 02:49:33 22561] invocation: /mnt/c/Tools/codeql/cpp/tools/linux64/extractor, args: [--mimic, /usr/libexec/gcc/x86_64-linux-gnu/13/cc1, @/home/test/my-awesome-project/CISB/server/DBbyte/db-l44/working/tmp//semmle_6_22545_530712, -v, -fsyntax-only, /home/test/my-awesome-project/CISB/server/DBbyte/db-l44/working/tmp//semmle_7_22545_530824]
[T 02:49:33 22561] trace_languages(1): [cpp]
[T 02:49:33 22563] Attempting to switch stdout/stderr to 7...
[T 02:49:33 22563] Initializing tracer.
[T 02:49:33 22563] Initializing tags.
[T 02:49:33 22563] ID set to 0000000000005823_0000000000000001 (parent 0000000000005821_0000000000000001)
[E 02:49:33 22563] Mimicry classification suppression detected; exiting.
[E 02:49:33 22563] Extractor exited successfully
[T 02:49:33 22561] Extractor /mnt/c/Tools/codeql/cpp/tools/linux64/extractor terminated with exit code 0.
[T 02:49:33 22564] Initializing tracer.
[T 02:49:33 22564] Initializing tags.
[T 02:49:33 22564] ID set to 0000000000005824_0000000000000001 (parent 0000000000005811_0000000000000001)
[T 02:49:33 22564] ==== Candidate to intercept: /usr/libexec/gcc/x86_64-linux-gnu/13/cc1 (canonical: /usr/libexec/gcc/x86_64-linux-gnu/13/cc1) ====
[T 02:49:33 22564] Lua: === Intercepted call to /usr/libexec/gcc/x86_64-linux-gnu/13/cc1 ===
[T 02:49:33 22564] Executing the following tracer actions:
[T 02:49:33 22564] Tracer actions:
[T 02:49:33 22564] pre_invocations(0)
[T 02:49:33 22564] post_invocations(1)
[T 02:49:33 22564] invocation: /mnt/c/Tools/codeql/cpp/tools/linux64/extractor, args: [--mimic, /usr/libexec/gcc/x86_64-linux-gnu/13/cc1, @/home/test/my-awesome-project/CISB/server/DBbyte/db-l44/working/tmp//semmle_6_22545_530712, -E, -dM, /home/test/my-awesome-project/CISB/server/DBbyte/db-l44/working/tmp//semmle_8_22545_556582]
[T 02:49:33 22564] trace_languages(1): [cpp]
[T 02:49:33 22566] Attempting to switch stdout/stderr to 7...
[T 02:49:33 22566] Initializing tracer.
[T 02:49:33 22566] Initializing tags.
[T 02:49:33 22566] ID set to 0000000000005826_0000000000000001 (parent 0000000000005824_0000000000000001)
[E 02:49:33 22566] Mimicry classification suppression detected; exiting.
[E 02:49:33 22566] Extractor exited successfully
[T 02:49:33 22564] Extractor /mnt/c/Tools/codeql/cpp/tools/linux64/extractor terminated with exit code 0.
[T 02:49:33 22567] Initializing tracer.
[T 02:49:33 22567] Initializing tags.
[T 02:49:33 22567] ID set to 0000000000005827_0000000000000001 (parent 0000000000005811_0000000000000001)
[T 02:49:33 22567] ==== Candidate to intercept: /usr/libexec/gcc/x86_64-linux-gnu/13/cc1 (canonical: /usr/libexec/gcc/x86_64-linux-gnu/13/cc1) ====
[T 02:49:33 22567] Lua: === Intercepted call to /usr/libexec/gcc/x86_64-linux-gnu/13/cc1 ===
[T 02:49:33 22567] Executing the following tracer actions:
[T 02:49:33 22567] Tracer actions:
[T 02:49:33 22567] pre_invocations(0)
[T 02:49:33 22567] post_invocations(1)
[T 02:49:33 22567] invocation: /mnt/c/Tools/codeql/cpp/tools/linux64/extractor, args: [--mimic, /usr/libexec/gcc/x86_64-linux-gnu/13/cc1, @/home/test/my-awesome-project/CISB/server/DBbyte/db-l44/working/tmp//semmle_9_22545_585476, -o, /home/test/my-awesome-project/CISB/server/DBbyte/db-l44/working/tmp//semmle_11_22545_585669.o, /home/test/my-awesome-project/CISB/server/DBbyte/db-l44/working/tmp//semmle_10_22545_585628.c]
[T 02:49:33 22567] trace_languages(1): [cpp]
[T 02:49:33 22569] Attempting to switch stdout/stderr to 7...
[T 02:49:33 22569] Initializing tracer.
[T 02:49:33 22569] Initializing tags.
[T 02:49:33 22569] ID set to 0000000000005829_0000000000000001 (parent 0000000000005827_0000000000000001)
[E 02:49:33 22569] Mimicry classification suppression detected; exiting.
[E 02:49:33 22569] Extractor exited successfully
[T 02:49:33 22567] Extractor /mnt/c/Tools/codeql/cpp/tools/linux64/extractor terminated with exit code 0.
[T 02:49:33 22570] Initializing tracer.
[T 02:49:33 22570] Initializing tags.
[T 02:49:33 22570] ID set to 000000000000582A_0000000000000001 (parent 0000000000005811_0000000000000001)
[T 02:49:33 22570] ==== Candidate to intercept: /usr/libexec/gcc/x86_64-linux-gnu/13/cc1 (canonical: /usr/libexec/gcc/x86_64-linux-gnu/13/cc1) ====
[T 02:49:33 22570] Lua: === Intercepted call to /usr/libexec/gcc/x86_64-linux-gnu/13/cc1 ===
[T 02:49:33 22570] Executing the following tracer actions:
[T 02:49:33 22570] Tracer actions:
[T 02:49:33 22570] pre_invocations(0)
[T 02:49:33 22570] post_invocations(1)
[T 02:49:33 22570] invocation: /mnt/c/Tools/codeql/cpp/tools/linux64/extractor, args: [--mimic, /usr/libexec/gcc/x86_64-linux-gnu/13/cc1, @/home/test/my-awesome-project/CISB/server/DBbyte/db-l44/working/tmp//semmle_9_22545_585476, -o, /home/test/my-awesome-project/CISB/server/DBbyte/db-l44/working/tmp//semmle_13_22545_616952.o, /home/test/my-awesome-project/CISB/server/DBbyte/db-l44/working/tmp//semmle_12_22545_616895.c]
[T 02:49:33 22570] trace_languages(1): [cpp]
[T 02:49:33 22572] Attempting to switch stdout/stderr to 7...
[T 02:49:33 22572] Initializing tracer.
[T 02:49:33 22572] Initializing tags.
[T 02:49:33 22572] ID set to 000000000000582C_0000000000000001 (parent 000000000000582A_0000000000000001)
[E 02:49:33 22572] Mimicry classification suppression detected; exiting.
[E 02:49:33 22572] Extractor exited successfully
[T 02:49:33 22570] Extractor /mnt/c/Tools/codeql/cpp/tools/linux64/extractor terminated with exit code 0.
[T 02:49:33 22573] Initializing tracer.
[T 02:49:33 22573] Initializing tags.
[T 02:49:33 22573] ID set to 000000000000582D_0000000000000001 (parent 0000000000005811_0000000000000001)
[T 02:49:33 22573] ==== Candidate to intercept: /usr/libexec/gcc/x86_64-linux-gnu/13/cc1 (canonical: /usr/libexec/gcc/x86_64-linux-gnu/13/cc1) ====
[T 02:49:33 22573] Lua: === Intercepted call to /usr/libexec/gcc/x86_64-linux-gnu/13/cc1 ===
[T 02:49:33 22573] Executing the following tracer actions:
[T 02:49:33 22573] Tracer actions:
[T 02:49:33 22573] pre_invocations(0)
[T 02:49:33 22573] post_invocations(1)
[T 02:49:33 22573] invocation: /mnt/c/Tools/codeql/cpp/tools/linux64/extractor, args: [--mimic, /usr/libexec/gcc/x86_64-linux-gnu/13/cc1, @/home/test/my-awesome-project/CISB/server/DBbyte/db-l44/working/tmp//semmle_9_22545_585476, -o, /home/test/my-awesome-project/CISB/server/DBbyte/db-l44/working/tmp//semmle_15_22545_652132.o, /home/test/my-awesome-project/CISB/server/DBbyte/db-l44/working/tmp//semmle_14_22545_652089.c]
[T 02:49:33 22573] trace_languages(1): [cpp]
[T 02:49:33 22575] Attempting to switch stdout/stderr to 7...
[T 02:49:33 22575] Initializing tracer.
[T 02:49:33 22575] Initializing tags.
[T 02:49:33 22575] ID set to 000000000000582F_0000000000000001 (parent 000000000000582D_0000000000000001)
[E 02:49:33 22575] Mimicry classification suppression detected; exiting.
[E 02:49:33 22575] Extractor exited successfully
[T 02:49:33 22573] Extractor /mnt/c/Tools/codeql/cpp/tools/linux64/extractor terminated with exit code 0.
[T 02:49:33 22576] Initializing tracer.
[T 02:49:33 22576] Initializing tags.
[T 02:49:33 22576] ID set to 0000000000005830_0000000000000001 (parent 0000000000005811_0000000000000001)
[T 02:49:33 22576] ==== Candidate to intercept: /usr/libexec/gcc/x86_64-linux-gnu/13/cc1 (canonical: /usr/libexec/gcc/x86_64-linux-gnu/13/cc1) ====
[T 02:49:33 22576] Lua: === Intercepted call to /usr/libexec/gcc/x86_64-linux-gnu/13/cc1 ===
[T 02:49:33 22576] Executing the following tracer actions:
[T 02:49:33 22576] Tracer actions:
[T 02:49:33 22576] pre_invocations(0)
[T 02:49:33 22576] post_invocations(1)
[T 02:49:33 22576] invocation: /mnt/c/Tools/codeql/cpp/tools/linux64/extractor, args: [--mimic, /usr/libexec/gcc/x86_64-linux-gnu/13/cc1, @/home/test/my-awesome-project/CISB/server/DBbyte/db-l44/working/tmp//semmle_9_22545_585476, -o, /home/test/my-awesome-project/CISB/server/DBbyte/db-l44/working/tmp//semmle_17_22545_682092.o, /home/test/my-awesome-project/CISB/server/DBbyte/db-l44/working/tmp//semmle_16_22545_682001.c]
[T 02:49:33 22576] trace_languages(1): [cpp]
[T 02:49:33 22578] Attempting to switch stdout/stderr to 7...
[T 02:49:33 22578] Initializing tracer.
[T 02:49:33 22578] Initializing tags.
[T 02:49:33 22578] ID set to 0000000000005832_0000000000000001 (parent 0000000000005830_0000000000000001)
[E 02:49:33 22578] Mimicry classification suppression detected; exiting.
[E 02:49:33 22578] Extractor exited successfully
[T 02:49:33 22576] Extractor /mnt/c/Tools/codeql/cpp/tools/linux64/extractor terminated with exit code 0.
[T 02:49:33 22579] Initializing tracer.
[T 02:49:33 22579] Initializing tags.
[T 02:49:33 22579] ID set to 0000000000005833_0000000000000001 (parent 0000000000005811_0000000000000001)
[T 02:49:33 22579] ==== Candidate to intercept: /usr/libexec/gcc/x86_64-linux-gnu/13/cc1 (canonical: /usr/libexec/gcc/x86_64-linux-gnu/13/cc1) ====
[T 02:49:33 22579] Lua: === Intercepted call to /usr/libexec/gcc/x86_64-linux-gnu/13/cc1 ===
[T 02:49:33 22579] Executing the following tracer actions:
[T 02:49:33 22579] Tracer actions:
[T 02:49:33 22579] pre_invocations(0)
[T 02:49:33 22579] post_invocations(1)
[T 02:49:33 22579] invocation: /mnt/c/Tools/codeql/cpp/tools/linux64/extractor, args: [--mimic, /usr/libexec/gcc/x86_64-linux-gnu/13/cc1, @/home/test/my-awesome-project/CISB/server/DBbyte/db-l44/working/tmp//semmle_9_22545_585476, -o, /home/test/my-awesome-project/CISB/server/DBbyte/db-l44/working/tmp//semmle_19_22545_719265.o, /home/test/my-awesome-project/CISB/server/DBbyte/db-l44/working/tmp//semmle_18_22545_719216.c]
[T 02:49:33 22579] trace_languages(1): [cpp]
[T 02:49:33 22596] Attempting to switch stdout/stderr to 7...
[T 02:49:33 22596] Initializing tracer.
[T 02:49:33 22596] Initializing tags.
[T 02:49:33 22596] ID set to 0000000000005844_0000000000000001 (parent 0000000000005833_0000000000000001)
[E 02:49:33 22596] Mimicry classification suppression detected; exiting.
[E 02:49:33 22596] Extractor exited successfully
[T 02:49:33 22579] Extractor /mnt/c/Tools/codeql/cpp/tools/linux64/extractor terminated with exit code 0.
[T 02:49:33 22610] Initializing tracer.
[T 02:49:33 22610] Initializing tags.
[T 02:49:33 22610] ID set to 0000000000005852_0000000000000001 (parent 0000000000005811_0000000000000001)
[T 02:49:33 22610] ==== Candidate to intercept: /usr/libexec/gcc/x86_64-linux-gnu/13/cc1 (canonical: /usr/libexec/gcc/x86_64-linux-gnu/13/cc1) ====
[T 02:49:33 22610] Lua: === Intercepted call to /usr/libexec/gcc/x86_64-linux-gnu/13/cc1 ===
[T 02:49:33 22610] Executing the following tracer actions:
[T 02:49:33 22610] Tracer actions:
[T 02:49:33 22610] pre_invocations(0)
[T 02:49:33 22610] post_invocations(1)
[T 02:49:33 22610] invocation: /mnt/c/Tools/codeql/cpp/tools/linux64/extractor, args: [--mimic, /usr/libexec/gcc/x86_64-linux-gnu/13/cc1, @/home/test/my-awesome-project/CISB/server/DBbyte/db-l44/working/tmp//semmle_9_22545_585476, -o, /home/test/my-awesome-project/CISB/server/DBbyte/db-l44/working/tmp//semmle_21_22545_748653.o, /home/test/my-awesome-project/CISB/server/DBbyte/db-l44/working/tmp//semmle_20_22545_748601.c]
[T 02:49:33 22610] trace_languages(1): [cpp]
[T 02:49:33 22627] Attempting to switch stdout/stderr to 7...
[T 02:49:33 22627] Initializing tracer.
[T 02:49:33 22627] Initializing tags.
[T 02:49:33 22627] ID set to 0000000000005863_0000000000000001 (parent 0000000000005852_0000000000000001)
[E 02:49:33 22627] Mimicry classification suppression detected; exiting.
[E 02:49:33 22627] Extractor exited successfully
[T 02:49:33 22610] Extractor /mnt/c/Tools/codeql/cpp/tools/linux64/extractor terminated with exit code 0.
[E 02:49:33 22545] Processed command line: /mnt/c/Tools/codeql/cpp/tools/linux64/extractor --trapfolder /home/test/my-awesome-project/CISB/server/DBbyte/db-l44/trap/cpp --src_archive /home/test/my-awesome-project/CISB/server/DBbyte/db-l44/src --object_filename /tmp/ccOuiDqG.s --no_warnings_and_discretionary_errors --error_limit 1000 --disable_system_macros --variadic_macros --incognito --gcc --gnu_version 130300 --target linux_x86_64 '-D__DBL_MIN_EXP__=(-1021)' -D__UINT_LEAST16_MAX__=0xffff -D__FLT16_HAS_QUIET_NAN__=1 -D__ATOMIC_ACQUIRE=2 -D__FLT128_MAX_10_EXP__=4932 -D__FLT_MIN__=1.17549435082228750796873653722224568e-38F -D__GCC_IEC_559_COMPLEX=2 '-D__UINT_LEAST8_TYPE__=unsigned char' -D__SIZEOF_FLOAT80__=16 -D__BFLT16_DENORM_MIN__=9.18354961579912115600575419704879436e-41BF16 '-D__INTMAX_C(c)=c ## L' -D__CHAR_BIT__=8 -D__UINT8_MAX__=0xff -D__SCHAR_WIDTH__=8 -D__WINT_MAX__=0xffffffffU '-D__FLT32_MIN_EXP__=(-125)' -D__BFLT16_NORM_MAX__=3.38953138925153547590470800371487867e+38BF16 '-D__BFLT16_MIN_10_EXP__=(-37)' -D__ORDER_LITTLE_ENDIAN__=1234 -D__WCHAR_MAX__=0x7fffffff -D__GCC_HAVE_SYNC_COMPARE_AND_SWAP_2=1 -D__GCC_HAVE_SYNC_COMPARE_AND_SWAP_4=1 -D__GCC_HAVE_SYNC_COMPARE_AND_SWAP_8=1 -D__GCC_ATOMIC_CHAR_LOCK_FREE=2 -D__GCC_IEC_559=2 -D__FLT32X_DECIMAL_DIG__=17 -D__FLT_EVAL_METHOD__=0 -D__FLT64_DECIMAL_DIG__=17 -D__CET__=3 -D__GCC_ATOMIC_CHAR32_T_LOCK_FREE=2 -D__UINT_FAST64_MAX__=0xffffffffffffffffUL -D__SIG_ATOMIC_TYPE__=int '-D__DBL_MIN_10_EXP__=(-307)' -D__FINITE_MATH_ONLY__=0 -D__FLT32X_MAX_EXP__=1024 -D__GCC_HAVE_SYNC_COMPARE_AND_SWAP_1=1 -D__FLT32_HAS_DENORM__=1 -D__UINT_FAST8_MAX__=0xff -D__FLT32_MAX_10_EXP__=38 -D__DEC64_MAX_EXP__=385 '-D__INT8_C(c)=c' -D__INT_LEAST8_WIDTH__=8 -D__UINT_LEAST64_MAX__=0xffffffffffffffffUL -D__SHRT_MAX__=0x7fff -D__LDBL_MAX__=1.18973149535723176502126385303097021e+4932L -D__FLT64X_MAX_10_EXP__=4932 -D__BFLT16_MAX_10_EXP__=38 -D__BFLT16_MAX_EXP__=128 -D__LDBL_IS_IEC_60559__=1 -D__FLT64X_HAS_QUIET_NAN__=1 -D__UINT_LEAST8_MAX__=0xff -D__GCC_ATOMIC_BOOL_LOCK_FREE=2 -D__FLT128_DENORM_MIN__=6.47517511943802511092443895822764655e-4966F128 '-D__UINTMAX_TYPE__=long unsigned int' -D__BFLT16_DECIMAL_DIG__=4 -D__linux=1 -D__DEC32_EPSILON__=1E-6DF -D__FLT_EVAL_METHOD_TS_18661_3__=0 -D__UINT32_MAX__=0xffffffffU '-D__DBL_DENORM_MIN__=((double)4.94065645841246544176568792868221372e-324L)' '-D__FLT128_MIN_EXP__=(-16381)' -D__WINT_MIN__=0U '-D__FLT128_MIN_10_EXP__=(-4931)' -D__FLT32X_IS_IEC_60559__=1 -D__INT_LEAST16_WIDTH__=16 -D__SCHAR_MAX__=0x7f -D__FLT128_MANT_DIG__=113 '-D__WCHAR_MIN__=(-__WCHAR_MAX__ - 1)' '-D__INT64_C(c)=c ## L' -D__SSP_STRONG__=3 -D__GCC_ATOMIC_POINTER_LOCK_FREE=2 -D__ATOMIC_SEQ_CST=5 -D__unix=1 -D__INT_LEAST64_MAX__=0x7fffffffffffffffL -D__FLT32X_MANT_DIG__=53 -D__FLT64X_EPSILON__=1.08420217248550443400745280086994171e-19F64x '-D__DEC64_MIN_EXP__=(-382)' -D__DBL_DIG__=15 -D__FLT_EPSILON__=1.19209289550781250000000000000000000e-7F -D__SHRT_WIDTH__=16 -D__FLT32_IS_IEC_60559__=1 -D__LDBL_MIN__=3.36210314311209350626267781732175260e-4932L -D__STDC_UTF_16__=1 -D__DBL_IS_IEC_60559__=1 -D__DEC32_MAX__=9.999999E96DF -D__FLT64X_DENORM_MIN__=3.64519953188247460252840593361941982e-4951F64x -D__FLT32X_HAS_INFINITY__=1 -D__unix__=1 -D__INT_WIDTH__=32 -D__STDC_IEC_559__=1 -D__STDC_ISO_10646__=201706L -D__DECIMAL_DIG__=21 -D__STDC_IEC_559_COMPLEX__=1 -D__FLT64_EPSILON__=2.22044604925031308084726333618164062e-16F64 -D__gnu_linux__=1 -D__FLT128_IS_IEC_60559__=1 '-D__FLT64X_MIN_10_EXP__=(-4931)' -D__LDBL_HAS_QUIET_NAN__=1 '-D__FLT16_MIN_EXP__=(-13)' -D__FLT64_MANT_DIG__=53 -D__FLT64X_MANT_DIG__=64 -D__BFLT16_DIG__=2 -D__pie__=2 -D__MMX__=1 -D__FLT_HAS_DENORM__=1 -D__SIZEOF_LONG_DOUBLE__=16 -D__BIGGEST_ALIGNMENT__=16 -D__FLT64_MAX_10_EXP__=308 -D__BFLT16_IS_IEC_60559__=0 -D__FLT16_MAX_10_EXP__=4 '-D__DBL_MAX__=((double)1.79769313486231570814527423731704357e+308L)' -D__INT_FAST32_MAX__=0x7fffffffffffffffL -D__DBL_HAS_INFINITY__=1 -D__INT64_MAX__=0x7fffffffffffffffL -D__SIZEOF_FLOAT__=4 -D__HAVE_SPECULATION_SAFE_VALUE=1 '-D__DEC32_MIN_EXP__=(-94)' -D__INTPTR_WIDTH__=64 -D__UINT_LEAST32_MAX__=0xffffffffU -D__FLT32X_HAS_DENORM__=1 '-D__INT_FAST16_TYPE__=long int' -D__MMX_WITH_SSE__=1 -D__LDBL_HAS_DENORM__=1 -D__SEG_GS=1 -D__BFLT16_EPSILON__=7.81250000000000000000000000000000000e-3BF16 -D__FLT128_HAS_INFINITY__=1 -D__DEC32_MIN__=1E-95DF -D__DBL_MAX_EXP__=1024 -D__WCHAR_WIDTH__=32 -D__FLT32_MAX__=3.40282346638528859811704183484516925e+38F32 -D__DEC128_EPSILON__=1E-33DL -D__FLT16_DECIMAL_DIG__=5 -D__SSE2_MATH__=1 -D__ATOMIC_HLE_RELEASE=131072 -D__PTRDIFF_MAX__=0x7fffffffffffffffL -D__amd64=1 -D__ATOMIC_HLE_ACQUIRE=65536 -D__LONG_LONG_MAX__=0x7fffffffffffffffLL -D__SIZEOF_SIZE_T__=8 -D__BFLT16_HAS_INFINITY__=1 '-D__FLT64X_MIN_EXP__=(-16381)' -D__SIZEOF_WINT_T__=4 -D__LONG_LONG_WIDTH__=64 -D__FLT32_MAX_EXP__=128 -D__GXX_ABI_VERSION=1018 '-D__FLT_MIN_EXP__=(-125)' -D__GCC_HAVE_DWARF2_CFI_ASM=1 -D__INT16_MAX__=0x7fff -D__x86_64=1 '-D__INT_FAST64_TYPE__=long int' -D__BFLT16_MAX__=3.38953138925153547590470800371487867e+38BF16 -D__BFLT16_HAS_DENORM__=1 -D__FLT64_DENORM_MIN__=4.94065645841246544176568792868221372e-324F64 -D__FLT16_DENORM_MIN__=5.96046447753906250000000000000000000e-8F16 -D__FLT128_EPSILON__=1.92592994438723585305597794258492732e-34F128 -D__FLT64X_NORM_MAX__=1.18973149535723176502126385303097021e+4932F64x -D__SIZEOF_POINTER__=8 '-D__SIZE_TYPE__=long unsigned int' -D__LP64__=1 -D__DBL_HAS_QUIET_NAN__=1 -D__FLT32X_EPSILON__=2.22044604925031308084726333618164062e-16F32x -D__LDBL_MAX_EXP__=16384 -D__DECIMAL_BID_FORMAT__=1 '-D__FLT64_MIN_EXP__=(-1021)' '-D__FLT64_MIN_10_EXP__=(-307)' '-D__FLT16_MIN_10_EXP__=(-4)' -D__FLT64X_DECIMAL_DIG__=21 -D__DEC128_MIN__=1E-6143DL -D__REGISTER_PREFIX__= -D__UINT16_MAX__=0xffff -D__DBL_HAS_DENORM__=1 -D__FLT32_MIN__=1.17549435082228750796873653722224568e-38F32 '-D__UINT8_TYPE__=unsigned char' -D__FLT_DIG__=6 -D__NO_INLINE__=1 -D__DEC_EVAL_METHOD__=2 -D__FLT_MANT_DIG__=24 -D__LDBL_DECIMAL_DIG__=21 '-D__UINT64_C(c)=c ## UL' -D_STDC_PREDEF_H=1 -D__INT_LEAST32_MAX__=0x7fffffff -D__GCC_ATOMIC_INT_LOCK_FREE=2 -D__FLT128_MAX_EXP__=16384 -D__FLT32_MANT_DIG__=24 -D__FLOAT_WORD_ORDER__=__ORDER_LITTLE_ENDIAN__ '-D__FLT32X_MIN_EXP__=(-1021)' -D__STDC_IEC_60559_COMPLEX__=201404L -D__BFLT16_MIN__=1.17549435082228750796873653722224568e-38BF16 -D__FLT128_HAS_DENORM__=1 -D__FLT32_DECIMAL_DIG__=9 -D__FLT128_DIG__=33 '-D__INT32_C(c)=c' -D__DEC64_EPSILON__=1E-15DD -D__ORDER_PDP_ENDIAN__=3412 '-D__DEC128_MIN_EXP__=(-6142)' -D__DEC128_MAX__=9.999999999999999999999999999999999E6144DL '-D__INT_FAST32_TYPE__=long int' '-D__UINT_LEAST16_TYPE__=short unsigned int' -D__DEC128_MAX_EXP__=6145 -Dunix=1 -D__UINT64_MAX__=0xffffffffffffffffUL -D__FLT_IS_IEC_60559__=1 '-D__GNUC_WIDE_EXECUTION_CHARSET_NAME="UTF-32LE"' -D__FLT64X_DIG__=18 '-D__INT8_TYPE__=signed char' -D__ELF__=1 -D__GCC_ASM_FLAG_OUTPUTS__=1 '-D__UINT32_TYPE__=unsigned int' -D__BFLT16_HAS_QUIET_NAN__=1 -D__FLT_RADIX__=2 '-D__INT_LEAST16_TYPE__=short int' -D__LDBL_EPSILON__=1.08420217248550443400745280086994171e-19L '-D__UINTMAX_C(c)=c ## UL' -D__FLT16_DIG__=3 -D__SSE_MATH__=1 -D__k8=1 -D__FLT32X_MIN__=2.22507385850720138309023271733240406e-308F32x -D__SIG_ATOMIC_MAX__=0x7fffffff -D__GCC_ATOMIC_WCHAR_T_LOCK_FREE=2 -D__USER_LABEL_PREFIX__= -D__STDC_IEC_60559_BFP__=201404L -D__SIZEOF_PTRDIFF_T__=8 -D__FLT64X_HAS_INFINITY__=1 -D__FLT32_HAS_INFINITY__=1 -D__SIZEOF_LONG__=8 -D__LDBL_DIG__=18 -D__FLT64_IS_IEC_60559__=1 -D__x86_64__=1 -D__FLT16_IS_IEC_60559__=1 -D__FLT16_MAX_EXP__=16 -D__DEC32_SUBNORMAL_MIN__=0.000001E-95DF -D__INT_FAST16_MAX__=0x7fffffffffffffffL -D__GCC_CONSTRUCTIVE_SIZE=64 -D__FLT64_DIG__=15 -D__UINT_FAST32_MAX__=0xffffffffffffffffUL '-D__UINT_LEAST64_TYPE__=long unsigned int' -D__FLT16_EPSILON__=9.76562500000000000000000000000000000e-4F16 -D__FLT_HAS_QUIET_NAN__=1 -D__FLT_MAX_10_EXP__=38 -D__LONG_MAX__=0x7fffffffffffffffL -D__FLT64X_HAS_DENORM__=1 -D__DEC128_SUBNORMAL_MIN__=0.000000000000000000000000000000001E-6143DL -D__FLT_HAS_INFINITY__=1 '-D__GNUC_EXECUTION_CHARSET_NAME="UTF-8"' '-D__UINT_FAST16_TYPE__=long unsigned int' -D__DEC64_MAX__=9.999999999999999E384DD -D__INT_FAST32_WIDTH__=64 -D__PRAGMA_REDEFINE_EXTNAME=1 -D__SIZE_WIDTH__=64 -D__SEG_FS=1 -D__INT_LEAST16_MAX__=0x7fff -D__FLT16_NORM_MAX__=6.55040000000000000000000000000000000e+4F16 -D__DEC64_MANT_DIG__=16 -D__FLT32_DENORM_MIN__=1.40129846432481707092372958328991613e-45F32 -D__SIG_ATOMIC_WIDTH__=32 '-D__INT_LEAST64_TYPE__=long int' '-D__INT16_TYPE__=short int' '-D__INT_LEAST8_TYPE__=signed char' -D__FLT16_MAX__=6.55040000000000000000000000000000000e+4F16 -D__FLT128_MIN__=3.36210314311209350626267781732175260e-4932F128 -D__SIZEOF_INT__=4 -D__DEC32_MAX_EXP__=97 -D__INT_FAST8_MAX__=0x7f -D__FLT128_MAX__=1.18973149535723176508575932662800702e+4932F128 -D__INTPTR_MAX__=0x7fffffffffffffffL -Dlinux=1 -D__FLT64_HAS_QUIET_NAN__=1 '-D__FLT32_MIN_10_EXP__=(-37)' -D__FLT32X_DIG__=15 '-D__UINT16_C(c)=c' -D__PTRDIFF_WIDTH__=64 -D__LDBL_MANT_DIG__=64 -D__INT_FAST16_WIDTH__=64 -D__FLT64_HAS_INFINITY__=1 -D__FLT64X_MAX__=1.18973149535723176502126385303097021e+4932F64x -D__FLT16_HAS_INFINITY__=1 '-D__SIG_ATOMIC_MIN__=(-__SIG_ATOMIC_MAX__ - 1)' -D__code_model_small__=1 -D__GCC_ATOMIC_LONG_LOCK_FREE=2 -D__DEC32_MANT_DIG__=7 -D__FLT16_MANT_DIG__=11 -D__k8__=1 '-D__INTPTR_TYPE__=long int' '-D__UINT16_TYPE__=short unsigned int' -D__WCHAR_TYPE__=int -D__pic__=2 -D__UINTPTR_MAX__=0xffffffffffffffffUL -D__INT_FAST64_WIDTH__=64 -D__LDBL_HAS_INFINITY__=1 -D__INT_FAST64_MAX__=0x7fffffffffffffffL -D__GCC_ATOMIC_TEST_AND_SET_TRUEVAL=1 -D__FLT_NORM_MAX__=3.40282346638528859811704183484516925e+38F -D__FLT64X_MAX_EXP__=16384 '-D__UINT_FAST64_TYPE__=long unsigned int' '-D__BFLT16_MIN_EXP__=(-125)' -D__INT_MAX__=0x7fffffff -D__linux__=1 '-D__INT64_TYPE__=long int' -D__FLT_MAX_EXP__=128 -D__ORDER_BIG_ENDIAN__=4321 -D__DBL_MANT_DIG__=53 -D__SIZEOF_FLOAT128__=16 -D__BFLT16_MANT_DIG__=8 -D__GCC_ATOMIC_CHAR16_T_LOCK_FREE=2 -D__DEC64_MIN__=1E-383DD '-D__WINT_TYPE__=unsigned int' '-D__UINT_LEAST32_TYPE__=unsigned int' -D__SIZEOF_SHORT__=2 -D__FLT32_NORM_MAX__=3.40282346638528859811704183484516925e+38F32 -D__SSE__=1 '-D__LDBL_MIN_EXP__=(-16381)' -D__FLT64_MAX__=1.79769313486231570814527423731704357e+308F64 -D__amd64__=1 -D__WINT_WIDTH__=32 -D__INT_LEAST8_MAX__=0x7f -D__INT_LEAST64_WIDTH__=64 -D__FLT32X_MAX_10_EXP__=308 -D__SIZEOF_INT128__=16 -D__FLT16_MIN__=6.10351562500000000000000000000000000e-5F16 -D__FLT64X_IS_IEC_60559__=1 -D__LDBL_MAX_10_EXP__=4932 -D__ATOMIC_RELAXED=0 '-D__DBL_EPSILON__=((double)2.22044604925031308084726333618164062e-16L)' -D__INT_LEAST32_TYPE__=int -D_LP64=1 '-D__UINT8_C(c)=c' -D__FLT64_MAX_EXP__=1024 -D__SIZEOF_WCHAR_T__=4 '-D__UINT64_TYPE__=long unsigned int' -D__FLT128_NORM_MAX__=1.18973149535723176508575932662800702e+4932F128 -D__FLT64_NORM_MAX__=1.79769313486231570814527423731704357e+308F64 -D__FLT128_HAS_QUIET_NAN__=1 -D__INTMAX_MAX__=0x7fffffffffffffffL '-D__INT_FAST8_TYPE__=signed char' -D__FLT64X_MIN__=3.36210314311209350626267781732175260e-4932F64x -D__FLT64_HAS_DENORM__=1 -D__FLT32_EPSILON__=1.19209289550781250000000000000000000e-7F32 -D__FLT16_HAS_DENORM__=1 -D__DBL_DECIMAL_DIG__=17 -D__STDC_UTF_32__=1 -D__INT_FAST8_WIDTH__=8 -D__FXSR__=1 -D__FLT32X_MAX__=1.79769313486231570814527423731704357e+308F32x '-D__DBL_NORM_MAX__=((double)1.79769313486231570814527423731704357e+308L)' -D__BYTE_ORDER__=__ORDER_LITTLE_ENDIAN__ -D__GCC_DESTRUCTIVE_SIZE=64 -D__INTMAX_WIDTH__=64 -D__FLT32_DIG__=6 '-D__UINT32_C(c)=c ## U' -D__FLT_DENORM_MIN__=1.40129846432481707092372958328991613e-45F -D__INT8_MAX__=0x7f -D__LONG_WIDTH__=64 '-D__DBL_MIN__=((double)2.22507385850720138309023271733240406e-308L)' -D__PIC__=2 -D__INT32_MAX__=0x7fffffff '-D__UINT_FAST32_TYPE__=long unsigned int' -D__FLT32X_NORM_MAX__=1.79769313486231570814527423731704357e+308F32x -D__FLT_MAX__=3.40282346638528859811704183484516925e+38F -D__SSE2__=1 -D__INT32_TYPE__=int -D__SIZEOF_DOUBLE__=8 '-D__FLT_MIN_10_EXP__=(-37)' -D__FLT64_MIN__=2.22507385850720138309023271733240406e-308F64 -D__INT_LEAST32_WIDTH__=32 '-D__INTMAX_TYPE__=long int' -D__FLT32X_HAS_QUIET_NAN__=1 -D__ATOMIC_CONSUME=1 -D__UINTMAX_MAX__=0xffffffffffffffffUL -D__PIE__=2 -D__FLT32X_DENORM_MIN__=4.94065645841246544176568792868221372e-324F32x -D__DBL_MAX_10_EXP__=308 -D__LDBL_DENORM_MIN__=3.64519953188247460252840593361941982e-4951L '-D__INT16_C(c)=c' '-D__PTRDIFF_TYPE__=long int' '-D__FLT32X_MIN_10_EXP__=(-307)' '-D__UINTPTR_TYPE__=long unsigned int' -D__DEC64_SUBNORMAL_MIN__=0.000000000000001E-383DD -D__DEC128_MANT_DIG__=34 '-D__LDBL_MIN_10_EXP__=(-4931)' -D__SIZEOF_LONG_LONG__=8 -D__FLT128_DECIMAL_DIG__=36 -D__GCC_ATOMIC_LLONG_LOCK_FREE=2 -D__FLT32_HAS_QUIET_NAN__=1 -D__FLT_DECIMAL_DIG__=9 -D__UINT_FAST16_MAX__=0xffffffffffffffffUL -D__LDBL_NORM_MAX__=1.18973149535723176502126385303097021e+4932L -D__GCC_ATOMIC_SHORT_LOCK_FREE=2 -D__SIZE_MAX__=0xffffffffffffffffUL '-D__UINT_FAST8_TYPE__=unsigned char' -D__ATOMIC_ACQ_REL=4 -D__ATOMIC_RELEASE=3 -I/usr/lib/gcc/x86_64-linux-gnu/13/include -I/usr/local/include -I/usr/include/x86_64-linux-gnu -I/usr/include -- test1.c
[E 02:49:33 22545] CODEQL_EXTRACTOR_CPP_TRAP_CACHING is not set
[E 02:49:33 22545] CODEQL_EXTRACTOR_CPP_OPTION_TRAP_CACHE_WRITE is not set
[E 02:49:33 22545] CODEQL_EXTRACTOR_CPP_OPTION_TRAP_CACHE_DIR is not set
[E 02:49:33 22545] Initialising TRAP cache at path: 7c/94ed/ed6a6722a857d655f96e66d23166
[E 02:49:33 22545] Not using TRAP cache
[E 02:49:33 22545] TRAP cache miss
[E 02:49:33 22545] Starting compilation TRAP /home/test/my-awesome-project/CISB/server/DBbyte/db-l44/trap/cpp/compilations/19/19166058_0.trap.zst
[E 02:49:33 22545] Archiving /home/test/my-awesome-project/CISB/server/DBbyte/db-l44/src/home/test/my-awesome-project/CISB/server/DBbyte/test1.c
[E 02:49:33 22545] Archiving /home/test/my-awesome-project/CISB/server/DBbyte/db-l44/src/usr/lib/gcc/x86_64-linux-gnu/13/include/stdint.h
[E 02:49:33 22545] Archiving /home/test/my-awesome-project/CISB/server/DBbyte/db-l44/src/usr/include/stdint.h
[E 02:49:33 22545] Archiving /home/test/my-awesome-project/CISB/server/DBbyte/db-l44/src/usr/include/x86_64-linux-gnu/bits/libc-header-start.h
[E 02:49:33 22545] Archiving /home/test/my-awesome-project/CISB/server/DBbyte/db-l44/src/usr/include/features.h
[E 02:49:33 22545] Archiving /home/test/my-awesome-project/CISB/server/DBbyte/db-l44/src/usr/include/features-time64.h
[E 02:49:33 22545] Archiving /home/test/my-awesome-project/CISB/server/DBbyte/db-l44/src/usr/include/x86_64-linux-gnu/bits/wordsize.h
[E 02:49:33 22545] Archiving /home/test/my-awesome-project/CISB/server/DBbyte/db-l44/src/usr/include/x86_64-linux-gnu/bits/timesize.h
[E 02:49:33 22545] Already archived /home/test/my-awesome-project/CISB/server/DBbyte/db-l44/src/usr/include/x86_64-linux-gnu/bits/wordsize.h
[E 02:49:33 22545] Archiving /home/test/my-awesome-project/CISB/server/DBbyte/db-l44/src/usr/include/stdc-predef.h
[E 02:49:33 22545] Archiving /home/test/my-awesome-project/CISB/server/DBbyte/db-l44/src/usr/include/x86_64-linux-gnu/sys/cdefs.h
[E 02:49:33 22545] Already archived /home/test/my-awesome-project/CISB/server/DBbyte/db-l44/src/usr/include/x86_64-linux-gnu/bits/wordsize.h
[E 02:49:33 22545] Archiving /home/test/my-awesome-project/CISB/server/DBbyte/db-l44/src/usr/include/x86_64-linux-gnu/bits/long-double.h
[E 02:49:33 22545] Archiving /home/test/my-awesome-project/CISB/server/DBbyte/db-l44/src/usr/include/x86_64-linux-gnu/gnu/stubs.h
[E 02:49:33 22545] Archiving /home/test/my-awesome-project/CISB/server/DBbyte/db-l44/src/usr/include/x86_64-linux-gnu/gnu/stubs-64.h
[E 02:49:33 22545] Archiving /home/test/my-awesome-project/CISB/server/DBbyte/db-l44/src/usr/include/x86_64-linux-gnu/bits/types.h
[E 02:49:33 22545] Already archived /home/test/my-awesome-project/CISB/server/DBbyte/db-l44/src/usr/include/x86_64-linux-gnu/bits/wordsize.h
[E 02:49:33 22545] Already archived /home/test/my-awesome-project/CISB/server/DBbyte/db-l44/src/usr/include/x86_64-linux-gnu/bits/timesize.h
[E 02:49:33 22545] Already archived /home/test/my-awesome-project/CISB/server/DBbyte/db-l44/src/usr/include/x86_64-linux-gnu/bits/wordsize.h
[E 02:49:33 22545] Archiving /home/test/my-awesome-project/CISB/server/DBbyte/db-l44/src/usr/include/x86_64-linux-gnu/bits/typesizes.h
[E 02:49:33 22545] Archiving /home/test/my-awesome-project/CISB/server/DBbyte/db-l44/src/usr/include/x86_64-linux-gnu/bits/time64.h
[E 02:49:33 22545] Archiving /home/test/my-awesome-project/CISB/server/DBbyte/db-l44/src/usr/include/x86_64-linux-gnu/bits/wchar.h
[E 02:49:33 22545] Already archived /home/test/my-awesome-project/CISB/server/DBbyte/db-l44/src/usr/include/x86_64-linux-gnu/bits/wordsize.h
[E 02:49:33 22545] Archiving /home/test/my-awesome-project/CISB/server/DBbyte/db-l44/src/usr/include/x86_64-linux-gnu/bits/stdint-intn.h
[E 02:49:33 22545] Archiving /home/test/my-awesome-project/CISB/server/DBbyte/db-l44/src/usr/include/x86_64-linux-gnu/bits/stdint-uintn.h
[E 02:49:33 22545] Archiving /home/test/my-awesome-project/CISB/server/DBbyte/db-l44/src/usr/include/x86_64-linux-gnu/bits/stdint-least.h
[E 02:49:33 22545] Archiving /home/test/my-awesome-project/CISB/server/DBbyte/db-l44/src/usr/include/stdio.h
[E 02:49:33 22545] Already archived /home/test/my-awesome-project/CISB/server/DBbyte/db-l44/src/usr/include/x86_64-linux-gnu/bits/libc-header-start.h
[E 02:49:33 22545] Archiving /home/test/my-awesome-project/CISB/server/DBbyte/db-l44/src/usr/lib/gcc/x86_64-linux-gnu/13/include/stddef.h
[E 02:49:33 22545] Archiving /home/test/my-awesome-project/CISB/server/DBbyte/db-l44/src/usr/lib/gcc/x86_64-linux-gnu/13/include/stdarg.h
[E 02:49:33 22545] Archiving /home/test/my-awesome-project/CISB/server/DBbyte/db-l44/src/usr/include/x86_64-linux-gnu/bits/types/__fpos_t.h
[E 02:49:33 22545] Archiving /home/test/my-awesome-project/CISB/server/DBbyte/db-l44/src/usr/include/x86_64-linux-gnu/bits/types/__mbstate_t.h
[E 02:49:33 22545] Archiving /home/test/my-awesome-project/CISB/server/DBbyte/db-l44/src/usr/include/x86_64-linux-gnu/bits/types/__fpos64_t.h
[E 02:49:33 22545] Archiving /home/test/my-awesome-project/CISB/server/DBbyte/db-l44/src/usr/include/x86_64-linux-gnu/bits/types/__FILE.h
[E 02:49:33 22545] Archiving /home/test/my-awesome-project/CISB/server/DBbyte/db-l44/src/usr/include/x86_64-linux-gnu/bits/types/FILE.h
[E 02:49:33 22545] Archiving /home/test/my-awesome-project/CISB/server/DBbyte/db-l44/src/usr/include/x86_64-linux-gnu/bits/types/struct_FILE.h
[E 02:49:33 22545] Archiving /home/test/my-awesome-project/CISB/server/DBbyte/db-l44/src/usr/include/x86_64-linux-gnu/bits/types/cookie_io_functions_t.h
[E 02:49:33 22545] Archiving /home/test/my-awesome-project/CISB/server/DBbyte/db-l44/src/usr/include/x86_64-linux-gnu/bits/stdio_lim.h
[E 02:49:33 22545] Archiving /home/test/my-awesome-project/CISB/server/DBbyte/db-l44/src/usr/include/x86_64-linux-gnu/bits/floatn.h
[E 02:49:33 22545] Archiving /home/test/my-awesome-project/CISB/server/DBbyte/db-l44/src/usr/include/x86_64-linux-gnu/bits/floatn-common.h
[E 02:49:33 22545] Already archived /home/test/my-awesome-project/CISB/server/DBbyte/db-l44/src/usr/include/x86_64-linux-gnu/bits/long-double.h
[E 02:49:33 22545] Creating trap tarball /home/test/my-awesome-project/CISB/server/DBbyte/db-l44/trap/cpp/tarballs/home/test/my-awesome-project/CISB/server/DBbyte/test1.c.7fc39319_0.trap.tar.zst
[E 02:49:33 22545] Emitting trap files for test1.c
[E 02:49:33 22545] Opening existencedb in /home/test/my-awesome-project/CISB/server/DBbyte/db-l44/working/existencedb/db
[E 02:49:33 22545] Wrote 35 files to /home/test/my-awesome-project/CISB/server/DBbyte/db-l44/trap/cpp/tarballs/home/test/my-awesome-project/CISB/server/DBbyte/test1.c.7fc39319_0.trap.tar.zst
[E 02:49:33 22545] Finished compilation TRAP /home/test/my-awesome-project/CISB/server/DBbyte/db-l44/trap/cpp/compilations/19/19166058_0.trap.zst
[E 02:49:33 22545] Marking C compilation as happened.
[E 02:49:33 22545] Setting tag c-compilation-happened
[E 02:49:33 22545] Starting from CODEQL_TRACER_DB_ID 000000000000580F_0000000000000001
[E 02:49:33 22545] Locking DB /home/test/my-awesome-project/CISB/server/DBbyte/db-l44/working/tags.db
[E 02:49:33 22545] Locked DB /home/test/my-awesome-project/CISB/server/DBbyte/db-l44/working/tags.db
[E 02:49:33 22545] Set tag for 000000000000580F_0000000000000001
[E 02:49:33 22545] Set tag for 000000000000580D_0000000000000001
[E 02:49:33 22545] Set tag for 0000000000005808_0000000000000003
[E 02:49:33 22545] Set tag for 0000000000005808_0000000000000002
[E 02:49:33 22545] Set tag for root
[E 02:49:33 22545] Unlocking DB
[E 02:49:33 22545] Unlocked DB
[E 02:49:33 22545] Extractor exited successfully
[T 02:49:33 22543] Extractor /mnt/c/Tools/codeql/cpp/tools/linux64/extractor terminated with exit code 0.
[T 02:49:33 22711] Initializing tracer.
[T 02:49:33 22711] Initializing tags.
[T 02:49:33 22711] ID set to 00000000000058B7_0000000000000001 (parent 000000000000580D_0000000000000001)
[T 02:49:33 22711] ==== Candidate to intercept: as (canonical: /usr/bin/as) ====
[T 02:49:33 22711] Lua: === Intercepted call to /usr/bin/as ===
[T 02:49:33 22711] Executing the following tracer actions:
[T 02:49:33 22711] Tracer actions:
[T 02:49:33 22711] pre_invocations(0)
[T 02:49:33 22711] post_invocations(1)
[T 02:49:33 22711] invocation: /mnt/c/Tools/codeql/cpp/tools/linux64/extractor, args: [--assembler, --codeql-assembler-executable, /usr/bin/as, --64, -o, test1.o, /tmp/ccOuiDqG.s]
[T 02:49:33 22711] trace_languages(1): [cpp]
[T 02:49:33 22727] Attempting to switch stdout/stderr to 4...
[T 02:49:33 22727] Initializing tracer.
[T 02:49:33 22727] Initializing tags.
[T 02:49:33 22727] ID set to 00000000000058C7_0000000000000001 (parent 00000000000058B7_0000000000000001)
[E 02:49:33 22727] CodeQL C/C++ Extractor 2.25.1
[E 02:49:33 22727] Current directory: /home/test/my-awesome-project/CISB/server/DBbyte
[E 02:49:33 22727] Command: /mnt/c/Tools/codeql/cpp/tools/linux64/extractor --assembler --codeql-assembler-executable /usr/bin/as --64 -o test1.o /tmp/ccOuiDqG.s
[E 02:49:33 22727] Extractor exited after mimicking assembler
[T 02:49:33 22711] Extractor /mnt/c/Tools/codeql/cpp/tools/linux64/extractor terminated with exit code 0.
[T 02:49:33 22784] Attempting to switch stdout/stderr to 4...
[T 02:49:34 22784] Initializing tracer.
[T 02:49:34 22784] Initializing tags.
[T 02:49:34 22784] ID set to 0000000000005900_0000000000000001 (parent 000000000000580D_0000000000000001)
[E 02:49:34 22784] CodeQL C/C++ Extractor 2.25.1
[E 02:49:34 22784] Current directory: /home/test/my-awesome-project/CISB/server/DBbyte
[E 02:49:34 22784] Command: /mnt/c/Tools/codeql/cpp/tools/linux64/extractor --mimic /usr/bin/x86_64-linux-gnu-gcc-13 -c -o test1.o test1.c
[T 02:49:34 22842] Initializing tracer.
[T 02:49:34 22842] Initializing tags.
[T 02:49:34 22842] ID set to 000000000000593A_0000000000000001 (parent 0000000000005900_0000000000000001)
[T 02:49:34 22842] ==== Candidate to intercept: /usr/bin/x86_64-linux-gnu-gcc-13 (canonical: /usr/bin/x86_64-linux-gnu-gcc-13) ====
[T 02:49:34 22842] Lua: === Intercepted call to /usr/bin/x86_64-linux-gnu-gcc-13 ===
[T 02:49:34 22842] Executing the following tracer actions:
[T 02:49:34 22842] Tracer actions:
[T 02:49:34 22842] pre_invocations(0)
[T 02:49:34 22842] post_invocations(1)
[T 02:49:34 22842] invocation: /mnt/c/Tools/codeql/cpp/tools/linux64/extractor, args: [--mimic, /usr/bin/x86_64-linux-gnu-gcc-13, --version]
[T 02:49:34 22842] trace_languages(1): [cpp]
[T 02:49:34 22857] Attempting to switch stdout/stderr to 7...
[T 02:49:34 22857] Initializing tracer.
[T 02:49:34 22857] Initializing tags.
[T 02:49:34 22857] ID set to 0000000000005949_0000000000000001 (parent 000000000000593A_0000000000000001)
[E 02:49:34 22857] Mimicry classification suppression detected; exiting.
[E 02:49:34 22857] Extractor exited successfully
[T 02:49:34 22842] Extractor /mnt/c/Tools/codeql/cpp/tools/linux64/extractor terminated with exit code 0.
[T 02:49:34 22872] Initializing tracer.
[T 02:49:34 22872] Initializing tags.
[T 02:49:34 22872] ID set to 0000000000005958_0000000000000001 (parent 0000000000005900_0000000000000001)
[T 02:49:34 22872] ==== Candidate to intercept: /usr/bin/x86_64-linux-gnu-gcc-13 (canonical: /usr/bin/x86_64-linux-gnu-gcc-13) ====
[T 02:49:34 22872] Lua: === Intercepted call to /usr/bin/x86_64-linux-gnu-gcc-13 ===
[T 02:49:34 22872] Executing the following tracer actions:
[T 02:49:34 22872] Tracer actions:
[T 02:49:34 22872] pre_invocations(0)
[T 02:49:34 22872] post_invocations(1)
[T 02:49:34 22872] invocation: /mnt/c/Tools/codeql/cpp/tools/linux64/extractor, args: [--mimic, /usr/bin/x86_64-linux-gnu-gcc-13, --help]
[T 02:49:34 22872] trace_languages(1): [cpp]
[T 02:49:34 22875] Attempting to switch stdout/stderr to 7...
[T 02:49:34 22875] Initializing tracer.
[T 02:49:34 22875] Initializing tags.
[T 02:49:34 22875] ID set to 000000000000595B_0000000000000001 (parent 0000000000005958_0000000000000001)
[E 02:49:34 22875] Mimicry classification suppression detected; exiting.
[E 02:49:34 22875] Extractor exited successfully
[T 02:49:34 22872] Extractor /mnt/c/Tools/codeql/cpp/tools/linux64/extractor terminated with exit code 0.
[T 02:49:34 22889] Initializing tracer.
[T 02:49:34 22889] Initializing tags.
[T 02:49:34 22889] ID set to 0000000000005969_0000000000000001 (parent 0000000000005900_0000000000000001)
[T 02:49:34 22889] ==== Candidate to intercept: /usr/bin/x86_64-linux-gnu-gcc-13 (canonical: /usr/bin/x86_64-linux-gnu-gcc-13) ====
[T 02:49:34 22889] Lua: === Intercepted call to /usr/bin/x86_64-linux-gnu-gcc-13 ===
[T 02:49:34 22889] Executing the following tracer actions:
[T 02:49:34 22889] Tracer actions:
[T 02:49:34 22889] pre_invocations(0)
[T 02:49:34 22889] post_invocations(1)
[T 02:49:34 22889] invocation: /mnt/c/Tools/codeql/cpp/tools/linux64/extractor, args: [--mimic, /usr/bin/x86_64-linux-gnu-gcc-13, -nostdinc, -o, /home/test/my-awesome-project/CISB/server/DBbyte/db-l44/working/tmp//semmle_2_22784_112904.o, -c, /home/test/my-awesome-project/CISB/server/DBbyte/db-l44/working/tmp//semmle_1_22784_112830.c]
[T 02:49:34 22889] trace_languages(1): [cpp]
[T 02:49:34 22891] Initializing tracer.
[T 02:49:34 22891] Initializing tags.
[T 02:49:34 22891] ID set to 000000000000596B_0000000000000001 (parent 0000000000005969_0000000000000001)
[T 02:49:34 22891] ==== Candidate to intercept: /usr/libexec/gcc/x86_64-linux-gnu/13/cc1 (canonical: /usr/libexec/gcc/x86_64-linux-gnu/13/cc1) ====
[T 02:49:34 22891] Lua: === Intercepted call to /usr/libexec/gcc/x86_64-linux-gnu/13/cc1 ===
[T 02:49:34 22891] Executing the following tracer actions:
[T 02:49:34 22891] Tracer actions:
[T 02:49:34 22891] pre_invocations(0)
[T 02:49:34 22891] post_invocations(1)
[T 02:49:34 22891] invocation: /mnt/c/Tools/codeql/cpp/tools/linux64/extractor, args: [--mimic, /usr/libexec/gcc/x86_64-linux-gnu/13/cc1, -quiet, -nostdinc, -imultiarch, x86_64-linux-gnu, /home/test/my-awesome-project/CISB/server/DBbyte/db-l44/working/tmp//semmle_1_22784_112830.c, -quiet, -dumpdir, /home/test/my-awesome-project/CISB/server/DBbyte/db-l44/working/tmp//, -dumpbase, semmle_2_22784_112904.c, -dumpbase-ext, .c, -mtune=generic, -march=x86-64, -fasynchronous-unwind-tables, -fstack-protector-strong, -Wformat, -Wformat-security, -fstack-clash-protection, -fcf-protection, -o, /tmp/ccmLjtQz.s]
[T 02:49:34 22891] trace_languages(1): [cpp]
[T 02:49:34 22893] Attempting to switch stdout/stderr to 7...
[T 02:49:34 22893] Initializing tracer.
[T 02:49:34 22893] Initializing tags.
[T 02:49:34 22893] ID set to 000000000000596D_0000000000000001 (parent 000000000000596B_0000000000000001)
[E 02:49:34 22893] Mimicry classification suppression detected; exiting.
[E 02:49:34 22893] Extractor exited successfully
[T 02:49:34 22891] Extractor /mnt/c/Tools/codeql/cpp/tools/linux64/extractor terminated with exit code 0.
[T 02:49:34 22894] Initializing tracer.
[T 02:49:34 22894] Initializing tags.
[T 02:49:34 22894] ID set to 000000000000596E_0000000000000001 (parent 0000000000005969_0000000000000001)
[T 02:49:34 22894] ==== Candidate to intercept: as (canonical: /usr/bin/as) ====
[T 02:49:34 22894] Lua: === Intercepted call to /usr/bin/as ===
[T 02:49:34 22894] Executing the following tracer actions:
[T 02:49:34 22894] Tracer actions:
[T 02:49:34 22894] pre_invocations(0)
[T 02:49:34 22894] post_invocations(1)
[T 02:49:34 22894] invocation: /mnt/c/Tools/codeql/cpp/tools/linux64/extractor, args: [--assembler, --codeql-assembler-executable, /usr/bin/as, --64, -o, /home/test/my-awesome-project/CISB/server/DBbyte/db-l44/working/tmp//semmle_2_22784_112904.o, /tmp/ccmLjtQz.s]
[T 02:49:34 22894] trace_languages(1): [cpp]
[T 02:49:34 22896] Attempting to switch stdout/stderr to 7...
[T 02:49:34 22896] Initializing tracer.
[T 02:49:34 22896] Initializing tags.
[T 02:49:34 22896] ID set to 0000000000005970_0000000000000001 (parent 000000000000596E_0000000000000001)
[E 02:49:34 22896] Mimicry classification suppression detected; exiting.
[E 02:49:34 22896] Extractor exited successfully
[T 02:49:34 22894] Extractor /mnt/c/Tools/codeql/cpp/tools/linux64/extractor terminated with exit code 0.
[T 02:49:34 22911] Attempting to switch stdout/stderr to 7...
[T 02:49:34 22911] Initializing tracer.
[T 02:49:34 22911] Initializing tags.
[T 02:49:34 22911] ID set to 000000000000597F_0000000000000001 (parent 0000000000005969_0000000000000001)
[E 02:49:34 22911] Mimicry classification suppression detected; exiting.
[E 02:49:34 22911] Extractor exited successfully
[T 02:49:34 22889] Extractor /mnt/c/Tools/codeql/cpp/tools/linux64/extractor terminated with exit code 0.
[T 02:49:34 22912] Initializing tracer.
[T 02:49:34 22912] Initializing tags.
[T 02:49:34 22912] ID set to 0000000000005980_0000000000000001 (parent 0000000000005900_0000000000000001)
[T 02:49:34 22912] ==== Candidate to intercept: /usr/bin/x86_64-linux-gnu-gcc-13 (canonical: /usr/bin/x86_64-linux-gnu-gcc-13) ====
[T 02:49:34 22912] Lua: === Intercepted call to /usr/bin/x86_64-linux-gnu-gcc-13 ===
[T 02:49:34 22912] Executing the following tracer actions:
[T 02:49:34 22912] Tracer actions:
[T 02:49:34 22912] pre_invocations(0)
[T 02:49:34 22912] post_invocations(1)
[T 02:49:34 22912] invocation: /mnt/c/Tools/codeql/cpp/tools/linux64/extractor, args: [--mimic, /usr/bin/x86_64-linux-gnu-gcc-13, -nostdinc, -o, /home/test/my-awesome-project/CISB/server/DBbyte/db-l44/working/tmp//semmle_4_22784_191578.o, -c, /home/test/my-awesome-project/CISB/server/DBbyte/db-l44/working/tmp//semmle_3_22784_191499.c]
[T 02:49:34 22912] trace_languages(1): [cpp]
[T 02:49:34 22914] Initializing tracer.
[T 02:49:34 22914] Initializing tags.
[T 02:49:34 22914] ID set to 0000000000005982_0000000000000001 (parent 0000000000005980_0000000000000001)
[T 02:49:34 22914] ==== Candidate to intercept: /usr/libexec/gcc/x86_64-linux-gnu/13/cc1 (canonical: /usr/libexec/gcc/x86_64-linux-gnu/13/cc1) ====
[T 02:49:34 22914] Lua: === Intercepted call to /usr/libexec/gcc/x86_64-linux-gnu/13/cc1 ===
[T 02:49:34 22914] Executing the following tracer actions:
[T 02:49:34 22914] Tracer actions:
[T 02:49:34 22914] pre_invocations(0)
[T 02:49:34 22914] post_invocations(1)
[T 02:49:34 22914] invocation: /mnt/c/Tools/codeql/cpp/tools/linux64/extractor, args: [--mimic, /usr/libexec/gcc/x86_64-linux-gnu/13/cc1, -quiet, -nostdinc, -imultiarch, x86_64-linux-gnu, /home/test/my-awesome-project/CISB/server/DBbyte/db-l44/working/tmp//semmle_3_22784_191499.c, -quiet, -dumpdir, /home/test/my-awesome-project/CISB/server/DBbyte/db-l44/working/tmp//, -dumpbase, semmle_4_22784_191578.c, -dumpbase-ext, .c, -mtune=generic, -march=x86-64, -fasynchronous-unwind-tables, -fstack-protector-strong, -Wformat, -Wformat-security, -fstack-clash-protection, -fcf-protection, -o, /tmp/ccmUnwKW.s]
[T 02:49:34 22914] trace_languages(1): [cpp]
[T 02:49:34 22916] Attempting to switch stdout/stderr to 7...
[T 02:49:34 22916] Initializing tracer.
[T 02:49:34 22916] Initializing tags.
[T 02:49:34 22916] ID set to 0000000000005984_0000000000000001 (parent 0000000000005982_0000000000000001)
[E 02:49:34 22916] Mimicry classification suppression detected; exiting.
[E 02:49:34 22916] Extractor exited successfully
[T 02:49:34 22914] Extractor /mnt/c/Tools/codeql/cpp/tools/linux64/extractor terminated with exit code 0.
[T 02:49:34 22917] Attempting to switch stdout/stderr to 7...
[T 02:49:34 22917] Initializing tracer.
[T 02:49:34 22917] Initializing tags.
[T 02:49:34 22917] ID set to 0000000000005985_0000000000000001 (parent 0000000000005980_0000000000000001)
[E 02:49:34 22917] Mimicry classification suppression detected; exiting.
[E 02:49:34 22917] Extractor exited successfully
[T 02:49:34 22912] Extractor /mnt/c/Tools/codeql/cpp/tools/linux64/extractor terminated with exit code 0.
[E 02:49:34 22784] Checking whether C compilation already happened.
[E 02:49:34 22784] Checking for tag c-compilation-happened
[E 02:49:34 22784] Checking CODEQL_TRACER_DB_ID 000000000000580D_0000000000000001
[E 02:49:34 22784] Locking DB /home/test/my-awesome-project/CISB/server/DBbyte/db-l44/working/tags.db
[E 02:49:34 22784] Locked DB /home/test/my-awesome-project/CISB/server/DBbyte/db-l44/working/tags.db
[E 02:49:34 22784] Unlocking DB
[E 02:49:34 22784] Unlocked DB
[E 02:49:34 22784] Exiting as C compilation already happened.
[T 02:49:34 22541] Extractor /mnt/c/Tools/codeql/cpp/tools/linux64/extractor terminated with exit code 0.
