[T 03:36:02 1930] CodeQL CLI version 2.25.1
[T 03:36:02 1930] Initializing tracer.
[T 03:36:02 1930] Initializing tags.
[T 03:36:02 1930] ID set to 000000000000078A_0000000000000001 (parent root)
[T 03:36:02 1930] Initializing tracer.
[T 03:36:02 1930] Initializing tags.
[T 03:36:02 1930] ID set to 000000000000078A_0000000000000002 (parent root)
[T 03:36:02 1930] Warning: SEMMLE_EXEC and SEMMLE_EXECP not set. Falling back to path lookup on argv[0].
[T 03:36:02 1930] ==== Candidate to intercept: /mnt/c/Tools/codeql/tools/linux64/runner-linux (canonical: /mnt/c/Tools/codeql/tools/linux64/runner-linux) ====
[T 03:36:02 1930] Executing the following tracer actions:
[T 03:36:02 1930] Tracer actions:
[T 03:36:02 1930] pre_invocations(0)
[T 03:36:02 1930] post_invocations(0)
[T 03:36:02 1930] trace_languages(1): [cpp]
[T 03:36:02 1930] Initializing tracer.
[T 03:36:02 1930] Initializing tags.
[T 03:36:02 1930] ID set to 000000000000078A_0000000000000003 (parent 000000000000078A_0000000000000002)
[T 03:36:02 1930] ==== Candidate to intercept: make (canonical: /usr/bin/make) ====
[T 03:36:02 1930] Executing the following tracer actions:
[T 03:36:02 1930] Tracer actions:
[T 03:36:02 1930] pre_invocations(0)
[T 03:36:02 1930] post_invocations(0)
[T 03:36:02 1930] trace_languages(1): [cpp]
[T 03:36:02 1934] Initializing tracer.
[T 03:36:02 1934] Initializing tags.
[T 03:36:02 1934] ID set to 000000000000078E_0000000000000001 (parent 000000000000078A_0000000000000003)
[T 03:36:02 1934] ==== Candidate to intercept: /usr/bin/gcc (canonical: /usr/bin/x86_64-linux-gnu-gcc-13) ====
[T 03:36:02 1934] Lua: === Intercepted call to /usr/bin/x86_64-linux-gnu-gcc-13 ===
[T 03:36:02 1934] Executing the following tracer actions:
[T 03:36:02 1934] Tracer actions:
[T 03:36:02 1934] pre_invocations(0)
[T 03:36:02 1934] post_invocations(1)
[T 03:36:02 1934] invocation: /mnt/c/Tools/codeql/cpp/tools/linux64/extractor, args: [--mimic, /usr/bin/x86_64-linux-gnu-gcc-13, -c, -o, test1.o, test1.c]
[T 03:36:02 1934] trace_languages(1): [cpp]
[T 03:36:02 1936] Initializing tracer.
[T 03:36:02 1936] Initializing tags.
[T 03:36:02 1936] ID set to 0000000000000790_0000000000000001 (parent 000000000000078E_0000000000000001)
[T 03:36:02 1936] ==== Candidate to intercept: /usr/libexec/gcc/x86_64-linux-gnu/13/cc1 (canonical: /usr/libexec/gcc/x86_64-linux-gnu/13/cc1) ====
[T 03:36:02 1936] Lua: === Intercepted call to /usr/libexec/gcc/x86_64-linux-gnu/13/cc1 ===
[T 03:36:02 1936] Executing the following tracer actions:
[T 03:36:02 1936] Tracer actions:
[T 03:36:02 1936] pre_invocations(0)
[T 03:36:02 1936] post_invocations(1)
[T 03:36:02 1936] invocation: /mnt/c/Tools/codeql/cpp/tools/linux64/extractor, args: [--mimic, /usr/libexec/gcc/x86_64-linux-gnu/13/cc1, -quiet, -imultiarch, x86_64-linux-gnu, test1.c, -quiet, -dumpbase, test1.c, -dumpbase-ext, .c, -mtune=generic, -march=x86-64, -fasynchronous-unwind-tables, -fstack-protector-strong, -Wformat, -Wformat-security, -fstack-clash-protection, -fcf-protection, -o, /tmp/ccmnApHS.s]
[T 03:36:02 1936] trace_languages(1): [cpp]
[T 03:36:02 1938] Attempting to switch stdout/stderr to 4...
[T 03:36:02 1938] Initializing tracer.
[T 03:36:02 1938] Initializing tags.
[T 03:36:02 1938] ID set to 0000000000000792_0000000000000001 (parent 0000000000000790_0000000000000001)
[E 03:36:02 1938] CodeQL C/C++ Extractor 2.25.1
[E 03:36:02 1938] Current directory: /home/test/my-awesome-project/CISB/server/UBconcurrencyaccesstoglobal
[E 03:36:02 1938] Command: /mnt/c/Tools/codeql/cpp/tools/linux64/extractor --mimic /usr/libexec/gcc/x86_64-linux-gnu/13/cc1 -quiet -imultiarch x86_64-linux-gnu test1.c -quiet -dumpbase test1.c -dumpbase-ext .c -mtune=generic -march=x86-64 -fasynchronous-unwind-tables -fstack-protector-strong -Wformat -Wformat-security -fstack-clash-protection -fcf-protection -o /tmp/ccmnApHS.s
[T 03:36:02 1969] Initializing tracer.
[T 03:36:02 1969] Initializing tags.
[T 03:36:02 1969] ID set to 00000000000007B1_0000000000000001 (parent 0000000000000792_0000000000000001)
[T 03:36:02 1969] ==== Candidate to intercept: /usr/libexec/gcc/x86_64-linux-gnu/13/cc1 (canonical: /usr/libexec/gcc/x86_64-linux-gnu/13/cc1) ====
[T 03:36:02 1969] Lua: === Intercepted call to /usr/libexec/gcc/x86_64-linux-gnu/13/cc1 ===
[T 03:36:02 1969] Executing the following tracer actions:
[T 03:36:02 1969] Tracer actions:
[T 03:36:02 1969] pre_invocations(0)
[T 03:36:02 1969] post_invocations(1)
[T 03:36:02 1969] invocation: /mnt/c/Tools/codeql/cpp/tools/linux64/extractor, args: [--mimic, /usr/libexec/gcc/x86_64-linux-gnu/13/cc1, --version]
[T 03:36:02 1969] trace_languages(1): [cpp]
[T 03:36:02 1971] Attempting to switch stdout/stderr to 7...
[T 03:36:02 1971] Initializing tracer.
[T 03:36:02 1971] Initializing tags.
[T 03:36:02 1971] ID set to 00000000000007B3_0000000000000001 (parent 00000000000007B1_0000000000000001)
[E 03:36:02 1971] Mimicry classification suppression detected; exiting.
[E 03:36:02 1971] Extractor exited successfully
[T 03:36:02 1969] Extractor /mnt/c/Tools/codeql/cpp/tools/linux64/extractor terminated with exit code 0.
[T 03:36:02 1973] Initializing tracer.
[T 03:36:02 1973] Initializing tags.
[T 03:36:02 1973] ID set to 00000000000007B5_0000000000000001 (parent 0000000000000792_0000000000000001)
[T 03:36:02 1973] ==== Candidate to intercept: /usr/libexec/gcc/x86_64-linux-gnu/13/cc1 (canonical: /usr/libexec/gcc/x86_64-linux-gnu/13/cc1) ====
[T 03:36:02 1973] Lua: === Intercepted call to /usr/libexec/gcc/x86_64-linux-gnu/13/cc1 ===
[T 03:36:02 1973] Executing the following tracer actions:
[T 03:36:02 1973] Tracer actions:
[T 03:36:02 1973] pre_invocations(0)
[T 03:36:02 1973] post_invocations(1)
[T 03:36:02 1973] invocation: /mnt/c/Tools/codeql/cpp/tools/linux64/extractor, args: [--mimic, /usr/libexec/gcc/x86_64-linux-gnu/13/cc1, --help]
[T 03:36:02 1973] trace_languages(1): [cpp]
[T 03:36:02 2002] Attempting to switch stdout/stderr to 7...
[T 03:36:02 2002] Initializing tracer.
[T 03:36:02 2002] Initializing tags.
[T 03:36:02 2002] ID set to 00000000000007D2_0000000000000001 (parent 00000000000007B5_0000000000000001)
[E 03:36:02 2002] Mimicry classification suppression detected; exiting.
[E 03:36:02 2002] Extractor exited successfully
[T 03:36:02 1973] Extractor /mnt/c/Tools/codeql/cpp/tools/linux64/extractor terminated with exit code 0.
[T 03:36:02 2017] Initializing tracer.
[T 03:36:02 2017] Initializing tags.
[T 03:36:02 2017] ID set to 00000000000007E1_0000000000000001 (parent 0000000000000792_0000000000000001)
[T 03:36:02 2017] ==== Candidate to intercept: /usr/libexec/gcc/x86_64-linux-gnu/13/cc1 (canonical: /usr/libexec/gcc/x86_64-linux-gnu/13/cc1) ====
[T 03:36:02 2017] Lua: === Intercepted call to /usr/libexec/gcc/x86_64-linux-gnu/13/cc1 ===
[T 03:36:02 2017] Executing the following tracer actions:
[T 03:36:02 2017] Tracer actions:
[T 03:36:02 2017] pre_invocations(0)
[T 03:36:02 2017] post_invocations(1)
[T 03:36:02 2017] invocation: /mnt/c/Tools/codeql/cpp/tools/linux64/extractor, args: [--mimic, /usr/libexec/gcc/x86_64-linux-gnu/13/cc1, -version, --help]
[T 03:36:02 2017] trace_languages(1): [cpp]
[T 03:36:02 2033] Attempting to switch stdout/stderr to 7...
[T 03:36:02 2033] Initializing tracer.
[T 03:36:02 2033] Initializing tags.
[T 03:36:02 2033] ID set to 00000000000007F1_0000000000000001 (parent 00000000000007E1_0000000000000001)
[E 03:36:02 2033] Mimicry classification suppression detected; exiting.
[E 03:36:02 2033] Extractor exited successfully
[T 03:36:02 2017] Extractor /mnt/c/Tools/codeql/cpp/tools/linux64/extractor terminated with exit code 0.
[T 03:36:02 2049] Initializing tracer.
[T 03:36:02 2049] Initializing tags.
[T 03:36:02 2049] ID set to 0000000000000801_0000000000000001 (parent 0000000000000792_0000000000000001)
[T 03:36:02 2049] ==== Candidate to intercept: /usr/libexec/gcc/x86_64-linux-gnu/13/cc1 (canonical: /usr/libexec/gcc/x86_64-linux-gnu/13/cc1) ====
[T 03:36:02 2049] Lua: === Intercepted call to /usr/libexec/gcc/x86_64-linux-gnu/13/cc1 ===
[T 03:36:02 2049] Executing the following tracer actions:
[T 03:36:02 2049] Tracer actions:
[T 03:36:02 2049] pre_invocations(0)
[T 03:36:02 2049] post_invocations(1)
[T 03:36:02 2049] invocation: /mnt/c/Tools/codeql/cpp/tools/linux64/extractor, args: [--mimic, /usr/libexec/gcc/x86_64-linux-gnu/13/cc1, -nostdinc, -o, /home/test/my-awesome-project/CISB/server/UBconcurrencyaccesstoglobal/db/working/tmp//semmle_2_1938_868918.o, /home/test/my-awesome-project/CISB/server/UBconcurrencyaccesstoglobal/db/working/tmp//semmle_1_1938_868887.c]
[T 03:36:02 2049] trace_languages(1): [cpp]
[T 03:36:02 2064] Attempting to switch stdout/stderr to 7...
[T 03:36:02 2064] Initializing tracer.
[T 03:36:02 2064] Initializing tags.
[T 03:36:02 2064] ID set to 0000000000000810_0000000000000001 (parent 0000000000000801_0000000000000001)
[E 03:36:02 2064] Mimicry classification suppression detected; exiting.
[E 03:36:02 2064] Extractor exited successfully
[T 03:36:02 2049] Extractor /mnt/c/Tools/codeql/cpp/tools/linux64/extractor terminated with exit code 0.
[T 03:36:02 2065] Initializing tracer.
[T 03:36:02 2065] Initializing tags.
[T 03:36:02 2065] ID set to 0000000000000811_0000000000000001 (parent 0000000000000792_0000000000000001)
[T 03:36:02 2065] ==== Candidate to intercept: /usr/libexec/gcc/x86_64-linux-gnu/13/cc1 (canonical: /usr/libexec/gcc/x86_64-linux-gnu/13/cc1) ====
[T 03:36:02 2065] Lua: === Intercepted call to /usr/libexec/gcc/x86_64-linux-gnu/13/cc1 ===
[T 03:36:02 2065] Executing the following tracer actions:
[T 03:36:02 2065] Tracer actions:
[T 03:36:02 2065] pre_invocations(0)
[T 03:36:02 2065] post_invocations(1)
[T 03:36:02 2065] invocation: /mnt/c/Tools/codeql/cpp/tools/linux64/extractor, args: [--mimic, /usr/libexec/gcc/x86_64-linux-gnu/13/cc1, -nostdinc, -o, /home/test/my-awesome-project/CISB/server/UBconcurrencyaccesstoglobal/db/working/tmp//semmle_4_1938_902546.o, /home/test/my-awesome-project/CISB/server/UBconcurrencyaccesstoglobal/db/working/tmp//semmle_3_1938_902455.c]
[T 03:36:02 2065] trace_languages(1): [cpp]
[T 03:36:02 2067] Attempting to switch stdout/stderr to 7...
[T 03:36:02 2067] Initializing tracer.
[T 03:36:02 2067] Initializing tags.
[T 03:36:02 2067] ID set to 0000000000000813_0000000000000001 (parent 0000000000000811_0000000000000001)
[E 03:36:02 2067] Mimicry classification suppression detected; exiting.
[E 03:36:02 2067] Extractor exited successfully
[T 03:36:02 2065] Extractor /mnt/c/Tools/codeql/cpp/tools/linux64/extractor terminated with exit code 0.
[E 03:36:02 1938] Checking whether C compilation already happened.
[E 03:36:02 1938] Checking for tag c-compilation-happened
[E 03:36:02 1938] Checking CODEQL_TRACER_DB_ID 0000000000000790_0000000000000001
[E 03:36:02 1938] Locking DB /home/test/my-awesome-project/CISB/server/UBconcurrencyaccesstoglobal/db/working/tags.db
[E 03:36:02 1938] Locked DB /home/test/my-awesome-project/CISB/server/UBconcurrencyaccesstoglobal/db/working/tags.db
[E 03:36:02 1938] Unlocking DB
[E 03:36:02 1938] Unlocked DB
[E 03:36:02 1938] Looks like C compilation didn't already happen.
[E 03:36:02 1938] Checking whether C compilation has been attempted.
[E 03:36:02 1938] Checking for tag c-compilation-attempted
[E 03:36:02 1938] Checking CODEQL_TRACER_DB_ID 0000000000000790_0000000000000001
[E 03:36:02 1938] Locking DB /home/test/my-awesome-project/CISB/server/UBconcurrencyaccesstoglobal/db/working/tags.db
[E 03:36:02 1938] Locked DB /home/test/my-awesome-project/CISB/server/UBconcurrencyaccesstoglobal/db/working/tags.db
[E 03:36:02 1938] Unlocking DB
[E 03:36:02 1938] Unlocked DB
[E 03:36:02 1938] Marking C compilation as attempted.
[E 03:36:02 1938] Setting tag c-compilation-attempted
[E 03:36:02 1938] Starting from CODEQL_TRACER_DB_ID 0000000000000790_0000000000000001
[E 03:36:02 1938] Locking DB /home/test/my-awesome-project/CISB/server/UBconcurrencyaccesstoglobal/db/working/tags.db
[E 03:36:02 1938] Locked DB /home/test/my-awesome-project/CISB/server/UBconcurrencyaccesstoglobal/db/working/tags.db
[E 03:36:02 1938] Set tag for 0000000000000790_0000000000000001
[E 03:36:02 1938] Set tag for 000000000000078E_0000000000000001
[E 03:36:02 1938] Set tag for 000000000000078A_0000000000000003
[E 03:36:02 1938] Set tag for 000000000000078A_0000000000000002
[E 03:36:02 1938] Set tag for root
[E 03:36:02 1938] Unlocking DB
[E 03:36:02 1938] Unlocked DB
[T 03:36:02 2068] Initializing tracer.
[T 03:36:02 2068] Initializing tags.
[T 03:36:02 2068] ID set to 0000000000000814_0000000000000001 (parent 0000000000000792_0000000000000001)
[T 03:36:02 2068] ==== Candidate to intercept: /usr/libexec/gcc/x86_64-linux-gnu/13/cc1 (canonical: /usr/libexec/gcc/x86_64-linux-gnu/13/cc1) ====
[T 03:36:02 2068] Lua: === Intercepted call to /usr/libexec/gcc/x86_64-linux-gnu/13/cc1 ===
[T 03:36:02 2068] Executing the following tracer actions:
[T 03:36:02 2068] Tracer actions:
[T 03:36:02 2068] pre_invocations(0)
[T 03:36:02 2068] post_invocations(1)
[T 03:36:02 2068] invocation: /mnt/c/Tools/codeql/cpp/tools/linux64/extractor, args: [--mimic, /usr/libexec/gcc/x86_64-linux-gnu/13/cc1, @/home/test/my-awesome-project/CISB/server/UBconcurrencyaccesstoglobal/db/working/tmp//semmle_6_1938_935575, -v, -fsyntax-only, /home/test/my-awesome-project/CISB/server/UBconcurrencyaccesstoglobal/db/working/tmp//semmle_7_1938_935698]
[T 03:36:02 2068] trace_languages(1): [cpp]
[T 03:36:02 2070] Attempting to switch stdout/stderr to 7...
[T 03:36:02 2070] Initializing tracer.
[T 03:36:02 2070] Initializing tags.
[T 03:36:02 2070] ID set to 0000000000000816_0000000000000001 (parent 0000000000000814_0000000000000001)
[E 03:36:02 2070] Mimicry classification suppression detected; exiting.
[E 03:36:02 2070] Extractor exited successfully
[T 03:36:02 2068] Extractor /mnt/c/Tools/codeql/cpp/tools/linux64/extractor terminated with exit code 0.
[T 03:36:02 2071] Initializing tracer.
[T 03:36:02 2071] Initializing tags.
[T 03:36:02 2071] ID set to 0000000000000817_0000000000000001 (parent 0000000000000792_0000000000000001)
[T 03:36:02 2071] ==== Candidate to intercept: /usr/libexec/gcc/x86_64-linux-gnu/13/cc1 (canonical: /usr/libexec/gcc/x86_64-linux-gnu/13/cc1) ====
[T 03:36:02 2071] Lua: === Intercepted call to /usr/libexec/gcc/x86_64-linux-gnu/13/cc1 ===
[T 03:36:02 2071] Executing the following tracer actions:
[T 03:36:02 2071] Tracer actions:
[T 03:36:02 2071] pre_invocations(0)
[T 03:36:02 2071] post_invocations(1)
[T 03:36:02 2071] invocation: /mnt/c/Tools/codeql/cpp/tools/linux64/extractor, args: [--mimic, /usr/libexec/gcc/x86_64-linux-gnu/13/cc1, @/home/test/my-awesome-project/CISB/server/UBconcurrencyaccesstoglobal/db/working/tmp//semmle_6_1938_935575, -E, -dM, /home/test/my-awesome-project/CISB/server/UBconcurrencyaccesstoglobal/db/working/tmp//semmle_8_1938_962528]
[T 03:36:02 2071] trace_languages(1): [cpp]
[T 03:36:02 2073] Attempting to switch stdout/stderr to 7...
[T 03:36:02 2073] Initializing tracer.
[T 03:36:02 2073] Initializing tags.
[T 03:36:02 2073] ID set to 0000000000000819_0000000000000001 (parent 0000000000000817_0000000000000001)
[E 03:36:02 2073] Mimicry classification suppression detected; exiting.
[E 03:36:02 2073] Extractor exited successfully
[T 03:36:02 2071] Extractor /mnt/c/Tools/codeql/cpp/tools/linux64/extractor terminated with exit code 0.
[T 03:36:02 2074] Initializing tracer.
[T 03:36:02 2074] Initializing tags.
[T 03:36:02 2074] ID set to 000000000000081A_0000000000000001 (parent 0000000000000792_0000000000000001)
[T 03:36:02 2074] ==== Candidate to intercept: /usr/libexec/gcc/x86_64-linux-gnu/13/cc1 (canonical: /usr/libexec/gcc/x86_64-linux-gnu/13/cc1) ====
[T 03:36:02 2074] Lua: === Intercepted call to /usr/libexec/gcc/x86_64-linux-gnu/13/cc1 ===
[T 03:36:02 2074] Executing the following tracer actions:
[T 03:36:02 2074] Tracer actions:
[T 03:36:02 2074] pre_invocations(0)
[T 03:36:02 2074] post_invocations(1)
[T 03:36:02 2074] invocation: /mnt/c/Tools/codeql/cpp/tools/linux64/extractor, args: [--mimic, /usr/libexec/gcc/x86_64-linux-gnu/13/cc1, @/home/test/my-awesome-project/CISB/server/UBconcurrencyaccesstoglobal/db/working/tmp//semmle_9_1938_990278, -o, /home/test/my-awesome-project/CISB/server/UBconcurrencyaccesstoglobal/db/working/tmp//semmle_11_1938_990442.o, /home/test/my-awesome-project/CISB/server/UBconcurrencyaccesstoglobal/db/working/tmp//semmle_10_1938_990395.c]
[T 03:36:02 2074] trace_languages(1): [cpp]
[T 03:36:03 2076] Attempting to switch stdout/stderr to 7...
[T 03:36:03 2076] Initializing tracer.
[T 03:36:03 2076] Initializing tags.
[T 03:36:03 2076] ID set to 000000000000081C_0000000000000001 (parent 000000000000081A_0000000000000001)
[E 03:36:03 2076] Mimicry classification suppression detected; exiting.
[E 03:36:03 2076] Extractor exited successfully
[T 03:36:03 2074] Extractor /mnt/c/Tools/codeql/cpp/tools/linux64/extractor terminated with exit code 0.
[T 03:36:03 2077] Initializing tracer.
[T 03:36:03 2077] Initializing tags.
[T 03:36:03 2077] ID set to 000000000000081D_0000000000000001 (parent 0000000000000792_0000000000000001)
[T 03:36:03 2077] ==== Candidate to intercept: /usr/libexec/gcc/x86_64-linux-gnu/13/cc1 (canonical: /usr/libexec/gcc/x86_64-linux-gnu/13/cc1) ====
[T 03:36:03 2077] Lua: === Intercepted call to /usr/libexec/gcc/x86_64-linux-gnu/13/cc1 ===
[T 03:36:03 2077] Executing the following tracer actions:
[T 03:36:03 2077] Tracer actions:
[T 03:36:03 2077] pre_invocations(0)
[T 03:36:03 2077] post_invocations(1)
[T 03:36:03 2077] invocation: /mnt/c/Tools/codeql/cpp/tools/linux64/extractor, args: [--mimic, /usr/libexec/gcc/x86_64-linux-gnu/13/cc1, @/home/test/my-awesome-project/CISB/server/UBconcurrencyaccesstoglobal/db/working/tmp//semmle_9_1938_990278, -o, /home/test/my-awesome-project/CISB/server/UBconcurrencyaccesstoglobal/db/working/tmp//semmle_13_1938_18899.o, /home/test/my-awesome-project/CISB/server/UBconcurrencyaccesstoglobal/db/working/tmp//semmle_12_1938_18826.c]
[T 03:36:03 2077] trace_languages(1): [cpp]
[T 03:36:03 2079] Attempting to switch stdout/stderr to 7...
[T 03:36:03 2079] Initializing tracer.
[T 03:36:03 2079] Initializing tags.
[T 03:36:03 2079] ID set to 000000000000081F_0000000000000001 (parent 000000000000081D_0000000000000001)
[E 03:36:03 2079] Mimicry classification suppression detected; exiting.
[E 03:36:03 2079] Extractor exited successfully
[T 03:36:03 2077] Extractor /mnt/c/Tools/codeql/cpp/tools/linux64/extractor terminated with exit code 0.
[T 03:36:03 2080] Initializing tracer.
[T 03:36:03 2080] Initializing tags.
[T 03:36:03 2080] ID set to 0000000000000820_0000000000000001 (parent 0000000000000792_0000000000000001)
[T 03:36:03 2080] ==== Candidate to intercept: /usr/libexec/gcc/x86_64-linux-gnu/13/cc1 (canonical: /usr/libexec/gcc/x86_64-linux-gnu/13/cc1) ====
[T 03:36:03 2080] Lua: === Intercepted call to /usr/libexec/gcc/x86_64-linux-gnu/13/cc1 ===
[T 03:36:03 2080] Executing the following tracer actions:
[T 03:36:03 2080] Tracer actions:
[T 03:36:03 2080] pre_invocations(0)
[T 03:36:03 2080] post_invocations(1)
[T 03:36:03 2080] invocation: /mnt/c/Tools/codeql/cpp/tools/linux64/extractor, args: [--mimic, /usr/libexec/gcc/x86_64-linux-gnu/13/cc1, @/home/test/my-awesome-project/CISB/server/UBconcurrencyaccesstoglobal/db/working/tmp//semmle_9_1938_990278, -o, /home/test/my-awesome-project/CISB/server/UBconcurrencyaccesstoglobal/db/working/tmp//semmle_15_1938_52213.o, /home/test/my-awesome-project/CISB/server/UBconcurrencyaccesstoglobal/db/working/tmp//semmle_14_1938_52174.c]
[T 03:36:03 2080] trace_languages(1): [cpp]
[T 03:36:03 2082] Attempting to switch stdout/stderr to 7...
[T 03:36:03 2082] Initializing tracer.
[T 03:36:03 2082] Initializing tags.
[T 03:36:03 2082] ID set to 0000000000000822_0000000000000001 (parent 0000000000000820_0000000000000001)
[E 03:36:03 2082] Mimicry classification suppression detected; exiting.
[E 03:36:03 2082] Extractor exited successfully
[T 03:36:03 2080] Extractor /mnt/c/Tools/codeql/cpp/tools/linux64/extractor terminated with exit code 0.
[T 03:36:03 2083] Initializing tracer.
[T 03:36:03 2083] Initializing tags.
[T 03:36:03 2083] ID set to 0000000000000823_0000000000000001 (parent 0000000000000792_0000000000000001)
[T 03:36:03 2083] ==== Candidate to intercept: /usr/libexec/gcc/x86_64-linux-gnu/13/cc1 (canonical: /usr/libexec/gcc/x86_64-linux-gnu/13/cc1) ====
[T 03:36:03 2083] Lua: === Intercepted call to /usr/libexec/gcc/x86_64-linux-gnu/13/cc1 ===
[T 03:36:03 2083] Executing the following tracer actions:
[T 03:36:03 2083] Tracer actions:
[T 03:36:03 2083] pre_invocations(0)
[T 03:36:03 2083] post_invocations(1)
[T 03:36:03 2083] invocation: /mnt/c/Tools/codeql/cpp/tools/linux64/extractor, args: [--mimic, /usr/libexec/gcc/x86_64-linux-gnu/13/cc1, @/home/test/my-awesome-project/CISB/server/UBconcurrencyaccesstoglobal/db/working/tmp//semmle_9_1938_990278, -o, /home/test/my-awesome-project/CISB/server/UBconcurrencyaccesstoglobal/db/working/tmp//semmle_17_1938_79959.o, /home/test/my-awesome-project/CISB/server/UBconcurrencyaccesstoglobal/db/working/tmp//semmle_16_1938_79915.c]
[T 03:36:03 2083] trace_languages(1): [cpp]
[T 03:36:03 2085] Attempting to switch stdout/stderr to 7...
[T 03:36:03 2085] Initializing tracer.
[T 03:36:03 2085] Initializing tags.
[T 03:36:03 2085] ID set to 0000000000000825_0000000000000001 (parent 0000000000000823_0000000000000001)
[E 03:36:03 2085] Mimicry classification suppression detected; exiting.
[E 03:36:03 2085] Extractor exited successfully
[T 03:36:03 2083] Extractor /mnt/c/Tools/codeql/cpp/tools/linux64/extractor terminated with exit code 0.
[T 03:36:03 2086] Initializing tracer.
[T 03:36:03 2086] Initializing tags.
[T 03:36:03 2086] ID set to 0000000000000826_0000000000000001 (parent 0000000000000792_0000000000000001)
[T 03:36:03 2086] ==== Candidate to intercept: /usr/libexec/gcc/x86_64-linux-gnu/13/cc1 (canonical: /usr/libexec/gcc/x86_64-linux-gnu/13/cc1) ====
[T 03:36:03 2086] Lua: === Intercepted call to /usr/libexec/gcc/x86_64-linux-gnu/13/cc1 ===
[T 03:36:03 2086] Executing the following tracer actions:
[T 03:36:03 2086] Tracer actions:
[T 03:36:03 2086] pre_invocations(0)
[T 03:36:03 2086] post_invocations(1)
[T 03:36:03 2086] invocation: /mnt/c/Tools/codeql/cpp/tools/linux64/extractor, args: [--mimic, /usr/libexec/gcc/x86_64-linux-gnu/13/cc1, @/home/test/my-awesome-project/CISB/server/UBconcurrencyaccesstoglobal/db/working/tmp//semmle_9_1938_990278, -o, /home/test/my-awesome-project/CISB/server/UBconcurrencyaccesstoglobal/db/working/tmp//semmle_19_1938_110214.o, /home/test/my-awesome-project/CISB/server/UBconcurrencyaccesstoglobal/db/working/tmp//semmle_18_1938_110143.c]
[T 03:36:03 2086] trace_languages(1): [cpp]
[T 03:36:03 2088] Attempting to switch stdout/stderr to 7...
[T 03:36:03 2088] Initializing tracer.
[T 03:36:03 2088] Initializing tags.
[T 03:36:03 2088] ID set to 0000000000000828_0000000000000001 (parent 0000000000000826_0000000000000001)
[E 03:36:03 2088] Mimicry classification suppression detected; exiting.
[E 03:36:03 2088] Extractor exited successfully
[T 03:36:03 2086] Extractor /mnt/c/Tools/codeql/cpp/tools/linux64/extractor terminated with exit code 0.
[T 03:36:03 2089] Initializing tracer.
[T 03:36:03 2089] Initializing tags.
[T 03:36:03 2089] ID set to 0000000000000829_0000000000000001 (parent 0000000000000792_0000000000000001)
[T 03:36:03 2089] ==== Candidate to intercept: /usr/libexec/gcc/x86_64-linux-gnu/13/cc1 (canonical: /usr/libexec/gcc/x86_64-linux-gnu/13/cc1) ====
[T 03:36:03 2089] Lua: === Intercepted call to /usr/libexec/gcc/x86_64-linux-gnu/13/cc1 ===
[T 03:36:03 2089] Executing the following tracer actions:
[T 03:36:03 2089] Tracer actions:
[T 03:36:03 2089] pre_invocations(0)
[T 03:36:03 2089] post_invocations(1)
[T 03:36:03 2089] invocation: /mnt/c/Tools/codeql/cpp/tools/linux64/extractor, args: [--mimic, /usr/libexec/gcc/x86_64-linux-gnu/13/cc1, @/home/test/my-awesome-project/CISB/server/UBconcurrencyaccesstoglobal/db/working/tmp//semmle_9_1938_990278, -o, /home/test/my-awesome-project/CISB/server/UBconcurrencyaccesstoglobal/db/working/tmp//semmle_21_1938_139347.o, /home/test/my-awesome-project/CISB/server/UBconcurrencyaccesstoglobal/db/working/tmp//semmle_20_1938_139240.c]
[T 03:36:03 2089] trace_languages(1): [cpp]
[T 03:36:03 2091] Attempting to switch stdout/stderr to 7...
[T 03:36:03 2091] Initializing tracer.
[T 03:36:03 2091] Initializing tags.
[T 03:36:03 2091] ID set to 000000000000082B_0000000000000001 (parent 0000000000000829_0000000000000001)
[E 03:36:03 2091] Mimicry classification suppression detected; exiting.
[E 03:36:03 2091] Extractor exited successfully
[T 03:36:03 2089] Extractor /mnt/c/Tools/codeql/cpp/tools/linux64/extractor terminated with exit code 0.
[E 03:36:03 1938] Processed command line: /mnt/c/Tools/codeql/cpp/tools/linux64/extractor --trapfolder /home/test/my-awesome-project/CISB/server/UBconcurrencyaccesstoglobal/db/trap/cpp --src_archive /home/test/my-awesome-project/CISB/server/UBconcurrencyaccesstoglobal/db/src --object_filename /tmp/ccmnApHS.s --no_warnings_and_discretionary_errors --error_limit 1000 --disable_system_macros --variadic_macros --incognito --gcc --gnu_version 130300 --target linux_x86_64 '-D__DBL_MIN_EXP__=(-1021)' -D__UINT_LEAST16_MAX__=0xffff -D__FLT16_HAS_QUIET_NAN__=1 -D__ATOMIC_ACQUIRE=2 -D__FLT128_MAX_10_EXP__=4932 -D__FLT_MIN__=1.17549435082228750796873653722224568e-38F -D__GCC_IEC_559_COMPLEX=2 '-D__UINT_LEAST8_TYPE__=unsigned char' -D__SIZEOF_FLOAT80__=16 -D__BFLT16_DENORM_MIN__=9.18354961579912115600575419704879436e-41BF16 '-D__INTMAX_C(c)=c ## L' -D__CHAR_BIT__=8 -D__UINT8_MAX__=0xff -D__SCHAR_WIDTH__=8 -D__WINT_MAX__=0xffffffffU '-D__FLT32_MIN_EXP__=(-125)' -D__BFLT16_NORM_MAX__=3.38953138925153547590470800371487867e+38BF16 '-D__BFLT16_MIN_10_EXP__=(-37)' -D__ORDER_LITTLE_ENDIAN__=1234 -D__WCHAR_MAX__=0x7fffffff -D__GCC_HAVE_SYNC_COMPARE_AND_SWAP_2=1 -D__GCC_HAVE_SYNC_COMPARE_AND_SWAP_4=1 -D__GCC_HAVE_SYNC_COMPARE_AND_SWAP_8=1 -D__GCC_ATOMIC_CHAR_LOCK_FREE=2 -D__GCC_IEC_559=2 -D__FLT32X_DECIMAL_DIG__=17 -D__FLT_EVAL_METHOD__=0 -D__FLT64_DECIMAL_DIG__=17 -D__CET__=3 -D__GCC_ATOMIC_CHAR32_T_LOCK_FREE=2 -D__UINT_FAST64_MAX__=0xffffffffffffffffUL -D__SIG_ATOMIC_TYPE__=int '-D__DBL_MIN_10_EXP__=(-307)' -D__FINITE_MATH_ONLY__=0 -D__FLT32X_MAX_EXP__=1024 -D__GCC_HAVE_SYNC_COMPARE_AND_SWAP_1=1 -D__FLT32_HAS_DENORM__=1 -D__UINT_FAST8_MAX__=0xff -D__FLT32_MAX_10_EXP__=38 -D__DEC64_MAX_EXP__=385 '-D__INT8_C(c)=c' -D__INT_LEAST8_WIDTH__=8 -D__UINT_LEAST64_MAX__=0xffffffffffffffffUL -D__SHRT_MAX__=0x7fff -D__LDBL_MAX__=1.18973149535723176502126385303097021e+4932L -D__FLT64X_MAX_10_EXP__=4932 -D__BFLT16_MAX_10_EXP__=38 -D__BFLT16_MAX_EXP__=128 -D__LDBL_IS_IEC_60559__=1 -D__FLT64X_HAS_QUIET_NAN__=1 -D__UINT_LEAST8_MAX__=0xff -D__GCC_ATOMIC_BOOL_LOCK_FREE=2 -D__FLT128_DENORM_MIN__=6.47517511943802511092443895822764655e-4966F128 '-D__UINTMAX_TYPE__=long unsigned int' -D__BFLT16_DECIMAL_DIG__=4 -D__linux=1 -D__DEC32_EPSILON__=1E-6DF -D__FLT_EVAL_METHOD_TS_18661_3__=0 -D__UINT32_MAX__=0xffffffffU '-D__DBL_DENORM_MIN__=((double)4.94065645841246544176568792868221372e-324L)' '-D__FLT128_MIN_EXP__=(-16381)' -D__WINT_MIN__=0U '-D__FLT128_MIN_10_EXP__=(-4931)' -D__FLT32X_IS_IEC_60559__=1 -D__INT_LEAST16_WIDTH__=16 -D__SCHAR_MAX__=0x7f -D__FLT128_MANT_DIG__=113 '-D__WCHAR_MIN__=(-__WCHAR_MAX__ - 1)' '-D__INT64_C(c)=c ## L' -D__SSP_STRONG__=3 -D__GCC_ATOMIC_POINTER_LOCK_FREE=2 -D__ATOMIC_SEQ_CST=5 -D__unix=1 -D__INT_LEAST64_MAX__=0x7fffffffffffffffL -D__FLT32X_MANT_DIG__=53 -D__FLT64X_EPSILON__=1.08420217248550443400745280086994171e-19F64x '-D__DEC64_MIN_EXP__=(-382)' -D__DBL_DIG__=15 -D__FLT_EPSILON__=1.19209289550781250000000000000000000e-7F -D__SHRT_WIDTH__=16 -D__FLT32_IS_IEC_60559__=1 -D__LDBL_MIN__=3.36210314311209350626267781732175260e-4932L -D__STDC_UTF_16__=1 -D__DBL_IS_IEC_60559__=1 -D__DEC32_MAX__=9.999999E96DF -D__FLT64X_DENORM_MIN__=3.64519953188247460252840593361941982e-4951F64x -D__FLT32X_HAS_INFINITY__=1 -D__unix__=1 -D__INT_WIDTH__=32 -D__STDC_IEC_559__=1 -D__STDC_ISO_10646__=201706L -D__DECIMAL_DIG__=21 -D__STDC_IEC_559_COMPLEX__=1 -D__FLT64_EPSILON__=2.22044604925031308084726333618164062e-16F64 -D__gnu_linux__=1 -D__FLT128_IS_IEC_60559__=1 '-D__FLT64X_MIN_10_EXP__=(-4931)' -D__LDBL_HAS_QUIET_NAN__=1 '-D__FLT16_MIN_EXP__=(-13)' -D__FLT64_MANT_DIG__=53 -D__FLT64X_MANT_DIG__=64 -D__BFLT16_DIG__=2 -D__pie__=2 -D__MMX__=1 -D__FLT_HAS_DENORM__=1 -D__SIZEOF_LONG_DOUBLE__=16 -D__BIGGEST_ALIGNMENT__=16 -D__FLT64_MAX_10_EXP__=308 -D__BFLT16_IS_IEC_60559__=0 -D__FLT16_MAX_10_EXP__=4 '-D__DBL_MAX__=((double)1.79769313486231570814527423731704357e+308L)' -D__INT_FAST32_MAX__=0x7fffffffffffffffL -D__DBL_HAS_INFINITY__=1 -D__INT64_MAX__=0x7fffffffffffffffL -D__SIZEOF_FLOAT__=4 -D__HAVE_SPECULATION_SAFE_VALUE=1 '-D__DEC32_MIN_EXP__=(-94)' -D__INTPTR_WIDTH__=64 -D__UINT_LEAST32_MAX__=0xffffffffU -D__FLT32X_HAS_DENORM__=1 '-D__INT_FAST16_TYPE__=long int' -D__MMX_WITH_SSE__=1 -D__LDBL_HAS_DENORM__=1 -D__SEG_GS=1 -D__BFLT16_EPSILON__=7.81250000000000000000000000000000000e-3BF16 -D__FLT128_HAS_INFINITY__=1 -D__DEC32_MIN__=1E-95DF -D__DBL_MAX_EXP__=1024 -D__WCHAR_WIDTH__=32 -D__FLT32_MAX__=3.40282346638528859811704183484516925e+38F32 -D__DEC128_EPSILON__=1E-33DL -D__FLT16_DECIMAL_DIG__=5 -D__SSE2_MATH__=1 -D__ATOMIC_HLE_RELEASE=131072 -D__PTRDIFF_MAX__=0x7fffffffffffffffL -D__amd64=1 -D__ATOMIC_HLE_ACQUIRE=65536 -D__LONG_LONG_MAX__=0x7fffffffffffffffLL -D__SIZEOF_SIZE_T__=8 -D__BFLT16_HAS_INFINITY__=1 '-D__FLT64X_MIN_EXP__=(-16381)' -D__SIZEOF_WINT_T__=4 -D__LONG_LONG_WIDTH__=64 -D__FLT32_MAX_EXP__=128 -D__GXX_ABI_VERSION=1018 '-D__FLT_MIN_EXP__=(-125)' -D__GCC_HAVE_DWARF2_CFI_ASM=1 -D__INT16_MAX__=0x7fff -D__x86_64=1 '-D__INT_FAST64_TYPE__=long int' -D__BFLT16_MAX__=3.38953138925153547590470800371487867e+38BF16 -D__BFLT16_HAS_DENORM__=1 -D__FLT64_DENORM_MIN__=4.94065645841246544176568792868221372e-324F64 -D__FLT16_DENORM_MIN__=5.96046447753906250000000000000000000e-8F16 -D__FLT128_EPSILON__=1.92592994438723585305597794258492732e-34F128 -D__FLT64X_NORM_MAX__=1.18973149535723176502126385303097021e+4932F64x -D__SIZEOF_POINTER__=8 '-D__SIZE_TYPE__=long unsigned int' -D__LP64__=1 -D__DBL_HAS_QUIET_NAN__=1 -D__FLT32X_EPSILON__=2.22044604925031308084726333618164062e-16F32x -D__LDBL_MAX_EXP__=16384 -D__DECIMAL_BID_FORMAT__=1 '-D__FLT64_MIN_EXP__=(-1021)' '-D__FLT64_MIN_10_EXP__=(-307)' '-D__FLT16_MIN_10_EXP__=(-4)' -D__FLT64X_DECIMAL_DIG__=21 -D__DEC128_MIN__=1E-6143DL -D__REGISTER_PREFIX__= -D__UINT16_MAX__=0xffff -D__DBL_HAS_DENORM__=1 -D__FLT32_MIN__=1.17549435082228750796873653722224568e-38F32 '-D__UINT8_TYPE__=unsigned char' -D__FLT_DIG__=6 -D__NO_INLINE__=1 -D__DEC_EVAL_METHOD__=2 -D__FLT_MANT_DIG__=24 -D__LDBL_DECIMAL_DIG__=21 '-D__UINT64_C(c)=c ## UL' -D_STDC_PREDEF_H=1 -D__INT_LEAST32_MAX__=0x7fffffff -D__GCC_ATOMIC_INT_LOCK_FREE=2 -D__FLT128_MAX_EXP__=16384 -D__FLT32_MANT_DIG__=24 -D__FLOAT_WORD_ORDER__=__ORDER_LITTLE_ENDIAN__ '-D__FLT32X_MIN_EXP__=(-1021)' -D__STDC_IEC_60559_COMPLEX__=201404L -D__BFLT16_MIN__=1.17549435082228750796873653722224568e-38BF16 -D__FLT128_HAS_DENORM__=1 -D__FLT32_DECIMAL_DIG__=9 -D__FLT128_DIG__=33 '-D__INT32_C(c)=c' -D__DEC64_EPSILON__=1E-15DD -D__ORDER_PDP_ENDIAN__=3412 '-D__DEC128_MIN_EXP__=(-6142)' -D__DEC128_MAX__=9.999999999999999999999999999999999E6144DL '-D__INT_FAST32_TYPE__=long int' '-D__UINT_LEAST16_TYPE__=short unsigned int' -D__DEC128_MAX_EXP__=6145 -Dunix=1 -D__UINT64_MAX__=0xffffffffffffffffUL -D__FLT_IS_IEC_60559__=1 '-D__GNUC_WIDE_EXECUTION_CHARSET_NAME="UTF-32LE"' -D__FLT64X_DIG__=18 '-D__INT8_TYPE__=signed char' -D__ELF__=1 -D__GCC_ASM_FLAG_OUTPUTS__=1 '-D__UINT32_TYPE__=unsigned int' -D__BFLT16_HAS_QUIET_NAN__=1 -D__FLT_RADIX__=2 '-D__INT_LEAST16_TYPE__=short int' -D__LDBL_EPSILON__=1.08420217248550443400745280086994171e-19L '-D__UINTMAX_C(c)=c ## UL' -D__FLT16_DIG__=3 -D__SSE_MATH__=1 -D__k8=1 -D__FLT32X_MIN__=2.22507385850720138309023271733240406e-308F32x -D__SIG_ATOMIC_MAX__=0x7fffffff -D__GCC_ATOMIC_WCHAR_T_LOCK_FREE=2 -D__USER_LABEL_PREFIX__= -D__STDC_IEC_60559_BFP__=201404L -D__SIZEOF_PTRDIFF_T__=8 -D__FLT64X_HAS_INFINITY__=1 -D__FLT32_HAS_INFINITY__=1 -D__SIZEOF_LONG__=8 -D__LDBL_DIG__=18 -D__FLT64_IS_IEC_60559__=1 -D__x86_64__=1 -D__FLT16_IS_IEC_60559__=1 -D__FLT16_MAX_EXP__=16 -D__DEC32_SUBNORMAL_MIN__=0.000001E-95DF -D__INT_FAST16_MAX__=0x7fffffffffffffffL -D__GCC_CONSTRUCTIVE_SIZE=64 -D__FLT64_DIG__=15 -D__UINT_FAST32_MAX__=0xffffffffffffffffUL '-D__UINT_LEAST64_TYPE__=long unsigned int' -D__FLT16_EPSILON__=9.76562500000000000000000000000000000e-4F16 -D__FLT_HAS_QUIET_NAN__=1 -D__FLT_MAX_10_EXP__=38 -D__LONG_MAX__=0x7fffffffffffffffL -D__FLT64X_HAS_DENORM__=1 -D__DEC128_SUBNORMAL_MIN__=0.000000000000000000000000000000001E-6143DL -D__FLT_HAS_INFINITY__=1 '-D__GNUC_EXECUTION_CHARSET_NAME="UTF-8"' '-D__UINT_FAST16_TYPE__=long unsigned int' -D__DEC64_MAX__=9.999999999999999E384DD -D__INT_FAST32_WIDTH__=64 -D__PRAGMA_REDEFINE_EXTNAME=1 -D__SIZE_WIDTH__=64 -D__SEG_FS=1 -D__INT_LEAST16_MAX__=0x7fff -D__FLT16_NORM_MAX__=6.55040000000000000000000000000000000e+4F16 -D__DEC64_MANT_DIG__=16 -D__FLT32_DENORM_MIN__=1.40129846432481707092372958328991613e-45F32 -D__SIG_ATOMIC_WIDTH__=32 '-D__INT_LEAST64_TYPE__=long int' '-D__INT16_TYPE__=short int' '-D__INT_LEAST8_TYPE__=signed char' -D__FLT16_MAX__=6.55040000000000000000000000000000000e+4F16 -D__FLT128_MIN__=3.36210314311209350626267781732175260e-4932F128 -D__SIZEOF_INT__=4 -D__DEC32_MAX_EXP__=97 -D__INT_FAST8_MAX__=0x7f -D__FLT128_MAX__=1.18973149535723176508575932662800702e+4932F128 -D__INTPTR_MAX__=0x7fffffffffffffffL -Dlinux=1 -D__FLT64_HAS_QUIET_NAN__=1 '-D__FLT32_MIN_10_EXP__=(-37)' -D__FLT32X_DIG__=15 '-D__UINT16_C(c)=c' -D__PTRDIFF_WIDTH__=64 -D__LDBL_MANT_DIG__=64 -D__INT_FAST16_WIDTH__=64 -D__FLT64_HAS_INFINITY__=1 -D__FLT64X_MAX__=1.18973149535723176502126385303097021e+4932F64x -D__FLT16_HAS_INFINITY__=1 '-D__SIG_ATOMIC_MIN__=(-__SIG_ATOMIC_MAX__ - 1)' -D__code_model_small__=1 -D__GCC_ATOMIC_LONG_LOCK_FREE=2 -D__DEC32_MANT_DIG__=7 -D__FLT16_MANT_DIG__=11 -D__k8__=1 '-D__INTPTR_TYPE__=long int' '-D__UINT16_TYPE__=short unsigned int' -D__WCHAR_TYPE__=int -D__pic__=2 -D__UINTPTR_MAX__=0xffffffffffffffffUL -D__INT_FAST64_WIDTH__=64 -D__LDBL_HAS_INFINITY__=1 -D__INT_FAST64_MAX__=0x7fffffffffffffffL -D__GCC_ATOMIC_TEST_AND_SET_TRUEVAL=1 -D__FLT_NORM_MAX__=3.40282346638528859811704183484516925e+38F -D__FLT64X_MAX_EXP__=16384 '-D__UINT_FAST64_TYPE__=long unsigned int' '-D__BFLT16_MIN_EXP__=(-125)' -D__INT_MAX__=0x7fffffff -D__linux__=1 '-D__INT64_TYPE__=long int' -D__FLT_MAX_EXP__=128 -D__ORDER_BIG_ENDIAN__=4321 -D__DBL_MANT_DIG__=53 -D__SIZEOF_FLOAT128__=16 -D__BFLT16_MANT_DIG__=8 -D__GCC_ATOMIC_CHAR16_T_LOCK_FREE=2 -D__DEC64_MIN__=1E-383DD '-D__WINT_TYPE__=unsigned int' '-D__UINT_LEAST32_TYPE__=unsigned int' -D__SIZEOF_SHORT__=2 -D__FLT32_NORM_MAX__=3.40282346638528859811704183484516925e+38F32 -D__SSE__=1 '-D__LDBL_MIN_EXP__=(-16381)' -D__FLT64_MAX__=1.79769313486231570814527423731704357e+308F64 -D__amd64__=1 -D__WINT_WIDTH__=32 -D__INT_LEAST8_MAX__=0x7f -D__INT_LEAST64_WIDTH__=64 -D__FLT32X_MAX_10_EXP__=308 -D__SIZEOF_INT128__=16 -D__FLT16_MIN__=6.10351562500000000000000000000000000e-5F16 -D__FLT64X_IS_IEC_60559__=1 -D__LDBL_MAX_10_EXP__=4932 -D__ATOMIC_RELAXED=0 '-D__DBL_EPSILON__=((double)2.22044604925031308084726333618164062e-16L)' -D__INT_LEAST32_TYPE__=int -D_LP64=1 '-D__UINT8_C(c)=c' -D__FLT64_MAX_EXP__=1024 -D__SIZEOF_WCHAR_T__=4 '-D__UINT64_TYPE__=long unsigned int' -D__FLT128_NORM_MAX__=1.18973149535723176508575932662800702e+4932F128 -D__FLT64_NORM_MAX__=1.79769313486231570814527423731704357e+308F64 -D__FLT128_HAS_QUIET_NAN__=1 -D__INTMAX_MAX__=0x7fffffffffffffffL '-D__INT_FAST8_TYPE__=signed char' -D__FLT64X_MIN__=3.36210314311209350626267781732175260e-4932F64x -D__FLT64_HAS_DENORM__=1 -D__FLT32_EPSILON__=1.19209289550781250000000000000000000e-7F32 -D__FLT16_HAS_DENORM__=1 -D__DBL_DECIMAL_DIG__=17 -D__STDC_UTF_32__=1 -D__INT_FAST8_WIDTH__=8 -D__FXSR__=1 -D__FLT32X_MAX__=1.79769313486231570814527423731704357e+308F32x '-D__DBL_NORM_MAX__=((double)1.79769313486231570814527423731704357e+308L)' -D__BYTE_ORDER__=__ORDER_LITTLE_ENDIAN__ -D__GCC_DESTRUCTIVE_SIZE=64 -D__INTMAX_WIDTH__=64 -D__FLT32_DIG__=6 '-D__UINT32_C(c)=c ## U' -D__FLT_DENORM_MIN__=1.40129846432481707092372958328991613e-45F -D__INT8_MAX__=0x7f -D__LONG_WIDTH__=64 '-D__DBL_MIN__=((double)2.22507385850720138309023271733240406e-308L)' -D__PIC__=2 -D__INT32_MAX__=0x7fffffff '-D__UINT_FAST32_TYPE__=long unsigned int' -D__FLT32X_NORM_MAX__=1.79769313486231570814527423731704357e+308F32x -D__FLT_MAX__=3.40282346638528859811704183484516925e+38F -D__SSE2__=1 -D__INT32_TYPE__=int -D__SIZEOF_DOUBLE__=8 '-D__FLT_MIN_10_EXP__=(-37)' -D__FLT64_MIN__=2.22507385850720138309023271733240406e-308F64 -D__INT_LEAST32_WIDTH__=32 '-D__INTMAX_TYPE__=long int' -D__FLT32X_HAS_QUIET_NAN__=1 -D__ATOMIC_CONSUME=1 -D__UINTMAX_MAX__=0xffffffffffffffffUL -D__PIE__=2 -D__FLT32X_DENORM_MIN__=4.94065645841246544176568792868221372e-324F32x -D__DBL_MAX_10_EXP__=308 -D__LDBL_DENORM_MIN__=3.64519953188247460252840593361941982e-4951L '-D__INT16_C(c)=c' '-D__PTRDIFF_TYPE__=long int' '-D__FLT32X_MIN_10_EXP__=(-307)' '-D__UINTPTR_TYPE__=long unsigned int' -D__DEC64_SUBNORMAL_MIN__=0.000000000000001E-383DD -D__DEC128_MANT_DIG__=34 '-D__LDBL_MIN_10_EXP__=(-4931)' -D__SIZEOF_LONG_LONG__=8 -D__FLT128_DECIMAL_DIG__=36 -D__GCC_ATOMIC_LLONG_LOCK_FREE=2 -D__FLT32_HAS_QUIET_NAN__=1 -D__FLT_DECIMAL_DIG__=9 -D__UINT_FAST16_MAX__=0xffffffffffffffffUL -D__LDBL_NORM_MAX__=1.18973149535723176502126385303097021e+4932L -D__GCC_ATOMIC_SHORT_LOCK_FREE=2 -D__SIZE_MAX__=0xffffffffffffffffUL '-D__UINT_FAST8_TYPE__=unsigned char' -D__ATOMIC_ACQ_REL=4 -D__ATOMIC_RELEASE=3 -I/usr/lib/gcc/x86_64-linux-gnu/13/include -I/usr/local/include -I/usr/include/x86_64-linux-gnu -I/usr/include -- test1.c
[E 03:36:03 1938] CODEQL_EXTRACTOR_CPP_TRAP_CACHING is not set
[E 03:36:03 1938] CODEQL_EXTRACTOR_CPP_OPTION_TRAP_CACHE_WRITE is not set
[E 03:36:03 1938] CODEQL_EXTRACTOR_CPP_OPTION_TRAP_CACHE_DIR is not set
[E 03:36:03 1938] Initialising TRAP cache at path: 7c/94ed/ed6a6722a857d655f96e66d23166
[E 03:36:03 1938] Not using TRAP cache
[E 03:36:03 1938] TRAP cache miss
[E 03:36:03 1938] Starting compilation TRAP /home/test/my-awesome-project/CISB/server/UBconcurrencyaccesstoglobal/db/trap/cpp/compilations/61/56521432_0.trap.zst
[E 03:36:03 1938] Archiving /home/test/my-awesome-project/CISB/server/UBconcurrencyaccesstoglobal/db/src/home/test/my-awesome-project/CISB/server/UBconcurrencyaccesstoglobal/test1.c
[E 03:36:03 1938] Archiving /home/test/my-awesome-project/CISB/server/UBconcurrencyaccesstoglobal/db/src/usr/include/stdio.h
[E 03:36:03 1938] Archiving /home/test/my-awesome-project/CISB/server/UBconcurrencyaccesstoglobal/db/src/usr/include/x86_64-linux-gnu/bits/libc-header-start.h
[E 03:36:03 1938] Archiving /home/test/my-awesome-project/CISB/server/UBconcurrencyaccesstoglobal/db/src/usr/include/features.h
[E 03:36:03 1938] Archiving /home/test/my-awesome-project/CISB/server/UBconcurrencyaccesstoglobal/db/src/usr/include/features-time64.h
[E 03:36:03 1938] Archiving /home/test/my-awesome-project/CISB/server/UBconcurrencyaccesstoglobal/db/src/usr/include/x86_64-linux-gnu/bits/wordsize.h
[E 03:36:03 1938] Archiving /home/test/my-awesome-project/CISB/server/UBconcurrencyaccesstoglobal/db/src/usr/include/x86_64-linux-gnu/bits/timesize.h
[E 03:36:03 1938] Already archived /home/test/my-awesome-project/CISB/server/UBconcurrencyaccesstoglobal/db/src/usr/include/x86_64-linux-gnu/bits/wordsize.h
[E 03:36:03 1938] Archiving /home/test/my-awesome-project/CISB/server/UBconcurrencyaccesstoglobal/db/src/usr/include/stdc-predef.h
[E 03:36:03 1938] Archiving /home/test/my-awesome-project/CISB/server/UBconcurrencyaccesstoglobal/db/src/usr/include/x86_64-linux-gnu/sys/cdefs.h
[E 03:36:03 1938] Already archived /home/test/my-awesome-project/CISB/server/UBconcurrencyaccesstoglobal/db/src/usr/include/x86_64-linux-gnu/bits/wordsize.h
[E 03:36:03 1938] Archiving /home/test/my-awesome-project/CISB/server/UBconcurrencyaccesstoglobal/db/src/usr/include/x86_64-linux-gnu/bits/long-double.h
[E 03:36:03 1938] Archiving /home/test/my-awesome-project/CISB/server/UBconcurrencyaccesstoglobal/db/src/usr/include/x86_64-linux-gnu/gnu/stubs.h
[E 03:36:03 1938] Archiving /home/test/my-awesome-project/CISB/server/UBconcurrencyaccesstoglobal/db/src/usr/include/x86_64-linux-gnu/gnu/stubs-64.h
[E 03:36:03 1938] Archiving /home/test/my-awesome-project/CISB/server/UBconcurrencyaccesstoglobal/db/src/usr/lib/gcc/x86_64-linux-gnu/13/include/stddef.h
[E 03:36:03 1938] Archiving /home/test/my-awesome-project/CISB/server/UBconcurrencyaccesstoglobal/db/src/usr/lib/gcc/x86_64-linux-gnu/13/include/stdarg.h
[E 03:36:03 1938] Archiving /home/test/my-awesome-project/CISB/server/UBconcurrencyaccesstoglobal/db/src/usr/include/x86_64-linux-gnu/bits/types.h
[E 03:36:03 1938] Already archived /home/test/my-awesome-project/CISB/server/UBconcurrencyaccesstoglobal/db/src/usr/include/x86_64-linux-gnu/bits/wordsize.h
[E 03:36:03 1938] Already archived /home/test/my-awesome-project/CISB/server/UBconcurrencyaccesstoglobal/db/src/usr/include/x86_64-linux-gnu/bits/timesize.h
[E 03:36:03 1938] Already archived /home/test/my-awesome-project/CISB/server/UBconcurrencyaccesstoglobal/db/src/usr/include/x86_64-linux-gnu/bits/wordsize.h
[E 03:36:03 1938] Archiving /home/test/my-awesome-project/CISB/server/UBconcurrencyaccesstoglobal/db/src/usr/include/x86_64-linux-gnu/bits/typesizes.h
[E 03:36:03 1938] Archiving /home/test/my-awesome-project/CISB/server/UBconcurrencyaccesstoglobal/db/src/usr/include/x86_64-linux-gnu/bits/time64.h
[E 03:36:03 1938] Archiving /home/test/my-awesome-project/CISB/server/UBconcurrencyaccesstoglobal/db/src/usr/include/x86_64-linux-gnu/bits/types/__fpos_t.h
[E 03:36:03 1938] Archiving /home/test/my-awesome-project/CISB/server/UBconcurrencyaccesstoglobal/db/src/usr/include/x86_64-linux-gnu/bits/types/__mbstate_t.h
[E 03:36:03 1938] Archiving /home/test/my-awesome-project/CISB/server/UBconcurrencyaccesstoglobal/db/src/usr/include/x86_64-linux-gnu/bits/types/__fpos64_t.h
[E 03:36:03 1938] Archiving /home/test/my-awesome-project/CISB/server/UBconcurrencyaccesstoglobal/db/src/usr/include/x86_64-linux-gnu/bits/types/__FILE.h
[E 03:36:03 1938] Archiving /home/test/my-awesome-project/CISB/server/UBconcurrencyaccesstoglobal/db/src/usr/include/x86_64-linux-gnu/bits/types/FILE.h
[E 03:36:03 1938] Archiving /home/test/my-awesome-project/CISB/server/UBconcurrencyaccesstoglobal/db/src/usr/include/x86_64-linux-gnu/bits/types/struct_FILE.h
[E 03:36:03 1938] Archiving /home/test/my-awesome-project/CISB/server/UBconcurrencyaccesstoglobal/db/src/usr/include/x86_64-linux-gnu/bits/types/cookie_io_functions_t.h
[E 03:36:03 1938] Archiving /home/test/my-awesome-project/CISB/server/UBconcurrencyaccesstoglobal/db/src/usr/include/x86_64-linux-gnu/bits/stdio_lim.h
[E 03:36:03 1938] Archiving /home/test/my-awesome-project/CISB/server/UBconcurrencyaccesstoglobal/db/src/usr/include/x86_64-linux-gnu/bits/floatn.h
[E 03:36:03 1938] Archiving /home/test/my-awesome-project/CISB/server/UBconcurrencyaccesstoglobal/db/src/usr/include/x86_64-linux-gnu/bits/floatn-common.h
[E 03:36:03 1938] Already archived /home/test/my-awesome-project/CISB/server/UBconcurrencyaccesstoglobal/db/src/usr/include/x86_64-linux-gnu/bits/long-double.h
[E 03:36:03 1938] Archiving /home/test/my-awesome-project/CISB/server/UBconcurrencyaccesstoglobal/db/src/usr/include/pthread.h
[E 03:36:03 1938] Archiving /home/test/my-awesome-project/CISB/server/UBconcurrencyaccesstoglobal/db/src/usr/include/sched.h
[E 03:36:03 1938] Already archived /home/test/my-awesome-project/CISB/server/UBconcurrencyaccesstoglobal/db/src/usr/lib/gcc/x86_64-linux-gnu/13/include/stddef.h
[E 03:36:03 1938] Archiving /home/test/my-awesome-project/CISB/server/UBconcurrencyaccesstoglobal/db/src/usr/include/x86_64-linux-gnu/bits/types/time_t.h
[E 03:36:03 1938] Archiving /home/test/my-awesome-project/CISB/server/UBconcurrencyaccesstoglobal/db/src/usr/include/x86_64-linux-gnu/bits/types/struct_timespec.h
[E 03:36:03 1938] Archiving /home/test/my-awesome-project/CISB/server/UBconcurrencyaccesstoglobal/db/src/usr/include/x86_64-linux-gnu/bits/endian.h
[E 03:36:03 1938] Archiving /home/test/my-awesome-project/CISB/server/UBconcurrencyaccesstoglobal/db/src/usr/include/x86_64-linux-gnu/bits/endianness.h
[E 03:36:03 1938] Archiving /home/test/my-awesome-project/CISB/server/UBconcurrencyaccesstoglobal/db/src/usr/include/x86_64-linux-gnu/bits/sched.h
[E 03:36:03 1938] Archiving /home/test/my-awesome-project/CISB/server/UBconcurrencyaccesstoglobal/db/src/usr/include/x86_64-linux-gnu/bits/types/struct_sched_param.h
[E 03:36:03 1938] Archiving /home/test/my-awesome-project/CISB/server/UBconcurrencyaccesstoglobal/db/src/usr/include/x86_64-linux-gnu/bits/cpu-set.h
[E 03:36:03 1938] Archiving /home/test/my-awesome-project/CISB/server/UBconcurrencyaccesstoglobal/db/src/usr/include/time.h
[E 03:36:03 1938] Already archived /home/test/my-awesome-project/CISB/server/UBconcurrencyaccesstoglobal/db/src/usr/lib/gcc/x86_64-linux-gnu/13/include/stddef.h
[E 03:36:03 1938] Archiving /home/test/my-awesome-project/CISB/server/UBconcurrencyaccesstoglobal/db/src/usr/include/x86_64-linux-gnu/bits/time.h
[E 03:36:03 1938] Archiving /home/test/my-awesome-project/CISB/server/UBconcurrencyaccesstoglobal/db/src/usr/include/x86_64-linux-gnu/bits/types/clock_t.h
[E 03:36:03 1938] Archiving /home/test/my-awesome-project/CISB/server/UBconcurrencyaccesstoglobal/db/src/usr/include/x86_64-linux-gnu/bits/types/struct_tm.h
[E 03:36:03 1938] Archiving /home/test/my-awesome-project/CISB/server/UBconcurrencyaccesstoglobal/db/src/usr/include/x86_64-linux-gnu/bits/types/clockid_t.h
[E 03:36:03 1938] Archiving /home/test/my-awesome-project/CISB/server/UBconcurrencyaccesstoglobal/db/src/usr/include/x86_64-linux-gnu/bits/types/timer_t.h
[E 03:36:03 1938] Archiving /home/test/my-awesome-project/CISB/server/UBconcurrencyaccesstoglobal/db/src/usr/include/x86_64-linux-gnu/bits/types/struct_itimerspec.h
[E 03:36:03 1938] Archiving /home/test/my-awesome-project/CISB/server/UBconcurrencyaccesstoglobal/db/src/usr/include/x86_64-linux-gnu/bits/types/locale_t.h
[E 03:36:03 1938] Archiving /home/test/my-awesome-project/CISB/server/UBconcurrencyaccesstoglobal/db/src/usr/include/x86_64-linux-gnu/bits/types/__locale_t.h
[E 03:36:03 1938] Archiving /home/test/my-awesome-project/CISB/server/UBconcurrencyaccesstoglobal/db/src/usr/include/x86_64-linux-gnu/bits/pthreadtypes.h
[E 03:36:03 1938] Archiving /home/test/my-awesome-project/CISB/server/UBconcurrencyaccesstoglobal/db/src/usr/include/x86_64-linux-gnu/bits/thread-shared-types.h
[E 03:36:03 1938] Archiving /home/test/my-awesome-project/CISB/server/UBconcurrencyaccesstoglobal/db/src/usr/include/x86_64-linux-gnu/bits/pthreadtypes-arch.h
[E 03:36:03 1938] Already archived /home/test/my-awesome-project/CISB/server/UBconcurrencyaccesstoglobal/db/src/usr/include/x86_64-linux-gnu/bits/wordsize.h
[E 03:36:03 1938] Archiving /home/test/my-awesome-project/CISB/server/UBconcurrencyaccesstoglobal/db/src/usr/include/x86_64-linux-gnu/bits/atomic_wide_counter.h
[E 03:36:03 1938] Archiving /home/test/my-awesome-project/CISB/server/UBconcurrencyaccesstoglobal/db/src/usr/include/x86_64-linux-gnu/bits/struct_mutex.h
[E 03:36:03 1938] Archiving /home/test/my-awesome-project/CISB/server/UBconcurrencyaccesstoglobal/db/src/usr/include/x86_64-linux-gnu/bits/struct_rwlock.h
[E 03:36:03 1938] Archiving /home/test/my-awesome-project/CISB/server/UBconcurrencyaccesstoglobal/db/src/usr/include/x86_64-linux-gnu/bits/setjmp.h
[E 03:36:03 1938] Already archived /home/test/my-awesome-project/CISB/server/UBconcurrencyaccesstoglobal/db/src/usr/include/x86_64-linux-gnu/bits/wordsize.h
[E 03:36:03 1938] Already archived /home/test/my-awesome-project/CISB/server/UBconcurrencyaccesstoglobal/db/src/usr/include/x86_64-linux-gnu/bits/wordsize.h
[E 03:36:03 1938] Archiving /home/test/my-awesome-project/CISB/server/UBconcurrencyaccesstoglobal/db/src/usr/include/x86_64-linux-gnu/bits/types/__sigset_t.h
[E 03:36:03 1938] Archiving /home/test/my-awesome-project/CISB/server/UBconcurrencyaccesstoglobal/db/src/usr/include/x86_64-linux-gnu/bits/types/struct___jmp_buf_tag.h
[E 03:36:03 1938] Archiving /home/test/my-awesome-project/CISB/server/UBconcurrencyaccesstoglobal/db/src/usr/include/x86_64-linux-gnu/bits/pthread_stack_min-dynamic.h
[E 03:36:03 1938] Archiving /home/test/my-awesome-project/CISB/server/UBconcurrencyaccesstoglobal/db/src/usr/include/x86_64-linux-gnu/bits/pthread_stack_min.h
[E 03:36:03 1938] Creating trap tarball /home/test/my-awesome-project/CISB/server/UBconcurrencyaccesstoglobal/db/trap/cpp/tarballs/home/test/my-awesome-project/CISB/server/UBconcurrencyaccesstoglobal/test1.c.9c137ede_0.trap.tar.zst
[E 03:36:03 1938] Emitting trap files for test1.c
[E 03:36:03 1938] Opening existencedb in /home/test/my-awesome-project/CISB/server/UBconcurrencyaccesstoglobal/db/working/existencedb/db
[E 03:36:03 1938] Wrote 59 files to /home/test/my-awesome-project/CISB/server/UBconcurrencyaccesstoglobal/db/trap/cpp/tarballs/home/test/my-awesome-project/CISB/server/UBconcurrencyaccesstoglobal/test1.c.9c137ede_0.trap.tar.zst
[E 03:36:03 1938] Finished compilation TRAP /home/test/my-awesome-project/CISB/server/UBconcurrencyaccesstoglobal/db/trap/cpp/compilations/61/56521432_0.trap.zst
[E 03:36:03 1938] Marking C compilation as happened.
[E 03:36:03 1938] Setting tag c-compilation-happened
[E 03:36:03 1938] Starting from CODEQL_TRACER_DB_ID 0000000000000790_0000000000000001
[E 03:36:03 1938] Locking DB /home/test/my-awesome-project/CISB/server/UBconcurrencyaccesstoglobal/db/working/tags.db
[E 03:36:03 1938] Locked DB /home/test/my-awesome-project/CISB/server/UBconcurrencyaccesstoglobal/db/working/tags.db
[E 03:36:03 1938] Set tag for 0000000000000790_0000000000000001
[E 03:36:03 1938] Set tag for 000000000000078E_0000000000000001
[E 03:36:03 1938] Set tag for 000000000000078A_0000000000000003
[E 03:36:03 1938] Set tag for 000000000000078A_0000000000000002
[E 03:36:03 1938] Set tag for root
[E 03:36:03 1938] Unlocking DB
[E 03:36:03 1938] Unlocked DB
[E 03:36:03 1938] Extractor exited successfully
[T 03:36:03 1936] Extractor /mnt/c/Tools/codeql/cpp/tools/linux64/extractor terminated with exit code 0.
[T 03:36:03 2092] Initializing tracer.
[T 03:36:03 2092] Initializing tags.
[T 03:36:03 2092] ID set to 000000000000082C_0000000000000001 (parent 000000000000078E_0000000000000001)
[T 03:36:03 2092] ==== Candidate to intercept: as (canonical: /usr/bin/as) ====
[T 03:36:03 2092] Lua: === Intercepted call to /usr/bin/as ===
[T 03:36:03 2092] Executing the following tracer actions:
[T 03:36:03 2092] Tracer actions:
[T 03:36:03 2092] pre_invocations(0)
[T 03:36:03 2092] post_invocations(1)
[T 03:36:03 2092] invocation: /mnt/c/Tools/codeql/cpp/tools/linux64/extractor, args: [--assembler, --codeql-assembler-executable, /usr/bin/as, --64, -o, test1.o, /tmp/ccmnApHS.s]
[T 03:36:03 2092] trace_languages(1): [cpp]
[T 03:36:03 2094] Attempting to switch stdout/stderr to 4...
[T 03:36:03 2094] Initializing tracer.
[T 03:36:03 2094] Initializing tags.
[T 03:36:03 2094] ID set to 000000000000082E_0000000000000001 (parent 000000000000082C_0000000000000001)
[E 03:36:03 2094] CodeQL C/C++ Extractor 2.25.1
[E 03:36:03 2094] Current directory: /home/test/my-awesome-project/CISB/server/UBconcurrencyaccesstoglobal
[E 03:36:03 2094] Command: /mnt/c/Tools/codeql/cpp/tools/linux64/extractor --assembler --codeql-assembler-executable /usr/bin/as --64 -o test1.o /tmp/ccmnApHS.s
[E 03:36:03 2094] Extractor exited after mimicking assembler
[T 03:36:03 2092] Extractor /mnt/c/Tools/codeql/cpp/tools/linux64/extractor terminated with exit code 0.
[T 03:36:03 2151] Attempting to switch stdout/stderr to 4...
[T 03:36:03 2151] Initializing tracer.
[T 03:36:03 2151] Initializing tags.
[T 03:36:03 2151] ID set to 0000000000000867_0000000000000001 (parent 000000000000078E_0000000000000001)
[E 03:36:03 2151] CodeQL C/C++ Extractor 2.25.1
[E 03:36:03 2151] Current directory: /home/test/my-awesome-project/CISB/server/UBconcurrencyaccesstoglobal
[E 03:36:03 2151] Command: /mnt/c/Tools/codeql/cpp/tools/linux64/extractor --mimic /usr/bin/x86_64-linux-gnu-gcc-13 -c -o test1.o test1.c
[T 03:36:03 2195] Initializing tracer.
[T 03:36:03 2195] Initializing tags.
[T 03:36:03 2195] ID set to 0000000000000893_0000000000000001 (parent 0000000000000867_0000000000000001)
[T 03:36:03 2195] ==== Candidate to intercept: /usr/bin/x86_64-linux-gnu-gcc-13 (canonical: /usr/bin/x86_64-linux-gnu-gcc-13) ====
[T 03:36:03 2195] Lua: === Intercepted call to /usr/bin/x86_64-linux-gnu-gcc-13 ===
[T 03:36:03 2195] Executing the following tracer actions:
[T 03:36:03 2195] Tracer actions:
[T 03:36:03 2195] pre_invocations(0)
[T 03:36:03 2195] post_invocations(1)
[T 03:36:03 2195] invocation: /mnt/c/Tools/codeql/cpp/tools/linux64/extractor, args: [--mimic, /usr/bin/x86_64-linux-gnu-gcc-13, --version]
[T 03:36:03 2195] trace_languages(1): [cpp]
[T 03:36:03 2210] Attempting to switch stdout/stderr to 7...
[T 03:36:03 2210] Initializing tracer.
[T 03:36:03 2210] Initializing tags.
[T 03:36:03 2210] ID set to 00000000000008A2_0000000000000001 (parent 0000000000000893_0000000000000001)
[E 03:36:03 2210] Mimicry classification suppression detected; exiting.
[E 03:36:03 2210] Extractor exited successfully
[T 03:36:03 2195] Extractor /mnt/c/Tools/codeql/cpp/tools/linux64/extractor terminated with exit code 0.
[T 03:36:03 2225] Initializing tracer.
[T 03:36:03 2225] Initializing tags.
[T 03:36:03 2225] ID set to 00000000000008B1_0000000000000001 (parent 0000000000000867_0000000000000001)
[T 03:36:03 2225] ==== Candidate to intercept: /usr/bin/x86_64-linux-gnu-gcc-13 (canonical: /usr/bin/x86_64-linux-gnu-gcc-13) ====
[T 03:36:03 2225] Lua: === Intercepted call to /usr/bin/x86_64-linux-gnu-gcc-13 ===
[T 03:36:03 2225] Executing the following tracer actions:
[T 03:36:03 2225] Tracer actions:
[T 03:36:03 2225] pre_invocations(0)
[T 03:36:03 2225] post_invocations(1)
[T 03:36:03 2225] invocation: /mnt/c/Tools/codeql/cpp/tools/linux64/extractor, args: [--mimic, /usr/bin/x86_64-linux-gnu-gcc-13, --help]
[T 03:36:03 2225] trace_languages(1): [cpp]
[T 03:36:03 2241] Attempting to switch stdout/stderr to 7...
[T 03:36:03 2241] Initializing tracer.
[T 03:36:03 2241] Initializing tags.
[T 03:36:03 2241] ID set to 00000000000008C1_0000000000000001 (parent 00000000000008B1_0000000000000001)
[E 03:36:03 2241] Mimicry classification suppression detected; exiting.
[E 03:36:03 2241] Extractor exited successfully
[T 03:36:03 2225] Extractor /mnt/c/Tools/codeql/cpp/tools/linux64/extractor terminated with exit code 0.
[T 03:36:03 2256] Initializing tracer.
[T 03:36:03 2256] Initializing tags.
[T 03:36:03 2256] ID set to 00000000000008D0_0000000000000001 (parent 0000000000000867_0000000000000001)
[T 03:36:03 2256] ==== Candidate to intercept: /usr/bin/x86_64-linux-gnu-gcc-13 (canonical: /usr/bin/x86_64-linux-gnu-gcc-13) ====
[T 03:36:03 2256] Lua: === Intercepted call to /usr/bin/x86_64-linux-gnu-gcc-13 ===
[T 03:36:03 2256] Executing the following tracer actions:
[T 03:36:03 2256] Tracer actions:
[T 03:36:03 2256] pre_invocations(0)
[T 03:36:03 2256] post_invocations(1)
[T 03:36:03 2256] invocation: /mnt/c/Tools/codeql/cpp/tools/linux64/extractor, args: [--mimic, /usr/bin/x86_64-linux-gnu-gcc-13, -nostdinc, -o, /home/test/my-awesome-project/CISB/server/UBconcurrencyaccesstoglobal/db/working/tmp//semmle_2_2151_533347.o, -c, /home/test/my-awesome-project/CISB/server/UBconcurrencyaccesstoglobal/db/working/tmp//semmle_1_2151_533268.c]
[T 03:36:03 2256] trace_languages(1): [cpp]
[T 03:36:03 2258] Initializing tracer.
[T 03:36:03 2258] Initializing tags.
[T 03:36:03 2258] ID set to 00000000000008D2_0000000000000001 (parent 00000000000008D0_0000000000000001)
[T 03:36:03 2258] ==== Candidate to intercept: /usr/libexec/gcc/x86_64-linux-gnu/13/cc1 (canonical: /usr/libexec/gcc/x86_64-linux-gnu/13/cc1) ====
[T 03:36:03 2258] Lua: === Intercepted call to /usr/libexec/gcc/x86_64-linux-gnu/13/cc1 ===
[T 03:36:03 2258] Executing the following tracer actions:
[T 03:36:03 2258] Tracer actions:
[T 03:36:03 2258] pre_invocations(0)
[T 03:36:03 2258] post_invocations(1)
[T 03:36:03 2258] invocation: /mnt/c/Tools/codeql/cpp/tools/linux64/extractor, args: [--mimic, /usr/libexec/gcc/x86_64-linux-gnu/13/cc1, -quiet, -nostdinc, -imultiarch, x86_64-linux-gnu, /home/test/my-awesome-project/CISB/server/UBconcurrencyaccesstoglobal/db/working/tmp//semmle_1_2151_533268.c, -quiet, -dumpdir, /home/test/my-awesome-project/CISB/server/UBconcurrencyaccesstoglobal/db/working/tmp//, -dumpbase, semmle_2_2151_533347.c, -dumpbase-ext, .c, -mtune=generic, -march=x86-64, -fasynchronous-unwind-tables, -fstack-protector-strong, -Wformat, -Wformat-security, -fstack-clash-protection, -fcf-protection, -o, /tmp/cc25HOQK.s]
[T 03:36:03 2258] trace_languages(1): [cpp]
[T 03:36:03 2286] Attempting to switch stdout/stderr to 7...
[T 03:36:03 2286] Initializing tracer.
[T 03:36:03 2286] Initializing tags.
[T 03:36:03 2286] ID set to 00000000000008EE_0000000000000001 (parent 00000000000008D2_0000000000000001)
[E 03:36:03 2286] Mimicry classification suppression detected; exiting.
[E 03:36:03 2286] Extractor exited successfully
[T 03:36:03 2258] Extractor /mnt/c/Tools/codeql/cpp/tools/linux64/extractor terminated with exit code 0.
[T 03:36:03 2290] Initializing tracer.
[T 03:36:03 2290] Initializing tags.
[T 03:36:03 2290] ID set to 00000000000008F2_0000000000000001 (parent 00000000000008D0_0000000000000001)
[T 03:36:03 2290] ==== Candidate to intercept: as (canonical: /usr/bin/as) ====
[T 03:36:03 2290] Lua: === Intercepted call to /usr/bin/as ===
[T 03:36:03 2290] Executing the following tracer actions:
[T 03:36:03 2290] Tracer actions:
[T 03:36:03 2290] pre_invocations(0)
[T 03:36:03 2290] post_invocations(1)
[T 03:36:03 2290] invocation: /mnt/c/Tools/codeql/cpp/tools/linux64/extractor, args: [--assembler, --codeql-assembler-executable, /usr/bin/as, --64, -o, /home/test/my-awesome-project/CISB/server/UBconcurrencyaccesstoglobal/db/working/tmp//semmle_2_2151_533347.o, /tmp/cc25HOQK.s]
[T 03:36:03 2290] trace_languages(1): [cpp]
[T 03:36:03 2305] Attempting to switch stdout/stderr to 7...
[T 03:36:03 2305] Initializing tracer.
[T 03:36:03 2305] Initializing tags.
[T 03:36:03 2305] ID set to 0000000000000901_0000000000000001 (parent 00000000000008F2_0000000000000001)
[E 03:36:03 2305] Mimicry classification suppression detected; exiting.
[E 03:36:03 2305] Extractor exited successfully
[T 03:36:03 2290] Extractor /mnt/c/Tools/codeql/cpp/tools/linux64/extractor terminated with exit code 0.
[T 03:36:03 2321] Attempting to switch stdout/stderr to 7...
[T 03:36:03 2321] Initializing tracer.
[T 03:36:03 2321] Initializing tags.
[T 03:36:03 2321] ID set to 0000000000000911_0000000000000001 (parent 00000000000008D0_0000000000000001)
[E 03:36:03 2321] Mimicry classification suppression detected; exiting.
[E 03:36:03 2321] Extractor exited successfully
[T 03:36:03 2256] Extractor /mnt/c/Tools/codeql/cpp/tools/linux64/extractor terminated with exit code 0.
[T 03:36:03 2338] Initializing tracer.
[T 03:36:03 2338] Initializing tags.
[T 03:36:03 2338] ID set to 0000000000000922_0000000000000001 (parent 0000000000000867_0000000000000001)
[T 03:36:03 2338] ==== Candidate to intercept: /usr/bin/x86_64-linux-gnu-gcc-13 (canonical: /usr/bin/x86_64-linux-gnu-gcc-13) ====
[T 03:36:03 2338] Lua: === Intercepted call to /usr/bin/x86_64-linux-gnu-gcc-13 ===
[T 03:36:03 2338] Executing the following tracer actions:
[T 03:36:03 2338] Tracer actions:
[T 03:36:03 2338] pre_invocations(0)
[T 03:36:03 2338] post_invocations(1)
[T 03:36:03 2338] invocation: /mnt/c/Tools/codeql/cpp/tools/linux64/extractor, args: [--mimic, /usr/bin/x86_64-linux-gnu-gcc-13, -nostdinc, -o, /home/test/my-awesome-project/CISB/server/UBconcurrencyaccesstoglobal/db/working/tmp//semmle_4_2151_603693.o, -c, /home/test/my-awesome-project/CISB/server/UBconcurrencyaccesstoglobal/db/working/tmp//semmle_3_2151_603616.c]
[T 03:36:03 2338] trace_languages(1): [cpp]
[T 03:36:03 2341] Initializing tracer.
[T 03:36:03 2341] Initializing tags.
[T 03:36:03 2341] ID set to 0000000000000925_0000000000000001 (parent 0000000000000922_0000000000000001)
[T 03:36:03 2341] ==== Candidate to intercept: /usr/libexec/gcc/x86_64-linux-gnu/13/cc1 (canonical: /usr/libexec/gcc/x86_64-linux-gnu/13/cc1) ====
[T 03:36:03 2341] Lua: === Intercepted call to /usr/libexec/gcc/x86_64-linux-gnu/13/cc1 ===
[T 03:36:03 2341] Executing the following tracer actions:
[T 03:36:03 2341] Tracer actions:
[T 03:36:03 2341] pre_invocations(0)
[T 03:36:03 2341] post_invocations(1)
[T 03:36:03 2341] invocation: /mnt/c/Tools/codeql/cpp/tools/linux64/extractor, args: [--mimic, /usr/libexec/gcc/x86_64-linux-gnu/13/cc1, -quiet, -nostdinc, -imultiarch, x86_64-linux-gnu, /home/test/my-awesome-project/CISB/server/UBconcurrencyaccesstoglobal/db/working/tmp//semmle_3_2151_603616.c, -quiet, -dumpdir, /home/test/my-awesome-project/CISB/server/UBconcurrencyaccesstoglobal/db/working/tmp//, -dumpbase, semmle_4_2151_603693.c, -dumpbase-ext, .c, -mtune=generic, -march=x86-64, -fasynchronous-unwind-tables, -fstack-protector-strong, -Wformat, -Wformat-security, -fstack-clash-protection, -fcf-protection, -o, /tmp/ccQEOyvn.s]
[T 03:36:03 2341] trace_languages(1): [cpp]
[T 03:36:03 2357] Attempting to switch stdout/stderr to 7...
[T 03:36:03 2357] Initializing tracer.
[T 03:36:03 2357] Initializing tags.
[T 03:36:03 2357] ID set to 0000000000000935_0000000000000001 (parent 0000000000000925_0000000000000001)
[E 03:36:03 2357] Mimicry classification suppression detected; exiting.
[E 03:36:03 2357] Extractor exited successfully
[T 03:36:03 2341] Extractor /mnt/c/Tools/codeql/cpp/tools/linux64/extractor terminated with exit code 0.
[T 03:36:03 2385] Attempting to switch stdout/stderr to 7...
[T 03:36:03 2385] Initializing tracer.
[T 03:36:03 2385] Initializing tags.
[T 03:36:03 2385] ID set to 0000000000000951_0000000000000001 (parent 0000000000000922_0000000000000001)
[E 03:36:03 2385] Mimicry classification suppression detected; exiting.
[E 03:36:03 2385] Extractor exited successfully
[T 03:36:03 2338] Extractor /mnt/c/Tools/codeql/cpp/tools/linux64/extractor terminated with exit code 0.
[E 03:36:03 2151] Checking whether C compilation already happened.
[E 03:36:03 2151] Checking for tag c-compilation-happened
[E 03:36:03 2151] Checking CODEQL_TRACER_DB_ID 000000000000078E_0000000000000001
[E 03:36:03 2151] Locking DB /home/test/my-awesome-project/CISB/server/UBconcurrencyaccesstoglobal/db/working/tags.db
[E 03:36:03 2151] Locked DB /home/test/my-awesome-project/CISB/server/UBconcurrencyaccesstoglobal/db/working/tags.db
[E 03:36:03 2151] Unlocking DB
[E 03:36:03 2151] Unlocked DB
[E 03:36:03 2151] Exiting as C compilation already happened.
[T 03:36:03 1934] Extractor /mnt/c/Tools/codeql/cpp/tools/linux64/extractor terminated with exit code 0.
