[T 02:43:00 19225] CodeQL CLI version 2.25.1
[T 02:43:00 19225] Initializing tracer.
[T 02:43:00 19225] Initializing tags.
[T 02:43:00 19225] ID set to 0000000000004B19_0000000000000001 (parent root)
[T 02:43:00 19225] Initializing tracer.
[T 02:43:00 19225] Initializing tags.
[T 02:43:00 19225] ID set to 0000000000004B19_0000000000000002 (parent root)
[T 02:43:00 19225] Warning: SEMMLE_EXEC and SEMMLE_EXECP not set. Falling back to path lookup on argv[0].
[T 02:43:00 19225] ==== Candidate to intercept: /mnt/c/Tools/codeql/tools/linux64/runner-linux (canonical: /mnt/c/Tools/codeql/tools/linux64/runner-linux) ====
[T 02:43:00 19225] Executing the following tracer actions:
[T 02:43:00 19225] Tracer actions:
[T 02:43:00 19225] pre_invocations(0)
[T 02:43:00 19225] post_invocations(0)
[T 02:43:00 19225] trace_languages(1): [cpp]
[T 02:43:00 19225] Initializing tracer.
[T 02:43:00 19225] Initializing tags.
[T 02:43:00 19225] ID set to 0000000000004B19_0000000000000003 (parent 0000000000004B19_0000000000000002)
[T 02:43:00 19225] ==== Candidate to intercept: make (canonical: /usr/bin/make) ====
[T 02:43:00 19225] Executing the following tracer actions:
[T 02:43:00 19225] Tracer actions:
[T 02:43:00 19225] pre_invocations(0)
[T 02:43:00 19225] post_invocations(0)
[T 02:43:00 19225] trace_languages(1): [cpp]
[T 02:43:00 19231] Initializing tracer.
[T 02:43:00 19231] Initializing tags.
[T 02:43:00 19231] ID set to 0000000000004B1F_0000000000000001 (parent 0000000000004B19_0000000000000003)
[T 02:43:00 19231] ==== Candidate to intercept: /usr/bin/gcc (canonical: /usr/bin/x86_64-linux-gnu-gcc-13) ====
[T 02:43:00 19231] Lua: === Intercepted call to /usr/bin/x86_64-linux-gnu-gcc-13 ===
[T 02:43:00 19231] Executing the following tracer actions:
[T 02:43:00 19231] Tracer actions:
[T 02:43:00 19231] pre_invocations(0)
[T 02:43:00 19231] post_invocations(1)
[T 02:43:00 19231] invocation: /mnt/c/Tools/codeql/cpp/tools/linux64/extractor, args: [--mimic, /usr/bin/x86_64-linux-gnu-gcc-13, -c, -o, test1.o, test1.c]
[T 02:43:00 19231] trace_languages(1): [cpp]
[T 02:43:00 19236] Initializing tracer.
[T 02:43:00 19236] Initializing tags.
[T 02:43:00 19236] ID set to 0000000000004B24_0000000000000001 (parent 0000000000004B1F_0000000000000001)
[T 02:43:00 19236] ==== Candidate to intercept: /usr/libexec/gcc/x86_64-linux-gnu/13/cc1 (canonical: /usr/libexec/gcc/x86_64-linux-gnu/13/cc1) ====
[T 02:43:00 19236] Lua: === Intercepted call to /usr/libexec/gcc/x86_64-linux-gnu/13/cc1 ===
[T 02:43:00 19236] Executing the following tracer actions:
[T 02:43:00 19236] Tracer actions:
[T 02:43:00 19236] pre_invocations(0)
[T 02:43:00 19236] post_invocations(1)
[T 02:43:00 19236] invocation: /mnt/c/Tools/codeql/cpp/tools/linux64/extractor, args: [--mimic, /usr/libexec/gcc/x86_64-linux-gnu/13/cc1, -quiet, -imultiarch, x86_64-linux-gnu, test1.c, -quiet, -dumpbase, test1.c, -dumpbase-ext, .c, -mtune=generic, -march=x86-64, -fasynchronous-unwind-tables, -fstack-protector-strong, -Wformat, -Wformat-security, -fstack-clash-protection, -fcf-protection, -o, /tmp/ccMAHDVk.s]
[T 02:43:00 19236] trace_languages(1): [cpp]
[T 02:43:00 19238] Attempting to switch stdout/stderr to 4...
[T 02:43:00 19238] Initializing tracer.
[T 02:43:00 19238] Initializing tags.
[T 02:43:00 19238] ID set to 0000000000004B26_0000000000000001 (parent 0000000000004B24_0000000000000001)
[E 02:43:00 19238] CodeQL C/C++ Extractor 2.25.1
[E 02:43:00 19238] Current directory: /home/test/my-awesome-project/CISB/server/DBinvention
[E 02:43:00 19238] Command: /mnt/c/Tools/codeql/cpp/tools/linux64/extractor --mimic /usr/libexec/gcc/x86_64-linux-gnu/13/cc1 -quiet -imultiarch x86_64-linux-gnu test1.c -quiet -dumpbase test1.c -dumpbase-ext .c -mtune=generic -march=x86-64 -fasynchronous-unwind-tables -fstack-protector-strong -Wformat -Wformat-security -fstack-clash-protection -fcf-protection -o /tmp/ccMAHDVk.s
[T 02:43:00 19239] Initializing tracer.
[T 02:43:00 19239] Initializing tags.
[T 02:43:00 19239] ID set to 0000000000004B27_0000000000000001 (parent 0000000000004B26_0000000000000001)
[T 02:43:00 19239] ==== Candidate to intercept: /usr/libexec/gcc/x86_64-linux-gnu/13/cc1 (canonical: /usr/libexec/gcc/x86_64-linux-gnu/13/cc1) ====
[T 02:43:00 19239] Lua: === Intercepted call to /usr/libexec/gcc/x86_64-linux-gnu/13/cc1 ===
[T 02:43:00 19239] Executing the following tracer actions:
[T 02:43:00 19239] Tracer actions:
[T 02:43:00 19239] pre_invocations(0)
[T 02:43:00 19239] post_invocations(1)
[T 02:43:00 19239] invocation: /mnt/c/Tools/codeql/cpp/tools/linux64/extractor, args: [--mimic, /usr/libexec/gcc/x86_64-linux-gnu/13/cc1, --version]
[T 02:43:00 19239] trace_languages(1): [cpp]
[T 02:43:00 19241] Attempting to switch stdout/stderr to 7...
[T 02:43:00 19241] Initializing tracer.
[T 02:43:00 19241] Initializing tags.
[T 02:43:00 19241] ID set to 0000000000004B29_0000000000000001 (parent 0000000000004B27_0000000000000001)
[E 02:43:00 19241] Mimicry classification suppression detected; exiting.
[E 02:43:00 19241] Extractor exited successfully
[T 02:43:00 19239] Extractor /mnt/c/Tools/codeql/cpp/tools/linux64/extractor terminated with exit code 0.
[T 02:43:00 19242] Initializing tracer.
[T 02:43:00 19242] Initializing tags.
[T 02:43:00 19242] ID set to 0000000000004B2A_0000000000000001 (parent 0000000000004B26_0000000000000001)
[T 02:43:00 19242] ==== Candidate to intercept: /usr/libexec/gcc/x86_64-linux-gnu/13/cc1 (canonical: /usr/libexec/gcc/x86_64-linux-gnu/13/cc1) ====
[T 02:43:00 19242] Lua: === Intercepted call to /usr/libexec/gcc/x86_64-linux-gnu/13/cc1 ===
[T 02:43:00 19242] Executing the following tracer actions:
[T 02:43:00 19242] Tracer actions:
[T 02:43:00 19242] pre_invocations(0)
[T 02:43:00 19242] post_invocations(1)
[T 02:43:00 19242] invocation: /mnt/c/Tools/codeql/cpp/tools/linux64/extractor, args: [--mimic, /usr/libexec/gcc/x86_64-linux-gnu/13/cc1, --help]
[T 02:43:00 19242] trace_languages(1): [cpp]
[T 02:43:00 19244] Attempting to switch stdout/stderr to 7...
[T 02:43:00 19244] Initializing tracer.
[T 02:43:00 19244] Initializing tags.
[T 02:43:00 19244] ID set to 0000000000004B2C_0000000000000001 (parent 0000000000004B2A_0000000000000001)
[E 02:43:00 19244] Mimicry classification suppression detected; exiting.
[E 02:43:00 19244] Extractor exited successfully
[T 02:43:00 19242] Extractor /mnt/c/Tools/codeql/cpp/tools/linux64/extractor terminated with exit code 0.
[T 02:43:00 19245] Initializing tracer.
[T 02:43:00 19245] Initializing tags.
[T 02:43:00 19245] ID set to 0000000000004B2D_0000000000000001 (parent 0000000000004B26_0000000000000001)
[T 02:43:00 19245] ==== Candidate to intercept: /usr/libexec/gcc/x86_64-linux-gnu/13/cc1 (canonical: /usr/libexec/gcc/x86_64-linux-gnu/13/cc1) ====
[T 02:43:00 19245] Lua: === Intercepted call to /usr/libexec/gcc/x86_64-linux-gnu/13/cc1 ===
[T 02:43:00 19245] Executing the following tracer actions:
[T 02:43:00 19245] Tracer actions:
[T 02:43:00 19245] pre_invocations(0)
[T 02:43:00 19245] post_invocations(1)
[T 02:43:00 19245] invocation: /mnt/c/Tools/codeql/cpp/tools/linux64/extractor, args: [--mimic, /usr/libexec/gcc/x86_64-linux-gnu/13/cc1, -version, --help]
[T 02:43:00 19245] trace_languages(1): [cpp]
[T 02:43:00 19247] Attempting to switch stdout/stderr to 7...
[T 02:43:00 19247] Initializing tracer.
[T 02:43:00 19247] Initializing tags.
[T 02:43:00 19247] ID set to 0000000000004B2F_0000000000000001 (parent 0000000000004B2D_0000000000000001)
[E 02:43:00 19247] Mimicry classification suppression detected; exiting.
[E 02:43:00 19247] Extractor exited successfully
[T 02:43:00 19245] Extractor /mnt/c/Tools/codeql/cpp/tools/linux64/extractor terminated with exit code 0.
[T 02:43:00 19248] Initializing tracer.
[T 02:43:00 19248] Initializing tags.
[T 02:43:00 19248] ID set to 0000000000004B30_0000000000000001 (parent 0000000000004B26_0000000000000001)
[T 02:43:00 19248] ==== Candidate to intercept: /usr/libexec/gcc/x86_64-linux-gnu/13/cc1 (canonical: /usr/libexec/gcc/x86_64-linux-gnu/13/cc1) ====
[T 02:43:00 19248] Lua: === Intercepted call to /usr/libexec/gcc/x86_64-linux-gnu/13/cc1 ===
[T 02:43:00 19248] Executing the following tracer actions:
[T 02:43:00 19248] Tracer actions:
[T 02:43:00 19248] pre_invocations(0)
[T 02:43:00 19248] post_invocations(1)
[T 02:43:00 19248] invocation: /mnt/c/Tools/codeql/cpp/tools/linux64/extractor, args: [--mimic, /usr/libexec/gcc/x86_64-linux-gnu/13/cc1, -nostdinc, -o, /home/test/my-awesome-project/CISB/server/DBinvention/db-l20/working/tmp//semmle_2_19238_824743.o, /home/test/my-awesome-project/CISB/server/DBinvention/db-l20/working/tmp//semmle_1_19238_824690.c]
[T 02:43:00 19248] trace_languages(1): [cpp]
[T 02:43:00 19252] Attempting to switch stdout/stderr to 7...
[T 02:43:00 19252] Initializing tracer.
[T 02:43:00 19252] Initializing tags.
[T 02:43:00 19252] ID set to 0000000000004B34_0000000000000001 (parent 0000000000004B30_0000000000000001)
[E 02:43:00 19252] Mimicry classification suppression detected; exiting.
[E 02:43:00 19252] Extractor exited successfully
[T 02:43:00 19248] Extractor /mnt/c/Tools/codeql/cpp/tools/linux64/extractor terminated with exit code 0.
[T 02:43:00 19257] Initializing tracer.
[T 02:43:00 19257] Initializing tags.
[T 02:43:00 19257] ID set to 0000000000004B39_0000000000000001 (parent 0000000000004B26_0000000000000001)
[T 02:43:00 19257] ==== Candidate to intercept: /usr/libexec/gcc/x86_64-linux-gnu/13/cc1 (canonical: /usr/libexec/gcc/x86_64-linux-gnu/13/cc1) ====
[T 02:43:00 19257] Lua: === Intercepted call to /usr/libexec/gcc/x86_64-linux-gnu/13/cc1 ===
[T 02:43:00 19257] Executing the following tracer actions:
[T 02:43:00 19257] Tracer actions:
[T 02:43:00 19257] pre_invocations(0)
[T 02:43:00 19257] post_invocations(1)
[T 02:43:00 19257] invocation: /mnt/c/Tools/codeql/cpp/tools/linux64/extractor, args: [--mimic, /usr/libexec/gcc/x86_64-linux-gnu/13/cc1, -nostdinc, -o, /home/test/my-awesome-project/CISB/server/DBinvention/db-l20/working/tmp//semmle_4_19238_857916.o, /home/test/my-awesome-project/CISB/server/DBinvention/db-l20/working/tmp//semmle_3_19238_857862.c]
[T 02:43:00 19257] trace_languages(1): [cpp]
[T 02:43:00 19263] Attempting to switch stdout/stderr to 7...
[T 02:43:00 19263] Initializing tracer.
[T 02:43:00 19263] Initializing tags.
[T 02:43:00 19263] ID set to 0000000000004B3F_0000000000000001 (parent 0000000000004B39_0000000000000001)
[E 02:43:00 19263] Mimicry classification suppression detected; exiting.
[E 02:43:00 19263] Extractor exited successfully
[T 02:43:00 19257] Extractor /mnt/c/Tools/codeql/cpp/tools/linux64/extractor terminated with exit code 0.
[E 02:43:00 19238] Checking whether C compilation already happened.
[E 02:43:00 19238] Checking for tag c-compilation-happened
[E 02:43:00 19238] Checking CODEQL_TRACER_DB_ID 0000000000004B24_0000000000000001
[E 02:43:00 19238] Locking DB /home/test/my-awesome-project/CISB/server/DBinvention/db-l20/working/tags.db
[E 02:43:00 19238] Locked DB /home/test/my-awesome-project/CISB/server/DBinvention/db-l20/working/tags.db
[E 02:43:00 19238] Unlocking DB
[E 02:43:00 19238] Unlocked DB
[E 02:43:00 19238] Looks like C compilation didn't already happen.
[E 02:43:00 19238] Checking whether C compilation has been attempted.
[E 02:43:00 19238] Checking for tag c-compilation-attempted
[E 02:43:00 19238] Checking CODEQL_TRACER_DB_ID 0000000000004B24_0000000000000001
[E 02:43:00 19238] Locking DB /home/test/my-awesome-project/CISB/server/DBinvention/db-l20/working/tags.db
[E 02:43:00 19238] Locked DB /home/test/my-awesome-project/CISB/server/DBinvention/db-l20/working/tags.db
[E 02:43:00 19238] Unlocking DB
[E 02:43:00 19238] Unlocked DB
[E 02:43:00 19238] Marking C compilation as attempted.
[E 02:43:00 19238] Setting tag c-compilation-attempted
[E 02:43:00 19238] Starting from CODEQL_TRACER_DB_ID 0000000000004B24_0000000000000001
[E 02:43:00 19238] Locking DB /home/test/my-awesome-project/CISB/server/DBinvention/db-l20/working/tags.db
[E 02:43:00 19238] Locked DB /home/test/my-awesome-project/CISB/server/DBinvention/db-l20/working/tags.db
[E 02:43:00 19238] Set tag for 0000000000004B24_0000000000000001
[E 02:43:00 19238] Set tag for 0000000000004B1F_0000000000000001
[E 02:43:00 19238] Set tag for 0000000000004B19_0000000000000003
[E 02:43:00 19238] Set tag for 0000000000004B19_0000000000000002
[E 02:43:00 19238] Set tag for root
[E 02:43:00 19238] Unlocking DB
[E 02:43:00 19238] Unlocked DB
[T 02:43:00 19264] Initializing tracer.
[T 02:43:00 19264] Initializing tags.
[T 02:43:00 19264] ID set to 0000000000004B40_0000000000000001 (parent 0000000000004B26_0000000000000001)
[T 02:43:00 19264] ==== Candidate to intercept: /usr/libexec/gcc/x86_64-linux-gnu/13/cc1 (canonical: /usr/libexec/gcc/x86_64-linux-gnu/13/cc1) ====
[T 02:43:00 19264] Lua: === Intercepted call to /usr/libexec/gcc/x86_64-linux-gnu/13/cc1 ===
[T 02:43:00 19264] Executing the following tracer actions:
[T 02:43:00 19264] Tracer actions:
[T 02:43:00 19264] pre_invocations(0)
[T 02:43:00 19264] post_invocations(1)
[T 02:43:00 19264] invocation: /mnt/c/Tools/codeql/cpp/tools/linux64/extractor, args: [--mimic, /usr/libexec/gcc/x86_64-linux-gnu/13/cc1, @/home/test/my-awesome-project/CISB/server/DBinvention/db-l20/working/tmp//semmle_6_19238_893822, -v, -fsyntax-only, /home/test/my-awesome-project/CISB/server/DBinvention/db-l20/working/tmp//semmle_7_19238_893921]
[T 02:43:00 19264] trace_languages(1): [cpp]
[T 02:43:00 19266] Attempting to switch stdout/stderr to 7...
[T 02:43:00 19266] Initializing tracer.
[T 02:43:00 19266] Initializing tags.
[T 02:43:00 19266] ID set to 0000000000004B42_0000000000000001 (parent 0000000000004B40_0000000000000001)
[E 02:43:00 19266] Mimicry classification suppression detected; exiting.
[E 02:43:00 19266] Extractor exited successfully
[T 02:43:00 19264] Extractor /mnt/c/Tools/codeql/cpp/tools/linux64/extractor terminated with exit code 0.
[T 02:43:00 19267] Initializing tracer.
[T 02:43:00 19267] Initializing tags.
[T 02:43:00 19267] ID set to 0000000000004B43_0000000000000001 (parent 0000000000004B26_0000000000000001)
[T 02:43:00 19267] ==== Candidate to intercept: /usr/libexec/gcc/x86_64-linux-gnu/13/cc1 (canonical: /usr/libexec/gcc/x86_64-linux-gnu/13/cc1) ====
[T 02:43:00 19267] Lua: === Intercepted call to /usr/libexec/gcc/x86_64-linux-gnu/13/cc1 ===
[T 02:43:00 19267] Executing the following tracer actions:
[T 02:43:00 19267] Tracer actions:
[T 02:43:00 19267] pre_invocations(0)
[T 02:43:00 19267] post_invocations(1)
[T 02:43:00 19267] invocation: /mnt/c/Tools/codeql/cpp/tools/linux64/extractor, args: [--mimic, /usr/libexec/gcc/x86_64-linux-gnu/13/cc1, @/home/test/my-awesome-project/CISB/server/DBinvention/db-l20/working/tmp//semmle_6_19238_893822, -E, -dM, /home/test/my-awesome-project/CISB/server/DBinvention/db-l20/working/tmp//semmle_8_19238_920454]
[T 02:43:00 19267] trace_languages(1): [cpp]
[T 02:43:00 19269] Attempting to switch stdout/stderr to 7...
[T 02:43:00 19269] Initializing tracer.
[T 02:43:00 19269] Initializing tags.
[T 02:43:00 19269] ID set to 0000000000004B45_0000000000000001 (parent 0000000000004B43_0000000000000001)
[E 02:43:00 19269] Mimicry classification suppression detected; exiting.
[E 02:43:00 19269] Extractor exited successfully
[T 02:43:00 19267] Extractor /mnt/c/Tools/codeql/cpp/tools/linux64/extractor terminated with exit code 0.
[T 02:43:00 19270] Initializing tracer.
[T 02:43:00 19270] Initializing tags.
[T 02:43:00 19270] ID set to 0000000000004B46_0000000000000001 (parent 0000000000004B26_0000000000000001)
[T 02:43:00 19270] ==== Candidate to intercept: /usr/libexec/gcc/x86_64-linux-gnu/13/cc1 (canonical: /usr/libexec/gcc/x86_64-linux-gnu/13/cc1) ====
[T 02:43:00 19270] Lua: === Intercepted call to /usr/libexec/gcc/x86_64-linux-gnu/13/cc1 ===
[T 02:43:00 19270] Executing the following tracer actions:
[T 02:43:00 19270] Tracer actions:
[T 02:43:00 19270] pre_invocations(0)
[T 02:43:00 19270] post_invocations(1)
[T 02:43:00 19270] invocation: /mnt/c/Tools/codeql/cpp/tools/linux64/extractor, args: [--mimic, /usr/libexec/gcc/x86_64-linux-gnu/13/cc1, @/home/test/my-awesome-project/CISB/server/DBinvention/db-l20/working/tmp//semmle_9_19238_952065, -o, /home/test/my-awesome-project/CISB/server/DBinvention/db-l20/working/tmp//semmle_11_19238_952391.o, /home/test/my-awesome-project/CISB/server/DBinvention/db-l20/working/tmp//semmle_10_19238_952288.c]
[T 02:43:00 19270] trace_languages(1): [cpp]
[T 02:43:00 19272] Attempting to switch stdout/stderr to 7...
[T 02:43:00 19272] Initializing tracer.
[T 02:43:00 19272] Initializing tags.
[T 02:43:00 19272] ID set to 0000000000004B48_0000000000000001 (parent 0000000000004B46_0000000000000001)
[E 02:43:00 19272] Mimicry classification suppression detected; exiting.
[E 02:43:00 19272] Extractor exited successfully
[T 02:43:00 19270] Extractor /mnt/c/Tools/codeql/cpp/tools/linux64/extractor terminated with exit code 0.
[T 02:43:00 19273] Initializing tracer.
[T 02:43:00 19273] Initializing tags.
[T 02:43:00 19273] ID set to 0000000000004B49_0000000000000001 (parent 0000000000004B26_0000000000000001)
[T 02:43:00 19273] ==== Candidate to intercept: /usr/libexec/gcc/x86_64-linux-gnu/13/cc1 (canonical: /usr/libexec/gcc/x86_64-linux-gnu/13/cc1) ====
[T 02:43:00 19273] Lua: === Intercepted call to /usr/libexec/gcc/x86_64-linux-gnu/13/cc1 ===
[T 02:43:00 19273] Executing the following tracer actions:
[T 02:43:00 19273] Tracer actions:
[T 02:43:00 19273] pre_invocations(0)
[T 02:43:00 19273] post_invocations(1)
[T 02:43:00 19273] invocation: /mnt/c/Tools/codeql/cpp/tools/linux64/extractor, args: [--mimic, /usr/libexec/gcc/x86_64-linux-gnu/13/cc1, @/home/test/my-awesome-project/CISB/server/DBinvention/db-l20/working/tmp//semmle_9_19238_952065, -o, /home/test/my-awesome-project/CISB/server/DBinvention/db-l20/working/tmp//semmle_13_19238_981911.o, /home/test/my-awesome-project/CISB/server/DBinvention/db-l20/working/tmp//semmle_12_19238_981866.c]
[T 02:43:00 19273] trace_languages(1): [cpp]
[T 02:43:01 19275] Attempting to switch stdout/stderr to 7...
[T 02:43:01 19275] Initializing tracer.
[T 02:43:01 19275] Initializing tags.
[T 02:43:01 19275] ID set to 0000000000004B4B_0000000000000001 (parent 0000000000004B49_0000000000000001)
[E 02:43:01 19275] Mimicry classification suppression detected; exiting.
[E 02:43:01 19275] Extractor exited successfully
[T 02:43:01 19273] Extractor /mnt/c/Tools/codeql/cpp/tools/linux64/extractor terminated with exit code 0.
[T 02:43:01 19276] Initializing tracer.
[T 02:43:01 19276] Initializing tags.
[T 02:43:01 19276] ID set to 0000000000004B4C_0000000000000001 (parent 0000000000004B26_0000000000000001)
[T 02:43:01 19276] ==== Candidate to intercept: /usr/libexec/gcc/x86_64-linux-gnu/13/cc1 (canonical: /usr/libexec/gcc/x86_64-linux-gnu/13/cc1) ====
[T 02:43:01 19276] Lua: === Intercepted call to /usr/libexec/gcc/x86_64-linux-gnu/13/cc1 ===
[T 02:43:01 19276] Executing the following tracer actions:
[T 02:43:01 19276] Tracer actions:
[T 02:43:01 19276] pre_invocations(0)
[T 02:43:01 19276] post_invocations(1)
[T 02:43:01 19276] invocation: /mnt/c/Tools/codeql/cpp/tools/linux64/extractor, args: [--mimic, /usr/libexec/gcc/x86_64-linux-gnu/13/cc1, @/home/test/my-awesome-project/CISB/server/DBinvention/db-l20/working/tmp//semmle_9_19238_952065, -o, /home/test/my-awesome-project/CISB/server/DBinvention/db-l20/working/tmp//semmle_15_19238_14398.o, /home/test/my-awesome-project/CISB/server/DBinvention/db-l20/working/tmp//semmle_14_19238_14355.c]
[T 02:43:01 19276] trace_languages(1): [cpp]
[T 02:43:01 19278] Attempting to switch stdout/stderr to 7...
[T 02:43:01 19278] Initializing tracer.
[T 02:43:01 19278] Initializing tags.
[T 02:43:01 19278] ID set to 0000000000004B4E_0000000000000001 (parent 0000000000004B4C_0000000000000001)
[E 02:43:01 19278] Mimicry classification suppression detected; exiting.
[E 02:43:01 19278] Extractor exited successfully
[T 02:43:01 19276] Extractor /mnt/c/Tools/codeql/cpp/tools/linux64/extractor terminated with exit code 0.
[T 02:43:01 19279] Initializing tracer.
[T 02:43:01 19279] Initializing tags.
[T 02:43:01 19279] ID set to 0000000000004B4F_0000000000000001 (parent 0000000000004B26_0000000000000001)
[T 02:43:01 19279] ==== Candidate to intercept: /usr/libexec/gcc/x86_64-linux-gnu/13/cc1 (canonical: /usr/libexec/gcc/x86_64-linux-gnu/13/cc1) ====
[T 02:43:01 19279] Lua: === Intercepted call to /usr/libexec/gcc/x86_64-linux-gnu/13/cc1 ===
[T 02:43:01 19279] Executing the following tracer actions:
[T 02:43:01 19279] Tracer actions:
[T 02:43:01 19279] pre_invocations(0)
[T 02:43:01 19279] post_invocations(1)
[T 02:43:01 19279] invocation: /mnt/c/Tools/codeql/cpp/tools/linux64/extractor, args: [--mimic, /usr/libexec/gcc/x86_64-linux-gnu/13/cc1, @/home/test/my-awesome-project/CISB/server/DBinvention/db-l20/working/tmp//semmle_9_19238_952065, -o, /home/test/my-awesome-project/CISB/server/DBinvention/db-l20/working/tmp//semmle_17_19238_42405.o, /home/test/my-awesome-project/CISB/server/DBinvention/db-l20/working/tmp//semmle_16_19238_42363.c]
[T 02:43:01 19279] trace_languages(1): [cpp]
[T 02:43:01 19285] Attempting to switch stdout/stderr to 7...
[T 02:43:01 19285] Initializing tracer.
[T 02:43:01 19285] Initializing tags.
[T 02:43:01 19285] ID set to 0000000000004B55_0000000000000001 (parent 0000000000004B4F_0000000000000001)
[E 02:43:01 19285] Mimicry classification suppression detected; exiting.
[E 02:43:01 19285] Extractor exited successfully
[T 02:43:01 19279] Extractor /mnt/c/Tools/codeql/cpp/tools/linux64/extractor terminated with exit code 0.
[T 02:43:01 19310] Initializing tracer.
[T 02:43:01 19310] Initializing tags.
[T 02:43:01 19310] ID set to 0000000000004B6E_0000000000000001 (parent 0000000000004B26_0000000000000001)
[T 02:43:01 19310] ==== Candidate to intercept: /usr/libexec/gcc/x86_64-linux-gnu/13/cc1 (canonical: /usr/libexec/gcc/x86_64-linux-gnu/13/cc1) ====
[T 02:43:01 19310] Lua: === Intercepted call to /usr/libexec/gcc/x86_64-linux-gnu/13/cc1 ===
[T 02:43:01 19310] Executing the following tracer actions:
[T 02:43:01 19310] Tracer actions:
[T 02:43:01 19310] pre_invocations(0)
[T 02:43:01 19310] post_invocations(1)
[T 02:43:01 19310] invocation: /mnt/c/Tools/codeql/cpp/tools/linux64/extractor, args: [--mimic, /usr/libexec/gcc/x86_64-linux-gnu/13/cc1, @/home/test/my-awesome-project/CISB/server/DBinvention/db-l20/working/tmp//semmle_9_19238_952065, -o, /home/test/my-awesome-project/CISB/server/DBinvention/db-l20/working/tmp//semmle_19_19238_75547.o, /home/test/my-awesome-project/CISB/server/DBinvention/db-l20/working/tmp//semmle_18_19238_75497.c]
[T 02:43:01 19310] trace_languages(1): [cpp]
[T 02:43:01 19313] Attempting to switch stdout/stderr to 7...
[T 02:43:01 19313] Initializing tracer.
[T 02:43:01 19313] Initializing tags.
[T 02:43:01 19313] ID set to 0000000000004B71_0000000000000001 (parent 0000000000004B6E_0000000000000001)
[E 02:43:01 19313] Mimicry classification suppression detected; exiting.
[E 02:43:01 19313] Extractor exited successfully
[T 02:43:01 19310] Extractor /mnt/c/Tools/codeql/cpp/tools/linux64/extractor terminated with exit code 0.
[T 02:43:01 19339] Initializing tracer.
[T 02:43:01 19339] Initializing tags.
[T 02:43:01 19339] ID set to 0000000000004B8B_0000000000000001 (parent 0000000000004B26_0000000000000001)
[T 02:43:01 19339] ==== Candidate to intercept: /usr/libexec/gcc/x86_64-linux-gnu/13/cc1 (canonical: /usr/libexec/gcc/x86_64-linux-gnu/13/cc1) ====
[T 02:43:01 19339] Lua: === Intercepted call to /usr/libexec/gcc/x86_64-linux-gnu/13/cc1 ===
[T 02:43:01 19339] Executing the following tracer actions:
[T 02:43:01 19339] Tracer actions:
[T 02:43:01 19339] pre_invocations(0)
[T 02:43:01 19339] post_invocations(1)
[T 02:43:01 19339] invocation: /mnt/c/Tools/codeql/cpp/tools/linux64/extractor, args: [--mimic, /usr/libexec/gcc/x86_64-linux-gnu/13/cc1, @/home/test/my-awesome-project/CISB/server/DBinvention/db-l20/working/tmp//semmle_9_19238_952065, -o, /home/test/my-awesome-project/CISB/server/DBinvention/db-l20/working/tmp//semmle_21_19238_104291.o, /home/test/my-awesome-project/CISB/server/DBinvention/db-l20/working/tmp//semmle_20_19238_104234.c]
[T 02:43:01 19339] trace_languages(1): [cpp]
[T 02:43:01 19344] Attempting to switch stdout/stderr to 7...
[T 02:43:01 19344] Initializing tracer.
[T 02:43:01 19344] Initializing tags.
[T 02:43:01 19344] ID set to 0000000000004B90_0000000000000001 (parent 0000000000004B8B_0000000000000001)
[E 02:43:01 19344] Mimicry classification suppression detected; exiting.
[E 02:43:01 19344] Extractor exited successfully
[T 02:43:01 19339] Extractor /mnt/c/Tools/codeql/cpp/tools/linux64/extractor terminated with exit code 0.
[E 02:43:01 19238] Processed command line: /mnt/c/Tools/codeql/cpp/tools/linux64/extractor --trapfolder /home/test/my-awesome-project/CISB/server/DBinvention/db-l20/trap/cpp --src_archive /home/test/my-awesome-project/CISB/server/DBinvention/db-l20/src --object_filename /tmp/ccMAHDVk.s --no_warnings_and_discretionary_errors --error_limit 1000 --disable_system_macros --variadic_macros --incognito --gcc --gnu_version 130300 --target linux_x86_64 '-D__DBL_MIN_EXP__=(-1021)' -D__UINT_LEAST16_MAX__=0xffff -D__FLT16_HAS_QUIET_NAN__=1 -D__ATOMIC_ACQUIRE=2 -D__FLT128_MAX_10_EXP__=4932 -D__FLT_MIN__=1.17549435082228750796873653722224568e-38F -D__GCC_IEC_559_COMPLEX=2 '-D__UINT_LEAST8_TYPE__=unsigned char' -D__SIZEOF_FLOAT80__=16 -D__BFLT16_DENORM_MIN__=9.18354961579912115600575419704879436e-41BF16 '-D__INTMAX_C(c)=c ## L' -D__CHAR_BIT__=8 -D__UINT8_MAX__=0xff -D__SCHAR_WIDTH__=8 -D__WINT_MAX__=0xffffffffU '-D__FLT32_MIN_EXP__=(-125)' -D__BFLT16_NORM_MAX__=3.38953138925153547590470800371487867e+38BF16 '-D__BFLT16_MIN_10_EXP__=(-37)' -D__ORDER_LITTLE_ENDIAN__=1234 -D__WCHAR_MAX__=0x7fffffff -D__GCC_HAVE_SYNC_COMPARE_AND_SWAP_2=1 -D__GCC_HAVE_SYNC_COMPARE_AND_SWAP_4=1 -D__GCC_HAVE_SYNC_COMPARE_AND_SWAP_8=1 -D__GCC_ATOMIC_CHAR_LOCK_FREE=2 -D__GCC_IEC_559=2 -D__FLT32X_DECIMAL_DIG__=17 -D__FLT_EVAL_METHOD__=0 -D__FLT64_DECIMAL_DIG__=17 -D__CET__=3 -D__GCC_ATOMIC_CHAR32_T_LOCK_FREE=2 -D__UINT_FAST64_MAX__=0xffffffffffffffffUL -D__SIG_ATOMIC_TYPE__=int '-D__DBL_MIN_10_EXP__=(-307)' -D__FINITE_MATH_ONLY__=0 -D__FLT32X_MAX_EXP__=1024 -D__GCC_HAVE_SYNC_COMPARE_AND_SWAP_1=1 -D__FLT32_HAS_DENORM__=1 -D__UINT_FAST8_MAX__=0xff -D__FLT32_MAX_10_EXP__=38 -D__DEC64_MAX_EXP__=385 '-D__INT8_C(c)=c' -D__INT_LEAST8_WIDTH__=8 -D__UINT_LEAST64_MAX__=0xffffffffffffffffUL -D__SHRT_MAX__=0x7fff -D__LDBL_MAX__=1.18973149535723176502126385303097021e+4932L -D__FLT64X_MAX_10_EXP__=4932 -D__BFLT16_MAX_10_EXP__=38 -D__BFLT16_MAX_EXP__=128 -D__LDBL_IS_IEC_60559__=1 -D__FLT64X_HAS_QUIET_NAN__=1 -D__UINT_LEAST8_MAX__=0xff -D__GCC_ATOMIC_BOOL_LOCK_FREE=2 -D__FLT128_DENORM_MIN__=6.47517511943802511092443895822764655e-4966F128 '-D__UINTMAX_TYPE__=long unsigned int' -D__BFLT16_DECIMAL_DIG__=4 -D__linux=1 -D__DEC32_EPSILON__=1E-6DF -D__FLT_EVAL_METHOD_TS_18661_3__=0 -D__UINT32_MAX__=0xffffffffU '-D__DBL_DENORM_MIN__=((double)4.94065645841246544176568792868221372e-324L)' '-D__FLT128_MIN_EXP__=(-16381)' -D__WINT_MIN__=0U '-D__FLT128_MIN_10_EXP__=(-4931)' -D__FLT32X_IS_IEC_60559__=1 -D__INT_LEAST16_WIDTH__=16 -D__SCHAR_MAX__=0x7f -D__FLT128_MANT_DIG__=113 '-D__WCHAR_MIN__=(-__WCHAR_MAX__ - 1)' '-D__INT64_C(c)=c ## L' -D__SSP_STRONG__=3 -D__GCC_ATOMIC_POINTER_LOCK_FREE=2 -D__ATOMIC_SEQ_CST=5 -D__unix=1 -D__INT_LEAST64_MAX__=0x7fffffffffffffffL -D__FLT32X_MANT_DIG__=53 -D__FLT64X_EPSILON__=1.08420217248550443400745280086994171e-19F64x '-D__DEC64_MIN_EXP__=(-382)' -D__DBL_DIG__=15 -D__FLT_EPSILON__=1.19209289550781250000000000000000000e-7F -D__SHRT_WIDTH__=16 -D__FLT32_IS_IEC_60559__=1 -D__LDBL_MIN__=3.36210314311209350626267781732175260e-4932L -D__STDC_UTF_16__=1 -D__DBL_IS_IEC_60559__=1 -D__DEC32_MAX__=9.999999E96DF -D__FLT64X_DENORM_MIN__=3.64519953188247460252840593361941982e-4951F64x -D__FLT32X_HAS_INFINITY__=1 -D__unix__=1 -D__INT_WIDTH__=32 -D__STDC_IEC_559__=1 -D__STDC_ISO_10646__=201706L -D__DECIMAL_DIG__=21 -D__STDC_IEC_559_COMPLEX__=1 -D__FLT64_EPSILON__=2.22044604925031308084726333618164062e-16F64 -D__gnu_linux__=1 -D__FLT128_IS_IEC_60559__=1 '-D__FLT64X_MIN_10_EXP__=(-4931)' -D__LDBL_HAS_QUIET_NAN__=1 '-D__FLT16_MIN_EXP__=(-13)' -D__FLT64_MANT_DIG__=53 -D__FLT64X_MANT_DIG__=64 -D__BFLT16_DIG__=2 -D__pie__=2 -D__MMX__=1 -D__FLT_HAS_DENORM__=1 -D__SIZEOF_LONG_DOUBLE__=16 -D__BIGGEST_ALIGNMENT__=16 -D__FLT64_MAX_10_EXP__=308 -D__BFLT16_IS_IEC_60559__=0 -D__FLT16_MAX_10_EXP__=4 '-D__DBL_MAX__=((double)1.79769313486231570814527423731704357e+308L)' -D__INT_FAST32_MAX__=0x7fffffffffffffffL -D__DBL_HAS_INFINITY__=1 -D__INT64_MAX__=0x7fffffffffffffffL -D__SIZEOF_FLOAT__=4 -D__HAVE_SPECULATION_SAFE_VALUE=1 '-D__DEC32_MIN_EXP__=(-94)' -D__INTPTR_WIDTH__=64 -D__UINT_LEAST32_MAX__=0xffffffffU -D__FLT32X_HAS_DENORM__=1 '-D__INT_FAST16_TYPE__=long int' -D__MMX_WITH_SSE__=1 -D__LDBL_HAS_DENORM__=1 -D__SEG_GS=1 -D__BFLT16_EPSILON__=7.81250000000000000000000000000000000e-3BF16 -D__FLT128_HAS_INFINITY__=1 -D__DEC32_MIN__=1E-95DF -D__DBL_MAX_EXP__=1024 -D__WCHAR_WIDTH__=32 -D__FLT32_MAX__=3.40282346638528859811704183484516925e+38F32 -D__DEC128_EPSILON__=1E-33DL -D__FLT16_DECIMAL_DIG__=5 -D__SSE2_MATH__=1 -D__ATOMIC_HLE_RELEASE=131072 -D__PTRDIFF_MAX__=0x7fffffffffffffffL -D__amd64=1 -D__ATOMIC_HLE_ACQUIRE=65536 -D__LONG_LONG_MAX__=0x7fffffffffffffffLL -D__SIZEOF_SIZE_T__=8 -D__BFLT16_HAS_INFINITY__=1 '-D__FLT64X_MIN_EXP__=(-16381)' -D__SIZEOF_WINT_T__=4 -D__LONG_LONG_WIDTH__=64 -D__FLT32_MAX_EXP__=128 -D__GXX_ABI_VERSION=1018 '-D__FLT_MIN_EXP__=(-125)' -D__GCC_HAVE_DWARF2_CFI_ASM=1 -D__INT16_MAX__=0x7fff -D__x86_64=1 '-D__INT_FAST64_TYPE__=long int' -D__BFLT16_MAX__=3.38953138925153547590470800371487867e+38BF16 -D__BFLT16_HAS_DENORM__=1 -D__FLT64_DENORM_MIN__=4.94065645841246544176568792868221372e-324F64 -D__FLT16_DENORM_MIN__=5.96046447753906250000000000000000000e-8F16 -D__FLT128_EPSILON__=1.92592994438723585305597794258492732e-34F128 -D__FLT64X_NORM_MAX__=1.18973149535723176502126385303097021e+4932F64x -D__SIZEOF_POINTER__=8 '-D__SIZE_TYPE__=long unsigned int' -D__LP64__=1 -D__DBL_HAS_QUIET_NAN__=1 -D__FLT32X_EPSILON__=2.22044604925031308084726333618164062e-16F32x -D__LDBL_MAX_EXP__=16384 -D__DECIMAL_BID_FORMAT__=1 '-D__FLT64_MIN_EXP__=(-1021)' '-D__FLT64_MIN_10_EXP__=(-307)' '-D__FLT16_MIN_10_EXP__=(-4)' -D__FLT64X_DECIMAL_DIG__=21 -D__DEC128_MIN__=1E-6143DL -D__REGISTER_PREFIX__= -D__UINT16_MAX__=0xffff -D__DBL_HAS_DENORM__=1 -D__FLT32_MIN__=1.17549435082228750796873653722224568e-38F32 '-D__UINT8_TYPE__=unsigned char' -D__FLT_DIG__=6 -D__NO_INLINE__=1 -D__DEC_EVAL_METHOD__=2 -D__FLT_MANT_DIG__=24 -D__LDBL_DECIMAL_DIG__=21 '-D__UINT64_C(c)=c ## UL' -D_STDC_PREDEF_H=1 -D__INT_LEAST32_MAX__=0x7fffffff -D__GCC_ATOMIC_INT_LOCK_FREE=2 -D__FLT128_MAX_EXP__=16384 -D__FLT32_MANT_DIG__=24 -D__FLOAT_WORD_ORDER__=__ORDER_LITTLE_ENDIAN__ '-D__FLT32X_MIN_EXP__=(-1021)' -D__STDC_IEC_60559_COMPLEX__=201404L -D__BFLT16_MIN__=1.17549435082228750796873653722224568e-38BF16 -D__FLT128_HAS_DENORM__=1 -D__FLT32_DECIMAL_DIG__=9 -D__FLT128_DIG__=33 '-D__INT32_C(c)=c' -D__DEC64_EPSILON__=1E-15DD -D__ORDER_PDP_ENDIAN__=3412 '-D__DEC128_MIN_EXP__=(-6142)' -D__DEC128_MAX__=9.999999999999999999999999999999999E6144DL '-D__INT_FAST32_TYPE__=long int' '-D__UINT_LEAST16_TYPE__=short unsigned int' -D__DEC128_MAX_EXP__=6145 -Dunix=1 -D__UINT64_MAX__=0xffffffffffffffffUL -D__FLT_IS_IEC_60559__=1 '-D__GNUC_WIDE_EXECUTION_CHARSET_NAME="UTF-32LE"' -D__FLT64X_DIG__=18 '-D__INT8_TYPE__=signed char' -D__ELF__=1 -D__GCC_ASM_FLAG_OUTPUTS__=1 '-D__UINT32_TYPE__=unsigned int' -D__BFLT16_HAS_QUIET_NAN__=1 -D__FLT_RADIX__=2 '-D__INT_LEAST16_TYPE__=short int' -D__LDBL_EPSILON__=1.08420217248550443400745280086994171e-19L '-D__UINTMAX_C(c)=c ## UL' -D__FLT16_DIG__=3 -D__SSE_MATH__=1 -D__k8=1 -D__FLT32X_MIN__=2.22507385850720138309023271733240406e-308F32x -D__SIG_ATOMIC_MAX__=0x7fffffff -D__GCC_ATOMIC_WCHAR_T_LOCK_FREE=2 -D__USER_LABEL_PREFIX__= -D__STDC_IEC_60559_BFP__=201404L -D__SIZEOF_PTRDIFF_T__=8 -D__FLT64X_HAS_INFINITY__=1 -D__FLT32_HAS_INFINITY__=1 -D__SIZEOF_LONG__=8 -D__LDBL_DIG__=18 -D__FLT64_IS_IEC_60559__=1 -D__x86_64__=1 -D__FLT16_IS_IEC_60559__=1 -D__FLT16_MAX_EXP__=16 -D__DEC32_SUBNORMAL_MIN__=0.000001E-95DF -D__INT_FAST16_MAX__=0x7fffffffffffffffL -D__GCC_CONSTRUCTIVE_SIZE=64 -D__FLT64_DIG__=15 -D__UINT_FAST32_MAX__=0xffffffffffffffffUL '-D__UINT_LEAST64_TYPE__=long unsigned int' -D__FLT16_EPSILON__=9.76562500000000000000000000000000000e-4F16 -D__FLT_HAS_QUIET_NAN__=1 -D__FLT_MAX_10_EXP__=38 -D__LONG_MAX__=0x7fffffffffffffffL -D__FLT64X_HAS_DENORM__=1 -D__DEC128_SUBNORMAL_MIN__=0.000000000000000000000000000000001E-6143DL -D__FLT_HAS_INFINITY__=1 '-D__GNUC_EXECUTION_CHARSET_NAME="UTF-8"' '-D__UINT_FAST16_TYPE__=long unsigned int' -D__DEC64_MAX__=9.999999999999999E384DD -D__INT_FAST32_WIDTH__=64 -D__PRAGMA_REDEFINE_EXTNAME=1 -D__SIZE_WIDTH__=64 -D__SEG_FS=1 -D__INT_LEAST16_MAX__=0x7fff -D__FLT16_NORM_MAX__=6.55040000000000000000000000000000000e+4F16 -D__DEC64_MANT_DIG__=16 -D__FLT32_DENORM_MIN__=1.40129846432481707092372958328991613e-45F32 -D__SIG_ATOMIC_WIDTH__=32 '-D__INT_LEAST64_TYPE__=long int' '-D__INT16_TYPE__=short int' '-D__INT_LEAST8_TYPE__=signed char' -D__FLT16_MAX__=6.55040000000000000000000000000000000e+4F16 -D__FLT128_MIN__=3.36210314311209350626267781732175260e-4932F128 -D__SIZEOF_INT__=4 -D__DEC32_MAX_EXP__=97 -D__INT_FAST8_MAX__=0x7f -D__FLT128_MAX__=1.18973149535723176508575932662800702e+4932F128 -D__INTPTR_MAX__=0x7fffffffffffffffL -Dlinux=1 -D__FLT64_HAS_QUIET_NAN__=1 '-D__FLT32_MIN_10_EXP__=(-37)' -D__FLT32X_DIG__=15 '-D__UINT16_C(c)=c' -D__PTRDIFF_WIDTH__=64 -D__LDBL_MANT_DIG__=64 -D__INT_FAST16_WIDTH__=64 -D__FLT64_HAS_INFINITY__=1 -D__FLT64X_MAX__=1.18973149535723176502126385303097021e+4932F64x -D__FLT16_HAS_INFINITY__=1 '-D__SIG_ATOMIC_MIN__=(-__SIG_ATOMIC_MAX__ - 1)' -D__code_model_small__=1 -D__GCC_ATOMIC_LONG_LOCK_FREE=2 -D__DEC32_MANT_DIG__=7 -D__FLT16_MANT_DIG__=11 -D__k8__=1 '-D__INTPTR_TYPE__=long int' '-D__UINT16_TYPE__=short unsigned int' -D__WCHAR_TYPE__=int -D__pic__=2 -D__UINTPTR_MAX__=0xffffffffffffffffUL -D__INT_FAST64_WIDTH__=64 -D__LDBL_HAS_INFINITY__=1 -D__INT_FAST64_MAX__=0x7fffffffffffffffL -D__GCC_ATOMIC_TEST_AND_SET_TRUEVAL=1 -D__FLT_NORM_MAX__=3.40282346638528859811704183484516925e+38F -D__FLT64X_MAX_EXP__=16384 '-D__UINT_FAST64_TYPE__=long unsigned int' '-D__BFLT16_MIN_EXP__=(-125)' -D__INT_MAX__=0x7fffffff -D__linux__=1 '-D__INT64_TYPE__=long int' -D__FLT_MAX_EXP__=128 -D__ORDER_BIG_ENDIAN__=4321 -D__DBL_MANT_DIG__=53 -D__SIZEOF_FLOAT128__=16 -D__BFLT16_MANT_DIG__=8 -D__GCC_ATOMIC_CHAR16_T_LOCK_FREE=2 -D__DEC64_MIN__=1E-383DD '-D__WINT_TYPE__=unsigned int' '-D__UINT_LEAST32_TYPE__=unsigned int' -D__SIZEOF_SHORT__=2 -D__FLT32_NORM_MAX__=3.40282346638528859811704183484516925e+38F32 -D__SSE__=1 '-D__LDBL_MIN_EXP__=(-16381)' -D__FLT64_MAX__=1.79769313486231570814527423731704357e+308F64 -D__amd64__=1 -D__WINT_WIDTH__=32 -D__INT_LEAST8_MAX__=0x7f -D__INT_LEAST64_WIDTH__=64 -D__FLT32X_MAX_10_EXP__=308 -D__SIZEOF_INT128__=16 -D__FLT16_MIN__=6.10351562500000000000000000000000000e-5F16 -D__FLT64X_IS_IEC_60559__=1 -D__LDBL_MAX_10_EXP__=4932 -D__ATOMIC_RELAXED=0 '-D__DBL_EPSILON__=((double)2.22044604925031308084726333618164062e-16L)' -D__INT_LEAST32_TYPE__=int -D_LP64=1 '-D__UINT8_C(c)=c' -D__FLT64_MAX_EXP__=1024 -D__SIZEOF_WCHAR_T__=4 '-D__UINT64_TYPE__=long unsigned int' -D__FLT128_NORM_MAX__=1.18973149535723176508575932662800702e+4932F128 -D__FLT64_NORM_MAX__=1.79769313486231570814527423731704357e+308F64 -D__FLT128_HAS_QUIET_NAN__=1 -D__INTMAX_MAX__=0x7fffffffffffffffL '-D__INT_FAST8_TYPE__=signed char' -D__FLT64X_MIN__=3.36210314311209350626267781732175260e-4932F64x -D__FLT64_HAS_DENORM__=1 -D__FLT32_EPSILON__=1.19209289550781250000000000000000000e-7F32 -D__FLT16_HAS_DENORM__=1 -D__DBL_DECIMAL_DIG__=17 -D__STDC_UTF_32__=1 -D__INT_FAST8_WIDTH__=8 -D__FXSR__=1 -D__FLT32X_MAX__=1.79769313486231570814527423731704357e+308F32x '-D__DBL_NORM_MAX__=((double)1.79769313486231570814527423731704357e+308L)' -D__BYTE_ORDER__=__ORDER_LITTLE_ENDIAN__ -D__GCC_DESTRUCTIVE_SIZE=64 -D__INTMAX_WIDTH__=64 -D__FLT32_DIG__=6 '-D__UINT32_C(c)=c ## U' -D__FLT_DENORM_MIN__=1.40129846432481707092372958328991613e-45F -D__INT8_MAX__=0x7f -D__LONG_WIDTH__=64 '-D__DBL_MIN__=((double)2.22507385850720138309023271733240406e-308L)' -D__PIC__=2 -D__INT32_MAX__=0x7fffffff '-D__UINT_FAST32_TYPE__=long unsigned int' -D__FLT32X_NORM_MAX__=1.79769313486231570814527423731704357e+308F32x -D__FLT_MAX__=3.40282346638528859811704183484516925e+38F -D__SSE2__=1 -D__INT32_TYPE__=int -D__SIZEOF_DOUBLE__=8 '-D__FLT_MIN_10_EXP__=(-37)' -D__FLT64_MIN__=2.22507385850720138309023271733240406e-308F64 -D__INT_LEAST32_WIDTH__=32 '-D__INTMAX_TYPE__=long int' -D__FLT32X_HAS_QUIET_NAN__=1 -D__ATOMIC_CONSUME=1 -D__UINTMAX_MAX__=0xffffffffffffffffUL -D__PIE__=2 -D__FLT32X_DENORM_MIN__=4.94065645841246544176568792868221372e-324F32x -D__DBL_MAX_10_EXP__=308 -D__LDBL_DENORM_MIN__=3.64519953188247460252840593361941982e-4951L '-D__INT16_C(c)=c' '-D__PTRDIFF_TYPE__=long int' '-D__FLT32X_MIN_10_EXP__=(-307)' '-D__UINTPTR_TYPE__=long unsigned int' -D__DEC64_SUBNORMAL_MIN__=0.000000000000001E-383DD -D__DEC128_MANT_DIG__=34 '-D__LDBL_MIN_10_EXP__=(-4931)' -D__SIZEOF_LONG_LONG__=8 -D__FLT128_DECIMAL_DIG__=36 -D__GCC_ATOMIC_LLONG_LOCK_FREE=2 -D__FLT32_HAS_QUIET_NAN__=1 -D__FLT_DECIMAL_DIG__=9 -D__UINT_FAST16_MAX__=0xffffffffffffffffUL -D__LDBL_NORM_MAX__=1.18973149535723176502126385303097021e+4932L -D__GCC_ATOMIC_SHORT_LOCK_FREE=2 -D__SIZE_MAX__=0xffffffffffffffffUL '-D__UINT_FAST8_TYPE__=unsigned char' -D__ATOMIC_ACQ_REL=4 -D__ATOMIC_RELEASE=3 -I/usr/lib/gcc/x86_64-linux-gnu/13/include -I/usr/local/include -I/usr/include/x86_64-linux-gnu -I/usr/include -- test1.c
[E 02:43:01 19238] CODEQL_EXTRACTOR_CPP_TRAP_CACHING is not set
[E 02:43:01 19238] CODEQL_EXTRACTOR_CPP_OPTION_TRAP_CACHE_WRITE is not set
[E 02:43:01 19238] CODEQL_EXTRACTOR_CPP_OPTION_TRAP_CACHE_DIR is not set
[E 02:43:01 19238] Initialising TRAP cache at path: 7c/94ed/ed6a6722a857d655f96e66d23166
[E 02:43:01 19238] Not using TRAP cache
[E 02:43:01 19238] TRAP cache miss
[E 02:43:01 19238] Starting compilation TRAP /home/test/my-awesome-project/CISB/server/DBinvention/db-l20/trap/cpp/compilations/58/14524161_0.trap.zst
[E 02:43:01 19238] Archiving /home/test/my-awesome-project/CISB/server/DBinvention/db-l20/src/home/test/my-awesome-project/CISB/server/DBinvention/test1.c
[E 02:43:01 19238] Archiving /home/test/my-awesome-project/CISB/server/DBinvention/db-l20/src/usr/include/stdio.h
[E 02:43:01 19238] Archiving /home/test/my-awesome-project/CISB/server/DBinvention/db-l20/src/usr/include/x86_64-linux-gnu/bits/libc-header-start.h
[E 02:43:01 19238] Archiving /home/test/my-awesome-project/CISB/server/DBinvention/db-l20/src/usr/include/features.h
[E 02:43:01 19238] Archiving /home/test/my-awesome-project/CISB/server/DBinvention/db-l20/src/usr/include/features-time64.h
[E 02:43:01 19238] Archiving /home/test/my-awesome-project/CISB/server/DBinvention/db-l20/src/usr/include/x86_64-linux-gnu/bits/wordsize.h
[E 02:43:01 19238] Archiving /home/test/my-awesome-project/CISB/server/DBinvention/db-l20/src/usr/include/x86_64-linux-gnu/bits/timesize.h
[E 02:43:01 19238] Already archived /home/test/my-awesome-project/CISB/server/DBinvention/db-l20/src/usr/include/x86_64-linux-gnu/bits/wordsize.h
[E 02:43:01 19238] Archiving /home/test/my-awesome-project/CISB/server/DBinvention/db-l20/src/usr/include/stdc-predef.h
[E 02:43:01 19238] Archiving /home/test/my-awesome-project/CISB/server/DBinvention/db-l20/src/usr/include/x86_64-linux-gnu/sys/cdefs.h
[E 02:43:01 19238] Already archived /home/test/my-awesome-project/CISB/server/DBinvention/db-l20/src/usr/include/x86_64-linux-gnu/bits/wordsize.h
[E 02:43:01 19238] Archiving /home/test/my-awesome-project/CISB/server/DBinvention/db-l20/src/usr/include/x86_64-linux-gnu/bits/long-double.h
[E 02:43:01 19238] Archiving /home/test/my-awesome-project/CISB/server/DBinvention/db-l20/src/usr/include/x86_64-linux-gnu/gnu/stubs.h
[E 02:43:01 19238] Archiving /home/test/my-awesome-project/CISB/server/DBinvention/db-l20/src/usr/include/x86_64-linux-gnu/gnu/stubs-64.h
[E 02:43:01 19238] Archiving /home/test/my-awesome-project/CISB/server/DBinvention/db-l20/src/usr/lib/gcc/x86_64-linux-gnu/13/include/stddef.h
[E 02:43:01 19238] Archiving /home/test/my-awesome-project/CISB/server/DBinvention/db-l20/src/usr/lib/gcc/x86_64-linux-gnu/13/include/stdarg.h
[E 02:43:01 19238] Archiving /home/test/my-awesome-project/CISB/server/DBinvention/db-l20/src/usr/include/x86_64-linux-gnu/bits/types.h
[E 02:43:01 19238] Already archived /home/test/my-awesome-project/CISB/server/DBinvention/db-l20/src/usr/include/x86_64-linux-gnu/bits/wordsize.h
[E 02:43:01 19238] Already archived /home/test/my-awesome-project/CISB/server/DBinvention/db-l20/src/usr/include/x86_64-linux-gnu/bits/timesize.h
[E 02:43:01 19238] Already archived /home/test/my-awesome-project/CISB/server/DBinvention/db-l20/src/usr/include/x86_64-linux-gnu/bits/wordsize.h
[E 02:43:01 19238] Archiving /home/test/my-awesome-project/CISB/server/DBinvention/db-l20/src/usr/include/x86_64-linux-gnu/bits/typesizes.h
[E 02:43:01 19238] Archiving /home/test/my-awesome-project/CISB/server/DBinvention/db-l20/src/usr/include/x86_64-linux-gnu/bits/time64.h
[E 02:43:01 19238] Archiving /home/test/my-awesome-project/CISB/server/DBinvention/db-l20/src/usr/include/x86_64-linux-gnu/bits/types/__fpos_t.h
[E 02:43:01 19238] Archiving /home/test/my-awesome-project/CISB/server/DBinvention/db-l20/src/usr/include/x86_64-linux-gnu/bits/types/__mbstate_t.h
[E 02:43:01 19238] Archiving /home/test/my-awesome-project/CISB/server/DBinvention/db-l20/src/usr/include/x86_64-linux-gnu/bits/types/__fpos64_t.h
[E 02:43:01 19238] Archiving /home/test/my-awesome-project/CISB/server/DBinvention/db-l20/src/usr/include/x86_64-linux-gnu/bits/types/__FILE.h
[E 02:43:01 19238] Archiving /home/test/my-awesome-project/CISB/server/DBinvention/db-l20/src/usr/include/x86_64-linux-gnu/bits/types/FILE.h
[E 02:43:01 19238] Archiving /home/test/my-awesome-project/CISB/server/DBinvention/db-l20/src/usr/include/x86_64-linux-gnu/bits/types/struct_FILE.h
[E 02:43:01 19238] Archiving /home/test/my-awesome-project/CISB/server/DBinvention/db-l20/src/usr/include/x86_64-linux-gnu/bits/types/cookie_io_functions_t.h
[E 02:43:01 19238] Archiving /home/test/my-awesome-project/CISB/server/DBinvention/db-l20/src/usr/include/x86_64-linux-gnu/bits/stdio_lim.h
[E 02:43:01 19238] Archiving /home/test/my-awesome-project/CISB/server/DBinvention/db-l20/src/usr/include/x86_64-linux-gnu/bits/floatn.h
[E 02:43:01 19238] Archiving /home/test/my-awesome-project/CISB/server/DBinvention/db-l20/src/usr/include/x86_64-linux-gnu/bits/floatn-common.h
[E 02:43:01 19238] Already archived /home/test/my-awesome-project/CISB/server/DBinvention/db-l20/src/usr/include/x86_64-linux-gnu/bits/long-double.h
[E 02:43:01 19238] Archiving /home/test/my-awesome-project/CISB/server/DBinvention/db-l20/src/usr/lib/gcc/x86_64-linux-gnu/13/include/stdint.h
[E 02:43:01 19238] Archiving /home/test/my-awesome-project/CISB/server/DBinvention/db-l20/src/usr/include/stdint.h
[E 02:43:01 19238] Already archived /home/test/my-awesome-project/CISB/server/DBinvention/db-l20/src/usr/include/x86_64-linux-gnu/bits/libc-header-start.h
[E 02:43:01 19238] Archiving /home/test/my-awesome-project/CISB/server/DBinvention/db-l20/src/usr/include/x86_64-linux-gnu/bits/wchar.h
[E 02:43:01 19238] Already archived /home/test/my-awesome-project/CISB/server/DBinvention/db-l20/src/usr/include/x86_64-linux-gnu/bits/wordsize.h
[E 02:43:01 19238] Archiving /home/test/my-awesome-project/CISB/server/DBinvention/db-l20/src/usr/include/x86_64-linux-gnu/bits/stdint-intn.h
[E 02:43:01 19238] Archiving /home/test/my-awesome-project/CISB/server/DBinvention/db-l20/src/usr/include/x86_64-linux-gnu/bits/stdint-uintn.h
[E 02:43:01 19238] Archiving /home/test/my-awesome-project/CISB/server/DBinvention/db-l20/src/usr/include/x86_64-linux-gnu/bits/stdint-least.h
[E 02:43:01 19238] Already archived /home/test/my-awesome-project/CISB/server/DBinvention/db-l20/src/usr/lib/gcc/x86_64-linux-gnu/13/include/stddef.h
[E 02:43:01 19238] Creating trap tarball /home/test/my-awesome-project/CISB/server/DBinvention/db-l20/trap/cpp/tarballs/home/test/my-awesome-project/CISB/server/DBinvention/test1.c.2b00ace0_0.trap.tar.zst
[E 02:43:01 19238] Emitting trap files for test1.c
[E 02:43:01 19238] Opening existencedb in /home/test/my-awesome-project/CISB/server/DBinvention/db-l20/working/existencedb/db
[E 02:43:01 19238] Wrote 36 files to /home/test/my-awesome-project/CISB/server/DBinvention/db-l20/trap/cpp/tarballs/home/test/my-awesome-project/CISB/server/DBinvention/test1.c.2b00ace0_0.trap.tar.zst
[E 02:43:01 19238] Finished compilation TRAP /home/test/my-awesome-project/CISB/server/DBinvention/db-l20/trap/cpp/compilations/58/14524161_0.trap.zst
[E 02:43:01 19238] Marking C compilation as happened.
[E 02:43:01 19238] Setting tag c-compilation-happened
[E 02:43:01 19238] Starting from CODEQL_TRACER_DB_ID 0000000000004B24_0000000000000001
[E 02:43:01 19238] Locking DB /home/test/my-awesome-project/CISB/server/DBinvention/db-l20/working/tags.db
[E 02:43:01 19238] Locked DB /home/test/my-awesome-project/CISB/server/DBinvention/db-l20/working/tags.db
[E 02:43:01 19238] Set tag for 0000000000004B24_0000000000000001
[E 02:43:01 19238] Set tag for 0000000000004B1F_0000000000000001
[E 02:43:01 19238] Set tag for 0000000000004B19_0000000000000003
[E 02:43:01 19238] Set tag for 0000000000004B19_0000000000000002
[E 02:43:01 19238] Set tag for root
[E 02:43:01 19238] Unlocking DB
[E 02:43:01 19238] Unlocked DB
[E 02:43:01 19238] Extractor exited successfully
[T 02:43:01 19236] Extractor /mnt/c/Tools/codeql/cpp/tools/linux64/extractor terminated with exit code 0.
[T 02:43:01 19429] Initializing tracer.
[T 02:43:01 19429] Initializing tags.
[T 02:43:01 19429] ID set to 0000000000004BE5_0000000000000001 (parent 0000000000004B1F_0000000000000001)
[T 02:43:01 19429] ==== Candidate to intercept: as (canonical: /usr/bin/as) ====
[T 02:43:01 19429] Lua: === Intercepted call to /usr/bin/as ===
[T 02:43:01 19429] Executing the following tracer actions:
[T 02:43:01 19429] Tracer actions:
[T 02:43:01 19429] pre_invocations(0)
[T 02:43:01 19429] post_invocations(1)
[T 02:43:01 19429] invocation: /mnt/c/Tools/codeql/cpp/tools/linux64/extractor, args: [--assembler, --codeql-assembler-executable, /usr/bin/as, --64, -o, test1.o, /tmp/ccMAHDVk.s]
[T 02:43:01 19429] trace_languages(1): [cpp]
[T 02:43:01 19444] Attempting to switch stdout/stderr to 4...
[T 02:43:01 19444] Initializing tracer.
[T 02:43:01 19444] Initializing tags.
[T 02:43:01 19444] ID set to 0000000000004BF4_0000000000000001 (parent 0000000000004BE5_0000000000000001)
[E 02:43:01 19444] CodeQL C/C++ Extractor 2.25.1
[E 02:43:01 19444] Current directory: /home/test/my-awesome-project/CISB/server/DBinvention
[E 02:43:01 19444] Command: /mnt/c/Tools/codeql/cpp/tools/linux64/extractor --assembler --codeql-assembler-executable /usr/bin/as --64 -o test1.o /tmp/ccMAHDVk.s
[E 02:43:01 19444] Extractor exited after mimicking assembler
[T 02:43:01 19429] Extractor /mnt/c/Tools/codeql/cpp/tools/linux64/extractor terminated with exit code 0.
[T 02:43:01 19501] Attempting to switch stdout/stderr to 4...
[T 02:43:01 19501] Initializing tracer.
[T 02:43:01 19501] Initializing tags.
[T 02:43:01 19501] ID set to 0000000000004C2D_0000000000000001 (parent 0000000000004B1F_0000000000000001)
[E 02:43:01 19501] CodeQL C/C++ Extractor 2.25.1
[E 02:43:01 19501] Current directory: /home/test/my-awesome-project/CISB/server/DBinvention
[E 02:43:01 19501] Command: /mnt/c/Tools/codeql/cpp/tools/linux64/extractor --mimic /usr/bin/x86_64-linux-gnu-gcc-13 -c -o test1.o test1.c
[T 02:43:01 19545] Initializing tracer.
[T 02:43:01 19545] Initializing tags.
[T 02:43:01 19545] ID set to 0000000000004C59_0000000000000001 (parent 0000000000004C2D_0000000000000001)
[T 02:43:01 19545] ==== Candidate to intercept: /usr/bin/x86_64-linux-gnu-gcc-13 (canonical: /usr/bin/x86_64-linux-gnu-gcc-13) ====
[T 02:43:01 19545] Lua: === Intercepted call to /usr/bin/x86_64-linux-gnu-gcc-13 ===
[T 02:43:01 19545] Executing the following tracer actions:
[T 02:43:01 19545] Tracer actions:
[T 02:43:01 19545] pre_invocations(0)
[T 02:43:01 19545] post_invocations(1)
[T 02:43:01 19545] invocation: /mnt/c/Tools/codeql/cpp/tools/linux64/extractor, args: [--mimic, /usr/bin/x86_64-linux-gnu-gcc-13, --version]
[T 02:43:01 19545] trace_languages(1): [cpp]
[T 02:43:01 19560] Attempting to switch stdout/stderr to 7...
[T 02:43:01 19560] Initializing tracer.
[T 02:43:01 19560] Initializing tags.
[T 02:43:01 19560] ID set to 0000000000004C68_0000000000000001 (parent 0000000000004C59_0000000000000001)
[E 02:43:01 19560] Mimicry classification suppression detected; exiting.
[E 02:43:01 19560] Extractor exited successfully
[T 02:43:01 19545] Extractor /mnt/c/Tools/codeql/cpp/tools/linux64/extractor terminated with exit code 0.
[T 02:43:01 19575] Initializing tracer.
[T 02:43:01 19575] Initializing tags.
[T 02:43:01 19575] ID set to 0000000000004C77_0000000000000001 (parent 0000000000004C2D_0000000000000001)
[T 02:43:01 19575] ==== Candidate to intercept: /usr/bin/x86_64-linux-gnu-gcc-13 (canonical: /usr/bin/x86_64-linux-gnu-gcc-13) ====
[T 02:43:01 19575] Lua: === Intercepted call to /usr/bin/x86_64-linux-gnu-gcc-13 ===
[T 02:43:01 19575] Executing the following tracer actions:
[T 02:43:01 19575] Tracer actions:
[T 02:43:01 19575] pre_invocations(0)
[T 02:43:01 19575] post_invocations(1)
[T 02:43:01 19575] invocation: /mnt/c/Tools/codeql/cpp/tools/linux64/extractor, args: [--mimic, /usr/bin/x86_64-linux-gnu-gcc-13, --help]
[T 02:43:01 19575] trace_languages(1): [cpp]
[T 02:43:01 19578] Attempting to switch stdout/stderr to 7...
[T 02:43:01 19578] Initializing tracer.
[T 02:43:01 19578] Initializing tags.
[T 02:43:01 19578] ID set to 0000000000004C7A_0000000000000001 (parent 0000000000004C77_0000000000000001)
[E 02:43:01 19578] Mimicry classification suppression detected; exiting.
[E 02:43:01 19578] Extractor exited successfully
[T 02:43:01 19575] Extractor /mnt/c/Tools/codeql/cpp/tools/linux64/extractor terminated with exit code 0.
[T 02:43:01 19592] Initializing tracer.
[T 02:43:01 19592] Initializing tags.
[T 02:43:01 19592] ID set to 0000000000004C88_0000000000000001 (parent 0000000000004C2D_0000000000000001)
[T 02:43:01 19592] ==== Candidate to intercept: /usr/bin/x86_64-linux-gnu-gcc-13 (canonical: /usr/bin/x86_64-linux-gnu-gcc-13) ====
[T 02:43:01 19592] Lua: === Intercepted call to /usr/bin/x86_64-linux-gnu-gcc-13 ===
[T 02:43:01 19592] Executing the following tracer actions:
[T 02:43:01 19592] Tracer actions:
[T 02:43:01 19592] pre_invocations(0)
[T 02:43:01 19592] post_invocations(1)
[T 02:43:01 19592] invocation: /mnt/c/Tools/codeql/cpp/tools/linux64/extractor, args: [--mimic, /usr/bin/x86_64-linux-gnu-gcc-13, -nostdinc, -o, /home/test/my-awesome-project/CISB/server/DBinvention/db-l20/working/tmp//semmle_2_19501_423744.o, -c, /home/test/my-awesome-project/CISB/server/DBinvention/db-l20/working/tmp//semmle_1_19501_423673.c]
[T 02:43:01 19592] trace_languages(1): [cpp]
[T 02:43:01 19608] Initializing tracer.
[T 02:43:01 19608] Initializing tags.
[T 02:43:01 19608] ID set to 0000000000004C98_0000000000000001 (parent 0000000000004C88_0000000000000001)
[T 02:43:01 19608] ==== Candidate to intercept: /usr/libexec/gcc/x86_64-linux-gnu/13/cc1 (canonical: /usr/libexec/gcc/x86_64-linux-gnu/13/cc1) ====
[T 02:43:01 19608] Lua: === Intercepted call to /usr/libexec/gcc/x86_64-linux-gnu/13/cc1 ===
[T 02:43:01 19608] Executing the following tracer actions:
[T 02:43:01 19608] Tracer actions:
[T 02:43:01 19608] pre_invocations(0)
[T 02:43:01 19608] post_invocations(1)
[T 02:43:01 19608] invocation: /mnt/c/Tools/codeql/cpp/tools/linux64/extractor, args: [--mimic, /usr/libexec/gcc/x86_64-linux-gnu/13/cc1, -quiet, -nostdinc, -imultiarch, x86_64-linux-gnu, /home/test/my-awesome-project/CISB/server/DBinvention/db-l20/working/tmp//semmle_1_19501_423673.c, -quiet, -dumpdir, /home/test/my-awesome-project/CISB/server/DBinvention/db-l20/working/tmp//, -dumpbase, semmle_2_19501_423744.c, -dumpbase-ext, .c, -mtune=generic, -march=x86-64, -fasynchronous-unwind-tables, -fstack-protector-strong, -Wformat, -Wformat-security, -fstack-clash-protection, -fcf-protection, -o, /tmp/ccJontZ4.s]
[T 02:43:01 19608] trace_languages(1): [cpp]
[T 02:43:01 19624] Attempting to switch stdout/stderr to 7...
[T 02:43:01 19624] Initializing tracer.
[T 02:43:01 19624] Initializing tags.
[T 02:43:01 19624] ID set to 0000000000004CA8_0000000000000001 (parent 0000000000004C98_0000000000000001)
[E 02:43:01 19624] Mimicry classification suppression detected; exiting.
[E 02:43:01 19624] Extractor exited successfully
[T 02:43:01 19608] Extractor /mnt/c/Tools/codeql/cpp/tools/linux64/extractor terminated with exit code 0.
[T 02:43:01 19625] Initializing tracer.
[T 02:43:01 19625] Initializing tags.
[T 02:43:01 19625] ID set to 0000000000004CA9_0000000000000001 (parent 0000000000004C88_0000000000000001)
[T 02:43:01 19625] ==== Candidate to intercept: as (canonical: /usr/bin/as) ====
[T 02:43:01 19625] Lua: === Intercepted call to /usr/bin/as ===
[T 02:43:01 19625] Executing the following tracer actions:
[T 02:43:01 19625] Tracer actions:
[T 02:43:01 19625] pre_invocations(0)
[T 02:43:01 19625] post_invocations(1)
[T 02:43:01 19625] invocation: /mnt/c/Tools/codeql/cpp/tools/linux64/extractor, args: [--assembler, --codeql-assembler-executable, /usr/bin/as, --64, -o, /home/test/my-awesome-project/CISB/server/DBinvention/db-l20/working/tmp//semmle_2_19501_423744.o, /tmp/ccJontZ4.s]
[T 02:43:01 19625] trace_languages(1): [cpp]
[T 02:43:01 19627] Attempting to switch stdout/stderr to 7...
[T 02:43:01 19627] Initializing tracer.
[T 02:43:01 19627] Initializing tags.
[T 02:43:01 19627] ID set to 0000000000004CAB_0000000000000001 (parent 0000000000004CA9_0000000000000001)
[E 02:43:01 19627] Mimicry classification suppression detected; exiting.
[E 02:43:01 19627] Extractor exited successfully
[T 02:43:01 19625] Extractor /mnt/c/Tools/codeql/cpp/tools/linux64/extractor terminated with exit code 0.
[T 02:43:01 19628] Attempting to switch stdout/stderr to 7...
[T 02:43:01 19628] Initializing tracer.
[T 02:43:01 19628] Initializing tags.
[T 02:43:01 19628] ID set to 0000000000004CAC_0000000000000001 (parent 0000000000004C88_0000000000000001)
[E 02:43:01 19628] Mimicry classification suppression detected; exiting.
[E 02:43:01 19628] Extractor exited successfully
[T 02:43:01 19592] Extractor /mnt/c/Tools/codeql/cpp/tools/linux64/extractor terminated with exit code 0.
[T 02:43:01 19629] Initializing tracer.
[T 02:43:01 19629] Initializing tags.
[T 02:43:01 19629] ID set to 0000000000004CAD_0000000000000001 (parent 0000000000004C2D_0000000000000001)
[T 02:43:01 19629] ==== Candidate to intercept: /usr/bin/x86_64-linux-gnu-gcc-13 (canonical: /usr/bin/x86_64-linux-gnu-gcc-13) ====
[T 02:43:01 19629] Lua: === Intercepted call to /usr/bin/x86_64-linux-gnu-gcc-13 ===
[T 02:43:01 19629] Executing the following tracer actions:
[T 02:43:01 19629] Tracer actions:
[T 02:43:01 19629] pre_invocations(0)
[T 02:43:01 19629] post_invocations(1)
[T 02:43:01 19629] invocation: /mnt/c/Tools/codeql/cpp/tools/linux64/extractor, args: [--mimic, /usr/bin/x86_64-linux-gnu-gcc-13, -nostdinc, -o, /home/test/my-awesome-project/CISB/server/DBinvention/db-l20/working/tmp//semmle_4_19501_502240.o, -c, /home/test/my-awesome-project/CISB/server/DBinvention/db-l20/working/tmp//semmle_3_19501_502176.c]
[T 02:43:01 19629] trace_languages(1): [cpp]
[T 02:43:01 19631] Initializing tracer.
[T 02:43:01 19631] Initializing tags.
[T 02:43:01 19631] ID set to 0000000000004CAF_0000000000000001 (parent 0000000000004CAD_0000000000000001)
[T 02:43:01 19631] ==== Candidate to intercept: /usr/libexec/gcc/x86_64-linux-gnu/13/cc1 (canonical: /usr/libexec/gcc/x86_64-linux-gnu/13/cc1) ====
[T 02:43:01 19631] Lua: === Intercepted call to /usr/libexec/gcc/x86_64-linux-gnu/13/cc1 ===
[T 02:43:01 19631] Executing the following tracer actions:
[T 02:43:01 19631] Tracer actions:
[T 02:43:01 19631] pre_invocations(0)
[T 02:43:01 19631] post_invocations(1)
[T 02:43:01 19631] invocation: /mnt/c/Tools/codeql/cpp/tools/linux64/extractor, args: [--mimic, /usr/libexec/gcc/x86_64-linux-gnu/13/cc1, -quiet, -nostdinc, -imultiarch, x86_64-linux-gnu, /home/test/my-awesome-project/CISB/server/DBinvention/db-l20/working/tmp//semmle_3_19501_502176.c, -quiet, -dumpdir, /home/test/my-awesome-project/CISB/server/DBinvention/db-l20/working/tmp//, -dumpbase, semmle_4_19501_502240.c, -dumpbase-ext, .c, -mtune=generic, -march=x86-64, -fasynchronous-unwind-tables, -fstack-protector-strong, -Wformat, -Wformat-security, -fstack-clash-protection, -fcf-protection, -o, /tmp/ccvzM6Je.s]
[T 02:43:01 19631] trace_languages(1): [cpp]
[T 02:43:01 19647] Attempting to switch stdout/stderr to 7...
[T 02:43:01 19647] Initializing tracer.
[T 02:43:01 19647] Initializing tags.
[T 02:43:01 19647] ID set to 0000000000004CBF_0000000000000001 (parent 0000000000004CAF_0000000000000001)
[E 02:43:01 19647] Mimicry classification suppression detected; exiting.
[E 02:43:01 19647] Extractor exited successfully
[T 02:43:01 19631] Extractor /mnt/c/Tools/codeql/cpp/tools/linux64/extractor terminated with exit code 0.
[T 02:43:01 19648] Attempting to switch stdout/stderr to 7...
[T 02:43:01 19648] Initializing tracer.
[T 02:43:01 19648] Initializing tags.
[T 02:43:01 19648] ID set to 0000000000004CC0_0000000000000001 (parent 0000000000004CAD_0000000000000001)
[E 02:43:01 19648] Mimicry classification suppression detected; exiting.
[E 02:43:01 19648] Extractor exited successfully
[T 02:43:01 19629] Extractor /mnt/c/Tools/codeql/cpp/tools/linux64/extractor terminated with exit code 0.
[E 02:43:01 19501] Checking whether C compilation already happened.
[E 02:43:01 19501] Checking for tag c-compilation-happened
[E 02:43:01 19501] Checking CODEQL_TRACER_DB_ID 0000000000004B1F_0000000000000001
[E 02:43:01 19501] Locking DB /home/test/my-awesome-project/CISB/server/DBinvention/db-l20/working/tags.db
[E 02:43:01 19501] Locked DB /home/test/my-awesome-project/CISB/server/DBinvention/db-l20/working/tags.db
[E 02:43:01 19501] Unlocking DB
[E 02:43:01 19501] Unlocked DB
[E 02:43:01 19501] Exiting as C compilation already happened.
[T 02:43:01 19231] Extractor /mnt/c/Tools/codeql/cpp/tools/linux64/extractor terminated with exit code 0.
