[2026-04-26 10:44:49] This is codeql execute queries -J-Xmx1376M --verbosity=progress --logdir=/home/test/my-awesome-project/CISB/server/DBinvention/db-l20/log --evaluator-log-level=5 --warnings=show --qlconfig-file=/home/test/my-awesome-project/CISB/server/DBinvention/qlconfig.yml --dynamic-join-order-mode=none --output=/home/test/my-awesome-project/CISB/server/DBinvention/result.bqrs -- /home/test/my-awesome-project/CISB/server/DBinvention/db-l20/db-cpp path:/home/test/my-awesome-project/CISB/server/DBinvention/test1.ql
[2026-04-26 10:44:49] Calling plumbing command: codeql resolve queries --qlconfig-file=/home/test/my-awesome-project/CISB/server/DBinvention/qlconfig.yml --format=json -- path:/home/test/my-awesome-project/CISB/server/DBinvention/test1.ql
[2026-04-26 10:44:50] [PROGRESS] resolve queries> Recording pack reference test22 at /home/test/my-awesome-project/CISB/server/DBinvention.
[2026-04-26 10:44:50] Plumbing command codeql resolve queries completed:
                      [
                        "/home/test/my-awesome-project/CISB/server/DBinvention/test1.ql"
                      ]
[2026-04-26 10:44:50] Creating executor with 1 threads.
[2026-04-26 10:44:50] Exception caught at top level: Error initializing the IMB disk cache: the cache directory is already locked by another running process. Only one instance of the IMB can access a cache directory at a time. The lock file is located at /home/test/my-awesome-project/CISB/server/DBinvention/db-l20/db-cpp/default/cache/.lock
                      (eventual cause: OverlappingFileLockException)
                      com.semmle.inmemory.caching.RelationCacheImpl.takeFilesystemLock(RelationCacheImpl.java:367)
                      com.semmle.inmemory.caching.RelationCacheImpl.create(RelationCacheImpl.java:114)
                      com.semmle.inmemory.scheduler.EvaluationSchedule.<init>(EvaluationSchedule.java:105)
                      com.semmle.inmemory.caching.RelationManager.<init>(RelationManager.java:66)
                      com.semmle.inmemory.MemoryBackend.<init>(MemoryBackend.java:127)
                      com.semmle.cli2.ql.EvaluationCommon.<init>(EvaluationCommon.java:99)
                      com.semmle.cli2.ql.EvaluationCommon.<init>(EvaluationCommon.java:66)
                      com.semmle.cli2.execute.ExecuteQueriesCommand.executeSubcommand(ExecuteQueriesCommand.java:482)
                      com.semmle.cli2.picocli.SubcommandCommon.lambda$executeSubcommandWithMessages$5(SubcommandCommon.java:886)
                      com.semmle.cli2.picocli.SubcommandCommon.withCompilationMessages(SubcommandCommon.java:444)
                      com.semmle.cli2.picocli.SubcommandCommon.executeSubcommandWithMessages(SubcommandCommon.java:884)
                      com.semmle.cli2.picocli.SubcommandCommon.toplevelMain(SubcommandCommon.java:777)
                      com.semmle.cli2.picocli.SubcommandCommon.call(SubcommandCommon.java:757)
                      com.semmle.cli2.picocli.SubcommandMaker.runMain(SubcommandMaker.java:238)
                      com.semmle.cli2.picocli.SubcommandMaker.runMain(SubcommandMaker.java:259)
                      com.semmle.cli2.CodeQL.main(CodeQL.java:113)
                      
                       ... caused by:
                      
                      java.nio.channels.OverlappingFileLockException
                      com.semmle.util.files.FileSystemLock.<init>(FileSystemLock.java:74)
                      com.semmle.inmemory.caching.RelationCacheImpl.takeFilesystemLock(RelationCacheImpl.java:363)
                      com.semmle.inmemory.caching.RelationCacheImpl.create(RelationCacheImpl.java:114)
                      com.semmle.inmemory.scheduler.EvaluationSchedule.<init>(EvaluationSchedule.java:105)
                      com.semmle.inmemory.caching.RelationManager.<init>(RelationManager.java:66)
                      com.semmle.inmemory.MemoryBackend.<init>(MemoryBackend.java:127)
                      com.semmle.cli2.ql.EvaluationCommon.<init>(EvaluationCommon.java:99)
                      com.semmle.cli2.ql.EvaluationCommon.<init>(EvaluationCommon.java:66)
                      com.semmle.cli2.execute.ExecuteQueriesCommand.executeSubcommand(ExecuteQueriesCommand.java:482)
                      com.semmle.cli2.picocli.SubcommandCommon.lambda$executeSubcommandWithMessages$5(SubcommandCommon.java:886)
                      com.semmle.cli2.picocli.SubcommandCommon.withCompilationMessages(SubcommandCommon.java:444)
                      com.semmle.cli2.picocli.SubcommandCommon.executeSubcommandWithMessages(SubcommandCommon.java:884)
                      com.semmle.cli2.picocli.SubcommandCommon.toplevelMain(SubcommandCommon.java:777)
                      com.semmle.cli2.picocli.SubcommandCommon.call(SubcommandCommon.java:757)
                      com.semmle.cli2.picocli.SubcommandMaker.runMain(SubcommandMaker.java:238)
                      com.semmle.cli2.picocli.SubcommandMaker.runMain(SubcommandMaker.java:259)
                      com.semmle.cli2.CodeQL.main(CodeQL.java:113)
[2026-04-26 10:44:50] [SPAMMY] execute queries> Failed to write 1 diagnostics for execute queries since this subcommand could not determine its diagnostic directory.
