[T 02:15:31 3336] CodeQL CLI version 2.25.1
[T 02:15:31 3336] Initializing tracer.
[T 02:15:31 3336] Initializing tags.
[T 02:15:31 3336] ID set to 0000000000000D08_0000000000000001 (parent root)
[T 02:15:31 3336] Initializing tracer.
[T 02:15:31 3336] Initializing tags.
[T 02:15:31 3336] ID set to 0000000000000D08_0000000000000002 (parent root)
[T 02:15:31 3336] Warning: SEMMLE_EXEC and SEMMLE_EXECP not set. Falling back to path lookup on argv[0].
[T 02:15:31 3336] ==== Candidate to intercept: /mnt/c/Tools/codeql/tools/linux64/runner-linux (canonical: /mnt/c/Tools/codeql/tools/linux64/runner-linux) ====
[T 02:15:31 3336] Executing the following tracer actions:
[T 02:15:31 3336] Tracer actions:
[T 02:15:31 3336] pre_invocations(0)
[T 02:15:31 3336] post_invocations(0)
[T 02:15:31 3336] trace_languages(1): [cpp]
[T 02:15:31 3336] Initializing tracer.
[T 02:15:31 3336] Initializing tags.
[T 02:15:31 3336] ID set to 0000000000000D08_0000000000000003 (parent 0000000000000D08_0000000000000002)
[T 02:15:31 3336] ==== Candidate to intercept: make (canonical: /usr/bin/make) ====
[T 02:15:31 3336] Executing the following tracer actions:
[T 02:15:31 3336] Tracer actions:
[T 02:15:31 3336] pre_invocations(0)
[T 02:15:31 3336] post_invocations(0)
[T 02:15:31 3336] trace_languages(1): [cpp]
[T 02:15:31 3341] Initializing tracer.
[T 02:15:31 3341] Initializing tags.
[T 02:15:31 3341] ID set to 0000000000000D0D_0000000000000001 (parent 0000000000000D08_0000000000000003)
[T 02:15:31 3341] ==== Candidate to intercept: /usr/bin/gcc (canonical: /usr/bin/x86_64-linux-gnu-gcc-13) ====
[T 02:15:31 3341] Lua: === Intercepted call to /usr/bin/x86_64-linux-gnu-gcc-13 ===
[T 02:15:31 3341] Executing the following tracer actions:
[T 02:15:31 3341] Tracer actions:
[T 02:15:31 3341] pre_invocations(0)
[T 02:15:31 3341] post_invocations(1)
[T 02:15:31 3341] invocation: /mnt/c/Tools/codeql/cpp/tools/linux64/extractor, args: [--mimic, /usr/bin/x86_64-linux-gnu-gcc-13, -c, -o, test1.o, test1.c]
[T 02:15:31 3341] trace_languages(1): [cpp]
[T 02:15:31 3343] Initializing tracer.
[T 02:15:31 3343] Initializing tags.
[T 02:15:31 3343] ID set to 0000000000000D0F_0000000000000001 (parent 0000000000000D0D_0000000000000001)
[T 02:15:31 3343] ==== Candidate to intercept: /usr/libexec/gcc/x86_64-linux-gnu/13/cc1 (canonical: /usr/libexec/gcc/x86_64-linux-gnu/13/cc1) ====
[T 02:15:31 3343] Lua: === Intercepted call to /usr/libexec/gcc/x86_64-linux-gnu/13/cc1 ===
[T 02:15:31 3343] Executing the following tracer actions:
[T 02:15:31 3343] Tracer actions:
[T 02:15:31 3343] pre_invocations(0)
[T 02:15:31 3343] post_invocations(1)
[T 02:15:31 3343] invocation: /mnt/c/Tools/codeql/cpp/tools/linux64/extractor, args: [--mimic, /usr/libexec/gcc/x86_64-linux-gnu/13/cc1, -quiet, -imultiarch, x86_64-linux-gnu, test1.c, -quiet, -dumpbase, test1.c, -dumpbase-ext, .c, -mtune=generic, -march=x86-64, -fasynchronous-unwind-tables, -fstack-protector-strong, -Wformat, -Wformat-security, -fstack-clash-protection, -fcf-protection, -o, /tmp/ccsV6mFn.s]
[T 02:15:31 3343] trace_languages(1): [cpp]
[T 02:15:31 3345] Attempting to switch stdout/stderr to 4...
[T 02:15:32 3345] Initializing tracer.
[T 02:15:32 3345] Initializing tags.
[T 02:15:32 3345] ID set to 0000000000000D11_0000000000000001 (parent 0000000000000D0F_0000000000000001)
[E 02:15:32 3345] CodeQL C/C++ Extractor 2.25.1
[E 02:15:32 3345] Current directory: /home/test/my-awesome-project/CISB/server/UBdatarace
[E 02:15:32 3345] Command: /mnt/c/Tools/codeql/cpp/tools/linux64/extractor --mimic /usr/libexec/gcc/x86_64-linux-gnu/13/cc1 -quiet -imultiarch x86_64-linux-gnu test1.c -quiet -dumpbase test1.c -dumpbase-ext .c -mtune=generic -march=x86-64 -fasynchronous-unwind-tables -fstack-protector-strong -Wformat -Wformat-security -fstack-clash-protection -fcf-protection -o /tmp/ccsV6mFn.s
[T 02:15:32 3346] Initializing tracer.
[T 02:15:32 3346] Initializing tags.
[T 02:15:32 3346] ID set to 0000000000000D12_0000000000000001 (parent 0000000000000D11_0000000000000001)
[T 02:15:32 3346] ==== Candidate to intercept: /usr/libexec/gcc/x86_64-linux-gnu/13/cc1 (canonical: /usr/libexec/gcc/x86_64-linux-gnu/13/cc1) ====
[T 02:15:32 3346] Lua: === Intercepted call to /usr/libexec/gcc/x86_64-linux-gnu/13/cc1 ===
[T 02:15:32 3346] Executing the following tracer actions:
[T 02:15:32 3346] Tracer actions:
[T 02:15:32 3346] pre_invocations(0)
[T 02:15:32 3346] post_invocations(1)
[T 02:15:32 3346] invocation: /mnt/c/Tools/codeql/cpp/tools/linux64/extractor, args: [--mimic, /usr/libexec/gcc/x86_64-linux-gnu/13/cc1, --version]
[T 02:15:32 3346] trace_languages(1): [cpp]
[T 02:15:32 3348] Attempting to switch stdout/stderr to 7...
[T 02:15:32 3348] Initializing tracer.
[T 02:15:32 3348] Initializing tags.
[T 02:15:32 3348] ID set to 0000000000000D14_0000000000000001 (parent 0000000000000D12_0000000000000001)
[E 02:15:32 3348] Mimicry classification suppression detected; exiting.
[E 02:15:32 3348] Extractor exited successfully
[T 02:15:32 3346] Extractor /mnt/c/Tools/codeql/cpp/tools/linux64/extractor terminated with exit code 0.
[T 02:15:32 3349] Initializing tracer.
[T 02:15:32 3349] Initializing tags.
[T 02:15:32 3349] ID set to 0000000000000D15_0000000000000001 (parent 0000000000000D11_0000000000000001)
[T 02:15:32 3349] ==== Candidate to intercept: /usr/libexec/gcc/x86_64-linux-gnu/13/cc1 (canonical: /usr/libexec/gcc/x86_64-linux-gnu/13/cc1) ====
[T 02:15:32 3349] Lua: === Intercepted call to /usr/libexec/gcc/x86_64-linux-gnu/13/cc1 ===
[T 02:15:32 3349] Executing the following tracer actions:
[T 02:15:32 3349] Tracer actions:
[T 02:15:32 3349] pre_invocations(0)
[T 02:15:32 3349] post_invocations(1)
[T 02:15:32 3349] invocation: /mnt/c/Tools/codeql/cpp/tools/linux64/extractor, args: [--mimic, /usr/libexec/gcc/x86_64-linux-gnu/13/cc1, --help]
[T 02:15:32 3349] trace_languages(1): [cpp]
[T 02:15:32 3366] Attempting to switch stdout/stderr to 7...
[T 02:15:32 3366] Initializing tracer.
[T 02:15:32 3366] Initializing tags.
[T 02:15:32 3366] ID set to 0000000000000D26_0000000000000001 (parent 0000000000000D15_0000000000000001)
[E 02:15:32 3366] Mimicry classification suppression detected; exiting.
[E 02:15:32 3366] Extractor exited successfully
[T 02:15:32 3349] Extractor /mnt/c/Tools/codeql/cpp/tools/linux64/extractor terminated with exit code 0.
[T 02:15:32 3380] Initializing tracer.
[T 02:15:32 3380] Initializing tags.
[T 02:15:32 3380] ID set to 0000000000000D34_0000000000000001 (parent 0000000000000D11_0000000000000001)
[T 02:15:32 3380] ==== Candidate to intercept: /usr/libexec/gcc/x86_64-linux-gnu/13/cc1 (canonical: /usr/libexec/gcc/x86_64-linux-gnu/13/cc1) ====
[T 02:15:32 3380] Lua: === Intercepted call to /usr/libexec/gcc/x86_64-linux-gnu/13/cc1 ===
[T 02:15:32 3380] Executing the following tracer actions:
[T 02:15:32 3380] Tracer actions:
[T 02:15:32 3380] pre_invocations(0)
[T 02:15:32 3380] post_invocations(1)
[T 02:15:32 3380] invocation: /mnt/c/Tools/codeql/cpp/tools/linux64/extractor, args: [--mimic, /usr/libexec/gcc/x86_64-linux-gnu/13/cc1, -version, --help]
[T 02:15:32 3380] trace_languages(1): [cpp]
[T 02:15:32 3396] Attempting to switch stdout/stderr to 7...
[T 02:15:32 3396] Initializing tracer.
[T 02:15:32 3396] Initializing tags.
[T 02:15:32 3396] ID set to 0000000000000D44_0000000000000001 (parent 0000000000000D34_0000000000000001)
[E 02:15:32 3396] Mimicry classification suppression detected; exiting.
[E 02:15:32 3396] Extractor exited successfully
[T 02:15:32 3380] Extractor /mnt/c/Tools/codeql/cpp/tools/linux64/extractor terminated with exit code 0.
[T 02:15:32 3397] Initializing tracer.
[T 02:15:32 3397] Initializing tags.
[T 02:15:32 3397] ID set to 0000000000000D45_0000000000000001 (parent 0000000000000D11_0000000000000001)
[T 02:15:32 3397] ==== Candidate to intercept: /usr/libexec/gcc/x86_64-linux-gnu/13/cc1 (canonical: /usr/libexec/gcc/x86_64-linux-gnu/13/cc1) ====
[T 02:15:32 3397] Lua: === Intercepted call to /usr/libexec/gcc/x86_64-linux-gnu/13/cc1 ===
[T 02:15:32 3397] Executing the following tracer actions:
[T 02:15:32 3397] Tracer actions:
[T 02:15:32 3397] pre_invocations(0)
[T 02:15:32 3397] post_invocations(1)
[T 02:15:32 3397] invocation: /mnt/c/Tools/codeql/cpp/tools/linux64/extractor, args: [--mimic, /usr/libexec/gcc/x86_64-linux-gnu/13/cc1, -nostdinc, -o, /home/test/my-awesome-project/CISB/server/UBdatarace/db-l5/working/tmp//semmle_2_3345_132544.o, /home/test/my-awesome-project/CISB/server/UBdatarace/db-l5/working/tmp//semmle_1_3345_132512.c]
[T 02:15:32 3397] trace_languages(1): [cpp]
[T 02:15:32 3417] Attempting to switch stdout/stderr to 7...
[T 02:15:32 3417] Initializing tracer.
[T 02:15:32 3417] Initializing tags.
[T 02:15:32 3417] ID set to 0000000000000D59_0000000000000001 (parent 0000000000000D45_0000000000000001)
[E 02:15:32 3417] Mimicry classification suppression detected; exiting.
[E 02:15:32 3417] Extractor exited successfully
[T 02:15:32 3397] Extractor /mnt/c/Tools/codeql/cpp/tools/linux64/extractor terminated with exit code 0.
[T 02:15:32 3439] Initializing tracer.
[T 02:15:32 3439] Initializing tags.
[T 02:15:32 3439] ID set to 0000000000000D6F_0000000000000001 (parent 0000000000000D11_0000000000000001)
[T 02:15:32 3439] ==== Candidate to intercept: /usr/libexec/gcc/x86_64-linux-gnu/13/cc1 (canonical: /usr/libexec/gcc/x86_64-linux-gnu/13/cc1) ====
[T 02:15:32 3439] Lua: === Intercepted call to /usr/libexec/gcc/x86_64-linux-gnu/13/cc1 ===
[T 02:15:32 3439] Executing the following tracer actions:
[T 02:15:32 3439] Tracer actions:
[T 02:15:32 3439] pre_invocations(0)
[T 02:15:32 3439] post_invocations(1)
[T 02:15:32 3439] invocation: /mnt/c/Tools/codeql/cpp/tools/linux64/extractor, args: [--mimic, /usr/libexec/gcc/x86_64-linux-gnu/13/cc1, -nostdinc, -o, /home/test/my-awesome-project/CISB/server/UBdatarace/db-l5/working/tmp//semmle_4_3345_166373.o, /home/test/my-awesome-project/CISB/server/UBdatarace/db-l5/working/tmp//semmle_3_3345_166314.c]
[T 02:15:32 3439] trace_languages(1): [cpp]
[T 02:15:32 3447] Attempting to switch stdout/stderr to 7...
[T 02:15:32 3447] Initializing tracer.
[T 02:15:32 3447] Initializing tags.
[T 02:15:32 3447] ID set to 0000000000000D77_0000000000000001 (parent 0000000000000D6F_0000000000000001)
[E 02:15:32 3447] Mimicry classification suppression detected; exiting.
[E 02:15:32 3447] Extractor exited successfully
[T 02:15:32 3439] Extractor /mnt/c/Tools/codeql/cpp/tools/linux64/extractor terminated with exit code 0.
[E 02:15:32 3345] Checking whether C compilation already happened.
[E 02:15:32 3345] Checking for tag c-compilation-happened
[E 02:15:32 3345] Checking CODEQL_TRACER_DB_ID 0000000000000D0F_0000000000000001
[E 02:15:32 3345] Locking DB /home/test/my-awesome-project/CISB/server/UBdatarace/db-l5/working/tags.db
[E 02:15:32 3345] Locked DB /home/test/my-awesome-project/CISB/server/UBdatarace/db-l5/working/tags.db
[E 02:15:32 3345] Unlocking DB
[E 02:15:32 3345] Unlocked DB
[E 02:15:32 3345] Looks like C compilation didn't already happen.
[E 02:15:32 3345] Checking whether C compilation has been attempted.
[E 02:15:32 3345] Checking for tag c-compilation-attempted
[E 02:15:32 3345] Checking CODEQL_TRACER_DB_ID 0000000000000D0F_0000000000000001
[E 02:15:32 3345] Locking DB /home/test/my-awesome-project/CISB/server/UBdatarace/db-l5/working/tags.db
[E 02:15:32 3345] Locked DB /home/test/my-awesome-project/CISB/server/UBdatarace/db-l5/working/tags.db
[E 02:15:32 3345] Unlocking DB
[E 02:15:32 3345] Unlocked DB
[E 02:15:32 3345] Marking C compilation as attempted.
[E 02:15:32 3345] Setting tag c-compilation-attempted
[E 02:15:32 3345] Starting from CODEQL_TRACER_DB_ID 0000000000000D0F_0000000000000001
[E 02:15:32 3345] Locking DB /home/test/my-awesome-project/CISB/server/UBdatarace/db-l5/working/tags.db
[E 02:15:32 3345] Locked DB /home/test/my-awesome-project/CISB/server/UBdatarace/db-l5/working/tags.db
[E 02:15:32 3345] Set tag for 0000000000000D0F_0000000000000001
[E 02:15:32 3345] Set tag for 0000000000000D0D_0000000000000001
[E 02:15:32 3345] Set tag for 0000000000000D08_0000000000000003
[E 02:15:32 3345] Set tag for 0000000000000D08_0000000000000002
[E 02:15:32 3345] Set tag for root
[E 02:15:32 3345] Unlocking DB
[E 02:15:32 3345] Unlocked DB
[T 02:15:32 3475] Initializing tracer.
[T 02:15:32 3475] Initializing tags.
[T 02:15:32 3475] ID set to 0000000000000D93_0000000000000001 (parent 0000000000000D11_0000000000000001)
[T 02:15:32 3475] ==== Candidate to intercept: /usr/libexec/gcc/x86_64-linux-gnu/13/cc1 (canonical: /usr/libexec/gcc/x86_64-linux-gnu/13/cc1) ====
[T 02:15:32 3475] Lua: === Intercepted call to /usr/libexec/gcc/x86_64-linux-gnu/13/cc1 ===
[T 02:15:32 3475] Executing the following tracer actions:
[T 02:15:32 3475] Tracer actions:
[T 02:15:32 3475] pre_invocations(0)
[T 02:15:32 3475] post_invocations(1)
[T 02:15:32 3475] invocation: /mnt/c/Tools/codeql/cpp/tools/linux64/extractor, args: [--mimic, /usr/libexec/gcc/x86_64-linux-gnu/13/cc1, @/home/test/my-awesome-project/CISB/server/UBdatarace/db-l5/working/tmp//semmle_6_3345_205295, -v, -fsyntax-only, /home/test/my-awesome-project/CISB/server/UBdatarace/db-l5/working/tmp//semmle_7_3345_205448]
[T 02:15:32 3475] trace_languages(1): [cpp]
[T 02:15:32 3478] Attempting to switch stdout/stderr to 7...
[T 02:15:32 3478] Initializing tracer.
[T 02:15:32 3478] Initializing tags.
[T 02:15:32 3478] ID set to 0000000000000D96_0000000000000001 (parent 0000000000000D93_0000000000000001)
[E 02:15:32 3478] Mimicry classification suppression detected; exiting.
[E 02:15:32 3478] Extractor exited successfully
[T 02:15:32 3475] Extractor /mnt/c/Tools/codeql/cpp/tools/linux64/extractor terminated with exit code 0.
[T 02:15:32 3492] Initializing tracer.
[T 02:15:32 3492] Initializing tags.
[T 02:15:32 3492] ID set to 0000000000000DA4_0000000000000001 (parent 0000000000000D11_0000000000000001)
[T 02:15:32 3492] ==== Candidate to intercept: /usr/libexec/gcc/x86_64-linux-gnu/13/cc1 (canonical: /usr/libexec/gcc/x86_64-linux-gnu/13/cc1) ====
[T 02:15:32 3492] Lua: === Intercepted call to /usr/libexec/gcc/x86_64-linux-gnu/13/cc1 ===
[T 02:15:32 3492] Executing the following tracer actions:
[T 02:15:32 3492] Tracer actions:
[T 02:15:32 3492] pre_invocations(0)
[T 02:15:32 3492] post_invocations(1)
[T 02:15:32 3492] invocation: /mnt/c/Tools/codeql/cpp/tools/linux64/extractor, args: [--mimic, /usr/libexec/gcc/x86_64-linux-gnu/13/cc1, @/home/test/my-awesome-project/CISB/server/UBdatarace/db-l5/working/tmp//semmle_6_3345_205295, -E, -dM, /home/test/my-awesome-project/CISB/server/UBdatarace/db-l5/working/tmp//semmle_8_3345_234588]
[T 02:15:32 3492] trace_languages(1): [cpp]
[T 02:15:32 3494] Attempting to switch stdout/stderr to 7...
[T 02:15:32 3494] Initializing tracer.
[T 02:15:32 3494] Initializing tags.
[T 02:15:32 3494] ID set to 0000000000000DA6_0000000000000001 (parent 0000000000000DA4_0000000000000001)
[E 02:15:32 3494] Mimicry classification suppression detected; exiting.
[E 02:15:32 3494] Extractor exited successfully
[T 02:15:32 3492] Extractor /mnt/c/Tools/codeql/cpp/tools/linux64/extractor terminated with exit code 0.
[T 02:15:32 3495] Initializing tracer.
[T 02:15:32 3495] Initializing tags.
[T 02:15:32 3495] ID set to 0000000000000DA7_0000000000000001 (parent 0000000000000D11_0000000000000001)
[T 02:15:32 3495] ==== Candidate to intercept: /usr/libexec/gcc/x86_64-linux-gnu/13/cc1 (canonical: /usr/libexec/gcc/x86_64-linux-gnu/13/cc1) ====
[T 02:15:32 3495] Lua: === Intercepted call to /usr/libexec/gcc/x86_64-linux-gnu/13/cc1 ===
[T 02:15:32 3495] Executing the following tracer actions:
[T 02:15:32 3495] Tracer actions:
[T 02:15:32 3495] pre_invocations(0)
[T 02:15:32 3495] post_invocations(1)
[T 02:15:32 3495] invocation: /mnt/c/Tools/codeql/cpp/tools/linux64/extractor, args: [--mimic, /usr/libexec/gcc/x86_64-linux-gnu/13/cc1, @/home/test/my-awesome-project/CISB/server/UBdatarace/db-l5/working/tmp//semmle_9_3345_262601, -o, /home/test/my-awesome-project/CISB/server/UBdatarace/db-l5/working/tmp//semmle_11_3345_262749.o, /home/test/my-awesome-project/CISB/server/UBdatarace/db-l5/working/tmp//semmle_10_3345_262709.c]
[T 02:15:32 3495] trace_languages(1): [cpp]
[T 02:15:32 3497] Attempting to switch stdout/stderr to 7...
[T 02:15:32 3497] Initializing tracer.
[T 02:15:32 3497] Initializing tags.
[T 02:15:32 3497] ID set to 0000000000000DA9_0000000000000001 (parent 0000000000000DA7_0000000000000001)
[E 02:15:32 3497] Mimicry classification suppression detected; exiting.
[E 02:15:32 3497] Extractor exited successfully
[T 02:15:32 3495] Extractor /mnt/c/Tools/codeql/cpp/tools/linux64/extractor terminated with exit code 0.
[T 02:15:32 3498] Initializing tracer.
[T 02:15:32 3498] Initializing tags.
[T 02:15:32 3498] ID set to 0000000000000DAA_0000000000000001 (parent 0000000000000D11_0000000000000001)
[T 02:15:32 3498] ==== Candidate to intercept: /usr/libexec/gcc/x86_64-linux-gnu/13/cc1 (canonical: /usr/libexec/gcc/x86_64-linux-gnu/13/cc1) ====
[T 02:15:32 3498] Lua: === Intercepted call to /usr/libexec/gcc/x86_64-linux-gnu/13/cc1 ===
[T 02:15:32 3498] Executing the following tracer actions:
[T 02:15:32 3498] Tracer actions:
[T 02:15:32 3498] pre_invocations(0)
[T 02:15:32 3498] post_invocations(1)
[T 02:15:32 3498] invocation: /mnt/c/Tools/codeql/cpp/tools/linux64/extractor, args: [--mimic, /usr/libexec/gcc/x86_64-linux-gnu/13/cc1, @/home/test/my-awesome-project/CISB/server/UBdatarace/db-l5/working/tmp//semmle_9_3345_262601, -o, /home/test/my-awesome-project/CISB/server/UBdatarace/db-l5/working/tmp//semmle_13_3345_292414.o, /home/test/my-awesome-project/CISB/server/UBdatarace/db-l5/working/tmp//semmle_12_3345_292325.c]
[T 02:15:32 3498] trace_languages(1): [cpp]
[T 02:15:32 3500] Attempting to switch stdout/stderr to 7...
[T 02:15:32 3500] Initializing tracer.
[T 02:15:32 3500] Initializing tags.
[T 02:15:32 3500] ID set to 0000000000000DAC_0000000000000001 (parent 0000000000000DAA_0000000000000001)
[E 02:15:32 3500] Mimicry classification suppression detected; exiting.
[E 02:15:32 3500] Extractor exited successfully
[T 02:15:32 3498] Extractor /mnt/c/Tools/codeql/cpp/tools/linux64/extractor terminated with exit code 0.
[T 02:15:32 3501] Initializing tracer.
[T 02:15:32 3501] Initializing tags.
[T 02:15:32 3501] ID set to 0000000000000DAD_0000000000000001 (parent 0000000000000D11_0000000000000001)
[T 02:15:32 3501] ==== Candidate to intercept: /usr/libexec/gcc/x86_64-linux-gnu/13/cc1 (canonical: /usr/libexec/gcc/x86_64-linux-gnu/13/cc1) ====
[T 02:15:32 3501] Lua: === Intercepted call to /usr/libexec/gcc/x86_64-linux-gnu/13/cc1 ===
[T 02:15:32 3501] Executing the following tracer actions:
[T 02:15:32 3501] Tracer actions:
[T 02:15:32 3501] pre_invocations(0)
[T 02:15:32 3501] post_invocations(1)
[T 02:15:32 3501] invocation: /mnt/c/Tools/codeql/cpp/tools/linux64/extractor, args: [--mimic, /usr/libexec/gcc/x86_64-linux-gnu/13/cc1, @/home/test/my-awesome-project/CISB/server/UBdatarace/db-l5/working/tmp//semmle_9_3345_262601, -o, /home/test/my-awesome-project/CISB/server/UBdatarace/db-l5/working/tmp//semmle_15_3345_327476.o, /home/test/my-awesome-project/CISB/server/UBdatarace/db-l5/working/tmp//semmle_14_3345_327431.c]
[T 02:15:32 3501] trace_languages(1): [cpp]
[T 02:15:32 3503] Attempting to switch stdout/stderr to 7...
[T 02:15:32 3503] Initializing tracer.
[T 02:15:32 3503] Initializing tags.
[T 02:15:32 3503] ID set to 0000000000000DAF_0000000000000001 (parent 0000000000000DAD_0000000000000001)
[E 02:15:32 3503] Mimicry classification suppression detected; exiting.
[E 02:15:32 3503] Extractor exited successfully
[T 02:15:32 3501] Extractor /mnt/c/Tools/codeql/cpp/tools/linux64/extractor terminated with exit code 0.
[T 02:15:32 3504] Initializing tracer.
[T 02:15:32 3504] Initializing tags.
[T 02:15:32 3504] ID set to 0000000000000DB0_0000000000000001 (parent 0000000000000D11_0000000000000001)
[T 02:15:32 3504] ==== Candidate to intercept: /usr/libexec/gcc/x86_64-linux-gnu/13/cc1 (canonical: /usr/libexec/gcc/x86_64-linux-gnu/13/cc1) ====
[T 02:15:32 3504] Lua: === Intercepted call to /usr/libexec/gcc/x86_64-linux-gnu/13/cc1 ===
[T 02:15:32 3504] Executing the following tracer actions:
[T 02:15:32 3504] Tracer actions:
[T 02:15:32 3504] pre_invocations(0)
[T 02:15:32 3504] post_invocations(1)
[T 02:15:32 3504] invocation: /mnt/c/Tools/codeql/cpp/tools/linux64/extractor, args: [--mimic, /usr/libexec/gcc/x86_64-linux-gnu/13/cc1, @/home/test/my-awesome-project/CISB/server/UBdatarace/db-l5/working/tmp//semmle_9_3345_262601, -o, /home/test/my-awesome-project/CISB/server/UBdatarace/db-l5/working/tmp//semmle_17_3345_356065.o, /home/test/my-awesome-project/CISB/server/UBdatarace/db-l5/working/tmp//semmle_16_3345_356024.c]
[T 02:15:32 3504] trace_languages(1): [cpp]
[T 02:15:32 3506] Attempting to switch stdout/stderr to 7...
[T 02:15:32 3506] Initializing tracer.
[T 02:15:32 3506] Initializing tags.
[T 02:15:32 3506] ID set to 0000000000000DB2_0000000000000001 (parent 0000000000000DB0_0000000000000001)
[E 02:15:32 3506] Mimicry classification suppression detected; exiting.
[E 02:15:32 3506] Extractor exited successfully
[T 02:15:32 3504] Extractor /mnt/c/Tools/codeql/cpp/tools/linux64/extractor terminated with exit code 0.
[T 02:15:32 3507] Initializing tracer.
[T 02:15:32 3507] Initializing tags.
[T 02:15:32 3507] ID set to 0000000000000DB3_0000000000000001 (parent 0000000000000D11_0000000000000001)
[T 02:15:32 3507] ==== Candidate to intercept: /usr/libexec/gcc/x86_64-linux-gnu/13/cc1 (canonical: /usr/libexec/gcc/x86_64-linux-gnu/13/cc1) ====
[T 02:15:32 3507] Lua: === Intercepted call to /usr/libexec/gcc/x86_64-linux-gnu/13/cc1 ===
[T 02:15:32 3507] Executing the following tracer actions:
[T 02:15:32 3507] Tracer actions:
[T 02:15:32 3507] pre_invocations(0)
[T 02:15:32 3507] post_invocations(1)
[T 02:15:32 3507] invocation: /mnt/c/Tools/codeql/cpp/tools/linux64/extractor, args: [--mimic, /usr/libexec/gcc/x86_64-linux-gnu/13/cc1, @/home/test/my-awesome-project/CISB/server/UBdatarace/db-l5/working/tmp//semmle_9_3345_262601, -o, /home/test/my-awesome-project/CISB/server/UBdatarace/db-l5/working/tmp//semmle_19_3345_389783.o, /home/test/my-awesome-project/CISB/server/UBdatarace/db-l5/working/tmp//semmle_18_3345_389707.c]
[T 02:15:32 3507] trace_languages(1): [cpp]
[T 02:15:32 3509] Attempting to switch stdout/stderr to 7...
[T 02:15:32 3509] Initializing tracer.
[T 02:15:32 3509] Initializing tags.
[T 02:15:32 3509] ID set to 0000000000000DB5_0000000000000001 (parent 0000000000000DB3_0000000000000001)
[E 02:15:32 3509] Mimicry classification suppression detected; exiting.
[E 02:15:32 3509] Extractor exited successfully
[T 02:15:32 3507] Extractor /mnt/c/Tools/codeql/cpp/tools/linux64/extractor terminated with exit code 0.
[T 02:15:32 3510] Initializing tracer.
[T 02:15:32 3510] Initializing tags.
[T 02:15:32 3510] ID set to 0000000000000DB6_0000000000000001 (parent 0000000000000D11_0000000000000001)
[T 02:15:32 3510] ==== Candidate to intercept: /usr/libexec/gcc/x86_64-linux-gnu/13/cc1 (canonical: /usr/libexec/gcc/x86_64-linux-gnu/13/cc1) ====
[T 02:15:32 3510] Lua: === Intercepted call to /usr/libexec/gcc/x86_64-linux-gnu/13/cc1 ===
[T 02:15:32 3510] Executing the following tracer actions:
[T 02:15:32 3510] Tracer actions:
[T 02:15:32 3510] pre_invocations(0)
[T 02:15:32 3510] post_invocations(1)
[T 02:15:32 3510] invocation: /mnt/c/Tools/codeql/cpp/tools/linux64/extractor, args: [--mimic, /usr/libexec/gcc/x86_64-linux-gnu/13/cc1, @/home/test/my-awesome-project/CISB/server/UBdatarace/db-l5/working/tmp//semmle_9_3345_262601, -o, /home/test/my-awesome-project/CISB/server/UBdatarace/db-l5/working/tmp//semmle_21_3345_417413.o, /home/test/my-awesome-project/CISB/server/UBdatarace/db-l5/working/tmp//semmle_20_3345_417362.c]
[T 02:15:32 3510] trace_languages(1): [cpp]
[T 02:15:32 3512] Attempting to switch stdout/stderr to 7...
[T 02:15:32 3512] Initializing tracer.
[T 02:15:32 3512] Initializing tags.
[T 02:15:32 3512] ID set to 0000000000000DB8_0000000000000001 (parent 0000000000000DB6_0000000000000001)
[E 02:15:32 3512] Mimicry classification suppression detected; exiting.
[E 02:15:32 3512] Extractor exited successfully
[T 02:15:32 3510] Extractor /mnt/c/Tools/codeql/cpp/tools/linux64/extractor terminated with exit code 0.
[E 02:15:32 3345] Processed command line: /mnt/c/Tools/codeql/cpp/tools/linux64/extractor --trapfolder /home/test/my-awesome-project/CISB/server/UBdatarace/db-l5/trap/cpp --src_archive /home/test/my-awesome-project/CISB/server/UBdatarace/db-l5/src --object_filename /tmp/ccsV6mFn.s --no_warnings_and_discretionary_errors --error_limit 1000 --disable_system_macros --variadic_macros --incognito --gcc --gnu_version 130300 --target linux_x86_64 '-D__DBL_MIN_EXP__=(-1021)' -D__UINT_LEAST16_MAX__=0xffff -D__FLT16_HAS_QUIET_NAN__=1 -D__ATOMIC_ACQUIRE=2 -D__FLT128_MAX_10_EXP__=4932 -D__FLT_MIN__=1.17549435082228750796873653722224568e-38F -D__GCC_IEC_559_COMPLEX=2 '-D__UINT_LEAST8_TYPE__=unsigned char' -D__SIZEOF_FLOAT80__=16 -D__BFLT16_DENORM_MIN__=9.18354961579912115600575419704879436e-41BF16 '-D__INTMAX_C(c)=c ## L' -D__CHAR_BIT__=8 -D__UINT8_MAX__=0xff -D__SCHAR_WIDTH__=8 -D__WINT_MAX__=0xffffffffU '-D__FLT32_MIN_EXP__=(-125)' -D__BFLT16_NORM_MAX__=3.38953138925153547590470800371487867e+38BF16 '-D__BFLT16_MIN_10_EXP__=(-37)' -D__ORDER_LITTLE_ENDIAN__=1234 -D__WCHAR_MAX__=0x7fffffff -D__GCC_HAVE_SYNC_COMPARE_AND_SWAP_2=1 -D__GCC_HAVE_SYNC_COMPARE_AND_SWAP_4=1 -D__GCC_HAVE_SYNC_COMPARE_AND_SWAP_8=1 -D__GCC_ATOMIC_CHAR_LOCK_FREE=2 -D__GCC_IEC_559=2 -D__FLT32X_DECIMAL_DIG__=17 -D__FLT_EVAL_METHOD__=0 -D__FLT64_DECIMAL_DIG__=17 -D__CET__=3 -D__GCC_ATOMIC_CHAR32_T_LOCK_FREE=2 -D__UINT_FAST64_MAX__=0xffffffffffffffffUL -D__SIG_ATOMIC_TYPE__=int '-D__DBL_MIN_10_EXP__=(-307)' -D__FINITE_MATH_ONLY__=0 -D__FLT32X_MAX_EXP__=1024 -D__GCC_HAVE_SYNC_COMPARE_AND_SWAP_1=1 -D__FLT32_HAS_DENORM__=1 -D__UINT_FAST8_MAX__=0xff -D__FLT32_MAX_10_EXP__=38 -D__DEC64_MAX_EXP__=385 '-D__INT8_C(c)=c' -D__INT_LEAST8_WIDTH__=8 -D__UINT_LEAST64_MAX__=0xffffffffffffffffUL -D__SHRT_MAX__=0x7fff -D__LDBL_MAX__=1.18973149535723176502126385303097021e+4932L -D__FLT64X_MAX_10_EXP__=4932 -D__BFLT16_MAX_10_EXP__=38 -D__BFLT16_MAX_EXP__=128 -D__LDBL_IS_IEC_60559__=1 -D__FLT64X_HAS_QUIET_NAN__=1 -D__UINT_LEAST8_MAX__=0xff -D__GCC_ATOMIC_BOOL_LOCK_FREE=2 -D__FLT128_DENORM_MIN__=6.47517511943802511092443895822764655e-4966F128 '-D__UINTMAX_TYPE__=long unsigned int' -D__BFLT16_DECIMAL_DIG__=4 -D__linux=1 -D__DEC32_EPSILON__=1E-6DF -D__FLT_EVAL_METHOD_TS_18661_3__=0 -D__UINT32_MAX__=0xffffffffU '-D__DBL_DENORM_MIN__=((double)4.94065645841246544176568792868221372e-324L)' '-D__FLT128_MIN_EXP__=(-16381)' -D__WINT_MIN__=0U '-D__FLT128_MIN_10_EXP__=(-4931)' -D__FLT32X_IS_IEC_60559__=1 -D__INT_LEAST16_WIDTH__=16 -D__SCHAR_MAX__=0x7f -D__FLT128_MANT_DIG__=113 '-D__WCHAR_MIN__=(-__WCHAR_MAX__ - 1)' '-D__INT64_C(c)=c ## L' -D__SSP_STRONG__=3 -D__GCC_ATOMIC_POINTER_LOCK_FREE=2 -D__ATOMIC_SEQ_CST=5 -D__unix=1 -D__INT_LEAST64_MAX__=0x7fffffffffffffffL -D__FLT32X_MANT_DIG__=53 -D__FLT64X_EPSILON__=1.08420217248550443400745280086994171e-19F64x '-D__DEC64_MIN_EXP__=(-382)' -D__DBL_DIG__=15 -D__FLT_EPSILON__=1.19209289550781250000000000000000000e-7F -D__SHRT_WIDTH__=16 -D__FLT32_IS_IEC_60559__=1 -D__LDBL_MIN__=3.36210314311209350626267781732175260e-4932L -D__STDC_UTF_16__=1 -D__DBL_IS_IEC_60559__=1 -D__DEC32_MAX__=9.999999E96DF -D__FLT64X_DENORM_MIN__=3.64519953188247460252840593361941982e-4951F64x -D__FLT32X_HAS_INFINITY__=1 -D__unix__=1 -D__INT_WIDTH__=32 -D__STDC_IEC_559__=1 -D__STDC_ISO_10646__=201706L -D__DECIMAL_DIG__=21 -D__STDC_IEC_559_COMPLEX__=1 -D__FLT64_EPSILON__=2.22044604925031308084726333618164062e-16F64 -D__gnu_linux__=1 -D__FLT128_IS_IEC_60559__=1 '-D__FLT64X_MIN_10_EXP__=(-4931)' -D__LDBL_HAS_QUIET_NAN__=1 '-D__FLT16_MIN_EXP__=(-13)' -D__FLT64_MANT_DIG__=53 -D__FLT64X_MANT_DIG__=64 -D__BFLT16_DIG__=2 -D__pie__=2 -D__MMX__=1 -D__FLT_HAS_DENORM__=1 -D__SIZEOF_LONG_DOUBLE__=16 -D__BIGGEST_ALIGNMENT__=16 -D__FLT64_MAX_10_EXP__=308 -D__BFLT16_IS_IEC_60559__=0 -D__FLT16_MAX_10_EXP__=4 '-D__DBL_MAX__=((double)1.79769313486231570814527423731704357e+308L)' -D__INT_FAST32_MAX__=0x7fffffffffffffffL -D__DBL_HAS_INFINITY__=1 -D__INT64_MAX__=0x7fffffffffffffffL -D__SIZEOF_FLOAT__=4 -D__HAVE_SPECULATION_SAFE_VALUE=1 '-D__DEC32_MIN_EXP__=(-94)' -D__INTPTR_WIDTH__=64 -D__UINT_LEAST32_MAX__=0xffffffffU -D__FLT32X_HAS_DENORM__=1 '-D__INT_FAST16_TYPE__=long int' -D__MMX_WITH_SSE__=1 -D__LDBL_HAS_DENORM__=1 -D__SEG_GS=1 -D__BFLT16_EPSILON__=7.81250000000000000000000000000000000e-3BF16 -D__FLT128_HAS_INFINITY__=1 -D__DEC32_MIN__=1E-95DF -D__DBL_MAX_EXP__=1024 -D__WCHAR_WIDTH__=32 -D__FLT32_MAX__=3.40282346638528859811704183484516925e+38F32 -D__DEC128_EPSILON__=1E-33DL -D__FLT16_DECIMAL_DIG__=5 -D__SSE2_MATH__=1 -D__ATOMIC_HLE_RELEASE=131072 -D__PTRDIFF_MAX__=0x7fffffffffffffffL -D__amd64=1 -D__ATOMIC_HLE_ACQUIRE=65536 -D__LONG_LONG_MAX__=0x7fffffffffffffffLL -D__SIZEOF_SIZE_T__=8 -D__BFLT16_HAS_INFINITY__=1 '-D__FLT64X_MIN_EXP__=(-16381)' -D__SIZEOF_WINT_T__=4 -D__LONG_LONG_WIDTH__=64 -D__FLT32_MAX_EXP__=128 -D__GXX_ABI_VERSION=1018 '-D__FLT_MIN_EXP__=(-125)' -D__GCC_HAVE_DWARF2_CFI_ASM=1 -D__INT16_MAX__=0x7fff -D__x86_64=1 '-D__INT_FAST64_TYPE__=long int' -D__BFLT16_MAX__=3.38953138925153547590470800371487867e+38BF16 -D__BFLT16_HAS_DENORM__=1 -D__FLT64_DENORM_MIN__=4.94065645841246544176568792868221372e-324F64 -D__FLT16_DENORM_MIN__=5.96046447753906250000000000000000000e-8F16 -D__FLT128_EPSILON__=1.92592994438723585305597794258492732e-34F128 -D__FLT64X_NORM_MAX__=1.18973149535723176502126385303097021e+4932F64x -D__SIZEOF_POINTER__=8 '-D__SIZE_TYPE__=long unsigned int' -D__LP64__=1 -D__DBL_HAS_QUIET_NAN__=1 -D__FLT32X_EPSILON__=2.22044604925031308084726333618164062e-16F32x -D__LDBL_MAX_EXP__=16384 -D__DECIMAL_BID_FORMAT__=1 '-D__FLT64_MIN_EXP__=(-1021)' '-D__FLT64_MIN_10_EXP__=(-307)' '-D__FLT16_MIN_10_EXP__=(-4)' -D__FLT64X_DECIMAL_DIG__=21 -D__DEC128_MIN__=1E-6143DL -D__REGISTER_PREFIX__= -D__UINT16_MAX__=0xffff -D__DBL_HAS_DENORM__=1 -D__FLT32_MIN__=1.17549435082228750796873653722224568e-38F32 '-D__UINT8_TYPE__=unsigned char' -D__FLT_DIG__=6 -D__NO_INLINE__=1 -D__DEC_EVAL_METHOD__=2 -D__FLT_MANT_DIG__=24 -D__LDBL_DECIMAL_DIG__=21 '-D__UINT64_C(c)=c ## UL' -D_STDC_PREDEF_H=1 -D__INT_LEAST32_MAX__=0x7fffffff -D__GCC_ATOMIC_INT_LOCK_FREE=2 -D__FLT128_MAX_EXP__=16384 -D__FLT32_MANT_DIG__=24 -D__FLOAT_WORD_ORDER__=__ORDER_LITTLE_ENDIAN__ '-D__FLT32X_MIN_EXP__=(-1021)' -D__STDC_IEC_60559_COMPLEX__=201404L -D__BFLT16_MIN__=1.17549435082228750796873653722224568e-38BF16 -D__FLT128_HAS_DENORM__=1 -D__FLT32_DECIMAL_DIG__=9 -D__FLT128_DIG__=33 '-D__INT32_C(c)=c' -D__DEC64_EPSILON__=1E-15DD -D__ORDER_PDP_ENDIAN__=3412 '-D__DEC128_MIN_EXP__=(-6142)' -D__DEC128_MAX__=9.999999999999999999999999999999999E6144DL '-D__INT_FAST32_TYPE__=long int' '-D__UINT_LEAST16_TYPE__=short unsigned int' -D__DEC128_MAX_EXP__=6145 -Dunix=1 -D__UINT64_MAX__=0xffffffffffffffffUL -D__FLT_IS_IEC_60559__=1 '-D__GNUC_WIDE_EXECUTION_CHARSET_NAME="UTF-32LE"' -D__FLT64X_DIG__=18 '-D__INT8_TYPE__=signed char' -D__ELF__=1 -D__GCC_ASM_FLAG_OUTPUTS__=1 '-D__UINT32_TYPE__=unsigned int' -D__BFLT16_HAS_QUIET_NAN__=1 -D__FLT_RADIX__=2 '-D__INT_LEAST16_TYPE__=short int' -D__LDBL_EPSILON__=1.08420217248550443400745280086994171e-19L '-D__UINTMAX_C(c)=c ## UL' -D__FLT16_DIG__=3 -D__SSE_MATH__=1 -D__k8=1 -D__FLT32X_MIN__=2.22507385850720138309023271733240406e-308F32x -D__SIG_ATOMIC_MAX__=0x7fffffff -D__GCC_ATOMIC_WCHAR_T_LOCK_FREE=2 -D__USER_LABEL_PREFIX__= -D__STDC_IEC_60559_BFP__=201404L -D__SIZEOF_PTRDIFF_T__=8 -D__FLT64X_HAS_INFINITY__=1 -D__FLT32_HAS_INFINITY__=1 -D__SIZEOF_LONG__=8 -D__LDBL_DIG__=18 -D__FLT64_IS_IEC_60559__=1 -D__x86_64__=1 -D__FLT16_IS_IEC_60559__=1 -D__FLT16_MAX_EXP__=16 -D__DEC32_SUBNORMAL_MIN__=0.000001E-95DF -D__INT_FAST16_MAX__=0x7fffffffffffffffL -D__GCC_CONSTRUCTIVE_SIZE=64 -D__FLT64_DIG__=15 -D__UINT_FAST32_MAX__=0xffffffffffffffffUL '-D__UINT_LEAST64_TYPE__=long unsigned int' -D__FLT16_EPSILON__=9.76562500000000000000000000000000000e-4F16 -D__FLT_HAS_QUIET_NAN__=1 -D__FLT_MAX_10_EXP__=38 -D__LONG_MAX__=0x7fffffffffffffffL -D__FLT64X_HAS_DENORM__=1 -D__DEC128_SUBNORMAL_MIN__=0.000000000000000000000000000000001E-6143DL -D__FLT_HAS_INFINITY__=1 '-D__GNUC_EXECUTION_CHARSET_NAME="UTF-8"' '-D__UINT_FAST16_TYPE__=long unsigned int' -D__DEC64_MAX__=9.999999999999999E384DD -D__INT_FAST32_WIDTH__=64 -D__PRAGMA_REDEFINE_EXTNAME=1 -D__SIZE_WIDTH__=64 -D__SEG_FS=1 -D__INT_LEAST16_MAX__=0x7fff -D__FLT16_NORM_MAX__=6.55040000000000000000000000000000000e+4F16 -D__DEC64_MANT_DIG__=16 -D__FLT32_DENORM_MIN__=1.40129846432481707092372958328991613e-45F32 -D__SIG_ATOMIC_WIDTH__=32 '-D__INT_LEAST64_TYPE__=long int' '-D__INT16_TYPE__=short int' '-D__INT_LEAST8_TYPE__=signed char' -D__FLT16_MAX__=6.55040000000000000000000000000000000e+4F16 -D__FLT128_MIN__=3.36210314311209350626267781732175260e-4932F128 -D__SIZEOF_INT__=4 -D__DEC32_MAX_EXP__=97 -D__INT_FAST8_MAX__=0x7f -D__FLT128_MAX__=1.18973149535723176508575932662800702e+4932F128 -D__INTPTR_MAX__=0x7fffffffffffffffL -Dlinux=1 -D__FLT64_HAS_QUIET_NAN__=1 '-D__FLT32_MIN_10_EXP__=(-37)' -D__FLT32X_DIG__=15 '-D__UINT16_C(c)=c' -D__PTRDIFF_WIDTH__=64 -D__LDBL_MANT_DIG__=64 -D__INT_FAST16_WIDTH__=64 -D__FLT64_HAS_INFINITY__=1 -D__FLT64X_MAX__=1.18973149535723176502126385303097021e+4932F64x -D__FLT16_HAS_INFINITY__=1 '-D__SIG_ATOMIC_MIN__=(-__SIG_ATOMIC_MAX__ - 1)' -D__code_model_small__=1 -D__GCC_ATOMIC_LONG_LOCK_FREE=2 -D__DEC32_MANT_DIG__=7 -D__FLT16_MANT_DIG__=11 -D__k8__=1 '-D__INTPTR_TYPE__=long int' '-D__UINT16_TYPE__=short unsigned int' -D__WCHAR_TYPE__=int -D__pic__=2 -D__UINTPTR_MAX__=0xffffffffffffffffUL -D__INT_FAST64_WIDTH__=64 -D__LDBL_HAS_INFINITY__=1 -D__INT_FAST64_MAX__=0x7fffffffffffffffL -D__GCC_ATOMIC_TEST_AND_SET_TRUEVAL=1 -D__FLT_NORM_MAX__=3.40282346638528859811704183484516925e+38F -D__FLT64X_MAX_EXP__=16384 '-D__UINT_FAST64_TYPE__=long unsigned int' '-D__BFLT16_MIN_EXP__=(-125)' -D__INT_MAX__=0x7fffffff -D__linux__=1 '-D__INT64_TYPE__=long int' -D__FLT_MAX_EXP__=128 -D__ORDER_BIG_ENDIAN__=4321 -D__DBL_MANT_DIG__=53 -D__SIZEOF_FLOAT128__=16 -D__BFLT16_MANT_DIG__=8 -D__GCC_ATOMIC_CHAR16_T_LOCK_FREE=2 -D__DEC64_MIN__=1E-383DD '-D__WINT_TYPE__=unsigned int' '-D__UINT_LEAST32_TYPE__=unsigned int' -D__SIZEOF_SHORT__=2 -D__FLT32_NORM_MAX__=3.40282346638528859811704183484516925e+38F32 -D__SSE__=1 '-D__LDBL_MIN_EXP__=(-16381)' -D__FLT64_MAX__=1.79769313486231570814527423731704357e+308F64 -D__amd64__=1 -D__WINT_WIDTH__=32 -D__INT_LEAST8_MAX__=0x7f -D__INT_LEAST64_WIDTH__=64 -D__FLT32X_MAX_10_EXP__=308 -D__SIZEOF_INT128__=16 -D__FLT16_MIN__=6.10351562500000000000000000000000000e-5F16 -D__FLT64X_IS_IEC_60559__=1 -D__LDBL_MAX_10_EXP__=4932 -D__ATOMIC_RELAXED=0 '-D__DBL_EPSILON__=((double)2.22044604925031308084726333618164062e-16L)' -D__INT_LEAST32_TYPE__=int -D_LP64=1 '-D__UINT8_C(c)=c' -D__FLT64_MAX_EXP__=1024 -D__SIZEOF_WCHAR_T__=4 '-D__UINT64_TYPE__=long unsigned int' -D__FLT128_NORM_MAX__=1.18973149535723176508575932662800702e+4932F128 -D__FLT64_NORM_MAX__=1.79769313486231570814527423731704357e+308F64 -D__FLT128_HAS_QUIET_NAN__=1 -D__INTMAX_MAX__=0x7fffffffffffffffL '-D__INT_FAST8_TYPE__=signed char' -D__FLT64X_MIN__=3.36210314311209350626267781732175260e-4932F64x -D__FLT64_HAS_DENORM__=1 -D__FLT32_EPSILON__=1.19209289550781250000000000000000000e-7F32 -D__FLT16_HAS_DENORM__=1 -D__DBL_DECIMAL_DIG__=17 -D__STDC_UTF_32__=1 -D__INT_FAST8_WIDTH__=8 -D__FXSR__=1 -D__FLT32X_MAX__=1.79769313486231570814527423731704357e+308F32x '-D__DBL_NORM_MAX__=((double)1.79769313486231570814527423731704357e+308L)' -D__BYTE_ORDER__=__ORDER_LITTLE_ENDIAN__ -D__GCC_DESTRUCTIVE_SIZE=64 -D__INTMAX_WIDTH__=64 -D__FLT32_DIG__=6 '-D__UINT32_C(c)=c ## U' -D__FLT_DENORM_MIN__=1.40129846432481707092372958328991613e-45F -D__INT8_MAX__=0x7f -D__LONG_WIDTH__=64 '-D__DBL_MIN__=((double)2.22507385850720138309023271733240406e-308L)' -D__PIC__=2 -D__INT32_MAX__=0x7fffffff '-D__UINT_FAST32_TYPE__=long unsigned int' -D__FLT32X_NORM_MAX__=1.79769313486231570814527423731704357e+308F32x -D__FLT_MAX__=3.40282346638528859811704183484516925e+38F -D__SSE2__=1 -D__INT32_TYPE__=int -D__SIZEOF_DOUBLE__=8 '-D__FLT_MIN_10_EXP__=(-37)' -D__FLT64_MIN__=2.22507385850720138309023271733240406e-308F64 -D__INT_LEAST32_WIDTH__=32 '-D__INTMAX_TYPE__=long int' -D__FLT32X_HAS_QUIET_NAN__=1 -D__ATOMIC_CONSUME=1 -D__UINTMAX_MAX__=0xffffffffffffffffUL -D__PIE__=2 -D__FLT32X_DENORM_MIN__=4.94065645841246544176568792868221372e-324F32x -D__DBL_MAX_10_EXP__=308 -D__LDBL_DENORM_MIN__=3.64519953188247460252840593361941982e-4951L '-D__INT16_C(c)=c' '-D__PTRDIFF_TYPE__=long int' '-D__FLT32X_MIN_10_EXP__=(-307)' '-D__UINTPTR_TYPE__=long unsigned int' -D__DEC64_SUBNORMAL_MIN__=0.000000000000001E-383DD -D__DEC128_MANT_DIG__=34 '-D__LDBL_MIN_10_EXP__=(-4931)' -D__SIZEOF_LONG_LONG__=8 -D__FLT128_DECIMAL_DIG__=36 -D__GCC_ATOMIC_LLONG_LOCK_FREE=2 -D__FLT32_HAS_QUIET_NAN__=1 -D__FLT_DECIMAL_DIG__=9 -D__UINT_FAST16_MAX__=0xffffffffffffffffUL -D__LDBL_NORM_MAX__=1.18973149535723176502126385303097021e+4932L -D__GCC_ATOMIC_SHORT_LOCK_FREE=2 -D__SIZE_MAX__=0xffffffffffffffffUL '-D__UINT_FAST8_TYPE__=unsigned char' -D__ATOMIC_ACQ_REL=4 -D__ATOMIC_RELEASE=3 -I/usr/lib/gcc/x86_64-linux-gnu/13/include -I/usr/local/include -I/usr/include/x86_64-linux-gnu -I/usr/include -- test1.c
[E 02:15:32 3345] CODEQL_EXTRACTOR_CPP_TRAP_CACHING is not set
[E 02:15:32 3345] CODEQL_EXTRACTOR_CPP_OPTION_TRAP_CACHE_WRITE is not set
[E 02:15:32 3345] CODEQL_EXTRACTOR_CPP_OPTION_TRAP_CACHE_DIR is not set
[E 02:15:32 3345] Initialising TRAP cache at path: 7c/94ed/ed6a6722a857d655f96e66d23166
[E 02:15:32 3345] Not using TRAP cache
[E 02:15:32 3345] TRAP cache miss
[E 02:15:32 3345] Starting compilation TRAP /home/test/my-awesome-project/CISB/server/UBdatarace/db-l5/trap/cpp/compilations/35/15680794_0.trap.zst
[E 02:15:32 3345] Archiving /home/test/my-awesome-project/CISB/server/UBdatarace/db-l5/src/home/test/my-awesome-project/CISB/server/UBdatarace/test1.c
[E 02:15:32 3345] Archiving /home/test/my-awesome-project/CISB/server/UBdatarace/db-l5/src/usr/lib/gcc/x86_64-linux-gnu/13/include/stdint.h
[E 02:15:32 3345] Archiving /home/test/my-awesome-project/CISB/server/UBdatarace/db-l5/src/usr/include/stdint.h
[E 02:15:32 3345] Archiving /home/test/my-awesome-project/CISB/server/UBdatarace/db-l5/src/usr/include/x86_64-linux-gnu/bits/libc-header-start.h
[E 02:15:32 3345] Archiving /home/test/my-awesome-project/CISB/server/UBdatarace/db-l5/src/usr/include/features.h
[E 02:15:32 3345] Archiving /home/test/my-awesome-project/CISB/server/UBdatarace/db-l5/src/usr/include/features-time64.h
[E 02:15:32 3345] Archiving /home/test/my-awesome-project/CISB/server/UBdatarace/db-l5/src/usr/include/x86_64-linux-gnu/bits/wordsize.h
[E 02:15:32 3345] Archiving /home/test/my-awesome-project/CISB/server/UBdatarace/db-l5/src/usr/include/x86_64-linux-gnu/bits/timesize.h
[E 02:15:32 3345] Already archived /home/test/my-awesome-project/CISB/server/UBdatarace/db-l5/src/usr/include/x86_64-linux-gnu/bits/wordsize.h
[E 02:15:32 3345] Archiving /home/test/my-awesome-project/CISB/server/UBdatarace/db-l5/src/usr/include/stdc-predef.h
[E 02:15:32 3345] Archiving /home/test/my-awesome-project/CISB/server/UBdatarace/db-l5/src/usr/include/x86_64-linux-gnu/sys/cdefs.h
[E 02:15:32 3345] Already archived /home/test/my-awesome-project/CISB/server/UBdatarace/db-l5/src/usr/include/x86_64-linux-gnu/bits/wordsize.h
[E 02:15:32 3345] Archiving /home/test/my-awesome-project/CISB/server/UBdatarace/db-l5/src/usr/include/x86_64-linux-gnu/bits/long-double.h
[E 02:15:32 3345] Archiving /home/test/my-awesome-project/CISB/server/UBdatarace/db-l5/src/usr/include/x86_64-linux-gnu/gnu/stubs.h
[E 02:15:32 3345] Archiving /home/test/my-awesome-project/CISB/server/UBdatarace/db-l5/src/usr/include/x86_64-linux-gnu/gnu/stubs-64.h
[E 02:15:32 3345] Archiving /home/test/my-awesome-project/CISB/server/UBdatarace/db-l5/src/usr/include/x86_64-linux-gnu/bits/types.h
[E 02:15:32 3345] Already archived /home/test/my-awesome-project/CISB/server/UBdatarace/db-l5/src/usr/include/x86_64-linux-gnu/bits/wordsize.h
[E 02:15:32 3345] Already archived /home/test/my-awesome-project/CISB/server/UBdatarace/db-l5/src/usr/include/x86_64-linux-gnu/bits/timesize.h
[E 02:15:32 3345] Already archived /home/test/my-awesome-project/CISB/server/UBdatarace/db-l5/src/usr/include/x86_64-linux-gnu/bits/wordsize.h
[E 02:15:32 3345] Archiving /home/test/my-awesome-project/CISB/server/UBdatarace/db-l5/src/usr/include/x86_64-linux-gnu/bits/typesizes.h
[E 02:15:32 3345] Archiving /home/test/my-awesome-project/CISB/server/UBdatarace/db-l5/src/usr/include/x86_64-linux-gnu/bits/time64.h
[E 02:15:32 3345] Archiving /home/test/my-awesome-project/CISB/server/UBdatarace/db-l5/src/usr/include/x86_64-linux-gnu/bits/wchar.h
[E 02:15:32 3345] Already archived /home/test/my-awesome-project/CISB/server/UBdatarace/db-l5/src/usr/include/x86_64-linux-gnu/bits/wordsize.h
[E 02:15:32 3345] Archiving /home/test/my-awesome-project/CISB/server/UBdatarace/db-l5/src/usr/include/x86_64-linux-gnu/bits/stdint-intn.h
[E 02:15:32 3345] Archiving /home/test/my-awesome-project/CISB/server/UBdatarace/db-l5/src/usr/include/x86_64-linux-gnu/bits/stdint-uintn.h
[E 02:15:32 3345] Archiving /home/test/my-awesome-project/CISB/server/UBdatarace/db-l5/src/usr/include/x86_64-linux-gnu/bits/stdint-least.h
[E 02:15:32 3345] Archiving /home/test/my-awesome-project/CISB/server/UBdatarace/db-l5/src/usr/include/string.h
[E 02:15:32 3345] Already archived /home/test/my-awesome-project/CISB/server/UBdatarace/db-l5/src/usr/include/x86_64-linux-gnu/bits/libc-header-start.h
[E 02:15:32 3345] Archiving /home/test/my-awesome-project/CISB/server/UBdatarace/db-l5/src/usr/lib/gcc/x86_64-linux-gnu/13/include/stddef.h
[E 02:15:32 3345] Archiving /home/test/my-awesome-project/CISB/server/UBdatarace/db-l5/src/usr/include/x86_64-linux-gnu/bits/types/locale_t.h
[E 02:15:32 3345] Archiving /home/test/my-awesome-project/CISB/server/UBdatarace/db-l5/src/usr/include/x86_64-linux-gnu/bits/types/__locale_t.h
[E 02:15:32 3345] Archiving /home/test/my-awesome-project/CISB/server/UBdatarace/db-l5/src/usr/include/strings.h
[E 02:15:32 3345] Already archived /home/test/my-awesome-project/CISB/server/UBdatarace/db-l5/src/usr/lib/gcc/x86_64-linux-gnu/13/include/stddef.h
[E 02:15:32 3345] Archiving /home/test/my-awesome-project/CISB/server/UBdatarace/db-l5/src/usr/include/stdio.h
[E 02:15:32 3345] Already archived /home/test/my-awesome-project/CISB/server/UBdatarace/db-l5/src/usr/include/x86_64-linux-gnu/bits/libc-header-start.h
[E 02:15:32 3345] Already archived /home/test/my-awesome-project/CISB/server/UBdatarace/db-l5/src/usr/lib/gcc/x86_64-linux-gnu/13/include/stddef.h
[E 02:15:32 3345] Archiving /home/test/my-awesome-project/CISB/server/UBdatarace/db-l5/src/usr/lib/gcc/x86_64-linux-gnu/13/include/stdarg.h
[E 02:15:32 3345] Archiving /home/test/my-awesome-project/CISB/server/UBdatarace/db-l5/src/usr/include/x86_64-linux-gnu/bits/types/__fpos_t.h
[E 02:15:32 3345] Archiving /home/test/my-awesome-project/CISB/server/UBdatarace/db-l5/src/usr/include/x86_64-linux-gnu/bits/types/__mbstate_t.h
[E 02:15:32 3345] Archiving /home/test/my-awesome-project/CISB/server/UBdatarace/db-l5/src/usr/include/x86_64-linux-gnu/bits/types/__fpos64_t.h
[E 02:15:32 3345] Archiving /home/test/my-awesome-project/CISB/server/UBdatarace/db-l5/src/usr/include/x86_64-linux-gnu/bits/types/__FILE.h
[E 02:15:32 3345] Archiving /home/test/my-awesome-project/CISB/server/UBdatarace/db-l5/src/usr/include/x86_64-linux-gnu/bits/types/FILE.h
[E 02:15:32 3345] Archiving /home/test/my-awesome-project/CISB/server/UBdatarace/db-l5/src/usr/include/x86_64-linux-gnu/bits/types/struct_FILE.h
[E 02:15:32 3345] Archiving /home/test/my-awesome-project/CISB/server/UBdatarace/db-l5/src/usr/include/x86_64-linux-gnu/bits/types/cookie_io_functions_t.h
[E 02:15:32 3345] Archiving /home/test/my-awesome-project/CISB/server/UBdatarace/db-l5/src/usr/include/x86_64-linux-gnu/bits/stdio_lim.h
[E 02:15:32 3345] Archiving /home/test/my-awesome-project/CISB/server/UBdatarace/db-l5/src/usr/include/x86_64-linux-gnu/bits/floatn.h
[E 02:15:32 3345] Archiving /home/test/my-awesome-project/CISB/server/UBdatarace/db-l5/src/usr/include/x86_64-linux-gnu/bits/floatn-common.h
[E 02:15:32 3345] Already archived /home/test/my-awesome-project/CISB/server/UBdatarace/db-l5/src/usr/include/x86_64-linux-gnu/bits/long-double.h
[E 02:15:32 3345] Creating trap tarball /home/test/my-awesome-project/CISB/server/UBdatarace/db-l5/trap/cpp/tarballs/home/test/my-awesome-project/CISB/server/UBdatarace/test1.c.94045a9d_0.trap.tar.zst
[E 02:15:32 3345] Emitting trap files for test1.c
[E 02:15:32 3345] Opening existencedb in /home/test/my-awesome-project/CISB/server/UBdatarace/db-l5/working/existencedb/db
[E 02:15:32 3345] Wrote 42 files to /home/test/my-awesome-project/CISB/server/UBdatarace/db-l5/trap/cpp/tarballs/home/test/my-awesome-project/CISB/server/UBdatarace/test1.c.94045a9d_0.trap.tar.zst
[E 02:15:32 3345] Finished compilation TRAP /home/test/my-awesome-project/CISB/server/UBdatarace/db-l5/trap/cpp/compilations/35/15680794_0.trap.zst
[E 02:15:32 3345] Marking C compilation as happened.
[E 02:15:32 3345] Setting tag c-compilation-happened
[E 02:15:32 3345] Starting from CODEQL_TRACER_DB_ID 0000000000000D0F_0000000000000001
[E 02:15:32 3345] Locking DB /home/test/my-awesome-project/CISB/server/UBdatarace/db-l5/working/tags.db
[E 02:15:32 3345] Locked DB /home/test/my-awesome-project/CISB/server/UBdatarace/db-l5/working/tags.db
[E 02:15:32 3345] Set tag for 0000000000000D0F_0000000000000001
[E 02:15:32 3345] Set tag for 0000000000000D0D_0000000000000001
[E 02:15:32 3345] Set tag for 0000000000000D08_0000000000000003
[E 02:15:32 3345] Set tag for 0000000000000D08_0000000000000002
[E 02:15:32 3345] Set tag for root
[E 02:15:32 3345] Unlocking DB
[E 02:15:32 3345] Unlocked DB
[E 02:15:32 3345] Extractor exited successfully
[T 02:15:32 3343] Extractor /mnt/c/Tools/codeql/cpp/tools/linux64/extractor terminated with exit code 0.
[T 02:15:32 3513] Initializing tracer.
[T 02:15:32 3513] Initializing tags.
[T 02:15:32 3513] ID set to 0000000000000DB9_0000000000000001 (parent 0000000000000D0D_0000000000000001)
[T 02:15:32 3513] ==== Candidate to intercept: as (canonical: /usr/bin/as) ====
[T 02:15:32 3513] Lua: === Intercepted call to /usr/bin/as ===
[T 02:15:32 3513] Executing the following tracer actions:
[T 02:15:32 3513] Tracer actions:
[T 02:15:32 3513] pre_invocations(0)
[T 02:15:32 3513] post_invocations(1)
[T 02:15:32 3513] invocation: /mnt/c/Tools/codeql/cpp/tools/linux64/extractor, args: [--assembler, --codeql-assembler-executable, /usr/bin/as, --64, -o, test1.o, /tmp/ccsV6mFn.s]
[T 02:15:32 3513] trace_languages(1): [cpp]
[T 02:15:32 3515] Attempting to switch stdout/stderr to 4...
[T 02:15:32 3515] Initializing tracer.
[T 02:15:32 3515] Initializing tags.
[T 02:15:32 3515] ID set to 0000000000000DBB_0000000000000001 (parent 0000000000000DB9_0000000000000001)
[E 02:15:32 3515] CodeQL C/C++ Extractor 2.25.1
[E 02:15:32 3515] Current directory: /home/test/my-awesome-project/CISB/server/UBdatarace
[E 02:15:32 3515] Command: /mnt/c/Tools/codeql/cpp/tools/linux64/extractor --assembler --codeql-assembler-executable /usr/bin/as --64 -o test1.o /tmp/ccsV6mFn.s
[E 02:15:32 3515] Extractor exited after mimicking assembler
[T 02:15:32 3513] Extractor /mnt/c/Tools/codeql/cpp/tools/linux64/extractor terminated with exit code 0.
[T 02:15:32 3516] Attempting to switch stdout/stderr to 4...
[T 02:15:32 3516] Initializing tracer.
[T 02:15:32 3516] Initializing tags.
[T 02:15:32 3516] ID set to 0000000000000DBC_0000000000000001 (parent 0000000000000D0D_0000000000000001)
[E 02:15:32 3516] CodeQL C/C++ Extractor 2.25.1
[E 02:15:32 3516] Current directory: /home/test/my-awesome-project/CISB/server/UBdatarace
[E 02:15:32 3516] Command: /mnt/c/Tools/codeql/cpp/tools/linux64/extractor --mimic /usr/bin/x86_64-linux-gnu-gcc-13 -c -o test1.o test1.c
[T 02:15:32 3576] Initializing tracer.
[T 02:15:32 3576] Initializing tags.
[T 02:15:32 3576] ID set to 0000000000000DF8_0000000000000001 (parent 0000000000000DBC_0000000000000001)
[T 02:15:32 3576] ==== Candidate to intercept: /usr/bin/x86_64-linux-gnu-gcc-13 (canonical: /usr/bin/x86_64-linux-gnu-gcc-13) ====
[T 02:15:32 3576] Lua: === Intercepted call to /usr/bin/x86_64-linux-gnu-gcc-13 ===
[T 02:15:32 3576] Executing the following tracer actions:
[T 02:15:32 3576] Tracer actions:
[T 02:15:32 3576] pre_invocations(0)
[T 02:15:32 3576] post_invocations(1)
[T 02:15:32 3576] invocation: /mnt/c/Tools/codeql/cpp/tools/linux64/extractor, args: [--mimic, /usr/bin/x86_64-linux-gnu-gcc-13, --version]
[T 02:15:32 3576] trace_languages(1): [cpp]
[T 02:15:32 3592] Attempting to switch stdout/stderr to 7...
[T 02:15:32 3592] Initializing tracer.
[T 02:15:32 3592] Initializing tags.
[T 02:15:32 3592] ID set to 0000000000000E08_0000000000000001 (parent 0000000000000DF8_0000000000000001)
[E 02:15:32 3592] Mimicry classification suppression detected; exiting.
[E 02:15:32 3592] Extractor exited successfully
[T 02:15:32 3576] Extractor /mnt/c/Tools/codeql/cpp/tools/linux64/extractor terminated with exit code 0.
[T 02:15:32 3607] Initializing tracer.
[T 02:15:32 3607] Initializing tags.
[T 02:15:32 3607] ID set to 0000000000000E17_0000000000000001 (parent 0000000000000DBC_0000000000000001)
[T 02:15:32 3607] ==== Candidate to intercept: /usr/bin/x86_64-linux-gnu-gcc-13 (canonical: /usr/bin/x86_64-linux-gnu-gcc-13) ====
[T 02:15:32 3607] Lua: === Intercepted call to /usr/bin/x86_64-linux-gnu-gcc-13 ===
[T 02:15:32 3607] Executing the following tracer actions:
[T 02:15:32 3607] Tracer actions:
[T 02:15:32 3607] pre_invocations(0)
[T 02:15:32 3607] post_invocations(1)
[T 02:15:32 3607] invocation: /mnt/c/Tools/codeql/cpp/tools/linux64/extractor, args: [--mimic, /usr/bin/x86_64-linux-gnu-gcc-13, --help]
[T 02:15:32 3607] trace_languages(1): [cpp]
[T 02:15:32 3609] Attempting to switch stdout/stderr to 7...
[T 02:15:32 3609] Initializing tracer.
[T 02:15:32 3609] Initializing tags.
[T 02:15:32 3609] ID set to 0000000000000E19_0000000000000001 (parent 0000000000000E17_0000000000000001)
[E 02:15:32 3609] Mimicry classification suppression detected; exiting.
[E 02:15:32 3609] Extractor exited successfully
[T 02:15:32 3607] Extractor /mnt/c/Tools/codeql/cpp/tools/linux64/extractor terminated with exit code 0.
[T 02:15:32 3611] Initializing tracer.
[T 02:15:32 3611] Initializing tags.
[T 02:15:32 3611] ID set to 0000000000000E1B_0000000000000001 (parent 0000000000000DBC_0000000000000001)
[T 02:15:32 3611] ==== Candidate to intercept: /usr/bin/x86_64-linux-gnu-gcc-13 (canonical: /usr/bin/x86_64-linux-gnu-gcc-13) ====
[T 02:15:32 3611] Lua: === Intercepted call to /usr/bin/x86_64-linux-gnu-gcc-13 ===
[T 02:15:32 3611] Executing the following tracer actions:
[T 02:15:32 3611] Tracer actions:
[T 02:15:32 3611] pre_invocations(0)
[T 02:15:32 3611] post_invocations(1)
[T 02:15:32 3611] invocation: /mnt/c/Tools/codeql/cpp/tools/linux64/extractor, args: [--mimic, /usr/bin/x86_64-linux-gnu-gcc-13, -nostdinc, -o, /home/test/my-awesome-project/CISB/server/UBdatarace/db-l5/working/tmp//semmle_2_3516_815733.o, -c, /home/test/my-awesome-project/CISB/server/UBdatarace/db-l5/working/tmp//semmle_1_3516_815667.c]
[T 02:15:32 3611] trace_languages(1): [cpp]
[T 02:15:32 3615] Initializing tracer.
[T 02:15:32 3615] Initializing tags.
[T 02:15:32 3615] ID set to 0000000000000E1F_0000000000000001 (parent 0000000000000E1B_0000000000000001)
[T 02:15:32 3615] ==== Candidate to intercept: /usr/libexec/gcc/x86_64-linux-gnu/13/cc1 (canonical: /usr/libexec/gcc/x86_64-linux-gnu/13/cc1) ====
[T 02:15:32 3615] Lua: === Intercepted call to /usr/libexec/gcc/x86_64-linux-gnu/13/cc1 ===
[T 02:15:32 3615] Executing the following tracer actions:
[T 02:15:32 3615] Tracer actions:
[T 02:15:32 3615] pre_invocations(0)
[T 02:15:32 3615] post_invocations(1)
[T 02:15:32 3615] invocation: /mnt/c/Tools/codeql/cpp/tools/linux64/extractor, args: [--mimic, /usr/libexec/gcc/x86_64-linux-gnu/13/cc1, -quiet, -nostdinc, -imultiarch, x86_64-linux-gnu, /home/test/my-awesome-project/CISB/server/UBdatarace/db-l5/working/tmp//semmle_1_3516_815667.c, -quiet, -dumpdir, /home/test/my-awesome-project/CISB/server/UBdatarace/db-l5/working/tmp//, -dumpbase, semmle_2_3516_815733.c, -dumpbase-ext, .c, -mtune=generic, -march=x86-64, -fasynchronous-unwind-tables, -fstack-protector-strong, -Wformat, -Wformat-security, -fstack-clash-protection, -fcf-protection, -o, /tmp/ccua0jML.s]
[T 02:15:32 3615] trace_languages(1): [cpp]
[T 02:15:32 3631] Attempting to switch stdout/stderr to 7...
[T 02:15:32 3631] Initializing tracer.
[T 02:15:32 3631] Initializing tags.
[T 02:15:32 3631] ID set to 0000000000000E2F_0000000000000001 (parent 0000000000000E1F_0000000000000001)
[E 02:15:32 3631] Mimicry classification suppression detected; exiting.
[E 02:15:32 3631] Extractor exited successfully
[T 02:15:32 3615] Extractor /mnt/c/Tools/codeql/cpp/tools/linux64/extractor terminated with exit code 0.
[T 02:15:32 3646] Initializing tracer.
[T 02:15:32 3646] Initializing tags.
[T 02:15:32 3646] ID set to 0000000000000E3E_0000000000000001 (parent 0000000000000E1B_0000000000000001)
[T 02:15:32 3646] ==== Candidate to intercept: as (canonical: /usr/bin/as) ====
[T 02:15:32 3646] Lua: === Intercepted call to /usr/bin/as ===
[T 02:15:32 3646] Executing the following tracer actions:
[T 02:15:32 3646] Tracer actions:
[T 02:15:32 3646] pre_invocations(0)
[T 02:15:32 3646] post_invocations(1)
[T 02:15:32 3646] invocation: /mnt/c/Tools/codeql/cpp/tools/linux64/extractor, args: [--assembler, --codeql-assembler-executable, /usr/bin/as, --64, -o, /home/test/my-awesome-project/CISB/server/UBdatarace/db-l5/working/tmp//semmle_2_3516_815733.o, /tmp/ccua0jML.s]
[T 02:15:32 3646] trace_languages(1): [cpp]
[T 02:15:32 3648] Attempting to switch stdout/stderr to 7...
[T 02:15:32 3648] Initializing tracer.
[T 02:15:32 3648] Initializing tags.
[T 02:15:32 3648] ID set to 0000000000000E40_0000000000000001 (parent 0000000000000E3E_0000000000000001)
[E 02:15:32 3648] Mimicry classification suppression detected; exiting.
[E 02:15:32 3648] Extractor exited successfully
[T 02:15:32 3646] Extractor /mnt/c/Tools/codeql/cpp/tools/linux64/extractor terminated with exit code 0.
[T 02:15:32 3649] Attempting to switch stdout/stderr to 7...
[T 02:15:32 3649] Initializing tracer.
[T 02:15:32 3649] Initializing tags.
[T 02:15:32 3649] ID set to 0000000000000E41_0000000000000001 (parent 0000000000000E1B_0000000000000001)
[E 02:15:32 3649] Mimicry classification suppression detected; exiting.
[E 02:15:32 3649] Extractor exited successfully
[T 02:15:32 3611] Extractor /mnt/c/Tools/codeql/cpp/tools/linux64/extractor terminated with exit code 0.
[T 02:15:32 3650] Initializing tracer.
[T 02:15:32 3650] Initializing tags.
[T 02:15:32 3650] ID set to 0000000000000E42_0000000000000001 (parent 0000000000000DBC_0000000000000001)
[T 02:15:32 3650] ==== Candidate to intercept: /usr/bin/x86_64-linux-gnu-gcc-13 (canonical: /usr/bin/x86_64-linux-gnu-gcc-13) ====
[T 02:15:32 3650] Lua: === Intercepted call to /usr/bin/x86_64-linux-gnu-gcc-13 ===
[T 02:15:32 3650] Executing the following tracer actions:
[T 02:15:32 3650] Tracer actions:
[T 02:15:32 3650] pre_invocations(0)
[T 02:15:32 3650] post_invocations(1)
[T 02:15:32 3650] invocation: /mnt/c/Tools/codeql/cpp/tools/linux64/extractor, args: [--mimic, /usr/bin/x86_64-linux-gnu-gcc-13, -nostdinc, -o, /home/test/my-awesome-project/CISB/server/UBdatarace/db-l5/working/tmp//semmle_4_3516_891796.o, -c, /home/test/my-awesome-project/CISB/server/UBdatarace/db-l5/working/tmp//semmle_3_3516_891744.c]
[T 02:15:32 3650] trace_languages(1): [cpp]
[T 02:15:32 3653] Initializing tracer.
[T 02:15:32 3653] Initializing tags.
[T 02:15:32 3653] ID set to 0000000000000E45_0000000000000001 (parent 0000000000000E42_0000000000000001)
[T 02:15:32 3653] ==== Candidate to intercept: /usr/libexec/gcc/x86_64-linux-gnu/13/cc1 (canonical: /usr/libexec/gcc/x86_64-linux-gnu/13/cc1) ====
[T 02:15:32 3653] Lua: === Intercepted call to /usr/libexec/gcc/x86_64-linux-gnu/13/cc1 ===
[T 02:15:32 3653] Executing the following tracer actions:
[T 02:15:32 3653] Tracer actions:
[T 02:15:32 3653] pre_invocations(0)
[T 02:15:32 3653] post_invocations(1)
[T 02:15:32 3653] invocation: /mnt/c/Tools/codeql/cpp/tools/linux64/extractor, args: [--mimic, /usr/libexec/gcc/x86_64-linux-gnu/13/cc1, -quiet, -nostdinc, -imultiarch, x86_64-linux-gnu, /home/test/my-awesome-project/CISB/server/UBdatarace/db-l5/working/tmp//semmle_3_3516_891744.c, -quiet, -dumpdir, /home/test/my-awesome-project/CISB/server/UBdatarace/db-l5/working/tmp//, -dumpbase, semmle_4_3516_891796.c, -dumpbase-ext, .c, -mtune=generic, -march=x86-64, -fasynchronous-unwind-tables, -fstack-protector-strong, -Wformat, -Wformat-security, -fstack-clash-protection, -fcf-protection, -o, /tmp/ccOy6IEo.s]
[T 02:15:32 3653] trace_languages(1): [cpp]
[T 02:15:32 3668] Attempting to switch stdout/stderr to 7...
[T 02:15:32 3668] Initializing tracer.
[T 02:15:32 3668] Initializing tags.
[T 02:15:32 3668] ID set to 0000000000000E54_0000000000000001 (parent 0000000000000E45_0000000000000001)
[E 02:15:32 3668] Mimicry classification suppression detected; exiting.
[E 02:15:32 3668] Extractor exited successfully
[T 02:15:32 3653] Extractor /mnt/c/Tools/codeql/cpp/tools/linux64/extractor terminated with exit code 0.
[T 02:15:32 3683] Attempting to switch stdout/stderr to 7...
[T 02:15:32 3683] Initializing tracer.
[T 02:15:32 3683] Initializing tags.
[T 02:15:32 3683] ID set to 0000000000000E63_0000000000000001 (parent 0000000000000E42_0000000000000001)
[E 02:15:32 3683] Mimicry classification suppression detected; exiting.
[E 02:15:32 3683] Extractor exited successfully
[T 02:15:32 3650] Extractor /mnt/c/Tools/codeql/cpp/tools/linux64/extractor terminated with exit code 0.
[E 02:15:32 3516] Checking whether C compilation already happened.
[E 02:15:32 3516] Checking for tag c-compilation-happened
[E 02:15:32 3516] Checking CODEQL_TRACER_DB_ID 0000000000000D0D_0000000000000001
[E 02:15:32 3516] Locking DB /home/test/my-awesome-project/CISB/server/UBdatarace/db-l5/working/tags.db
[E 02:15:32 3516] Locked DB /home/test/my-awesome-project/CISB/server/UBdatarace/db-l5/working/tags.db
[E 02:15:32 3516] Unlocking DB
[E 02:15:32 3516] Unlocked DB
[E 02:15:32 3516] Exiting as C compilation already happened.
[T 02:15:32 3341] Extractor /mnt/c/Tools/codeql/cpp/tools/linux64/extractor terminated with exit code 0.
