[T 02:57:08 29009] CodeQL CLI version 2.25.1
[T 02:57:08 29009] Initializing tracer.
[T 02:57:08 29009] Initializing tags.
[T 02:57:08 29009] ID set to 0000000000007151_0000000000000001 (parent root)
[T 02:57:08 29009] Initializing tracer.
[T 02:57:08 29009] Initializing tags.
[T 02:57:08 29009] ID set to 0000000000007151_0000000000000002 (parent root)
[T 02:57:08 29009] Warning: SEMMLE_EXEC and SEMMLE_EXECP not set. Falling back to path lookup on argv[0].
[T 02:57:08 29009] ==== Candidate to intercept: /mnt/c/Tools/codeql/tools/linux64/runner-linux (canonical: /mnt/c/Tools/codeql/tools/linux64/runner-linux) ====
[T 02:57:08 29009] Executing the following tracer actions:
[T 02:57:08 29009] Tracer actions:
[T 02:57:08 29009] pre_invocations(0)
[T 02:57:08 29009] post_invocations(0)
[T 02:57:08 29009] trace_languages(1): [cpp]
[T 02:57:08 29009] Initializing tracer.
[T 02:57:08 29009] Initializing tags.
[T 02:57:08 29009] ID set to 0000000000007151_0000000000000003 (parent 0000000000007151_0000000000000002)
[T 02:57:08 29009] ==== Candidate to intercept: make (canonical: /usr/bin/make) ====
[T 02:57:08 29009] Executing the following tracer actions:
[T 02:57:08 29009] Tracer actions:
[T 02:57:08 29009] pre_invocations(0)
[T 02:57:08 29009] post_invocations(0)
[T 02:57:08 29009] trace_languages(1): [cpp]
[T 02:57:08 29014] Initializing tracer.
[T 02:57:08 29014] Initializing tags.
[T 02:57:08 29014] ID set to 0000000000007156_0000000000000001 (parent 0000000000007151_0000000000000003)
[T 02:57:08 29014] ==== Candidate to intercept: /usr/bin/gcc (canonical: /usr/bin/x86_64-linux-gnu-gcc-13) ====
[T 02:57:08 29014] Lua: === Intercepted call to /usr/bin/x86_64-linux-gnu-gcc-13 ===
[T 02:57:08 29014] Executing the following tracer actions:
[T 02:57:08 29014] Tracer actions:
[T 02:57:08 29014] pre_invocations(0)
[T 02:57:08 29014] post_invocations(1)
[T 02:57:08 29014] invocation: /mnt/c/Tools/codeql/cpp/tools/linux64/extractor, args: [--mimic, /usr/bin/x86_64-linux-gnu-gcc-13, -c, -o, test1.o, test1.c]
[T 02:57:08 29014] trace_languages(1): [cpp]
[T 02:57:08 29016] Initializing tracer.
[T 02:57:08 29016] Initializing tags.
[T 02:57:08 29016] ID set to 0000000000007158_0000000000000001 (parent 0000000000007156_0000000000000001)
[T 02:57:08 29016] ==== Candidate to intercept: /usr/libexec/gcc/x86_64-linux-gnu/13/cc1 (canonical: /usr/libexec/gcc/x86_64-linux-gnu/13/cc1) ====
[T 02:57:08 29016] Lua: === Intercepted call to /usr/libexec/gcc/x86_64-linux-gnu/13/cc1 ===
[T 02:57:08 29016] Executing the following tracer actions:
[T 02:57:08 29016] Tracer actions:
[T 02:57:08 29016] pre_invocations(0)
[T 02:57:08 29016] post_invocations(1)
[T 02:57:08 29016] invocation: /mnt/c/Tools/codeql/cpp/tools/linux64/extractor, args: [--mimic, /usr/libexec/gcc/x86_64-linux-gnu/13/cc1, -quiet, -imultiarch, x86_64-linux-gnu, test1.c, -quiet, -dumpbase, test1.c, -dumpbase-ext, .c, -mtune=generic, -march=x86-64, -fasynchronous-unwind-tables, -fstack-protector-strong, -Wformat, -Wformat-security, -fstack-clash-protection, -fcf-protection, -o, /tmp/cc99WROe.s]
[T 02:57:08 29016] trace_languages(1): [cpp]
[T 02:57:08 29018] Attempting to switch stdout/stderr to 4...
[T 02:57:08 29018] Initializing tracer.
[T 02:57:08 29018] Initializing tags.
[T 02:57:08 29018] ID set to 000000000000715A_0000000000000001 (parent 0000000000007158_0000000000000001)
[E 02:57:08 29018] CodeQL C/C++ Extractor 2.25.1
[E 02:57:08 29018] Current directory: /home/test/my-awesome-project/CISB/server/env:implicitread
[E 02:57:08 29018] Command: /mnt/c/Tools/codeql/cpp/tools/linux64/extractor --mimic /usr/libexec/gcc/x86_64-linux-gnu/13/cc1 -quiet -imultiarch x86_64-linux-gnu test1.c -quiet -dumpbase test1.c -dumpbase-ext .c -mtune=generic -march=x86-64 -fasynchronous-unwind-tables -fstack-protector-strong -Wformat -Wformat-security -fstack-clash-protection -fcf-protection -o /tmp/cc99WROe.s
[T 02:57:08 29019] Initializing tracer.
[T 02:57:08 29019] Initializing tags.
[T 02:57:08 29019] ID set to 000000000000715B_0000000000000001 (parent 000000000000715A_0000000000000001)
[T 02:57:08 29019] ==== Candidate to intercept: /usr/libexec/gcc/x86_64-linux-gnu/13/cc1 (canonical: /usr/libexec/gcc/x86_64-linux-gnu/13/cc1) ====
[T 02:57:08 29019] Lua: === Intercepted call to /usr/libexec/gcc/x86_64-linux-gnu/13/cc1 ===
[T 02:57:08 29019] Executing the following tracer actions:
[T 02:57:08 29019] Tracer actions:
[T 02:57:08 29019] pre_invocations(0)
[T 02:57:08 29019] post_invocations(1)
[T 02:57:08 29019] invocation: /mnt/c/Tools/codeql/cpp/tools/linux64/extractor, args: [--mimic, /usr/libexec/gcc/x86_64-linux-gnu/13/cc1, --version]
[T 02:57:08 29019] trace_languages(1): [cpp]
[T 02:57:08 29021] Attempting to switch stdout/stderr to 7...
[T 02:57:08 29021] Initializing tracer.
[T 02:57:08 29021] Initializing tags.
[T 02:57:08 29021] ID set to 000000000000715D_0000000000000001 (parent 000000000000715B_0000000000000001)
[E 02:57:08 29021] Mimicry classification suppression detected; exiting.
[E 02:57:08 29021] Extractor exited successfully
[T 02:57:08 29019] Extractor /mnt/c/Tools/codeql/cpp/tools/linux64/extractor terminated with exit code 0.
[T 02:57:08 29022] Initializing tracer.
[T 02:57:08 29022] Initializing tags.
[T 02:57:08 29022] ID set to 000000000000715E_0000000000000001 (parent 000000000000715A_0000000000000001)
[T 02:57:08 29022] ==== Candidate to intercept: /usr/libexec/gcc/x86_64-linux-gnu/13/cc1 (canonical: /usr/libexec/gcc/x86_64-linux-gnu/13/cc1) ====
[T 02:57:08 29022] Lua: === Intercepted call to /usr/libexec/gcc/x86_64-linux-gnu/13/cc1 ===
[T 02:57:08 29022] Executing the following tracer actions:
[T 02:57:08 29022] Tracer actions:
[T 02:57:08 29022] pre_invocations(0)
[T 02:57:08 29022] post_invocations(1)
[T 02:57:08 29022] invocation: /mnt/c/Tools/codeql/cpp/tools/linux64/extractor, args: [--mimic, /usr/libexec/gcc/x86_64-linux-gnu/13/cc1, --help]
[T 02:57:08 29022] trace_languages(1): [cpp]
[T 02:57:08 29024] Attempting to switch stdout/stderr to 7...
[T 02:57:08 29024] Initializing tracer.
[T 02:57:08 29024] Initializing tags.
[T 02:57:08 29024] ID set to 0000000000007160_0000000000000001 (parent 000000000000715E_0000000000000001)
[E 02:57:08 29024] Mimicry classification suppression detected; exiting.
[E 02:57:08 29024] Extractor exited successfully
[T 02:57:08 29022] Extractor /mnt/c/Tools/codeql/cpp/tools/linux64/extractor terminated with exit code 0.
[T 02:57:08 29025] Initializing tracer.
[T 02:57:08 29025] Initializing tags.
[T 02:57:08 29025] ID set to 0000000000007161_0000000000000001 (parent 000000000000715A_0000000000000001)
[T 02:57:08 29025] ==== Candidate to intercept: /usr/libexec/gcc/x86_64-linux-gnu/13/cc1 (canonical: /usr/libexec/gcc/x86_64-linux-gnu/13/cc1) ====
[T 02:57:08 29025] Lua: === Intercepted call to /usr/libexec/gcc/x86_64-linux-gnu/13/cc1 ===
[T 02:57:08 29025] Executing the following tracer actions:
[T 02:57:08 29025] Tracer actions:
[T 02:57:08 29025] pre_invocations(0)
[T 02:57:08 29025] post_invocations(1)
[T 02:57:08 29025] invocation: /mnt/c/Tools/codeql/cpp/tools/linux64/extractor, args: [--mimic, /usr/libexec/gcc/x86_64-linux-gnu/13/cc1, -version, --help]
[T 02:57:08 29025] trace_languages(1): [cpp]
[T 02:57:08 29027] Attempting to switch stdout/stderr to 7...
[T 02:57:08 29027] Initializing tracer.
[T 02:57:08 29027] Initializing tags.
[T 02:57:08 29027] ID set to 0000000000007163_0000000000000001 (parent 0000000000007161_0000000000000001)
[E 02:57:08 29027] Mimicry classification suppression detected; exiting.
[E 02:57:08 29027] Extractor exited successfully
[T 02:57:08 29025] Extractor /mnt/c/Tools/codeql/cpp/tools/linux64/extractor terminated with exit code 0.
[T 02:57:08 29028] Initializing tracer.
[T 02:57:08 29028] Initializing tags.
[T 02:57:08 29028] ID set to 0000000000007164_0000000000000001 (parent 000000000000715A_0000000000000001)
[T 02:57:08 29028] ==== Candidate to intercept: /usr/libexec/gcc/x86_64-linux-gnu/13/cc1 (canonical: /usr/libexec/gcc/x86_64-linux-gnu/13/cc1) ====
[T 02:57:08 29028] Lua: === Intercepted call to /usr/libexec/gcc/x86_64-linux-gnu/13/cc1 ===
[T 02:57:08 29028] Executing the following tracer actions:
[T 02:57:08 29028] Tracer actions:
[T 02:57:08 29028] pre_invocations(0)
[T 02:57:08 29028] post_invocations(1)
[T 02:57:08 29028] invocation: /mnt/c/Tools/codeql/cpp/tools/linux64/extractor, args: [--mimic, /usr/libexec/gcc/x86_64-linux-gnu/13/cc1, -nostdinc, -o, /home/test/my-awesome-project/CISB/server/env:implicitread/db-l35/working/tmp//semmle_2_29018_416760.o, /home/test/my-awesome-project/CISB/server/env:implicitread/db-l35/working/tmp//semmle_1_29018_416732.c]
[T 02:57:08 29028] trace_languages(1): [cpp]
[T 02:57:08 29030] Attempting to switch stdout/stderr to 7...
[T 02:57:08 29030] Initializing tracer.
[T 02:57:08 29030] Initializing tags.
[T 02:57:08 29030] ID set to 0000000000007166_0000000000000001 (parent 0000000000007164_0000000000000001)
[E 02:57:08 29030] Mimicry classification suppression detected; exiting.
[E 02:57:08 29030] Extractor exited successfully
[T 02:57:08 29028] Extractor /mnt/c/Tools/codeql/cpp/tools/linux64/extractor terminated with exit code 0.
[T 02:57:08 29031] Initializing tracer.
[T 02:57:08 29031] Initializing tags.
[T 02:57:08 29031] ID set to 0000000000007167_0000000000000001 (parent 000000000000715A_0000000000000001)
[T 02:57:08 29031] ==== Candidate to intercept: /usr/libexec/gcc/x86_64-linux-gnu/13/cc1 (canonical: /usr/libexec/gcc/x86_64-linux-gnu/13/cc1) ====
[T 02:57:08 29031] Lua: === Intercepted call to /usr/libexec/gcc/x86_64-linux-gnu/13/cc1 ===
[T 02:57:08 29031] Executing the following tracer actions:
[T 02:57:08 29031] Tracer actions:
[T 02:57:08 29031] pre_invocations(0)
[T 02:57:08 29031] post_invocations(1)
[T 02:57:08 29031] invocation: /mnt/c/Tools/codeql/cpp/tools/linux64/extractor, args: [--mimic, /usr/libexec/gcc/x86_64-linux-gnu/13/cc1, -nostdinc, -o, /home/test/my-awesome-project/CISB/server/env:implicitread/db-l35/working/tmp//semmle_4_29018_450833.o, /home/test/my-awesome-project/CISB/server/env:implicitread/db-l35/working/tmp//semmle_3_29018_450765.c]
[T 02:57:08 29031] trace_languages(1): [cpp]
[T 02:57:08 29033] Attempting to switch stdout/stderr to 7...
[T 02:57:08 29033] Initializing tracer.
[T 02:57:08 29033] Initializing tags.
[T 02:57:08 29033] ID set to 0000000000007169_0000000000000001 (parent 0000000000007167_0000000000000001)
[E 02:57:08 29033] Mimicry classification suppression detected; exiting.
[E 02:57:08 29033] Extractor exited successfully
[T 02:57:08 29031] Extractor /mnt/c/Tools/codeql/cpp/tools/linux64/extractor terminated with exit code 0.
[E 02:57:08 29018] Checking whether C compilation already happened.
[E 02:57:08 29018] Checking for tag c-compilation-happened
[E 02:57:08 29018] Checking CODEQL_TRACER_DB_ID 0000000000007158_0000000000000001
[E 02:57:08 29018] Locking DB /home/test/my-awesome-project/CISB/server/env:implicitread/db-l35/working/tags.db
[E 02:57:08 29018] Locked DB /home/test/my-awesome-project/CISB/server/env:implicitread/db-l35/working/tags.db
[E 02:57:08 29018] Unlocking DB
[E 02:57:08 29018] Unlocked DB
[E 02:57:08 29018] Looks like C compilation didn't already happen.
[E 02:57:08 29018] Checking whether C compilation has been attempted.
[E 02:57:08 29018] Checking for tag c-compilation-attempted
[E 02:57:08 29018] Checking CODEQL_TRACER_DB_ID 0000000000007158_0000000000000001
[E 02:57:08 29018] Locking DB /home/test/my-awesome-project/CISB/server/env:implicitread/db-l35/working/tags.db
[E 02:57:08 29018] Locked DB /home/test/my-awesome-project/CISB/server/env:implicitread/db-l35/working/tags.db
[E 02:57:08 29018] Unlocking DB
[E 02:57:08 29018] Unlocked DB
[E 02:57:08 29018] Marking C compilation as attempted.
[E 02:57:08 29018] Setting tag c-compilation-attempted
[E 02:57:08 29018] Starting from CODEQL_TRACER_DB_ID 0000000000007158_0000000000000001
[E 02:57:08 29018] Locking DB /home/test/my-awesome-project/CISB/server/env:implicitread/db-l35/working/tags.db
[E 02:57:08 29018] Locked DB /home/test/my-awesome-project/CISB/server/env:implicitread/db-l35/working/tags.db
[E 02:57:08 29018] Set tag for 0000000000007158_0000000000000001
[E 02:57:08 29018] Set tag for 0000000000007156_0000000000000001
[E 02:57:08 29018] Set tag for 0000000000007151_0000000000000003
[E 02:57:08 29018] Set tag for 0000000000007151_0000000000000002
[E 02:57:08 29018] Set tag for root
[E 02:57:08 29018] Unlocking DB
[E 02:57:08 29018] Unlocked DB
[T 02:57:08 29034] Initializing tracer.
[T 02:57:08 29034] Initializing tags.
[T 02:57:08 29034] ID set to 000000000000716A_0000000000000001 (parent 000000000000715A_0000000000000001)
[T 02:57:08 29034] ==== Candidate to intercept: /usr/libexec/gcc/x86_64-linux-gnu/13/cc1 (canonical: /usr/libexec/gcc/x86_64-linux-gnu/13/cc1) ====
[T 02:57:08 29034] Lua: === Intercepted call to /usr/libexec/gcc/x86_64-linux-gnu/13/cc1 ===
[T 02:57:08 29034] Executing the following tracer actions:
[T 02:57:08 29034] Tracer actions:
[T 02:57:08 29034] pre_invocations(0)
[T 02:57:08 29034] post_invocations(1)
[T 02:57:08 29034] invocation: /mnt/c/Tools/codeql/cpp/tools/linux64/extractor, args: [--mimic, /usr/libexec/gcc/x86_64-linux-gnu/13/cc1, @/home/test/my-awesome-project/CISB/server/env:implicitread/db-l35/working/tmp//semmle_6_29018_484263, -v, -fsyntax-only, /home/test/my-awesome-project/CISB/server/env:implicitread/db-l35/working/tmp//semmle_7_29018_484439]
[T 02:57:08 29034] trace_languages(1): [cpp]
[T 02:57:08 29036] Attempting to switch stdout/stderr to 7...
[T 02:57:08 29036] Initializing tracer.
[T 02:57:08 29036] Initializing tags.
[T 02:57:08 29036] ID set to 000000000000716C_0000000000000001 (parent 000000000000716A_0000000000000001)
[E 02:57:08 29036] Mimicry classification suppression detected; exiting.
[E 02:57:08 29036] Extractor exited successfully
[T 02:57:08 29034] Extractor /mnt/c/Tools/codeql/cpp/tools/linux64/extractor terminated with exit code 0.
[T 02:57:08 29037] Initializing tracer.
[T 02:57:08 29037] Initializing tags.
[T 02:57:08 29037] ID set to 000000000000716D_0000000000000001 (parent 000000000000715A_0000000000000001)
[T 02:57:08 29037] ==== Candidate to intercept: /usr/libexec/gcc/x86_64-linux-gnu/13/cc1 (canonical: /usr/libexec/gcc/x86_64-linux-gnu/13/cc1) ====
[T 02:57:08 29037] Lua: === Intercepted call to /usr/libexec/gcc/x86_64-linux-gnu/13/cc1 ===
[T 02:57:08 29037] Executing the following tracer actions:
[T 02:57:08 29037] Tracer actions:
[T 02:57:08 29037] pre_invocations(0)
[T 02:57:08 29037] post_invocations(1)
[T 02:57:08 29037] invocation: /mnt/c/Tools/codeql/cpp/tools/linux64/extractor, args: [--mimic, /usr/libexec/gcc/x86_64-linux-gnu/13/cc1, @/home/test/my-awesome-project/CISB/server/env:implicitread/db-l35/working/tmp//semmle_6_29018_484263, -E, -dM, /home/test/my-awesome-project/CISB/server/env:implicitread/db-l35/working/tmp//semmle_8_29018_512220]
[T 02:57:08 29037] trace_languages(1): [cpp]
[T 02:57:08 29039] Attempting to switch stdout/stderr to 7...
[T 02:57:08 29039] Initializing tracer.
[T 02:57:08 29039] Initializing tags.
[T 02:57:08 29039] ID set to 000000000000716F_0000000000000001 (parent 000000000000716D_0000000000000001)
[E 02:57:08 29039] Mimicry classification suppression detected; exiting.
[E 02:57:08 29039] Extractor exited successfully
[T 02:57:08 29037] Extractor /mnt/c/Tools/codeql/cpp/tools/linux64/extractor terminated with exit code 0.
[T 02:57:08 29040] Initializing tracer.
[T 02:57:08 29040] Initializing tags.
[T 02:57:08 29040] ID set to 0000000000007170_0000000000000001 (parent 000000000000715A_0000000000000001)
[T 02:57:08 29040] ==== Candidate to intercept: /usr/libexec/gcc/x86_64-linux-gnu/13/cc1 (canonical: /usr/libexec/gcc/x86_64-linux-gnu/13/cc1) ====
[T 02:57:08 29040] Lua: === Intercepted call to /usr/libexec/gcc/x86_64-linux-gnu/13/cc1 ===
[T 02:57:08 29040] Executing the following tracer actions:
[T 02:57:08 29040] Tracer actions:
[T 02:57:08 29040] pre_invocations(0)
[T 02:57:08 29040] post_invocations(1)
[T 02:57:08 29040] invocation: /mnt/c/Tools/codeql/cpp/tools/linux64/extractor, args: [--mimic, /usr/libexec/gcc/x86_64-linux-gnu/13/cc1, @/home/test/my-awesome-project/CISB/server/env:implicitread/db-l35/working/tmp//semmle_9_29018_544375, -o, /home/test/my-awesome-project/CISB/server/env:implicitread/db-l35/working/tmp//semmle_11_29018_544532.o, /home/test/my-awesome-project/CISB/server/env:implicitread/db-l35/working/tmp//semmle_10_29018_544489.c]
[T 02:57:08 29040] trace_languages(1): [cpp]
[T 02:57:08 29042] Attempting to switch stdout/stderr to 7...
[T 02:57:08 29042] Initializing tracer.
[T 02:57:08 29042] Initializing tags.
[T 02:57:08 29042] ID set to 0000000000007172_0000000000000001 (parent 0000000000007170_0000000000000001)
[E 02:57:08 29042] Mimicry classification suppression detected; exiting.
[E 02:57:08 29042] Extractor exited successfully
[T 02:57:08 29040] Extractor /mnt/c/Tools/codeql/cpp/tools/linux64/extractor terminated with exit code 0.
[T 02:57:08 29043] Initializing tracer.
[T 02:57:08 29043] Initializing tags.
[T 02:57:08 29043] ID set to 0000000000007173_0000000000000001 (parent 000000000000715A_0000000000000001)
[T 02:57:08 29043] ==== Candidate to intercept: /usr/libexec/gcc/x86_64-linux-gnu/13/cc1 (canonical: /usr/libexec/gcc/x86_64-linux-gnu/13/cc1) ====
[T 02:57:08 29043] Lua: === Intercepted call to /usr/libexec/gcc/x86_64-linux-gnu/13/cc1 ===
[T 02:57:08 29043] Executing the following tracer actions:
[T 02:57:08 29043] Tracer actions:
[T 02:57:08 29043] pre_invocations(0)
[T 02:57:08 29043] post_invocations(1)
[T 02:57:08 29043] invocation: /mnt/c/Tools/codeql/cpp/tools/linux64/extractor, args: [--mimic, /usr/libexec/gcc/x86_64-linux-gnu/13/cc1, @/home/test/my-awesome-project/CISB/server/env:implicitread/db-l35/working/tmp//semmle_9_29018_544375, -o, /home/test/my-awesome-project/CISB/server/env:implicitread/db-l35/working/tmp//semmle_13_29018_573537.o, /home/test/my-awesome-project/CISB/server/env:implicitread/db-l35/working/tmp//semmle_12_29018_573205.c]
[T 02:57:08 29043] trace_languages(1): [cpp]
[T 02:57:08 29045] Attempting to switch stdout/stderr to 7...
[T 02:57:08 29045] Initializing tracer.
[T 02:57:08 29045] Initializing tags.
[T 02:57:08 29045] ID set to 0000000000007175_0000000000000001 (parent 0000000000007173_0000000000000001)
[E 02:57:08 29045] Mimicry classification suppression detected; exiting.
[E 02:57:08 29045] Extractor exited successfully
[T 02:57:08 29043] Extractor /mnt/c/Tools/codeql/cpp/tools/linux64/extractor terminated with exit code 0.
[T 02:57:08 29046] Initializing tracer.
[T 02:57:08 29046] Initializing tags.
[T 02:57:08 29046] ID set to 0000000000007176_0000000000000001 (parent 000000000000715A_0000000000000001)
[T 02:57:08 29046] ==== Candidate to intercept: /usr/libexec/gcc/x86_64-linux-gnu/13/cc1 (canonical: /usr/libexec/gcc/x86_64-linux-gnu/13/cc1) ====
[T 02:57:08 29046] Lua: === Intercepted call to /usr/libexec/gcc/x86_64-linux-gnu/13/cc1 ===
[T 02:57:08 29046] Executing the following tracer actions:
[T 02:57:08 29046] Tracer actions:
[T 02:57:08 29046] pre_invocations(0)
[T 02:57:08 29046] post_invocations(1)
[T 02:57:08 29046] invocation: /mnt/c/Tools/codeql/cpp/tools/linux64/extractor, args: [--mimic, /usr/libexec/gcc/x86_64-linux-gnu/13/cc1, @/home/test/my-awesome-project/CISB/server/env:implicitread/db-l35/working/tmp//semmle_9_29018_544375, -o, /home/test/my-awesome-project/CISB/server/env:implicitread/db-l35/working/tmp//semmle_15_29018_606906.o, /home/test/my-awesome-project/CISB/server/env:implicitread/db-l35/working/tmp//semmle_14_29018_606831.c]
[T 02:57:08 29046] trace_languages(1): [cpp]
[T 02:57:08 29048] Attempting to switch stdout/stderr to 7...
[T 02:57:08 29048] Initializing tracer.
[T 02:57:08 29048] Initializing tags.
[T 02:57:08 29048] ID set to 0000000000007178_0000000000000001 (parent 0000000000007176_0000000000000001)
[E 02:57:08 29048] Mimicry classification suppression detected; exiting.
[E 02:57:08 29048] Extractor exited successfully
[T 02:57:08 29046] Extractor /mnt/c/Tools/codeql/cpp/tools/linux64/extractor terminated with exit code 0.
[T 02:57:08 29064] Initializing tracer.
[T 02:57:08 29064] Initializing tags.
[T 02:57:08 29064] ID set to 0000000000007188_0000000000000001 (parent 000000000000715A_0000000000000001)
[T 02:57:08 29064] ==== Candidate to intercept: /usr/libexec/gcc/x86_64-linux-gnu/13/cc1 (canonical: /usr/libexec/gcc/x86_64-linux-gnu/13/cc1) ====
[T 02:57:08 29064] Lua: === Intercepted call to /usr/libexec/gcc/x86_64-linux-gnu/13/cc1 ===
[T 02:57:08 29064] Executing the following tracer actions:
[T 02:57:08 29064] Tracer actions:
[T 02:57:08 29064] pre_invocations(0)
[T 02:57:08 29064] post_invocations(1)
[T 02:57:08 29064] invocation: /mnt/c/Tools/codeql/cpp/tools/linux64/extractor, args: [--mimic, /usr/libexec/gcc/x86_64-linux-gnu/13/cc1, @/home/test/my-awesome-project/CISB/server/env:implicitread/db-l35/working/tmp//semmle_9_29018_544375, -o, /home/test/my-awesome-project/CISB/server/env:implicitread/db-l35/working/tmp//semmle_17_29018_637653.o, /home/test/my-awesome-project/CISB/server/env:implicitread/db-l35/working/tmp//semmle_16_29018_637570.c]
[T 02:57:08 29064] trace_languages(1): [cpp]
[T 02:57:08 29079] Attempting to switch stdout/stderr to 7...
[T 02:57:08 29079] Initializing tracer.
[T 02:57:08 29079] Initializing tags.
[T 02:57:08 29079] ID set to 0000000000007197_0000000000000001 (parent 0000000000007188_0000000000000001)
[E 02:57:08 29079] Mimicry classification suppression detected; exiting.
[E 02:57:08 29079] Extractor exited successfully
[T 02:57:08 29064] Extractor /mnt/c/Tools/codeql/cpp/tools/linux64/extractor terminated with exit code 0.
[T 02:57:08 29080] Initializing tracer.
[T 02:57:08 29080] Initializing tags.
[T 02:57:08 29080] ID set to 0000000000007198_0000000000000001 (parent 000000000000715A_0000000000000001)
[T 02:57:08 29080] ==== Candidate to intercept: /usr/libexec/gcc/x86_64-linux-gnu/13/cc1 (canonical: /usr/libexec/gcc/x86_64-linux-gnu/13/cc1) ====
[T 02:57:08 29080] Lua: === Intercepted call to /usr/libexec/gcc/x86_64-linux-gnu/13/cc1 ===
[T 02:57:08 29080] Executing the following tracer actions:
[T 02:57:08 29080] Tracer actions:
[T 02:57:08 29080] pre_invocations(0)
[T 02:57:08 29080] post_invocations(1)
[T 02:57:08 29080] invocation: /mnt/c/Tools/codeql/cpp/tools/linux64/extractor, args: [--mimic, /usr/libexec/gcc/x86_64-linux-gnu/13/cc1, @/home/test/my-awesome-project/CISB/server/env:implicitread/db-l35/working/tmp//semmle_9_29018_544375, -o, /home/test/my-awesome-project/CISB/server/env:implicitread/db-l35/working/tmp//semmle_19_29018_673085.o, /home/test/my-awesome-project/CISB/server/env:implicitread/db-l35/working/tmp//semmle_18_29018_673007.c]
[T 02:57:08 29080] trace_languages(1): [cpp]
[T 02:57:08 29082] Attempting to switch stdout/stderr to 7...
[T 02:57:08 29082] Initializing tracer.
[T 02:57:08 29082] Initializing tags.
[T 02:57:08 29082] ID set to 000000000000719A_0000000000000001 (parent 0000000000007198_0000000000000001)
[E 02:57:08 29082] Mimicry classification suppression detected; exiting.
[E 02:57:08 29082] Extractor exited successfully
[T 02:57:08 29080] Extractor /mnt/c/Tools/codeql/cpp/tools/linux64/extractor terminated with exit code 0.
[T 02:57:08 29084] Initializing tracer.
[T 02:57:08 29084] Initializing tags.
[T 02:57:08 29084] ID set to 000000000000719C_0000000000000001 (parent 000000000000715A_0000000000000001)
[T 02:57:08 29084] ==== Candidate to intercept: /usr/libexec/gcc/x86_64-linux-gnu/13/cc1 (canonical: /usr/libexec/gcc/x86_64-linux-gnu/13/cc1) ====
[T 02:57:08 29084] Lua: === Intercepted call to /usr/libexec/gcc/x86_64-linux-gnu/13/cc1 ===
[T 02:57:08 29084] Executing the following tracer actions:
[T 02:57:08 29084] Tracer actions:
[T 02:57:08 29084] pre_invocations(0)
[T 02:57:08 29084] post_invocations(1)
[T 02:57:08 29084] invocation: /mnt/c/Tools/codeql/cpp/tools/linux64/extractor, args: [--mimic, /usr/libexec/gcc/x86_64-linux-gnu/13/cc1, @/home/test/my-awesome-project/CISB/server/env:implicitread/db-l35/working/tmp//semmle_9_29018_544375, -o, /home/test/my-awesome-project/CISB/server/env:implicitread/db-l35/working/tmp//semmle_21_29018_703125.o, /home/test/my-awesome-project/CISB/server/env:implicitread/db-l35/working/tmp//semmle_20_29018_703083.c]
[T 02:57:08 29084] trace_languages(1): [cpp]
[T 02:57:08 29113] Attempting to switch stdout/stderr to 7...
[T 02:57:08 29113] Initializing tracer.
[T 02:57:08 29113] Initializing tags.
[T 02:57:08 29113] ID set to 00000000000071B9_0000000000000001 (parent 000000000000719C_0000000000000001)
[E 02:57:08 29113] Mimicry classification suppression detected; exiting.
[E 02:57:08 29113] Extractor exited successfully
[T 02:57:08 29084] Extractor /mnt/c/Tools/codeql/cpp/tools/linux64/extractor terminated with exit code 0.
[E 02:57:08 29018] Processed command line: /mnt/c/Tools/codeql/cpp/tools/linux64/extractor --trapfolder /home/test/my-awesome-project/CISB/server/env:implicitread/db-l35/trap/cpp --src_archive /home/test/my-awesome-project/CISB/server/env:implicitread/db-l35/src --object_filename /tmp/cc99WROe.s --no_warnings_and_discretionary_errors --error_limit 1000 --disable_system_macros --variadic_macros --incognito --gcc --gnu_version 130300 --target linux_x86_64 '-D__DBL_MIN_EXP__=(-1021)' -D__UINT_LEAST16_MAX__=0xffff -D__FLT16_HAS_QUIET_NAN__=1 -D__ATOMIC_ACQUIRE=2 -D__FLT128_MAX_10_EXP__=4932 -D__FLT_MIN__=1.17549435082228750796873653722224568e-38F -D__GCC_IEC_559_COMPLEX=2 '-D__UINT_LEAST8_TYPE__=unsigned char' -D__SIZEOF_FLOAT80__=16 -D__BFLT16_DENORM_MIN__=9.18354961579912115600575419704879436e-41BF16 '-D__INTMAX_C(c)=c ## L' -D__CHAR_BIT__=8 -D__UINT8_MAX__=0xff -D__SCHAR_WIDTH__=8 -D__WINT_MAX__=0xffffffffU '-D__FLT32_MIN_EXP__=(-125)' -D__BFLT16_NORM_MAX__=3.38953138925153547590470800371487867e+38BF16 '-D__BFLT16_MIN_10_EXP__=(-37)' -D__ORDER_LITTLE_ENDIAN__=1234 -D__WCHAR_MAX__=0x7fffffff -D__GCC_HAVE_SYNC_COMPARE_AND_SWAP_2=1 -D__GCC_HAVE_SYNC_COMPARE_AND_SWAP_4=1 -D__GCC_HAVE_SYNC_COMPARE_AND_SWAP_8=1 -D__GCC_ATOMIC_CHAR_LOCK_FREE=2 -D__GCC_IEC_559=2 -D__FLT32X_DECIMAL_DIG__=17 -D__FLT_EVAL_METHOD__=0 -D__FLT64_DECIMAL_DIG__=17 -D__CET__=3 -D__GCC_ATOMIC_CHAR32_T_LOCK_FREE=2 -D__UINT_FAST64_MAX__=0xffffffffffffffffUL -D__SIG_ATOMIC_TYPE__=int '-D__DBL_MIN_10_EXP__=(-307)' -D__FINITE_MATH_ONLY__=0 -D__FLT32X_MAX_EXP__=1024 -D__GCC_HAVE_SYNC_COMPARE_AND_SWAP_1=1 -D__FLT32_HAS_DENORM__=1 -D__UINT_FAST8_MAX__=0xff -D__FLT32_MAX_10_EXP__=38 -D__DEC64_MAX_EXP__=385 '-D__INT8_C(c)=c' -D__INT_LEAST8_WIDTH__=8 -D__UINT_LEAST64_MAX__=0xffffffffffffffffUL -D__SHRT_MAX__=0x7fff -D__LDBL_MAX__=1.18973149535723176502126385303097021e+4932L -D__FLT64X_MAX_10_EXP__=4932 -D__BFLT16_MAX_10_EXP__=38 -D__BFLT16_MAX_EXP__=128 -D__LDBL_IS_IEC_60559__=1 -D__FLT64X_HAS_QUIET_NAN__=1 -D__UINT_LEAST8_MAX__=0xff -D__GCC_ATOMIC_BOOL_LOCK_FREE=2 -D__FLT128_DENORM_MIN__=6.47517511943802511092443895822764655e-4966F128 '-D__UINTMAX_TYPE__=long unsigned int' -D__BFLT16_DECIMAL_DIG__=4 -D__linux=1 -D__DEC32_EPSILON__=1E-6DF -D__FLT_EVAL_METHOD_TS_18661_3__=0 -D__UINT32_MAX__=0xffffffffU '-D__DBL_DENORM_MIN__=((double)4.94065645841246544176568792868221372e-324L)' '-D__FLT128_MIN_EXP__=(-16381)' -D__WINT_MIN__=0U '-D__FLT128_MIN_10_EXP__=(-4931)' -D__FLT32X_IS_IEC_60559__=1 -D__INT_LEAST16_WIDTH__=16 -D__SCHAR_MAX__=0x7f -D__FLT128_MANT_DIG__=113 '-D__WCHAR_MIN__=(-__WCHAR_MAX__ - 1)' '-D__INT64_C(c)=c ## L' -D__SSP_STRONG__=3 -D__GCC_ATOMIC_POINTER_LOCK_FREE=2 -D__ATOMIC_SEQ_CST=5 -D__unix=1 -D__INT_LEAST64_MAX__=0x7fffffffffffffffL -D__FLT32X_MANT_DIG__=53 -D__FLT64X_EPSILON__=1.08420217248550443400745280086994171e-19F64x '-D__DEC64_MIN_EXP__=(-382)' -D__DBL_DIG__=15 -D__FLT_EPSILON__=1.19209289550781250000000000000000000e-7F -D__SHRT_WIDTH__=16 -D__FLT32_IS_IEC_60559__=1 -D__LDBL_MIN__=3.36210314311209350626267781732175260e-4932L -D__STDC_UTF_16__=1 -D__DBL_IS_IEC_60559__=1 -D__DEC32_MAX__=9.999999E96DF -D__FLT64X_DENORM_MIN__=3.64519953188247460252840593361941982e-4951F64x -D__FLT32X_HAS_INFINITY__=1 -D__unix__=1 -D__INT_WIDTH__=32 -D__STDC_IEC_559__=1 -D__STDC_ISO_10646__=201706L -D__DECIMAL_DIG__=21 -D__STDC_IEC_559_COMPLEX__=1 -D__FLT64_EPSILON__=2.22044604925031308084726333618164062e-16F64 -D__gnu_linux__=1 -D__FLT128_IS_IEC_60559__=1 '-D__FLT64X_MIN_10_EXP__=(-4931)' -D__LDBL_HAS_QUIET_NAN__=1 '-D__FLT16_MIN_EXP__=(-13)' -D__FLT64_MANT_DIG__=53 -D__FLT64X_MANT_DIG__=64 -D__BFLT16_DIG__=2 -D__pie__=2 -D__MMX__=1 -D__FLT_HAS_DENORM__=1 -D__SIZEOF_LONG_DOUBLE__=16 -D__BIGGEST_ALIGNMENT__=16 -D__FLT64_MAX_10_EXP__=308 -D__BFLT16_IS_IEC_60559__=0 -D__FLT16_MAX_10_EXP__=4 '-D__DBL_MAX__=((double)1.79769313486231570814527423731704357e+308L)' -D__INT_FAST32_MAX__=0x7fffffffffffffffL -D__DBL_HAS_INFINITY__=1 -D__INT64_MAX__=0x7fffffffffffffffL -D__SIZEOF_FLOAT__=4 -D__HAVE_SPECULATION_SAFE_VALUE=1 '-D__DEC32_MIN_EXP__=(-94)' -D__INTPTR_WIDTH__=64 -D__UINT_LEAST32_MAX__=0xffffffffU -D__FLT32X_HAS_DENORM__=1 '-D__INT_FAST16_TYPE__=long int' -D__MMX_WITH_SSE__=1 -D__LDBL_HAS_DENORM__=1 -D__SEG_GS=1 -D__BFLT16_EPSILON__=7.81250000000000000000000000000000000e-3BF16 -D__FLT128_HAS_INFINITY__=1 -D__DEC32_MIN__=1E-95DF -D__DBL_MAX_EXP__=1024 -D__WCHAR_WIDTH__=32 -D__FLT32_MAX__=3.40282346638528859811704183484516925e+38F32 -D__DEC128_EPSILON__=1E-33DL -D__FLT16_DECIMAL_DIG__=5 -D__SSE2_MATH__=1 -D__ATOMIC_HLE_RELEASE=131072 -D__PTRDIFF_MAX__=0x7fffffffffffffffL -D__amd64=1 -D__ATOMIC_HLE_ACQUIRE=65536 -D__LONG_LONG_MAX__=0x7fffffffffffffffLL -D__SIZEOF_SIZE_T__=8 -D__BFLT16_HAS_INFINITY__=1 '-D__FLT64X_MIN_EXP__=(-16381)' -D__SIZEOF_WINT_T__=4 -D__LONG_LONG_WIDTH__=64 -D__FLT32_MAX_EXP__=128 -D__GXX_ABI_VERSION=1018 '-D__FLT_MIN_EXP__=(-125)' -D__GCC_HAVE_DWARF2_CFI_ASM=1 -D__INT16_MAX__=0x7fff -D__x86_64=1 '-D__INT_FAST64_TYPE__=long int' -D__BFLT16_MAX__=3.38953138925153547590470800371487867e+38BF16 -D__BFLT16_HAS_DENORM__=1 -D__FLT64_DENORM_MIN__=4.94065645841246544176568792868221372e-324F64 -D__FLT16_DENORM_MIN__=5.96046447753906250000000000000000000e-8F16 -D__FLT128_EPSILON__=1.92592994438723585305597794258492732e-34F128 -D__FLT64X_NORM_MAX__=1.18973149535723176502126385303097021e+4932F64x -D__SIZEOF_POINTER__=8 '-D__SIZE_TYPE__=long unsigned int' -D__LP64__=1 -D__DBL_HAS_QUIET_NAN__=1 -D__FLT32X_EPSILON__=2.22044604925031308084726333618164062e-16F32x -D__LDBL_MAX_EXP__=16384 -D__DECIMAL_BID_FORMAT__=1 '-D__FLT64_MIN_EXP__=(-1021)' '-D__FLT64_MIN_10_EXP__=(-307)' '-D__FLT16_MIN_10_EXP__=(-4)' -D__FLT64X_DECIMAL_DIG__=21 -D__DEC128_MIN__=1E-6143DL -D__REGISTER_PREFIX__= -D__UINT16_MAX__=0xffff -D__DBL_HAS_DENORM__=1 -D__FLT32_MIN__=1.17549435082228750796873653722224568e-38F32 '-D__UINT8_TYPE__=unsigned char' -D__FLT_DIG__=6 -D__NO_INLINE__=1 -D__DEC_EVAL_METHOD__=2 -D__FLT_MANT_DIG__=24 -D__LDBL_DECIMAL_DIG__=21 '-D__UINT64_C(c)=c ## UL' -D_STDC_PREDEF_H=1 -D__INT_LEAST32_MAX__=0x7fffffff -D__GCC_ATOMIC_INT_LOCK_FREE=2 -D__FLT128_MAX_EXP__=16384 -D__FLT32_MANT_DIG__=24 -D__FLOAT_WORD_ORDER__=__ORDER_LITTLE_ENDIAN__ '-D__FLT32X_MIN_EXP__=(-1021)' -D__STDC_IEC_60559_COMPLEX__=201404L -D__BFLT16_MIN__=1.17549435082228750796873653722224568e-38BF16 -D__FLT128_HAS_DENORM__=1 -D__FLT32_DECIMAL_DIG__=9 -D__FLT128_DIG__=33 '-D__INT32_C(c)=c' -D__DEC64_EPSILON__=1E-15DD -D__ORDER_PDP_ENDIAN__=3412 '-D__DEC128_MIN_EXP__=(-6142)' -D__DEC128_MAX__=9.999999999999999999999999999999999E6144DL '-D__INT_FAST32_TYPE__=long int' '-D__UINT_LEAST16_TYPE__=short unsigned int' -D__DEC128_MAX_EXP__=6145 -Dunix=1 -D__UINT64_MAX__=0xffffffffffffffffUL -D__FLT_IS_IEC_60559__=1 '-D__GNUC_WIDE_EXECUTION_CHARSET_NAME="UTF-32LE"' -D__FLT64X_DIG__=18 '-D__INT8_TYPE__=signed char' -D__ELF__=1 -D__GCC_ASM_FLAG_OUTPUTS__=1 '-D__UINT32_TYPE__=unsigned int' -D__BFLT16_HAS_QUIET_NAN__=1 -D__FLT_RADIX__=2 '-D__INT_LEAST16_TYPE__=short int' -D__LDBL_EPSILON__=1.08420217248550443400745280086994171e-19L '-D__UINTMAX_C(c)=c ## UL' -D__FLT16_DIG__=3 -D__SSE_MATH__=1 -D__k8=1 -D__FLT32X_MIN__=2.22507385850720138309023271733240406e-308F32x -D__SIG_ATOMIC_MAX__=0x7fffffff -D__GCC_ATOMIC_WCHAR_T_LOCK_FREE=2 -D__USER_LABEL_PREFIX__= -D__STDC_IEC_60559_BFP__=201404L -D__SIZEOF_PTRDIFF_T__=8 -D__FLT64X_HAS_INFINITY__=1 -D__FLT32_HAS_INFINITY__=1 -D__SIZEOF_LONG__=8 -D__LDBL_DIG__=18 -D__FLT64_IS_IEC_60559__=1 -D__x86_64__=1 -D__FLT16_IS_IEC_60559__=1 -D__FLT16_MAX_EXP__=16 -D__DEC32_SUBNORMAL_MIN__=0.000001E-95DF -D__INT_FAST16_MAX__=0x7fffffffffffffffL -D__GCC_CONSTRUCTIVE_SIZE=64 -D__FLT64_DIG__=15 -D__UINT_FAST32_MAX__=0xffffffffffffffffUL '-D__UINT_LEAST64_TYPE__=long unsigned int' -D__FLT16_EPSILON__=9.76562500000000000000000000000000000e-4F16 -D__FLT_HAS_QUIET_NAN__=1 -D__FLT_MAX_10_EXP__=38 -D__LONG_MAX__=0x7fffffffffffffffL -D__FLT64X_HAS_DENORM__=1 -D__DEC128_SUBNORMAL_MIN__=0.000000000000000000000000000000001E-6143DL -D__FLT_HAS_INFINITY__=1 '-D__GNUC_EXECUTION_CHARSET_NAME="UTF-8"' '-D__UINT_FAST16_TYPE__=long unsigned int' -D__DEC64_MAX__=9.999999999999999E384DD -D__INT_FAST32_WIDTH__=64 -D__PRAGMA_REDEFINE_EXTNAME=1 -D__SIZE_WIDTH__=64 -D__SEG_FS=1 -D__INT_LEAST16_MAX__=0x7fff -D__FLT16_NORM_MAX__=6.55040000000000000000000000000000000e+4F16 -D__DEC64_MANT_DIG__=16 -D__FLT32_DENORM_MIN__=1.40129846432481707092372958328991613e-45F32 -D__SIG_ATOMIC_WIDTH__=32 '-D__INT_LEAST64_TYPE__=long int' '-D__INT16_TYPE__=short int' '-D__INT_LEAST8_TYPE__=signed char' -D__FLT16_MAX__=6.55040000000000000000000000000000000e+4F16 -D__FLT128_MIN__=3.36210314311209350626267781732175260e-4932F128 -D__SIZEOF_INT__=4 -D__DEC32_MAX_EXP__=97 -D__INT_FAST8_MAX__=0x7f -D__FLT128_MAX__=1.18973149535723176508575932662800702e+4932F128 -D__INTPTR_MAX__=0x7fffffffffffffffL -Dlinux=1 -D__FLT64_HAS_QUIET_NAN__=1 '-D__FLT32_MIN_10_EXP__=(-37)' -D__FLT32X_DIG__=15 '-D__UINT16_C(c)=c' -D__PTRDIFF_WIDTH__=64 -D__LDBL_MANT_DIG__=64 -D__INT_FAST16_WIDTH__=64 -D__FLT64_HAS_INFINITY__=1 -D__FLT64X_MAX__=1.18973149535723176502126385303097021e+4932F64x -D__FLT16_HAS_INFINITY__=1 '-D__SIG_ATOMIC_MIN__=(-__SIG_ATOMIC_MAX__ - 1)' -D__code_model_small__=1 -D__GCC_ATOMIC_LONG_LOCK_FREE=2 -D__DEC32_MANT_DIG__=7 -D__FLT16_MANT_DIG__=11 -D__k8__=1 '-D__INTPTR_TYPE__=long int' '-D__UINT16_TYPE__=short unsigned int' -D__WCHAR_TYPE__=int -D__pic__=2 -D__UINTPTR_MAX__=0xffffffffffffffffUL -D__INT_FAST64_WIDTH__=64 -D__LDBL_HAS_INFINITY__=1 -D__INT_FAST64_MAX__=0x7fffffffffffffffL -D__GCC_ATOMIC_TEST_AND_SET_TRUEVAL=1 -D__FLT_NORM_MAX__=3.40282346638528859811704183484516925e+38F -D__FLT64X_MAX_EXP__=16384 '-D__UINT_FAST64_TYPE__=long unsigned int' '-D__BFLT16_MIN_EXP__=(-125)' -D__INT_MAX__=0x7fffffff -D__linux__=1 '-D__INT64_TYPE__=long int' -D__FLT_MAX_EXP__=128 -D__ORDER_BIG_ENDIAN__=4321 -D__DBL_MANT_DIG__=53 -D__SIZEOF_FLOAT128__=16 -D__BFLT16_MANT_DIG__=8 -D__GCC_ATOMIC_CHAR16_T_LOCK_FREE=2 -D__DEC64_MIN__=1E-383DD '-D__WINT_TYPE__=unsigned int' '-D__UINT_LEAST32_TYPE__=unsigned int' -D__SIZEOF_SHORT__=2 -D__FLT32_NORM_MAX__=3.40282346638528859811704183484516925e+38F32 -D__SSE__=1 '-D__LDBL_MIN_EXP__=(-16381)' -D__FLT64_MAX__=1.79769313486231570814527423731704357e+308F64 -D__amd64__=1 -D__WINT_WIDTH__=32 -D__INT_LEAST8_MAX__=0x7f -D__INT_LEAST64_WIDTH__=64 -D__FLT32X_MAX_10_EXP__=308 -D__SIZEOF_INT128__=16 -D__FLT16_MIN__=6.10351562500000000000000000000000000e-5F16 -D__FLT64X_IS_IEC_60559__=1 -D__LDBL_MAX_10_EXP__=4932 -D__ATOMIC_RELAXED=0 '-D__DBL_EPSILON__=((double)2.22044604925031308084726333618164062e-16L)' -D__INT_LEAST32_TYPE__=int -D_LP64=1 '-D__UINT8_C(c)=c' -D__FLT64_MAX_EXP__=1024 -D__SIZEOF_WCHAR_T__=4 '-D__UINT64_TYPE__=long unsigned int' -D__FLT128_NORM_MAX__=1.18973149535723176508575932662800702e+4932F128 -D__FLT64_NORM_MAX__=1.79769313486231570814527423731704357e+308F64 -D__FLT128_HAS_QUIET_NAN__=1 -D__INTMAX_MAX__=0x7fffffffffffffffL '-D__INT_FAST8_TYPE__=signed char' -D__FLT64X_MIN__=3.36210314311209350626267781732175260e-4932F64x -D__FLT64_HAS_DENORM__=1 -D__FLT32_EPSILON__=1.19209289550781250000000000000000000e-7F32 -D__FLT16_HAS_DENORM__=1 -D__DBL_DECIMAL_DIG__=17 -D__STDC_UTF_32__=1 -D__INT_FAST8_WIDTH__=8 -D__FXSR__=1 -D__FLT32X_MAX__=1.79769313486231570814527423731704357e+308F32x '-D__DBL_NORM_MAX__=((double)1.79769313486231570814527423731704357e+308L)' -D__BYTE_ORDER__=__ORDER_LITTLE_ENDIAN__ -D__GCC_DESTRUCTIVE_SIZE=64 -D__INTMAX_WIDTH__=64 -D__FLT32_DIG__=6 '-D__UINT32_C(c)=c ## U' -D__FLT_DENORM_MIN__=1.40129846432481707092372958328991613e-45F -D__INT8_MAX__=0x7f -D__LONG_WIDTH__=64 '-D__DBL_MIN__=((double)2.22507385850720138309023271733240406e-308L)' -D__PIC__=2 -D__INT32_MAX__=0x7fffffff '-D__UINT_FAST32_TYPE__=long unsigned int' -D__FLT32X_NORM_MAX__=1.79769313486231570814527423731704357e+308F32x -D__FLT_MAX__=3.40282346638528859811704183484516925e+38F -D__SSE2__=1 -D__INT32_TYPE__=int -D__SIZEOF_DOUBLE__=8 '-D__FLT_MIN_10_EXP__=(-37)' -D__FLT64_MIN__=2.22507385850720138309023271733240406e-308F64 -D__INT_LEAST32_WIDTH__=32 '-D__INTMAX_TYPE__=long int' -D__FLT32X_HAS_QUIET_NAN__=1 -D__ATOMIC_CONSUME=1 -D__UINTMAX_MAX__=0xffffffffffffffffUL -D__PIE__=2 -D__FLT32X_DENORM_MIN__=4.94065645841246544176568792868221372e-324F32x -D__DBL_MAX_10_EXP__=308 -D__LDBL_DENORM_MIN__=3.64519953188247460252840593361941982e-4951L '-D__INT16_C(c)=c' '-D__PTRDIFF_TYPE__=long int' '-D__FLT32X_MIN_10_EXP__=(-307)' '-D__UINTPTR_TYPE__=long unsigned int' -D__DEC64_SUBNORMAL_MIN__=0.000000000000001E-383DD -D__DEC128_MANT_DIG__=34 '-D__LDBL_MIN_10_EXP__=(-4931)' -D__SIZEOF_LONG_LONG__=8 -D__FLT128_DECIMAL_DIG__=36 -D__GCC_ATOMIC_LLONG_LOCK_FREE=2 -D__FLT32_HAS_QUIET_NAN__=1 -D__FLT_DECIMAL_DIG__=9 -D__UINT_FAST16_MAX__=0xffffffffffffffffUL -D__LDBL_NORM_MAX__=1.18973149535723176502126385303097021e+4932L -D__GCC_ATOMIC_SHORT_LOCK_FREE=2 -D__SIZE_MAX__=0xffffffffffffffffUL '-D__UINT_FAST8_TYPE__=unsigned char' -D__ATOMIC_ACQ_REL=4 -D__ATOMIC_RELEASE=3 -I/usr/lib/gcc/x86_64-linux-gnu/13/include -I/usr/local/include -I/usr/include/x86_64-linux-gnu -I/usr/include -- test1.c
[E 02:57:08 29018] CODEQL_EXTRACTOR_CPP_TRAP_CACHING is not set
[E 02:57:08 29018] CODEQL_EXTRACTOR_CPP_OPTION_TRAP_CACHE_WRITE is not set
[E 02:57:08 29018] CODEQL_EXTRACTOR_CPP_OPTION_TRAP_CACHE_DIR is not set
[E 02:57:08 29018] Initialising TRAP cache at path: 7c/94ed/ed6a6722a857d655f96e66d23166
[E 02:57:08 29018] Not using TRAP cache
[E 02:57:08 29018] TRAP cache miss
[E 02:57:08 29018] Starting compilation TRAP /home/test/my-awesome-project/CISB/server/env:implicitread/db-l35/trap/cpp/compilations/49/1830650_0.trap.zst
[E 02:57:08 29018] Archiving /home/test/my-awesome-project/CISB/server/env:implicitread/db-l35/src/home/test/my-awesome-project/CISB/server/env:implicitread/test1.c
[E 02:57:08 29018] Archiving /home/test/my-awesome-project/CISB/server/env:implicitread/db-l35/src/usr/include/stdio.h
[E 02:57:08 29018] Archiving /home/test/my-awesome-project/CISB/server/env:implicitread/db-l35/src/usr/include/x86_64-linux-gnu/bits/libc-header-start.h
[E 02:57:08 29018] Archiving /home/test/my-awesome-project/CISB/server/env:implicitread/db-l35/src/usr/include/features.h
[E 02:57:08 29018] Archiving /home/test/my-awesome-project/CISB/server/env:implicitread/db-l35/src/usr/include/features-time64.h
[E 02:57:08 29018] Archiving /home/test/my-awesome-project/CISB/server/env:implicitread/db-l35/src/usr/include/x86_64-linux-gnu/bits/wordsize.h
[E 02:57:08 29018] Archiving /home/test/my-awesome-project/CISB/server/env:implicitread/db-l35/src/usr/include/x86_64-linux-gnu/bits/timesize.h
[E 02:57:08 29018] Already archived /home/test/my-awesome-project/CISB/server/env:implicitread/db-l35/src/usr/include/x86_64-linux-gnu/bits/wordsize.h
[E 02:57:08 29018] Archiving /home/test/my-awesome-project/CISB/server/env:implicitread/db-l35/src/usr/include/stdc-predef.h
[E 02:57:08 29018] Archiving /home/test/my-awesome-project/CISB/server/env:implicitread/db-l35/src/usr/include/x86_64-linux-gnu/sys/cdefs.h
[E 02:57:08 29018] Already archived /home/test/my-awesome-project/CISB/server/env:implicitread/db-l35/src/usr/include/x86_64-linux-gnu/bits/wordsize.h
[E 02:57:08 29018] Archiving /home/test/my-awesome-project/CISB/server/env:implicitread/db-l35/src/usr/include/x86_64-linux-gnu/bits/long-double.h
[E 02:57:08 29018] Archiving /home/test/my-awesome-project/CISB/server/env:implicitread/db-l35/src/usr/include/x86_64-linux-gnu/gnu/stubs.h
[E 02:57:08 29018] Archiving /home/test/my-awesome-project/CISB/server/env:implicitread/db-l35/src/usr/include/x86_64-linux-gnu/gnu/stubs-64.h
[E 02:57:08 29018] Archiving /home/test/my-awesome-project/CISB/server/env:implicitread/db-l35/src/usr/lib/gcc/x86_64-linux-gnu/13/include/stddef.h
[E 02:57:08 29018] Archiving /home/test/my-awesome-project/CISB/server/env:implicitread/db-l35/src/usr/lib/gcc/x86_64-linux-gnu/13/include/stdarg.h
[E 02:57:08 29018] Archiving /home/test/my-awesome-project/CISB/server/env:implicitread/db-l35/src/usr/include/x86_64-linux-gnu/bits/types.h
[E 02:57:08 29018] Already archived /home/test/my-awesome-project/CISB/server/env:implicitread/db-l35/src/usr/include/x86_64-linux-gnu/bits/wordsize.h
[E 02:57:08 29018] Already archived /home/test/my-awesome-project/CISB/server/env:implicitread/db-l35/src/usr/include/x86_64-linux-gnu/bits/timesize.h
[E 02:57:08 29018] Already archived /home/test/my-awesome-project/CISB/server/env:implicitread/db-l35/src/usr/include/x86_64-linux-gnu/bits/wordsize.h
[E 02:57:08 29018] Archiving /home/test/my-awesome-project/CISB/server/env:implicitread/db-l35/src/usr/include/x86_64-linux-gnu/bits/typesizes.h
[E 02:57:08 29018] Archiving /home/test/my-awesome-project/CISB/server/env:implicitread/db-l35/src/usr/include/x86_64-linux-gnu/bits/time64.h
[E 02:57:08 29018] Archiving /home/test/my-awesome-project/CISB/server/env:implicitread/db-l35/src/usr/include/x86_64-linux-gnu/bits/types/__fpos_t.h
[E 02:57:08 29018] Archiving /home/test/my-awesome-project/CISB/server/env:implicitread/db-l35/src/usr/include/x86_64-linux-gnu/bits/types/__mbstate_t.h
[E 02:57:08 29018] Archiving /home/test/my-awesome-project/CISB/server/env:implicitread/db-l35/src/usr/include/x86_64-linux-gnu/bits/types/__fpos64_t.h
[E 02:57:08 29018] Archiving /home/test/my-awesome-project/CISB/server/env:implicitread/db-l35/src/usr/include/x86_64-linux-gnu/bits/types/__FILE.h
[E 02:57:08 29018] Archiving /home/test/my-awesome-project/CISB/server/env:implicitread/db-l35/src/usr/include/x86_64-linux-gnu/bits/types/FILE.h
[E 02:57:08 29018] Archiving /home/test/my-awesome-project/CISB/server/env:implicitread/db-l35/src/usr/include/x86_64-linux-gnu/bits/types/struct_FILE.h
[E 02:57:08 29018] Archiving /home/test/my-awesome-project/CISB/server/env:implicitread/db-l35/src/usr/include/x86_64-linux-gnu/bits/types/cookie_io_functions_t.h
[E 02:57:08 29018] Archiving /home/test/my-awesome-project/CISB/server/env:implicitread/db-l35/src/usr/include/x86_64-linux-gnu/bits/stdio_lim.h
[E 02:57:08 29018] Archiving /home/test/my-awesome-project/CISB/server/env:implicitread/db-l35/src/usr/include/x86_64-linux-gnu/bits/floatn.h
[E 02:57:08 29018] Archiving /home/test/my-awesome-project/CISB/server/env:implicitread/db-l35/src/usr/include/x86_64-linux-gnu/bits/floatn-common.h
[E 02:57:08 29018] Already archived /home/test/my-awesome-project/CISB/server/env:implicitread/db-l35/src/usr/include/x86_64-linux-gnu/bits/long-double.h
[E 02:57:08 29018] Creating trap tarball /home/test/my-awesome-project/CISB/server/env:implicitread/db-l35/trap/cpp/tarballs/home/test/my-awesome-project/CISB/server/env_implicitread/test1.c.0eaf50da_0.trap.tar.zst
[E 02:57:08 29018] Emitting trap files for test1.c
[E 02:57:08 29018] Opening existencedb in /home/test/my-awesome-project/CISB/server/env:implicitread/db-l35/working/existencedb/db
[E 02:57:08 29018] Wrote 28 files to /home/test/my-awesome-project/CISB/server/env:implicitread/db-l35/trap/cpp/tarballs/home/test/my-awesome-project/CISB/server/env_implicitread/test1.c.0eaf50da_0.trap.tar.zst
[E 02:57:08 29018] Finished compilation TRAP /home/test/my-awesome-project/CISB/server/env:implicitread/db-l35/trap/cpp/compilations/49/1830650_0.trap.zst
[E 02:57:08 29018] Marking C compilation as happened.
[E 02:57:08 29018] Setting tag c-compilation-happened
[E 02:57:08 29018] Starting from CODEQL_TRACER_DB_ID 0000000000007158_0000000000000001
[E 02:57:08 29018] Locking DB /home/test/my-awesome-project/CISB/server/env:implicitread/db-l35/working/tags.db
[E 02:57:08 29018] Locked DB /home/test/my-awesome-project/CISB/server/env:implicitread/db-l35/working/tags.db
[E 02:57:08 29018] Set tag for 0000000000007158_0000000000000001
[E 02:57:08 29018] Set tag for 0000000000007156_0000000000000001
[E 02:57:08 29018] Set tag for 0000000000007151_0000000000000003
[E 02:57:08 29018] Set tag for 0000000000007151_0000000000000002
[E 02:57:08 29018] Set tag for root
[E 02:57:08 29018] Unlocking DB
[E 02:57:08 29018] Unlocked DB
[E 02:57:08 29018] Extractor exited successfully
[T 02:57:08 29016] Extractor /mnt/c/Tools/codeql/cpp/tools/linux64/extractor terminated with exit code 0.
[T 02:57:08 29185] Initializing tracer.
[T 02:57:08 29185] Initializing tags.
[T 02:57:08 29185] ID set to 0000000000007201_0000000000000001 (parent 0000000000007156_0000000000000001)
[T 02:57:08 29185] ==== Candidate to intercept: as (canonical: /usr/bin/as) ====
[T 02:57:08 29185] Lua: === Intercepted call to /usr/bin/as ===
[T 02:57:08 29185] Executing the following tracer actions:
[T 02:57:08 29185] Tracer actions:
[T 02:57:08 29185] pre_invocations(0)
[T 02:57:08 29185] post_invocations(1)
[T 02:57:08 29185] invocation: /mnt/c/Tools/codeql/cpp/tools/linux64/extractor, args: [--assembler, --codeql-assembler-executable, /usr/bin/as, --64, -o, test1.o, /tmp/cc99WROe.s]
[T 02:57:08 29185] trace_languages(1): [cpp]
[T 02:57:08 29201] Attempting to switch stdout/stderr to 4...
[T 02:57:08 29201] Initializing tracer.
[T 02:57:08 29201] Initializing tags.
[T 02:57:08 29201] ID set to 0000000000007211_0000000000000001 (parent 0000000000007201_0000000000000001)
[E 02:57:08 29201] CodeQL C/C++ Extractor 2.25.1
[E 02:57:08 29201] Current directory: /home/test/my-awesome-project/CISB/server/env:implicitread
[E 02:57:08 29201] Command: /mnt/c/Tools/codeql/cpp/tools/linux64/extractor --assembler --codeql-assembler-executable /usr/bin/as --64 -o test1.o /tmp/cc99WROe.s
[E 02:57:08 29201] Extractor exited after mimicking assembler
[T 02:57:08 29185] Extractor /mnt/c/Tools/codeql/cpp/tools/linux64/extractor terminated with exit code 0.
[T 02:57:08 29257] Attempting to switch stdout/stderr to 4...
[T 02:57:08 29257] Initializing tracer.
[T 02:57:08 29257] Initializing tags.
[T 02:57:08 29257] ID set to 0000000000007249_0000000000000001 (parent 0000000000007156_0000000000000001)
[E 02:57:08 29257] CodeQL C/C++ Extractor 2.25.1
[E 02:57:08 29257] Current directory: /home/test/my-awesome-project/CISB/server/env:implicitread
[E 02:57:08 29257] Command: /mnt/c/Tools/codeql/cpp/tools/linux64/extractor --mimic /usr/bin/x86_64-linux-gnu-gcc-13 -c -o test1.o test1.c
[T 02:57:08 29301] Initializing tracer.
[T 02:57:08 29301] Initializing tags.
[T 02:57:08 29301] ID set to 0000000000007275_0000000000000001 (parent 0000000000007249_0000000000000001)
[T 02:57:08 29301] ==== Candidate to intercept: /usr/bin/x86_64-linux-gnu-gcc-13 (canonical: /usr/bin/x86_64-linux-gnu-gcc-13) ====
[T 02:57:08 29301] Lua: === Intercepted call to /usr/bin/x86_64-linux-gnu-gcc-13 ===
[T 02:57:08 29301] Executing the following tracer actions:
[T 02:57:08 29301] Tracer actions:
[T 02:57:08 29301] pre_invocations(0)
[T 02:57:08 29301] post_invocations(1)
[T 02:57:08 29301] invocation: /mnt/c/Tools/codeql/cpp/tools/linux64/extractor, args: [--mimic, /usr/bin/x86_64-linux-gnu-gcc-13, --version]
[T 02:57:09 29301] trace_languages(1): [cpp]
[T 02:57:09 29316] Attempting to switch stdout/stderr to 7...
[T 02:57:09 29316] Initializing tracer.
[T 02:57:09 29316] Initializing tags.
[T 02:57:09 29316] ID set to 0000000000007284_0000000000000001 (parent 0000000000007275_0000000000000001)
[E 02:57:09 29316] Mimicry classification suppression detected; exiting.
[E 02:57:09 29316] Extractor exited successfully
[T 02:57:09 29301] Extractor /mnt/c/Tools/codeql/cpp/tools/linux64/extractor terminated with exit code 0.
[T 02:57:09 29331] Initializing tracer.
[T 02:57:09 29331] Initializing tags.
[T 02:57:09 29331] ID set to 0000000000007293_0000000000000001 (parent 0000000000007249_0000000000000001)
[T 02:57:09 29331] ==== Candidate to intercept: /usr/bin/x86_64-linux-gnu-gcc-13 (canonical: /usr/bin/x86_64-linux-gnu-gcc-13) ====
[T 02:57:09 29331] Lua: === Intercepted call to /usr/bin/x86_64-linux-gnu-gcc-13 ===
[T 02:57:09 29331] Executing the following tracer actions:
[T 02:57:09 29331] Tracer actions:
[T 02:57:09 29331] pre_invocations(0)
[T 02:57:09 29331] post_invocations(1)
[T 02:57:09 29331] invocation: /mnt/c/Tools/codeql/cpp/tools/linux64/extractor, args: [--mimic, /usr/bin/x86_64-linux-gnu-gcc-13, --help]
[T 02:57:09 29331] trace_languages(1): [cpp]
[T 02:57:09 29334] Attempting to switch stdout/stderr to 7...
[T 02:57:09 29334] Initializing tracer.
[T 02:57:09 29334] Initializing tags.
[T 02:57:09 29334] ID set to 0000000000007296_0000000000000001 (parent 0000000000007293_0000000000000001)
[E 02:57:09 29334] Mimicry classification suppression detected; exiting.
[E 02:57:09 29334] Extractor exited successfully
[T 02:57:09 29331] Extractor /mnt/c/Tools/codeql/cpp/tools/linux64/extractor terminated with exit code 0.
[T 02:57:09 29348] Initializing tracer.
[T 02:57:09 29348] Initializing tags.
[T 02:57:09 29348] ID set to 00000000000072A4_0000000000000001 (parent 0000000000007249_0000000000000001)
[T 02:57:09 29348] ==== Candidate to intercept: /usr/bin/x86_64-linux-gnu-gcc-13 (canonical: /usr/bin/x86_64-linux-gnu-gcc-13) ====
[T 02:57:09 29348] Lua: === Intercepted call to /usr/bin/x86_64-linux-gnu-gcc-13 ===
[T 02:57:09 29348] Executing the following tracer actions:
[T 02:57:09 29348] Tracer actions:
[T 02:57:09 29348] pre_invocations(0)
[T 02:57:09 29348] post_invocations(1)
[T 02:57:09 29348] invocation: /mnt/c/Tools/codeql/cpp/tools/linux64/extractor, args: [--mimic, /usr/bin/x86_64-linux-gnu-gcc-13, -nostdinc, -o, /home/test/my-awesome-project/CISB/server/env:implicitread/db-l35/working/tmp//semmle_2_29257_36542.o, -c, /home/test/my-awesome-project/CISB/server/env:implicitread/db-l35/working/tmp//semmle_1_29257_36466.c]
[T 02:57:09 29348] trace_languages(1): [cpp]
[T 02:57:09 29364] Initializing tracer.
[T 02:57:09 29364] Initializing tags.
[T 02:57:09 29364] ID set to 00000000000072B4_0000000000000001 (parent 00000000000072A4_0000000000000001)
[T 02:57:09 29364] ==== Candidate to intercept: /usr/libexec/gcc/x86_64-linux-gnu/13/cc1 (canonical: /usr/libexec/gcc/x86_64-linux-gnu/13/cc1) ====
[T 02:57:09 29364] Lua: === Intercepted call to /usr/libexec/gcc/x86_64-linux-gnu/13/cc1 ===
[T 02:57:09 29364] Executing the following tracer actions:
[T 02:57:09 29364] Tracer actions:
[T 02:57:09 29364] pre_invocations(0)
[T 02:57:09 29364] post_invocations(1)
[T 02:57:09 29364] invocation: /mnt/c/Tools/codeql/cpp/tools/linux64/extractor, args: [--mimic, /usr/libexec/gcc/x86_64-linux-gnu/13/cc1, -quiet, -nostdinc, -imultiarch, x86_64-linux-gnu, /home/test/my-awesome-project/CISB/server/env:implicitread/db-l35/working/tmp//semmle_1_29257_36466.c, -quiet, -dumpdir, /home/test/my-awesome-project/CISB/server/env:implicitread/db-l35/working/tmp//, -dumpbase, semmle_2_29257_36542.c, -dumpbase-ext, .c, -mtune=generic, -march=x86-64, -fasynchronous-unwind-tables, -fstack-protector-strong, -Wformat, -Wformat-security, -fstack-clash-protection, -fcf-protection, -o, /tmp/cchtbWAD.s]
[T 02:57:09 29364] trace_languages(1): [cpp]
[T 02:57:09 29380] Attempting to switch stdout/stderr to 7...
[T 02:57:09 29380] Initializing tracer.
[T 02:57:09 29380] Initializing tags.
[T 02:57:09 29380] ID set to 00000000000072C4_0000000000000001 (parent 00000000000072B4_0000000000000001)
[E 02:57:09 29380] Mimicry classification suppression detected; exiting.
[E 02:57:09 29380] Extractor exited successfully
[T 02:57:09 29364] Extractor /mnt/c/Tools/codeql/cpp/tools/linux64/extractor terminated with exit code 0.
[T 02:57:09 29381] Initializing tracer.
[T 02:57:09 29381] Initializing tags.
[T 02:57:09 29381] ID set to 00000000000072C5_0000000000000001 (parent 00000000000072A4_0000000000000001)
[T 02:57:09 29381] ==== Candidate to intercept: as (canonical: /usr/bin/as) ====
[T 02:57:09 29381] Lua: === Intercepted call to /usr/bin/as ===
[T 02:57:09 29381] Executing the following tracer actions:
[T 02:57:09 29381] Tracer actions:
[T 02:57:09 29381] pre_invocations(0)
[T 02:57:09 29381] post_invocations(1)
[T 02:57:09 29381] invocation: /mnt/c/Tools/codeql/cpp/tools/linux64/extractor, args: [--assembler, --codeql-assembler-executable, /usr/bin/as, --64, -o, /home/test/my-awesome-project/CISB/server/env:implicitread/db-l35/working/tmp//semmle_2_29257_36542.o, /tmp/cchtbWAD.s]
[T 02:57:09 29381] trace_languages(1): [cpp]
[T 02:57:09 29384] Attempting to switch stdout/stderr to 7...
[T 02:57:09 29384] Initializing tracer.
[T 02:57:09 29384] Initializing tags.
[T 02:57:09 29384] ID set to 00000000000072C8_0000000000000001 (parent 00000000000072C5_0000000000000001)
[E 02:57:09 29384] Mimicry classification suppression detected; exiting.
[E 02:57:09 29384] Extractor exited successfully
[T 02:57:09 29381] Extractor /mnt/c/Tools/codeql/cpp/tools/linux64/extractor terminated with exit code 0.
[T 02:57:09 29398] Attempting to switch stdout/stderr to 7...
[T 02:57:09 29398] Initializing tracer.
[T 02:57:09 29398] Initializing tags.
[T 02:57:09 29398] ID set to 00000000000072D6_0000000000000001 (parent 00000000000072A4_0000000000000001)
[E 02:57:09 29398] Mimicry classification suppression detected; exiting.
[E 02:57:09 29398] Extractor exited successfully
[T 02:57:09 29348] Extractor /mnt/c/Tools/codeql/cpp/tools/linux64/extractor terminated with exit code 0.
[T 02:57:09 29399] Initializing tracer.
[T 02:57:09 29399] Initializing tags.
[T 02:57:09 29399] ID set to 00000000000072D7_0000000000000001 (parent 0000000000007249_0000000000000001)
[T 02:57:09 29399] ==== Candidate to intercept: /usr/bin/x86_64-linux-gnu-gcc-13 (canonical: /usr/bin/x86_64-linux-gnu-gcc-13) ====
[T 02:57:09 29399] Lua: === Intercepted call to /usr/bin/x86_64-linux-gnu-gcc-13 ===
[T 02:57:09 29399] Executing the following tracer actions:
[T 02:57:09 29399] Tracer actions:
[T 02:57:09 29399] pre_invocations(0)
[T 02:57:09 29399] post_invocations(1)
[T 02:57:09 29399] invocation: /mnt/c/Tools/codeql/cpp/tools/linux64/extractor, args: [--mimic, /usr/bin/x86_64-linux-gnu-gcc-13, -nostdinc, -o, /home/test/my-awesome-project/CISB/server/env:implicitread/db-l35/working/tmp//semmle_4_29257_118309.o, -c, /home/test/my-awesome-project/CISB/server/env:implicitread/db-l35/working/tmp//semmle_3_29257_118232.c]
[T 02:57:09 29399] trace_languages(1): [cpp]
[T 02:57:09 29401] Initializing tracer.
[T 02:57:09 29401] Initializing tags.
[T 02:57:09 29401] ID set to 00000000000072D9_0000000000000001 (parent 00000000000072D7_0000000000000001)
[T 02:57:09 29401] ==== Candidate to intercept: /usr/libexec/gcc/x86_64-linux-gnu/13/cc1 (canonical: /usr/libexec/gcc/x86_64-linux-gnu/13/cc1) ====
[T 02:57:09 29401] Lua: === Intercepted call to /usr/libexec/gcc/x86_64-linux-gnu/13/cc1 ===
[T 02:57:09 29401] Executing the following tracer actions:
[T 02:57:09 29401] Tracer actions:
[T 02:57:09 29401] pre_invocations(0)
[T 02:57:09 29401] post_invocations(1)
[T 02:57:09 29401] invocation: /mnt/c/Tools/codeql/cpp/tools/linux64/extractor, args: [--mimic, /usr/libexec/gcc/x86_64-linux-gnu/13/cc1, -quiet, -nostdinc, -imultiarch, x86_64-linux-gnu, /home/test/my-awesome-project/CISB/server/env:implicitread/db-l35/working/tmp//semmle_3_29257_118232.c, -quiet, -dumpdir, /home/test/my-awesome-project/CISB/server/env:implicitread/db-l35/working/tmp//, -dumpbase, semmle_4_29257_118309.c, -dumpbase-ext, .c, -mtune=generic, -march=x86-64, -fasynchronous-unwind-tables, -fstack-protector-strong, -Wformat, -Wformat-security, -fstack-clash-protection, -fcf-protection, -o, /tmp/ccQBBGfR.s]
[T 02:57:09 29401] trace_languages(1): [cpp]
[T 02:57:09 29403] Attempting to switch stdout/stderr to 7...
[T 02:57:09 29403] Initializing tracer.
[T 02:57:09 29403] Initializing tags.
[T 02:57:09 29403] ID set to 00000000000072DB_0000000000000001 (parent 00000000000072D9_0000000000000001)
[E 02:57:09 29403] Mimicry classification suppression detected; exiting.
[E 02:57:09 29403] Extractor exited successfully
[T 02:57:09 29401] Extractor /mnt/c/Tools/codeql/cpp/tools/linux64/extractor terminated with exit code 0.
[T 02:57:09 29405] Attempting to switch stdout/stderr to 7...
[T 02:57:09 29405] Initializing tracer.
[T 02:57:09 29405] Initializing tags.
[T 02:57:09 29405] ID set to 00000000000072DD_0000000000000001 (parent 00000000000072D7_0000000000000001)
[E 02:57:09 29405] Mimicry classification suppression detected; exiting.
[E 02:57:09 29405] Extractor exited successfully
[T 02:57:09 29399] Extractor /mnt/c/Tools/codeql/cpp/tools/linux64/extractor terminated with exit code 0.
[E 02:57:09 29257] Checking whether C compilation already happened.
[E 02:57:09 29257] Checking for tag c-compilation-happened
[E 02:57:09 29257] Checking CODEQL_TRACER_DB_ID 0000000000007156_0000000000000001
[E 02:57:09 29257] Locking DB /home/test/my-awesome-project/CISB/server/env:implicitread/db-l35/working/tags.db
[E 02:57:09 29257] Locked DB /home/test/my-awesome-project/CISB/server/env:implicitread/db-l35/working/tags.db
[E 02:57:09 29257] Unlocking DB
[E 02:57:09 29257] Unlocked DB
[E 02:57:09 29257] Exiting as C compilation already happened.
[T 02:57:09 29014] Extractor /mnt/c/Tools/codeql/cpp/tools/linux64/extractor terminated with exit code 0.
