[T 04:22:35 47601] CodeQL CLI version 2.25.1
[T 04:22:35 47601] Initializing tracer.
[T 04:22:35 47601] Initializing tags.
[T 04:22:35 47601] ID set to 000000000000B9F1_0000000000000001 (parent root)
[T 04:22:35 47601] Initializing tracer.
[T 04:22:35 47601] Initializing tags.
[T 04:22:35 47601] ID set to 000000000000B9F1_0000000000000002 (parent root)
[T 04:22:35 47601] Warning: SEMMLE_EXEC and SEMMLE_EXECP not set. Falling back to path lookup on argv[0].
[T 04:22:35 47601] ==== Candidate to intercept: /mnt/c/Tools/codeql/tools/linux64/runner-linux (canonical: /mnt/c/Tools/codeql/tools/linux64/runner-linux) ====
[T 04:22:35 47601] Executing the following tracer actions:
[T 04:22:35 47601] Tracer actions:
[T 04:22:35 47601] pre_invocations(0)
[T 04:22:35 47601] post_invocations(0)
[T 04:22:35 47601] trace_languages(1): [cpp]
[T 04:22:35 47601] Initializing tracer.
[T 04:22:35 47601] Initializing tags.
[T 04:22:35 47601] ID set to 000000000000B9F1_0000000000000003 (parent 000000000000B9F1_0000000000000002)
[T 04:22:35 47601] ==== Candidate to intercept: make (canonical: /usr/bin/make) ====
[T 04:22:35 47601] Executing the following tracer actions:
[T 04:22:35 47601] Tracer actions:
[T 04:22:35 47601] pre_invocations(0)
[T 04:22:35 47601] post_invocations(0)
[T 04:22:35 47601] trace_languages(1): [cpp]
[T 04:22:35 47608] Initializing tracer.
[T 04:22:35 47608] Initializing tags.
[T 04:22:35 47608] ID set to 000000000000B9F8_0000000000000001 (parent 000000000000B9F1_0000000000000003)
[T 04:22:35 47608] ==== Candidate to intercept: /usr/bin/gcc (canonical: /usr/bin/x86_64-linux-gnu-gcc-13) ====
[T 04:22:35 47608] Lua: === Intercepted call to /usr/bin/x86_64-linux-gnu-gcc-13 ===
[T 04:22:35 47608] Executing the following tracer actions:
[T 04:22:35 47608] Tracer actions:
[T 04:22:35 47608] pre_invocations(0)
[T 04:22:35 47608] post_invocations(1)
[T 04:22:35 47608] invocation: /mnt/c/Tools/codeql/cpp/tools/linux64/extractor, args: [--mimic, /usr/bin/x86_64-linux-gnu-gcc-13, -c, -o, test1.o, test1.c]
[T 04:22:35 47608] trace_languages(1): [cpp]
[T 04:22:35 47610] Initializing tracer.
[T 04:22:35 47610] Initializing tags.
[T 04:22:35 47610] ID set to 000000000000B9FA_0000000000000001 (parent 000000000000B9F8_0000000000000001)
[T 04:22:35 47610] ==== Candidate to intercept: /usr/libexec/gcc/x86_64-linux-gnu/13/cc1 (canonical: /usr/libexec/gcc/x86_64-linux-gnu/13/cc1) ====
[T 04:22:35 47610] Lua: === Intercepted call to /usr/libexec/gcc/x86_64-linux-gnu/13/cc1 ===
[T 04:22:35 47610] Executing the following tracer actions:
[T 04:22:35 47610] Tracer actions:
[T 04:22:35 47610] pre_invocations(0)
[T 04:22:35 47610] post_invocations(1)
[T 04:22:35 47610] invocation: /mnt/c/Tools/codeql/cpp/tools/linux64/extractor, args: [--mimic, /usr/libexec/gcc/x86_64-linux-gnu/13/cc1, -quiet, -imultiarch, x86_64-linux-gnu, test1.c, -quiet, -dumpbase, test1.c, -dumpbase-ext, .c, -mtune=generic, -march=x86-64, -fasynchronous-unwind-tables, -fstack-protector-strong, -Wformat, -Wformat-security, -fstack-clash-protection, -fcf-protection, -o, /tmp/ccL1936V.s]
[T 04:22:35 47610] trace_languages(1): [cpp]
[T 04:22:35 47615] Attempting to switch stdout/stderr to 4...
[T 04:22:35 47615] Initializing tracer.
[T 04:22:35 47615] Initializing tags.
[T 04:22:35 47615] ID set to 000000000000B9FF_0000000000000001 (parent 000000000000B9FA_0000000000000001)
[E 04:22:35 47615] CodeQL C/C++ Extractor 2.25.1
[E 04:22:35 47615] Current directory: /home/test/my-awesome-project/CISB/server/switchjumptable
[E 04:22:35 47615] Command: /mnt/c/Tools/codeql/cpp/tools/linux64/extractor --mimic /usr/libexec/gcc/x86_64-linux-gnu/13/cc1 -quiet -imultiarch x86_64-linux-gnu test1.c -quiet -dumpbase test1.c -dumpbase-ext .c -mtune=generic -march=x86-64 -fasynchronous-unwind-tables -fstack-protector-strong -Wformat -Wformat-security -fstack-clash-protection -fcf-protection -o /tmp/ccL1936V.s
[T 04:22:35 47616] Initializing tracer.
[T 04:22:35 47616] Initializing tags.
[T 04:22:35 47616] ID set to 000000000000BA00_0000000000000001 (parent 000000000000B9FF_0000000000000001)
[T 04:22:35 47616] ==== Candidate to intercept: /usr/libexec/gcc/x86_64-linux-gnu/13/cc1 (canonical: /usr/libexec/gcc/x86_64-linux-gnu/13/cc1) ====
[T 04:22:35 47616] Lua: === Intercepted call to /usr/libexec/gcc/x86_64-linux-gnu/13/cc1 ===
[T 04:22:35 47616] Executing the following tracer actions:
[T 04:22:35 47616] Tracer actions:
[T 04:22:35 47616] pre_invocations(0)
[T 04:22:35 47616] post_invocations(1)
[T 04:22:35 47616] invocation: /mnt/c/Tools/codeql/cpp/tools/linux64/extractor, args: [--mimic, /usr/libexec/gcc/x86_64-linux-gnu/13/cc1, --version]
[T 04:22:35 47616] trace_languages(1): [cpp]
[T 04:22:35 47618] Attempting to switch stdout/stderr to 7...
[T 04:22:35 47618] Initializing tracer.
[T 04:22:35 47618] Initializing tags.
[T 04:22:35 47618] ID set to 000000000000BA02_0000000000000001 (parent 000000000000BA00_0000000000000001)
[E 04:22:35 47618] Mimicry classification suppression detected; exiting.
[E 04:22:35 47618] Extractor exited successfully
[T 04:22:35 47616] Extractor /mnt/c/Tools/codeql/cpp/tools/linux64/extractor terminated with exit code 0.
[T 04:22:35 47619] Initializing tracer.
[T 04:22:35 47619] Initializing tags.
[T 04:22:35 47619] ID set to 000000000000BA03_0000000000000001 (parent 000000000000B9FF_0000000000000001)
[T 04:22:35 47619] ==== Candidate to intercept: /usr/libexec/gcc/x86_64-linux-gnu/13/cc1 (canonical: /usr/libexec/gcc/x86_64-linux-gnu/13/cc1) ====
[T 04:22:35 47619] Lua: === Intercepted call to /usr/libexec/gcc/x86_64-linux-gnu/13/cc1 ===
[T 04:22:35 47619] Executing the following tracer actions:
[T 04:22:35 47619] Tracer actions:
[T 04:22:35 47619] pre_invocations(0)
[T 04:22:35 47619] post_invocations(1)
[T 04:22:35 47619] invocation: /mnt/c/Tools/codeql/cpp/tools/linux64/extractor, args: [--mimic, /usr/libexec/gcc/x86_64-linux-gnu/13/cc1, --help]
[T 04:22:35 47619] trace_languages(1): [cpp]
[T 04:22:35 47621] Attempting to switch stdout/stderr to 7...
[T 04:22:35 47621] Initializing tracer.
[T 04:22:35 47621] Initializing tags.
[T 04:22:35 47621] ID set to 000000000000BA05_0000000000000001 (parent 000000000000BA03_0000000000000001)
[E 04:22:35 47621] Mimicry classification suppression detected; exiting.
[E 04:22:35 47621] Extractor exited successfully
[T 04:22:35 47619] Extractor /mnt/c/Tools/codeql/cpp/tools/linux64/extractor terminated with exit code 0.
[T 04:22:35 47622] Initializing tracer.
[T 04:22:35 47622] Initializing tags.
[T 04:22:35 47622] ID set to 000000000000BA06_0000000000000001 (parent 000000000000B9FF_0000000000000001)
[T 04:22:35 47622] ==== Candidate to intercept: /usr/libexec/gcc/x86_64-linux-gnu/13/cc1 (canonical: /usr/libexec/gcc/x86_64-linux-gnu/13/cc1) ====
[T 04:22:35 47622] Lua: === Intercepted call to /usr/libexec/gcc/x86_64-linux-gnu/13/cc1 ===
[T 04:22:35 47622] Executing the following tracer actions:
[T 04:22:35 47622] Tracer actions:
[T 04:22:35 47622] pre_invocations(0)
[T 04:22:35 47622] post_invocations(1)
[T 04:22:35 47622] invocation: /mnt/c/Tools/codeql/cpp/tools/linux64/extractor, args: [--mimic, /usr/libexec/gcc/x86_64-linux-gnu/13/cc1, -version, --help]
[T 04:22:35 47622] trace_languages(1): [cpp]
[T 04:22:35 47624] Attempting to switch stdout/stderr to 7...
[T 04:22:35 47624] Initializing tracer.
[T 04:22:35 47624] Initializing tags.
[T 04:22:35 47624] ID set to 000000000000BA08_0000000000000001 (parent 000000000000BA06_0000000000000001)
[E 04:22:35 47624] Mimicry classification suppression detected; exiting.
[E 04:22:35 47624] Extractor exited successfully
[T 04:22:35 47622] Extractor /mnt/c/Tools/codeql/cpp/tools/linux64/extractor terminated with exit code 0.
[T 04:22:35 47625] Initializing tracer.
[T 04:22:35 47625] Initializing tags.
[T 04:22:35 47625] ID set to 000000000000BA09_0000000000000001 (parent 000000000000B9FF_0000000000000001)
[T 04:22:35 47625] ==== Candidate to intercept: /usr/libexec/gcc/x86_64-linux-gnu/13/cc1 (canonical: /usr/libexec/gcc/x86_64-linux-gnu/13/cc1) ====
[T 04:22:35 47625] Lua: === Intercepted call to /usr/libexec/gcc/x86_64-linux-gnu/13/cc1 ===
[T 04:22:35 47625] Executing the following tracer actions:
[T 04:22:35 47625] Tracer actions:
[T 04:22:35 47625] pre_invocations(0)
[T 04:22:35 47625] post_invocations(1)
[T 04:22:35 47625] invocation: /mnt/c/Tools/codeql/cpp/tools/linux64/extractor, args: [--mimic, /usr/libexec/gcc/x86_64-linux-gnu/13/cc1, -nostdinc, -o, /home/test/my-awesome-project/CISB/server/switchjumptable/db-l25/working/tmp//semmle_2_47615_710070.o, /home/test/my-awesome-project/CISB/server/switchjumptable/db-l25/working/tmp//semmle_1_47615_710041.c]
[T 04:22:35 47625] trace_languages(1): [cpp]
[T 04:22:35 47627] Attempting to switch stdout/stderr to 7...
[T 04:22:35 47627] Initializing tracer.
[T 04:22:35 47627] Initializing tags.
[T 04:22:35 47627] ID set to 000000000000BA0B_0000000000000001 (parent 000000000000BA09_0000000000000001)
[E 04:22:35 47627] Mimicry classification suppression detected; exiting.
[E 04:22:35 47627] Extractor exited successfully
[T 04:22:35 47625] Extractor /mnt/c/Tools/codeql/cpp/tools/linux64/extractor terminated with exit code 0.
[T 04:22:35 47628] Initializing tracer.
[T 04:22:35 47628] Initializing tags.
[T 04:22:35 47628] ID set to 000000000000BA0C_0000000000000001 (parent 000000000000B9FF_0000000000000001)
[T 04:22:35 47628] ==== Candidate to intercept: /usr/libexec/gcc/x86_64-linux-gnu/13/cc1 (canonical: /usr/libexec/gcc/x86_64-linux-gnu/13/cc1) ====
[T 04:22:35 47628] Lua: === Intercepted call to /usr/libexec/gcc/x86_64-linux-gnu/13/cc1 ===
[T 04:22:35 47628] Executing the following tracer actions:
[T 04:22:35 47628] Tracer actions:
[T 04:22:35 47628] pre_invocations(0)
[T 04:22:35 47628] post_invocations(1)
[T 04:22:35 47628] invocation: /mnt/c/Tools/codeql/cpp/tools/linux64/extractor, args: [--mimic, /usr/libexec/gcc/x86_64-linux-gnu/13/cc1, -nostdinc, -o, /home/test/my-awesome-project/CISB/server/switchjumptable/db-l25/working/tmp//semmle_4_47615_744605.o, /home/test/my-awesome-project/CISB/server/switchjumptable/db-l25/working/tmp//semmle_3_47615_744547.c]
[T 04:22:35 47628] trace_languages(1): [cpp]
[T 04:22:35 47630] Attempting to switch stdout/stderr to 7...
[T 04:22:35 47630] Initializing tracer.
[T 04:22:35 47630] Initializing tags.
[T 04:22:35 47630] ID set to 000000000000BA0E_0000000000000001 (parent 000000000000BA0C_0000000000000001)
[E 04:22:35 47630] Mimicry classification suppression detected; exiting.
[E 04:22:35 47630] Extractor exited successfully
[T 04:22:35 47628] Extractor /mnt/c/Tools/codeql/cpp/tools/linux64/extractor terminated with exit code 0.
[E 04:22:35 47615] Checking whether C compilation already happened.
[E 04:22:35 47615] Checking for tag c-compilation-happened
[E 04:22:35 47615] Checking CODEQL_TRACER_DB_ID 000000000000B9FA_0000000000000001
[E 04:22:35 47615] Locking DB /home/test/my-awesome-project/CISB/server/switchjumptable/db-l25/working/tags.db
[E 04:22:35 47615] Locked DB /home/test/my-awesome-project/CISB/server/switchjumptable/db-l25/working/tags.db
[E 04:22:35 47615] Unlocking DB
[E 04:22:35 47615] Unlocked DB
[E 04:22:35 47615] Looks like C compilation didn't already happen.
[E 04:22:35 47615] Checking whether C compilation has been attempted.
[E 04:22:35 47615] Checking for tag c-compilation-attempted
[E 04:22:35 47615] Checking CODEQL_TRACER_DB_ID 000000000000B9FA_0000000000000001
[E 04:22:35 47615] Locking DB /home/test/my-awesome-project/CISB/server/switchjumptable/db-l25/working/tags.db
[E 04:22:35 47615] Locked DB /home/test/my-awesome-project/CISB/server/switchjumptable/db-l25/working/tags.db
[E 04:22:35 47615] Unlocking DB
[E 04:22:35 47615] Unlocked DB
[E 04:22:35 47615] Marking C compilation as attempted.
[E 04:22:35 47615] Setting tag c-compilation-attempted
[E 04:22:35 47615] Starting from CODEQL_TRACER_DB_ID 000000000000B9FA_0000000000000001
[E 04:22:35 47615] Locking DB /home/test/my-awesome-project/CISB/server/switchjumptable/db-l25/working/tags.db
[E 04:22:35 47615] Locked DB /home/test/my-awesome-project/CISB/server/switchjumptable/db-l25/working/tags.db
[E 04:22:35 47615] Set tag for 000000000000B9FA_0000000000000001
[E 04:22:35 47615] Set tag for 000000000000B9F8_0000000000000001
[E 04:22:35 47615] Set tag for 000000000000B9F1_0000000000000003
[E 04:22:35 47615] Set tag for 000000000000B9F1_0000000000000002
[E 04:22:35 47615] Set tag for root
[E 04:22:35 47615] Unlocking DB
[E 04:22:35 47615] Unlocked DB
[T 04:22:35 47631] Initializing tracer.
[T 04:22:35 47631] Initializing tags.
[T 04:22:35 47631] ID set to 000000000000BA0F_0000000000000001 (parent 000000000000B9FF_0000000000000001)
[T 04:22:35 47631] ==== Candidate to intercept: /usr/libexec/gcc/x86_64-linux-gnu/13/cc1 (canonical: /usr/libexec/gcc/x86_64-linux-gnu/13/cc1) ====
[T 04:22:35 47631] Lua: === Intercepted call to /usr/libexec/gcc/x86_64-linux-gnu/13/cc1 ===
[T 04:22:35 47631] Executing the following tracer actions:
[T 04:22:35 47631] Tracer actions:
[T 04:22:35 47631] pre_invocations(0)
[T 04:22:35 47631] post_invocations(1)
[T 04:22:35 47631] invocation: /mnt/c/Tools/codeql/cpp/tools/linux64/extractor, args: [--mimic, /usr/libexec/gcc/x86_64-linux-gnu/13/cc1, @/home/test/my-awesome-project/CISB/server/switchjumptable/db-l25/working/tmp//semmle_6_47615_777868, -v, -fsyntax-only, /home/test/my-awesome-project/CISB/server/switchjumptable/db-l25/working/tmp//semmle_7_47615_777997]
[T 04:22:35 47631] trace_languages(1): [cpp]
[T 04:22:35 47633] Attempting to switch stdout/stderr to 7...
[T 04:22:35 47633] Initializing tracer.
[T 04:22:35 47633] Initializing tags.
[T 04:22:35 47633] ID set to 000000000000BA11_0000000000000001 (parent 000000000000BA0F_0000000000000001)
[E 04:22:35 47633] Mimicry classification suppression detected; exiting.
[E 04:22:35 47633] Extractor exited successfully
[T 04:22:35 47631] Extractor /mnt/c/Tools/codeql/cpp/tools/linux64/extractor terminated with exit code 0.
[T 04:22:35 47634] Initializing tracer.
[T 04:22:35 47634] Initializing tags.
[T 04:22:35 47634] ID set to 000000000000BA12_0000000000000001 (parent 000000000000B9FF_0000000000000001)
[T 04:22:35 47634] ==== Candidate to intercept: /usr/libexec/gcc/x86_64-linux-gnu/13/cc1 (canonical: /usr/libexec/gcc/x86_64-linux-gnu/13/cc1) ====
[T 04:22:35 47634] Lua: === Intercepted call to /usr/libexec/gcc/x86_64-linux-gnu/13/cc1 ===
[T 04:22:35 47634] Executing the following tracer actions:
[T 04:22:35 47634] Tracer actions:
[T 04:22:35 47634] pre_invocations(0)
[T 04:22:35 47634] post_invocations(1)
[T 04:22:35 47634] invocation: /mnt/c/Tools/codeql/cpp/tools/linux64/extractor, args: [--mimic, /usr/libexec/gcc/x86_64-linux-gnu/13/cc1, @/home/test/my-awesome-project/CISB/server/switchjumptable/db-l25/working/tmp//semmle_6_47615_777868, -E, -dM, /home/test/my-awesome-project/CISB/server/switchjumptable/db-l25/working/tmp//semmle_8_47615_803707]
[T 04:22:35 47634] trace_languages(1): [cpp]
[T 04:22:35 47636] Attempting to switch stdout/stderr to 7...
[T 04:22:35 47636] Initializing tracer.
[T 04:22:35 47636] Initializing tags.
[T 04:22:35 47636] ID set to 000000000000BA14_0000000000000001 (parent 000000000000BA12_0000000000000001)
[E 04:22:35 47636] Mimicry classification suppression detected; exiting.
[E 04:22:35 47636] Extractor exited successfully
[T 04:22:35 47634] Extractor /mnt/c/Tools/codeql/cpp/tools/linux64/extractor terminated with exit code 0.
[T 04:22:35 47637] Initializing tracer.
[T 04:22:35 47637] Initializing tags.
[T 04:22:35 47637] ID set to 000000000000BA15_0000000000000001 (parent 000000000000B9FF_0000000000000001)
[T 04:22:35 47637] ==== Candidate to intercept: /usr/libexec/gcc/x86_64-linux-gnu/13/cc1 (canonical: /usr/libexec/gcc/x86_64-linux-gnu/13/cc1) ====
[T 04:22:35 47637] Lua: === Intercepted call to /usr/libexec/gcc/x86_64-linux-gnu/13/cc1 ===
[T 04:22:35 47637] Executing the following tracer actions:
[T 04:22:35 47637] Tracer actions:
[T 04:22:35 47637] pre_invocations(0)
[T 04:22:35 47637] post_invocations(1)
[T 04:22:35 47637] invocation: /mnt/c/Tools/codeql/cpp/tools/linux64/extractor, args: [--mimic, /usr/libexec/gcc/x86_64-linux-gnu/13/cc1, @/home/test/my-awesome-project/CISB/server/switchjumptable/db-l25/working/tmp//semmle_9_47615_832807, -o, /home/test/my-awesome-project/CISB/server/switchjumptable/db-l25/working/tmp//semmle_11_47615_833389.o, /home/test/my-awesome-project/CISB/server/switchjumptable/db-l25/working/tmp//semmle_10_47615_833346.c]
[T 04:22:35 47637] trace_languages(1): [cpp]
[T 04:22:35 47639] Attempting to switch stdout/stderr to 7...
[T 04:22:35 47639] Initializing tracer.
[T 04:22:35 47639] Initializing tags.
[T 04:22:35 47639] ID set to 000000000000BA17_0000000000000001 (parent 000000000000BA15_0000000000000001)
[E 04:22:35 47639] Mimicry classification suppression detected; exiting.
[E 04:22:35 47639] Extractor exited successfully
[T 04:22:35 47637] Extractor /mnt/c/Tools/codeql/cpp/tools/linux64/extractor terminated with exit code 0.
[T 04:22:35 47640] Initializing tracer.
[T 04:22:35 47640] Initializing tags.
[T 04:22:35 47640] ID set to 000000000000BA18_0000000000000001 (parent 000000000000B9FF_0000000000000001)
[T 04:22:35 47640] ==== Candidate to intercept: /usr/libexec/gcc/x86_64-linux-gnu/13/cc1 (canonical: /usr/libexec/gcc/x86_64-linux-gnu/13/cc1) ====
[T 04:22:35 47640] Lua: === Intercepted call to /usr/libexec/gcc/x86_64-linux-gnu/13/cc1 ===
[T 04:22:35 47640] Executing the following tracer actions:
[T 04:22:35 47640] Tracer actions:
[T 04:22:35 47640] pre_invocations(0)
[T 04:22:35 47640] post_invocations(1)
[T 04:22:35 47640] invocation: /mnt/c/Tools/codeql/cpp/tools/linux64/extractor, args: [--mimic, /usr/libexec/gcc/x86_64-linux-gnu/13/cc1, @/home/test/my-awesome-project/CISB/server/switchjumptable/db-l25/working/tmp//semmle_9_47615_832807, -o, /home/test/my-awesome-project/CISB/server/switchjumptable/db-l25/working/tmp//semmle_13_47615_862050.o, /home/test/my-awesome-project/CISB/server/switchjumptable/db-l25/working/tmp//semmle_12_47615_862003.c]
[T 04:22:35 47640] trace_languages(1): [cpp]
[T 04:22:35 47670] Attempting to switch stdout/stderr to 7...
[T 04:22:35 47670] Initializing tracer.
[T 04:22:35 47670] Initializing tags.
[T 04:22:35 47670] ID set to 000000000000BA36_0000000000000001 (parent 000000000000BA18_0000000000000001)
[E 04:22:35 47670] Mimicry classification suppression detected; exiting.
[E 04:22:35 47670] Extractor exited successfully
[T 04:22:35 47640] Extractor /mnt/c/Tools/codeql/cpp/tools/linux64/extractor terminated with exit code 0.
[T 04:22:35 47672] Initializing tracer.
[T 04:22:35 47672] Initializing tags.
[T 04:22:35 47672] ID set to 000000000000BA38_0000000000000001 (parent 000000000000B9FF_0000000000000001)
[T 04:22:35 47672] ==== Candidate to intercept: /usr/libexec/gcc/x86_64-linux-gnu/13/cc1 (canonical: /usr/libexec/gcc/x86_64-linux-gnu/13/cc1) ====
[T 04:22:35 47672] Lua: === Intercepted call to /usr/libexec/gcc/x86_64-linux-gnu/13/cc1 ===
[T 04:22:35 47672] Executing the following tracer actions:
[T 04:22:35 47672] Tracer actions:
[T 04:22:35 47672] pre_invocations(0)
[T 04:22:35 47672] post_invocations(1)
[T 04:22:35 47672] invocation: /mnt/c/Tools/codeql/cpp/tools/linux64/extractor, args: [--mimic, /usr/libexec/gcc/x86_64-linux-gnu/13/cc1, @/home/test/my-awesome-project/CISB/server/switchjumptable/db-l25/working/tmp//semmle_9_47615_832807, -o, /home/test/my-awesome-project/CISB/server/switchjumptable/db-l25/working/tmp//semmle_15_47615_893089.o, /home/test/my-awesome-project/CISB/server/switchjumptable/db-l25/working/tmp//semmle_14_47615_893047.c]
[T 04:22:35 47672] trace_languages(1): [cpp]
[T 04:22:35 47701] Attempting to switch stdout/stderr to 7...
[T 04:22:35 47701] Initializing tracer.
[T 04:22:35 47701] Initializing tags.
[T 04:22:35 47701] ID set to 000000000000BA55_0000000000000001 (parent 000000000000BA38_0000000000000001)
[E 04:22:35 47701] Mimicry classification suppression detected; exiting.
[E 04:22:35 47701] Extractor exited successfully
[T 04:22:35 47672] Extractor /mnt/c/Tools/codeql/cpp/tools/linux64/extractor terminated with exit code 0.
[T 04:22:35 47702] Initializing tracer.
[T 04:22:35 47702] Initializing tags.
[T 04:22:35 47702] ID set to 000000000000BA56_0000000000000001 (parent 000000000000B9FF_0000000000000001)
[T 04:22:35 47702] ==== Candidate to intercept: /usr/libexec/gcc/x86_64-linux-gnu/13/cc1 (canonical: /usr/libexec/gcc/x86_64-linux-gnu/13/cc1) ====
[T 04:22:35 47702] Lua: === Intercepted call to /usr/libexec/gcc/x86_64-linux-gnu/13/cc1 ===
[T 04:22:35 47702] Executing the following tracer actions:
[T 04:22:35 47702] Tracer actions:
[T 04:22:35 47702] pre_invocations(0)
[T 04:22:35 47702] post_invocations(1)
[T 04:22:35 47702] invocation: /mnt/c/Tools/codeql/cpp/tools/linux64/extractor, args: [--mimic, /usr/libexec/gcc/x86_64-linux-gnu/13/cc1, @/home/test/my-awesome-project/CISB/server/switchjumptable/db-l25/working/tmp//semmle_9_47615_832807, -o, /home/test/my-awesome-project/CISB/server/switchjumptable/db-l25/working/tmp//semmle_17_47615_922883.o, /home/test/my-awesome-project/CISB/server/switchjumptable/db-l25/working/tmp//semmle_16_47615_922840.c]
[T 04:22:35 47702] trace_languages(1): [cpp]
[T 04:22:35 47704] Attempting to switch stdout/stderr to 7...
[T 04:22:35 47704] Initializing tracer.
[T 04:22:35 47704] Initializing tags.
[T 04:22:35 47704] ID set to 000000000000BA58_0000000000000001 (parent 000000000000BA56_0000000000000001)
[E 04:22:35 47704] Mimicry classification suppression detected; exiting.
[E 04:22:35 47704] Extractor exited successfully
[T 04:22:35 47702] Extractor /mnt/c/Tools/codeql/cpp/tools/linux64/extractor terminated with exit code 0.
[T 04:22:35 47705] Initializing tracer.
[T 04:22:35 47705] Initializing tags.
[T 04:22:35 47705] ID set to 000000000000BA59_0000000000000001 (parent 000000000000B9FF_0000000000000001)
[T 04:22:35 47705] ==== Candidate to intercept: /usr/libexec/gcc/x86_64-linux-gnu/13/cc1 (canonical: /usr/libexec/gcc/x86_64-linux-gnu/13/cc1) ====
[T 04:22:35 47705] Lua: === Intercepted call to /usr/libexec/gcc/x86_64-linux-gnu/13/cc1 ===
[T 04:22:35 47705] Executing the following tracer actions:
[T 04:22:35 47705] Tracer actions:
[T 04:22:35 47705] pre_invocations(0)
[T 04:22:35 47705] post_invocations(1)
[T 04:22:35 47705] invocation: /mnt/c/Tools/codeql/cpp/tools/linux64/extractor, args: [--mimic, /usr/libexec/gcc/x86_64-linux-gnu/13/cc1, @/home/test/my-awesome-project/CISB/server/switchjumptable/db-l25/working/tmp//semmle_9_47615_832807, -o, /home/test/my-awesome-project/CISB/server/switchjumptable/db-l25/working/tmp//semmle_19_47615_957585.o, /home/test/my-awesome-project/CISB/server/switchjumptable/db-l25/working/tmp//semmle_18_47615_957552.c]
[T 04:22:35 47705] trace_languages(1): [cpp]
[T 04:22:35 47735] Attempting to switch stdout/stderr to 7...
[T 04:22:35 47735] Initializing tracer.
[T 04:22:35 47735] Initializing tags.
[T 04:22:35 47735] ID set to 000000000000BA77_0000000000000001 (parent 000000000000BA59_0000000000000001)
[E 04:22:35 47735] Mimicry classification suppression detected; exiting.
[E 04:22:35 47735] Extractor exited successfully
[T 04:22:35 47705] Extractor /mnt/c/Tools/codeql/cpp/tools/linux64/extractor terminated with exit code 0.
[T 04:22:35 47737] Initializing tracer.
[T 04:22:35 47737] Initializing tags.
[T 04:22:35 47737] ID set to 000000000000BA79_0000000000000001 (parent 000000000000B9FF_0000000000000001)
[T 04:22:35 47737] ==== Candidate to intercept: /usr/libexec/gcc/x86_64-linux-gnu/13/cc1 (canonical: /usr/libexec/gcc/x86_64-linux-gnu/13/cc1) ====
[T 04:22:35 47737] Lua: === Intercepted call to /usr/libexec/gcc/x86_64-linux-gnu/13/cc1 ===
[T 04:22:35 47737] Executing the following tracer actions:
[T 04:22:35 47737] Tracer actions:
[T 04:22:35 47737] pre_invocations(0)
[T 04:22:35 47737] post_invocations(1)
[T 04:22:35 47737] invocation: /mnt/c/Tools/codeql/cpp/tools/linux64/extractor, args: [--mimic, /usr/libexec/gcc/x86_64-linux-gnu/13/cc1, @/home/test/my-awesome-project/CISB/server/switchjumptable/db-l25/working/tmp//semmle_9_47615_832807, -o, /home/test/my-awesome-project/CISB/server/switchjumptable/db-l25/working/tmp//semmle_21_47615_992086.o, /home/test/my-awesome-project/CISB/server/switchjumptable/db-l25/working/tmp//semmle_20_47615_992010.c]
[T 04:22:35 47737] trace_languages(1): [cpp]
[T 04:22:36 47753] Attempting to switch stdout/stderr to 7...
[T 04:22:36 47753] Initializing tracer.
[T 04:22:36 47753] Initializing tags.
[T 04:22:36 47753] ID set to 000000000000BA89_0000000000000001 (parent 000000000000BA79_0000000000000001)
[E 04:22:36 47753] Mimicry classification suppression detected; exiting.
[E 04:22:36 47753] Extractor exited successfully
[T 04:22:36 47737] Extractor /mnt/c/Tools/codeql/cpp/tools/linux64/extractor terminated with exit code 0.
[E 04:22:36 47615] Processed command line: /mnt/c/Tools/codeql/cpp/tools/linux64/extractor --trapfolder /home/test/my-awesome-project/CISB/server/switchjumptable/db-l25/trap/cpp --src_archive /home/test/my-awesome-project/CISB/server/switchjumptable/db-l25/src --object_filename /tmp/ccL1936V.s --no_warnings_and_discretionary_errors --error_limit 1000 --disable_system_macros --variadic_macros --incognito --gcc --gnu_version 130300 --target linux_x86_64 '-D__DBL_MIN_EXP__=(-1021)' -D__UINT_LEAST16_MAX__=0xffff -D__FLT16_HAS_QUIET_NAN__=1 -D__ATOMIC_ACQUIRE=2 -D__FLT128_MAX_10_EXP__=4932 -D__FLT_MIN__=1.17549435082228750796873653722224568e-38F -D__GCC_IEC_559_COMPLEX=2 '-D__UINT_LEAST8_TYPE__=unsigned char' -D__SIZEOF_FLOAT80__=16 -D__BFLT16_DENORM_MIN__=9.18354961579912115600575419704879436e-41BF16 '-D__INTMAX_C(c)=c ## L' -D__CHAR_BIT__=8 -D__UINT8_MAX__=0xff -D__SCHAR_WIDTH__=8 -D__WINT_MAX__=0xffffffffU '-D__FLT32_MIN_EXP__=(-125)' -D__BFLT16_NORM_MAX__=3.38953138925153547590470800371487867e+38BF16 '-D__BFLT16_MIN_10_EXP__=(-37)' -D__ORDER_LITTLE_ENDIAN__=1234 -D__WCHAR_MAX__=0x7fffffff -D__GCC_HAVE_SYNC_COMPARE_AND_SWAP_2=1 -D__GCC_HAVE_SYNC_COMPARE_AND_SWAP_4=1 -D__GCC_HAVE_SYNC_COMPARE_AND_SWAP_8=1 -D__GCC_ATOMIC_CHAR_LOCK_FREE=2 -D__GCC_IEC_559=2 -D__FLT32X_DECIMAL_DIG__=17 -D__FLT_EVAL_METHOD__=0 -D__FLT64_DECIMAL_DIG__=17 -D__CET__=3 -D__GCC_ATOMIC_CHAR32_T_LOCK_FREE=2 -D__UINT_FAST64_MAX__=0xffffffffffffffffUL -D__SIG_ATOMIC_TYPE__=int '-D__DBL_MIN_10_EXP__=(-307)' -D__FINITE_MATH_ONLY__=0 -D__FLT32X_MAX_EXP__=1024 -D__GCC_HAVE_SYNC_COMPARE_AND_SWAP_1=1 -D__FLT32_HAS_DENORM__=1 -D__UINT_FAST8_MAX__=0xff -D__FLT32_MAX_10_EXP__=38 -D__DEC64_MAX_EXP__=385 '-D__INT8_C(c)=c' -D__INT_LEAST8_WIDTH__=8 -D__UINT_LEAST64_MAX__=0xffffffffffffffffUL -D__SHRT_MAX__=0x7fff -D__LDBL_MAX__=1.18973149535723176502126385303097021e+4932L -D__FLT64X_MAX_10_EXP__=4932 -D__BFLT16_MAX_10_EXP__=38 -D__BFLT16_MAX_EXP__=128 -D__LDBL_IS_IEC_60559__=1 -D__FLT64X_HAS_QUIET_NAN__=1 -D__UINT_LEAST8_MAX__=0xff -D__GCC_ATOMIC_BOOL_LOCK_FREE=2 -D__FLT128_DENORM_MIN__=6.47517511943802511092443895822764655e-4966F128 '-D__UINTMAX_TYPE__=long unsigned int' -D__BFLT16_DECIMAL_DIG__=4 -D__linux=1 -D__DEC32_EPSILON__=1E-6DF -D__FLT_EVAL_METHOD_TS_18661_3__=0 -D__UINT32_MAX__=0xffffffffU '-D__DBL_DENORM_MIN__=((double)4.94065645841246544176568792868221372e-324L)' '-D__FLT128_MIN_EXP__=(-16381)' -D__WINT_MIN__=0U '-D__FLT128_MIN_10_EXP__=(-4931)' -D__FLT32X_IS_IEC_60559__=1 -D__INT_LEAST16_WIDTH__=16 -D__SCHAR_MAX__=0x7f -D__FLT128_MANT_DIG__=113 '-D__WCHAR_MIN__=(-__WCHAR_MAX__ - 1)' '-D__INT64_C(c)=c ## L' -D__SSP_STRONG__=3 -D__GCC_ATOMIC_POINTER_LOCK_FREE=2 -D__ATOMIC_SEQ_CST=5 -D__unix=1 -D__INT_LEAST64_MAX__=0x7fffffffffffffffL -D__FLT32X_MANT_DIG__=53 -D__FLT64X_EPSILON__=1.08420217248550443400745280086994171e-19F64x '-D__DEC64_MIN_EXP__=(-382)' -D__DBL_DIG__=15 -D__FLT_EPSILON__=1.19209289550781250000000000000000000e-7F -D__SHRT_WIDTH__=16 -D__FLT32_IS_IEC_60559__=1 -D__LDBL_MIN__=3.36210314311209350626267781732175260e-4932L -D__STDC_UTF_16__=1 -D__DBL_IS_IEC_60559__=1 -D__DEC32_MAX__=9.999999E96DF -D__FLT64X_DENORM_MIN__=3.64519953188247460252840593361941982e-4951F64x -D__FLT32X_HAS_INFINITY__=1 -D__unix__=1 -D__INT_WIDTH__=32 -D__STDC_IEC_559__=1 -D__STDC_ISO_10646__=201706L -D__DECIMAL_DIG__=21 -D__STDC_IEC_559_COMPLEX__=1 -D__FLT64_EPSILON__=2.22044604925031308084726333618164062e-16F64 -D__gnu_linux__=1 -D__FLT128_IS_IEC_60559__=1 '-D__FLT64X_MIN_10_EXP__=(-4931)' -D__LDBL_HAS_QUIET_NAN__=1 '-D__FLT16_MIN_EXP__=(-13)' -D__FLT64_MANT_DIG__=53 -D__FLT64X_MANT_DIG__=64 -D__BFLT16_DIG__=2 -D__pie__=2 -D__MMX__=1 -D__FLT_HAS_DENORM__=1 -D__SIZEOF_LONG_DOUBLE__=16 -D__BIGGEST_ALIGNMENT__=16 -D__FLT64_MAX_10_EXP__=308 -D__BFLT16_IS_IEC_60559__=0 -D__FLT16_MAX_10_EXP__=4 '-D__DBL_MAX__=((double)1.79769313486231570814527423731704357e+308L)' -D__INT_FAST32_MAX__=0x7fffffffffffffffL -D__DBL_HAS_INFINITY__=1 -D__INT64_MAX__=0x7fffffffffffffffL -D__SIZEOF_FLOAT__=4 -D__HAVE_SPECULATION_SAFE_VALUE=1 '-D__DEC32_MIN_EXP__=(-94)' -D__INTPTR_WIDTH__=64 -D__UINT_LEAST32_MAX__=0xffffffffU -D__FLT32X_HAS_DENORM__=1 '-D__INT_FAST16_TYPE__=long int' -D__MMX_WITH_SSE__=1 -D__LDBL_HAS_DENORM__=1 -D__SEG_GS=1 -D__BFLT16_EPSILON__=7.81250000000000000000000000000000000e-3BF16 -D__FLT128_HAS_INFINITY__=1 -D__DEC32_MIN__=1E-95DF -D__DBL_MAX_EXP__=1024 -D__WCHAR_WIDTH__=32 -D__FLT32_MAX__=3.40282346638528859811704183484516925e+38F32 -D__DEC128_EPSILON__=1E-33DL -D__FLT16_DECIMAL_DIG__=5 -D__SSE2_MATH__=1 -D__ATOMIC_HLE_RELEASE=131072 -D__PTRDIFF_MAX__=0x7fffffffffffffffL -D__amd64=1 -D__ATOMIC_HLE_ACQUIRE=65536 -D__LONG_LONG_MAX__=0x7fffffffffffffffLL -D__SIZEOF_SIZE_T__=8 -D__BFLT16_HAS_INFINITY__=1 '-D__FLT64X_MIN_EXP__=(-16381)' -D__SIZEOF_WINT_T__=4 -D__LONG_LONG_WIDTH__=64 -D__FLT32_MAX_EXP__=128 -D__GXX_ABI_VERSION=1018 '-D__FLT_MIN_EXP__=(-125)' -D__GCC_HAVE_DWARF2_CFI_ASM=1 -D__INT16_MAX__=0x7fff -D__x86_64=1 '-D__INT_FAST64_TYPE__=long int' -D__BFLT16_MAX__=3.38953138925153547590470800371487867e+38BF16 -D__BFLT16_HAS_DENORM__=1 -D__FLT64_DENORM_MIN__=4.94065645841246544176568792868221372e-324F64 -D__FLT16_DENORM_MIN__=5.96046447753906250000000000000000000e-8F16 -D__FLT128_EPSILON__=1.92592994438723585305597794258492732e-34F128 -D__FLT64X_NORM_MAX__=1.18973149535723176502126385303097021e+4932F64x -D__SIZEOF_POINTER__=8 '-D__SIZE_TYPE__=long unsigned int' -D__LP64__=1 -D__DBL_HAS_QUIET_NAN__=1 -D__FLT32X_EPSILON__=2.22044604925031308084726333618164062e-16F32x -D__LDBL_MAX_EXP__=16384 -D__DECIMAL_BID_FORMAT__=1 '-D__FLT64_MIN_EXP__=(-1021)' '-D__FLT64_MIN_10_EXP__=(-307)' '-D__FLT16_MIN_10_EXP__=(-4)' -D__FLT64X_DECIMAL_DIG__=21 -D__DEC128_MIN__=1E-6143DL -D__REGISTER_PREFIX__= -D__UINT16_MAX__=0xffff -D__DBL_HAS_DENORM__=1 -D__FLT32_MIN__=1.17549435082228750796873653722224568e-38F32 '-D__UINT8_TYPE__=unsigned char' -D__FLT_DIG__=6 -D__NO_INLINE__=1 -D__DEC_EVAL_METHOD__=2 -D__FLT_MANT_DIG__=24 -D__LDBL_DECIMAL_DIG__=21 '-D__UINT64_C(c)=c ## UL' -D_STDC_PREDEF_H=1 -D__INT_LEAST32_MAX__=0x7fffffff -D__GCC_ATOMIC_INT_LOCK_FREE=2 -D__FLT128_MAX_EXP__=16384 -D__FLT32_MANT_DIG__=24 -D__FLOAT_WORD_ORDER__=__ORDER_LITTLE_ENDIAN__ '-D__FLT32X_MIN_EXP__=(-1021)' -D__STDC_IEC_60559_COMPLEX__=201404L -D__BFLT16_MIN__=1.17549435082228750796873653722224568e-38BF16 -D__FLT128_HAS_DENORM__=1 -D__FLT32_DECIMAL_DIG__=9 -D__FLT128_DIG__=33 '-D__INT32_C(c)=c' -D__DEC64_EPSILON__=1E-15DD -D__ORDER_PDP_ENDIAN__=3412 '-D__DEC128_MIN_EXP__=(-6142)' -D__DEC128_MAX__=9.999999999999999999999999999999999E6144DL '-D__INT_FAST32_TYPE__=long int' '-D__UINT_LEAST16_TYPE__=short unsigned int' -D__DEC128_MAX_EXP__=6145 -Dunix=1 -D__UINT64_MAX__=0xffffffffffffffffUL -D__FLT_IS_IEC_60559__=1 '-D__GNUC_WIDE_EXECUTION_CHARSET_NAME="UTF-32LE"' -D__FLT64X_DIG__=18 '-D__INT8_TYPE__=signed char' -D__ELF__=1 -D__GCC_ASM_FLAG_OUTPUTS__=1 '-D__UINT32_TYPE__=unsigned int' -D__BFLT16_HAS_QUIET_NAN__=1 -D__FLT_RADIX__=2 '-D__INT_LEAST16_TYPE__=short int' -D__LDBL_EPSILON__=1.08420217248550443400745280086994171e-19L '-D__UINTMAX_C(c)=c ## UL' -D__FLT16_DIG__=3 -D__SSE_MATH__=1 -D__k8=1 -D__FLT32X_MIN__=2.22507385850720138309023271733240406e-308F32x -D__SIG_ATOMIC_MAX__=0x7fffffff -D__GCC_ATOMIC_WCHAR_T_LOCK_FREE=2 -D__USER_LABEL_PREFIX__= -D__STDC_IEC_60559_BFP__=201404L -D__SIZEOF_PTRDIFF_T__=8 -D__FLT64X_HAS_INFINITY__=1 -D__FLT32_HAS_INFINITY__=1 -D__SIZEOF_LONG__=8 -D__LDBL_DIG__=18 -D__FLT64_IS_IEC_60559__=1 -D__x86_64__=1 -D__FLT16_IS_IEC_60559__=1 -D__FLT16_MAX_EXP__=16 -D__DEC32_SUBNORMAL_MIN__=0.000001E-95DF -D__INT_FAST16_MAX__=0x7fffffffffffffffL -D__GCC_CONSTRUCTIVE_SIZE=64 -D__FLT64_DIG__=15 -D__UINT_FAST32_MAX__=0xffffffffffffffffUL '-D__UINT_LEAST64_TYPE__=long unsigned int' -D__FLT16_EPSILON__=9.76562500000000000000000000000000000e-4F16 -D__FLT_HAS_QUIET_NAN__=1 -D__FLT_MAX_10_EXP__=38 -D__LONG_MAX__=0x7fffffffffffffffL -D__FLT64X_HAS_DENORM__=1 -D__DEC128_SUBNORMAL_MIN__=0.000000000000000000000000000000001E-6143DL -D__FLT_HAS_INFINITY__=1 '-D__GNUC_EXECUTION_CHARSET_NAME="UTF-8"' '-D__UINT_FAST16_TYPE__=long unsigned int' -D__DEC64_MAX__=9.999999999999999E384DD -D__INT_FAST32_WIDTH__=64 -D__PRAGMA_REDEFINE_EXTNAME=1 -D__SIZE_WIDTH__=64 -D__SEG_FS=1 -D__INT_LEAST16_MAX__=0x7fff -D__FLT16_NORM_MAX__=6.55040000000000000000000000000000000e+4F16 -D__DEC64_MANT_DIG__=16 -D__FLT32_DENORM_MIN__=1.40129846432481707092372958328991613e-45F32 -D__SIG_ATOMIC_WIDTH__=32 '-D__INT_LEAST64_TYPE__=long int' '-D__INT16_TYPE__=short int' '-D__INT_LEAST8_TYPE__=signed char' -D__FLT16_MAX__=6.55040000000000000000000000000000000e+4F16 -D__FLT128_MIN__=3.36210314311209350626267781732175260e-4932F128 -D__SIZEOF_INT__=4 -D__DEC32_MAX_EXP__=97 -D__INT_FAST8_MAX__=0x7f -D__FLT128_MAX__=1.18973149535723176508575932662800702e+4932F128 -D__INTPTR_MAX__=0x7fffffffffffffffL -Dlinux=1 -D__FLT64_HAS_QUIET_NAN__=1 '-D__FLT32_MIN_10_EXP__=(-37)' -D__FLT32X_DIG__=15 '-D__UINT16_C(c)=c' -D__PTRDIFF_WIDTH__=64 -D__LDBL_MANT_DIG__=64 -D__INT_FAST16_WIDTH__=64 -D__FLT64_HAS_INFINITY__=1 -D__FLT64X_MAX__=1.18973149535723176502126385303097021e+4932F64x -D__FLT16_HAS_INFINITY__=1 '-D__SIG_ATOMIC_MIN__=(-__SIG_ATOMIC_MAX__ - 1)' -D__code_model_small__=1 -D__GCC_ATOMIC_LONG_LOCK_FREE=2 -D__DEC32_MANT_DIG__=7 -D__FLT16_MANT_DIG__=11 -D__k8__=1 '-D__INTPTR_TYPE__=long int' '-D__UINT16_TYPE__=short unsigned int' -D__WCHAR_TYPE__=int -D__pic__=2 -D__UINTPTR_MAX__=0xffffffffffffffffUL -D__INT_FAST64_WIDTH__=64 -D__LDBL_HAS_INFINITY__=1 -D__INT_FAST64_MAX__=0x7fffffffffffffffL -D__GCC_ATOMIC_TEST_AND_SET_TRUEVAL=1 -D__FLT_NORM_MAX__=3.40282346638528859811704183484516925e+38F -D__FLT64X_MAX_EXP__=16384 '-D__UINT_FAST64_TYPE__=long unsigned int' '-D__BFLT16_MIN_EXP__=(-125)' -D__INT_MAX__=0x7fffffff -D__linux__=1 '-D__INT64_TYPE__=long int' -D__FLT_MAX_EXP__=128 -D__ORDER_BIG_ENDIAN__=4321 -D__DBL_MANT_DIG__=53 -D__SIZEOF_FLOAT128__=16 -D__BFLT16_MANT_DIG__=8 -D__GCC_ATOMIC_CHAR16_T_LOCK_FREE=2 -D__DEC64_MIN__=1E-383DD '-D__WINT_TYPE__=unsigned int' '-D__UINT_LEAST32_TYPE__=unsigned int' -D__SIZEOF_SHORT__=2 -D__FLT32_NORM_MAX__=3.40282346638528859811704183484516925e+38F32 -D__SSE__=1 '-D__LDBL_MIN_EXP__=(-16381)' -D__FLT64_MAX__=1.79769313486231570814527423731704357e+308F64 -D__amd64__=1 -D__WINT_WIDTH__=32 -D__INT_LEAST8_MAX__=0x7f -D__INT_LEAST64_WIDTH__=64 -D__FLT32X_MAX_10_EXP__=308 -D__SIZEOF_INT128__=16 -D__FLT16_MIN__=6.10351562500000000000000000000000000e-5F16 -D__FLT64X_IS_IEC_60559__=1 -D__LDBL_MAX_10_EXP__=4932 -D__ATOMIC_RELAXED=0 '-D__DBL_EPSILON__=((double)2.22044604925031308084726333618164062e-16L)' -D__INT_LEAST32_TYPE__=int -D_LP64=1 '-D__UINT8_C(c)=c' -D__FLT64_MAX_EXP__=1024 -D__SIZEOF_WCHAR_T__=4 '-D__UINT64_TYPE__=long unsigned int' -D__FLT128_NORM_MAX__=1.18973149535723176508575932662800702e+4932F128 -D__FLT64_NORM_MAX__=1.79769313486231570814527423731704357e+308F64 -D__FLT128_HAS_QUIET_NAN__=1 -D__INTMAX_MAX__=0x7fffffffffffffffL '-D__INT_FAST8_TYPE__=signed char' -D__FLT64X_MIN__=3.36210314311209350626267781732175260e-4932F64x -D__FLT64_HAS_DENORM__=1 -D__FLT32_EPSILON__=1.19209289550781250000000000000000000e-7F32 -D__FLT16_HAS_DENORM__=1 -D__DBL_DECIMAL_DIG__=17 -D__STDC_UTF_32__=1 -D__INT_FAST8_WIDTH__=8 -D__FXSR__=1 -D__FLT32X_MAX__=1.79769313486231570814527423731704357e+308F32x '-D__DBL_NORM_MAX__=((double)1.79769313486231570814527423731704357e+308L)' -D__BYTE_ORDER__=__ORDER_LITTLE_ENDIAN__ -D__GCC_DESTRUCTIVE_SIZE=64 -D__INTMAX_WIDTH__=64 -D__FLT32_DIG__=6 '-D__UINT32_C(c)=c ## U' -D__FLT_DENORM_MIN__=1.40129846432481707092372958328991613e-45F -D__INT8_MAX__=0x7f -D__LONG_WIDTH__=64 '-D__DBL_MIN__=((double)2.22507385850720138309023271733240406e-308L)' -D__PIC__=2 -D__INT32_MAX__=0x7fffffff '-D__UINT_FAST32_TYPE__=long unsigned int' -D__FLT32X_NORM_MAX__=1.79769313486231570814527423731704357e+308F32x -D__FLT_MAX__=3.40282346638528859811704183484516925e+38F -D__SSE2__=1 -D__INT32_TYPE__=int -D__SIZEOF_DOUBLE__=8 '-D__FLT_MIN_10_EXP__=(-37)' -D__FLT64_MIN__=2.22507385850720138309023271733240406e-308F64 -D__INT_LEAST32_WIDTH__=32 '-D__INTMAX_TYPE__=long int' -D__FLT32X_HAS_QUIET_NAN__=1 -D__ATOMIC_CONSUME=1 -D__UINTMAX_MAX__=0xffffffffffffffffUL -D__PIE__=2 -D__FLT32X_DENORM_MIN__=4.94065645841246544176568792868221372e-324F32x -D__DBL_MAX_10_EXP__=308 -D__LDBL_DENORM_MIN__=3.64519953188247460252840593361941982e-4951L '-D__INT16_C(c)=c' '-D__PTRDIFF_TYPE__=long int' '-D__FLT32X_MIN_10_EXP__=(-307)' '-D__UINTPTR_TYPE__=long unsigned int' -D__DEC64_SUBNORMAL_MIN__=0.000000000000001E-383DD -D__DEC128_MANT_DIG__=34 '-D__LDBL_MIN_10_EXP__=(-4931)' -D__SIZEOF_LONG_LONG__=8 -D__FLT128_DECIMAL_DIG__=36 -D__GCC_ATOMIC_LLONG_LOCK_FREE=2 -D__FLT32_HAS_QUIET_NAN__=1 -D__FLT_DECIMAL_DIG__=9 -D__UINT_FAST16_MAX__=0xffffffffffffffffUL -D__LDBL_NORM_MAX__=1.18973149535723176502126385303097021e+4932L -D__GCC_ATOMIC_SHORT_LOCK_FREE=2 -D__SIZE_MAX__=0xffffffffffffffffUL '-D__UINT_FAST8_TYPE__=unsigned char' -D__ATOMIC_ACQ_REL=4 -D__ATOMIC_RELEASE=3 -I/usr/lib/gcc/x86_64-linux-gnu/13/include -I/usr/local/include -I/usr/include/x86_64-linux-gnu -I/usr/include -- test1.c
[E 04:22:36 47615] CODEQL_EXTRACTOR_CPP_TRAP_CACHING is not set
[E 04:22:36 47615] CODEQL_EXTRACTOR_CPP_OPTION_TRAP_CACHE_WRITE is not set
[E 04:22:36 47615] CODEQL_EXTRACTOR_CPP_OPTION_TRAP_CACHE_DIR is not set
[E 04:22:36 47615] Initialising TRAP cache at path: 7c/94ed/ed6a6722a857d655f96e66d23166
[E 04:22:36 47615] Not using TRAP cache
[E 04:22:36 47615] TRAP cache miss
[E 04:22:36 47615] Starting compilation TRAP /home/test/my-awesome-project/CISB/server/switchjumptable/db-l25/trap/cpp/compilations/61/58622545_0.trap.zst
[E 04:22:36 47615] Archiving /home/test/my-awesome-project/CISB/server/switchjumptable/db-l25/src/home/test/my-awesome-project/CISB/server/switchjumptable/test1.c
[E 04:22:36 47615] Archiving /home/test/my-awesome-project/CISB/server/switchjumptable/db-l25/src/usr/include/stdio.h
[E 04:22:36 47615] Archiving /home/test/my-awesome-project/CISB/server/switchjumptable/db-l25/src/usr/include/x86_64-linux-gnu/bits/libc-header-start.h
[E 04:22:36 47615] Archiving /home/test/my-awesome-project/CISB/server/switchjumptable/db-l25/src/usr/include/features.h
[E 04:22:36 47615] Archiving /home/test/my-awesome-project/CISB/server/switchjumptable/db-l25/src/usr/include/features-time64.h
[E 04:22:36 47615] Archiving /home/test/my-awesome-project/CISB/server/switchjumptable/db-l25/src/usr/include/x86_64-linux-gnu/bits/wordsize.h
[E 04:22:36 47615] Archiving /home/test/my-awesome-project/CISB/server/switchjumptable/db-l25/src/usr/include/x86_64-linux-gnu/bits/timesize.h
[E 04:22:36 47615] Already archived /home/test/my-awesome-project/CISB/server/switchjumptable/db-l25/src/usr/include/x86_64-linux-gnu/bits/wordsize.h
[E 04:22:36 47615] Archiving /home/test/my-awesome-project/CISB/server/switchjumptable/db-l25/src/usr/include/stdc-predef.h
[E 04:22:36 47615] Archiving /home/test/my-awesome-project/CISB/server/switchjumptable/db-l25/src/usr/include/x86_64-linux-gnu/sys/cdefs.h
[E 04:22:36 47615] Already archived /home/test/my-awesome-project/CISB/server/switchjumptable/db-l25/src/usr/include/x86_64-linux-gnu/bits/wordsize.h
[E 04:22:36 47615] Archiving /home/test/my-awesome-project/CISB/server/switchjumptable/db-l25/src/usr/include/x86_64-linux-gnu/bits/long-double.h
[E 04:22:36 47615] Archiving /home/test/my-awesome-project/CISB/server/switchjumptable/db-l25/src/usr/include/x86_64-linux-gnu/gnu/stubs.h
[E 04:22:36 47615] Archiving /home/test/my-awesome-project/CISB/server/switchjumptable/db-l25/src/usr/include/x86_64-linux-gnu/gnu/stubs-64.h
[E 04:22:36 47615] Archiving /home/test/my-awesome-project/CISB/server/switchjumptable/db-l25/src/usr/lib/gcc/x86_64-linux-gnu/13/include/stddef.h
[E 04:22:36 47615] Archiving /home/test/my-awesome-project/CISB/server/switchjumptable/db-l25/src/usr/lib/gcc/x86_64-linux-gnu/13/include/stdarg.h
[E 04:22:36 47615] Archiving /home/test/my-awesome-project/CISB/server/switchjumptable/db-l25/src/usr/include/x86_64-linux-gnu/bits/types.h
[E 04:22:36 47615] Already archived /home/test/my-awesome-project/CISB/server/switchjumptable/db-l25/src/usr/include/x86_64-linux-gnu/bits/wordsize.h
[E 04:22:36 47615] Already archived /home/test/my-awesome-project/CISB/server/switchjumptable/db-l25/src/usr/include/x86_64-linux-gnu/bits/timesize.h
[E 04:22:36 47615] Already archived /home/test/my-awesome-project/CISB/server/switchjumptable/db-l25/src/usr/include/x86_64-linux-gnu/bits/wordsize.h
[E 04:22:36 47615] Archiving /home/test/my-awesome-project/CISB/server/switchjumptable/db-l25/src/usr/include/x86_64-linux-gnu/bits/typesizes.h
[E 04:22:36 47615] Archiving /home/test/my-awesome-project/CISB/server/switchjumptable/db-l25/src/usr/include/x86_64-linux-gnu/bits/time64.h
[E 04:22:36 47615] Archiving /home/test/my-awesome-project/CISB/server/switchjumptable/db-l25/src/usr/include/x86_64-linux-gnu/bits/types/__fpos_t.h
[E 04:22:36 47615] Archiving /home/test/my-awesome-project/CISB/server/switchjumptable/db-l25/src/usr/include/x86_64-linux-gnu/bits/types/__mbstate_t.h
[E 04:22:36 47615] Archiving /home/test/my-awesome-project/CISB/server/switchjumptable/db-l25/src/usr/include/x86_64-linux-gnu/bits/types/__fpos64_t.h
[E 04:22:36 47615] Archiving /home/test/my-awesome-project/CISB/server/switchjumptable/db-l25/src/usr/include/x86_64-linux-gnu/bits/types/__FILE.h
[E 04:22:36 47615] Archiving /home/test/my-awesome-project/CISB/server/switchjumptable/db-l25/src/usr/include/x86_64-linux-gnu/bits/types/FILE.h
[E 04:22:36 47615] Archiving /home/test/my-awesome-project/CISB/server/switchjumptable/db-l25/src/usr/include/x86_64-linux-gnu/bits/types/struct_FILE.h
[E 04:22:36 47615] Archiving /home/test/my-awesome-project/CISB/server/switchjumptable/db-l25/src/usr/include/x86_64-linux-gnu/bits/types/cookie_io_functions_t.h
[E 04:22:36 47615] Archiving /home/test/my-awesome-project/CISB/server/switchjumptable/db-l25/src/usr/include/x86_64-linux-gnu/bits/stdio_lim.h
[E 04:22:36 47615] Archiving /home/test/my-awesome-project/CISB/server/switchjumptable/db-l25/src/usr/include/x86_64-linux-gnu/bits/floatn.h
[E 04:22:36 47615] Archiving /home/test/my-awesome-project/CISB/server/switchjumptable/db-l25/src/usr/include/x86_64-linux-gnu/bits/floatn-common.h
[E 04:22:36 47615] Already archived /home/test/my-awesome-project/CISB/server/switchjumptable/db-l25/src/usr/include/x86_64-linux-gnu/bits/long-double.h
[E 04:22:36 47615] Creating trap tarball /home/test/my-awesome-project/CISB/server/switchjumptable/db-l25/trap/cpp/tarballs/home/test/my-awesome-project/CISB/server/switchjumptable/test1.c.1e3b9014_0.trap.tar.zst
[E 04:22:36 47615] Emitting trap files for test1.c
[E 04:22:36 47615] Opening existencedb in /home/test/my-awesome-project/CISB/server/switchjumptable/db-l25/working/existencedb/db
[E 04:22:36 47615] Wrote 28 files to /home/test/my-awesome-project/CISB/server/switchjumptable/db-l25/trap/cpp/tarballs/home/test/my-awesome-project/CISB/server/switchjumptable/test1.c.1e3b9014_0.trap.tar.zst
[E 04:22:36 47615] Finished compilation TRAP /home/test/my-awesome-project/CISB/server/switchjumptable/db-l25/trap/cpp/compilations/61/58622545_0.trap.zst
[E 04:22:36 47615] Marking C compilation as happened.
[E 04:22:36 47615] Setting tag c-compilation-happened
[E 04:22:36 47615] Starting from CODEQL_TRACER_DB_ID 000000000000B9FA_0000000000000001
[E 04:22:36 47615] Locking DB /home/test/my-awesome-project/CISB/server/switchjumptable/db-l25/working/tags.db
[E 04:22:36 47615] Locked DB /home/test/my-awesome-project/CISB/server/switchjumptable/db-l25/working/tags.db
[E 04:22:36 47615] Set tag for 000000000000B9FA_0000000000000001
[E 04:22:36 47615] Set tag for 000000000000B9F8_0000000000000001
[E 04:22:36 47615] Set tag for 000000000000B9F1_0000000000000003
[E 04:22:36 47615] Set tag for 000000000000B9F1_0000000000000002
[E 04:22:36 47615] Set tag for root
[E 04:22:36 47615] Unlocking DB
[E 04:22:36 47615] Unlocked DB
[E 04:22:36 47615] Extractor exited successfully
[T 04:22:36 47610] Extractor /mnt/c/Tools/codeql/cpp/tools/linux64/extractor terminated with exit code 0.
[T 04:22:36 47865] Initializing tracer.
[T 04:22:36 47865] Initializing tags.
[T 04:22:36 47865] ID set to 000000000000BAF9_0000000000000001 (parent 000000000000B9F8_0000000000000001)
[T 04:22:36 47865] ==== Candidate to intercept: as (canonical: /usr/bin/as) ====
[T 04:22:36 47865] Lua: === Intercepted call to /usr/bin/as ===
[T 04:22:36 47865] Executing the following tracer actions:
[T 04:22:36 47865] Tracer actions:
[T 04:22:36 47865] pre_invocations(0)
[T 04:22:36 47865] post_invocations(1)
[T 04:22:36 47865] invocation: /mnt/c/Tools/codeql/cpp/tools/linux64/extractor, args: [--assembler, --codeql-assembler-executable, /usr/bin/as, --64, -o, test1.o, /tmp/ccL1936V.s]
[T 04:22:36 47865] trace_languages(1): [cpp]
[T 04:22:36 47881] Attempting to switch stdout/stderr to 4...
[T 04:22:36 47881] Initializing tracer.
[T 04:22:36 47881] Initializing tags.
[T 04:22:36 47881] ID set to 000000000000BB09_0000000000000001 (parent 000000000000BAF9_0000000000000001)
[E 04:22:36 47881] CodeQL C/C++ Extractor 2.25.1
[E 04:22:36 47881] Current directory: /home/test/my-awesome-project/CISB/server/switchjumptable
[E 04:22:36 47881] Command: /mnt/c/Tools/codeql/cpp/tools/linux64/extractor --assembler --codeql-assembler-executable /usr/bin/as --64 -o test1.o /tmp/ccL1936V.s
[E 04:22:36 47881] Extractor exited after mimicking assembler
[T 04:22:36 47865] Extractor /mnt/c/Tools/codeql/cpp/tools/linux64/extractor terminated with exit code 0.
[T 04:22:36 47939] Attempting to switch stdout/stderr to 4...
[T 04:22:36 47939] Initializing tracer.
[T 04:22:36 47939] Initializing tags.
[T 04:22:36 47939] ID set to 000000000000BB43_0000000000000001 (parent 000000000000B9F8_0000000000000001)
[E 04:22:36 47939] CodeQL C/C++ Extractor 2.25.1
[E 04:22:36 47939] Current directory: /home/test/my-awesome-project/CISB/server/switchjumptable
[E 04:22:36 47939] Command: /mnt/c/Tools/codeql/cpp/tools/linux64/extractor --mimic /usr/bin/x86_64-linux-gnu-gcc-13 -c -o test1.o test1.c
[T 04:22:36 47981] Initializing tracer.
[T 04:22:36 47981] Initializing tags.
[T 04:22:36 47981] ID set to 000000000000BB6D_0000000000000001 (parent 000000000000BB43_0000000000000001)
[T 04:22:36 47981] ==== Candidate to intercept: /usr/bin/x86_64-linux-gnu-gcc-13 (canonical: /usr/bin/x86_64-linux-gnu-gcc-13) ====
[T 04:22:36 47981] Lua: === Intercepted call to /usr/bin/x86_64-linux-gnu-gcc-13 ===
[T 04:22:36 47981] Executing the following tracer actions:
[T 04:22:36 47981] Tracer actions:
[T 04:22:36 47981] pre_invocations(0)
[T 04:22:36 47981] post_invocations(1)
[T 04:22:36 47981] invocation: /mnt/c/Tools/codeql/cpp/tools/linux64/extractor, args: [--mimic, /usr/bin/x86_64-linux-gnu-gcc-13, --version]
[T 04:22:36 47981] trace_languages(1): [cpp]
[T 04:22:36 47983] Attempting to switch stdout/stderr to 7...
[T 04:22:36 47983] Initializing tracer.
[T 04:22:36 47983] Initializing tags.
[T 04:22:36 47983] ID set to 000000000000BB6F_0000000000000001 (parent 000000000000BB6D_0000000000000001)
[E 04:22:36 47983] Mimicry classification suppression detected; exiting.
[E 04:22:36 47983] Extractor exited successfully
[T 04:22:36 47981] Extractor /mnt/c/Tools/codeql/cpp/tools/linux64/extractor terminated with exit code 0.
[T 04:22:36 47984] Initializing tracer.
[T 04:22:36 47984] Initializing tags.
[T 04:22:36 47984] ID set to 000000000000BB70_0000000000000001 (parent 000000000000BB43_0000000000000001)
[T 04:22:36 47984] ==== Candidate to intercept: /usr/bin/x86_64-linux-gnu-gcc-13 (canonical: /usr/bin/x86_64-linux-gnu-gcc-13) ====
[T 04:22:36 47984] Lua: === Intercepted call to /usr/bin/x86_64-linux-gnu-gcc-13 ===
[T 04:22:36 47984] Executing the following tracer actions:
[T 04:22:36 47984] Tracer actions:
[T 04:22:36 47984] pre_invocations(0)
[T 04:22:36 47984] post_invocations(1)
[T 04:22:36 47984] invocation: /mnt/c/Tools/codeql/cpp/tools/linux64/extractor, args: [--mimic, /usr/bin/x86_64-linux-gnu-gcc-13, --help]
[T 04:22:36 47984] trace_languages(1): [cpp]
[T 04:22:36 47986] Attempting to switch stdout/stderr to 7...
[T 04:22:36 47986] Initializing tracer.
[T 04:22:36 47986] Initializing tags.
[T 04:22:36 47986] ID set to 000000000000BB72_0000000000000001 (parent 000000000000BB70_0000000000000001)
[E 04:22:36 47986] Mimicry classification suppression detected; exiting.
[E 04:22:36 47986] Extractor exited successfully
[T 04:22:36 47984] Extractor /mnt/c/Tools/codeql/cpp/tools/linux64/extractor terminated with exit code 0.
[T 04:22:36 48015] Initializing tracer.
[T 04:22:36 48015] Initializing tags.
[T 04:22:36 48015] ID set to 000000000000BB8F_0000000000000001 (parent 000000000000BB43_0000000000000001)
[T 04:22:36 48015] ==== Candidate to intercept: /usr/bin/x86_64-linux-gnu-gcc-13 (canonical: /usr/bin/x86_64-linux-gnu-gcc-13) ====
[T 04:22:36 48015] Lua: === Intercepted call to /usr/bin/x86_64-linux-gnu-gcc-13 ===
[T 04:22:36 48015] Executing the following tracer actions:
[T 04:22:36 48015] Tracer actions:
[T 04:22:36 48015] pre_invocations(0)
[T 04:22:36 48015] post_invocations(1)
[T 04:22:36 48015] invocation: /mnt/c/Tools/codeql/cpp/tools/linux64/extractor, args: [--mimic, /usr/bin/x86_64-linux-gnu-gcc-13, -nostdinc, -o, /home/test/my-awesome-project/CISB/server/switchjumptable/db-l25/working/tmp//semmle_2_47939_327226.o, -c, /home/test/my-awesome-project/CISB/server/switchjumptable/db-l25/working/tmp//semmle_1_47939_327107.c]
[T 04:22:36 48015] trace_languages(1): [cpp]
[T 04:22:36 48017] Initializing tracer.
[T 04:22:36 48017] Initializing tags.
[T 04:22:36 48017] ID set to 000000000000BB91_0000000000000001 (parent 000000000000BB8F_0000000000000001)
[T 04:22:36 48017] ==== Candidate to intercept: /usr/libexec/gcc/x86_64-linux-gnu/13/cc1 (canonical: /usr/libexec/gcc/x86_64-linux-gnu/13/cc1) ====
[T 04:22:36 48017] Lua: === Intercepted call to /usr/libexec/gcc/x86_64-linux-gnu/13/cc1 ===
[T 04:22:36 48017] Executing the following tracer actions:
[T 04:22:36 48017] Tracer actions:
[T 04:22:36 48017] pre_invocations(0)
[T 04:22:36 48017] post_invocations(1)
[T 04:22:36 48017] invocation: /mnt/c/Tools/codeql/cpp/tools/linux64/extractor, args: [--mimic, /usr/libexec/gcc/x86_64-linux-gnu/13/cc1, -quiet, -nostdinc, -imultiarch, x86_64-linux-gnu, /home/test/my-awesome-project/CISB/server/switchjumptable/db-l25/working/tmp//semmle_1_47939_327107.c, -quiet, -dumpdir, /home/test/my-awesome-project/CISB/server/switchjumptable/db-l25/working/tmp//, -dumpbase, semmle_2_47939_327226.c, -dumpbase-ext, .c, -mtune=generic, -march=x86-64, -fasynchronous-unwind-tables, -fstack-protector-strong, -Wformat, -Wformat-security, -fstack-clash-protection, -fcf-protection, -o, /tmp/cccRlML2.s]
[T 04:22:36 48017] trace_languages(1): [cpp]
[T 04:22:36 48047] Attempting to switch stdout/stderr to 7...
[T 04:22:36 48047] Initializing tracer.
[T 04:22:36 48047] Initializing tags.
[T 04:22:36 48047] ID set to 000000000000BBAF_0000000000000001 (parent 000000000000BB91_0000000000000001)
[E 04:22:36 48047] Mimicry classification suppression detected; exiting.
[E 04:22:36 48047] Extractor exited successfully
[T 04:22:36 48017] Extractor /mnt/c/Tools/codeql/cpp/tools/linux64/extractor terminated with exit code 0.
[T 04:22:36 48048] Initializing tracer.
[T 04:22:36 48048] Initializing tags.
[T 04:22:36 48048] ID set to 000000000000BBB0_0000000000000001 (parent 000000000000BB8F_0000000000000001)
[T 04:22:36 48048] ==== Candidate to intercept: as (canonical: /usr/bin/as) ====
[T 04:22:36 48048] Lua: === Intercepted call to /usr/bin/as ===
[T 04:22:36 48048] Executing the following tracer actions:
[T 04:22:36 48048] Tracer actions:
[T 04:22:36 48048] pre_invocations(0)
[T 04:22:36 48048] post_invocations(1)
[T 04:22:36 48048] invocation: /mnt/c/Tools/codeql/cpp/tools/linux64/extractor, args: [--assembler, --codeql-assembler-executable, /usr/bin/as, --64, -o, /home/test/my-awesome-project/CISB/server/switchjumptable/db-l25/working/tmp//semmle_2_47939_327226.o, /tmp/cccRlML2.s]
[T 04:22:36 48048] trace_languages(1): [cpp]
[T 04:22:36 48050] Attempting to switch stdout/stderr to 7...
[T 04:22:36 48050] Initializing tracer.
[T 04:22:36 48050] Initializing tags.
[T 04:22:36 48050] ID set to 000000000000BBB2_0000000000000001 (parent 000000000000BBB0_0000000000000001)
[E 04:22:36 48050] Mimicry classification suppression detected; exiting.
[E 04:22:36 48050] Extractor exited successfully
[T 04:22:36 48048] Extractor /mnt/c/Tools/codeql/cpp/tools/linux64/extractor terminated with exit code 0.
[T 04:22:36 48051] Attempting to switch stdout/stderr to 7...
[T 04:22:36 48051] Initializing tracer.
[T 04:22:36 48051] Initializing tags.
[T 04:22:36 48051] ID set to 000000000000BBB3_0000000000000001 (parent 000000000000BB8F_0000000000000001)
[E 04:22:36 48051] Mimicry classification suppression detected; exiting.
[E 04:22:36 48051] Extractor exited successfully
[T 04:22:36 48015] Extractor /mnt/c/Tools/codeql/cpp/tools/linux64/extractor terminated with exit code 0.
[T 04:22:36 48052] Initializing tracer.
[T 04:22:36 48052] Initializing tags.
[T 04:22:36 48052] ID set to 000000000000BBB4_0000000000000001 (parent 000000000000BB43_0000000000000001)
[T 04:22:36 48052] ==== Candidate to intercept: /usr/bin/x86_64-linux-gnu-gcc-13 (canonical: /usr/bin/x86_64-linux-gnu-gcc-13) ====
[T 04:22:36 48052] Lua: === Intercepted call to /usr/bin/x86_64-linux-gnu-gcc-13 ===
[T 04:22:36 48052] Executing the following tracer actions:
[T 04:22:36 48052] Tracer actions:
[T 04:22:36 48052] pre_invocations(0)
[T 04:22:36 48052] post_invocations(1)
[T 04:22:36 48052] invocation: /mnt/c/Tools/codeql/cpp/tools/linux64/extractor, args: [--mimic, /usr/bin/x86_64-linux-gnu-gcc-13, -nostdinc, -o, /home/test/my-awesome-project/CISB/server/switchjumptable/db-l25/working/tmp//semmle_4_47939_409276.o, -c, /home/test/my-awesome-project/CISB/server/switchjumptable/db-l25/working/tmp//semmle_3_47939_409216.c]
[T 04:22:36 48052] trace_languages(1): [cpp]
[T 04:22:36 48061] Initializing tracer.
[T 04:22:36 48061] Initializing tags.
[T 04:22:36 48061] ID set to 000000000000BBBD_0000000000000001 (parent 000000000000BBB4_0000000000000001)
[T 04:22:36 48061] ==== Candidate to intercept: /usr/libexec/gcc/x86_64-linux-gnu/13/cc1 (canonical: /usr/libexec/gcc/x86_64-linux-gnu/13/cc1) ====
[T 04:22:36 48061] Lua: === Intercepted call to /usr/libexec/gcc/x86_64-linux-gnu/13/cc1 ===
[T 04:22:36 48061] Executing the following tracer actions:
[T 04:22:36 48061] Tracer actions:
[T 04:22:36 48061] pre_invocations(0)
[T 04:22:36 48061] post_invocations(1)
[T 04:22:36 48061] invocation: /mnt/c/Tools/codeql/cpp/tools/linux64/extractor, args: [--mimic, /usr/libexec/gcc/x86_64-linux-gnu/13/cc1, -quiet, -nostdinc, -imultiarch, x86_64-linux-gnu, /home/test/my-awesome-project/CISB/server/switchjumptable/db-l25/working/tmp//semmle_3_47939_409216.c, -quiet, -dumpdir, /home/test/my-awesome-project/CISB/server/switchjumptable/db-l25/working/tmp//, -dumpbase, semmle_4_47939_409276.c, -dumpbase-ext, .c, -mtune=generic, -march=x86-64, -fasynchronous-unwind-tables, -fstack-protector-strong, -Wformat, -Wformat-security, -fstack-clash-protection, -fcf-protection, -o, /tmp/cclVUgEn.s]
[T 04:22:36 48061] trace_languages(1): [cpp]
[T 04:22:36 48085] Attempting to switch stdout/stderr to 7...
[T 04:22:36 48085] Initializing tracer.
[T 04:22:36 48085] Initializing tags.
[T 04:22:36 48085] ID set to 000000000000BBD5_0000000000000001 (parent 000000000000BBBD_0000000000000001)
[E 04:22:36 48085] Mimicry classification suppression detected; exiting.
[E 04:22:36 48085] Extractor exited successfully
[T 04:22:36 48061] Extractor /mnt/c/Tools/codeql/cpp/tools/linux64/extractor terminated with exit code 0.
[T 04:22:36 48100] Attempting to switch stdout/stderr to 7...
[T 04:22:36 48100] Initializing tracer.
[T 04:22:36 48100] Initializing tags.
[T 04:22:36 48100] ID set to 000000000000BBE4_0000000000000001 (parent 000000000000BBB4_0000000000000001)
[E 04:22:36 48100] Mimicry classification suppression detected; exiting.
[E 04:22:36 48100] Extractor exited successfully
[T 04:22:36 48052] Extractor /mnt/c/Tools/codeql/cpp/tools/linux64/extractor terminated with exit code 0.
[E 04:22:36 47939] Checking whether C compilation already happened.
[E 04:22:36 47939] Checking for tag c-compilation-happened
[E 04:22:36 47939] Checking CODEQL_TRACER_DB_ID 000000000000B9F8_0000000000000001
[E 04:22:36 47939] Locking DB /home/test/my-awesome-project/CISB/server/switchjumptable/db-l25/working/tags.db
[E 04:22:36 47939] Locked DB /home/test/my-awesome-project/CISB/server/switchjumptable/db-l25/working/tags.db
[E 04:22:36 47939] Unlocking DB
[E 04:22:36 47939] Unlocked DB
[E 04:22:36 47939] Exiting as C compilation already happened.
[T 04:22:36 47608] Extractor /mnt/c/Tools/codeql/cpp/tools/linux64/extractor terminated with exit code 0.
