[T 11:53:33 38860] Initializing tracer.
[T 11:53:33 38860] Initializing tags.
[T 11:53:33 38860] CodeQL CLI version 2.25.1
[T 11:53:33 38860] Initializing tracer.
[T 11:53:33 38860] Initializing tags.
[T 11:53:33 38860] Allocated ID 1CA9EC21000097CC_0000000000000001 (parent )
[T 11:53:33 38860] ==== Candidate to intercept: C:\Tools\codeql\tools\win64\runner.exe (7852) ====
[T 11:53:33 38860] Executing the following tracer actions:
[T 11:53:33 38860] Tracer actions:
[T 11:53:33 38860] pre_invocations(0)
[T 11:53:33 38860] post_invocations(0)
[T 11:53:33 38860] trace_languages(1): [cpp]
[T 11:53:33 7852] Initializing tracer.
[T 11:53:33 7852] Initializing tags.
[T 11:53:33 7852] ID set to 1CA9EC21000097CC_0000000000000001 (parent root)
[T 11:53:34 7852] Allocated ID 3EB5D4C700001EAC_0000000000000001 (parent 1CA9EC21000097CC_0000000000000001)
[T 11:53:34 7852] ==== Candidate to intercept: C:\Windows\System32\cmd.exe (37248) ====
[T 11:53:34 7852] Executing the following tracer actions:
[T 11:53:34 7852] Tracer actions:
[T 11:53:34 7852] pre_invocations(0)
[T 11:53:34 7852] post_invocations(0)
[T 11:53:34 7852] trace_languages(1): [cpp]
[T 11:53:34 37248] Initializing tracer.
[T 11:53:34 37248] Initializing tags.
[T 11:53:34 37248] ID set to 3EB5D4C700001EAC_0000000000000001 (parent 1CA9EC21000097CC_0000000000000001)
[T 11:53:34 37248] Allocated ID 6783B8AF00009180_0000000000000001 (parent 3EB5D4C700001EAC_0000000000000001)
[T 11:53:34 37248] ==== Candidate to intercept: C:\Program Files\mingw64\bin\gcc.exe (34996) ====
[T 11:53:34 37248] Lua: === Intercepted call to c:\program files\mingw64\bin\gcc.exe ===
[T 11:53:34 37248] Executing the following tracer actions:
[T 11:53:34 37248] Tracer actions:
[T 11:53:34 37248] pre_invocations(0)
[T 11:53:34 37248] post_invocations(1)
[T 11:53:34 37248] invocation: C:\Tools\codeql\cpp\tools\win64\extractor.exe, args: --mimic "c:\program files\mingw64\bin\gcc.exe" test1.c -o test1
[T 11:53:34 37248] trace_languages(1): [cpp]
[E 11:53:36 38456] CodeQL C/C++ Extractor 2.25.1
[E 11:53:36 38456] Current directory: E:\graduate sheji\pythoncode\server
[E 11:53:36 38456] Command: C:\Tools\codeql\cpp\tools\win64\extractor.exe --mimic "c:\program files\mingw64\bin\gcc.exe" test1.c -o test1
[E 11:53:37 38456] Warning[extractor-c++]: In canonicalise_path: fs::canonical failed on test1 (ĎµÍłŐŇ˛»µ˝Ö¸¶¨µÄÎÄĽţˇŁ)
[E 11:53:37 38456] Checking whether C compilation already happened.
[E 11:53:37 38456] Checking for tag c-compilation-happened
[E 11:53:37 38456] Checking CODEQL_TRACER_DB_ID 6783B8AF00009180_0000000000000001
[E 11:53:37 38456] Locking DB E:\graduate sheji\pythoncode\server\output-db\working/tags.db
[E 11:53:37 38456] Locked DB E:\graduate sheji\pythoncode\server\output-db\working/tags.db
[E 11:53:37 38456] Unlocking DB
[E 11:53:37 38456] Unlocked DB
[E 11:53:37 38456] Looks like C compilation didn't already happen.
[E 11:53:37 38456] Checking whether C compilation has been attempted.
[E 11:53:37 38456] Checking for tag c-compilation-attempted
[E 11:53:37 38456] Checking CODEQL_TRACER_DB_ID 6783B8AF00009180_0000000000000001
[E 11:53:37 38456] Locking DB E:\graduate sheji\pythoncode\server\output-db\working/tags.db
[E 11:53:37 38456] Locked DB E:\graduate sheji\pythoncode\server\output-db\working/tags.db
[E 11:53:37 38456] Unlocking DB
[E 11:53:37 38456] Unlocked DB
[E 11:53:37 38456] Marking C compilation as attempted.
[E 11:53:37 38456] Setting tag c-compilation-attempted
[E 11:53:37 38456] Starting from CODEQL_TRACER_DB_ID 6783B8AF00009180_0000000000000001
[E 11:53:37 38456] Locking DB E:\graduate sheji\pythoncode\server\output-db\working/tags.db
[E 11:53:37 38456] Locked DB E:\graduate sheji\pythoncode\server\output-db\working/tags.db
[E 11:53:37 38456] Set tag for 6783B8AF00009180_0000000000000001
[E 11:53:37 38456] Set tag for 3EB5D4C700001EAC_0000000000000001
[E 11:53:37 38456] Set tag for 1CA9EC21000097CC_0000000000000001
[E 11:53:37 38456] Unlocking DB
[E 11:53:37 38456] Unlocked DB
[E 11:53:41 38456] Processed command line: C:\Tools\codeql\cpp\tools\win64\extractor.exe --trapfolder "E:\graduate sheji\pythoncode\server\output-db\trap\cpp" --src_archive "E:\graduate sheji\pythoncode\server\output-db\src" --executable_filename "E:/graduate sheji/pythoncode/server/test1" --no_warnings_and_discretionary_errors --error_limit 1000 --disable_system_macros --variadic_macros --incognito --gcc --gnu_version 80100 --target win64 -D__DBL_MIN_EXP__=(-1021) -D__FLT32X_MAX_EXP__=1024 -D__UINT_LEAST16_MAX__=0xffff -D__ATOMIC_ACQUIRE=2 -D__FLT128_MAX_10_EXP__=4932 -D__FLT_MIN__=1.17549435082228750796873653722224568e-38F -D__GCC_IEC_559_COMPLEX=2 "-D__UINT_LEAST8_TYPE__=unsigned char" -D__SIZEOF_FLOAT80__=16 -D_WIN32=1 "-D__INTMAX_C(c)=c ## LL" -D__CHAR_BIT__=8 -D__UINT8_MAX__=0xff -D_WIN64=1 -D__WINT_MAX__=0xffff -D__FLT32_MIN_EXP__=(-125) -D__ORDER_LITTLE_ENDIAN__=1234 -D__SIZE_MAX__=0xffffffffffffffffULL -D__WCHAR_MAX__=0xffff -D__GCC_HAVE_SYNC_COMPARE_AND_SWAP_1=1 -D__GCC_HAVE_SYNC_COMPARE_AND_SWAP_2=1 -D__GCC_HAVE_SYNC_COMPARE_AND_SWAP_4=1 -D__DBL_DENORM_MIN__=((double)4.94065645841246544176568792868221372e-324L) -D__GCC_HAVE_SYNC_COMPARE_AND_SWAP_8=1 -D__GCC_ATOMIC_CHAR_LOCK_FREE=2 -D__GCC_IEC_559=2 -D__FLT32X_DECIMAL_DIG__=17 -D__FLT_EVAL_METHOD__=0 -D__FLT64_DECIMAL_DIG__=17 -D__GCC_ATOMIC_CHAR32_T_LOCK_FREE=2 -D__x86_64=1 -D__UINT_FAST64_MAX__=0xffffffffffffffffULL -D__SIG_ATOMIC_TYPE__=int -D__DBL_MIN_10_EXP__=(-307) -D__FINITE_MATH_ONLY__=0 -D__FLT32_HAS_DENORM__=1 -D__UINT_FAST8_MAX__=0xff -D__has_include(STR)=__has_include__(STR) -D_stdcall=__attribute__((__stdcall__)) -D__DEC64_MAX_EXP__=385 -D__INT8_C(c)=c -D__INT_LEAST8_WIDTH__=8 -D__UINT_LEAST64_MAX__=0xffffffffffffffffULL -D__SHRT_MAX__=0x7fff -D__LDBL_MAX__=1.18973149535723176502126385303097021e+4932L -D__FLT64X_MAX_10_EXP__=4932 -D__UINT_LEAST8_MAX__=0xff -D__GCC_ATOMIC_BOOL_LOCK_FREE=2 -D__FLT128_DENORM_MIN__=6.47517511943802511092443895822764655e-4966F128 "-D__UINTMAX_TYPE__=long long unsigned int" -D__DEC32_EPSILON__=1E-6DF -D__FLT_EVAL_METHOD_TS_18661_3__=0 -D__UINT32_MAX__=0xffffffffU -D__LDBL_MAX_EXP__=16384 -D__FLT128_MIN_EXP__=(-16381) -D__WINT_MIN__=0 -D__FLT128_MIN_10_EXP__=(-4931) -D__INT_LEAST16_WIDTH__=16 -D__SCHAR_MAX__=0x7f -D__FLT128_MANT_DIG__=113 -D__WCHAR_MIN__=0 "-D__INT64_C(c)=c ## LL" -D__DBL_DIG__=15 -D__GCC_ATOMIC_POINTER_LOCK_FREE=2 -D__FLT64X_MANT_DIG__=64 -D__SIZEOF_INT__=4 -D__SIZEOF_POINTER__=8 -D__USER_LABEL_PREFIX__= -D__FLT64X_EPSILON__=1.08420217248550443400745280086994171e-19F64x -D__WIN32=1 -D__LDBL_HAS_INFINITY__=1 -D__WIN64=1 -D__FLT32_DIG__=6 -D__FLT_EPSILON__=1.19209289550781250000000000000000000e-7F -D__SHRT_WIDTH__=16 -D__LDBL_MIN__=3.36210314311209350626267781732175260e-4932L -D__STDC_UTF_16__=1 -D__DEC32_MAX__=9.999999E96DF -D__FLT64X_DENORM_MIN__=3.64519953188247460252840593361941982e-4951F64x -D__MINGW32__=1 -D__FLT32X_HAS_INFINITY__=1 -D__INT32_MAX__=0x7fffffff -D__INT_WIDTH__=32 -D__SIZEOF_LONG__=4 -D__UINT16_C(c)=c -D__PTRDIFF_WIDTH__=64 -D__DECIMAL_DIG__=21 -D__FLT64_EPSILON__=2.22044604925031308084726333618164062e-16F64 -D__INTMAX_WIDTH__=64 -D__has_include_next(STR)=__has_include_next__(STR) -D__FLT64X_MIN_10_EXP__=(-4931) -D__LDBL_HAS_QUIET_NAN__=1 -D__FLT64_MANT_DIG__=53 -D_REENTRANT=1 -D_cdecl=__attribute__((__cdecl__)) -D__MMX__=1 -D__FLT_HAS_DENORM__=1 -D__SIZEOF_LONG_DOUBLE__=16 -D__BIGGEST_ALIGNMENT__=16 -D__FLT64_MAX_10_EXP__=308 -D__DBL_MAX__=((double)1.79769313486231570814527423731704357e+308L) -D_thiscall=__attribute__((__thiscall__)) -D__INT_FAST32_MAX__=0x7fffffff -D__WINNT=1 -D__DBL_HAS_INFINITY__=1 -D__WINNT__=1 -D__DEC32_MIN_EXP__=(-94) -D__INTPTR_WIDTH__=64 -D__FLT32X_HAS_DENORM__=1 "-D__INT_FAST16_TYPE__=short int" -D_fastcall=__attribute__((__fastcall__)) -D__LDBL_HAS_DENORM__=1 -D__FLT128_HAS_INFINITY__=1 -D__DEC128_MAX__=9.999999999999999999999999999999999E6144DL -D__INT_LEAST32_MAX__=0x7fffffff -D__DEC32_MIN__=1E-95DF -D__DBL_MAX_EXP__=1024 -D__WCHAR_WIDTH__=16 -D__FLT32_MAX__=3.40282346638528859811704183484516925e+38F32 -D__DEC128_EPSILON__=1E-33DL -D__SSE2_MATH__=1 -D__ATOMIC_HLE_RELEASE=131072 -D__WIN32__=1 -D__PTRDIFF_MAX__=0x7fffffffffffffffLL -D__amd64=1 -D__tune_core2__=1 -D__ATOMIC_HLE_ACQUIRE=65536 -D__FLT32_HAS_QUIET_NAN__=1 -D__LONG_LONG_MAX__=0x7fffffffffffffffLL -D__SIZEOF_SIZE_T__=8 -D__FLT64X_MIN_EXP__=(-16381) -D__SIZEOF_WINT_T__=2 -D__LONG_LONG_WIDTH__=64 -D__FLT32_MAX_EXP__=128 -D__GXX_ABI_VERSION=1012 -D__FLT_MIN_EXP__=(-125) -D__FLT64X_HAS_QUIET_NAN__=1 "-D__INT_FAST64_TYPE__=long long int" -D__FLT64_DENORM_MIN__=4.94065645841246544176568792868221372e-324F64 -D__DBL_MIN__=((double)2.22507385850720138309023271733240406e-308L) -D__FLT32X_EPSILON__=2.22044604925031308084726333618164062e-16F32x -D__DECIMAL_BID_FORMAT__=1 -D__FLT64_MIN_EXP__=(-1021) -D__GXX_TYPEINFO_EQUALITY_INLINE=0 -D__FLT64_MIN_10_EXP__=(-307) -D__FLT64X_DECIMAL_DIG__=21 -D__DEC128_MIN__=1E-6143DL -D__REGISTER_PREFIX__= -D__UINT16_MAX__=0xffff -D__DBL_HAS_DENORM__=1 -D__cdecl=__attribute__((__cdecl__)) -D__FLT32_MIN__=1.17549435082228750796873653722224568e-38F32 "-D__UINT8_TYPE__=unsigned char" -D__NO_INLINE__=1 -D__FLT_MANT_DIG__=24 -D__LDBL_DECIMAL_DIG__=21 "-D__UINT64_C(c)=c ## ULL" -D__GCC_ATOMIC_INT_LOCK_FREE=2 -D__FLT128_MAX_EXP__=16384 -D__FLT32_MANT_DIG__=24 -D__FLOAT_WORD_ORDER__=__ORDER_LITTLE_ENDIAN__ -D__FLT128_HAS_DENORM__=1 -D__FLT128_DIG__=33 -D__SCHAR_WIDTH__=8 -D__INT32_C(c)=c -D__DEC64_EPSILON__=1E-15DD -D__ORDER_PDP_ENDIAN__=3412 -D__DEC128_MIN_EXP__=(-6142) -D__FLT32_MAX_10_EXP__=38 -D__INT_FAST32_TYPE__=int "-D__UINT_LEAST16_TYPE__=short unsigned int" -D__FLT64X_HAS_INFINITY__=1 -D__INT16_MAX__=0x7fff "-D__SIZE_TYPE__=long long unsigned int" -D__UINT64_MAX__=0xffffffffffffffffULL -D__FLT64X_DIG__=18 "-D__INT8_TYPE__=signed char" -D__GCC_ASM_FLAG_OUTPUTS__=1 -D__FLT_RADIX__=2 "-D__INT_LEAST16_TYPE__=short int" -D__LDBL_EPSILON__=1.08420217248550443400745280086994171e-19L "-D__UINTMAX_C(c)=c ## ULL" -D__SSE_MATH__=1 -D__SEH__=1 -D__SIG_ATOMIC_MAX__=0x7fffffff -D__GCC_ATOMIC_WCHAR_T_LOCK_FREE=2 -D__SIZEOF_PTRDIFF_T__=8 -D__FLT32X_MANT_DIG__=53 -D__x86_64__=1 -D__FLT32X_MIN_EXP__=(-1021) -D__DEC32_SUBNORMAL_MIN__=0.000001E-95DF -D__MSVCRT__=1 -D__INT_FAST16_MAX__=0x7fff -D__FLT64_DIG__=15 -D__UINT_FAST32_MAX__=0xffffffffU "-D__UINT_LEAST64_TYPE__=long long unsigned int" -D__FLT_HAS_QUIET_NAN__=1 -D__FLT_MAX_10_EXP__=38 -D__LONG_MAX__=0x7fffffffL -D__FLT64X_HAS_DENORM__=1 -D__DEC128_SUBNORMAL_MIN__=0.000000000000000000000000000000001E-6143DL -D__FLT_HAS_INFINITY__=1 "-D__UINT_FAST16_TYPE__=short unsigned int" -D__DEC64_MAX__=9.999999999999999E384DD -D__INT_FAST32_WIDTH__=32 -D__PRAGMA_REDEFINE_EXTNAME=1 -D__SIZE_WIDTH__=64 -D__SEG_FS=1 -D__INT_LEAST16_MAX__=0x7fff -D__DEC64_MANT_DIG__=16 -D__INT64_MAX__=0x7fffffffffffffffLL -D__UINT_LEAST32_MAX__=0xffffffffU -D__SEG_GS=1 -D__FLT32_DENORM_MIN__=1.40129846432481707092372958328991613e-45F32 -D__GCC_ATOMIC_LONG_LOCK_FREE=2 -D__SIG_ATOMIC_WIDTH__=32 "-D__INT_LEAST64_TYPE__=long long int" "-D__INT16_TYPE__=short int" "-D__INT_LEAST8_TYPE__=signed char" -D__DEC32_MAX_EXP__=97 -D__INT_FAST8_MAX__=0x7f -D__FLT128_MAX__=1.18973149535723176508575932662800702e+4932F128 -D__INTPTR_MAX__=0x7fffffffffffffffLL -D__GXX_MERGED_TYPEINFO_NAMES=0 -D__FLT64_HAS_QUIET_NAN__=1 -D__stdcall=__attribute__((__stdcall__)) -D__FLT32_MIN_10_EXP__=(-37) -D__SSE2__=1 -D__FLT32X_DIG__=15 -D__LDBL_MANT_DIG__=64 -D__DBL_HAS_QUIET_NAN__=1 -D__FLT64_HAS_INFINITY__=1 -D__FLT64X_MAX__=1.18973149535723176502126385303097021e+4932F64x "-D__SIG_ATOMIC_MIN__=(-__SIG_ATOMIC_MAX__ - 1)" "-D__INTPTR_TYPE__=long long int" "-D__UINT16_TYPE__=short unsigned int" "-D__WCHAR_TYPE__=short unsigned int" -D__SIZEOF_FLOAT__=4 -D__pic__=1 -D__UINTPTR_MAX__=0xffffffffffffffffULL -D__INT_FAST64_WIDTH__=64 -D__DEC64_MIN_EXP__=(-382) -D__FLT32_DECIMAL_DIG__=9 -D__INT_FAST64_MAX__=0x7fffffffffffffffLL -D__GCC_ATOMIC_TEST_AND_SET_TRUEVAL=1 -D__FLT_DIG__=6 -D__FLT32_HAS_INFINITY__=1 -D__FLT64X_MAX_EXP__=16384 "-D__UINT_FAST64_TYPE__=long long unsigned int" -D__INT_MAX__=0x7fffffff -D__amd64__=1 -DWIN32=1 -D__nocona=1 -D__code_model_medium__=1 "-D__INT64_TYPE__=long long int" -D__FLT_MAX_EXP__=128 -DWIN64=1 -D__ORDER_BIG_ENDIAN__=4321 -D__DBL_MANT_DIG__=53 -D__SIZEOF_FLOAT128__=16 -D__INT_LEAST64_MAX__=0x7fffffffffffffffLL -D__GCC_ATOMIC_CHAR16_T_LOCK_FREE=2 -D__DEC64_MIN__=1E-383DD "-D__WINT_TYPE__=short unsigned int" "-D__UINT_LEAST32_TYPE__=unsigned int" -D__SIZEOF_SHORT__=2 -D__SSE__=1 -D__LDBL_MIN_EXP__=(-16381) -D__FLT64_MAX__=1.79769313486231570814527423731704357e+308F64 -D__WINT_WIDTH__=16 -D__INT_LEAST8_MAX__=0x7f -D__FLT32X_MAX_10_EXP__=308 -D__SIZEOF_INT128__=16 -D__LDBL_MAX_10_EXP__=4932 -D__ATOMIC_RELAXED=0 -D__DBL_EPSILON__=((double)2.22044604925031308084726333618164062e-16L) -D__thiscall=__attribute__((__thiscall__)) -D__FLT128_MIN__=3.36210314311209350626267781732175260e-4932F128 -D__UINT8_C(c)=c -D__FLT64_MAX_EXP__=1024 -D__INT_LEAST32_TYPE__=int -D__SIZEOF_WCHAR_T__=2 "-D__UINT64_TYPE__=long long unsigned int" -D__FLT128_HAS_QUIET_NAN__=1 "-D__INT_FAST8_TYPE__=signed char" -D__fastcall=__attribute__((__fastcall__)) -D__FLT64X_MIN__=3.36210314311209350626267781732175260e-4932F64x -D__FLT64_HAS_DENORM__=1 -D__FLT32_EPSILON__=1.19209289550781250000000000000000000e-7F32 -D__DBL_DECIMAL_DIG__=17 -D__STDC_UTF_32__=1 -D__INT_FAST8_WIDTH__=8 -D__FXSR__=1 -D__DEC_EVAL_METHOD__=2 -D__FLT32X_MAX__=1.79769313486231570814527423731704357e+308F32x -D__MINGW64__=1 "-D__UINT32_C(c)=c ## U" -D__INTMAX_MAX__=0x7fffffffffffffffLL -D__BYTE_ORDER__=__ORDER_LITTLE_ENDIAN__ -DWINNT=1 -D__FLT_DENORM_MIN__=1.40129846432481707092372958328991613e-45F -D__INT8_MAX__=0x7f -D__LONG_WIDTH__=32 -D__PIC__=1 "-D__UINT_FAST32_TYPE__=unsigned int" -D__FLT_MAX__=3.40282346638528859811704183484516925e+38F -D__INT32_TYPE__=int -D__SIZEOF_DOUBLE__=8 -D__FLT_MIN_10_EXP__=(-37) -D__FLT64_MIN__=2.22507385850720138309023271733240406e-308F64 -D__INT_LEAST32_WIDTH__=32 "-D__INTMAX_TYPE__=long long int" -D_INTEGRAL_MAX_BITS=64 -D__DEC128_MAX_EXP__=6145 -D__FLT32X_HAS_QUIET_NAN__=1 -D__ATOMIC_CONSUME=1 -D__nocona__=1 -D__INT_FAST16_WIDTH__=16 -D__UINTMAX_MAX__=0xffffffffffffffffULL -D__DEC32_MANT_DIG__=7 -D__FLT32X_DENORM_MIN__=4.94065645841246544176568792868221372e-324F32x -D__DBL_MAX_10_EXP__=308 -D__LDBL_DENORM_MIN__=3.64519953188247460252840593361941982e-4951L -D__INT16_C(c)=c "-D__PTRDIFF_TYPE__=long long int" -D__ATOMIC_SEQ_CST=5 -D__GCC_HAVE_SYNC_COMPARE_AND_SWAP_16=1 "-D__UINT32_TYPE__=unsigned int" -D__FLT32X_MIN_10_EXP__=(-307) "-D__UINTPTR_TYPE__=long long unsigned int" -D__DEC64_SUBNORMAL_MIN__=0.000000000000001E-383DD -D__DEC128_MANT_DIG__=34 -D__LDBL_MIN_10_EXP__=(-4931) -D__FLT128_EPSILON__=1.92592994438723585305597794258492732e-34F128 -D__SIZEOF_LONG_LONG__=8 -D__FLT128_DECIMAL_DIG__=36 -D__GCC_ATOMIC_LLONG_LOCK_FREE=2 -D__FLT32X_MIN__=2.22507385850720138309023271733240406e-308F32x -D__LDBL_DIG__=18 -D__FLT_DECIMAL_DIG__=9 -D__UINT_FAST16_MAX__=0xffff -D__GCC_ATOMIC_SHORT_LOCK_FREE=2 -D__INT_LEAST64_WIDTH__=64 -D__SSE3__=1 "-D__UINT_FAST8_TYPE__=unsigned char" -D__WIN64__=1 -D__ATOMIC_ACQ_REL=4 -D__ATOMIC_RELEASE=3 -D__declspec(x)=__attribute__((x)) "-Ic:/program files/mingw64/bin/../lib/gcc/x86_64-w64-mingw32/8.1.0/include" "-Ic:/program files/mingw64/bin/../lib/gcc/x86_64-w64-mingw32/8.1.0/include-fixed" "-Ic:/program files/mingw64/bin/../lib/gcc/x86_64-w64-mingw32/8.1.0/../../../../x86_64-w64-mingw32/include" -- test1.c
[E 11:53:41 38456] CODEQL_EXTRACTOR_CPP_TRAP_CACHING is not set
[E 11:53:41 38456] CODEQL_EXTRACTOR_CPP_OPTION_TRAP_CACHE_WRITE is not set
[E 11:53:41 38456] CODEQL_EXTRACTOR_CPP_OPTION_TRAP_CACHE_DIR is not set
[E 11:53:41 38456] Initialising TRAP cache at path: \\?\E:\graduate sheji\pythoncode\server\c7\ee9a\9a3db66b05824d3b3301deca0e89
[E 11:53:41 38456] Not using TRAP cache
[E 11:53:41 38456] TRAP cache miss
[E 11:53:41 38456] Starting compilation TRAP E:\graduate sheji\pythoncode\server\output-db\trap\cpp/compilations/33/10187211_0.trap.zst
[E 11:53:41 38456] Archiving E:\graduate sheji\pythoncode\server\output-db\src/E_/graduate sheji/pythoncode/server/test1.c
[E 11:53:41 38456] Warning[extractor-c++]: In emit_platform_diagnostic: Failed to rename diagnostic file from 'E' to 'E': ÁíŇ»¸öłĚĐňŐýÔÚĘąÓĂ´ËÎÄĽţŁ¬˝řłĚÎŢ·¨·ĂÎĘˇŁ
[E 11:53:41 38456] Creating trap tarball E:\graduate sheji\pythoncode\server\output-db\trap\cpp/tarballs/E_/graduate sheji/pythoncode/server/test1.c.75b2a51f_0.trap.tar.zst
[E 11:53:41 38456] Emitting trap files for test1.c
[E 11:53:41 38456] Opening existencedb in \\?\E:\graduate sheji\pythoncode\server\output-db\working\existencedb\db
[E 11:53:41 38456] Warning[extractor-c++]: In canonicalise_path: fs::canonical failed on test1.obj (ĎµÍłŐŇ˛»µ˝Ö¸¶¨µÄÎÄĽţˇŁ)
[E 11:53:41 38456] Wrote 2 files to E:\graduate sheji\pythoncode\server\output-db\trap\cpp/tarballs/E_/graduate sheji/pythoncode/server/test1.c.75b2a51f_0.trap.tar.zst
[E 11:53:41 38456] Finished compilation TRAP E:\graduate sheji\pythoncode\server\output-db\trap\cpp/compilations/33/10187211_0.trap.zst
[E 11:53:41 38456] Marking C compilation as happened.
[E 11:53:41 38456] Setting tag c-compilation-happened
[E 11:53:41 38456] Starting from CODEQL_TRACER_DB_ID 6783B8AF00009180_0000000000000001
[E 11:53:41 38456] Locking DB E:\graduate sheji\pythoncode\server\output-db\working/tags.db
[E 11:53:41 38456] Locked DB E:\graduate sheji\pythoncode\server\output-db\working/tags.db
[E 11:53:41 38456] Set tag for 6783B8AF00009180_0000000000000001
[E 11:53:41 38456] Set tag for 3EB5D4C700001EAC_0000000000000001
[E 11:53:41 38456] Set tag for 1CA9EC21000097CC_0000000000000001
[E 11:53:41 38456] Unlocking DB
[E 11:53:41 38456] Unlocked DB
[E 11:53:41 38456] Extractor exited successfully
28] Warning[extractor-c++]: In canonicalise_path: fs::canonical failed on test1.exe (ĎµÍłŐŇ˛»µ˝Ö¸¶¨µÄÎÄĽţˇŁ)
[E 11:53:36 36728] Warning[extractor-c++]: In canonicalise_path: fs::canonical failed on E:/graduate sheji/pythoncode/server/test1.exe (ĎµÍłŐŇ˛»µ˝Ö¸¶¨µÄÎÄĽţˇŁ)
[E 11:53:36 36728] Warning[extractor-c++]: In canonicalise_path: fs::canonical failed on E:/graduate sheji/pythoncode/server/test1.exe (ĎµÍłŐŇ˛»µ˝Ö¸¶¨µÄÎÄĽţˇŁ)
[E 11:53:36 36728] Extractor exited after mimicking linker
[T 11:53:36 38456] Allocated ID E8DCE89B00009638_0000000000000001 (parent 6783B8AF00009180_0000000000000001)
[T 11:53:36 38456] ==== Candidate to intercept: C:\Program Files\mingw64\bin\gcc.exe (37780) ====
[T 11:53:36 38456] Lua: === Intercepted call to c:\program files\mingw64\bin\gcc.exe ===
[T 11:53:36 38456] Executing the following tracer actions:
[T 11:53:36 38456] Tracer actions:
[T 11:53:36 38456] pre_invocations(0)
[T 11:53:36 38456] post_invocations(1)
[T 11:53:36 38456] invocation: C:\Tools\codeql\cpp\tools\win64\extractor.exe, args: --mimic "c:\program files\mingw64\bin\gcc.exe" --version
[T 11:53:36 38456] trace_languages(1): [cpp]
[E 11:53:36 38164] Mimicry classification suppression detected; exiting.
[E 11:53:36 38164] Extractor exited successfully
8_0000000000000001 (parent 6783B8AF00009180_0000000000000001)
[T 11:53:36 38164] Initializing tracer.
[T 11:53:36 38164] Initializing tags.
[T 11:53:36 38164] ID set to E8DCE89B00009638_0000000000000001 (parent 6783B8AF00009180_0000000000000001)
[T 11:53:36 38456] Allocated ID 45DCB60300009638_0000000000000001 (parent 6783B8AF00009180_0000000000000001)
[T 11:53:36 38456] ==== Candidate to intercept: C:\Program Files\mingw64\bin\gcc.exe (2496) ====
[T 11:53:36 38456] Lua: === Intercepted call to c:\program files\mingw64\bin\gcc.exe ===
[T 11:53:36 38456] Executing the following tracer actions:
[T 11:53:36 38456] Tracer actions:
[T 11:53:36 38456] pre_invocations(0)
[T 11:53:36 38456] post_invocations(1)
[T 11:53:36 38456] invocation: C:\Tools\codeql\cpp\tools\win64\extractor.exe, args: --mimic "c:\program files\mingw64\bin\gcc.exe" --help
[T 11:53:36 38456] trace_languages(1): [cpp]
[E 11:53:36 32188] Mimicry classification suppression detected; exiting.
[E 11:53:36 32188] Extractor exited successfully
000000000000001 (parent 6783B8AF00009180_0000000000000001)
[T 11:53:36 32188] Initializing tracer.
[T 11:53:36 32188] Initializing tags.
[T 11:53:36 32188] ID set to 45DCB60300009638_0000000000000001 (parent 6783B8AF00009180_0000000000000001)
[T 11:53:36 38456] Allocated ID B37509BB00009638_0000000000000001 (parent 6783B8AF00009180_0000000000000001)
[T 11:53:37 38456] ==== Candidate to intercept: C:\Program Files\mingw64\bin\gcc.exe (22332) ====
[T 11:53:37 38456] Lua: === Intercepted call to c:\program files\mingw64\bin\gcc.exe ===
[T 11:53:37 38456] Executing the following tracer actions:
[T 11:53:37 38456] Tracer actions:
[T 11:53:37 38456] pre_invocations(0)
[T 11:53:37 38456] post_invocations(1)
[T 11:53:37 38456] invocation: C:\Tools\codeql\cpp\tools\win64\extractor.exe, args: --mimic "c:\program files\mingw64\bin\gcc.exe" -nostdinc -o "E:\graduate sheji\pythoncode\server\output-db\working\tmp/7784b093-7b69-4323-8cf0-84cdfa595658.o" -c "E:\graduate sheji\pythoncode\server\output-db\working\tmp/d7de5596-def0-433a-be6f-ff6ea071827b.c"
[T 11:53:37 38456] trace_languages(1): [cpp]
[E 11:53:37 36040] Mimicry classification suppression detected; exiting.
[E 11:53:37 36040] Extractor exited successfully
8_0000000000000001 (parent 6783B8AF00009180_0000000000000001)
[T 11:53:37 36040] Initializing tracer.
[T 11:53:37 36040] Initializing tags.
[T 11:53:37 36040] ID set to B37509BB00009638_0000000000000001 (parent 6783B8AF00009180_0000000000000001)
[T 11:53:37 22332] Allocated ID 34EADEBF0000573C_0000000000000001 (parent B37509BB00009638_0000000000000001)
[T 11:53:37 22332] ==== Candidate to intercept: C:\Program Files\mingw64\libexec\gcc\x86_64-w64-mingw32\8.1.0\cc1.exe (32780) ====
[T 11:53:37 22332] Lua: === Intercepted call to c:\program files\mingw64\libexec\gcc\x86_64-w64-mingw32\8.1.0\cc1.exe ===
[T 11:53:37 22332] Executing the following tracer actions:
[T 11:53:37 22332] Tracer actions:
[T 11:53:37 22332] pre_invocations(0)
[T 11:53:37 22332] post_invocations(1)
[T 11:53:37 22332] invocation: C:\Tools\codeql\cpp\tools\win64\extractor.exe, args: --mimic "c:\program files\mingw64\libexec\gcc\x86_64-w64-mingw32\8.1.0\cc1.exe" -quiet -nostdinc -iprefix "c:/program files/mingw64/bin/../lib/gcc/x86_64-w64-mingw32/8.1.0/" -D_REENTRANT "E:\graduate sheji\pythoncode\server\output-db\working\tmp/d7de5596-def0-433a-be6f-ff6ea071827b.c" -quiet -dumpbase d7de5596-def0-433a-be6f-ff6ea071827b.c -mtune=core2 -march=nocona -auxbase-strip "E:\graduate sheji\pythoncode\server\output-db\working\tmp/7784b093-7b69-4323-8cf0-84cdfa595658.o" -o C:\Users\Lenovo\AppData\Local\Temp\cc79RGlh.s
[T 11:53:37 22332] trace_languages(1): [cpp]
[E 11:53:37 32288] Mimicry classification suppression detected; exiting.
[E 11:53:37 32288] Extractor exited successfully
C_0000000000000001 (parent B37509BB00009638_0000000000000001)
[T 11:53:37 32288] Initializing tracer.
[T 11:53:37 32288] Initializing tags.
[T 11:53:37 32288] ID set to 34EADEBF0000573C_0000000000000001 (parent B37509BB00009638_0000000000000001)
[T 11:53:37 22332] Allocated ID 4BADA14A0000573C_0000000000000001 (parent B37509BB00009638_0000000000000001)
[T 11:53:37 22332] ==== Candidate to intercept: C:\Program Files\mingw64\x86_64-w64-mingw32\bin\as.exe (38852) ====
[T 11:53:37 22332] Lua: === Intercepted call to c:\program files\mingw64\x86_64-w64-mingw32\bin\as.exe ===
[T 11:53:37 22332] Executing the following tracer actions:
[T 11:53:37 22332] Tracer actions:
[T 11:53:37 22332] pre_invocations(0)
[T 11:53:37 22332] post_invocations(1)
[T 11:53:37 22332] invocation: C:\Tools\codeql\cpp\tools\win64\extractor.exe, args: --assembler --codeql-assembler-executable "c:\program files\mingw64\x86_64-w64-mingw32\bin\as.exe" -o "E:\graduate sheji\pythoncode\server\output-db\working\tmp/7784b093-7b69-4323-8cf0-84cdfa595658.o" C:\Users\Lenovo\AppData\Local\Temp\cc79RGlh.s
[T 11:53:37 22332] trace_languages(1): [cpp]
[E 11:53:37 35828] Mimicry classification suppression detected; exiting.
[E 11:53:37 35828] Extractor exited successfully
C_0000000000000001 (parent B37509BB00009638_0000000000000001)
[T 11:53:37 35828] Initializing tracer.
[T 11:53:37 35828] Initializing tags.
[T 11:53:37 35828] ID set to 4BADA14A0000573C_0000000000000001 (parent B37509BB00009638_0000000000000001)
[T 11:53:37 38456] Allocated ID 1C39C98900009638_0000000000000001 (parent 6783B8AF00009180_0000000000000001)
[T 11:53:37 38456] ==== Candidate to intercept: C:\Program Files\mingw64\bin\gcc.exe (32272) ====
[T 11:53:37 38456] Lua: === Intercepted call to c:\program files\mingw64\bin\gcc.exe ===
[T 11:53:37 38456] Executing the following tracer actions:
[T 11:53:37 38456] Tracer actions:
[T 11:53:37 38456] pre_invocations(0)
[T 11:53:37 38456] post_invocations(1)
[T 11:53:37 38456] invocation: C:\Tools\codeql\cpp\tools\win64\extractor.exe, args: --mimic "c:\program files\mingw64\bin\gcc.exe" -nostdinc -o "E:\graduate sheji\pythoncode\server\output-db\working\tmp/0828c931-f414-4552-be60-1daca910a549.o" -c "E:\graduate sheji\pythoncode\server\output-db\working\tmp/b0d964a6-66cb-4b28-a4e4-4bc5277e9cda.c"
[T 11:53:37 38456] trace_languages(1): [cpp]
[E 11:53:37 33060] Mimicry classification suppression detected; exiting.
[E 11:53:37 33060] Extractor exited successfully
8_0000000000000001 (parent 6783B8AF00009180_0000000000000001)
[T 11:53:37 33060] Initializing tracer.
[T 11:53:37 33060] Initializing tags.
[T 11:53:37 33060] ID set to 1C39C98900009638_0000000000000001 (parent 6783B8AF00009180_0000000000000001)
[T 11:53:37 32272] Allocated ID A6EAEF4200007E10_0000000000000001 (parent 1C39C98900009638_0000000000000001)
[T 11:53:37 32272] ==== Candidate to intercept: C:\Program Files\mingw64\libexec\gcc\x86_64-w64-mingw32\8.1.0\cc1.exe (12768) ====
[T 11:53:37 32272] Lua: === Intercepted call to c:\program files\mingw64\libexec\gcc\x86_64-w64-mingw32\8.1.0\cc1.exe ===
[T 11:53:37 32272] Executing the following tracer actions:
[T 11:53:37 32272] Tracer actions:
[T 11:53:37 32272] pre_invocations(0)
[T 11:53:37 32272] post_invocations(1)
[T 11:53:37 32272] invocation: C:\Tools\codeql\cpp\tools\win64\extractor.exe, args: --mimic "c:\program files\mingw64\libexec\gcc\x86_64-w64-mingw32\8.1.0\cc1.exe" -quiet -nostdinc -iprefix "c:/program files/mingw64/bin/../lib/gcc/x86_64-w64-mingw32/8.1.0/" -D_REENTRANT "E:\graduate sheji\pythoncode\server\output-db\working\tmp/b0d964a6-66cb-4b28-a4e4-4bc5277e9cda.c" -quiet -dumpbase b0d964a6-66cb-4b28-a4e4-4bc5277e9cda.c -mtune=core2 -march=nocona -auxbase-strip "E:\graduate sheji\pythoncode\server\output-db\working\tmp/0828c931-f414-4552-be60-1daca910a549.o" -o C:\Users\Lenovo\AppData\Local\Temp\ccdXusPV.s
[T 11:53:37 32272] trace_languages(1): [cpp]
[E 11:53:37 38892] Mimicry classification suppression detected; exiting.
[E 11:53:37 38892] Extractor exited successfully
0_0000000000000001 (parent 1C39C98900009638_0000000000000001)
[T 11:53:37 38892] Initializing tracer.
[T 11:53:37 38892] Initializing tags.
[T 11:53:37 38892] ID set to A6EAEF4200007E10_0000000000000001 (parent 1C39C98900009638_0000000000000001)
[T 11:53:37 38456] Allocated ID 62B217E800009638_0000000000000001 (parent 6783B8AF00009180_0000000000000001)
[T 11:53:37 38456] ==== Candidate to intercept: C:\Program Files\mingw64\bin\gcc.exe (18444) ====
[T 11:53:37 38456] Lua: === Intercepted call to c:\program files\mingw64\bin\gcc.exe ===
[T 11:53:37 38456] Executing the following tracer actions:
[T 11:53:37 38456] Tracer actions:
[T 11:53:37 38456] pre_invocations(0)
[T 11:53:37 38456] post_invocations(1)
[T 11:53:37 38456] invocation: C:\Tools\codeql\cpp\tools\win64\extractor.exe, args: --mimic "c:\program files\mingw64\bin\gcc.exe" "@E:\graduate sheji\pythoncode\server\output-db\working\tmp/d2830f97-b6f5-4a86-99ea-fcd9a11537df" -x c -v -fsyntax-only "E:\graduate sheji\pythoncode\server\output-db\working\tmp/5dd58223-b214-4d28-96bf-aca22cbaa56c"
[T 11:53:37 38456] trace_languages(1): [cpp]
[E 11:53:38 36740] Mimicry classification suppression detected; exiting.
[E 11:53:38 36740] Extractor exited successfully
8_0000000000000001 (parent 6783B8AF00009180_0000000000000001)
[T 11:53:37 36740] Initializing tracer.
[T 11:53:37 36740] Initializing tags.
[T 11:53:37 36740] ID set to 62B217E800009638_0000000000000001 (parent 6783B8AF00009180_0000000000000001)
[T 11:53:38 18444] Allocated ID 95322D0A0000480C_0000000000000001 (parent 62B217E800009638_0000000000000001)
[T 11:53:38 18444] ==== Candidate to intercept: C:\Program Files\mingw64\libexec\gcc\x86_64-w64-mingw32\8.1.0\cc1.exe (32252) ====
[T 11:53:38 18444] Lua: === Intercepted call to c:\program files\mingw64\libexec\gcc\x86_64-w64-mingw32\8.1.0\cc1.exe ===
[T 11:53:38 18444] Executing the following tracer actions:
[T 11:53:38 18444] Tracer actions:
[T 11:53:38 18444] pre_invocations(0)
[T 11:53:38 18444] post_invocations(1)
[T 11:53:38 18444] invocation: C:\Tools\codeql\cpp\tools\win64\extractor.exe, args: --mimic "c:\program files\mingw64\libexec\gcc\x86_64-w64-mingw32\8.1.0\cc1.exe" -quiet -v -iprefix "c:/program files/mingw64/bin/../lib/gcc/x86_64-w64-mingw32/8.1.0/" -D_REENTRANT "E:\graduate sheji\pythoncode\server\output-db\working\tmp/5dd58223-b214-4d28-96bf-aca22cbaa56c" -quiet -dumpbase 5dd58223-b214-4d28-96bf-aca22cbaa56c -mtune=core2 -march=nocona -auxbase 5dd58223-b214-4d28-96bf-aca22cbaa56c -version -fsyntax-only -o nul
[T 11:53:38 18444] trace_languages(1): [cpp]
[E 11:53:38 37020] Mimicry classification suppression detected; exiting.
[E 11:53:38 37020] Extractor exited successfully
C_0000000000000001 (parent 62B217E800009638_0000000000000001)
[T 11:53:38 37020] Initializing tracer.
[T 11:53:38 37020] Initializing tags.
[T 11:53:38 37020] ID set to 95322D0A0000480C_0000000000000001 (parent 62B217E800009638_0000000000000001)
[T 11:53:38 38456] Allocated ID 8490EC1100009638_0000000000000001 (parent 6783B8AF00009180_0000000000000001)
[T 11:53:38 38456] ==== Candidate to intercept: C:\Program Files\mingw64\bin\gcc.exe (38212) ====
[T 11:53:38 38456] Lua: === Intercepted call to c:\program files\mingw64\bin\gcc.exe ===
[T 11:53:38 38456] Executing the following tracer actions:
[T 11:53:38 38456] Tracer actions:
[T 11:53:38 38456] pre_invocations(0)
[T 11:53:38 38456] post_invocations(1)
[T 11:53:38 38456] invocation: C:\Tools\codeql\cpp\tools\win64\extractor.exe, args: --mimic "c:\program files\mingw64\bin\gcc.exe" "@E:\graduate sheji\pythoncode\server\output-db\working\tmp/d2830f97-b6f5-4a86-99ea-fcd9a11537df" -x c -E -dM "E:\graduate sheji\pythoncode\server\output-db\working\tmp/a5617477-edd9-4caf-8db7-03139a7c16b7"
[T 11:53:38 38456] trace_languages(1): [cpp]
[E 11:53:38 4616] Mimicry classification suppression detected; exiting.
[E 11:53:38 4616] Extractor exited successfully
638_0000000000000001 (parent 6783B8AF00009180_0000000000000001)
[T 11:53:38 4616] Initializing tracer.
[T 11:53:38 4616] Initializing tags.
[T 11:53:38 4616] ID set to 8490EC1100009638_0000000000000001 (parent 6783B8AF00009180_0000000000000001)
[T 11:53:38 38212] Allocated ID CC587E8400009544_0000000000000001 (parent 8490EC1100009638_0000000000000001)
[T 11:53:38 38212] ==== Candidate to intercept: C:\Program Files\mingw64\libexec\gcc\x86_64-w64-mingw32\8.1.0\cc1.exe (37624) ====
[T 11:53:38 38212] Lua: === Intercepted call to c:\program files\mingw64\libexec\gcc\x86_64-w64-mingw32\8.1.0\cc1.exe ===
[T 11:53:38 38212] Executing the following tracer actions:
[T 11:53:38 38212] Tracer actions:
[T 11:53:38 38212] pre_invocations(0)
[T 11:53:38 38212] post_invocations(1)
[T 11:53:38 38212] invocation: C:\Tools\codeql\cpp\tools\win64\extractor.exe, args: --mimic "c:\program files\mingw64\libexec\gcc\x86_64-w64-mingw32\8.1.0\cc1.exe" -E -quiet -iprefix "c:/program files/mingw64/bin/../lib/gcc/x86_64-w64-mingw32/8.1.0/" -D_REENTRANT "E:\graduate sheji\pythoncode\server\output-db\working\tmp/a5617477-edd9-4caf-8db7-03139a7c16b7" -mtune=core2 -march=nocona -dM
[T 11:53:38 38212] trace_languages(1): [cpp]
[E 11:53:38 4620] Mimicry classification suppression detected; exiting.
[E 11:53:38 4620] Extractor exited successfully
544_0000000000000001 (parent 8490EC1100009638_0000000000000001)
[T 11:53:38 4620] Initializing tracer.
[T 11:53:38 4620] Initializing tags.
[T 11:53:38 4620] ID set to CC587E8400009544_0000000000000001 (parent 8490EC1100009638_0000000000000001)
[T 11:53:38 38456] Allocated ID EC9E1F8B00009638_0000000000000001 (parent 6783B8AF00009180_0000000000000001)
[T 11:53:38 38456] ==== Candidate to intercept: C:\Program Files\mingw64\bin\gcc.exe (36812) ====
[T 11:53:38 38456] Lua: === Intercepted call to c:\program files\mingw64\bin\gcc.exe ===
[T 11:53:38 38456] Executing the following tracer actions:
[T 11:53:38 38456] Tracer actions:
[T 11:53:38 38456] pre_invocations(0)
[T 11:53:38 38456] post_invocations(1)
[T 11:53:38 38456] invocation: C:\Tools\codeql\cpp\tools\win64\extractor.exe, args: --mimic "c:\program files\mingw64\bin\gcc.exe" "@E:\graduate sheji\pythoncode\server\output-db\working\tmp/a33a2340-31f7-4307-9ce3-85dc8248b4e9" -x c -o "E:\graduate sheji\pythoncode\server\output-db\working\tmp/4eac875c-08dc-4d89-994d-7822a6ca7e9e.o" -c "E:\graduate sheji\pythoncode\server\output-db\working\tmp/f1dbaf91-b951-4ab2-bfd0-c28e03e421ae.c"
[T 11:53:38 38456] trace_languages(1): [cpp]
[E 11:53:38 18180] Mimicry classification suppression detected; exiting.
[E 11:53:38 18180] Extractor exited successfully
8_0000000000000001 (parent 6783B8AF00009180_0000000000000001)
[T 11:53:38 18180] Initializing tracer.
[T 11:53:38 18180] Initializing tags.
[T 11:53:38 18180] ID set to EC9E1F8B00009638_0000000000000001 (parent 6783B8AF00009180_0000000000000001)
[T 11:53:38 36812] Allocated ID CF85844500008FCC_0000000000000001 (parent EC9E1F8B00009638_0000000000000001)
[T 11:53:38 36812] ==== Candidate to intercept: C:\Program Files\mingw64\libexec\gcc\x86_64-w64-mingw32\8.1.0\cc1.exe (25624) ====
[T 11:53:38 36812] Lua: === Intercepted call to c:\program files\mingw64\libexec\gcc\x86_64-w64-mingw32\8.1.0\cc1.exe ===
[T 11:53:38 36812] Executing the following tracer actions:
[T 11:53:38 36812] Tracer actions:
[T 11:53:38 36812] pre_invocations(0)
[T 11:53:38 36812] post_invocations(1)
[T 11:53:38 36812] invocation: C:\Tools\codeql\cpp\tools\win64\extractor.exe, args: --mimic "c:\program files\mingw64\libexec\gcc\x86_64-w64-mingw32\8.1.0\cc1.exe" -quiet -iprefix "c:/program files/mingw64/bin/../lib/gcc/x86_64-w64-mingw32/8.1.0/" -D_REENTRANT "E:\graduate sheji\pythoncode\server\output-db\working\tmp/f1dbaf91-b951-4ab2-bfd0-c28e03e421ae.c" -quiet -dumpbase f1dbaf91-b951-4ab2-bfd0-c28e03e421ae.c -mtune=core2 -march=nocona -auxbase-strip "E:\graduate sheji\pythoncode\server\output-db\working\tmp/4eac875c-08dc-4d89-994d-7822a6ca7e9e.o" -o C:\Users\Lenovo\AppData\Local\Temp\ccYSJ7U3.s
[T 11:53:38 36812] trace_languages(1): [cpp]
[E 11:53:38 32944] Mimicry classification suppression detected; exiting.
[E 11:53:38 32944] Extractor exited successfully
C_0000000000000001 (parent EC9E1F8B00009638_0000000000000001)
[T 11:53:38 25624] ID set to CF85844500008FCC_0000000000000001 (parent EC9E1F8B00009638_0000000000000001)
[T 11:53:39 38456] Allocated ID 718872E500009638_0000000000000001 (parent 6783B8AF00009180_0000000000000001)
[T 11:53:39 38456] ==== Candidate to intercept: C:\Program Files\mingw64\bin\gcc.exe (32780) ====
[T 11:53:39 38456] Lua: === Intercepted call to c:\program files\mingw64\bin\gcc.exe ===
[T 11:53:39 38456] Executing the following tracer actions:
[T 11:53:39 38456] Tracer actions:
[T 11:53:39 38456] pre_invocations(0)
[T 11:53:39 38456] post_invocations(1)
[T 11:53:39 38456] invocation: C:\Tools\codeql\cpp\tools\win64\extractor.exe, args: --mimic "c:\program files\mingw64\bin\gcc.exe" "@E:\graduate sheji\pythoncode\server\output-db\working\tmp/a33a2340-31f7-4307-9ce3-85dc8248b4e9" -x c -o "E:\graduate sheji\pythoncode\server\output-db\working\tmp/da33e5e8-ab52-4392-9d33-56199e889350.o" -c "E:\graduate sheji\pythoncode\server\output-db\working\tmp/645c8ab7-8bc6-4315-bbf9-571e6c0a2d3e.c"
[T 11:53:39 38456] trace_languages(1): [cpp]
[E 11:53:39 7724] Mimicry classification suppression detected; exiting.
[E 11:53:39 7724] Extractor exited successfully
638_0000000000000001 (parent 6783B8AF00009180_0000000000000001)
[T 11:53:39 7724] Initializing tracer.
[T 11:53:39 7724] Initializing tags.
[T 11:53:39 7724] ID set to 718872E500009638_0000000000000001 (parent 6783B8AF00009180_0000000000000001)
[T 11:53:39 32780] Allocated ID C80B83850000800C_0000000000000001 (parent 718872E500009638_0000000000000001)
[T 11:53:39 32780] ==== Candidate to intercept: C:\Program Files\mingw64\libexec\gcc\x86_64-w64-mingw32\8.1.0\cc1.exe (2360) ====
[T 11:53:39 32780] Lua: === Intercepted call to c:\program files\mingw64\libexec\gcc\x86_64-w64-mingw32\8.1.0\cc1.exe ===
[T 11:53:39 32780] Executing the following tracer actions:
[T 11:53:39 32780] Tracer actions:
[T 11:53:39 32780] pre_invocations(0)
[T 11:53:39 32780] post_invocations(1)
[T 11:53:39 32780] invocation: C:\Tools\codeql\cpp\tools\win64\extractor.exe, args: --mimic "c:\program files\mingw64\libexec\gcc\x86_64-w64-mingw32\8.1.0\cc1.exe" -quiet -iprefix "c:/program files/mingw64/bin/../lib/gcc/x86_64-w64-mingw32/8.1.0/" -D_REENTRANT "E:\graduate sheji\pythoncode\server\output-db\working\tmp/645c8ab7-8bc6-4315-bbf9-571e6c0a2d3e.c" -quiet -dumpbase 645c8ab7-8bc6-4315-bbf9-571e6c0a2d3e.c -mtune=core2 -march=nocona -auxbase-strip "E:\graduate sheji\pythoncode\server\output-db\working\tmp/da33e5e8-ab52-4392-9d33-56199e889350.o" -o C:\Users\Lenovo\AppData\Local\Temp\ccjFPuUj.s
[T 11:53:39 32780] trace_languages(1): [cpp]
[E 11:53:39 16208] Mimicry classification suppression detected; exiting.
[E 11:53:39 16208] Extractor exited successfully
C_0000000000000001 (parent 718872E500009638_0000000000000001)
[T 11:53:39 16208] ID set to C80B83850000800C_0000000000000001 (parent 718872E500009638_0000000000000001)
[T 11:53:39 32780] Allocated ID 76E7CB620000800C_0000000000000001 (parent 718872E500009638_0000000000000001)
[T 11:53:39 32780] ==== Candidate to intercept: C:\Program Files\mingw64\x86_64-w64-mingw32\bin\as.exe (33352) ====
[T 11:53:39 32780] Lua: === Intercepted call to c:\program files\mingw64\x86_64-w64-mingw32\bin\as.exe ===
[T 11:53:39 32780] Executing the following tracer actions:
[T 11:53:39 32780] Tracer actions:
[T 11:53:39 32780] pre_invocations(0)
[T 11:53:39 32780] post_invocations(1)
[T 11:53:39 32780] invocation: C:\Tools\codeql\cpp\tools\win64\extractor.exe, args: --assembler --codeql-assembler-executable "c:\program files\mingw64\x86_64-w64-mingw32\bin\as.exe" -o "E:\graduate sheji\pythoncode\server\output-db\working\tmp/da33e5e8-ab52-4392-9d33-56199e889350.o" C:\Users\Lenovo\AppData\Local\Temp\ccjFPuUj.s
[T 11:53:39 32780] trace_languages(1): [cpp]
[E 11:53:39 38128] Mimicry classification suppression detected; exiting.
[E 11:53:39 38128] Extractor exited successfully
C_0000000000000001 (parent 718872E500009638_0000000000000001)
[T 11:53:39 38128] Initializing tracer.
[T 11:53:39 38128] Initializing tags.
[T 11:53:39 38128] ID set to 76E7CB620000800C_0000000000000001 (parent 718872E500009638_0000000000000001)
[T 11:53:39 38456] Allocated ID 0E60495700009638_0000000000000001 (parent 6783B8AF00009180_0000000000000001)
[T 11:53:39 38456] ==== Candidate to intercept: C:\Program Files\mingw64\bin\gcc.exe (14928) ====
[T 11:53:39 38456] Lua: === Intercepted call to c:\program files\mingw64\bin\gcc.exe ===
[T 11:53:39 38456] Executing the following tracer actions:
[T 11:53:39 38456] Tracer actions:
[T 11:53:39 38456] pre_invocations(0)
[T 11:53:39 38456] post_invocations(1)
[T 11:53:39 38456] invocation: C:\Tools\codeql\cpp\tools\win64\extractor.exe, args: --mimic "c:\program files\mingw64\bin\gcc.exe" "@E:\graduate sheji\pythoncode\server\output-db\working\tmp/a33a2340-31f7-4307-9ce3-85dc8248b4e9" -x c -o "E:\graduate sheji\pythoncode\server\output-db\working\tmp/a433c60f-2b34-4e0c-b97d-300f8985ae92.o" -c "E:\graduate sheji\pythoncode\server\output-db\working\tmp/f1800131-0658-47f7-adee-983fe96d47f2.c"
[T 11:53:39 38456] trace_languages(1): [cpp]
[E 11:53:40 7140] Mimicry classification suppression detected; exiting.
[E 11:53:40 7140] Extractor exited successfully
638_0000000000000001 (parent 6783B8AF00009180_0000000000000001)
[T 11:53:39 7140] Initializing tracer.
[T 11:53:39 7140] Initializing tags.
[T 11:53:39 7140] ID set to 0E60495700009638_0000000000000001 (parent 6783B8AF00009180_0000000000000001)
[T 11:53:39 14928] Allocated ID C66076A500003A50_0000000000000001 (parent 0E60495700009638_0000000000000001)
[T 11:53:39 14928] ==== Candidate to intercept: C:\Program Files\mingw64\libexec\gcc\x86_64-w64-mingw32\8.1.0\cc1.exe (33968) ====
[T 11:53:39 14928] Lua: === Intercepted call to c:\program files\mingw64\libexec\gcc\x86_64-w64-mingw32\8.1.0\cc1.exe ===
[T 11:53:39 14928] Executing the following tracer actions:
[T 11:53:39 14928] Tracer actions:
[T 11:53:39 14928] pre_invocations(0)
[T 11:53:39 14928] post_invocations(1)
[T 11:53:39 14928] invocation: C:\Tools\codeql\cpp\tools\win64\extractor.exe, args: --mimic "c:\program files\mingw64\libexec\gcc\x86_64-w64-mingw32\8.1.0\cc1.exe" -quiet -iprefix "c:/program files/mingw64/bin/../lib/gcc/x86_64-w64-mingw32/8.1.0/" -D_REENTRANT "E:\graduate sheji\pythoncode\server\output-db\working\tmp/f1800131-0658-47f7-adee-983fe96d47f2.c" -quiet -dumpbase f1800131-0658-47f7-adee-983fe96d47f2.c -mtune=core2 -march=nocona -auxbase-strip "E:\graduate sheji\pythoncode\server\output-db\working\tmp/a433c60f-2b34-4e0c-b97d-300f8985ae92.o" -o C:\Users\Lenovo\AppData\Local\Temp\ccb3QT65.s
[T 11:53:39 14928] trace_languages(1): [cpp]
[E 11:53:39 35536] Mimicry classification suppression detected; exiting.
[E 11:53:39 35536] Extractor exited successfully
A50_0000000000000001 (parent 0E60495700009638_0000000000000001)
[T 11:53:39 33968] ID set to C66076A500003A50_0000000000000001 (parent 0E60495700009638_0000000000000001)
[T 11:53:40 14928] Allocated ID D2A2076800003A50_0000000000000001 (parent 0E60495700009638_0000000000000001)
[T 11:53:40 14928] ==== Candidate to intercept: C:\Program Files\mingw64\x86_64-w64-mingw32\bin\as.exe (38712) ====
[T 11:53:40 14928] Lua: === Intercepted call to c:\program files\mingw64\x86_64-w64-mingw32\bin\as.exe ===
[T 11:53:40 14928] Executing the following tracer actions:
[T 11:53:40 14928] Tracer actions:
[T 11:53:40 14928] pre_invocations(0)
[T 11:53:40 14928] post_invocations(1)
[T 11:53:40 14928] invocation: C:\Tools\codeql\cpp\tools\win64\extractor.exe, args: --assembler --codeql-assembler-executable "c:\program files\mingw64\x86_64-w64-mingw32\bin\as.exe" -o "E:\graduate sheji\pythoncode\server\output-db\working\tmp/a433c60f-2b34-4e0c-b97d-300f8985ae92.o" C:\Users\Lenovo\AppData\Local\Temp\ccb3QT65.s
[T 11:53:40 14928] trace_languages(1): [cpp]
[E 11:53:40 27688] Mimicry classification suppression detected; exiting.
[E 11:53:40 27688] Extractor exited successfully
0_0000000000000001 (parent 0E60495700009638_0000000000000001)
[T 11:53:40 27688] Initializing tracer.
[T 11:53:40 27688] Initializing tags.
[T 11:53:40 27688] ID set to D2A2076800003A50_0000000000000001 (parent 0E60495700009638_0000000000000001)
[T 11:53:40 38456] Allocated ID 79841A1D00009638_0000000000000001 (parent 6783B8AF00009180_0000000000000001)
[T 11:53:40 38456] ==== Candidate to intercept: C:\Program Files\mingw64\bin\gcc.exe (36284) ====
[T 11:53:40 38456] Lua: === Intercepted call to c:\program files\mingw64\bin\gcc.exe ===
[T 11:53:40 38456] Executing the following tracer actions:
[T 11:53:40 38456] Tracer actions:
[T 11:53:40 38456] pre_invocations(0)
[T 11:53:40 38456] post_invocations(1)
[T 11:53:40 38456] invocation: C:\Tools\codeql\cpp\tools\win64\extractor.exe, args: --mimic "c:\program files\mingw64\bin\gcc.exe" "@E:\graduate sheji\pythoncode\server\output-db\working\tmp/a33a2340-31f7-4307-9ce3-85dc8248b4e9" -x c -o "E:\graduate sheji\pythoncode\server\output-db\working\tmp/9fd226b0-f558-4eca-867d-2a217c3e7cc4.o" -c "E:\graduate sheji\pythoncode\server\output-db\working\tmp/78a898ec-f9ba-46bc-a4c2-b7ce7376d7a8.c"
[T 11:53:40 38456] trace_languages(1): [cpp]
[E 11:53:40 37868] Mimicry classification suppression detected; exiting.
[E 11:53:40 37868] Extractor exited successfully
8_0000000000000001 (parent 6783B8AF00009180_0000000000000001)
[T 11:53:40 37868] Initializing tracer.
[T 11:53:40 37868] Initializing tags.
[T 11:53:40 37868] ID set to 79841A1D00009638_0000000000000001 (parent 6783B8AF00009180_0000000000000001)
[T 11:53:40 36284] Allocated ID B4A5CD1400008DBC_0000000000000001 (parent 79841A1D00009638_0000000000000001)
[T 11:53:40 36284] ==== Candidate to intercept: C:\Program Files\mingw64\libexec\gcc\x86_64-w64-mingw32\8.1.0\cc1.exe (33060) ====
[T 11:53:40 36284] Lua: === Intercepted call to c:\program files\mingw64\libexec\gcc\x86_64-w64-mingw32\8.1.0\cc1.exe ===
[T 11:53:40 36284] Executing the following tracer actions:
[T 11:53:40 36284] Tracer actions:
[T 11:53:40 36284] pre_invocations(0)
[T 11:53:40 36284] post_invocations(1)
[T 11:53:40 36284] invocation: C:\Tools\codeql\cpp\tools\win64\extractor.exe, args: --mimic "c:\program files\mingw64\libexec\gcc\x86_64-w64-mingw32\8.1.0\cc1.exe" -quiet -iprefix "c:/program files/mingw64/bin/../lib/gcc/x86_64-w64-mingw32/8.1.0/" -D_REENTRANT "E:\graduate sheji\pythoncode\server\output-db\working\tmp/78a898ec-f9ba-46bc-a4c2-b7ce7376d7a8.c" -quiet -dumpbase 78a898ec-f9ba-46bc-a4c2-b7ce7376d7a8.c -mtune=core2 -march=nocona -auxbase-strip "E:\graduate sheji\pythoncode\server\output-db\working\tmp/9fd226b0-f558-4eca-867d-2a217c3e7cc4.o" -o C:\Users\Lenovo\AppData\Local\Temp\ccSs6TdA.s
[T 11:53:40 36284] trace_languages(1): [cpp]
[E 11:53:40 24464] Mimicry classification suppression detected; exiting.
[E 11:53:40 24464] Extractor exited successfully
C_0000000000000001 (parent 79841A1D00009638_0000000000000001)
[T 11:53:40 33060] Initializing tracer.
[T 11:53:40 33060] Initializing tags.
[T 11:53:40 33060] ID set to B4A5CD1400008DBC_0000000000000001 (parent 79841A1D00009638_0000000000000001)
[T 11:53:40 38456] Allocated ID 26EFA0B000009638_0000000000000001 (parent 6783B8AF00009180_0000000000000001)
[T 11:53:40 38456] ==== Candidate to intercept: C:\Program Files\mingw64\bin\gcc.exe (29636) ====
[T 11:53:40 38456] Lua: === Intercepted call to c:\program files\mingw64\bin\gcc.exe ===
[T 11:53:40 38456] Executing the following tracer actions:
[T 11:53:40 38456] Tracer actions:
[T 11:53:40 38456] pre_invocations(0)
[T 11:53:40 38456] post_invocations(1)
[T 11:53:40 38456] invocation: C:\Tools\codeql\cpp\tools\win64\extractor.exe, args: --mimic "c:\program files\mingw64\bin\gcc.exe" "@E:\graduate sheji\pythoncode\server\output-db\working\tmp/a33a2340-31f7-4307-9ce3-85dc8248b4e9" -x c -o "E:\graduate sheji\pythoncode\server\output-db\working\tmp/0b167da3-7160-4993-8655-d7373655d932.o" -c "E:\graduate sheji\pythoncode\server\output-db\working\tmp/861a7b20-6765-48b0-9da1-933536b92b77.c"
[T 11:53:40 38456] trace_languages(1): [cpp]
[E 11:53:40 36184] Mimicry classification suppression detected; exiting.
[E 11:53:40 36184] Extractor exited successfully
8_0000000000000001 (parent 6783B8AF00009180_0000000000000001)
[T 11:53:40 36184] Initializing tracer.
[T 11:53:40 36184] Initializing tags.
[T 11:53:40 36184] ID set to 26EFA0B000009638_0000000000000001 (parent 6783B8AF00009180_0000000000000001)
[T 11:53:40 29636] Allocated ID CE036909000073C4_0000000000000001 (parent 26EFA0B000009638_0000000000000001)
[T 11:53:40 29636] ==== Candidate to intercept: C:\Program Files\mingw64\libexec\gcc\x86_64-w64-mingw32\8.1.0\cc1.exe (11548) ====
[T 11:53:40 29636] Lua: === Intercepted call to c:\program files\mingw64\libexec\gcc\x86_64-w64-mingw32\8.1.0\cc1.exe ===
[T 11:53:40 29636] Executing the following tracer actions:
[T 11:53:40 29636] Tracer actions:
[T 11:53:40 29636] pre_invocations(0)
[T 11:53:40 29636] post_invocations(1)
[T 11:53:40 29636] invocation: C:\Tools\codeql\cpp\tools\win64\extractor.exe, args: --mimic "c:\program files\mingw64\libexec\gcc\x86_64-w64-mingw32\8.1.0\cc1.exe" -quiet -iprefix "c:/program files/mingw64/bin/../lib/gcc/x86_64-w64-mingw32/8.1.0/" -D_REENTRANT "E:\graduate sheji\pythoncode\server\output-db\working\tmp/861a7b20-6765-48b0-9da1-933536b92b77.c" -quiet -dumpbase 861a7b20-6765-48b0-9da1-933536b92b77.c -mtune=core2 -march=nocona -auxbase-strip "E:\graduate sheji\pythoncode\server\output-db\working\tmp/0b167da3-7160-4993-8655-d7373655d932.o" -o C:\Users\Lenovo\AppData\Local\Temp\ccW0M6LZ.s
[T 11:53:40 29636] trace_languages(1): [cpp]
[E 11:53:40 34620] Mimicry classification suppression detected; exiting.
[E 11:53:40 34620] Extractor exited successfully
4_0000000000000001 (parent 26EFA0B000009638_0000000000000001)
[T 11:53:40 11548] Initializing tracer.
[T 11:53:40 11548] Initializing tags.
[T 11:53:40 11548] ID set to CE036909000073C4_0000000000000001 (parent 26EFA0B000009638_0000000000000001)
[T 11:53:40 38456] Allocated ID 88E4AB8600009638_0000000000000001 (parent 6783B8AF00009180_0000000000000001)
[T 11:53:41 38456] ==== Candidate to intercept: C:\Program Files\mingw64\bin\gcc.exe (37176) ====
[T 11:53:41 38456] Lua: === Intercepted call to c:\program files\mingw64\bin\gcc.exe ===
[T 11:53:41 38456] Executing the following tracer actions:
[T 11:53:41 38456] Tracer actions:
[T 11:53:41 38456] pre_invocations(0)
[T 11:53:41 38456] post_invocations(1)
[T 11:53:41 38456] invocation: C:\Tools\codeql\cpp\tools\win64\extractor.exe, args: --mimic "c:\program files\mingw64\bin\gcc.exe" "@E:\graduate sheji\pythoncode\server\output-db\working\tmp/a33a2340-31f7-4307-9ce3-85dc8248b4e9" -x c -o "E:\graduate sheji\pythoncode\server\output-db\working\tmp/ed9c582c-155f-43cc-9b95-3b7a4724dc34.o" -c "E:\graduate sheji\pythoncode\server\output-db\working\tmp/916e35da-e693-4c38-b84f-0f4de416aeca.c"
[T 11:53:41 38456] trace_languages(1): [cpp]
[E 11:53:41 38096] Mimicry classification suppression detected; exiting.
[E 11:53:41 38096] Extractor exited successfully
8_0000000000000001 (parent 6783B8AF00009180_0000000000000001)
[T 11:53:41 38096] Initializing tracer.
[T 11:53:41 38096] Initializing tags.
[T 11:53:41 38096] ID set to 88E4AB8600009638_0000000000000001 (parent 6783B8AF00009180_0000000000000001)
[T 11:53:41 37176] Allocated ID 382DAF8D00009138_0000000000000001 (parent 88E4AB8600009638_0000000000000001)
[T 11:53:41 37176] ==== Candidate to intercept: C:\Program Files\mingw64\libexec\gcc\x86_64-w64-mingw32\8.1.0\cc1.exe (34684) ====
[T 11:53:41 37176] Lua: === Intercepted call to c:\program files\mingw64\libexec\gcc\x86_64-w64-mingw32\8.1.0\cc1.exe ===
[T 11:53:41 37176] Executing the following tracer actions:
[T 11:53:41 37176] Tracer actions:
[T 11:53:41 37176] pre_invocations(0)
[T 11:53:41 37176] post_invocations(1)
[T 11:53:41 37176] invocation: C:\Tools\codeql\cpp\tools\win64\extractor.exe, args: --mimic "c:\program files\mingw64\libexec\gcc\x86_64-w64-mingw32\8.1.0\cc1.exe" -quiet -iprefix "c:/program files/mingw64/bin/../lib/gcc/x86_64-w64-mingw32/8.1.0/" -D_REENTRANT "E:\graduate sheji\pythoncode\server\output-db\working\tmp/916e35da-e693-4c38-b84f-0f4de416aeca.c" -quiet -dumpbase 916e35da-e693-4c38-b84f-0f4de416aeca.c -mtune=core2 -march=nocona -auxbase-strip "E:\graduate sheji\pythoncode\server\output-db\working\tmp/ed9c582c-155f-43cc-9b95-3b7a4724dc34.o" -o C:\Users\Lenovo\AppData\Local\Temp\cc98yPAi.s
[T 11:53:41 37176] trace_languages(1): [cpp]
[E 11:53:41 4616] Mimicry classification suppression detected; exiting.
[E 11:53:41 4616] Extractor exited successfully
138_0000000000000001 (parent 88E4AB8600009638_0000000000000001)
[T 11:53:41 4616] Initializing tracer.
[T 11:53:41 4616] Initializing tags.
[T 11:53:41 4616] ID set to 382DAF8D00009138_0000000000000001 (parent 88E4AB8600009638_0000000000000001)
