[T 04:09:29 33154] CodeQL CLI version 2.25.1
[T 04:09:29 33154] Initializing tracer.
[T 04:09:29 33154] Initializing tags.
[T 04:09:29 33154] ID set to 0000000000008182_0000000000000001 (parent root)
[T 04:09:29 33154] Initializing tracer.
[T 04:09:29 33154] Initializing tags.
[T 04:09:29 33154] ID set to 0000000000008182_0000000000000002 (parent root)
[T 04:09:29 33154] Warning: SEMMLE_EXEC and SEMMLE_EXECP not set. Falling back to path lookup on argv[0].
[T 04:09:29 33154] ==== Candidate to intercept: /mnt/c/Tools/codeql/tools/linux64/runner-linux (canonical: /mnt/c/Tools/codeql/tools/linux64/runner-linux) ====
[T 04:09:29 33154] Executing the following tracer actions:
[T 04:09:29 33154] Tracer actions:
[T 04:09:29 33154] pre_invocations(0)
[T 04:09:29 33154] post_invocations(0)
[T 04:09:29 33154] trace_languages(1): [cpp]
[T 04:09:29 33154] Initializing tracer.
[T 04:09:29 33154] Initializing tags.
[T 04:09:29 33154] ID set to 0000000000008182_0000000000000003 (parent 0000000000008182_0000000000000002)
[T 04:09:29 33154] ==== Candidate to intercept: make (canonical: /usr/bin/make) ====
[T 04:09:29 33154] Executing the following tracer actions:
[T 04:09:29 33154] Tracer actions:
[T 04:09:29 33154] pre_invocations(0)
[T 04:09:29 33154] post_invocations(0)
[T 04:09:29 33154] trace_languages(1): [cpp]
[T 04:09:29 33157] Initializing tracer.
[T 04:09:29 33157] Initializing tags.
[T 04:09:29 33157] ID set to 0000000000008185_0000000000000001 (parent 0000000000008182_0000000000000003)
[T 04:09:29 33157] ==== Candidate to intercept: /usr/bin/gcc (canonical: /usr/bin/x86_64-linux-gnu-gcc-13) ====
[T 04:09:29 33157] Lua: === Intercepted call to /usr/bin/x86_64-linux-gnu-gcc-13 ===
[T 04:09:29 33157] Executing the following tracer actions:
[T 04:09:29 33157] Tracer actions:
[T 04:09:29 33157] pre_invocations(0)
[T 04:09:29 33157] post_invocations(1)
[T 04:09:29 33157] invocation: /mnt/c/Tools/codeql/cpp/tools/linux64/extractor, args: [--mimic, /usr/bin/x86_64-linux-gnu-gcc-13, -c, -o, test1.o, test1.c]
[T 04:09:29 33157] trace_languages(1): [cpp]
[T 04:09:29 33159] Initializing tracer.
[T 04:09:29 33159] Initializing tags.
[T 04:09:29 33159] ID set to 0000000000008187_0000000000000001 (parent 0000000000008185_0000000000000001)
[T 04:09:29 33159] ==== Candidate to intercept: /usr/libexec/gcc/x86_64-linux-gnu/13/cc1 (canonical: /usr/libexec/gcc/x86_64-linux-gnu/13/cc1) ====
[T 04:09:29 33159] Lua: === Intercepted call to /usr/libexec/gcc/x86_64-linux-gnu/13/cc1 ===
[T 04:09:29 33159] Executing the following tracer actions:
[T 04:09:29 33159] Tracer actions:
[T 04:09:29 33159] pre_invocations(0)
[T 04:09:29 33159] post_invocations(1)
[T 04:09:29 33159] invocation: /mnt/c/Tools/codeql/cpp/tools/linux64/extractor, args: [--mimic, /usr/libexec/gcc/x86_64-linux-gnu/13/cc1, -quiet, -imultiarch, x86_64-linux-gnu, test1.c, -quiet, -dumpbase, test1.c, -dumpbase-ext, .c, -mtune=generic, -march=x86-64, -fasynchronous-unwind-tables, -fstack-protector-strong, -Wformat, -Wformat-security, -fstack-clash-protection, -fcf-protection, -o, /tmp/ccJIBSwA.s]
[T 04:09:29 33159] trace_languages(1): [cpp]
[T 04:09:29 33161] Attempting to switch stdout/stderr to 4...
[T 04:09:29 33161] Initializing tracer.
[T 04:09:29 33161] Initializing tags.
[T 04:09:29 33161] ID set to 0000000000008189_0000000000000001 (parent 0000000000008187_0000000000000001)
[E 04:09:29 33161] CodeQL C/C++ Extractor 2.25.1
[E 04:09:29 33161] Current directory: /home/test/my-awesome-project/CISB/server/env:implicitchange
[E 04:09:29 33161] Command: /mnt/c/Tools/codeql/cpp/tools/linux64/extractor --mimic /usr/libexec/gcc/x86_64-linux-gnu/13/cc1 -quiet -imultiarch x86_64-linux-gnu test1.c -quiet -dumpbase test1.c -dumpbase-ext .c -mtune=generic -march=x86-64 -fasynchronous-unwind-tables -fstack-protector-strong -Wformat -Wformat-security -fstack-clash-protection -fcf-protection -o /tmp/ccJIBSwA.s
[T 04:09:29 33162] Initializing tracer.
[T 04:09:29 33162] Initializing tags.
[T 04:09:29 33162] ID set to 000000000000818A_0000000000000001 (parent 0000000000008189_0000000000000001)
[T 04:09:29 33162] ==== Candidate to intercept: /usr/libexec/gcc/x86_64-linux-gnu/13/cc1 (canonical: /usr/libexec/gcc/x86_64-linux-gnu/13/cc1) ====
[T 04:09:29 33162] Lua: === Intercepted call to /usr/libexec/gcc/x86_64-linux-gnu/13/cc1 ===
[T 04:09:29 33162] Executing the following tracer actions:
[T 04:09:29 33162] Tracer actions:
[T 04:09:29 33162] pre_invocations(0)
[T 04:09:29 33162] post_invocations(1)
[T 04:09:29 33162] invocation: /mnt/c/Tools/codeql/cpp/tools/linux64/extractor, args: [--mimic, /usr/libexec/gcc/x86_64-linux-gnu/13/cc1, --version]
[T 04:09:29 33162] trace_languages(1): [cpp]
[T 04:09:29 33164] Attempting to switch stdout/stderr to 7...
[T 04:09:29 33164] Initializing tracer.
[T 04:09:29 33164] Initializing tags.
[T 04:09:29 33164] ID set to 000000000000818C_0000000000000001 (parent 000000000000818A_0000000000000001)
[E 04:09:29 33164] Mimicry classification suppression detected; exiting.
[E 04:09:29 33164] Extractor exited successfully
[T 04:09:29 33162] Extractor /mnt/c/Tools/codeql/cpp/tools/linux64/extractor terminated with exit code 0.
[T 04:09:29 33165] Initializing tracer.
[T 04:09:29 33165] Initializing tags.
[T 04:09:29 33165] ID set to 000000000000818D_0000000000000001 (parent 0000000000008189_0000000000000001)
[T 04:09:29 33165] ==== Candidate to intercept: /usr/libexec/gcc/x86_64-linux-gnu/13/cc1 (canonical: /usr/libexec/gcc/x86_64-linux-gnu/13/cc1) ====
[T 04:09:29 33165] Lua: === Intercepted call to /usr/libexec/gcc/x86_64-linux-gnu/13/cc1 ===
[T 04:09:29 33165] Executing the following tracer actions:
[T 04:09:29 33165] Tracer actions:
[T 04:09:29 33165] pre_invocations(0)
[T 04:09:29 33165] post_invocations(1)
[T 04:09:29 33165] invocation: /mnt/c/Tools/codeql/cpp/tools/linux64/extractor, args: [--mimic, /usr/libexec/gcc/x86_64-linux-gnu/13/cc1, --help]
[T 04:09:29 33165] trace_languages(1): [cpp]
[T 04:09:29 33167] Attempting to switch stdout/stderr to 7...
[T 04:09:29 33167] Initializing tracer.
[T 04:09:29 33167] Initializing tags.
[T 04:09:29 33167] ID set to 000000000000818F_0000000000000001 (parent 000000000000818D_0000000000000001)
[E 04:09:29 33167] Mimicry classification suppression detected; exiting.
[E 04:09:29 33167] Extractor exited successfully
[T 04:09:29 33165] Extractor /mnt/c/Tools/codeql/cpp/tools/linux64/extractor terminated with exit code 0.
[T 04:09:29 33168] Initializing tracer.
[T 04:09:29 33168] Initializing tags.
[T 04:09:29 33168] ID set to 0000000000008190_0000000000000001 (parent 0000000000008189_0000000000000001)
[T 04:09:29 33168] ==== Candidate to intercept: /usr/libexec/gcc/x86_64-linux-gnu/13/cc1 (canonical: /usr/libexec/gcc/x86_64-linux-gnu/13/cc1) ====
[T 04:09:29 33168] Lua: === Intercepted call to /usr/libexec/gcc/x86_64-linux-gnu/13/cc1 ===
[T 04:09:29 33168] Executing the following tracer actions:
[T 04:09:29 33168] Tracer actions:
[T 04:09:29 33168] pre_invocations(0)
[T 04:09:29 33168] post_invocations(1)
[T 04:09:29 33168] invocation: /mnt/c/Tools/codeql/cpp/tools/linux64/extractor, args: [--mimic, /usr/libexec/gcc/x86_64-linux-gnu/13/cc1, -version, --help]
[T 04:09:29 33168] trace_languages(1): [cpp]
[T 04:09:29 33170] Attempting to switch stdout/stderr to 7...
[T 04:09:29 33170] Initializing tracer.
[T 04:09:29 33170] Initializing tags.
[T 04:09:29 33170] ID set to 0000000000008192_0000000000000001 (parent 0000000000008190_0000000000000001)
[E 04:09:29 33170] Mimicry classification suppression detected; exiting.
[E 04:09:29 33170] Extractor exited successfully
[T 04:09:29 33168] Extractor /mnt/c/Tools/codeql/cpp/tools/linux64/extractor terminated with exit code 0.
[T 04:09:29 33171] Initializing tracer.
[T 04:09:29 33171] Initializing tags.
[T 04:09:29 33171] ID set to 0000000000008193_0000000000000001 (parent 0000000000008189_0000000000000001)
[T 04:09:29 33171] ==== Candidate to intercept: /usr/libexec/gcc/x86_64-linux-gnu/13/cc1 (canonical: /usr/libexec/gcc/x86_64-linux-gnu/13/cc1) ====
[T 04:09:29 33171] Lua: === Intercepted call to /usr/libexec/gcc/x86_64-linux-gnu/13/cc1 ===
[T 04:09:29 33171] Executing the following tracer actions:
[T 04:09:29 33171] Tracer actions:
[T 04:09:29 33171] pre_invocations(0)
[T 04:09:29 33171] post_invocations(1)
[T 04:09:29 33171] invocation: /mnt/c/Tools/codeql/cpp/tools/linux64/extractor, args: [--mimic, /usr/libexec/gcc/x86_64-linux-gnu/13/cc1, -nostdinc, -o, /home/test/my-awesome-project/CISB/server/env:implicitchange/db-l41/working/tmp//semmle_2_33161_767380.o, /home/test/my-awesome-project/CISB/server/env:implicitchange/db-l41/working/tmp//semmle_1_33161_767180.c]
[T 04:09:29 33171] trace_languages(1): [cpp]
[T 04:09:29 33173] Attempting to switch stdout/stderr to 7...
[T 04:09:29 33173] Initializing tracer.
[T 04:09:29 33173] Initializing tags.
[T 04:09:29 33173] ID set to 0000000000008195_0000000000000001 (parent 0000000000008193_0000000000000001)
[E 04:09:29 33173] Mimicry classification suppression detected; exiting.
[E 04:09:29 33173] Extractor exited successfully
[T 04:09:29 33171] Extractor /mnt/c/Tools/codeql/cpp/tools/linux64/extractor terminated with exit code 0.
[T 04:09:29 33174] Initializing tracer.
[T 04:09:29 33174] Initializing tags.
[T 04:09:29 33174] ID set to 0000000000008196_0000000000000001 (parent 0000000000008189_0000000000000001)
[T 04:09:29 33174] ==== Candidate to intercept: /usr/libexec/gcc/x86_64-linux-gnu/13/cc1 (canonical: /usr/libexec/gcc/x86_64-linux-gnu/13/cc1) ====
[T 04:09:29 33174] Lua: === Intercepted call to /usr/libexec/gcc/x86_64-linux-gnu/13/cc1 ===
[T 04:09:29 33174] Executing the following tracer actions:
[T 04:09:29 33174] Tracer actions:
[T 04:09:29 33174] pre_invocations(0)
[T 04:09:29 33174] post_invocations(1)
[T 04:09:29 33174] invocation: /mnt/c/Tools/codeql/cpp/tools/linux64/extractor, args: [--mimic, /usr/libexec/gcc/x86_64-linux-gnu/13/cc1, -nostdinc, -o, /home/test/my-awesome-project/CISB/server/env:implicitchange/db-l41/working/tmp//semmle_4_33161_801018.o, /home/test/my-awesome-project/CISB/server/env:implicitchange/db-l41/working/tmp//semmle_3_33161_800927.c]
[T 04:09:29 33174] trace_languages(1): [cpp]
[T 04:09:29 33176] Attempting to switch stdout/stderr to 7...
[T 04:09:29 33176] Initializing tracer.
[T 04:09:29 33176] Initializing tags.
[T 04:09:29 33176] ID set to 0000000000008198_0000000000000001 (parent 0000000000008196_0000000000000001)
[E 04:09:29 33176] Mimicry classification suppression detected; exiting.
[E 04:09:29 33176] Extractor exited successfully
[T 04:09:29 33174] Extractor /mnt/c/Tools/codeql/cpp/tools/linux64/extractor terminated with exit code 0.
[E 04:09:29 33161] Checking whether C compilation already happened.
[E 04:09:29 33161] Checking for tag c-compilation-happened
[E 04:09:29 33161] Checking CODEQL_TRACER_DB_ID 0000000000008187_0000000000000001
[E 04:09:29 33161] Locking DB /home/test/my-awesome-project/CISB/server/env:implicitchange/db-l41/working/tags.db
[E 04:09:29 33161] Locked DB /home/test/my-awesome-project/CISB/server/env:implicitchange/db-l41/working/tags.db
[E 04:09:29 33161] Unlocking DB
[E 04:09:29 33161] Unlocked DB
[E 04:09:29 33161] Looks like C compilation didn't already happen.
[E 04:09:29 33161] Checking whether C compilation has been attempted.
[E 04:09:29 33161] Checking for tag c-compilation-attempted
[E 04:09:29 33161] Checking CODEQL_TRACER_DB_ID 0000000000008187_0000000000000001
[E 04:09:29 33161] Locking DB /home/test/my-awesome-project/CISB/server/env:implicitchange/db-l41/working/tags.db
[E 04:09:29 33161] Locked DB /home/test/my-awesome-project/CISB/server/env:implicitchange/db-l41/working/tags.db
[E 04:09:29 33161] Unlocking DB
[E 04:09:29 33161] Unlocked DB
[E 04:09:29 33161] Marking C compilation as attempted.
[E 04:09:29 33161] Setting tag c-compilation-attempted
[E 04:09:29 33161] Starting from CODEQL_TRACER_DB_ID 0000000000008187_0000000000000001
[E 04:09:29 33161] Locking DB /home/test/my-awesome-project/CISB/server/env:implicitchange/db-l41/working/tags.db
[E 04:09:29 33161] Locked DB /home/test/my-awesome-project/CISB/server/env:implicitchange/db-l41/working/tags.db
[E 04:09:29 33161] Set tag for 0000000000008187_0000000000000001
[E 04:09:29 33161] Set tag for 0000000000008185_0000000000000001
[E 04:09:29 33161] Set tag for 0000000000008182_0000000000000003
[E 04:09:29 33161] Set tag for 0000000000008182_0000000000000002
[E 04:09:29 33161] Set tag for root
[E 04:09:29 33161] Unlocking DB
[E 04:09:29 33161] Unlocked DB
[T 04:09:29 33177] Initializing tracer.
[T 04:09:29 33177] Initializing tags.
[T 04:09:29 33177] ID set to 0000000000008199_0000000000000001 (parent 0000000000008189_0000000000000001)
[T 04:09:29 33177] ==== Candidate to intercept: /usr/libexec/gcc/x86_64-linux-gnu/13/cc1 (canonical: /usr/libexec/gcc/x86_64-linux-gnu/13/cc1) ====
[T 04:09:29 33177] Lua: === Intercepted call to /usr/libexec/gcc/x86_64-linux-gnu/13/cc1 ===
[T 04:09:29 33177] Executing the following tracer actions:
[T 04:09:29 33177] Tracer actions:
[T 04:09:29 33177] pre_invocations(0)
[T 04:09:29 33177] post_invocations(1)
[T 04:09:29 33177] invocation: /mnt/c/Tools/codeql/cpp/tools/linux64/extractor, args: [--mimic, /usr/libexec/gcc/x86_64-linux-gnu/13/cc1, @/home/test/my-awesome-project/CISB/server/env:implicitchange/db-l41/working/tmp//semmle_6_33161_834407, -v, -fsyntax-only, /home/test/my-awesome-project/CISB/server/env:implicitchange/db-l41/working/tmp//semmle_7_33161_834510]
[T 04:09:29 33177] trace_languages(1): [cpp]
[T 04:09:29 33179] Attempting to switch stdout/stderr to 7...
[T 04:09:29 33179] Initializing tracer.
[T 04:09:29 33179] Initializing tags.
[T 04:09:29 33179] ID set to 000000000000819B_0000000000000001 (parent 0000000000008199_0000000000000001)
[E 04:09:29 33179] Mimicry classification suppression detected; exiting.
[E 04:09:29 33179] Extractor exited successfully
[T 04:09:29 33177] Extractor /mnt/c/Tools/codeql/cpp/tools/linux64/extractor terminated with exit code 0.
[T 04:09:29 33180] Initializing tracer.
[T 04:09:29 33180] Initializing tags.
[T 04:09:29 33180] ID set to 000000000000819C_0000000000000001 (parent 0000000000008189_0000000000000001)
[T 04:09:29 33180] ==== Candidate to intercept: /usr/libexec/gcc/x86_64-linux-gnu/13/cc1 (canonical: /usr/libexec/gcc/x86_64-linux-gnu/13/cc1) ====
[T 04:09:29 33180] Lua: === Intercepted call to /usr/libexec/gcc/x86_64-linux-gnu/13/cc1 ===
[T 04:09:29 33180] Executing the following tracer actions:
[T 04:09:29 33180] Tracer actions:
[T 04:09:29 33180] pre_invocations(0)
[T 04:09:29 33180] post_invocations(1)
[T 04:09:29 33180] invocation: /mnt/c/Tools/codeql/cpp/tools/linux64/extractor, args: [--mimic, /usr/libexec/gcc/x86_64-linux-gnu/13/cc1, @/home/test/my-awesome-project/CISB/server/env:implicitchange/db-l41/working/tmp//semmle_6_33161_834407, -E, -dM, /home/test/my-awesome-project/CISB/server/env:implicitchange/db-l41/working/tmp//semmle_8_33161_862090]
[T 04:09:29 33180] trace_languages(1): [cpp]
[T 04:09:29 33182] Attempting to switch stdout/stderr to 7...
[T 04:09:29 33182] Initializing tracer.
[T 04:09:29 33182] Initializing tags.
[T 04:09:29 33182] ID set to 000000000000819E_0000000000000001 (parent 000000000000819C_0000000000000001)
[E 04:09:29 33182] Mimicry classification suppression detected; exiting.
[E 04:09:29 33182] Extractor exited successfully
[T 04:09:29 33180] Extractor /mnt/c/Tools/codeql/cpp/tools/linux64/extractor terminated with exit code 0.
[T 04:09:29 33183] Initializing tracer.
[T 04:09:29 33183] Initializing tags.
[T 04:09:29 33183] ID set to 000000000000819F_0000000000000001 (parent 0000000000008189_0000000000000001)
[T 04:09:29 33183] ==== Candidate to intercept: /usr/libexec/gcc/x86_64-linux-gnu/13/cc1 (canonical: /usr/libexec/gcc/x86_64-linux-gnu/13/cc1) ====
[T 04:09:29 33183] Lua: === Intercepted call to /usr/libexec/gcc/x86_64-linux-gnu/13/cc1 ===
[T 04:09:29 33183] Executing the following tracer actions:
[T 04:09:29 33183] Tracer actions:
[T 04:09:29 33183] pre_invocations(0)
[T 04:09:29 33183] post_invocations(1)
[T 04:09:29 33183] invocation: /mnt/c/Tools/codeql/cpp/tools/linux64/extractor, args: [--mimic, /usr/libexec/gcc/x86_64-linux-gnu/13/cc1, @/home/test/my-awesome-project/CISB/server/env:implicitchange/db-l41/working/tmp//semmle_9_33161_892041, -o, /home/test/my-awesome-project/CISB/server/env:implicitchange/db-l41/working/tmp//semmle_11_33161_892219.o, /home/test/my-awesome-project/CISB/server/env:implicitchange/db-l41/working/tmp//semmle_10_33161_892179.c]
[T 04:09:29 33183] trace_languages(1): [cpp]
[T 04:09:29 33185] Attempting to switch stdout/stderr to 7...
[T 04:09:29 33185] Initializing tracer.
[T 04:09:29 33185] Initializing tags.
[T 04:09:29 33185] ID set to 00000000000081A1_0000000000000001 (parent 000000000000819F_0000000000000001)
[E 04:09:29 33185] Mimicry classification suppression detected; exiting.
[E 04:09:29 33185] Extractor exited successfully
[T 04:09:29 33183] Extractor /mnt/c/Tools/codeql/cpp/tools/linux64/extractor terminated with exit code 0.
[T 04:09:29 33186] Initializing tracer.
[T 04:09:29 33186] Initializing tags.
[T 04:09:29 33186] ID set to 00000000000081A2_0000000000000001 (parent 0000000000008189_0000000000000001)
[T 04:09:29 33186] ==== Candidate to intercept: /usr/libexec/gcc/x86_64-linux-gnu/13/cc1 (canonical: /usr/libexec/gcc/x86_64-linux-gnu/13/cc1) ====
[T 04:09:29 33186] Lua: === Intercepted call to /usr/libexec/gcc/x86_64-linux-gnu/13/cc1 ===
[T 04:09:29 33186] Executing the following tracer actions:
[T 04:09:29 33186] Tracer actions:
[T 04:09:29 33186] pre_invocations(0)
[T 04:09:29 33186] post_invocations(1)
[T 04:09:29 33186] invocation: /mnt/c/Tools/codeql/cpp/tools/linux64/extractor, args: [--mimic, /usr/libexec/gcc/x86_64-linux-gnu/13/cc1, @/home/test/my-awesome-project/CISB/server/env:implicitchange/db-l41/working/tmp//semmle_9_33161_892041, -o, /home/test/my-awesome-project/CISB/server/env:implicitchange/db-l41/working/tmp//semmle_13_33161_920788.o, /home/test/my-awesome-project/CISB/server/env:implicitchange/db-l41/working/tmp//semmle_12_33161_920714.c]
[T 04:09:29 33186] trace_languages(1): [cpp]
[T 04:09:29 33188] Attempting to switch stdout/stderr to 7...
[T 04:09:29 33188] Initializing tracer.
[T 04:09:29 33188] Initializing tags.
[T 04:09:29 33188] ID set to 00000000000081A4_0000000000000001 (parent 00000000000081A2_0000000000000001)
[E 04:09:29 33188] Mimicry classification suppression detected; exiting.
[E 04:09:29 33188] Extractor exited successfully
[T 04:09:29 33186] Extractor /mnt/c/Tools/codeql/cpp/tools/linux64/extractor terminated with exit code 0.
[T 04:09:29 33204] Initializing tracer.
[T 04:09:29 33204] Initializing tags.
[T 04:09:29 33204] ID set to 00000000000081B4_0000000000000001 (parent 0000000000008189_0000000000000001)
[T 04:09:29 33204] ==== Candidate to intercept: /usr/libexec/gcc/x86_64-linux-gnu/13/cc1 (canonical: /usr/libexec/gcc/x86_64-linux-gnu/13/cc1) ====
[T 04:09:29 33204] Lua: === Intercepted call to /usr/libexec/gcc/x86_64-linux-gnu/13/cc1 ===
[T 04:09:29 33204] Executing the following tracer actions:
[T 04:09:29 33204] Tracer actions:
[T 04:09:29 33204] pre_invocations(0)
[T 04:09:29 33204] post_invocations(1)
[T 04:09:29 33204] invocation: /mnt/c/Tools/codeql/cpp/tools/linux64/extractor, args: [--mimic, /usr/libexec/gcc/x86_64-linux-gnu/13/cc1, @/home/test/my-awesome-project/CISB/server/env:implicitchange/db-l41/working/tmp//semmle_9_33161_892041, -o, /home/test/my-awesome-project/CISB/server/env:implicitchange/db-l41/working/tmp//semmle_15_33161_955854.o, /home/test/my-awesome-project/CISB/server/env:implicitchange/db-l41/working/tmp//semmle_14_33161_955813.c]
[T 04:09:29 33204] trace_languages(1): [cpp]
[T 04:09:29 33219] Attempting to switch stdout/stderr to 7...
[T 04:09:29 33219] Initializing tracer.
[T 04:09:29 33219] Initializing tags.
[T 04:09:29 33219] ID set to 00000000000081C3_0000000000000001 (parent 00000000000081B4_0000000000000001)
[E 04:09:29 33219] Mimicry classification suppression detected; exiting.
[E 04:09:29 33219] Extractor exited successfully
[T 04:09:29 33204] Extractor /mnt/c/Tools/codeql/cpp/tools/linux64/extractor terminated with exit code 0.
[T 04:09:29 33234] Initializing tracer.
[T 04:09:29 33234] Initializing tags.
[T 04:09:29 33234] ID set to 00000000000081D2_0000000000000001 (parent 0000000000008189_0000000000000001)
[T 04:09:29 33234] ==== Candidate to intercept: /usr/libexec/gcc/x86_64-linux-gnu/13/cc1 (canonical: /usr/libexec/gcc/x86_64-linux-gnu/13/cc1) ====
[T 04:09:29 33234] Lua: === Intercepted call to /usr/libexec/gcc/x86_64-linux-gnu/13/cc1 ===
[T 04:09:29 33234] Executing the following tracer actions:
[T 04:09:29 33234] Tracer actions:
[T 04:09:29 33234] pre_invocations(0)
[T 04:09:29 33234] post_invocations(1)
[T 04:09:29 33234] invocation: /mnt/c/Tools/codeql/cpp/tools/linux64/extractor, args: [--mimic, /usr/libexec/gcc/x86_64-linux-gnu/13/cc1, @/home/test/my-awesome-project/CISB/server/env:implicitchange/db-l41/working/tmp//semmle_9_33161_892041, -o, /home/test/my-awesome-project/CISB/server/env:implicitchange/db-l41/working/tmp//semmle_17_33161_984309.o, /home/test/my-awesome-project/CISB/server/env:implicitchange/db-l41/working/tmp//semmle_16_33161_984264.c]
[T 04:09:29 33234] trace_languages(1): [cpp]
[T 04:09:30 33251] Attempting to switch stdout/stderr to 7...
[T 04:09:30 33251] Initializing tracer.
[T 04:09:30 33251] Initializing tags.
[T 04:09:30 33251] ID set to 00000000000081E3_0000000000000001 (parent 00000000000081D2_0000000000000001)
[E 04:09:30 33251] Mimicry classification suppression detected; exiting.
[E 04:09:30 33251] Extractor exited successfully
[T 04:09:30 33234] Extractor /mnt/c/Tools/codeql/cpp/tools/linux64/extractor terminated with exit code 0.
[T 04:09:30 33265] Initializing tracer.
[T 04:09:30 33265] Initializing tags.
[T 04:09:30 33265] ID set to 00000000000081F1_0000000000000001 (parent 0000000000008189_0000000000000001)
[T 04:09:30 33265] ==== Candidate to intercept: /usr/libexec/gcc/x86_64-linux-gnu/13/cc1 (canonical: /usr/libexec/gcc/x86_64-linux-gnu/13/cc1) ====
[T 04:09:30 33265] Lua: === Intercepted call to /usr/libexec/gcc/x86_64-linux-gnu/13/cc1 ===
[T 04:09:30 33265] Executing the following tracer actions:
[T 04:09:30 33265] Tracer actions:
[T 04:09:30 33265] pre_invocations(0)
[T 04:09:30 33265] post_invocations(1)
[T 04:09:30 33265] invocation: /mnt/c/Tools/codeql/cpp/tools/linux64/extractor, args: [--mimic, /usr/libexec/gcc/x86_64-linux-gnu/13/cc1, @/home/test/my-awesome-project/CISB/server/env:implicitchange/db-l41/working/tmp//semmle_9_33161_892041, -o, /home/test/my-awesome-project/CISB/server/env:implicitchange/db-l41/working/tmp//semmle_19_33161_19467.o, /home/test/my-awesome-project/CISB/server/env:implicitchange/db-l41/working/tmp//semmle_18_33161_19420.c]
[T 04:09:30 33265] trace_languages(1): [cpp]
[T 04:09:30 33281] Attempting to switch stdout/stderr to 7...
[T 04:09:30 33281] Initializing tracer.
[T 04:09:30 33281] Initializing tags.
[T 04:09:30 33281] ID set to 0000000000008201_0000000000000001 (parent 00000000000081F1_0000000000000001)
[E 04:09:30 33281] Mimicry classification suppression detected; exiting.
[E 04:09:30 33281] Extractor exited successfully
[T 04:09:30 33265] Extractor /mnt/c/Tools/codeql/cpp/tools/linux64/extractor terminated with exit code 0.
[T 04:09:30 33296] Initializing tracer.
[T 04:09:30 33296] Initializing tags.
[T 04:09:30 33296] ID set to 0000000000008210_0000000000000001 (parent 0000000000008189_0000000000000001)
[T 04:09:30 33296] ==== Candidate to intercept: /usr/libexec/gcc/x86_64-linux-gnu/13/cc1 (canonical: /usr/libexec/gcc/x86_64-linux-gnu/13/cc1) ====
[T 04:09:30 33296] Lua: === Intercepted call to /usr/libexec/gcc/x86_64-linux-gnu/13/cc1 ===
[T 04:09:30 33296] Executing the following tracer actions:
[T 04:09:30 33296] Tracer actions:
[T 04:09:30 33296] pre_invocations(0)
[T 04:09:30 33296] post_invocations(1)
[T 04:09:30 33296] invocation: /mnt/c/Tools/codeql/cpp/tools/linux64/extractor, args: [--mimic, /usr/libexec/gcc/x86_64-linux-gnu/13/cc1, @/home/test/my-awesome-project/CISB/server/env:implicitchange/db-l41/working/tmp//semmle_9_33161_892041, -o, /home/test/my-awesome-project/CISB/server/env:implicitchange/db-l41/working/tmp//semmle_21_33161_47759.o, /home/test/my-awesome-project/CISB/server/env:implicitchange/db-l41/working/tmp//semmle_20_33161_47709.c]
[T 04:09:30 33296] trace_languages(1): [cpp]
[T 04:09:30 33312] Attempting to switch stdout/stderr to 7...
[T 04:09:30 33312] Initializing tracer.
[T 04:09:30 33312] Initializing tags.
[T 04:09:30 33312] ID set to 0000000000008220_0000000000000001 (parent 0000000000008210_0000000000000001)
[E 04:09:30 33312] Mimicry classification suppression detected; exiting.
[E 04:09:30 33312] Extractor exited successfully
[T 04:09:30 33296] Extractor /mnt/c/Tools/codeql/cpp/tools/linux64/extractor terminated with exit code 0.
[E 04:09:30 33161] Processed command line: /mnt/c/Tools/codeql/cpp/tools/linux64/extractor --trapfolder /home/test/my-awesome-project/CISB/server/env:implicitchange/db-l41/trap/cpp --src_archive /home/test/my-awesome-project/CISB/server/env:implicitchange/db-l41/src --object_filename /tmp/ccJIBSwA.s --no_warnings_and_discretionary_errors --error_limit 1000 --disable_system_macros --variadic_macros --incognito --gcc --gnu_version 130300 --target linux_x86_64 '-D__DBL_MIN_EXP__=(-1021)' -D__UINT_LEAST16_MAX__=0xffff -D__FLT16_HAS_QUIET_NAN__=1 -D__ATOMIC_ACQUIRE=2 -D__FLT128_MAX_10_EXP__=4932 -D__FLT_MIN__=1.17549435082228750796873653722224568e-38F -D__GCC_IEC_559_COMPLEX=2 '-D__UINT_LEAST8_TYPE__=unsigned char' -D__SIZEOF_FLOAT80__=16 -D__BFLT16_DENORM_MIN__=9.18354961579912115600575419704879436e-41BF16 '-D__INTMAX_C(c)=c ## L' -D__CHAR_BIT__=8 -D__UINT8_MAX__=0xff -D__SCHAR_WIDTH__=8 -D__WINT_MAX__=0xffffffffU '-D__FLT32_MIN_EXP__=(-125)' -D__BFLT16_NORM_MAX__=3.38953138925153547590470800371487867e+38BF16 '-D__BFLT16_MIN_10_EXP__=(-37)' -D__ORDER_LITTLE_ENDIAN__=1234 -D__WCHAR_MAX__=0x7fffffff -D__GCC_HAVE_SYNC_COMPARE_AND_SWAP_2=1 -D__GCC_HAVE_SYNC_COMPARE_AND_SWAP_4=1 -D__GCC_HAVE_SYNC_COMPARE_AND_SWAP_8=1 -D__GCC_ATOMIC_CHAR_LOCK_FREE=2 -D__GCC_IEC_559=2 -D__FLT32X_DECIMAL_DIG__=17 -D__FLT_EVAL_METHOD__=0 -D__FLT64_DECIMAL_DIG__=17 -D__CET__=3 -D__GCC_ATOMIC_CHAR32_T_LOCK_FREE=2 -D__UINT_FAST64_MAX__=0xffffffffffffffffUL -D__SIG_ATOMIC_TYPE__=int '-D__DBL_MIN_10_EXP__=(-307)' -D__FINITE_MATH_ONLY__=0 -D__FLT32X_MAX_EXP__=1024 -D__GCC_HAVE_SYNC_COMPARE_AND_SWAP_1=1 -D__FLT32_HAS_DENORM__=1 -D__UINT_FAST8_MAX__=0xff -D__FLT32_MAX_10_EXP__=38 -D__DEC64_MAX_EXP__=385 '-D__INT8_C(c)=c' -D__INT_LEAST8_WIDTH__=8 -D__UINT_LEAST64_MAX__=0xffffffffffffffffUL -D__SHRT_MAX__=0x7fff -D__LDBL_MAX__=1.18973149535723176502126385303097021e+4932L -D__FLT64X_MAX_10_EXP__=4932 -D__BFLT16_MAX_10_EXP__=38 -D__BFLT16_MAX_EXP__=128 -D__LDBL_IS_IEC_60559__=1 -D__FLT64X_HAS_QUIET_NAN__=1 -D__UINT_LEAST8_MAX__=0xff -D__GCC_ATOMIC_BOOL_LOCK_FREE=2 -D__FLT128_DENORM_MIN__=6.47517511943802511092443895822764655e-4966F128 '-D__UINTMAX_TYPE__=long unsigned int' -D__BFLT16_DECIMAL_DIG__=4 -D__linux=1 -D__DEC32_EPSILON__=1E-6DF -D__FLT_EVAL_METHOD_TS_18661_3__=0 -D__UINT32_MAX__=0xffffffffU '-D__DBL_DENORM_MIN__=((double)4.94065645841246544176568792868221372e-324L)' '-D__FLT128_MIN_EXP__=(-16381)' -D__WINT_MIN__=0U '-D__FLT128_MIN_10_EXP__=(-4931)' -D__FLT32X_IS_IEC_60559__=1 -D__INT_LEAST16_WIDTH__=16 -D__SCHAR_MAX__=0x7f -D__FLT128_MANT_DIG__=113 '-D__WCHAR_MIN__=(-__WCHAR_MAX__ - 1)' '-D__INT64_C(c)=c ## L' -D__SSP_STRONG__=3 -D__GCC_ATOMIC_POINTER_LOCK_FREE=2 -D__ATOMIC_SEQ_CST=5 -D__unix=1 -D__INT_LEAST64_MAX__=0x7fffffffffffffffL -D__FLT32X_MANT_DIG__=53 -D__FLT64X_EPSILON__=1.08420217248550443400745280086994171e-19F64x '-D__DEC64_MIN_EXP__=(-382)' -D__DBL_DIG__=15 -D__FLT_EPSILON__=1.19209289550781250000000000000000000e-7F -D__SHRT_WIDTH__=16 -D__FLT32_IS_IEC_60559__=1 -D__LDBL_MIN__=3.36210314311209350626267781732175260e-4932L -D__STDC_UTF_16__=1 -D__DBL_IS_IEC_60559__=1 -D__DEC32_MAX__=9.999999E96DF -D__FLT64X_DENORM_MIN__=3.64519953188247460252840593361941982e-4951F64x -D__FLT32X_HAS_INFINITY__=1 -D__unix__=1 -D__INT_WIDTH__=32 -D__STDC_IEC_559__=1 -D__STDC_ISO_10646__=201706L -D__DECIMAL_DIG__=21 -D__STDC_IEC_559_COMPLEX__=1 -D__FLT64_EPSILON__=2.22044604925031308084726333618164062e-16F64 -D__gnu_linux__=1 -D__FLT128_IS_IEC_60559__=1 '-D__FLT64X_MIN_10_EXP__=(-4931)' -D__LDBL_HAS_QUIET_NAN__=1 '-D__FLT16_MIN_EXP__=(-13)' -D__FLT64_MANT_DIG__=53 -D__FLT64X_MANT_DIG__=64 -D__BFLT16_DIG__=2 -D__pie__=2 -D__MMX__=1 -D__FLT_HAS_DENORM__=1 -D__SIZEOF_LONG_DOUBLE__=16 -D__BIGGEST_ALIGNMENT__=16 -D__FLT64_MAX_10_EXP__=308 -D__BFLT16_IS_IEC_60559__=0 -D__FLT16_MAX_10_EXP__=4 '-D__DBL_MAX__=((double)1.79769313486231570814527423731704357e+308L)' -D__INT_FAST32_MAX__=0x7fffffffffffffffL -D__DBL_HAS_INFINITY__=1 -D__INT64_MAX__=0x7fffffffffffffffL -D__SIZEOF_FLOAT__=4 -D__HAVE_SPECULATION_SAFE_VALUE=1 '-D__DEC32_MIN_EXP__=(-94)' -D__INTPTR_WIDTH__=64 -D__UINT_LEAST32_MAX__=0xffffffffU -D__FLT32X_HAS_DENORM__=1 '-D__INT_FAST16_TYPE__=long int' -D__MMX_WITH_SSE__=1 -D__LDBL_HAS_DENORM__=1 -D__SEG_GS=1 -D__BFLT16_EPSILON__=7.81250000000000000000000000000000000e-3BF16 -D__FLT128_HAS_INFINITY__=1 -D__DEC32_MIN__=1E-95DF -D__DBL_MAX_EXP__=1024 -D__WCHAR_WIDTH__=32 -D__FLT32_MAX__=3.40282346638528859811704183484516925e+38F32 -D__DEC128_EPSILON__=1E-33DL -D__FLT16_DECIMAL_DIG__=5 -D__SSE2_MATH__=1 -D__ATOMIC_HLE_RELEASE=131072 -D__PTRDIFF_MAX__=0x7fffffffffffffffL -D__amd64=1 -D__ATOMIC_HLE_ACQUIRE=65536 -D__LONG_LONG_MAX__=0x7fffffffffffffffLL -D__SIZEOF_SIZE_T__=8 -D__BFLT16_HAS_INFINITY__=1 '-D__FLT64X_MIN_EXP__=(-16381)' -D__SIZEOF_WINT_T__=4 -D__LONG_LONG_WIDTH__=64 -D__FLT32_MAX_EXP__=128 -D__GXX_ABI_VERSION=1018 '-D__FLT_MIN_EXP__=(-125)' -D__GCC_HAVE_DWARF2_CFI_ASM=1 -D__INT16_MAX__=0x7fff -D__x86_64=1 '-D__INT_FAST64_TYPE__=long int' -D__BFLT16_MAX__=3.38953138925153547590470800371487867e+38BF16 -D__BFLT16_HAS_DENORM__=1 -D__FLT64_DENORM_MIN__=4.94065645841246544176568792868221372e-324F64 -D__FLT16_DENORM_MIN__=5.96046447753906250000000000000000000e-8F16 -D__FLT128_EPSILON__=1.92592994438723585305597794258492732e-34F128 -D__FLT64X_NORM_MAX__=1.18973149535723176502126385303097021e+4932F64x -D__SIZEOF_POINTER__=8 '-D__SIZE_TYPE__=long unsigned int' -D__LP64__=1 -D__DBL_HAS_QUIET_NAN__=1 -D__FLT32X_EPSILON__=2.22044604925031308084726333618164062e-16F32x -D__LDBL_MAX_EXP__=16384 -D__DECIMAL_BID_FORMAT__=1 '-D__FLT64_MIN_EXP__=(-1021)' '-D__FLT64_MIN_10_EXP__=(-307)' '-D__FLT16_MIN_10_EXP__=(-4)' -D__FLT64X_DECIMAL_DIG__=21 -D__DEC128_MIN__=1E-6143DL -D__REGISTER_PREFIX__= -D__UINT16_MAX__=0xffff -D__DBL_HAS_DENORM__=1 -D__FLT32_MIN__=1.17549435082228750796873653722224568e-38F32 '-D__UINT8_TYPE__=unsigned char' -D__FLT_DIG__=6 -D__NO_INLINE__=1 -D__DEC_EVAL_METHOD__=2 -D__FLT_MANT_DIG__=24 -D__LDBL_DECIMAL_DIG__=21 '-D__UINT64_C(c)=c ## UL' -D_STDC_PREDEF_H=1 -D__INT_LEAST32_MAX__=0x7fffffff -D__GCC_ATOMIC_INT_LOCK_FREE=2 -D__FLT128_MAX_EXP__=16384 -D__FLT32_MANT_DIG__=24 -D__FLOAT_WORD_ORDER__=__ORDER_LITTLE_ENDIAN__ '-D__FLT32X_MIN_EXP__=(-1021)' -D__STDC_IEC_60559_COMPLEX__=201404L -D__BFLT16_MIN__=1.17549435082228750796873653722224568e-38BF16 -D__FLT128_HAS_DENORM__=1 -D__FLT32_DECIMAL_DIG__=9 -D__FLT128_DIG__=33 '-D__INT32_C(c)=c' -D__DEC64_EPSILON__=1E-15DD -D__ORDER_PDP_ENDIAN__=3412 '-D__DEC128_MIN_EXP__=(-6142)' -D__DEC128_MAX__=9.999999999999999999999999999999999E6144DL '-D__INT_FAST32_TYPE__=long int' '-D__UINT_LEAST16_TYPE__=short unsigned int' -D__DEC128_MAX_EXP__=6145 -Dunix=1 -D__UINT64_MAX__=0xffffffffffffffffUL -D__FLT_IS_IEC_60559__=1 '-D__GNUC_WIDE_EXECUTION_CHARSET_NAME="UTF-32LE"' -D__FLT64X_DIG__=18 '-D__INT8_TYPE__=signed char' -D__ELF__=1 -D__GCC_ASM_FLAG_OUTPUTS__=1 '-D__UINT32_TYPE__=unsigned int' -D__BFLT16_HAS_QUIET_NAN__=1 -D__FLT_RADIX__=2 '-D__INT_LEAST16_TYPE__=short int' -D__LDBL_EPSILON__=1.08420217248550443400745280086994171e-19L '-D__UINTMAX_C(c)=c ## UL' -D__FLT16_DIG__=3 -D__SSE_MATH__=1 -D__k8=1 -D__FLT32X_MIN__=2.22507385850720138309023271733240406e-308F32x -D__SIG_ATOMIC_MAX__=0x7fffffff -D__GCC_ATOMIC_WCHAR_T_LOCK_FREE=2 -D__USER_LABEL_PREFIX__= -D__STDC_IEC_60559_BFP__=201404L -D__SIZEOF_PTRDIFF_T__=8 -D__FLT64X_HAS_INFINITY__=1 -D__FLT32_HAS_INFINITY__=1 -D__SIZEOF_LONG__=8 -D__LDBL_DIG__=18 -D__FLT64_IS_IEC_60559__=1 -D__x86_64__=1 -D__FLT16_IS_IEC_60559__=1 -D__FLT16_MAX_EXP__=16 -D__DEC32_SUBNORMAL_MIN__=0.000001E-95DF -D__INT_FAST16_MAX__=0x7fffffffffffffffL -D__GCC_CONSTRUCTIVE_SIZE=64 -D__FLT64_DIG__=15 -D__UINT_FAST32_MAX__=0xffffffffffffffffUL '-D__UINT_LEAST64_TYPE__=long unsigned int' -D__FLT16_EPSILON__=9.76562500000000000000000000000000000e-4F16 -D__FLT_HAS_QUIET_NAN__=1 -D__FLT_MAX_10_EXP__=38 -D__LONG_MAX__=0x7fffffffffffffffL -D__FLT64X_HAS_DENORM__=1 -D__DEC128_SUBNORMAL_MIN__=0.000000000000000000000000000000001E-6143DL -D__FLT_HAS_INFINITY__=1 '-D__GNUC_EXECUTION_CHARSET_NAME="UTF-8"' '-D__UINT_FAST16_TYPE__=long unsigned int' -D__DEC64_MAX__=9.999999999999999E384DD -D__INT_FAST32_WIDTH__=64 -D__PRAGMA_REDEFINE_EXTNAME=1 -D__SIZE_WIDTH__=64 -D__SEG_FS=1 -D__INT_LEAST16_MAX__=0x7fff -D__FLT16_NORM_MAX__=6.55040000000000000000000000000000000e+4F16 -D__DEC64_MANT_DIG__=16 -D__FLT32_DENORM_MIN__=1.40129846432481707092372958328991613e-45F32 -D__SIG_ATOMIC_WIDTH__=32 '-D__INT_LEAST64_TYPE__=long int' '-D__INT16_TYPE__=short int' '-D__INT_LEAST8_TYPE__=signed char' -D__FLT16_MAX__=6.55040000000000000000000000000000000e+4F16 -D__FLT128_MIN__=3.36210314311209350626267781732175260e-4932F128 -D__SIZEOF_INT__=4 -D__DEC32_MAX_EXP__=97 -D__INT_FAST8_MAX__=0x7f -D__FLT128_MAX__=1.18973149535723176508575932662800702e+4932F128 -D__INTPTR_MAX__=0x7fffffffffffffffL -Dlinux=1 -D__FLT64_HAS_QUIET_NAN__=1 '-D__FLT32_MIN_10_EXP__=(-37)' -D__FLT32X_DIG__=15 '-D__UINT16_C(c)=c' -D__PTRDIFF_WIDTH__=64 -D__LDBL_MANT_DIG__=64 -D__INT_FAST16_WIDTH__=64 -D__FLT64_HAS_INFINITY__=1 -D__FLT64X_MAX__=1.18973149535723176502126385303097021e+4932F64x -D__FLT16_HAS_INFINITY__=1 '-D__SIG_ATOMIC_MIN__=(-__SIG_ATOMIC_MAX__ - 1)' -D__code_model_small__=1 -D__GCC_ATOMIC_LONG_LOCK_FREE=2 -D__DEC32_MANT_DIG__=7 -D__FLT16_MANT_DIG__=11 -D__k8__=1 '-D__INTPTR_TYPE__=long int' '-D__UINT16_TYPE__=short unsigned int' -D__WCHAR_TYPE__=int -D__pic__=2 -D__UINTPTR_MAX__=0xffffffffffffffffUL -D__INT_FAST64_WIDTH__=64 -D__LDBL_HAS_INFINITY__=1 -D__INT_FAST64_MAX__=0x7fffffffffffffffL -D__GCC_ATOMIC_TEST_AND_SET_TRUEVAL=1 -D__FLT_NORM_MAX__=3.40282346638528859811704183484516925e+38F -D__FLT64X_MAX_EXP__=16384 '-D__UINT_FAST64_TYPE__=long unsigned int' '-D__BFLT16_MIN_EXP__=(-125)' -D__INT_MAX__=0x7fffffff -D__linux__=1 '-D__INT64_TYPE__=long int' -D__FLT_MAX_EXP__=128 -D__ORDER_BIG_ENDIAN__=4321 -D__DBL_MANT_DIG__=53 -D__SIZEOF_FLOAT128__=16 -D__BFLT16_MANT_DIG__=8 -D__GCC_ATOMIC_CHAR16_T_LOCK_FREE=2 -D__DEC64_MIN__=1E-383DD '-D__WINT_TYPE__=unsigned int' '-D__UINT_LEAST32_TYPE__=unsigned int' -D__SIZEOF_SHORT__=2 -D__FLT32_NORM_MAX__=3.40282346638528859811704183484516925e+38F32 -D__SSE__=1 '-D__LDBL_MIN_EXP__=(-16381)' -D__FLT64_MAX__=1.79769313486231570814527423731704357e+308F64 -D__amd64__=1 -D__WINT_WIDTH__=32 -D__INT_LEAST8_MAX__=0x7f -D__INT_LEAST64_WIDTH__=64 -D__FLT32X_MAX_10_EXP__=308 -D__SIZEOF_INT128__=16 -D__FLT16_MIN__=6.10351562500000000000000000000000000e-5F16 -D__FLT64X_IS_IEC_60559__=1 -D__LDBL_MAX_10_EXP__=4932 -D__ATOMIC_RELAXED=0 '-D__DBL_EPSILON__=((double)2.22044604925031308084726333618164062e-16L)' -D__INT_LEAST32_TYPE__=int -D_LP64=1 '-D__UINT8_C(c)=c' -D__FLT64_MAX_EXP__=1024 -D__SIZEOF_WCHAR_T__=4 '-D__UINT64_TYPE__=long unsigned int' -D__FLT128_NORM_MAX__=1.18973149535723176508575932662800702e+4932F128 -D__FLT64_NORM_MAX__=1.79769313486231570814527423731704357e+308F64 -D__FLT128_HAS_QUIET_NAN__=1 -D__INTMAX_MAX__=0x7fffffffffffffffL '-D__INT_FAST8_TYPE__=signed char' -D__FLT64X_MIN__=3.36210314311209350626267781732175260e-4932F64x -D__FLT64_HAS_DENORM__=1 -D__FLT32_EPSILON__=1.19209289550781250000000000000000000e-7F32 -D__FLT16_HAS_DENORM__=1 -D__DBL_DECIMAL_DIG__=17 -D__STDC_UTF_32__=1 -D__INT_FAST8_WIDTH__=8 -D__FXSR__=1 -D__FLT32X_MAX__=1.79769313486231570814527423731704357e+308F32x '-D__DBL_NORM_MAX__=((double)1.79769313486231570814527423731704357e+308L)' -D__BYTE_ORDER__=__ORDER_LITTLE_ENDIAN__ -D__GCC_DESTRUCTIVE_SIZE=64 -D__INTMAX_WIDTH__=64 -D__FLT32_DIG__=6 '-D__UINT32_C(c)=c ## U' -D__FLT_DENORM_MIN__=1.40129846432481707092372958328991613e-45F -D__INT8_MAX__=0x7f -D__LONG_WIDTH__=64 '-D__DBL_MIN__=((double)2.22507385850720138309023271733240406e-308L)' -D__PIC__=2 -D__INT32_MAX__=0x7fffffff '-D__UINT_FAST32_TYPE__=long unsigned int' -D__FLT32X_NORM_MAX__=1.79769313486231570814527423731704357e+308F32x -D__FLT_MAX__=3.40282346638528859811704183484516925e+38F -D__SSE2__=1 -D__INT32_TYPE__=int -D__SIZEOF_DOUBLE__=8 '-D__FLT_MIN_10_EXP__=(-37)' -D__FLT64_MIN__=2.22507385850720138309023271733240406e-308F64 -D__INT_LEAST32_WIDTH__=32 '-D__INTMAX_TYPE__=long int' -D__FLT32X_HAS_QUIET_NAN__=1 -D__ATOMIC_CONSUME=1 -D__UINTMAX_MAX__=0xffffffffffffffffUL -D__PIE__=2 -D__FLT32X_DENORM_MIN__=4.94065645841246544176568792868221372e-324F32x -D__DBL_MAX_10_EXP__=308 -D__LDBL_DENORM_MIN__=3.64519953188247460252840593361941982e-4951L '-D__INT16_C(c)=c' '-D__PTRDIFF_TYPE__=long int' '-D__FLT32X_MIN_10_EXP__=(-307)' '-D__UINTPTR_TYPE__=long unsigned int' -D__DEC64_SUBNORMAL_MIN__=0.000000000000001E-383DD -D__DEC128_MANT_DIG__=34 '-D__LDBL_MIN_10_EXP__=(-4931)' -D__SIZEOF_LONG_LONG__=8 -D__FLT128_DECIMAL_DIG__=36 -D__GCC_ATOMIC_LLONG_LOCK_FREE=2 -D__FLT32_HAS_QUIET_NAN__=1 -D__FLT_DECIMAL_DIG__=9 -D__UINT_FAST16_MAX__=0xffffffffffffffffUL -D__LDBL_NORM_MAX__=1.18973149535723176502126385303097021e+4932L -D__GCC_ATOMIC_SHORT_LOCK_FREE=2 -D__SIZE_MAX__=0xffffffffffffffffUL '-D__UINT_FAST8_TYPE__=unsigned char' -D__ATOMIC_ACQ_REL=4 -D__ATOMIC_RELEASE=3 -I/usr/lib/gcc/x86_64-linux-gnu/13/include -I/usr/local/include -I/usr/include/x86_64-linux-gnu -I/usr/include -- test1.c
[E 04:09:30 33161] CODEQL_EXTRACTOR_CPP_TRAP_CACHING is not set
[E 04:09:30 33161] CODEQL_EXTRACTOR_CPP_OPTION_TRAP_CACHE_WRITE is not set
[E 04:09:30 33161] CODEQL_EXTRACTOR_CPP_OPTION_TRAP_CACHE_DIR is not set
[E 04:09:30 33161] Initialising TRAP cache at path: 7c/94ed/ed6a6722a857d655f96e66d23166
[E 04:09:30 33161] Not using TRAP cache
[E 04:09:30 33161] TRAP cache miss
[E 04:09:30 33161] Starting compilation TRAP /home/test/my-awesome-project/CISB/server/env:implicitchange/db-l41/trap/cpp/compilations/44/37676281_0.trap.zst
[E 04:09:30 33161] Archiving /home/test/my-awesome-project/CISB/server/env:implicitchange/db-l41/src/home/test/my-awesome-project/CISB/server/env:implicitchange/test1.c
[E 04:09:30 33161] Archiving /home/test/my-awesome-project/CISB/server/env:implicitchange/db-l41/src/usr/include/stdio.h
[E 04:09:30 33161] Archiving /home/test/my-awesome-project/CISB/server/env:implicitchange/db-l41/src/usr/include/x86_64-linux-gnu/bits/libc-header-start.h
[E 04:09:30 33161] Archiving /home/test/my-awesome-project/CISB/server/env:implicitchange/db-l41/src/usr/include/features.h
[E 04:09:30 33161] Archiving /home/test/my-awesome-project/CISB/server/env:implicitchange/db-l41/src/usr/include/features-time64.h
[E 04:09:30 33161] Archiving /home/test/my-awesome-project/CISB/server/env:implicitchange/db-l41/src/usr/include/x86_64-linux-gnu/bits/wordsize.h
[E 04:09:30 33161] Archiving /home/test/my-awesome-project/CISB/server/env:implicitchange/db-l41/src/usr/include/x86_64-linux-gnu/bits/timesize.h
[E 04:09:30 33161] Already archived /home/test/my-awesome-project/CISB/server/env:implicitchange/db-l41/src/usr/include/x86_64-linux-gnu/bits/wordsize.h
[E 04:09:30 33161] Archiving /home/test/my-awesome-project/CISB/server/env:implicitchange/db-l41/src/usr/include/stdc-predef.h
[E 04:09:30 33161] Archiving /home/test/my-awesome-project/CISB/server/env:implicitchange/db-l41/src/usr/include/x86_64-linux-gnu/sys/cdefs.h
[E 04:09:30 33161] Already archived /home/test/my-awesome-project/CISB/server/env:implicitchange/db-l41/src/usr/include/x86_64-linux-gnu/bits/wordsize.h
[E 04:09:30 33161] Archiving /home/test/my-awesome-project/CISB/server/env:implicitchange/db-l41/src/usr/include/x86_64-linux-gnu/bits/long-double.h
[E 04:09:30 33161] Archiving /home/test/my-awesome-project/CISB/server/env:implicitchange/db-l41/src/usr/include/x86_64-linux-gnu/gnu/stubs.h
[E 04:09:30 33161] Archiving /home/test/my-awesome-project/CISB/server/env:implicitchange/db-l41/src/usr/include/x86_64-linux-gnu/gnu/stubs-64.h
[E 04:09:30 33161] Archiving /home/test/my-awesome-project/CISB/server/env:implicitchange/db-l41/src/usr/lib/gcc/x86_64-linux-gnu/13/include/stddef.h
[E 04:09:30 33161] Archiving /home/test/my-awesome-project/CISB/server/env:implicitchange/db-l41/src/usr/lib/gcc/x86_64-linux-gnu/13/include/stdarg.h
[E 04:09:30 33161] Archiving /home/test/my-awesome-project/CISB/server/env:implicitchange/db-l41/src/usr/include/x86_64-linux-gnu/bits/types.h
[E 04:09:30 33161] Already archived /home/test/my-awesome-project/CISB/server/env:implicitchange/db-l41/src/usr/include/x86_64-linux-gnu/bits/wordsize.h
[E 04:09:30 33161] Already archived /home/test/my-awesome-project/CISB/server/env:implicitchange/db-l41/src/usr/include/x86_64-linux-gnu/bits/timesize.h
[E 04:09:30 33161] Already archived /home/test/my-awesome-project/CISB/server/env:implicitchange/db-l41/src/usr/include/x86_64-linux-gnu/bits/wordsize.h
[E 04:09:30 33161] Archiving /home/test/my-awesome-project/CISB/server/env:implicitchange/db-l41/src/usr/include/x86_64-linux-gnu/bits/typesizes.h
[E 04:09:30 33161] Archiving /home/test/my-awesome-project/CISB/server/env:implicitchange/db-l41/src/usr/include/x86_64-linux-gnu/bits/time64.h
[E 04:09:30 33161] Archiving /home/test/my-awesome-project/CISB/server/env:implicitchange/db-l41/src/usr/include/x86_64-linux-gnu/bits/types/__fpos_t.h
[E 04:09:30 33161] Archiving /home/test/my-awesome-project/CISB/server/env:implicitchange/db-l41/src/usr/include/x86_64-linux-gnu/bits/types/__mbstate_t.h
[E 04:09:30 33161] Archiving /home/test/my-awesome-project/CISB/server/env:implicitchange/db-l41/src/usr/include/x86_64-linux-gnu/bits/types/__fpos64_t.h
[E 04:09:30 33161] Archiving /home/test/my-awesome-project/CISB/server/env:implicitchange/db-l41/src/usr/include/x86_64-linux-gnu/bits/types/__FILE.h
[E 04:09:30 33161] Archiving /home/test/my-awesome-project/CISB/server/env:implicitchange/db-l41/src/usr/include/x86_64-linux-gnu/bits/types/FILE.h
[E 04:09:30 33161] Archiving /home/test/my-awesome-project/CISB/server/env:implicitchange/db-l41/src/usr/include/x86_64-linux-gnu/bits/types/struct_FILE.h
[E 04:09:30 33161] Archiving /home/test/my-awesome-project/CISB/server/env:implicitchange/db-l41/src/usr/include/x86_64-linux-gnu/bits/types/cookie_io_functions_t.h
[E 04:09:30 33161] Archiving /home/test/my-awesome-project/CISB/server/env:implicitchange/db-l41/src/usr/include/x86_64-linux-gnu/bits/stdio_lim.h
[E 04:09:30 33161] Archiving /home/test/my-awesome-project/CISB/server/env:implicitchange/db-l41/src/usr/include/x86_64-linux-gnu/bits/floatn.h
[E 04:09:30 33161] Archiving /home/test/my-awesome-project/CISB/server/env:implicitchange/db-l41/src/usr/include/x86_64-linux-gnu/bits/floatn-common.h
[E 04:09:30 33161] Already archived /home/test/my-awesome-project/CISB/server/env:implicitchange/db-l41/src/usr/include/x86_64-linux-gnu/bits/long-double.h
[E 04:09:30 33161] Archiving /home/test/my-awesome-project/CISB/server/env:implicitchange/db-l41/src/usr/include/stdlib.h
[E 04:09:30 33161] Already archived /home/test/my-awesome-project/CISB/server/env:implicitchange/db-l41/src/usr/include/x86_64-linux-gnu/bits/libc-header-start.h
[E 04:09:30 33161] Already archived /home/test/my-awesome-project/CISB/server/env:implicitchange/db-l41/src/usr/lib/gcc/x86_64-linux-gnu/13/include/stddef.h
[E 04:09:30 33161] Archiving /home/test/my-awesome-project/CISB/server/env:implicitchange/db-l41/src/usr/include/x86_64-linux-gnu/bits/waitflags.h
[E 04:09:30 33161] Archiving /home/test/my-awesome-project/CISB/server/env:implicitchange/db-l41/src/usr/include/x86_64-linux-gnu/bits/waitstatus.h
[E 04:09:30 33161] Archiving /home/test/my-awesome-project/CISB/server/env:implicitchange/db-l41/src/usr/include/x86_64-linux-gnu/sys/types.h
[E 04:09:30 33161] Archiving /home/test/my-awesome-project/CISB/server/env:implicitchange/db-l41/src/usr/include/x86_64-linux-gnu/bits/types/clock_t.h
[E 04:09:30 33161] Archiving /home/test/my-awesome-project/CISB/server/env:implicitchange/db-l41/src/usr/include/x86_64-linux-gnu/bits/types/clockid_t.h
[E 04:09:30 33161] Archiving /home/test/my-awesome-project/CISB/server/env:implicitchange/db-l41/src/usr/include/x86_64-linux-gnu/bits/types/time_t.h
[E 04:09:30 33161] Archiving /home/test/my-awesome-project/CISB/server/env:implicitchange/db-l41/src/usr/include/x86_64-linux-gnu/bits/types/timer_t.h
[E 04:09:30 33161] Already archived /home/test/my-awesome-project/CISB/server/env:implicitchange/db-l41/src/usr/lib/gcc/x86_64-linux-gnu/13/include/stddef.h
[E 04:09:30 33161] Archiving /home/test/my-awesome-project/CISB/server/env:implicitchange/db-l41/src/usr/include/x86_64-linux-gnu/bits/stdint-intn.h
[E 04:09:30 33161] Archiving /home/test/my-awesome-project/CISB/server/env:implicitchange/db-l41/src/usr/include/endian.h
[E 04:09:30 33161] Archiving /home/test/my-awesome-project/CISB/server/env:implicitchange/db-l41/src/usr/include/x86_64-linux-gnu/bits/endian.h
[E 04:09:30 33161] Archiving /home/test/my-awesome-project/CISB/server/env:implicitchange/db-l41/src/usr/include/x86_64-linux-gnu/bits/endianness.h
[E 04:09:30 33161] Archiving /home/test/my-awesome-project/CISB/server/env:implicitchange/db-l41/src/usr/include/x86_64-linux-gnu/bits/byteswap.h
[E 04:09:30 33161] Archiving /home/test/my-awesome-project/CISB/server/env:implicitchange/db-l41/src/usr/include/x86_64-linux-gnu/bits/uintn-identity.h
[E 04:09:30 33161] Archiving /home/test/my-awesome-project/CISB/server/env:implicitchange/db-l41/src/usr/include/x86_64-linux-gnu/sys/select.h
[E 04:09:30 33161] Archiving /home/test/my-awesome-project/CISB/server/env:implicitchange/db-l41/src/usr/include/x86_64-linux-gnu/bits/select.h
[E 04:09:30 33161] Archiving /home/test/my-awesome-project/CISB/server/env:implicitchange/db-l41/src/usr/include/x86_64-linux-gnu/bits/types/sigset_t.h
[E 04:09:30 33161] Archiving /home/test/my-awesome-project/CISB/server/env:implicitchange/db-l41/src/usr/include/x86_64-linux-gnu/bits/types/__sigset_t.h
[E 04:09:30 33161] Archiving /home/test/my-awesome-project/CISB/server/env:implicitchange/db-l41/src/usr/include/x86_64-linux-gnu/bits/types/struct_timeval.h
[E 04:09:30 33161] Archiving /home/test/my-awesome-project/CISB/server/env:implicitchange/db-l41/src/usr/include/x86_64-linux-gnu/bits/types/struct_timespec.h
[E 04:09:30 33161] Archiving /home/test/my-awesome-project/CISB/server/env:implicitchange/db-l41/src/usr/include/x86_64-linux-gnu/bits/pthreadtypes.h
[E 04:09:30 33161] Archiving /home/test/my-awesome-project/CISB/server/env:implicitchange/db-l41/src/usr/include/x86_64-linux-gnu/bits/thread-shared-types.h
[E 04:09:30 33161] Archiving /home/test/my-awesome-project/CISB/server/env:implicitchange/db-l41/src/usr/include/x86_64-linux-gnu/bits/pthreadtypes-arch.h
[E 04:09:30 33161] Already archived /home/test/my-awesome-project/CISB/server/env:implicitchange/db-l41/src/usr/include/x86_64-linux-gnu/bits/wordsize.h
[E 04:09:30 33161] Archiving /home/test/my-awesome-project/CISB/server/env:implicitchange/db-l41/src/usr/include/x86_64-linux-gnu/bits/atomic_wide_counter.h
[E 04:09:30 33161] Archiving /home/test/my-awesome-project/CISB/server/env:implicitchange/db-l41/src/usr/include/x86_64-linux-gnu/bits/struct_mutex.h
[E 04:09:30 33161] Archiving /home/test/my-awesome-project/CISB/server/env:implicitchange/db-l41/src/usr/include/x86_64-linux-gnu/bits/struct_rwlock.h
[E 04:09:30 33161] Archiving /home/test/my-awesome-project/CISB/server/env:implicitchange/db-l41/src/usr/include/alloca.h
[E 04:09:30 33161] Already archived /home/test/my-awesome-project/CISB/server/env:implicitchange/db-l41/src/usr/lib/gcc/x86_64-linux-gnu/13/include/stddef.h
[E 04:09:30 33161] Archiving /home/test/my-awesome-project/CISB/server/env:implicitchange/db-l41/src/usr/include/x86_64-linux-gnu/bits/stdlib-float.h
[E 04:09:30 33161] Creating trap tarball /home/test/my-awesome-project/CISB/server/env:implicitchange/db-l41/trap/cpp/tarballs/home/test/my-awesome-project/CISB/server/env_implicitchange/test1.c.aba2176a_0.trap.tar.zst
[E 04:09:30 33161] Emitting trap files for test1.c
[E 04:09:30 33161] Opening existencedb in /home/test/my-awesome-project/CISB/server/env:implicitchange/db-l41/working/existencedb/db
[E 04:09:30 33161] Wrote 60 files to /home/test/my-awesome-project/CISB/server/env:implicitchange/db-l41/trap/cpp/tarballs/home/test/my-awesome-project/CISB/server/env_implicitchange/test1.c.aba2176a_0.trap.tar.zst
[E 04:09:30 33161] Finished compilation TRAP /home/test/my-awesome-project/CISB/server/env:implicitchange/db-l41/trap/cpp/compilations/44/37676281_0.trap.zst
[E 04:09:30 33161] Marking C compilation as happened.
[E 04:09:30 33161] Setting tag c-compilation-happened
[E 04:09:30 33161] Starting from CODEQL_TRACER_DB_ID 0000000000008187_0000000000000001
[E 04:09:30 33161] Locking DB /home/test/my-awesome-project/CISB/server/env:implicitchange/db-l41/working/tags.db
[E 04:09:30 33161] Locked DB /home/test/my-awesome-project/CISB/server/env:implicitchange/db-l41/working/tags.db
[E 04:09:30 33161] Set tag for 0000000000008187_0000000000000001
[E 04:09:30 33161] Set tag for 0000000000008185_0000000000000001
[E 04:09:30 33161] Set tag for 0000000000008182_0000000000000003
[E 04:09:30 33161] Set tag for 0000000000008182_0000000000000002
[E 04:09:30 33161] Set tag for root
[E 04:09:30 33161] Unlocking DB
[E 04:09:30 33161] Unlocked DB
[E 04:09:30 33161] Extractor exited successfully
[T 04:09:30 33159] Extractor /mnt/c/Tools/codeql/cpp/tools/linux64/extractor terminated with exit code 0.
[T 04:09:30 33411] Initializing tracer.
[T 04:09:30 33411] Initializing tags.
[T 04:09:30 33411] ID set to 0000000000008283_0000000000000001 (parent 0000000000008185_0000000000000001)
[T 04:09:30 33411] ==== Candidate to intercept: as (canonical: /usr/bin/as) ====
[T 04:09:30 33411] Lua: === Intercepted call to /usr/bin/as ===
[T 04:09:30 33411] Executing the following tracer actions:
[T 04:09:30 33411] Tracer actions:
[T 04:09:30 33411] pre_invocations(0)
[T 04:09:30 33411] post_invocations(1)
[T 04:09:30 33411] invocation: /mnt/c/Tools/codeql/cpp/tools/linux64/extractor, args: [--assembler, --codeql-assembler-executable, /usr/bin/as, --64, -o, test1.o, /tmp/ccJIBSwA.s]
[T 04:09:30 33411] trace_languages(1): [cpp]
[T 04:09:30 33415] Attempting to switch stdout/stderr to 4...
[T 04:09:30 33415] Initializing tracer.
[T 04:09:30 33415] Initializing tags.
[T 04:09:30 33415] ID set to 0000000000008287_0000000000000001 (parent 0000000000008283_0000000000000001)
[E 04:09:30 33415] CodeQL C/C++ Extractor 2.25.1
[E 04:09:30 33415] Current directory: /home/test/my-awesome-project/CISB/server/env:implicitchange
[E 04:09:30 33415] Command: /mnt/c/Tools/codeql/cpp/tools/linux64/extractor --assembler --codeql-assembler-executable /usr/bin/as --64 -o test1.o /tmp/ccJIBSwA.s
[E 04:09:30 33415] Warning[extractor-c++]: In canonicalise_path: fs::canonical failed on test1.o (No such file or directory)
[E 04:09:30 33415] Warning[extractor-c++]: In canonicalise_path: fs::canonical failed on /home/test/my-awesome-project/CISB/server/env:implicitchange/test1.o (No such file or directory)
[E 04:09:30 33415] Warning[extractor-c++]: In print_object_names: Could not open object file "test1.o" (error 2: No such file or directory).
[E 04:09:30 33415] Warning[extractor-c++]: In canonicalise_path: fs::canonical failed on /home/test/my-awesome-project/CISB/server/env:implicitchange/test1.o (No such file or directory)
[E 04:09:30 33415] Extractor exited after mimicking assembler
[T 04:09:30 33411] Extractor /mnt/c/Tools/codeql/cpp/tools/linux64/extractor terminated with exit code 0.
[T 04:09:30 33484] Attempting to switch stdout/stderr to 4...
[T 04:09:30 33484] Initializing tracer.
[T 04:09:30 33484] Initializing tags.
[T 04:09:30 33484] ID set to 00000000000082CC_0000000000000001 (parent 0000000000008185_0000000000000001)
[E 04:09:30 33484] CodeQL C/C++ Extractor 2.25.1
[E 04:09:30 33484] Current directory: /home/test/my-awesome-project/CISB/server/env:implicitchange
[E 04:09:30 33484] Command: /mnt/c/Tools/codeql/cpp/tools/linux64/extractor --mimic /usr/bin/x86_64-linux-gnu-gcc-13 -c -o test1.o test1.c
[T 04:09:30 33530] Initializing tracer.
[T 04:09:30 33530] Initializing tags.
[T 04:09:30 33530] ID set to 00000000000082FA_0000000000000001 (parent 00000000000082CC_0000000000000001)
[T 04:09:30 33530] ==== Candidate to intercept: /usr/bin/x86_64-linux-gnu-gcc-13 (canonical: /usr/bin/x86_64-linux-gnu-gcc-13) ====
[T 04:09:30 33530] Lua: === Intercepted call to /usr/bin/x86_64-linux-gnu-gcc-13 ===
[T 04:09:30 33530] Executing the following tracer actions:
[T 04:09:30 33530] Tracer actions:
[T 04:09:30 33530] pre_invocations(0)
[T 04:09:30 33530] post_invocations(1)
[T 04:09:30 33530] invocation: /mnt/c/Tools/codeql/cpp/tools/linux64/extractor, args: [--mimic, /usr/bin/x86_64-linux-gnu-gcc-13, --version]
[T 04:09:30 33530] trace_languages(1): [cpp]
[T 04:09:30 33543] Attempting to switch stdout/stderr to 7...
[T 04:09:30 33543] Initializing tracer.
[T 04:09:30 33543] Initializing tags.
[T 04:09:30 33543] ID set to 0000000000008307_0000000000000001 (parent 00000000000082FA_0000000000000001)
[E 04:09:30 33543] Mimicry classification suppression detected; exiting.
[E 04:09:30 33543] Extractor exited successfully
[T 04:09:30 33530] Extractor /mnt/c/Tools/codeql/cpp/tools/linux64/extractor terminated with exit code 0.
[T 04:09:30 33544] Initializing tracer.
[T 04:09:30 33544] Initializing tags.
[T 04:09:30 33544] ID set to 0000000000008308_0000000000000001 (parent 00000000000082CC_0000000000000001)
[T 04:09:30 33544] ==== Candidate to intercept: /usr/bin/x86_64-linux-gnu-gcc-13 (canonical: /usr/bin/x86_64-linux-gnu-gcc-13) ====
[T 04:09:30 33544] Lua: === Intercepted call to /usr/bin/x86_64-linux-gnu-gcc-13 ===
[T 04:09:30 33544] Executing the following tracer actions:
[T 04:09:30 33544] Tracer actions:
[T 04:09:30 33544] pre_invocations(0)
[T 04:09:30 33544] post_invocations(1)
[T 04:09:30 33544] invocation: /mnt/c/Tools/codeql/cpp/tools/linux64/extractor, args: [--mimic, /usr/bin/x86_64-linux-gnu-gcc-13, --help]
[T 04:09:30 33544] trace_languages(1): [cpp]
[T 04:09:30 33546] Attempting to switch stdout/stderr to 7...
[T 04:09:30 33546] Initializing tracer.
[T 04:09:30 33546] Initializing tags.
[T 04:09:30 33546] ID set to 000000000000830A_0000000000000001 (parent 0000000000008308_0000000000000001)
[E 04:09:30 33546] Mimicry classification suppression detected; exiting.
[E 04:09:30 33546] Extractor exited successfully
[T 04:09:30 33544] Extractor /mnt/c/Tools/codeql/cpp/tools/linux64/extractor terminated with exit code 0.
[T 04:09:30 33547] Initializing tracer.
[T 04:09:30 33547] Initializing tags.
[T 04:09:30 33547] ID set to 000000000000830B_0000000000000001 (parent 00000000000082CC_0000000000000001)
[T 04:09:30 33547] ==== Candidate to intercept: /usr/bin/x86_64-linux-gnu-gcc-13 (canonical: /usr/bin/x86_64-linux-gnu-gcc-13) ====
[T 04:09:30 33547] Lua: === Intercepted call to /usr/bin/x86_64-linux-gnu-gcc-13 ===
[T 04:09:30 33547] Executing the following tracer actions:
[T 04:09:30 33547] Tracer actions:
[T 04:09:30 33547] pre_invocations(0)
[T 04:09:30 33547] post_invocations(1)
[T 04:09:30 33547] invocation: /mnt/c/Tools/codeql/cpp/tools/linux64/extractor, args: [--mimic, /usr/bin/x86_64-linux-gnu-gcc-13, -nostdinc, -o, /home/test/my-awesome-project/CISB/server/env:implicitchange/db-l41/working/tmp//semmle_2_33484_405194.o, -c, /home/test/my-awesome-project/CISB/server/env:implicitchange/db-l41/working/tmp//semmle_1_33484_405122.c]
[T 04:09:30 33547] trace_languages(1): [cpp]
[T 04:09:30 33564] Initializing tracer.
[T 04:09:30 33564] Initializing tags.
[T 04:09:30 33564] ID set to 000000000000831C_0000000000000001 (parent 000000000000830B_0000000000000001)
[T 04:09:30 33564] ==== Candidate to intercept: /usr/libexec/gcc/x86_64-linux-gnu/13/cc1 (canonical: /usr/libexec/gcc/x86_64-linux-gnu/13/cc1) ====
[T 04:09:30 33564] Lua: === Intercepted call to /usr/libexec/gcc/x86_64-linux-gnu/13/cc1 ===
[T 04:09:30 33564] Executing the following tracer actions:
[T 04:09:30 33564] Tracer actions:
[T 04:09:30 33564] pre_invocations(0)
[T 04:09:30 33564] post_invocations(1)
[T 04:09:30 33564] invocation: /mnt/c/Tools/codeql/cpp/tools/linux64/extractor, args: [--mimic, /usr/libexec/gcc/x86_64-linux-gnu/13/cc1, -quiet, -nostdinc, -imultiarch, x86_64-linux-gnu, /home/test/my-awesome-project/CISB/server/env:implicitchange/db-l41/working/tmp//semmle_1_33484_405122.c, -quiet, -dumpdir, /home/test/my-awesome-project/CISB/server/env:implicitchange/db-l41/working/tmp//, -dumpbase, semmle_2_33484_405194.c, -dumpbase-ext, .c, -mtune=generic, -march=x86-64, -fasynchronous-unwind-tables, -fstack-protector-strong, -Wformat, -Wformat-security, -fstack-clash-protection, -fcf-protection, -o, /tmp/ccnANdpN.s]
[T 04:09:30 33564] trace_languages(1): [cpp]
[T 04:09:30 33579] Attempting to switch stdout/stderr to 7...
[T 04:09:30 33579] Initializing tracer.
[T 04:09:30 33579] Initializing tags.
[T 04:09:30 33579] ID set to 000000000000832B_0000000000000001 (parent 000000000000831C_0000000000000001)
[E 04:09:30 33579] Mimicry classification suppression detected; exiting.
[E 04:09:30 33579] Extractor exited successfully
[T 04:09:30 33564] Extractor /mnt/c/Tools/codeql/cpp/tools/linux64/extractor terminated with exit code 0.
[T 04:09:30 33580] Initializing tracer.
[T 04:09:30 33580] Initializing tags.
[T 04:09:30 33580] ID set to 000000000000832C_0000000000000001 (parent 000000000000830B_0000000000000001)
[T 04:09:30 33580] ==== Candidate to intercept: as (canonical: /usr/bin/as) ====
[T 04:09:30 33580] Lua: === Intercepted call to /usr/bin/as ===
[T 04:09:30 33580] Executing the following tracer actions:
[T 04:09:30 33580] Tracer actions:
[T 04:09:30 33580] pre_invocations(0)
[T 04:09:30 33580] post_invocations(1)
[T 04:09:30 33580] invocation: /mnt/c/Tools/codeql/cpp/tools/linux64/extractor, args: [--assembler, --codeql-assembler-executable, /usr/bin/as, --64, -o, /home/test/my-awesome-project/CISB/server/env:implicitchange/db-l41/working/tmp//semmle_2_33484_405194.o, /tmp/ccnANdpN.s]
[T 04:09:30 33580] trace_languages(1): [cpp]
[T 04:09:30 33582] Attempting to switch stdout/stderr to 7...
[T 04:09:30 33582] Initializing tracer.
[T 04:09:30 33582] Initializing tags.
[T 04:09:30 33582] ID set to 000000000000832E_0000000000000001 (parent 000000000000832C_0000000000000001)
[E 04:09:30 33582] Mimicry classification suppression detected; exiting.
[E 04:09:30 33582] Extractor exited successfully
[T 04:09:30 33580] Extractor /mnt/c/Tools/codeql/cpp/tools/linux64/extractor terminated with exit code 0.
[T 04:09:30 33583] Attempting to switch stdout/stderr to 7...
[T 04:09:30 33583] Initializing tracer.
[T 04:09:30 33583] Initializing tags.
[T 04:09:30 33583] ID set to 000000000000832F_0000000000000001 (parent 000000000000830B_0000000000000001)
[E 04:09:30 33583] Mimicry classification suppression detected; exiting.
[E 04:09:30 33583] Extractor exited successfully
[T 04:09:30 33547] Extractor /mnt/c/Tools/codeql/cpp/tools/linux64/extractor terminated with exit code 0.
[T 04:09:30 33585] Initializing tracer.
[T 04:09:30 33585] Initializing tags.
[T 04:09:30 33585] ID set to 0000000000008331_0000000000000001 (parent 00000000000082CC_0000000000000001)
[T 04:09:30 33585] ==== Candidate to intercept: /usr/bin/x86_64-linux-gnu-gcc-13 (canonical: /usr/bin/x86_64-linux-gnu-gcc-13) ====
[T 04:09:30 33585] Lua: === Intercepted call to /usr/bin/x86_64-linux-gnu-gcc-13 ===
[T 04:09:30 33585] Executing the following tracer actions:
[T 04:09:30 33585] Tracer actions:
[T 04:09:30 33585] pre_invocations(0)
[T 04:09:30 33585] post_invocations(1)
[T 04:09:30 33585] invocation: /mnt/c/Tools/codeql/cpp/tools/linux64/extractor, args: [--mimic, /usr/bin/x86_64-linux-gnu-gcc-13, -nostdinc, -o, /home/test/my-awesome-project/CISB/server/env:implicitchange/db-l41/working/tmp//semmle_4_33484_480452.o, -c, /home/test/my-awesome-project/CISB/server/env:implicitchange/db-l41/working/tmp//semmle_3_33484_480342.c]
[T 04:09:30 33585] trace_languages(1): [cpp]
[T 04:09:30 33600] Initializing tracer.
[T 04:09:30 33600] Initializing tags.
[T 04:09:30 33600] ID set to 0000000000008340_0000000000000001 (parent 0000000000008331_0000000000000001)
[T 04:09:30 33600] ==== Candidate to intercept: /usr/libexec/gcc/x86_64-linux-gnu/13/cc1 (canonical: /usr/libexec/gcc/x86_64-linux-gnu/13/cc1) ====
[T 04:09:30 33600] Lua: === Intercepted call to /usr/libexec/gcc/x86_64-linux-gnu/13/cc1 ===
[T 04:09:30 33600] Executing the following tracer actions:
[T 04:09:30 33600] Tracer actions:
[T 04:09:30 33600] pre_invocations(0)
[T 04:09:30 33600] post_invocations(1)
[T 04:09:30 33600] invocation: /mnt/c/Tools/codeql/cpp/tools/linux64/extractor, args: [--mimic, /usr/libexec/gcc/x86_64-linux-gnu/13/cc1, -quiet, -nostdinc, -imultiarch, x86_64-linux-gnu, /home/test/my-awesome-project/CISB/server/env:implicitchange/db-l41/working/tmp//semmle_3_33484_480342.c, -quiet, -dumpdir, /home/test/my-awesome-project/CISB/server/env:implicitchange/db-l41/working/tmp//, -dumpbase, semmle_4_33484_480452.c, -dumpbase-ext, .c, -mtune=generic, -march=x86-64, -fasynchronous-unwind-tables, -fstack-protector-strong, -Wformat, -Wformat-security, -fstack-clash-protection, -fcf-protection, -o, /tmp/ccVblYOq.s]
[T 04:09:30 33600] trace_languages(1): [cpp]
[T 04:09:30 33603] Attempting to switch stdout/stderr to 7...
[T 04:09:30 33603] Initializing tracer.
[T 04:09:30 33603] Initializing tags.
[T 04:09:30 33603] ID set to 0000000000008343_0000000000000001 (parent 0000000000008340_0000000000000001)
[E 04:09:30 33603] Mimicry classification suppression detected; exiting.
[E 04:09:30 33603] Extractor exited successfully
[T 04:09:30 33600] Extractor /mnt/c/Tools/codeql/cpp/tools/linux64/extractor terminated with exit code 0.
[T 04:09:30 33618] Attempting to switch stdout/stderr to 7...
[T 04:09:30 33618] Initializing tracer.
[T 04:09:30 33618] Initializing tags.
[T 04:09:30 33618] ID set to 0000000000008352_0000000000000001 (parent 0000000000008331_0000000000000001)
[E 04:09:30 33618] Mimicry classification suppression detected; exiting.
[E 04:09:30 33618] Extractor exited successfully
[T 04:09:30 33585] Extractor /mnt/c/Tools/codeql/cpp/tools/linux64/extractor terminated with exit code 0.
[E 04:09:30 33484] Warning[extractor-c++]: In canonicalise_path: fs::canonical failed on test1.o (No such file or directory)
[E 04:09:30 33484] Checking whether C compilation already happened.
[E 04:09:30 33484] Checking for tag c-compilation-happened
[E 04:09:30 33484] Checking CODEQL_TRACER_DB_ID 0000000000008185_0000000000000001
[E 04:09:30 33484] Locking DB /home/test/my-awesome-project/CISB/server/env:implicitchange/db-l41/working/tags.db
[E 04:09:30 33484] Locked DB /home/test/my-awesome-project/CISB/server/env:implicitchange/db-l41/working/tags.db
[E 04:09:30 33484] Unlocking DB
[E 04:09:30 33484] Unlocked DB
[E 04:09:30 33484] Exiting as C compilation already happened.
[T 04:09:30 33157] Extractor /mnt/c/Tools/codeql/cpp/tools/linux64/extractor terminated with exit code 0.
