[E 02:58:52 9920] CodeQL C/C++ Extractor 2.25.1
[E 02:58:52 9920] Current directory: E:\graduate\pythoncode\server
[E 02:58:52 9920] Command: C:\Tools\codeql\cpp\tools\win64\extractor.exe --mimic "c:\program files\mingw64\bin\gcc.exe" -c -o test1.o test1.c
[E 02:58:54 9920] Checking whether C compilation already happened.
[E 02:58:54 9920] Checking for tag c-compilation-happened
[E 02:58:54 9920] Checking CODEQL_TRACER_DB_ID D4CBEE6500007BDC_0000000000000001
[E 02:58:54 9920] Locking DB E:\graduate\pythoncode\server\db\working/tags.db
[E 02:58:54 9920] Locked DB E:\graduate\pythoncode\server\db\working/tags.db
[E 02:58:54 9920] Unlocking DB
[E 02:58:54 9920] Unlocked DB
[E 02:58:54 9920] Looks like C compilation didn't already happen.
[E 02:58:54 9920] Checking whether C compilation has been attempted.
[E 02:58:54 9920] Checking for tag c-compilation-attempted
[E 02:58:54 9920] Checking CODEQL_TRACER_DB_ID D4CBEE6500007BDC_0000000000000001
[E 02:58:54 9920] Locking DB E:\graduate\pythoncode\server\db\working/tags.db
[E 02:58:54 9920] Locked DB E:\graduate\pythoncode\server\db\working/tags.db
[E 02:58:54 9920] Unlocking DB
[E 02:58:54 9920] Unlocked DB
[E 02:58:54 9920] Marking C compilation as attempted.
[E 02:58:54 9920] Setting tag c-compilation-attempted
[E 02:58:54 9920] Starting from CODEQL_TRACER_DB_ID D4CBEE6500007BDC_0000000000000001
[E 02:58:54 9920] Locking DB E:\graduate\pythoncode\server\db\working/tags.db
[E 02:58:54 9920] Locked DB E:\graduate\pythoncode\server\db\working/tags.db
[E 02:58:54 9920] Set tag for D4CBEE6500007BDC_0000000000000001
[E 02:58:54 9920] Set tag for A695477B0000794C_0000000000000001
[E 02:58:54 9920] Set tag for 3EFDAE2300006E5C_0000000000000001
[E 02:58:54 9920] Set tag for 87BAEE98000076D0_0000000000000001
[E 02:58:54 9920] Unlocking DB
[E 02:58:54 9920] Unlocked DB
[E 02:58:57 9920] Processed command line: C:\Tools\codeql\cpp\tools\win64\extractor.exe --trapfolder E:\graduate\pythoncode\server\db\trap\cpp --src_archive E:\graduate\pythoncode\server\db\src --object_filename test1.o --no_warnings_and_discretionary_errors --error_limit 1000 --disable_system_macros --variadic_macros --incognito --gcc --gnu_version 80100 --target win64 -D__DBL_MIN_EXP__=(-1021) -D__FLT32X_MAX_EXP__=1024 -D__UINT_LEAST16_MAX__=0xffff -D__ATOMIC_ACQUIRE=2 -D__FLT128_MAX_10_EXP__=4932 -D__FLT_MIN__=1.17549435082228750796873653722224568e-38F -D__GCC_IEC_559_COMPLEX=2 "-D__UINT_LEAST8_TYPE__=unsigned char" -D__SIZEOF_FLOAT80__=16 -D_WIN32=1 "-D__INTMAX_C(c)=c ## LL" -D__CHAR_BIT__=8 -D__UINT8_MAX__=0xff -D_WIN64=1 -D__WINT_MAX__=0xffff -D__FLT32_MIN_EXP__=(-125) -D__ORDER_LITTLE_ENDIAN__=1234 -D__SIZE_MAX__=0xffffffffffffffffULL -D__WCHAR_MAX__=0xffff -D__GCC_HAVE_SYNC_COMPARE_AND_SWAP_1=1 -D__GCC_HAVE_SYNC_COMPARE_AND_SWAP_2=1 -D__GCC_HAVE_SYNC_COMPARE_AND_SWAP_4=1 -D__DBL_DENORM_MIN__=((double)4.94065645841246544176568792868221372e-324L) -D__GCC_HAVE_SYNC_COMPARE_AND_SWAP_8=1 -D__GCC_ATOMIC_CHAR_LOCK_FREE=2 -D__GCC_IEC_559=2 -D__FLT32X_DECIMAL_DIG__=17 -D__FLT_EVAL_METHOD__=0 -D__FLT64_DECIMAL_DIG__=17 -D__GCC_ATOMIC_CHAR32_T_LOCK_FREE=2 -D__x86_64=1 -D__UINT_FAST64_MAX__=0xffffffffffffffffULL -D__SIG_ATOMIC_TYPE__=int -D__DBL_MIN_10_EXP__=(-307) -D__FINITE_MATH_ONLY__=0 -D__FLT32_HAS_DENORM__=1 -D__UINT_FAST8_MAX__=0xff -D__has_include(STR)=__has_include__(STR) -D_stdcall=__attribute__((__stdcall__)) -D__DEC64_MAX_EXP__=385 -D__INT8_C(c)=c -D__INT_LEAST8_WIDTH__=8 -D__UINT_LEAST64_MAX__=0xffffffffffffffffULL -D__SHRT_MAX__=0x7fff -D__LDBL_MAX__=1.18973149535723176502126385303097021e+4932L -D__FLT64X_MAX_10_EXP__=4932 -D__UINT_LEAST8_MAX__=0xff -D__GCC_ATOMIC_BOOL_LOCK_FREE=2 -D__FLT128_DENORM_MIN__=6.47517511943802511092443895822764655e-4966F128 "-D__UINTMAX_TYPE__=long long unsigned int" -D__DEC32_EPSILON__=1E-6DF -D__FLT_EVAL_METHOD_TS_18661_3__=0 -D__UINT32_MAX__=0xffffffffU -D__LDBL_MAX_EXP__=16384 -D__FLT128_MIN_EXP__=(-16381) -D__WINT_MIN__=0 -D__FLT128_MIN_10_EXP__=(-4931) -D__INT_LEAST16_WIDTH__=16 -D__SCHAR_MAX__=0x7f -D__FLT128_MANT_DIG__=113 -D__WCHAR_MIN__=0 "-D__INT64_C(c)=c ## LL" -D__DBL_DIG__=15 -D__GCC_ATOMIC_POINTER_LOCK_FREE=2 -D__FLT64X_MANT_DIG__=64 -D__SIZEOF_INT__=4 -D__SIZEOF_POINTER__=8 -D__USER_LABEL_PREFIX__= -D__FLT64X_EPSILON__=1.08420217248550443400745280086994171e-19F64x -D__WIN32=1 -D__LDBL_HAS_INFINITY__=1 -D__WIN64=1 -D__FLT32_DIG__=6 -D__FLT_EPSILON__=1.19209289550781250000000000000000000e-7F -D__SHRT_WIDTH__=16 -D__LDBL_MIN__=3.36210314311209350626267781732175260e-4932L -D__STDC_UTF_16__=1 -D__DEC32_MAX__=9.999999E96DF -D__FLT64X_DENORM_MIN__=3.64519953188247460252840593361941982e-4951F64x -D__MINGW32__=1 -D__FLT32X_HAS_INFINITY__=1 -D__INT32_MAX__=0x7fffffff -D__INT_WIDTH__=32 -D__SIZEOF_LONG__=4 -D__UINT16_C(c)=c -D__PTRDIFF_WIDTH__=64 -D__DECIMAL_DIG__=21 -D__FLT64_EPSILON__=2.22044604925031308084726333618164062e-16F64 -D__INTMAX_WIDTH__=64 -D__has_include_next(STR)=__has_include_next__(STR) -D__FLT64X_MIN_10_EXP__=(-4931) -D__LDBL_HAS_QUIET_NAN__=1 -D__FLT64_MANT_DIG__=53 -D_REENTRANT=1 -D_cdecl=__attribute__((__cdecl__)) -D__MMX__=1 -D__FLT_HAS_DENORM__=1 -D__SIZEOF_LONG_DOUBLE__=16 -D__BIGGEST_ALIGNMENT__=16 -D__FLT64_MAX_10_EXP__=308 -D__DBL_MAX__=((double)1.79769313486231570814527423731704357e+308L) -D_thiscall=__attribute__((__thiscall__)) -D__INT_FAST32_MAX__=0x7fffffff -D__WINNT=1 -D__DBL_HAS_INFINITY__=1 -D__WINNT__=1 -D__DEC32_MIN_EXP__=(-94) -D__INTPTR_WIDTH__=64 -D__FLT32X_HAS_DENORM__=1 "-D__INT_FAST16_TYPE__=short int" -D_fastcall=__attribute__((__fastcall__)) -D__LDBL_HAS_DENORM__=1 -D__FLT128_HAS_INFINITY__=1 -D__DEC128_MAX__=9.999999999999999999999999999999999E6144DL -D__INT_LEAST32_MAX__=0x7fffffff -D__DEC32_MIN__=1E-95DF -D__DBL_MAX_EXP__=1024 -D__WCHAR_WIDTH__=16 -D__FLT32_MAX__=3.40282346638528859811704183484516925e+38F32 -D__DEC128_EPSILON__=1E-33DL -D__SSE2_MATH__=1 -D__ATOMIC_HLE_RELEASE=131072 -D__WIN32__=1 -D__PTRDIFF_MAX__=0x7fffffffffffffffLL -D__amd64=1 -D__tune_core2__=1 -D__ATOMIC_HLE_ACQUIRE=65536 -D__FLT32_HAS_QUIET_NAN__=1 -D__LONG_LONG_MAX__=0x7fffffffffffffffLL -D__SIZEOF_SIZE_T__=8 -D__FLT64X_MIN_EXP__=(-16381) -D__SIZEOF_WINT_T__=2 -D__LONG_LONG_WIDTH__=64 -D__FLT32_MAX_EXP__=128 -D__GXX_ABI_VERSION=1012 -D__FLT_MIN_EXP__=(-125) -D__FLT64X_HAS_QUIET_NAN__=1 "-D__INT_FAST64_TYPE__=long long int" -D__FLT64_DENORM_MIN__=4.94065645841246544176568792868221372e-324F64 -D__DBL_MIN__=((double)2.22507385850720138309023271733240406e-308L) -D__FLT32X_EPSILON__=2.22044604925031308084726333618164062e-16F32x -D__DECIMAL_BID_FORMAT__=1 -D__FLT64_MIN_EXP__=(-1021) -D__GXX_TYPEINFO_EQUALITY_INLINE=0 -D__FLT64_MIN_10_EXP__=(-307) -D__FLT64X_DECIMAL_DIG__=21 -D__DEC128_MIN__=1E-6143DL -D__REGISTER_PREFIX__= -D__UINT16_MAX__=0xffff -D__DBL_HAS_DENORM__=1 -D__cdecl=__attribute__((__cdecl__)) -D__FLT32_MIN__=1.17549435082228750796873653722224568e-38F32 "-D__UINT8_TYPE__=unsigned char" -D__NO_INLINE__=1 -D__FLT_MANT_DIG__=24 -D__LDBL_DECIMAL_DIG__=21 "-D__UINT64_C(c)=c ## ULL" -D__GCC_ATOMIC_INT_LOCK_FREE=2 -D__FLT128_MAX_EXP__=16384 -D__FLT32_MANT_DIG__=24 -D__FLOAT_WORD_ORDER__=__ORDER_LITTLE_ENDIAN__ -D__FLT128_HAS_DENORM__=1 -D__FLT128_DIG__=33 -D__SCHAR_WIDTH__=8 -D__INT32_C(c)=c -D__DEC64_EPSILON__=1E-15DD -D__ORDER_PDP_ENDIAN__=3412 -D__DEC128_MIN_EXP__=(-6142) -D__FLT32_MAX_10_EXP__=38 -D__INT_FAST32_TYPE__=int "-D__UINT_LEAST16_TYPE__=short unsigned int" -D__FLT64X_HAS_INFINITY__=1 -D__INT16_MAX__=0x7fff "-D__SIZE_TYPE__=long long unsigned int" -D__UINT64_MAX__=0xffffffffffffffffULL -D__FLT64X_DIG__=18 "-D__INT8_TYPE__=signed char" -D__GCC_ASM_FLAG_OUTPUTS__=1 -D__FLT_RADIX__=2 "-D__INT_LEAST16_TYPE__=short int" -D__LDBL_EPSILON__=1.08420217248550443400745280086994171e-19L "-D__UINTMAX_C(c)=c ## ULL" -D__SSE_MATH__=1 -D__SEH__=1 -D__SIG_ATOMIC_MAX__=0x7fffffff -D__GCC_ATOMIC_WCHAR_T_LOCK_FREE=2 -D__SIZEOF_PTRDIFF_T__=8 -D__FLT32X_MANT_DIG__=53 -D__x86_64__=1 -D__FLT32X_MIN_EXP__=(-1021) -D__DEC32_SUBNORMAL_MIN__=0.000001E-95DF -D__MSVCRT__=1 -D__INT_FAST16_MAX__=0x7fff -D__FLT64_DIG__=15 -D__UINT_FAST32_MAX__=0xffffffffU "-D__UINT_LEAST64_TYPE__=long long unsigned int" -D__FLT_HAS_QUIET_NAN__=1 -D__FLT_MAX_10_EXP__=38 -D__LONG_MAX__=0x7fffffffL -D__FLT64X_HAS_DENORM__=1 -D__DEC128_SUBNORMAL_MIN__=0.000000000000000000000000000000001E-6143DL -D__FLT_HAS_INFINITY__=1 "-D__UINT_FAST16_TYPE__=short unsigned int" -D__DEC64_MAX__=9.999999999999999E384DD -D__INT_FAST32_WIDTH__=32 -D__PRAGMA_REDEFINE_EXTNAME=1 -D__SIZE_WIDTH__=64 -D__SEG_FS=1 -D__INT_LEAST16_MAX__=0x7fff -D__DEC64_MANT_DIG__=16 -D__INT64_MAX__=0x7fffffffffffffffLL -D__UINT_LEAST32_MAX__=0xffffffffU -D__SEG_GS=1 -D__FLT32_DENORM_MIN__=1.40129846432481707092372958328991613e-45F32 -D__GCC_ATOMIC_LONG_LOCK_FREE=2 -D__SIG_ATOMIC_WIDTH__=32 "-D__INT_LEAST64_TYPE__=long long int" "-D__INT16_TYPE__=short int" "-D__INT_LEAST8_TYPE__=signed char" -D__DEC32_MAX_EXP__=97 -D__INT_FAST8_MAX__=0x7f -D__FLT128_MAX__=1.18973149535723176508575932662800702e+4932F128 -D__INTPTR_MAX__=0x7fffffffffffffffLL -D__GXX_MERGED_TYPEINFO_NAMES=0 -D__FLT64_HAS_QUIET_NAN__=1 -D__stdcall=__attribute__((__stdcall__)) -D__FLT32_MIN_10_EXP__=(-37) -D__SSE2__=1 -D__FLT32X_DIG__=15 -D__LDBL_MANT_DIG__=64 -D__DBL_HAS_QUIET_NAN__=1 -D__FLT64_HAS_INFINITY__=1 -D__FLT64X_MAX__=1.18973149535723176502126385303097021e+4932F64x "-D__SIG_ATOMIC_MIN__=(-__SIG_ATOMIC_MAX__ - 1)" "-D__INTPTR_TYPE__=long long int" "-D__UINT16_TYPE__=short unsigned int" "-D__WCHAR_TYPE__=short unsigned int" -D__SIZEOF_FLOAT__=4 -D__pic__=1 -D__UINTPTR_MAX__=0xffffffffffffffffULL -D__INT_FAST64_WIDTH__=64 -D__DEC64_MIN_EXP__=(-382) -D__FLT32_DECIMAL_DIG__=9 -D__INT_FAST64_MAX__=0x7fffffffffffffffLL -D__GCC_ATOMIC_TEST_AND_SET_TRUEVAL=1 -D__FLT_DIG__=6 -D__FLT32_HAS_INFINITY__=1 -D__FLT64X_MAX_EXP__=16384 "-D__UINT_FAST64_TYPE__=long long unsigned int" -D__INT_MAX__=0x7fffffff -D__amd64__=1 -DWIN32=1 -D__nocona=1 -D__code_model_medium__=1 "-D__INT64_TYPE__=long long int" -D__FLT_MAX_EXP__=128 -DWIN64=1 -D__ORDER_BIG_ENDIAN__=4321 -D__DBL_MANT_DIG__=53 -D__SIZEOF_FLOAT128__=16 -D__INT_LEAST64_MAX__=0x7fffffffffffffffLL -D__GCC_ATOMIC_CHAR16_T_LOCK_FREE=2 -D__DEC64_MIN__=1E-383DD "-D__WINT_TYPE__=short unsigned int" "-D__UINT_LEAST32_TYPE__=unsigned int" -D__SIZEOF_SHORT__=2 -D__SSE__=1 -D__LDBL_MIN_EXP__=(-16381) -D__FLT64_MAX__=1.79769313486231570814527423731704357e+308F64 -D__WINT_WIDTH__=16 -D__INT_LEAST8_MAX__=0x7f -D__FLT32X_MAX_10_EXP__=308 -D__SIZEOF_INT128__=16 -D__LDBL_MAX_10_EXP__=4932 -D__ATOMIC_RELAXED=0 -D__DBL_EPSILON__=((double)2.22044604925031308084726333618164062e-16L) -D__thiscall=__attribute__((__thiscall__)) -D__FLT128_MIN__=3.36210314311209350626267781732175260e-4932F128 -D__UINT8_C(c)=c -D__FLT64_MAX_EXP__=1024 -D__INT_LEAST32_TYPE__=int -D__SIZEOF_WCHAR_T__=2 "-D__UINT64_TYPE__=long long unsigned int" -D__FLT128_HAS_QUIET_NAN__=1 "-D__INT_FAST8_TYPE__=signed char" -D__fastcall=__attribute__((__fastcall__)) -D__FLT64X_MIN__=3.36210314311209350626267781732175260e-4932F64x -D__FLT64_HAS_DENORM__=1 -D__FLT32_EPSILON__=1.19209289550781250000000000000000000e-7F32 -D__DBL_DECIMAL_DIG__=17 -D__STDC_UTF_32__=1 -D__INT_FAST8_WIDTH__=8 -D__FXSR__=1 -D__DEC_EVAL_METHOD__=2 -D__FLT32X_MAX__=1.79769313486231570814527423731704357e+308F32x -D__MINGW64__=1 "-D__UINT32_C(c)=c ## U" -D__INTMAX_MAX__=0x7fffffffffffffffLL -D__BYTE_ORDER__=__ORDER_LITTLE_ENDIAN__ -DWINNT=1 -D__FLT_DENORM_MIN__=1.40129846432481707092372958328991613e-45F -D__INT8_MAX__=0x7f -D__LONG_WIDTH__=32 -D__PIC__=1 "-D__UINT_FAST32_TYPE__=unsigned int" -D__FLT_MAX__=3.40282346638528859811704183484516925e+38F -D__INT32_TYPE__=int -D__SIZEOF_DOUBLE__=8 -D__FLT_MIN_10_EXP__=(-37) -D__FLT64_MIN__=2.22507385850720138309023271733240406e-308F64 -D__INT_LEAST32_WIDTH__=32 "-D__INTMAX_TYPE__=long long int" -D_INTEGRAL_MAX_BITS=64 -D__DEC128_MAX_EXP__=6145 -D__FLT32X_HAS_QUIET_NAN__=1 -D__ATOMIC_CONSUME=1 -D__nocona__=1 -D__INT_FAST16_WIDTH__=16 -D__UINTMAX_MAX__=0xffffffffffffffffULL -D__DEC32_MANT_DIG__=7 -D__FLT32X_DENORM_MIN__=4.94065645841246544176568792868221372e-324F32x -D__DBL_MAX_10_EXP__=308 -D__LDBL_DENORM_MIN__=3.64519953188247460252840593361941982e-4951L -D__INT16_C(c)=c "-D__PTRDIFF_TYPE__=long long int" -D__ATOMIC_SEQ_CST=5 -D__GCC_HAVE_SYNC_COMPARE_AND_SWAP_16=1 "-D__UINT32_TYPE__=unsigned int" -D__FLT32X_MIN_10_EXP__=(-307) "-D__UINTPTR_TYPE__=long long unsigned int" -D__DEC64_SUBNORMAL_MIN__=0.000000000000001E-383DD -D__DEC128_MANT_DIG__=34 -D__LDBL_MIN_10_EXP__=(-4931) -D__FLT128_EPSILON__=1.92592994438723585305597794258492732e-34F128 -D__SIZEOF_LONG_LONG__=8 -D__FLT128_DECIMAL_DIG__=36 -D__GCC_ATOMIC_LLONG_LOCK_FREE=2 -D__FLT32X_MIN__=2.22507385850720138309023271733240406e-308F32x -D__LDBL_DIG__=18 -D__FLT_DECIMAL_DIG__=9 -D__UINT_FAST16_MAX__=0xffff -D__GCC_ATOMIC_SHORT_LOCK_FREE=2 -D__INT_LEAST64_WIDTH__=64 -D__SSE3__=1 "-D__UINT_FAST8_TYPE__=unsigned char" -D__WIN64__=1 -D__ATOMIC_ACQ_REL=4 -D__ATOMIC_RELEASE=3 -D__declspec(x)=__attribute__((x)) "-Ic:/program files/mingw64/bin/../lib/gcc/x86_64-w64-mingw32/8.1.0/include" "-Ic:/program files/mingw64/bin/../lib/gcc/x86_64-w64-mingw32/8.1.0/include-fixed" "-Ic:/program files/mingw64/bin/../lib/gcc/x86_64-w64-mingw32/8.1.0/../../../../x86_64-w64-mingw32/include" -- test1.c
[E 02:58:57 9920] CODEQL_EXTRACTOR_CPP_TRAP_CACHING is not set
[E 02:58:57 9920] CODEQL_EXTRACTOR_CPP_OPTION_TRAP_CACHE_WRITE is not set
[E 02:58:57 9920] CODEQL_EXTRACTOR_CPP_OPTION_TRAP_CACHE_DIR is not set
[E 02:58:57 9920] Initialising TRAP cache at path: \\?\E:\graduate\pythoncode\server\ad\f25a\5ab9f5ca5630fe224f75cd0de6ad
[E 02:58:57 9920] Not using TRAP cache
[E 02:58:57 9920] TRAP cache miss
[E 02:58:57 9920] Starting compilation TRAP E:\graduate\pythoncode\server\db\trap\cpp/compilations/28/56385774_0.trap.zst
[E 02:58:57 9920] Archiving E:\graduate\pythoncode\server\db\src/E_/graduate/pythoncode/server/test1.c
[E 02:58:57 9920] Archiving E:\graduate\pythoncode\server\db\src/C_/Program Files/mingw64/x86_64-w64-mingw32/include/stdio.h
[E 02:58:57 9920] Archiving E:\graduate\pythoncode\server\db\src/C_/Program Files/mingw64/x86_64-w64-mingw32/include/crtdefs.h
[E 02:58:57 9920] Archiving E:\graduate\pythoncode\server\db\src/C_/Program Files/mingw64/x86_64-w64-mingw32/include/_mingw.h
[E 02:58:57 9920] Archiving E:\graduate\pythoncode\server\db\src/C_/Program Files/mingw64/x86_64-w64-mingw32/include/_mingw_mac.h
[E 02:58:57 9920] Archiving E:\graduate\pythoncode\server\db\src/C_/Program Files/mingw64/x86_64-w64-mingw32/include/_mingw_secapi.h
[E 02:58:57 9920] Archiving E:\graduate\pythoncode\server\db\src/C_/Program Files/mingw64/x86_64-w64-mingw32/include/vadefs.h
[E 02:58:57 9920] Already archived E:\graduate\pythoncode\server\db\src/C_/Program Files/mingw64/x86_64-w64-mingw32/include/_mingw.h
[E 02:58:57 9920] Archiving E:\graduate\pythoncode\server\db\src/C_/Program Files/mingw64/x86_64-w64-mingw32/include/sdks/_mingw_directx.h
[E 02:58:57 9920] Archiving E:\graduate\pythoncode\server\db\src/C_/Program Files/mingw64/x86_64-w64-mingw32/include/sdks/_mingw_ddk.h
[E 02:58:57 9920] Archiving E:\graduate\pythoncode\server\db\src/C_/Program Files/mingw64/x86_64-w64-mingw32/include/_mingw_print_push.h
[E 02:58:57 9920] Archiving E:\graduate\pythoncode\server\db\src/C_/Program Files/mingw64/x86_64-w64-mingw32/include/_mingw_off_t.h
[E 02:58:57 9920] Archiving E:\graduate\pythoncode\server\db\src/C_/Program Files/mingw64/x86_64-w64-mingw32/include/swprintf.inl
[E 02:58:57 9920] Archiving E:\graduate\pythoncode\server\db\src/C_/Program Files/mingw64/x86_64-w64-mingw32/include/sec_api/stdio_s.h
[E 02:58:57 9920] Already archived E:\graduate\pythoncode\server\db\src/C_/Program Files/mingw64/x86_64-w64-mingw32/include/stdio.h
[E 02:58:57 9920] Archiving E:\graduate\pythoncode\server\db\src/C_/Program Files/mingw64/x86_64-w64-mingw32/include/_mingw_print_pop.h
[E 02:58:57 9920] Archiving E:\graduate\pythoncode\server\db\src/C_/Program Files/mingw64/x86_64-w64-mingw32/include/string.h
[E 02:58:57 9920] Archiving E:\graduate\pythoncode\server\db\src/C_/Program Files/mingw64/x86_64-w64-mingw32/include/sec_api/string_s.h
[E 02:58:57 9920] Already archived E:\graduate\pythoncode\server\db\src/C_/Program Files/mingw64/x86_64-w64-mingw32/include/string.h
[E 02:58:57 9920] Archiving E:\graduate\pythoncode\server\db\src/C_/Program Files/mingw64/x86_64-w64-mingw32/include/stdlib.h
[E 02:58:57 9920] Archiving E:\graduate\pythoncode\server\db\src/C_/Program Files/mingw64/lib/gcc/x86_64-w64-mingw32/8.1.0/include-fixed/limits.h
[E 02:58:57 9920] Archiving E:\graduate\pythoncode\server\db\src/C_/Program Files/mingw64/lib/gcc/x86_64-w64-mingw32/8.1.0/include-fixed/syslimits.h
[E 02:58:58 9920] Already archived E:\graduate\pythoncode\server\db\src/C_/Program Files/mingw64/lib/gcc/x86_64-w64-mingw32/8.1.0/include-fixed/limits.h
[E 02:58:58 9920] Archiving E:\graduate\pythoncode\server\db\src/C_/Program Files/mingw64/x86_64-w64-mingw32/include/limits.h
[E 02:58:58 9920] Archiving E:\graduate\pythoncode\server\db\src/C_/Program Files/mingw64/x86_64-w64-mingw32/include/sec_api/stdlib_s.h
[E 02:58:58 9920] Already archived E:\graduate\pythoncode\server\db\src/C_/Program Files/mingw64/x86_64-w64-mingw32/include/stdlib.h
[E 02:58:58 9920] Archiving E:\graduate\pythoncode\server\db\src/C_/Program Files/mingw64/x86_64-w64-mingw32/include/malloc.h
[E 02:58:58 9920] Archiving E:\graduate\pythoncode\server\db\src/C_/Program Files/mingw64/x86_64-w64-mingw32/include/unistd.h
[E 02:58:58 9920] Archiving E:\graduate\pythoncode\server\db\src/C_/Program Files/mingw64/x86_64-w64-mingw32/include/io.h
[E 02:58:58 9920] Archiving E:\graduate\pythoncode\server\db\src/C_/Program Files/mingw64/x86_64-w64-mingw32/include/process.h
[E 02:58:58 9920] Archiving E:\graduate\pythoncode\server\db\src/C_/Program Files/mingw64/x86_64-w64-mingw32/include/corecrt_startup.h
[E 02:58:58 9920] Archiving E:\graduate\pythoncode\server\db\src/C_/Program Files/mingw64/x86_64-w64-mingw32/include/sys/types.h
[E 02:58:58 9920] Archiving E:\graduate\pythoncode\server\db\src/C_/Program Files/mingw64/x86_64-w64-mingw32/include/getopt.h
[E 02:58:58 9920] Archiving E:\graduate\pythoncode\server\db\src/C_/Program Files/mingw64/x86_64-w64-mingw32/include/pthread_unistd.h
[E 02:58:58 9920] Warning[extractor-c++]: In emit_platform_diagnostic: Failed to rename diagnostic file from 'E' to 'E': ÁíŇ»¸öłĚĐňŐýÔÚĘąÓĂ´ËÎÄĽţŁ¬˝řłĚÎŢ·¨·ĂÎĘˇŁ
[E 02:58:58 9920] Creating trap tarball E:\graduate\pythoncode\server\db\trap\cpp/tarballs/E_/graduate/pythoncode/server/test1.c.9eedd47b_0.trap.tar.zst
[E 02:58:58 9920] Emitting trap files for test1.c
[E 02:58:58 9920] Opening existencedb in \\?\E:\graduate\pythoncode\server\db\working\existencedb\db
[E 02:58:58 9920] Wrote 35 files to E:\graduate\pythoncode\server\db\trap\cpp/tarballs/E_/graduate/pythoncode/server/test1.c.9eedd47b_0.trap.tar.zst
[E 02:58:58 9920] Finished compilation TRAP E:\graduate\pythoncode\server\db\trap\cpp/compilations/28/56385774_0.trap.zst
[E 02:58:58 9920] Marking C compilation as happened.
[E 02:58:58 9920] Setting tag c-compilation-happened
[E 02:58:58 9920] Starting from CODEQL_TRACER_DB_ID D4CBEE6500007BDC_0000000000000001
[E 02:58:58 9920] Locking DB E:\graduate\pythoncode\server\db\working/tags.db
[E 02:58:58 9920] Locked DB E:\graduate\pythoncode\server\db\working/tags.db
[E 02:58:58 9920] Set tag for D4CBEE6500007BDC_0000000000000001
[E 02:58:58 9920] Set tag for A695477B0000794C_0000000000000001
[E 02:58:58 9920] Set tag for 3EFDAE2300006E5C_0000000000000001
[E 02:58:58 9920] Set tag for 87BAEE98000076D0_0000000000000001
[E 02:58:58 9920] Unlocking DB
[E 02:58:58 9920] Unlocked DB
[E 02:58:58 9920] Extractor exited successfully
