[T 07:47:12 552842] CodeQL CLI version 2.25.1
[T 07:47:12 552842] Initializing tracer.
[T 07:47:12 552842] Initializing tags.
[T 07:47:12 552842] ID set to 0000000000086F8A_0000000000000001 (parent root)
[T 07:47:12 552842] Initializing tracer.
[T 07:47:12 552842] Initializing tags.
[T 07:47:12 552842] ID set to 0000000000086F8A_0000000000000002 (parent root)
[T 07:47:12 552842] Warning: SEMMLE_EXEC and SEMMLE_EXECP not set. Falling back to path lookup on argv[0].
[T 07:47:12 552842] ==== Candidate to intercept: /mnt/c/Tools/codeql/tools/linux64/runner-linux (canonical: /mnt/c/Tools/codeql/tools/linux64/runner-linux) ====
[T 07:47:12 552842] Executing the following tracer actions:
[T 07:47:12 552842] Tracer actions:
[T 07:47:12 552842] pre_invocations(0)
[T 07:47:12 552842] post_invocations(0)
[T 07:47:12 552842] trace_languages(1): [cpp]
[T 07:47:12 552842] Initializing tracer.
[T 07:47:12 552842] Initializing tags.
[T 07:47:12 552842] ID set to 0000000000086F8A_0000000000000003 (parent 0000000000086F8A_0000000000000002)
[T 07:47:12 552842] ==== Candidate to intercept: make (canonical: /usr/bin/make) ====
[T 07:47:12 552842] Executing the following tracer actions:
[T 07:47:12 552842] Tracer actions:
[T 07:47:12 552842] pre_invocations(0)
[T 07:47:12 552842] post_invocations(0)
[T 07:47:12 552842] trace_languages(1): [cpp]
[T 07:47:12 552846] Initializing tracer.
[T 07:47:12 552846] Initializing tags.
[T 07:47:12 552846] ID set to 0000000000086F8E_0000000000000001 (parent 0000000000086F8A_0000000000000003)
[T 07:47:12 552846] ==== Candidate to intercept: /usr/bin/gcc (canonical: /usr/bin/x86_64-linux-gnu-gcc-13) ====
[T 07:47:12 552846] Lua: === Intercepted call to /usr/bin/x86_64-linux-gnu-gcc-13 ===
[T 07:47:12 552846] Executing the following tracer actions:
[T 07:47:12 552846] Tracer actions:
[T 07:47:12 552846] pre_invocations(0)
[T 07:47:12 552846] post_invocations(1)
[T 07:47:12 552846] invocation: /mnt/c/Tools/codeql/cpp/tools/linux64/extractor, args: [--mimic, /usr/bin/x86_64-linux-gnu-gcc-13, -c, -o, test1.o, test1.c]
[T 07:47:12 552846] trace_languages(1): [cpp]
[T 07:47:12 552848] Initializing tracer.
[T 07:47:12 552848] Initializing tags.
[T 07:47:12 552848] ID set to 0000000000086F90_0000000000000001 (parent 0000000000086F8E_0000000000000001)
[T 07:47:12 552848] ==== Candidate to intercept: /usr/libexec/gcc/x86_64-linux-gnu/13/cc1 (canonical: /usr/libexec/gcc/x86_64-linux-gnu/13/cc1) ====
[T 07:47:12 552848] Lua: === Intercepted call to /usr/libexec/gcc/x86_64-linux-gnu/13/cc1 ===
[T 07:47:12 552848] Executing the following tracer actions:
[T 07:47:12 552848] Tracer actions:
[T 07:47:12 552848] pre_invocations(0)
[T 07:47:12 552848] post_invocations(1)
[T 07:47:12 552848] invocation: /mnt/c/Tools/codeql/cpp/tools/linux64/extractor, args: [--mimic, /usr/libexec/gcc/x86_64-linux-gnu/13/cc1, -quiet, -imultiarch, x86_64-linux-gnu, test1.c, -quiet, -dumpbase, test1.c, -dumpbase-ext, .c, -mtune=generic, -march=x86-64, -fasynchronous-unwind-tables, -fstack-protector-strong, -Wformat, -Wformat-security, -fstack-clash-protection, -fcf-protection, -o, /tmp/cc4nMytE.s]
[T 07:47:12 552848] trace_languages(1): [cpp]
[T 07:47:12 552850] Attempting to switch stdout/stderr to 4...
[T 07:47:12 552850] Initializing tracer.
[T 07:47:12 552850] Initializing tags.
[T 07:47:12 552850] ID set to 0000000000086F92_0000000000000001 (parent 0000000000086F90_0000000000000001)
[E 07:47:12 552850] CodeQL C/C++ Extractor 2.25.1
[E 07:47:12 552850] Current directory: /home/test/my-awesome-project/CISB/server/UBpointer-offset-overflow
[E 07:47:12 552850] Command: /mnt/c/Tools/codeql/cpp/tools/linux64/extractor --mimic /usr/libexec/gcc/x86_64-linux-gnu/13/cc1 -quiet -imultiarch x86_64-linux-gnu test1.c -quiet -dumpbase test1.c -dumpbase-ext .c -mtune=generic -march=x86-64 -fasynchronous-unwind-tables -fstack-protector-strong -Wformat -Wformat-security -fstack-clash-protection -fcf-protection -o /tmp/cc4nMytE.s
[T 07:47:12 552851] Initializing tracer.
[T 07:47:12 552851] Initializing tags.
[T 07:47:12 552851] ID set to 0000000000086F93_0000000000000001 (parent 0000000000086F92_0000000000000001)
[T 07:47:12 552851] ==== Candidate to intercept: /usr/libexec/gcc/x86_64-linux-gnu/13/cc1 (canonical: /usr/libexec/gcc/x86_64-linux-gnu/13/cc1) ====
[T 07:47:12 552851] Lua: === Intercepted call to /usr/libexec/gcc/x86_64-linux-gnu/13/cc1 ===
[T 07:47:12 552851] Executing the following tracer actions:
[T 07:47:12 552851] Tracer actions:
[T 07:47:12 552851] pre_invocations(0)
[T 07:47:12 552851] post_invocations(1)
[T 07:47:12 552851] invocation: /mnt/c/Tools/codeql/cpp/tools/linux64/extractor, args: [--mimic, /usr/libexec/gcc/x86_64-linux-gnu/13/cc1, --version]
[T 07:47:12 552851] trace_languages(1): [cpp]
[T 07:47:12 552868] Attempting to switch stdout/stderr to 7...
[T 07:47:12 552868] Initializing tracer.
[T 07:47:12 552868] Initializing tags.
[T 07:47:12 552868] ID set to 0000000000086FA4_0000000000000001 (parent 0000000000086F93_0000000000000001)
[E 07:47:12 552868] Mimicry classification suppression detected; exiting.
[E 07:47:12 552868] Extractor exited successfully
[T 07:47:12 552851] Extractor /mnt/c/Tools/codeql/cpp/tools/linux64/extractor terminated with exit code 0.
[T 07:47:12 552882] Initializing tracer.
[T 07:47:12 552882] Initializing tags.
[T 07:47:12 552882] ID set to 0000000000086FB2_0000000000000001 (parent 0000000000086F92_0000000000000001)
[T 07:47:12 552882] ==== Candidate to intercept: /usr/libexec/gcc/x86_64-linux-gnu/13/cc1 (canonical: /usr/libexec/gcc/x86_64-linux-gnu/13/cc1) ====
[T 07:47:12 552882] Lua: === Intercepted call to /usr/libexec/gcc/x86_64-linux-gnu/13/cc1 ===
[T 07:47:12 552882] Executing the following tracer actions:
[T 07:47:12 552882] Tracer actions:
[T 07:47:12 552882] pre_invocations(0)
[T 07:47:12 552882] post_invocations(1)
[T 07:47:12 552882] invocation: /mnt/c/Tools/codeql/cpp/tools/linux64/extractor, args: [--mimic, /usr/libexec/gcc/x86_64-linux-gnu/13/cc1, --help]
[T 07:47:12 552882] trace_languages(1): [cpp]
[T 07:47:12 552884] Attempting to switch stdout/stderr to 7...
[T 07:47:12 552884] Initializing tracer.
[T 07:47:12 552884] Initializing tags.
[T 07:47:12 552884] ID set to 0000000000086FB4_0000000000000001 (parent 0000000000086FB2_0000000000000001)
[E 07:47:12 552884] Mimicry classification suppression detected; exiting.
[E 07:47:12 552884] Extractor exited successfully
[T 07:47:12 552882] Extractor /mnt/c/Tools/codeql/cpp/tools/linux64/extractor terminated with exit code 0.
[T 07:47:12 552885] Initializing tracer.
[T 07:47:12 552885] Initializing tags.
[T 07:47:12 552885] ID set to 0000000000086FB5_0000000000000001 (parent 0000000000086F92_0000000000000001)
[T 07:47:12 552885] ==== Candidate to intercept: /usr/libexec/gcc/x86_64-linux-gnu/13/cc1 (canonical: /usr/libexec/gcc/x86_64-linux-gnu/13/cc1) ====
[T 07:47:12 552885] Lua: === Intercepted call to /usr/libexec/gcc/x86_64-linux-gnu/13/cc1 ===
[T 07:47:12 552885] Executing the following tracer actions:
[T 07:47:12 552885] Tracer actions:
[T 07:47:12 552885] pre_invocations(0)
[T 07:47:12 552885] post_invocations(1)
[T 07:47:12 552885] invocation: /mnt/c/Tools/codeql/cpp/tools/linux64/extractor, args: [--mimic, /usr/libexec/gcc/x86_64-linux-gnu/13/cc1, -version, --help]
[T 07:47:12 552885] trace_languages(1): [cpp]
[T 07:47:12 552888] Attempting to switch stdout/stderr to 7...
[T 07:47:12 552888] Initializing tracer.
[T 07:47:12 552888] Initializing tags.
[T 07:47:12 552888] ID set to 0000000000086FB8_0000000000000001 (parent 0000000000086FB5_0000000000000001)
[E 07:47:12 552888] Mimicry classification suppression detected; exiting.
[E 07:47:12 552888] Extractor exited successfully
[T 07:47:12 552885] Extractor /mnt/c/Tools/codeql/cpp/tools/linux64/extractor terminated with exit code 0.
[T 07:47:12 552903] Initializing tracer.
[T 07:47:12 552903] Initializing tags.
[T 07:47:12 552903] ID set to 0000000000086FC7_0000000000000001 (parent 0000000000086F92_0000000000000001)
[T 07:47:12 552903] ==== Candidate to intercept: /usr/libexec/gcc/x86_64-linux-gnu/13/cc1 (canonical: /usr/libexec/gcc/x86_64-linux-gnu/13/cc1) ====
[T 07:47:12 552903] Lua: === Intercepted call to /usr/libexec/gcc/x86_64-linux-gnu/13/cc1 ===
[T 07:47:12 552903] Executing the following tracer actions:
[T 07:47:12 552903] Tracer actions:
[T 07:47:12 552903] pre_invocations(0)
[T 07:47:12 552903] post_invocations(1)
[T 07:47:12 552903] invocation: /mnt/c/Tools/codeql/cpp/tools/linux64/extractor, args: [--mimic, /usr/libexec/gcc/x86_64-linux-gnu/13/cc1, -nostdinc, -o, /home/test/my-awesome-project/CISB/server/UBpointer-offset-overflow/db/working/tmp//semmle_2_552850_439872.o, /home/test/my-awesome-project/CISB/server/UBpointer-offset-overflow/db/working/tmp//semmle_1_552850_439842.c]
[T 07:47:12 552903] trace_languages(1): [cpp]
[T 07:47:12 552925] Attempting to switch stdout/stderr to 7...
[T 07:47:12 552925] Initializing tracer.
[T 07:47:12 552925] Initializing tags.
[T 07:47:12 552925] ID set to 0000000000086FDD_0000000000000001 (parent 0000000000086FC7_0000000000000001)
[E 07:47:12 552925] Mimicry classification suppression detected; exiting.
[E 07:47:12 552925] Extractor exited successfully
[T 07:47:12 552903] Extractor /mnt/c/Tools/codeql/cpp/tools/linux64/extractor terminated with exit code 0.
[T 07:47:12 552933] Initializing tracer.
[T 07:47:12 552933] Initializing tags.
[T 07:47:12 552933] ID set to 0000000000086FE5_0000000000000001 (parent 0000000000086F92_0000000000000001)
[T 07:47:12 552933] ==== Candidate to intercept: /usr/libexec/gcc/x86_64-linux-gnu/13/cc1 (canonical: /usr/libexec/gcc/x86_64-linux-gnu/13/cc1) ====
[T 07:47:12 552933] Lua: === Intercepted call to /usr/libexec/gcc/x86_64-linux-gnu/13/cc1 ===
[T 07:47:12 552933] Executing the following tracer actions:
[T 07:47:12 552933] Tracer actions:
[T 07:47:12 552933] pre_invocations(0)
[T 07:47:12 552933] post_invocations(1)
[T 07:47:12 552933] invocation: /mnt/c/Tools/codeql/cpp/tools/linux64/extractor, args: [--mimic, /usr/libexec/gcc/x86_64-linux-gnu/13/cc1, -nostdinc, -o, /home/test/my-awesome-project/CISB/server/UBpointer-offset-overflow/db/working/tmp//semmle_4_552850_474497.o, /home/test/my-awesome-project/CISB/server/UBpointer-offset-overflow/db/working/tmp//semmle_3_552850_474443.c]
[T 07:47:12 552933] trace_languages(1): [cpp]
[T 07:47:12 552935] Attempting to switch stdout/stderr to 7...
[T 07:47:12 552935] Initializing tracer.
[T 07:47:12 552935] Initializing tags.
[T 07:47:12 552935] ID set to 0000000000086FE7_0000000000000001 (parent 0000000000086FE5_0000000000000001)
[E 07:47:12 552935] Mimicry classification suppression detected; exiting.
[E 07:47:12 552935] Extractor exited successfully
[T 07:47:12 552933] Extractor /mnt/c/Tools/codeql/cpp/tools/linux64/extractor terminated with exit code 0.
[E 07:47:12 552850] Checking whether C compilation already happened.
[E 07:47:12 552850] Checking for tag c-compilation-happened
[E 07:47:12 552850] Checking CODEQL_TRACER_DB_ID 0000000000086F90_0000000000000001
[E 07:47:12 552850] Locking DB /home/test/my-awesome-project/CISB/server/UBpointer-offset-overflow/db/working/tags.db
[E 07:47:12 552850] Locked DB /home/test/my-awesome-project/CISB/server/UBpointer-offset-overflow/db/working/tags.db
[E 07:47:12 552850] Unlocking DB
[E 07:47:12 552850] Unlocked DB
[E 07:47:12 552850] Looks like C compilation didn't already happen.
[E 07:47:12 552850] Checking whether C compilation has been attempted.
[E 07:47:12 552850] Checking for tag c-compilation-attempted
[E 07:47:12 552850] Checking CODEQL_TRACER_DB_ID 0000000000086F90_0000000000000001
[E 07:47:12 552850] Locking DB /home/test/my-awesome-project/CISB/server/UBpointer-offset-overflow/db/working/tags.db
[E 07:47:12 552850] Locked DB /home/test/my-awesome-project/CISB/server/UBpointer-offset-overflow/db/working/tags.db
[E 07:47:12 552850] Unlocking DB
[E 07:47:12 552850] Unlocked DB
[E 07:47:12 552850] Marking C compilation as attempted.
[E 07:47:12 552850] Setting tag c-compilation-attempted
[E 07:47:12 552850] Starting from CODEQL_TRACER_DB_ID 0000000000086F90_0000000000000001
[E 07:47:12 552850] Locking DB /home/test/my-awesome-project/CISB/server/UBpointer-offset-overflow/db/working/tags.db
[E 07:47:12 552850] Locked DB /home/test/my-awesome-project/CISB/server/UBpointer-offset-overflow/db/working/tags.db
[E 07:47:12 552850] Set tag for 0000000000086F90_0000000000000001
[E 07:47:12 552850] Set tag for 0000000000086F8E_0000000000000001
[E 07:47:12 552850] Set tag for 0000000000086F8A_0000000000000003
[E 07:47:12 552850] Set tag for 0000000000086F8A_0000000000000002
[E 07:47:12 552850] Set tag for root
[E 07:47:12 552850] Unlocking DB
[E 07:47:12 552850] Unlocked DB
[T 07:47:12 552936] Initializing tracer.
[T 07:47:12 552936] Initializing tags.
[T 07:47:12 552936] ID set to 0000000000086FE8_0000000000000001 (parent 0000000000086F92_0000000000000001)
[T 07:47:12 552936] ==== Candidate to intercept: /usr/libexec/gcc/x86_64-linux-gnu/13/cc1 (canonical: /usr/libexec/gcc/x86_64-linux-gnu/13/cc1) ====
[T 07:47:12 552936] Lua: === Intercepted call to /usr/libexec/gcc/x86_64-linux-gnu/13/cc1 ===
[T 07:47:12 552936] Executing the following tracer actions:
[T 07:47:12 552936] Tracer actions:
[T 07:47:12 552936] pre_invocations(0)
[T 07:47:12 552936] post_invocations(1)
[T 07:47:12 552936] invocation: /mnt/c/Tools/codeql/cpp/tools/linux64/extractor, args: [--mimic, /usr/libexec/gcc/x86_64-linux-gnu/13/cc1, @/home/test/my-awesome-project/CISB/server/UBpointer-offset-overflow/db/working/tmp//semmle_6_552850_507581, -v, -fsyntax-only, /home/test/my-awesome-project/CISB/server/UBpointer-offset-overflow/db/working/tmp//semmle_7_552850_507679]
[T 07:47:12 552936] trace_languages(1): [cpp]
[T 07:47:12 552952] Attempting to switch stdout/stderr to 7...
[T 07:47:12 552952] Initializing tracer.
[T 07:47:12 552952] Initializing tags.
[T 07:47:12 552952] ID set to 0000000000086FF8_0000000000000001 (parent 0000000000086FE8_0000000000000001)
[E 07:47:12 552952] Mimicry classification suppression detected; exiting.
[E 07:47:12 552952] Extractor exited successfully
[T 07:47:12 552936] Extractor /mnt/c/Tools/codeql/cpp/tools/linux64/extractor terminated with exit code 0.
[T 07:47:12 552955] Initializing tracer.
[T 07:47:12 552955] Initializing tags.
[T 07:47:12 552955] ID set to 0000000000086FFB_0000000000000001 (parent 0000000000086F92_0000000000000001)
[T 07:47:12 552955] ==== Candidate to intercept: /usr/libexec/gcc/x86_64-linux-gnu/13/cc1 (canonical: /usr/libexec/gcc/x86_64-linux-gnu/13/cc1) ====
[T 07:47:12 552955] Lua: === Intercepted call to /usr/libexec/gcc/x86_64-linux-gnu/13/cc1 ===
[T 07:47:12 552955] Executing the following tracer actions:
[T 07:47:12 552955] Tracer actions:
[T 07:47:12 552955] pre_invocations(0)
[T 07:47:12 552955] post_invocations(1)
[T 07:47:12 552955] invocation: /mnt/c/Tools/codeql/cpp/tools/linux64/extractor, args: [--mimic, /usr/libexec/gcc/x86_64-linux-gnu/13/cc1, @/home/test/my-awesome-project/CISB/server/UBpointer-offset-overflow/db/working/tmp//semmle_6_552850_507581, -E, -dM, /home/test/my-awesome-project/CISB/server/UBpointer-offset-overflow/db/working/tmp//semmle_8_552850_536250]
[T 07:47:12 552955] trace_languages(1): [cpp]
[T 07:47:12 552981] Attempting to switch stdout/stderr to 7...
[T 07:47:12 552981] Initializing tracer.
[T 07:47:12 552981] Initializing tags.
[T 07:47:12 552981] ID set to 0000000000087015_0000000000000001 (parent 0000000000086FFB_0000000000000001)
[E 07:47:12 552981] Mimicry classification suppression detected; exiting.
[E 07:47:12 552981] Extractor exited successfully
[T 07:47:12 552955] Extractor /mnt/c/Tools/codeql/cpp/tools/linux64/extractor terminated with exit code 0.
[T 07:47:12 552984] Initializing tracer.
[T 07:47:12 552984] Initializing tags.
[T 07:47:12 552984] ID set to 0000000000087018_0000000000000001 (parent 0000000000086F92_0000000000000001)
[T 07:47:12 552984] ==== Candidate to intercept: /usr/libexec/gcc/x86_64-linux-gnu/13/cc1 (canonical: /usr/libexec/gcc/x86_64-linux-gnu/13/cc1) ====
[T 07:47:12 552984] Lua: === Intercepted call to /usr/libexec/gcc/x86_64-linux-gnu/13/cc1 ===
[T 07:47:12 552984] Executing the following tracer actions:
[T 07:47:12 552984] Tracer actions:
[T 07:47:12 552984] pre_invocations(0)
[T 07:47:12 552984] post_invocations(1)
[T 07:47:12 552984] invocation: /mnt/c/Tools/codeql/cpp/tools/linux64/extractor, args: [--mimic, /usr/libexec/gcc/x86_64-linux-gnu/13/cc1, @/home/test/my-awesome-project/CISB/server/UBpointer-offset-overflow/db/working/tmp//semmle_9_552850_565049, -o, /home/test/my-awesome-project/CISB/server/UBpointer-offset-overflow/db/working/tmp//semmle_11_552850_565251.o, /home/test/my-awesome-project/CISB/server/UBpointer-offset-overflow/db/working/tmp//semmle_10_552850_565224.c]
[T 07:47:12 552984] trace_languages(1): [cpp]
[T 07:47:12 552986] Attempting to switch stdout/stderr to 7...
[T 07:47:12 552986] Initializing tracer.
[T 07:47:12 552986] Initializing tags.
[T 07:47:12 552986] ID set to 000000000008701A_0000000000000001 (parent 0000000000087018_0000000000000001)
[E 07:47:12 552986] Mimicry classification suppression detected; exiting.
[E 07:47:12 552986] Extractor exited successfully
[T 07:47:12 552984] Extractor /mnt/c/Tools/codeql/cpp/tools/linux64/extractor terminated with exit code 0.
[T 07:47:12 552987] Initializing tracer.
[T 07:47:12 552987] Initializing tags.
[T 07:47:12 552987] ID set to 000000000008701B_0000000000000001 (parent 0000000000086F92_0000000000000001)
[T 07:47:12 552987] ==== Candidate to intercept: /usr/libexec/gcc/x86_64-linux-gnu/13/cc1 (canonical: /usr/libexec/gcc/x86_64-linux-gnu/13/cc1) ====
[T 07:47:12 552987] Lua: === Intercepted call to /usr/libexec/gcc/x86_64-linux-gnu/13/cc1 ===
[T 07:47:12 552987] Executing the following tracer actions:
[T 07:47:12 552987] Tracer actions:
[T 07:47:12 552987] pre_invocations(0)
[T 07:47:12 552987] post_invocations(1)
[T 07:47:12 552987] invocation: /mnt/c/Tools/codeql/cpp/tools/linux64/extractor, args: [--mimic, /usr/libexec/gcc/x86_64-linux-gnu/13/cc1, @/home/test/my-awesome-project/CISB/server/UBpointer-offset-overflow/db/working/tmp//semmle_9_552850_565049, -o, /home/test/my-awesome-project/CISB/server/UBpointer-offset-overflow/db/working/tmp//semmle_13_552850_594183.o, /home/test/my-awesome-project/CISB/server/UBpointer-offset-overflow/db/working/tmp//semmle_12_552850_594112.c]
[T 07:47:12 552987] trace_languages(1): [cpp]
[T 07:47:12 552989] Attempting to switch stdout/stderr to 7...
[T 07:47:12 552989] Initializing tracer.
[T 07:47:12 552989] Initializing tags.
[T 07:47:12 552989] ID set to 000000000008701D_0000000000000001 (parent 000000000008701B_0000000000000001)
[E 07:47:12 552989] Mimicry classification suppression detected; exiting.
[E 07:47:12 552989] Extractor exited successfully
[T 07:47:12 552987] Extractor /mnt/c/Tools/codeql/cpp/tools/linux64/extractor terminated with exit code 0.
[T 07:47:12 552990] Initializing tracer.
[T 07:47:12 552990] Initializing tags.
[T 07:47:12 552990] ID set to 000000000008701E_0000000000000001 (parent 0000000000086F92_0000000000000001)
[T 07:47:12 552990] ==== Candidate to intercept: /usr/libexec/gcc/x86_64-linux-gnu/13/cc1 (canonical: /usr/libexec/gcc/x86_64-linux-gnu/13/cc1) ====
[T 07:47:12 552990] Lua: === Intercepted call to /usr/libexec/gcc/x86_64-linux-gnu/13/cc1 ===
[T 07:47:12 552990] Executing the following tracer actions:
[T 07:47:12 552990] Tracer actions:
[T 07:47:12 552990] pre_invocations(0)
[T 07:47:12 552990] post_invocations(1)
[T 07:47:12 552990] invocation: /mnt/c/Tools/codeql/cpp/tools/linux64/extractor, args: [--mimic, /usr/libexec/gcc/x86_64-linux-gnu/13/cc1, @/home/test/my-awesome-project/CISB/server/UBpointer-offset-overflow/db/working/tmp//semmle_9_552850_565049, -o, /home/test/my-awesome-project/CISB/server/UBpointer-offset-overflow/db/working/tmp//semmle_15_552850_631630.o, /home/test/my-awesome-project/CISB/server/UBpointer-offset-overflow/db/working/tmp//semmle_14_552850_631545.c]
[T 07:47:12 552990] trace_languages(1): [cpp]
[T 07:47:12 552992] Attempting to switch stdout/stderr to 7...
[T 07:47:12 552992] Initializing tracer.
[T 07:47:12 552992] Initializing tags.
[T 07:47:12 552992] ID set to 0000000000087020_0000000000000001 (parent 000000000008701E_0000000000000001)
[E 07:47:12 552992] Mimicry classification suppression detected; exiting.
[E 07:47:12 552992] Extractor exited successfully
[T 07:47:12 552990] Extractor /mnt/c/Tools/codeql/cpp/tools/linux64/extractor terminated with exit code 0.
[T 07:47:12 552993] Initializing tracer.
[T 07:47:12 552993] Initializing tags.
[T 07:47:12 552993] ID set to 0000000000087021_0000000000000001 (parent 0000000000086F92_0000000000000001)
[T 07:47:12 552993] ==== Candidate to intercept: /usr/libexec/gcc/x86_64-linux-gnu/13/cc1 (canonical: /usr/libexec/gcc/x86_64-linux-gnu/13/cc1) ====
[T 07:47:12 552993] Lua: === Intercepted call to /usr/libexec/gcc/x86_64-linux-gnu/13/cc1 ===
[T 07:47:12 552993] Executing the following tracer actions:
[T 07:47:12 552993] Tracer actions:
[T 07:47:12 552993] pre_invocations(0)
[T 07:47:12 552993] post_invocations(1)
[T 07:47:12 552993] invocation: /mnt/c/Tools/codeql/cpp/tools/linux64/extractor, args: [--mimic, /usr/libexec/gcc/x86_64-linux-gnu/13/cc1, @/home/test/my-awesome-project/CISB/server/UBpointer-offset-overflow/db/working/tmp//semmle_9_552850_565049, -o, /home/test/my-awesome-project/CISB/server/UBpointer-offset-overflow/db/working/tmp//semmle_17_552850_660863.o, /home/test/my-awesome-project/CISB/server/UBpointer-offset-overflow/db/working/tmp//semmle_16_552850_660795.c]
[T 07:47:12 552993] trace_languages(1): [cpp]
[T 07:47:12 552995] Attempting to switch stdout/stderr to 7...
[T 07:47:12 552995] Initializing tracer.
[T 07:47:12 552995] Initializing tags.
[T 07:47:12 552995] ID set to 0000000000087023_0000000000000001 (parent 0000000000087021_0000000000000001)
[E 07:47:12 552995] Mimicry classification suppression detected; exiting.
[E 07:47:12 552995] Extractor exited successfully
[T 07:47:12 552993] Extractor /mnt/c/Tools/codeql/cpp/tools/linux64/extractor terminated with exit code 0.
[T 07:47:12 552996] Initializing tracer.
[T 07:47:12 552996] Initializing tags.
[T 07:47:12 552996] ID set to 0000000000087024_0000000000000001 (parent 0000000000086F92_0000000000000001)
[T 07:47:12 552996] ==== Candidate to intercept: /usr/libexec/gcc/x86_64-linux-gnu/13/cc1 (canonical: /usr/libexec/gcc/x86_64-linux-gnu/13/cc1) ====
[T 07:47:12 552996] Lua: === Intercepted call to /usr/libexec/gcc/x86_64-linux-gnu/13/cc1 ===
[T 07:47:12 552996] Executing the following tracer actions:
[T 07:47:12 552996] Tracer actions:
[T 07:47:12 552996] pre_invocations(0)
[T 07:47:12 552996] post_invocations(1)
[T 07:47:12 552996] invocation: /mnt/c/Tools/codeql/cpp/tools/linux64/extractor, args: [--mimic, /usr/libexec/gcc/x86_64-linux-gnu/13/cc1, @/home/test/my-awesome-project/CISB/server/UBpointer-offset-overflow/db/working/tmp//semmle_9_552850_565049, -o, /home/test/my-awesome-project/CISB/server/UBpointer-offset-overflow/db/working/tmp//semmle_19_552850_694641.o, /home/test/my-awesome-project/CISB/server/UBpointer-offset-overflow/db/working/tmp//semmle_18_552850_694590.c]
[T 07:47:12 552996] trace_languages(1): [cpp]
[T 07:47:12 552998] Attempting to switch stdout/stderr to 7...
[T 07:47:12 552998] Initializing tracer.
[T 07:47:12 552998] Initializing tags.
[T 07:47:12 552998] ID set to 0000000000087026_0000000000000001 (parent 0000000000087024_0000000000000001)
[E 07:47:12 552998] Mimicry classification suppression detected; exiting.
[E 07:47:12 552998] Extractor exited successfully
[T 07:47:12 552996] Extractor /mnt/c/Tools/codeql/cpp/tools/linux64/extractor terminated with exit code 0.
[T 07:47:12 552999] Initializing tracer.
[T 07:47:12 552999] Initializing tags.
[T 07:47:12 552999] ID set to 0000000000087027_0000000000000001 (parent 0000000000086F92_0000000000000001)
[T 07:47:12 552999] ==== Candidate to intercept: /usr/libexec/gcc/x86_64-linux-gnu/13/cc1 (canonical: /usr/libexec/gcc/x86_64-linux-gnu/13/cc1) ====
[T 07:47:12 552999] Lua: === Intercepted call to /usr/libexec/gcc/x86_64-linux-gnu/13/cc1 ===
[T 07:47:12 552999] Executing the following tracer actions:
[T 07:47:12 552999] Tracer actions:
[T 07:47:12 552999] pre_invocations(0)
[T 07:47:12 552999] post_invocations(1)
[T 07:47:12 552999] invocation: /mnt/c/Tools/codeql/cpp/tools/linux64/extractor, args: [--mimic, /usr/libexec/gcc/x86_64-linux-gnu/13/cc1, @/home/test/my-awesome-project/CISB/server/UBpointer-offset-overflow/db/working/tmp//semmle_9_552850_565049, -o, /home/test/my-awesome-project/CISB/server/UBpointer-offset-overflow/db/working/tmp//semmle_21_552850_722776.o, /home/test/my-awesome-project/CISB/server/UBpointer-offset-overflow/db/working/tmp//semmle_20_552850_722684.c]
[T 07:47:12 552999] trace_languages(1): [cpp]
[T 07:47:12 553001] Attempting to switch stdout/stderr to 7...
[T 07:47:12 553001] Initializing tracer.
[T 07:47:12 553001] Initializing tags.
[T 07:47:12 553001] ID set to 0000000000087029_0000000000000001 (parent 0000000000087027_0000000000000001)
[E 07:47:12 553001] Mimicry classification suppression detected; exiting.
[E 07:47:12 553001] Extractor exited successfully
[T 07:47:12 552999] Extractor /mnt/c/Tools/codeql/cpp/tools/linux64/extractor terminated with exit code 0.
[E 07:47:12 552850] Processed command line: /mnt/c/Tools/codeql/cpp/tools/linux64/extractor --trapfolder /home/test/my-awesome-project/CISB/server/UBpointer-offset-overflow/db/trap/cpp --src_archive /home/test/my-awesome-project/CISB/server/UBpointer-offset-overflow/db/src --object_filename /tmp/cc4nMytE.s --no_warnings_and_discretionary_errors --error_limit 1000 --disable_system_macros --variadic_macros --incognito --gcc --gnu_version 130300 --target linux_x86_64 '-D__DBL_MIN_EXP__=(-1021)' -D__UINT_LEAST16_MAX__=0xffff -D__FLT16_HAS_QUIET_NAN__=1 -D__ATOMIC_ACQUIRE=2 -D__FLT128_MAX_10_EXP__=4932 -D__FLT_MIN__=1.17549435082228750796873653722224568e-38F -D__GCC_IEC_559_COMPLEX=2 '-D__UINT_LEAST8_TYPE__=unsigned char' -D__SIZEOF_FLOAT80__=16 -D__BFLT16_DENORM_MIN__=9.18354961579912115600575419704879436e-41BF16 '-D__INTMAX_C(c)=c ## L' -D__CHAR_BIT__=8 -D__UINT8_MAX__=0xff -D__SCHAR_WIDTH__=8 -D__WINT_MAX__=0xffffffffU '-D__FLT32_MIN_EXP__=(-125)' -D__BFLT16_NORM_MAX__=3.38953138925153547590470800371487867e+38BF16 '-D__BFLT16_MIN_10_EXP__=(-37)' -D__ORDER_LITTLE_ENDIAN__=1234 -D__WCHAR_MAX__=0x7fffffff -D__GCC_HAVE_SYNC_COMPARE_AND_SWAP_2=1 -D__GCC_HAVE_SYNC_COMPARE_AND_SWAP_4=1 -D__GCC_HAVE_SYNC_COMPARE_AND_SWAP_8=1 -D__GCC_ATOMIC_CHAR_LOCK_FREE=2 -D__GCC_IEC_559=2 -D__FLT32X_DECIMAL_DIG__=17 -D__FLT_EVAL_METHOD__=0 -D__FLT64_DECIMAL_DIG__=17 -D__CET__=3 -D__GCC_ATOMIC_CHAR32_T_LOCK_FREE=2 -D__UINT_FAST64_MAX__=0xffffffffffffffffUL -D__SIG_ATOMIC_TYPE__=int '-D__DBL_MIN_10_EXP__=(-307)' -D__FINITE_MATH_ONLY__=0 -D__FLT32X_MAX_EXP__=1024 -D__GCC_HAVE_SYNC_COMPARE_AND_SWAP_1=1 -D__FLT32_HAS_DENORM__=1 -D__UINT_FAST8_MAX__=0xff -D__FLT32_MAX_10_EXP__=38 -D__DEC64_MAX_EXP__=385 '-D__INT8_C(c)=c' -D__INT_LEAST8_WIDTH__=8 -D__UINT_LEAST64_MAX__=0xffffffffffffffffUL -D__SHRT_MAX__=0x7fff -D__LDBL_MAX__=1.18973149535723176502126385303097021e+4932L -D__FLT64X_MAX_10_EXP__=4932 -D__BFLT16_MAX_10_EXP__=38 -D__BFLT16_MAX_EXP__=128 -D__LDBL_IS_IEC_60559__=1 -D__FLT64X_HAS_QUIET_NAN__=1 -D__UINT_LEAST8_MAX__=0xff -D__GCC_ATOMIC_BOOL_LOCK_FREE=2 -D__FLT128_DENORM_MIN__=6.47517511943802511092443895822764655e-4966F128 '-D__UINTMAX_TYPE__=long unsigned int' -D__BFLT16_DECIMAL_DIG__=4 -D__linux=1 -D__DEC32_EPSILON__=1E-6DF -D__FLT_EVAL_METHOD_TS_18661_3__=0 -D__UINT32_MAX__=0xffffffffU '-D__DBL_DENORM_MIN__=((double)4.94065645841246544176568792868221372e-324L)' '-D__FLT128_MIN_EXP__=(-16381)' -D__WINT_MIN__=0U '-D__FLT128_MIN_10_EXP__=(-4931)' -D__FLT32X_IS_IEC_60559__=1 -D__INT_LEAST16_WIDTH__=16 -D__SCHAR_MAX__=0x7f -D__FLT128_MANT_DIG__=113 '-D__WCHAR_MIN__=(-__WCHAR_MAX__ - 1)' '-D__INT64_C(c)=c ## L' -D__SSP_STRONG__=3 -D__GCC_ATOMIC_POINTER_LOCK_FREE=2 -D__ATOMIC_SEQ_CST=5 -D__unix=1 -D__INT_LEAST64_MAX__=0x7fffffffffffffffL -D__FLT32X_MANT_DIG__=53 -D__FLT64X_EPSILON__=1.08420217248550443400745280086994171e-19F64x '-D__DEC64_MIN_EXP__=(-382)' -D__DBL_DIG__=15 -D__FLT_EPSILON__=1.19209289550781250000000000000000000e-7F -D__SHRT_WIDTH__=16 -D__FLT32_IS_IEC_60559__=1 -D__LDBL_MIN__=3.36210314311209350626267781732175260e-4932L -D__STDC_UTF_16__=1 -D__DBL_IS_IEC_60559__=1 -D__DEC32_MAX__=9.999999E96DF -D__FLT64X_DENORM_MIN__=3.64519953188247460252840593361941982e-4951F64x -D__FLT32X_HAS_INFINITY__=1 -D__unix__=1 -D__INT_WIDTH__=32 -D__STDC_IEC_559__=1 -D__STDC_ISO_10646__=201706L -D__DECIMAL_DIG__=21 -D__STDC_IEC_559_COMPLEX__=1 -D__FLT64_EPSILON__=2.22044604925031308084726333618164062e-16F64 -D__gnu_linux__=1 -D__FLT128_IS_IEC_60559__=1 '-D__FLT64X_MIN_10_EXP__=(-4931)' -D__LDBL_HAS_QUIET_NAN__=1 '-D__FLT16_MIN_EXP__=(-13)' -D__FLT64_MANT_DIG__=53 -D__FLT64X_MANT_DIG__=64 -D__BFLT16_DIG__=2 -D__pie__=2 -D__MMX__=1 -D__FLT_HAS_DENORM__=1 -D__SIZEOF_LONG_DOUBLE__=16 -D__BIGGEST_ALIGNMENT__=16 -D__FLT64_MAX_10_EXP__=308 -D__BFLT16_IS_IEC_60559__=0 -D__FLT16_MAX_10_EXP__=4 '-D__DBL_MAX__=((double)1.79769313486231570814527423731704357e+308L)' -D__INT_FAST32_MAX__=0x7fffffffffffffffL -D__DBL_HAS_INFINITY__=1 -D__INT64_MAX__=0x7fffffffffffffffL -D__SIZEOF_FLOAT__=4 -D__HAVE_SPECULATION_SAFE_VALUE=1 '-D__DEC32_MIN_EXP__=(-94)' -D__INTPTR_WIDTH__=64 -D__UINT_LEAST32_MAX__=0xffffffffU -D__FLT32X_HAS_DENORM__=1 '-D__INT_FAST16_TYPE__=long int' -D__MMX_WITH_SSE__=1 -D__LDBL_HAS_DENORM__=1 -D__SEG_GS=1 -D__BFLT16_EPSILON__=7.81250000000000000000000000000000000e-3BF16 -D__FLT128_HAS_INFINITY__=1 -D__DEC32_MIN__=1E-95DF -D__DBL_MAX_EXP__=1024 -D__WCHAR_WIDTH__=32 -D__FLT32_MAX__=3.40282346638528859811704183484516925e+38F32 -D__DEC128_EPSILON__=1E-33DL -D__FLT16_DECIMAL_DIG__=5 -D__SSE2_MATH__=1 -D__ATOMIC_HLE_RELEASE=131072 -D__PTRDIFF_MAX__=0x7fffffffffffffffL -D__amd64=1 -D__ATOMIC_HLE_ACQUIRE=65536 -D__LONG_LONG_MAX__=0x7fffffffffffffffLL -D__SIZEOF_SIZE_T__=8 -D__BFLT16_HAS_INFINITY__=1 '-D__FLT64X_MIN_EXP__=(-16381)' -D__SIZEOF_WINT_T__=4 -D__LONG_LONG_WIDTH__=64 -D__FLT32_MAX_EXP__=128 -D__GXX_ABI_VERSION=1018 '-D__FLT_MIN_EXP__=(-125)' -D__GCC_HAVE_DWARF2_CFI_ASM=1 -D__INT16_MAX__=0x7fff -D__x86_64=1 '-D__INT_FAST64_TYPE__=long int' -D__BFLT16_MAX__=3.38953138925153547590470800371487867e+38BF16 -D__BFLT16_HAS_DENORM__=1 -D__FLT64_DENORM_MIN__=4.94065645841246544176568792868221372e-324F64 -D__FLT16_DENORM_MIN__=5.96046447753906250000000000000000000e-8F16 -D__FLT128_EPSILON__=1.92592994438723585305597794258492732e-34F128 -D__FLT64X_NORM_MAX__=1.18973149535723176502126385303097021e+4932F64x -D__SIZEOF_POINTER__=8 '-D__SIZE_TYPE__=long unsigned int' -D__LP64__=1 -D__DBL_HAS_QUIET_NAN__=1 -D__FLT32X_EPSILON__=2.22044604925031308084726333618164062e-16F32x -D__LDBL_MAX_EXP__=16384 -D__DECIMAL_BID_FORMAT__=1 '-D__FLT64_MIN_EXP__=(-1021)' '-D__FLT64_MIN_10_EXP__=(-307)' '-D__FLT16_MIN_10_EXP__=(-4)' -D__FLT64X_DECIMAL_DIG__=21 -D__DEC128_MIN__=1E-6143DL -D__REGISTER_PREFIX__= -D__UINT16_MAX__=0xffff -D__DBL_HAS_DENORM__=1 -D__FLT32_MIN__=1.17549435082228750796873653722224568e-38F32 '-D__UINT8_TYPE__=unsigned char' -D__FLT_DIG__=6 -D__NO_INLINE__=1 -D__DEC_EVAL_METHOD__=2 -D__FLT_MANT_DIG__=24 -D__LDBL_DECIMAL_DIG__=21 '-D__UINT64_C(c)=c ## UL' -D_STDC_PREDEF_H=1 -D__INT_LEAST32_MAX__=0x7fffffff -D__GCC_ATOMIC_INT_LOCK_FREE=2 -D__FLT128_MAX_EXP__=16384 -D__FLT32_MANT_DIG__=24 -D__FLOAT_WORD_ORDER__=__ORDER_LITTLE_ENDIAN__ '-D__FLT32X_MIN_EXP__=(-1021)' -D__STDC_IEC_60559_COMPLEX__=201404L -D__BFLT16_MIN__=1.17549435082228750796873653722224568e-38BF16 -D__FLT128_HAS_DENORM__=1 -D__FLT32_DECIMAL_DIG__=9 -D__FLT128_DIG__=33 '-D__INT32_C(c)=c' -D__DEC64_EPSILON__=1E-15DD -D__ORDER_PDP_ENDIAN__=3412 '-D__DEC128_MIN_EXP__=(-6142)' -D__DEC128_MAX__=9.999999999999999999999999999999999E6144DL '-D__INT_FAST32_TYPE__=long int' '-D__UINT_LEAST16_TYPE__=short unsigned int' -D__DEC128_MAX_EXP__=6145 -Dunix=1 -D__UINT64_MAX__=0xffffffffffffffffUL -D__FLT_IS_IEC_60559__=1 '-D__GNUC_WIDE_EXECUTION_CHARSET_NAME="UTF-32LE"' -D__FLT64X_DIG__=18 '-D__INT8_TYPE__=signed char' -D__ELF__=1 -D__GCC_ASM_FLAG_OUTPUTS__=1 '-D__UINT32_TYPE__=unsigned int' -D__BFLT16_HAS_QUIET_NAN__=1 -D__FLT_RADIX__=2 '-D__INT_LEAST16_TYPE__=short int' -D__LDBL_EPSILON__=1.08420217248550443400745280086994171e-19L '-D__UINTMAX_C(c)=c ## UL' -D__FLT16_DIG__=3 -D__SSE_MATH__=1 -D__k8=1 -D__FLT32X_MIN__=2.22507385850720138309023271733240406e-308F32x -D__SIG_ATOMIC_MAX__=0x7fffffff -D__GCC_ATOMIC_WCHAR_T_LOCK_FREE=2 -D__USER_LABEL_PREFIX__= -D__STDC_IEC_60559_BFP__=201404L -D__SIZEOF_PTRDIFF_T__=8 -D__FLT64X_HAS_INFINITY__=1 -D__FLT32_HAS_INFINITY__=1 -D__SIZEOF_LONG__=8 -D__LDBL_DIG__=18 -D__FLT64_IS_IEC_60559__=1 -D__x86_64__=1 -D__FLT16_IS_IEC_60559__=1 -D__FLT16_MAX_EXP__=16 -D__DEC32_SUBNORMAL_MIN__=0.000001E-95DF -D__INT_FAST16_MAX__=0x7fffffffffffffffL -D__GCC_CONSTRUCTIVE_SIZE=64 -D__FLT64_DIG__=15 -D__UINT_FAST32_MAX__=0xffffffffffffffffUL '-D__UINT_LEAST64_TYPE__=long unsigned int' -D__FLT16_EPSILON__=9.76562500000000000000000000000000000e-4F16 -D__FLT_HAS_QUIET_NAN__=1 -D__FLT_MAX_10_EXP__=38 -D__LONG_MAX__=0x7fffffffffffffffL -D__FLT64X_HAS_DENORM__=1 -D__DEC128_SUBNORMAL_MIN__=0.000000000000000000000000000000001E-6143DL -D__FLT_HAS_INFINITY__=1 '-D__GNUC_EXECUTION_CHARSET_NAME="UTF-8"' '-D__UINT_FAST16_TYPE__=long unsigned int' -D__DEC64_MAX__=9.999999999999999E384DD -D__INT_FAST32_WIDTH__=64 -D__PRAGMA_REDEFINE_EXTNAME=1 -D__SIZE_WIDTH__=64 -D__SEG_FS=1 -D__INT_LEAST16_MAX__=0x7fff -D__FLT16_NORM_MAX__=6.55040000000000000000000000000000000e+4F16 -D__DEC64_MANT_DIG__=16 -D__FLT32_DENORM_MIN__=1.40129846432481707092372958328991613e-45F32 -D__SIG_ATOMIC_WIDTH__=32 '-D__INT_LEAST64_TYPE__=long int' '-D__INT16_TYPE__=short int' '-D__INT_LEAST8_TYPE__=signed char' -D__FLT16_MAX__=6.55040000000000000000000000000000000e+4F16 -D__FLT128_MIN__=3.36210314311209350626267781732175260e-4932F128 -D__SIZEOF_INT__=4 -D__DEC32_MAX_EXP__=97 -D__INT_FAST8_MAX__=0x7f -D__FLT128_MAX__=1.18973149535723176508575932662800702e+4932F128 -D__INTPTR_MAX__=0x7fffffffffffffffL -Dlinux=1 -D__FLT64_HAS_QUIET_NAN__=1 '-D__FLT32_MIN_10_EXP__=(-37)' -D__FLT32X_DIG__=15 '-D__UINT16_C(c)=c' -D__PTRDIFF_WIDTH__=64 -D__LDBL_MANT_DIG__=64 -D__INT_FAST16_WIDTH__=64 -D__FLT64_HAS_INFINITY__=1 -D__FLT64X_MAX__=1.18973149535723176502126385303097021e+4932F64x -D__FLT16_HAS_INFINITY__=1 '-D__SIG_ATOMIC_MIN__=(-__SIG_ATOMIC_MAX__ - 1)' -D__code_model_small__=1 -D__GCC_ATOMIC_LONG_LOCK_FREE=2 -D__DEC32_MANT_DIG__=7 -D__FLT16_MANT_DIG__=11 -D__k8__=1 '-D__INTPTR_TYPE__=long int' '-D__UINT16_TYPE__=short unsigned int' -D__WCHAR_TYPE__=int -D__pic__=2 -D__UINTPTR_MAX__=0xffffffffffffffffUL -D__INT_FAST64_WIDTH__=64 -D__LDBL_HAS_INFINITY__=1 -D__INT_FAST64_MAX__=0x7fffffffffffffffL -D__GCC_ATOMIC_TEST_AND_SET_TRUEVAL=1 -D__FLT_NORM_MAX__=3.40282346638528859811704183484516925e+38F -D__FLT64X_MAX_EXP__=16384 '-D__UINT_FAST64_TYPE__=long unsigned int' '-D__BFLT16_MIN_EXP__=(-125)' -D__INT_MAX__=0x7fffffff -D__linux__=1 '-D__INT64_TYPE__=long int' -D__FLT_MAX_EXP__=128 -D__ORDER_BIG_ENDIAN__=4321 -D__DBL_MANT_DIG__=53 -D__SIZEOF_FLOAT128__=16 -D__BFLT16_MANT_DIG__=8 -D__GCC_ATOMIC_CHAR16_T_LOCK_FREE=2 -D__DEC64_MIN__=1E-383DD '-D__WINT_TYPE__=unsigned int' '-D__UINT_LEAST32_TYPE__=unsigned int' -D__SIZEOF_SHORT__=2 -D__FLT32_NORM_MAX__=3.40282346638528859811704183484516925e+38F32 -D__SSE__=1 '-D__LDBL_MIN_EXP__=(-16381)' -D__FLT64_MAX__=1.79769313486231570814527423731704357e+308F64 -D__amd64__=1 -D__WINT_WIDTH__=32 -D__INT_LEAST8_MAX__=0x7f -D__INT_LEAST64_WIDTH__=64 -D__FLT32X_MAX_10_EXP__=308 -D__SIZEOF_INT128__=16 -D__FLT16_MIN__=6.10351562500000000000000000000000000e-5F16 -D__FLT64X_IS_IEC_60559__=1 -D__LDBL_MAX_10_EXP__=4932 -D__ATOMIC_RELAXED=0 '-D__DBL_EPSILON__=((double)2.22044604925031308084726333618164062e-16L)' -D__INT_LEAST32_TYPE__=int -D_LP64=1 '-D__UINT8_C(c)=c' -D__FLT64_MAX_EXP__=1024 -D__SIZEOF_WCHAR_T__=4 '-D__UINT64_TYPE__=long unsigned int' -D__FLT128_NORM_MAX__=1.18973149535723176508575932662800702e+4932F128 -D__FLT64_NORM_MAX__=1.79769313486231570814527423731704357e+308F64 -D__FLT128_HAS_QUIET_NAN__=1 -D__INTMAX_MAX__=0x7fffffffffffffffL '-D__INT_FAST8_TYPE__=signed char' -D__FLT64X_MIN__=3.36210314311209350626267781732175260e-4932F64x -D__FLT64_HAS_DENORM__=1 -D__FLT32_EPSILON__=1.19209289550781250000000000000000000e-7F32 -D__FLT16_HAS_DENORM__=1 -D__DBL_DECIMAL_DIG__=17 -D__STDC_UTF_32__=1 -D__INT_FAST8_WIDTH__=8 -D__FXSR__=1 -D__FLT32X_MAX__=1.79769313486231570814527423731704357e+308F32x '-D__DBL_NORM_MAX__=((double)1.79769313486231570814527423731704357e+308L)' -D__BYTE_ORDER__=__ORDER_LITTLE_ENDIAN__ -D__GCC_DESTRUCTIVE_SIZE=64 -D__INTMAX_WIDTH__=64 -D__FLT32_DIG__=6 '-D__UINT32_C(c)=c ## U' -D__FLT_DENORM_MIN__=1.40129846432481707092372958328991613e-45F -D__INT8_MAX__=0x7f -D__LONG_WIDTH__=64 '-D__DBL_MIN__=((double)2.22507385850720138309023271733240406e-308L)' -D__PIC__=2 -D__INT32_MAX__=0x7fffffff '-D__UINT_FAST32_TYPE__=long unsigned int' -D__FLT32X_NORM_MAX__=1.79769313486231570814527423731704357e+308F32x -D__FLT_MAX__=3.40282346638528859811704183484516925e+38F -D__SSE2__=1 -D__INT32_TYPE__=int -D__SIZEOF_DOUBLE__=8 '-D__FLT_MIN_10_EXP__=(-37)' -D__FLT64_MIN__=2.22507385850720138309023271733240406e-308F64 -D__INT_LEAST32_WIDTH__=32 '-D__INTMAX_TYPE__=long int' -D__FLT32X_HAS_QUIET_NAN__=1 -D__ATOMIC_CONSUME=1 -D__UINTMAX_MAX__=0xffffffffffffffffUL -D__PIE__=2 -D__FLT32X_DENORM_MIN__=4.94065645841246544176568792868221372e-324F32x -D__DBL_MAX_10_EXP__=308 -D__LDBL_DENORM_MIN__=3.64519953188247460252840593361941982e-4951L '-D__INT16_C(c)=c' '-D__PTRDIFF_TYPE__=long int' '-D__FLT32X_MIN_10_EXP__=(-307)' '-D__UINTPTR_TYPE__=long unsigned int' -D__DEC64_SUBNORMAL_MIN__=0.000000000000001E-383DD -D__DEC128_MANT_DIG__=34 '-D__LDBL_MIN_10_EXP__=(-4931)' -D__SIZEOF_LONG_LONG__=8 -D__FLT128_DECIMAL_DIG__=36 -D__GCC_ATOMIC_LLONG_LOCK_FREE=2 -D__FLT32_HAS_QUIET_NAN__=1 -D__FLT_DECIMAL_DIG__=9 -D__UINT_FAST16_MAX__=0xffffffffffffffffUL -D__LDBL_NORM_MAX__=1.18973149535723176502126385303097021e+4932L -D__GCC_ATOMIC_SHORT_LOCK_FREE=2 -D__SIZE_MAX__=0xffffffffffffffffUL '-D__UINT_FAST8_TYPE__=unsigned char' -D__ATOMIC_ACQ_REL=4 -D__ATOMIC_RELEASE=3 -I/usr/lib/gcc/x86_64-linux-gnu/13/include -I/usr/local/include -I/usr/include/x86_64-linux-gnu -I/usr/include -- test1.c
[E 07:47:12 552850] CODEQL_EXTRACTOR_CPP_TRAP_CACHING is not set
[E 07:47:12 552850] CODEQL_EXTRACTOR_CPP_OPTION_TRAP_CACHE_WRITE is not set
[E 07:47:12 552850] CODEQL_EXTRACTOR_CPP_OPTION_TRAP_CACHE_DIR is not set
[E 07:47:12 552850] Initialising TRAP cache at path: 7c/94ed/ed6a6722a857d655f96e66d23166
[E 07:47:12 552850] Not using TRAP cache
[E 07:47:12 552850] TRAP cache miss
[E 07:47:12 552850] Starting compilation TRAP /home/test/my-awesome-project/CISB/server/UBpointer-offset-overflow/db/trap/cpp/compilations/26/10798543_0.trap.zst
[E 07:47:12 552850] Archiving /home/test/my-awesome-project/CISB/server/UBpointer-offset-overflow/db/src/home/test/my-awesome-project/CISB/server/UBpointer-offset-overflow/test1.c
[E 07:47:12 552850] Archiving /home/test/my-awesome-project/CISB/server/UBpointer-offset-overflow/db/src/usr/include/stdio.h
[E 07:47:12 552850] Archiving /home/test/my-awesome-project/CISB/server/UBpointer-offset-overflow/db/src/usr/include/x86_64-linux-gnu/bits/libc-header-start.h
[E 07:47:12 552850] Archiving /home/test/my-awesome-project/CISB/server/UBpointer-offset-overflow/db/src/usr/include/features.h
[E 07:47:12 552850] Archiving /home/test/my-awesome-project/CISB/server/UBpointer-offset-overflow/db/src/usr/include/features-time64.h
[E 07:47:12 552850] Archiving /home/test/my-awesome-project/CISB/server/UBpointer-offset-overflow/db/src/usr/include/x86_64-linux-gnu/bits/wordsize.h
[E 07:47:12 552850] Archiving /home/test/my-awesome-project/CISB/server/UBpointer-offset-overflow/db/src/usr/include/x86_64-linux-gnu/bits/timesize.h
[E 07:47:12 552850] Already archived /home/test/my-awesome-project/CISB/server/UBpointer-offset-overflow/db/src/usr/include/x86_64-linux-gnu/bits/wordsize.h
[E 07:47:12 552850] Archiving /home/test/my-awesome-project/CISB/server/UBpointer-offset-overflow/db/src/usr/include/stdc-predef.h
[E 07:47:12 552850] Archiving /home/test/my-awesome-project/CISB/server/UBpointer-offset-overflow/db/src/usr/include/x86_64-linux-gnu/sys/cdefs.h
[E 07:47:12 552850] Already archived /home/test/my-awesome-project/CISB/server/UBpointer-offset-overflow/db/src/usr/include/x86_64-linux-gnu/bits/wordsize.h
[E 07:47:12 552850] Archiving /home/test/my-awesome-project/CISB/server/UBpointer-offset-overflow/db/src/usr/include/x86_64-linux-gnu/bits/long-double.h
[E 07:47:12 552850] Archiving /home/test/my-awesome-project/CISB/server/UBpointer-offset-overflow/db/src/usr/include/x86_64-linux-gnu/gnu/stubs.h
[E 07:47:12 552850] Archiving /home/test/my-awesome-project/CISB/server/UBpointer-offset-overflow/db/src/usr/include/x86_64-linux-gnu/gnu/stubs-64.h
[E 07:47:12 552850] Archiving /home/test/my-awesome-project/CISB/server/UBpointer-offset-overflow/db/src/usr/lib/gcc/x86_64-linux-gnu/13/include/stddef.h
[E 07:47:12 552850] Archiving /home/test/my-awesome-project/CISB/server/UBpointer-offset-overflow/db/src/usr/lib/gcc/x86_64-linux-gnu/13/include/stdarg.h
[E 07:47:12 552850] Archiving /home/test/my-awesome-project/CISB/server/UBpointer-offset-overflow/db/src/usr/include/x86_64-linux-gnu/bits/types.h
[E 07:47:12 552850] Already archived /home/test/my-awesome-project/CISB/server/UBpointer-offset-overflow/db/src/usr/include/x86_64-linux-gnu/bits/wordsize.h
[E 07:47:12 552850] Already archived /home/test/my-awesome-project/CISB/server/UBpointer-offset-overflow/db/src/usr/include/x86_64-linux-gnu/bits/timesize.h
[E 07:47:12 552850] Already archived /home/test/my-awesome-project/CISB/server/UBpointer-offset-overflow/db/src/usr/include/x86_64-linux-gnu/bits/wordsize.h
[E 07:47:12 552850] Archiving /home/test/my-awesome-project/CISB/server/UBpointer-offset-overflow/db/src/usr/include/x86_64-linux-gnu/bits/typesizes.h
[E 07:47:12 552850] Archiving /home/test/my-awesome-project/CISB/server/UBpointer-offset-overflow/db/src/usr/include/x86_64-linux-gnu/bits/time64.h
[E 07:47:12 552850] Archiving /home/test/my-awesome-project/CISB/server/UBpointer-offset-overflow/db/src/usr/include/x86_64-linux-gnu/bits/types/__fpos_t.h
[E 07:47:12 552850] Archiving /home/test/my-awesome-project/CISB/server/UBpointer-offset-overflow/db/src/usr/include/x86_64-linux-gnu/bits/types/__mbstate_t.h
[E 07:47:12 552850] Archiving /home/test/my-awesome-project/CISB/server/UBpointer-offset-overflow/db/src/usr/include/x86_64-linux-gnu/bits/types/__fpos64_t.h
[E 07:47:12 552850] Archiving /home/test/my-awesome-project/CISB/server/UBpointer-offset-overflow/db/src/usr/include/x86_64-linux-gnu/bits/types/__FILE.h
[E 07:47:12 552850] Archiving /home/test/my-awesome-project/CISB/server/UBpointer-offset-overflow/db/src/usr/include/x86_64-linux-gnu/bits/types/FILE.h
[E 07:47:12 552850] Archiving /home/test/my-awesome-project/CISB/server/UBpointer-offset-overflow/db/src/usr/include/x86_64-linux-gnu/bits/types/struct_FILE.h
[E 07:47:12 552850] Archiving /home/test/my-awesome-project/CISB/server/UBpointer-offset-overflow/db/src/usr/include/x86_64-linux-gnu/bits/types/cookie_io_functions_t.h
[E 07:47:12 552850] Archiving /home/test/my-awesome-project/CISB/server/UBpointer-offset-overflow/db/src/usr/include/x86_64-linux-gnu/bits/stdio_lim.h
[E 07:47:12 552850] Archiving /home/test/my-awesome-project/CISB/server/UBpointer-offset-overflow/db/src/usr/include/x86_64-linux-gnu/bits/floatn.h
[E 07:47:12 552850] Archiving /home/test/my-awesome-project/CISB/server/UBpointer-offset-overflow/db/src/usr/include/x86_64-linux-gnu/bits/floatn-common.h
[E 07:47:12 552850] Already archived /home/test/my-awesome-project/CISB/server/UBpointer-offset-overflow/db/src/usr/include/x86_64-linux-gnu/bits/long-double.h
[E 07:47:12 552850] Creating trap tarball /home/test/my-awesome-project/CISB/server/UBpointer-offset-overflow/db/trap/cpp/tarballs/home/test/my-awesome-project/CISB/server/UBpointer-offset-overflow/test1.c.ccd1b0da_0.trap.tar.zst
[E 07:47:12 552850] Emitting trap files for test1.c
[E 07:47:12 552850] Opening existencedb in /home/test/my-awesome-project/CISB/server/UBpointer-offset-overflow/db/working/existencedb/db
[E 07:47:12 552850] Wrote 28 files to /home/test/my-awesome-project/CISB/server/UBpointer-offset-overflow/db/trap/cpp/tarballs/home/test/my-awesome-project/CISB/server/UBpointer-offset-overflow/test1.c.ccd1b0da_0.trap.tar.zst
[E 07:47:12 552850] Finished compilation TRAP /home/test/my-awesome-project/CISB/server/UBpointer-offset-overflow/db/trap/cpp/compilations/26/10798543_0.trap.zst
[E 07:47:12 552850] Marking C compilation as happened.
[E 07:47:12 552850] Setting tag c-compilation-happened
[E 07:47:12 552850] Starting from CODEQL_TRACER_DB_ID 0000000000086F90_0000000000000001
[E 07:47:12 552850] Locking DB /home/test/my-awesome-project/CISB/server/UBpointer-offset-overflow/db/working/tags.db
[E 07:47:12 552850] Locked DB /home/test/my-awesome-project/CISB/server/UBpointer-offset-overflow/db/working/tags.db
[E 07:47:12 552850] Set tag for 0000000000086F90_0000000000000001
[E 07:47:12 552850] Set tag for 0000000000086F8E_0000000000000001
[E 07:47:12 552850] Set tag for 0000000000086F8A_0000000000000003
[E 07:47:12 552850] Set tag for 0000000000086F8A_0000000000000002
[E 07:47:12 552850] Set tag for root
[E 07:47:12 552850] Unlocking DB
[E 07:47:12 552850] Unlocked DB
[E 07:47:12 552850] Extractor exited successfully
[T 07:47:12 552848] Extractor /mnt/c/Tools/codeql/cpp/tools/linux64/extractor terminated with exit code 0.
[T 07:47:12 553002] Initializing tracer.
[T 07:47:12 553002] Initializing tags.
[T 07:47:12 553002] ID set to 000000000008702A_0000000000000001 (parent 0000000000086F8E_0000000000000001)
[T 07:47:12 553002] ==== Candidate to intercept: as (canonical: /usr/bin/as) ====
[T 07:47:12 553002] Lua: === Intercepted call to /usr/bin/as ===
[T 07:47:12 553002] Executing the following tracer actions:
[T 07:47:12 553002] Tracer actions:
[T 07:47:12 553002] pre_invocations(0)
[T 07:47:12 553002] post_invocations(1)
[T 07:47:12 553002] invocation: /mnt/c/Tools/codeql/cpp/tools/linux64/extractor, args: [--assembler, --codeql-assembler-executable, /usr/bin/as, --64, -o, test1.o, /tmp/cc4nMytE.s]
[T 07:47:12 553002] trace_languages(1): [cpp]
[T 07:47:12 553018] Attempting to switch stdout/stderr to 4...
[T 07:47:12 553018] Initializing tracer.
[T 07:47:12 553018] Initializing tags.
[T 07:47:12 553018] ID set to 000000000008703A_0000000000000001 (parent 000000000008702A_0000000000000001)
[E 07:47:12 553018] CodeQL C/C++ Extractor 2.25.1
[E 07:47:12 553018] Current directory: /home/test/my-awesome-project/CISB/server/UBpointer-offset-overflow
[E 07:47:12 553018] Command: /mnt/c/Tools/codeql/cpp/tools/linux64/extractor --assembler --codeql-assembler-executable /usr/bin/as --64 -o test1.o /tmp/cc4nMytE.s
[E 07:47:12 553018] Extractor exited after mimicking assembler
[T 07:47:12 553002] Extractor /mnt/c/Tools/codeql/cpp/tools/linux64/extractor terminated with exit code 0.
[T 07:47:12 553061] Attempting to switch stdout/stderr to 4...
[T 07:47:13 553061] Initializing tracer.
[T 07:47:13 553061] Initializing tags.
[T 07:47:13 553061] ID set to 0000000000087065_0000000000000001 (parent 0000000000086F8E_0000000000000001)
[E 07:47:13 553061] CodeQL C/C++ Extractor 2.25.1
[E 07:47:13 553061] Current directory: /home/test/my-awesome-project/CISB/server/UBpointer-offset-overflow
[E 07:47:13 553061] Command: /mnt/c/Tools/codeql/cpp/tools/linux64/extractor --mimic /usr/bin/x86_64-linux-gnu-gcc-13 -c -o test1.o test1.c
[T 07:47:13 553092] Initializing tracer.
[T 07:47:13 553092] Initializing tags.
[T 07:47:13 553092] ID set to 0000000000087084_0000000000000001 (parent 0000000000087065_0000000000000001)
[T 07:47:13 553092] ==== Candidate to intercept: /usr/bin/x86_64-linux-gnu-gcc-13 (canonical: /usr/bin/x86_64-linux-gnu-gcc-13) ====
[T 07:47:13 553092] Lua: === Intercepted call to /usr/bin/x86_64-linux-gnu-gcc-13 ===
[T 07:47:13 553092] Executing the following tracer actions:
[T 07:47:13 553092] Tracer actions:
[T 07:47:13 553092] pre_invocations(0)
[T 07:47:13 553092] post_invocations(1)
[T 07:47:13 553092] invocation: /mnt/c/Tools/codeql/cpp/tools/linux64/extractor, args: [--mimic, /usr/bin/x86_64-linux-gnu-gcc-13, --version]
[T 07:47:13 553092] trace_languages(1): [cpp]
[T 07:47:13 553107] Attempting to switch stdout/stderr to 7...
[T 07:47:13 553107] Initializing tracer.
[T 07:47:13 553107] Initializing tags.
[T 07:47:13 553107] ID set to 0000000000087093_0000000000000001 (parent 0000000000087084_0000000000000001)
[E 07:47:13 553107] Mimicry classification suppression detected; exiting.
[E 07:47:13 553107] Extractor exited successfully
[T 07:47:13 553092] Extractor /mnt/c/Tools/codeql/cpp/tools/linux64/extractor terminated with exit code 0.
[T 07:47:13 553121] Initializing tracer.
[T 07:47:13 553121] Initializing tags.
[T 07:47:13 553121] ID set to 00000000000870A1_0000000000000001 (parent 0000000000087065_0000000000000001)
[T 07:47:13 553121] ==== Candidate to intercept: /usr/bin/x86_64-linux-gnu-gcc-13 (canonical: /usr/bin/x86_64-linux-gnu-gcc-13) ====
[T 07:47:13 553121] Lua: === Intercepted call to /usr/bin/x86_64-linux-gnu-gcc-13 ===
[T 07:47:13 553121] Executing the following tracer actions:
[T 07:47:13 553121] Tracer actions:
[T 07:47:13 553121] pre_invocations(0)
[T 07:47:13 553121] post_invocations(1)
[T 07:47:13 553121] invocation: /mnt/c/Tools/codeql/cpp/tools/linux64/extractor, args: [--mimic, /usr/bin/x86_64-linux-gnu-gcc-13, --help]
[T 07:47:13 553121] trace_languages(1): [cpp]
[T 07:47:13 553124] Attempting to switch stdout/stderr to 7...
[T 07:47:13 553124] Initializing tracer.
[T 07:47:13 553124] Initializing tags.
[T 07:47:13 553124] ID set to 00000000000870A4_0000000000000001 (parent 00000000000870A1_0000000000000001)
[E 07:47:13 553124] Mimicry classification suppression detected; exiting.
[E 07:47:13 553124] Extractor exited successfully
[T 07:47:13 553121] Extractor /mnt/c/Tools/codeql/cpp/tools/linux64/extractor terminated with exit code 0.
[T 07:47:13 553138] Initializing tracer.
[T 07:47:13 553138] Initializing tags.
[T 07:47:13 553138] ID set to 00000000000870B2_0000000000000001 (parent 0000000000087065_0000000000000001)
[T 07:47:13 553138] ==== Candidate to intercept: /usr/bin/x86_64-linux-gnu-gcc-13 (canonical: /usr/bin/x86_64-linux-gnu-gcc-13) ====
[T 07:47:13 553138] Lua: === Intercepted call to /usr/bin/x86_64-linux-gnu-gcc-13 ===
[T 07:47:13 553138] Executing the following tracer actions:
[T 07:47:13 553138] Tracer actions:
[T 07:47:13 553138] pre_invocations(0)
[T 07:47:13 553138] post_invocations(1)
[T 07:47:13 553138] invocation: /mnt/c/Tools/codeql/cpp/tools/linux64/extractor, args: [--mimic, /usr/bin/x86_64-linux-gnu-gcc-13, -nostdinc, -o, /home/test/my-awesome-project/CISB/server/UBpointer-offset-overflow/db/working/tmp//semmle_2_553061_98886.o, -c, /home/test/my-awesome-project/CISB/server/UBpointer-offset-overflow/db/working/tmp//semmle_1_553061_98773.c]
[T 07:47:13 553138] trace_languages(1): [cpp]
[T 07:47:13 553154] Initializing tracer.
[T 07:47:13 553154] Initializing tags.
[T 07:47:13 553154] ID set to 00000000000870C2_0000000000000001 (parent 00000000000870B2_0000000000000001)
[T 07:47:13 553154] ==== Candidate to intercept: /usr/libexec/gcc/x86_64-linux-gnu/13/cc1 (canonical: /usr/libexec/gcc/x86_64-linux-gnu/13/cc1) ====
[T 07:47:13 553154] Lua: === Intercepted call to /usr/libexec/gcc/x86_64-linux-gnu/13/cc1 ===
[T 07:47:13 553154] Executing the following tracer actions:
[T 07:47:13 553154] Tracer actions:
[T 07:47:13 553154] pre_invocations(0)
[T 07:47:13 553154] post_invocations(1)
[T 07:47:13 553154] invocation: /mnt/c/Tools/codeql/cpp/tools/linux64/extractor, args: [--mimic, /usr/libexec/gcc/x86_64-linux-gnu/13/cc1, -quiet, -nostdinc, -imultiarch, x86_64-linux-gnu, /home/test/my-awesome-project/CISB/server/UBpointer-offset-overflow/db/working/tmp//semmle_1_553061_98773.c, -quiet, -dumpdir, /home/test/my-awesome-project/CISB/server/UBpointer-offset-overflow/db/working/tmp//, -dumpbase, semmle_2_553061_98886.c, -dumpbase-ext, .c, -mtune=generic, -march=x86-64, -fasynchronous-unwind-tables, -fstack-protector-strong, -Wformat, -Wformat-security, -fstack-clash-protection, -fcf-protection, -o, /tmp/ccryTQZp.s]
[T 07:47:13 553154] trace_languages(1): [cpp]
[T 07:47:13 553170] Attempting to switch stdout/stderr to 7...
[T 07:47:13 553170] Initializing tracer.
[T 07:47:13 553170] Initializing tags.
[T 07:47:13 553170] ID set to 00000000000870D2_0000000000000001 (parent 00000000000870C2_0000000000000001)
[E 07:47:13 553170] Mimicry classification suppression detected; exiting.
[E 07:47:13 553170] Extractor exited successfully
[T 07:47:13 553154] Extractor /mnt/c/Tools/codeql/cpp/tools/linux64/extractor terminated with exit code 0.
[T 07:47:13 553172] Initializing tracer.
[T 07:47:13 553172] Initializing tags.
[T 07:47:13 553172] ID set to 00000000000870D4_0000000000000001 (parent 00000000000870B2_0000000000000001)
[T 07:47:13 553172] ==== Candidate to intercept: as (canonical: /usr/bin/as) ====
[T 07:47:13 553172] Lua: === Intercepted call to /usr/bin/as ===
[T 07:47:13 553172] Executing the following tracer actions:
[T 07:47:13 553172] Tracer actions:
[T 07:47:13 553172] pre_invocations(0)
[T 07:47:13 553172] post_invocations(1)
[T 07:47:13 553172] invocation: /mnt/c/Tools/codeql/cpp/tools/linux64/extractor, args: [--assembler, --codeql-assembler-executable, /usr/bin/as, --64, -o, /home/test/my-awesome-project/CISB/server/UBpointer-offset-overflow/db/working/tmp//semmle_2_553061_98886.o, /tmp/ccryTQZp.s]
[T 07:47:13 553172] trace_languages(1): [cpp]
[T 07:47:13 553187] Attempting to switch stdout/stderr to 7...
[T 07:47:13 553187] Initializing tracer.
[T 07:47:13 553187] Initializing tags.
[T 07:47:13 553187] ID set to 00000000000870E3_0000000000000001 (parent 00000000000870D4_0000000000000001)
[E 07:47:13 553187] Mimicry classification suppression detected; exiting.
[E 07:47:13 553187] Extractor exited successfully
[T 07:47:13 553172] Extractor /mnt/c/Tools/codeql/cpp/tools/linux64/extractor terminated with exit code 0.
[T 07:47:13 553202] Attempting to switch stdout/stderr to 7...
[T 07:47:13 553202] Initializing tracer.
[T 07:47:13 553202] Initializing tags.
[T 07:47:13 553202] ID set to 00000000000870F2_0000000000000001 (parent 00000000000870B2_0000000000000001)
[E 07:47:13 553202] Mimicry classification suppression detected; exiting.
[E 07:47:13 553202] Extractor exited successfully
[T 07:47:13 553138] Extractor /mnt/c/Tools/codeql/cpp/tools/linux64/extractor terminated with exit code 0.
[T 07:47:13 553217] Initializing tracer.
[T 07:47:13 553217] Initializing tags.
[T 07:47:13 553217] ID set to 0000000000087101_0000000000000001 (parent 0000000000087065_0000000000000001)
[T 07:47:13 553217] ==== Candidate to intercept: /usr/bin/x86_64-linux-gnu-gcc-13 (canonical: /usr/bin/x86_64-linux-gnu-gcc-13) ====
[T 07:47:13 553217] Lua: === Intercepted call to /usr/bin/x86_64-linux-gnu-gcc-13 ===
[T 07:47:13 553217] Executing the following tracer actions:
[T 07:47:13 553217] Tracer actions:
[T 07:47:13 553217] pre_invocations(0)
[T 07:47:13 553217] post_invocations(1)
[T 07:47:13 553217] invocation: /mnt/c/Tools/codeql/cpp/tools/linux64/extractor, args: [--mimic, /usr/bin/x86_64-linux-gnu-gcc-13, -nostdinc, -o, /home/test/my-awesome-project/CISB/server/UBpointer-offset-overflow/db/working/tmp//semmle_4_553061_174872.o, -c, /home/test/my-awesome-project/CISB/server/UBpointer-offset-overflow/db/working/tmp//semmle_3_553061_174786.c]
[T 07:47:13 553217] trace_languages(1): [cpp]
[T 07:47:13 553220] Initializing tracer.
[T 07:47:13 553220] Initializing tags.
[T 07:47:13 553220] ID set to 0000000000087104_0000000000000001 (parent 0000000000087101_0000000000000001)
[T 07:47:13 553220] ==== Candidate to intercept: /usr/libexec/gcc/x86_64-linux-gnu/13/cc1 (canonical: /usr/libexec/gcc/x86_64-linux-gnu/13/cc1) ====
[T 07:47:13 553220] Lua: === Intercepted call to /usr/libexec/gcc/x86_64-linux-gnu/13/cc1 ===
[T 07:47:13 553220] Executing the following tracer actions:
[T 07:47:13 553220] Tracer actions:
[T 07:47:13 553220] pre_invocations(0)
[T 07:47:13 553220] post_invocations(1)
[T 07:47:13 553220] invocation: /mnt/c/Tools/codeql/cpp/tools/linux64/extractor, args: [--mimic, /usr/libexec/gcc/x86_64-linux-gnu/13/cc1, -quiet, -nostdinc, -imultiarch, x86_64-linux-gnu, /home/test/my-awesome-project/CISB/server/UBpointer-offset-overflow/db/working/tmp//semmle_3_553061_174786.c, -quiet, -dumpdir, /home/test/my-awesome-project/CISB/server/UBpointer-offset-overflow/db/working/tmp//, -dumpbase, semmle_4_553061_174872.c, -dumpbase-ext, .c, -mtune=generic, -march=x86-64, -fasynchronous-unwind-tables, -fstack-protector-strong, -Wformat, -Wformat-security, -fstack-clash-protection, -fcf-protection, -o, /tmp/ccgkaeQV.s]
[T 07:47:13 553220] trace_languages(1): [cpp]
[T 07:47:13 553235] Attempting to switch stdout/stderr to 7...
[T 07:47:13 553235] Initializing tracer.
[T 07:47:13 553235] Initializing tags.
[T 07:47:13 553235] ID set to 0000000000087113_0000000000000001 (parent 0000000000087104_0000000000000001)
[E 07:47:13 553235] Mimicry classification suppression detected; exiting.
[E 07:47:13 553235] Extractor exited successfully
[T 07:47:13 553220] Extractor /mnt/c/Tools/codeql/cpp/tools/linux64/extractor terminated with exit code 0.
[T 07:47:13 553250] Attempting to switch stdout/stderr to 7...
[T 07:47:13 553250] Initializing tracer.
[T 07:47:13 553250] Initializing tags.
[T 07:47:13 553250] ID set to 0000000000087122_0000000000000001 (parent 0000000000087101_0000000000000001)
[E 07:47:13 553250] Mimicry classification suppression detected; exiting.
[E 07:47:13 553250] Extractor exited successfully
[T 07:47:13 553217] Extractor /mnt/c/Tools/codeql/cpp/tools/linux64/extractor terminated with exit code 0.
[E 07:47:13 553061] Checking whether C compilation already happened.
[E 07:47:13 553061] Checking for tag c-compilation-happened
[E 07:47:13 553061] Checking CODEQL_TRACER_DB_ID 0000000000086F8E_0000000000000001
[E 07:47:13 553061] Locking DB /home/test/my-awesome-project/CISB/server/UBpointer-offset-overflow/db/working/tags.db
[E 07:47:13 553061] Locked DB /home/test/my-awesome-project/CISB/server/UBpointer-offset-overflow/db/working/tags.db
[E 07:47:13 553061] Unlocking DB
[E 07:47:13 553061] Unlocked DB
[E 07:47:13 553061] Exiting as C compilation already happened.
[T 07:47:13 552846] Extractor /mnt/c/Tools/codeql/cpp/tools/linux64/extractor terminated with exit code 0.
