[T 02:27:11 9967] CodeQL CLI version 2.25.1
[T 02:27:11 9967] Initializing tracer.
[T 02:27:11 9967] Initializing tags.
[T 02:27:11 9967] ID set to 00000000000026EF_0000000000000001 (parent root)
[T 02:27:11 9967] Initializing tracer.
[T 02:27:11 9967] Initializing tags.
[T 02:27:11 9967] ID set to 00000000000026EF_0000000000000002 (parent root)
[T 02:27:11 9967] Warning: SEMMLE_EXEC and SEMMLE_EXECP not set. Falling back to path lookup on argv[0].
[T 02:27:11 9967] ==== Candidate to intercept: /mnt/c/Tools/codeql/tools/linux64/runner-linux (canonical: /mnt/c/Tools/codeql/tools/linux64/runner-linux) ====
[T 02:27:11 9967] Executing the following tracer actions:
[T 02:27:11 9967] Tracer actions:
[T 02:27:11 9967] pre_invocations(0)
[T 02:27:11 9967] post_invocations(0)
[T 02:27:11 9967] trace_languages(1): [cpp]
[T 02:27:11 9967] Initializing tracer.
[T 02:27:11 9967] Initializing tags.
[T 02:27:11 9967] ID set to 00000000000026EF_0000000000000003 (parent 00000000000026EF_0000000000000002)
[T 02:27:11 9967] ==== Candidate to intercept: make (canonical: /usr/bin/make) ====
[T 02:27:11 9967] Executing the following tracer actions:
[T 02:27:11 9967] Tracer actions:
[T 02:27:11 9967] pre_invocations(0)
[T 02:27:11 9967] post_invocations(0)
[T 02:27:11 9967] trace_languages(1): [cpp]
[T 02:27:11 9970] Initializing tracer.
[T 02:27:11 9970] Initializing tags.
[T 02:27:11 9970] ID set to 00000000000026F2_0000000000000001 (parent 00000000000026EF_0000000000000003)
[T 02:27:11 9970] ==== Candidate to intercept: /usr/bin/gcc (canonical: /usr/bin/x86_64-linux-gnu-gcc-13) ====
[T 02:27:11 9970] Lua: === Intercepted call to /usr/bin/x86_64-linux-gnu-gcc-13 ===
[T 02:27:11 9970] Executing the following tracer actions:
[T 02:27:11 9970] Tracer actions:
[T 02:27:11 9970] pre_invocations(0)
[T 02:27:11 9970] post_invocations(1)
[T 02:27:11 9970] invocation: /mnt/c/Tools/codeql/cpp/tools/linux64/extractor, args: [--mimic, /usr/bin/x86_64-linux-gnu-gcc-13, -c, -o, test1.o, test1.c]
[T 02:27:11 9970] trace_languages(1): [cpp]
[T 02:27:11 9972] Initializing tracer.
[T 02:27:11 9972] Initializing tags.
[T 02:27:11 9972] ID set to 00000000000026F4_0000000000000001 (parent 00000000000026F2_0000000000000001)
[T 02:27:11 9972] ==== Candidate to intercept: /usr/libexec/gcc/x86_64-linux-gnu/13/cc1 (canonical: /usr/libexec/gcc/x86_64-linux-gnu/13/cc1) ====
[T 02:27:11 9972] Lua: === Intercepted call to /usr/libexec/gcc/x86_64-linux-gnu/13/cc1 ===
[T 02:27:11 9972] Executing the following tracer actions:
[T 02:27:11 9972] Tracer actions:
[T 02:27:11 9972] pre_invocations(0)
[T 02:27:11 9972] post_invocations(1)
[T 02:27:11 9972] invocation: /mnt/c/Tools/codeql/cpp/tools/linux64/extractor, args: [--mimic, /usr/libexec/gcc/x86_64-linux-gnu/13/cc1, -quiet, -imultiarch, x86_64-linux-gnu, test1.c, -quiet, -dumpbase, test1.c, -dumpbase-ext, .c, -mtune=generic, -march=x86-64, -fasynchronous-unwind-tables, -fstack-protector-strong, -Wformat, -Wformat-security, -fstack-clash-protection, -fcf-protection, -o, /tmp/ccbkZap7.s]
[T 02:27:11 9972] trace_languages(1): [cpp]
[T 02:27:11 9974] Attempting to switch stdout/stderr to 4...
[T 02:27:11 9974] Initializing tracer.
[T 02:27:11 9974] Initializing tags.
[T 02:27:11 9974] ID set to 00000000000026F6_0000000000000001 (parent 00000000000026F4_0000000000000001)
[E 02:27:11 9974] CodeQL C/C++ Extractor 2.25.1
[E 02:27:11 9974] Current directory: /home/test/my-awesome-project/CISB/server/UBunalignedaccess
[E 02:27:11 9974] Command: /mnt/c/Tools/codeql/cpp/tools/linux64/extractor --mimic /usr/libexec/gcc/x86_64-linux-gnu/13/cc1 -quiet -imultiarch x86_64-linux-gnu test1.c -quiet -dumpbase test1.c -dumpbase-ext .c -mtune=generic -march=x86-64 -fasynchronous-unwind-tables -fstack-protector-strong -Wformat -Wformat-security -fstack-clash-protection -fcf-protection -o /tmp/ccbkZap7.s
[T 02:27:11 9975] Initializing tracer.
[T 02:27:11 9975] Initializing tags.
[T 02:27:11 9975] ID set to 00000000000026F7_0000000000000001 (parent 00000000000026F6_0000000000000001)
[T 02:27:11 9975] ==== Candidate to intercept: /usr/libexec/gcc/x86_64-linux-gnu/13/cc1 (canonical: /usr/libexec/gcc/x86_64-linux-gnu/13/cc1) ====
[T 02:27:11 9975] Lua: === Intercepted call to /usr/libexec/gcc/x86_64-linux-gnu/13/cc1 ===
[T 02:27:11 9975] Executing the following tracer actions:
[T 02:27:11 9975] Tracer actions:
[T 02:27:11 9975] pre_invocations(0)
[T 02:27:11 9975] post_invocations(1)
[T 02:27:11 9975] invocation: /mnt/c/Tools/codeql/cpp/tools/linux64/extractor, args: [--mimic, /usr/libexec/gcc/x86_64-linux-gnu/13/cc1, --version]
[T 02:27:11 9975] trace_languages(1): [cpp]
[T 02:27:11 9977] Attempting to switch stdout/stderr to 7...
[T 02:27:11 9977] Initializing tracer.
[T 02:27:11 9977] Initializing tags.
[T 02:27:11 9977] ID set to 00000000000026F9_0000000000000001 (parent 00000000000026F7_0000000000000001)
[E 02:27:11 9977] Mimicry classification suppression detected; exiting.
[E 02:27:11 9977] Extractor exited successfully
[T 02:27:11 9975] Extractor /mnt/c/Tools/codeql/cpp/tools/linux64/extractor terminated with exit code 0.
[T 02:27:11 9978] Initializing tracer.
[T 02:27:11 9978] Initializing tags.
[T 02:27:11 9978] ID set to 00000000000026FA_0000000000000001 (parent 00000000000026F6_0000000000000001)
[T 02:27:11 9978] ==== Candidate to intercept: /usr/libexec/gcc/x86_64-linux-gnu/13/cc1 (canonical: /usr/libexec/gcc/x86_64-linux-gnu/13/cc1) ====
[T 02:27:11 9978] Lua: === Intercepted call to /usr/libexec/gcc/x86_64-linux-gnu/13/cc1 ===
[T 02:27:11 9978] Executing the following tracer actions:
[T 02:27:11 9978] Tracer actions:
[T 02:27:11 9978] pre_invocations(0)
[T 02:27:11 9978] post_invocations(1)
[T 02:27:11 9978] invocation: /mnt/c/Tools/codeql/cpp/tools/linux64/extractor, args: [--mimic, /usr/libexec/gcc/x86_64-linux-gnu/13/cc1, --help]
[T 02:27:11 9978] trace_languages(1): [cpp]
[T 02:27:11 9980] Attempting to switch stdout/stderr to 7...
[T 02:27:11 9980] Initializing tracer.
[T 02:27:11 9980] Initializing tags.
[T 02:27:11 9980] ID set to 00000000000026FC_0000000000000001 (parent 00000000000026FA_0000000000000001)
[E 02:27:11 9980] Mimicry classification suppression detected; exiting.
[E 02:27:11 9980] Extractor exited successfully
[T 02:27:11 9978] Extractor /mnt/c/Tools/codeql/cpp/tools/linux64/extractor terminated with exit code 0.
[T 02:27:11 9981] Initializing tracer.
[T 02:27:11 9981] Initializing tags.
[T 02:27:11 9981] ID set to 00000000000026FD_0000000000000001 (parent 00000000000026F6_0000000000000001)
[T 02:27:11 9981] ==== Candidate to intercept: /usr/libexec/gcc/x86_64-linux-gnu/13/cc1 (canonical: /usr/libexec/gcc/x86_64-linux-gnu/13/cc1) ====
[T 02:27:11 9981] Lua: === Intercepted call to /usr/libexec/gcc/x86_64-linux-gnu/13/cc1 ===
[T 02:27:11 9981] Executing the following tracer actions:
[T 02:27:11 9981] Tracer actions:
[T 02:27:11 9981] pre_invocations(0)
[T 02:27:11 9981] post_invocations(1)
[T 02:27:11 9981] invocation: /mnt/c/Tools/codeql/cpp/tools/linux64/extractor, args: [--mimic, /usr/libexec/gcc/x86_64-linux-gnu/13/cc1, -version, --help]
[T 02:27:11 9981] trace_languages(1): [cpp]
[T 02:27:11 9983] Attempting to switch stdout/stderr to 7...
[T 02:27:11 9983] Initializing tracer.
[T 02:27:11 9983] Initializing tags.
[T 02:27:11 9983] ID set to 00000000000026FF_0000000000000001 (parent 00000000000026FD_0000000000000001)
[E 02:27:11 9983] Mimicry classification suppression detected; exiting.
[E 02:27:11 9983] Extractor exited successfully
[T 02:27:11 9981] Extractor /mnt/c/Tools/codeql/cpp/tools/linux64/extractor terminated with exit code 0.
[T 02:27:11 9984] Initializing tracer.
[T 02:27:11 9984] Initializing tags.
[T 02:27:11 9984] ID set to 0000000000002700_0000000000000001 (parent 00000000000026F6_0000000000000001)
[T 02:27:11 9984] ==== Candidate to intercept: /usr/libexec/gcc/x86_64-linux-gnu/13/cc1 (canonical: /usr/libexec/gcc/x86_64-linux-gnu/13/cc1) ====
[T 02:27:11 9984] Lua: === Intercepted call to /usr/libexec/gcc/x86_64-linux-gnu/13/cc1 ===
[T 02:27:11 9984] Executing the following tracer actions:
[T 02:27:11 9984] Tracer actions:
[T 02:27:11 9984] pre_invocations(0)
[T 02:27:11 9984] post_invocations(1)
[T 02:27:11 9984] invocation: /mnt/c/Tools/codeql/cpp/tools/linux64/extractor, args: [--mimic, /usr/libexec/gcc/x86_64-linux-gnu/13/cc1, -nostdinc, -o, /home/test/my-awesome-project/CISB/server/UBunalignedaccess/db-l47/working/tmp//semmle_2_9974_567582.o, /home/test/my-awesome-project/CISB/server/UBunalignedaccess/db-l47/working/tmp//semmle_1_9974_567549.c]
[T 02:27:11 9984] trace_languages(1): [cpp]
[T 02:27:11 9986] Attempting to switch stdout/stderr to 7...
[T 02:27:11 9986] Initializing tracer.
[T 02:27:11 9986] Initializing tags.
[T 02:27:11 9986] ID set to 0000000000002702_0000000000000001 (parent 0000000000002700_0000000000000001)
[E 02:27:11 9986] Mimicry classification suppression detected; exiting.
[E 02:27:11 9986] Extractor exited successfully
[T 02:27:11 9984] Extractor /mnt/c/Tools/codeql/cpp/tools/linux64/extractor terminated with exit code 0.
[T 02:27:11 9987] Initializing tracer.
[T 02:27:11 9987] Initializing tags.
[T 02:27:11 9987] ID set to 0000000000002703_0000000000000001 (parent 00000000000026F6_0000000000000001)
[T 02:27:11 9987] ==== Candidate to intercept: /usr/libexec/gcc/x86_64-linux-gnu/13/cc1 (canonical: /usr/libexec/gcc/x86_64-linux-gnu/13/cc1) ====
[T 02:27:11 9987] Lua: === Intercepted call to /usr/libexec/gcc/x86_64-linux-gnu/13/cc1 ===
[T 02:27:11 9987] Executing the following tracer actions:
[T 02:27:11 9987] Tracer actions:
[T 02:27:11 9987] pre_invocations(0)
[T 02:27:11 9987] post_invocations(1)
[T 02:27:11 9987] invocation: /mnt/c/Tools/codeql/cpp/tools/linux64/extractor, args: [--mimic, /usr/libexec/gcc/x86_64-linux-gnu/13/cc1, -nostdinc, -o, /home/test/my-awesome-project/CISB/server/UBunalignedaccess/db-l47/working/tmp//semmle_4_9974_602404.o, /home/test/my-awesome-project/CISB/server/UBunalignedaccess/db-l47/working/tmp//semmle_3_9974_602357.c]
[T 02:27:11 9987] trace_languages(1): [cpp]
[T 02:27:11 9989] Attempting to switch stdout/stderr to 7...
[T 02:27:11 9989] Initializing tracer.
[T 02:27:11 9989] Initializing tags.
[T 02:27:11 9989] ID set to 0000000000002705_0000000000000001 (parent 0000000000002703_0000000000000001)
[E 02:27:11 9989] Mimicry classification suppression detected; exiting.
[E 02:27:11 9989] Extractor exited successfully
[T 02:27:11 9987] Extractor /mnt/c/Tools/codeql/cpp/tools/linux64/extractor terminated with exit code 0.
[E 02:27:11 9974] Checking whether C compilation already happened.
[E 02:27:11 9974] Checking for tag c-compilation-happened
[E 02:27:11 9974] Checking CODEQL_TRACER_DB_ID 00000000000026F4_0000000000000001
[E 02:27:11 9974] Locking DB /home/test/my-awesome-project/CISB/server/UBunalignedaccess/db-l47/working/tags.db
[E 02:27:11 9974] Locked DB /home/test/my-awesome-project/CISB/server/UBunalignedaccess/db-l47/working/tags.db
[E 02:27:11 9974] Unlocking DB
[E 02:27:11 9974] Unlocked DB
[E 02:27:11 9974] Looks like C compilation didn't already happen.
[E 02:27:11 9974] Checking whether C compilation has been attempted.
[E 02:27:11 9974] Checking for tag c-compilation-attempted
[E 02:27:11 9974] Checking CODEQL_TRACER_DB_ID 00000000000026F4_0000000000000001
[E 02:27:11 9974] Locking DB /home/test/my-awesome-project/CISB/server/UBunalignedaccess/db-l47/working/tags.db
[E 02:27:11 9974] Locked DB /home/test/my-awesome-project/CISB/server/UBunalignedaccess/db-l47/working/tags.db
[E 02:27:11 9974] Unlocking DB
[E 02:27:11 9974] Unlocked DB
[E 02:27:11 9974] Marking C compilation as attempted.
[E 02:27:11 9974] Setting tag c-compilation-attempted
[E 02:27:11 9974] Starting from CODEQL_TRACER_DB_ID 00000000000026F4_0000000000000001
[E 02:27:11 9974] Locking DB /home/test/my-awesome-project/CISB/server/UBunalignedaccess/db-l47/working/tags.db
[E 02:27:11 9974] Locked DB /home/test/my-awesome-project/CISB/server/UBunalignedaccess/db-l47/working/tags.db
[E 02:27:11 9974] Set tag for 00000000000026F4_0000000000000001
[E 02:27:11 9974] Set tag for 00000000000026F2_0000000000000001
[E 02:27:11 9974] Set tag for 00000000000026EF_0000000000000003
[E 02:27:11 9974] Set tag for 00000000000026EF_0000000000000002
[E 02:27:11 9974] Set tag for root
[E 02:27:11 9974] Unlocking DB
[E 02:27:11 9974] Unlocked DB
[T 02:27:11 9990] Initializing tracer.
[T 02:27:11 9990] Initializing tags.
[T 02:27:11 9990] ID set to 0000000000002706_0000000000000001 (parent 00000000000026F6_0000000000000001)
[T 02:27:11 9990] ==== Candidate to intercept: /usr/libexec/gcc/x86_64-linux-gnu/13/cc1 (canonical: /usr/libexec/gcc/x86_64-linux-gnu/13/cc1) ====
[T 02:27:11 9990] Lua: === Intercepted call to /usr/libexec/gcc/x86_64-linux-gnu/13/cc1 ===
[T 02:27:11 9990] Executing the following tracer actions:
[T 02:27:11 9990] Tracer actions:
[T 02:27:11 9990] pre_invocations(0)
[T 02:27:11 9990] post_invocations(1)
[T 02:27:11 9990] invocation: /mnt/c/Tools/codeql/cpp/tools/linux64/extractor, args: [--mimic, /usr/libexec/gcc/x86_64-linux-gnu/13/cc1, @/home/test/my-awesome-project/CISB/server/UBunalignedaccess/db-l47/working/tmp//semmle_6_9974_636407, -v, -fsyntax-only, /home/test/my-awesome-project/CISB/server/UBunalignedaccess/db-l47/working/tmp//semmle_7_9974_636509]
[T 02:27:11 9990] trace_languages(1): [cpp]
[T 02:27:11 9992] Attempting to switch stdout/stderr to 7...
[T 02:27:11 9992] Initializing tracer.
[T 02:27:11 9992] Initializing tags.
[T 02:27:11 9992] ID set to 0000000000002708_0000000000000001 (parent 0000000000002706_0000000000000001)
[E 02:27:11 9992] Mimicry classification suppression detected; exiting.
[E 02:27:11 9992] Extractor exited successfully
[T 02:27:11 9990] Extractor /mnt/c/Tools/codeql/cpp/tools/linux64/extractor terminated with exit code 0.
[T 02:27:11 9993] Initializing tracer.
[T 02:27:11 9993] Initializing tags.
[T 02:27:11 9993] ID set to 0000000000002709_0000000000000001 (parent 00000000000026F6_0000000000000001)
[T 02:27:11 9993] ==== Candidate to intercept: /usr/libexec/gcc/x86_64-linux-gnu/13/cc1 (canonical: /usr/libexec/gcc/x86_64-linux-gnu/13/cc1) ====
[T 02:27:11 9993] Lua: === Intercepted call to /usr/libexec/gcc/x86_64-linux-gnu/13/cc1 ===
[T 02:27:11 9993] Executing the following tracer actions:
[T 02:27:11 9993] Tracer actions:
[T 02:27:11 9993] pre_invocations(0)
[T 02:27:11 9993] post_invocations(1)
[T 02:27:11 9993] invocation: /mnt/c/Tools/codeql/cpp/tools/linux64/extractor, args: [--mimic, /usr/libexec/gcc/x86_64-linux-gnu/13/cc1, @/home/test/my-awesome-project/CISB/server/UBunalignedaccess/db-l47/working/tmp//semmle_6_9974_636407, -E, -dM, /home/test/my-awesome-project/CISB/server/UBunalignedaccess/db-l47/working/tmp//semmle_8_9974_664996]
[T 02:27:11 9993] trace_languages(1): [cpp]
[T 02:27:11 9995] Attempting to switch stdout/stderr to 7...
[T 02:27:11 9995] Initializing tracer.
[T 02:27:11 9995] Initializing tags.
[T 02:27:11 9995] ID set to 000000000000270B_0000000000000001 (parent 0000000000002709_0000000000000001)
[E 02:27:11 9995] Mimicry classification suppression detected; exiting.
[E 02:27:11 9995] Extractor exited successfully
[T 02:27:11 9993] Extractor /mnt/c/Tools/codeql/cpp/tools/linux64/extractor terminated with exit code 0.
[T 02:27:11 9996] Initializing tracer.
[T 02:27:11 9996] Initializing tags.
[T 02:27:11 9996] ID set to 000000000000270C_0000000000000001 (parent 00000000000026F6_0000000000000001)
[T 02:27:11 9996] ==== Candidate to intercept: /usr/libexec/gcc/x86_64-linux-gnu/13/cc1 (canonical: /usr/libexec/gcc/x86_64-linux-gnu/13/cc1) ====
[T 02:27:11 9996] Lua: === Intercepted call to /usr/libexec/gcc/x86_64-linux-gnu/13/cc1 ===
[T 02:27:11 9996] Executing the following tracer actions:
[T 02:27:11 9996] Tracer actions:
[T 02:27:11 9996] pre_invocations(0)
[T 02:27:11 9996] post_invocations(1)
[T 02:27:11 9996] invocation: /mnt/c/Tools/codeql/cpp/tools/linux64/extractor, args: [--mimic, /usr/libexec/gcc/x86_64-linux-gnu/13/cc1, @/home/test/my-awesome-project/CISB/server/UBunalignedaccess/db-l47/working/tmp//semmle_9_9974_695304, -o, /home/test/my-awesome-project/CISB/server/UBunalignedaccess/db-l47/working/tmp//semmle_11_9974_695492.o, /home/test/my-awesome-project/CISB/server/UBunalignedaccess/db-l47/working/tmp//semmle_10_9974_695451.c]
[T 02:27:11 9996] trace_languages(1): [cpp]
[T 02:27:11 9998] Attempting to switch stdout/stderr to 7...
[T 02:27:11 9998] Initializing tracer.
[T 02:27:11 9998] Initializing tags.
[T 02:27:11 9998] ID set to 000000000000270E_0000000000000001 (parent 000000000000270C_0000000000000001)
[E 02:27:11 9998] Mimicry classification suppression detected; exiting.
[E 02:27:11 9998] Extractor exited successfully
[T 02:27:11 9996] Extractor /mnt/c/Tools/codeql/cpp/tools/linux64/extractor terminated with exit code 0.
[T 02:27:11 9999] Initializing tracer.
[T 02:27:11 9999] Initializing tags.
[T 02:27:11 9999] ID set to 000000000000270F_0000000000000001 (parent 00000000000026F6_0000000000000001)
[T 02:27:11 9999] ==== Candidate to intercept: /usr/libexec/gcc/x86_64-linux-gnu/13/cc1 (canonical: /usr/libexec/gcc/x86_64-linux-gnu/13/cc1) ====
[T 02:27:11 9999] Lua: === Intercepted call to /usr/libexec/gcc/x86_64-linux-gnu/13/cc1 ===
[T 02:27:11 9999] Executing the following tracer actions:
[T 02:27:11 9999] Tracer actions:
[T 02:27:11 9999] pre_invocations(0)
[T 02:27:11 9999] post_invocations(1)
[T 02:27:11 9999] invocation: /mnt/c/Tools/codeql/cpp/tools/linux64/extractor, args: [--mimic, /usr/libexec/gcc/x86_64-linux-gnu/13/cc1, @/home/test/my-awesome-project/CISB/server/UBunalignedaccess/db-l47/working/tmp//semmle_9_9974_695304, -o, /home/test/my-awesome-project/CISB/server/UBunalignedaccess/db-l47/working/tmp//semmle_13_9974_725191.o, /home/test/my-awesome-project/CISB/server/UBunalignedaccess/db-l47/working/tmp//semmle_12_9974_725047.c]
[T 02:27:11 9999] trace_languages(1): [cpp]
[T 02:27:11 10001] Attempting to switch stdout/stderr to 7...
[T 02:27:11 10001] Initializing tracer.
[T 02:27:11 10001] Initializing tags.
[T 02:27:11 10001] ID set to 0000000000002711_0000000000000001 (parent 000000000000270F_0000000000000001)
[E 02:27:11 10001] Mimicry classification suppression detected; exiting.
[E 02:27:11 10001] Extractor exited successfully
[T 02:27:11 9999] Extractor /mnt/c/Tools/codeql/cpp/tools/linux64/extractor terminated with exit code 0.
[T 02:27:11 10002] Initializing tracer.
[T 02:27:11 10002] Initializing tags.
[T 02:27:11 10002] ID set to 0000000000002712_0000000000000001 (parent 00000000000026F6_0000000000000001)
[T 02:27:11 10002] ==== Candidate to intercept: /usr/libexec/gcc/x86_64-linux-gnu/13/cc1 (canonical: /usr/libexec/gcc/x86_64-linux-gnu/13/cc1) ====
[T 02:27:11 10002] Lua: === Intercepted call to /usr/libexec/gcc/x86_64-linux-gnu/13/cc1 ===
[T 02:27:11 10002] Executing the following tracer actions:
[T 02:27:11 10002] Tracer actions:
[T 02:27:11 10002] pre_invocations(0)
[T 02:27:11 10002] post_invocations(1)
[T 02:27:11 10002] invocation: /mnt/c/Tools/codeql/cpp/tools/linux64/extractor, args: [--mimic, /usr/libexec/gcc/x86_64-linux-gnu/13/cc1, @/home/test/my-awesome-project/CISB/server/UBunalignedaccess/db-l47/working/tmp//semmle_9_9974_695304, -o, /home/test/my-awesome-project/CISB/server/UBunalignedaccess/db-l47/working/tmp//semmle_15_9974_762680.o, /home/test/my-awesome-project/CISB/server/UBunalignedaccess/db-l47/working/tmp//semmle_14_9974_762636.c]
[T 02:27:11 10002] trace_languages(1): [cpp]
[T 02:27:11 10004] Attempting to switch stdout/stderr to 7...
[T 02:27:11 10004] Initializing tracer.
[T 02:27:11 10004] Initializing tags.
[T 02:27:11 10004] ID set to 0000000000002714_0000000000000001 (parent 0000000000002712_0000000000000001)
[E 02:27:11 10004] Mimicry classification suppression detected; exiting.
[E 02:27:11 10004] Extractor exited successfully
[T 02:27:11 10002] Extractor /mnt/c/Tools/codeql/cpp/tools/linux64/extractor terminated with exit code 0.
[T 02:27:11 10020] Initializing tracer.
[T 02:27:11 10020] Initializing tags.
[T 02:27:11 10020] ID set to 0000000000002724_0000000000000001 (parent 00000000000026F6_0000000000000001)
[T 02:27:11 10020] ==== Candidate to intercept: /usr/libexec/gcc/x86_64-linux-gnu/13/cc1 (canonical: /usr/libexec/gcc/x86_64-linux-gnu/13/cc1) ====
[T 02:27:11 10020] Lua: === Intercepted call to /usr/libexec/gcc/x86_64-linux-gnu/13/cc1 ===
[T 02:27:11 10020] Executing the following tracer actions:
[T 02:27:11 10020] Tracer actions:
[T 02:27:11 10020] pre_invocations(0)
[T 02:27:11 10020] post_invocations(1)
[T 02:27:11 10020] invocation: /mnt/c/Tools/codeql/cpp/tools/linux64/extractor, args: [--mimic, /usr/libexec/gcc/x86_64-linux-gnu/13/cc1, @/home/test/my-awesome-project/CISB/server/UBunalignedaccess/db-l47/working/tmp//semmle_9_9974_695304, -o, /home/test/my-awesome-project/CISB/server/UBunalignedaccess/db-l47/working/tmp//semmle_17_9974_791000.o, /home/test/my-awesome-project/CISB/server/UBunalignedaccess/db-l47/working/tmp//semmle_16_9974_790948.c]
[T 02:27:11 10020] trace_languages(1): [cpp]
[T 02:27:11 10036] Attempting to switch stdout/stderr to 7...
[T 02:27:11 10036] Initializing tracer.
[T 02:27:11 10036] Initializing tags.
[T 02:27:11 10036] ID set to 0000000000002734_0000000000000001 (parent 0000000000002724_0000000000000001)
[E 02:27:11 10036] Mimicry classification suppression detected; exiting.
[E 02:27:11 10036] Extractor exited successfully
[T 02:27:11 10020] Extractor /mnt/c/Tools/codeql/cpp/tools/linux64/extractor terminated with exit code 0.
[T 02:27:11 10051] Initializing tracer.
[T 02:27:11 10051] Initializing tags.
[T 02:27:11 10051] ID set to 0000000000002743_0000000000000001 (parent 00000000000026F6_0000000000000001)
[T 02:27:11 10051] ==== Candidate to intercept: /usr/libexec/gcc/x86_64-linux-gnu/13/cc1 (canonical: /usr/libexec/gcc/x86_64-linux-gnu/13/cc1) ====
[T 02:27:11 10051] Lua: === Intercepted call to /usr/libexec/gcc/x86_64-linux-gnu/13/cc1 ===
[T 02:27:11 10051] Executing the following tracer actions:
[T 02:27:11 10051] Tracer actions:
[T 02:27:11 10051] pre_invocations(0)
[T 02:27:11 10051] post_invocations(1)
[T 02:27:11 10051] invocation: /mnt/c/Tools/codeql/cpp/tools/linux64/extractor, args: [--mimic, /usr/libexec/gcc/x86_64-linux-gnu/13/cc1, @/home/test/my-awesome-project/CISB/server/UBunalignedaccess/db-l47/working/tmp//semmle_9_9974_695304, -o, /home/test/my-awesome-project/CISB/server/UBunalignedaccess/db-l47/working/tmp//semmle_19_9974_824618.o, /home/test/my-awesome-project/CISB/server/UBunalignedaccess/db-l47/working/tmp//semmle_18_9974_824567.c]
[T 02:27:11 10051] trace_languages(1): [cpp]
[T 02:27:11 10067] Attempting to switch stdout/stderr to 7...
[T 02:27:11 10067] Initializing tracer.
[T 02:27:11 10067] Initializing tags.
[T 02:27:11 10067] ID set to 0000000000002753_0000000000000001 (parent 0000000000002743_0000000000000001)
[E 02:27:11 10067] Mimicry classification suppression detected; exiting.
[E 02:27:11 10067] Extractor exited successfully
[T 02:27:11 10051] Extractor /mnt/c/Tools/codeql/cpp/tools/linux64/extractor terminated with exit code 0.
[T 02:27:11 10082] Initializing tracer.
[T 02:27:11 10082] Initializing tags.
[T 02:27:11 10082] ID set to 0000000000002762_0000000000000001 (parent 00000000000026F6_0000000000000001)
[T 02:27:11 10082] ==== Candidate to intercept: /usr/libexec/gcc/x86_64-linux-gnu/13/cc1 (canonical: /usr/libexec/gcc/x86_64-linux-gnu/13/cc1) ====
[T 02:27:11 10082] Lua: === Intercepted call to /usr/libexec/gcc/x86_64-linux-gnu/13/cc1 ===
[T 02:27:11 10082] Executing the following tracer actions:
[T 02:27:11 10082] Tracer actions:
[T 02:27:11 10082] pre_invocations(0)
[T 02:27:11 10082] post_invocations(1)
[T 02:27:11 10082] invocation: /mnt/c/Tools/codeql/cpp/tools/linux64/extractor, args: [--mimic, /usr/libexec/gcc/x86_64-linux-gnu/13/cc1, @/home/test/my-awesome-project/CISB/server/UBunalignedaccess/db-l47/working/tmp//semmle_9_9974_695304, -o, /home/test/my-awesome-project/CISB/server/UBunalignedaccess/db-l47/working/tmp//semmle_21_9974_853921.o, /home/test/my-awesome-project/CISB/server/UBunalignedaccess/db-l47/working/tmp//semmle_20_9974_853877.c]
[T 02:27:11 10082] trace_languages(1): [cpp]
[T 02:27:11 10097] Attempting to switch stdout/stderr to 7...
[T 02:27:11 10097] Initializing tracer.
[T 02:27:11 10097] Initializing tags.
[T 02:27:11 10097] ID set to 0000000000002771_0000000000000001 (parent 0000000000002762_0000000000000001)
[E 02:27:11 10097] Mimicry classification suppression detected; exiting.
[E 02:27:11 10097] Extractor exited successfully
[T 02:27:11 10082] Extractor /mnt/c/Tools/codeql/cpp/tools/linux64/extractor terminated with exit code 0.
[E 02:27:11 9974] Processed command line: /mnt/c/Tools/codeql/cpp/tools/linux64/extractor --trapfolder /home/test/my-awesome-project/CISB/server/UBunalignedaccess/db-l47/trap/cpp --src_archive /home/test/my-awesome-project/CISB/server/UBunalignedaccess/db-l47/src --object_filename /tmp/ccbkZap7.s --no_warnings_and_discretionary_errors --error_limit 1000 --disable_system_macros --variadic_macros --incognito --gcc --gnu_version 130300 --target linux_x86_64 '-D__DBL_MIN_EXP__=(-1021)' -D__UINT_LEAST16_MAX__=0xffff -D__FLT16_HAS_QUIET_NAN__=1 -D__ATOMIC_ACQUIRE=2 -D__FLT128_MAX_10_EXP__=4932 -D__FLT_MIN__=1.17549435082228750796873653722224568e-38F -D__GCC_IEC_559_COMPLEX=2 '-D__UINT_LEAST8_TYPE__=unsigned char' -D__SIZEOF_FLOAT80__=16 -D__BFLT16_DENORM_MIN__=9.18354961579912115600575419704879436e-41BF16 '-D__INTMAX_C(c)=c ## L' -D__CHAR_BIT__=8 -D__UINT8_MAX__=0xff -D__SCHAR_WIDTH__=8 -D__WINT_MAX__=0xffffffffU '-D__FLT32_MIN_EXP__=(-125)' -D__BFLT16_NORM_MAX__=3.38953138925153547590470800371487867e+38BF16 '-D__BFLT16_MIN_10_EXP__=(-37)' -D__ORDER_LITTLE_ENDIAN__=1234 -D__WCHAR_MAX__=0x7fffffff -D__GCC_HAVE_SYNC_COMPARE_AND_SWAP_2=1 -D__GCC_HAVE_SYNC_COMPARE_AND_SWAP_4=1 -D__GCC_HAVE_SYNC_COMPARE_AND_SWAP_8=1 -D__GCC_ATOMIC_CHAR_LOCK_FREE=2 -D__GCC_IEC_559=2 -D__FLT32X_DECIMAL_DIG__=17 -D__FLT_EVAL_METHOD__=0 -D__FLT64_DECIMAL_DIG__=17 -D__CET__=3 -D__GCC_ATOMIC_CHAR32_T_LOCK_FREE=2 -D__UINT_FAST64_MAX__=0xffffffffffffffffUL -D__SIG_ATOMIC_TYPE__=int '-D__DBL_MIN_10_EXP__=(-307)' -D__FINITE_MATH_ONLY__=0 -D__FLT32X_MAX_EXP__=1024 -D__GCC_HAVE_SYNC_COMPARE_AND_SWAP_1=1 -D__FLT32_HAS_DENORM__=1 -D__UINT_FAST8_MAX__=0xff -D__FLT32_MAX_10_EXP__=38 -D__DEC64_MAX_EXP__=385 '-D__INT8_C(c)=c' -D__INT_LEAST8_WIDTH__=8 -D__UINT_LEAST64_MAX__=0xffffffffffffffffUL -D__SHRT_MAX__=0x7fff -D__LDBL_MAX__=1.18973149535723176502126385303097021e+4932L -D__FLT64X_MAX_10_EXP__=4932 -D__BFLT16_MAX_10_EXP__=38 -D__BFLT16_MAX_EXP__=128 -D__LDBL_IS_IEC_60559__=1 -D__FLT64X_HAS_QUIET_NAN__=1 -D__UINT_LEAST8_MAX__=0xff -D__GCC_ATOMIC_BOOL_LOCK_FREE=2 -D__FLT128_DENORM_MIN__=6.47517511943802511092443895822764655e-4966F128 '-D__UINTMAX_TYPE__=long unsigned int' -D__BFLT16_DECIMAL_DIG__=4 -D__linux=1 -D__DEC32_EPSILON__=1E-6DF -D__FLT_EVAL_METHOD_TS_18661_3__=0 -D__UINT32_MAX__=0xffffffffU '-D__DBL_DENORM_MIN__=((double)4.94065645841246544176568792868221372e-324L)' '-D__FLT128_MIN_EXP__=(-16381)' -D__WINT_MIN__=0U '-D__FLT128_MIN_10_EXP__=(-4931)' -D__FLT32X_IS_IEC_60559__=1 -D__INT_LEAST16_WIDTH__=16 -D__SCHAR_MAX__=0x7f -D__FLT128_MANT_DIG__=113 '-D__WCHAR_MIN__=(-__WCHAR_MAX__ - 1)' '-D__INT64_C(c)=c ## L' -D__SSP_STRONG__=3 -D__GCC_ATOMIC_POINTER_LOCK_FREE=2 -D__ATOMIC_SEQ_CST=5 -D__unix=1 -D__INT_LEAST64_MAX__=0x7fffffffffffffffL -D__FLT32X_MANT_DIG__=53 -D__FLT64X_EPSILON__=1.08420217248550443400745280086994171e-19F64x '-D__DEC64_MIN_EXP__=(-382)' -D__DBL_DIG__=15 -D__FLT_EPSILON__=1.19209289550781250000000000000000000e-7F -D__SHRT_WIDTH__=16 -D__FLT32_IS_IEC_60559__=1 -D__LDBL_MIN__=3.36210314311209350626267781732175260e-4932L -D__STDC_UTF_16__=1 -D__DBL_IS_IEC_60559__=1 -D__DEC32_MAX__=9.999999E96DF -D__FLT64X_DENORM_MIN__=3.64519953188247460252840593361941982e-4951F64x -D__FLT32X_HAS_INFINITY__=1 -D__unix__=1 -D__INT_WIDTH__=32 -D__STDC_IEC_559__=1 -D__STDC_ISO_10646__=201706L -D__DECIMAL_DIG__=21 -D__STDC_IEC_559_COMPLEX__=1 -D__FLT64_EPSILON__=2.22044604925031308084726333618164062e-16F64 -D__gnu_linux__=1 -D__FLT128_IS_IEC_60559__=1 '-D__FLT64X_MIN_10_EXP__=(-4931)' -D__LDBL_HAS_QUIET_NAN__=1 '-D__FLT16_MIN_EXP__=(-13)' -D__FLT64_MANT_DIG__=53 -D__FLT64X_MANT_DIG__=64 -D__BFLT16_DIG__=2 -D__pie__=2 -D__MMX__=1 -D__FLT_HAS_DENORM__=1 -D__SIZEOF_LONG_DOUBLE__=16 -D__BIGGEST_ALIGNMENT__=16 -D__FLT64_MAX_10_EXP__=308 -D__BFLT16_IS_IEC_60559__=0 -D__FLT16_MAX_10_EXP__=4 '-D__DBL_MAX__=((double)1.79769313486231570814527423731704357e+308L)' -D__INT_FAST32_MAX__=0x7fffffffffffffffL -D__DBL_HAS_INFINITY__=1 -D__INT64_MAX__=0x7fffffffffffffffL -D__SIZEOF_FLOAT__=4 -D__HAVE_SPECULATION_SAFE_VALUE=1 '-D__DEC32_MIN_EXP__=(-94)' -D__INTPTR_WIDTH__=64 -D__UINT_LEAST32_MAX__=0xffffffffU -D__FLT32X_HAS_DENORM__=1 '-D__INT_FAST16_TYPE__=long int' -D__MMX_WITH_SSE__=1 -D__LDBL_HAS_DENORM__=1 -D__SEG_GS=1 -D__BFLT16_EPSILON__=7.81250000000000000000000000000000000e-3BF16 -D__FLT128_HAS_INFINITY__=1 -D__DEC32_MIN__=1E-95DF -D__DBL_MAX_EXP__=1024 -D__WCHAR_WIDTH__=32 -D__FLT32_MAX__=3.40282346638528859811704183484516925e+38F32 -D__DEC128_EPSILON__=1E-33DL -D__FLT16_DECIMAL_DIG__=5 -D__SSE2_MATH__=1 -D__ATOMIC_HLE_RELEASE=131072 -D__PTRDIFF_MAX__=0x7fffffffffffffffL -D__amd64=1 -D__ATOMIC_HLE_ACQUIRE=65536 -D__LONG_LONG_MAX__=0x7fffffffffffffffLL -D__SIZEOF_SIZE_T__=8 -D__BFLT16_HAS_INFINITY__=1 '-D__FLT64X_MIN_EXP__=(-16381)' -D__SIZEOF_WINT_T__=4 -D__LONG_LONG_WIDTH__=64 -D__FLT32_MAX_EXP__=128 -D__GXX_ABI_VERSION=1018 '-D__FLT_MIN_EXP__=(-125)' -D__GCC_HAVE_DWARF2_CFI_ASM=1 -D__INT16_MAX__=0x7fff -D__x86_64=1 '-D__INT_FAST64_TYPE__=long int' -D__BFLT16_MAX__=3.38953138925153547590470800371487867e+38BF16 -D__BFLT16_HAS_DENORM__=1 -D__FLT64_DENORM_MIN__=4.94065645841246544176568792868221372e-324F64 -D__FLT16_DENORM_MIN__=5.96046447753906250000000000000000000e-8F16 -D__FLT128_EPSILON__=1.92592994438723585305597794258492732e-34F128 -D__FLT64X_NORM_MAX__=1.18973149535723176502126385303097021e+4932F64x -D__SIZEOF_POINTER__=8 '-D__SIZE_TYPE__=long unsigned int' -D__LP64__=1 -D__DBL_HAS_QUIET_NAN__=1 -D__FLT32X_EPSILON__=2.22044604925031308084726333618164062e-16F32x -D__LDBL_MAX_EXP__=16384 -D__DECIMAL_BID_FORMAT__=1 '-D__FLT64_MIN_EXP__=(-1021)' '-D__FLT64_MIN_10_EXP__=(-307)' '-D__FLT16_MIN_10_EXP__=(-4)' -D__FLT64X_DECIMAL_DIG__=21 -D__DEC128_MIN__=1E-6143DL -D__REGISTER_PREFIX__= -D__UINT16_MAX__=0xffff -D__DBL_HAS_DENORM__=1 -D__FLT32_MIN__=1.17549435082228750796873653722224568e-38F32 '-D__UINT8_TYPE__=unsigned char' -D__FLT_DIG__=6 -D__NO_INLINE__=1 -D__DEC_EVAL_METHOD__=2 -D__FLT_MANT_DIG__=24 -D__LDBL_DECIMAL_DIG__=21 '-D__UINT64_C(c)=c ## UL' -D_STDC_PREDEF_H=1 -D__INT_LEAST32_MAX__=0x7fffffff -D__GCC_ATOMIC_INT_LOCK_FREE=2 -D__FLT128_MAX_EXP__=16384 -D__FLT32_MANT_DIG__=24 -D__FLOAT_WORD_ORDER__=__ORDER_LITTLE_ENDIAN__ '-D__FLT32X_MIN_EXP__=(-1021)' -D__STDC_IEC_60559_COMPLEX__=201404L -D__BFLT16_MIN__=1.17549435082228750796873653722224568e-38BF16 -D__FLT128_HAS_DENORM__=1 -D__FLT32_DECIMAL_DIG__=9 -D__FLT128_DIG__=33 '-D__INT32_C(c)=c' -D__DEC64_EPSILON__=1E-15DD -D__ORDER_PDP_ENDIAN__=3412 '-D__DEC128_MIN_EXP__=(-6142)' -D__DEC128_MAX__=9.999999999999999999999999999999999E6144DL '-D__INT_FAST32_TYPE__=long int' '-D__UINT_LEAST16_TYPE__=short unsigned int' -D__DEC128_MAX_EXP__=6145 -Dunix=1 -D__UINT64_MAX__=0xffffffffffffffffUL -D__FLT_IS_IEC_60559__=1 '-D__GNUC_WIDE_EXECUTION_CHARSET_NAME="UTF-32LE"' -D__FLT64X_DIG__=18 '-D__INT8_TYPE__=signed char' -D__ELF__=1 -D__GCC_ASM_FLAG_OUTPUTS__=1 '-D__UINT32_TYPE__=unsigned int' -D__BFLT16_HAS_QUIET_NAN__=1 -D__FLT_RADIX__=2 '-D__INT_LEAST16_TYPE__=short int' -D__LDBL_EPSILON__=1.08420217248550443400745280086994171e-19L '-D__UINTMAX_C(c)=c ## UL' -D__FLT16_DIG__=3 -D__SSE_MATH__=1 -D__k8=1 -D__FLT32X_MIN__=2.22507385850720138309023271733240406e-308F32x -D__SIG_ATOMIC_MAX__=0x7fffffff -D__GCC_ATOMIC_WCHAR_T_LOCK_FREE=2 -D__USER_LABEL_PREFIX__= -D__STDC_IEC_60559_BFP__=201404L -D__SIZEOF_PTRDIFF_T__=8 -D__FLT64X_HAS_INFINITY__=1 -D__FLT32_HAS_INFINITY__=1 -D__SIZEOF_LONG__=8 -D__LDBL_DIG__=18 -D__FLT64_IS_IEC_60559__=1 -D__x86_64__=1 -D__FLT16_IS_IEC_60559__=1 -D__FLT16_MAX_EXP__=16 -D__DEC32_SUBNORMAL_MIN__=0.000001E-95DF -D__INT_FAST16_MAX__=0x7fffffffffffffffL -D__GCC_CONSTRUCTIVE_SIZE=64 -D__FLT64_DIG__=15 -D__UINT_FAST32_MAX__=0xffffffffffffffffUL '-D__UINT_LEAST64_TYPE__=long unsigned int' -D__FLT16_EPSILON__=9.76562500000000000000000000000000000e-4F16 -D__FLT_HAS_QUIET_NAN__=1 -D__FLT_MAX_10_EXP__=38 -D__LONG_MAX__=0x7fffffffffffffffL -D__FLT64X_HAS_DENORM__=1 -D__DEC128_SUBNORMAL_MIN__=0.000000000000000000000000000000001E-6143DL -D__FLT_HAS_INFINITY__=1 '-D__GNUC_EXECUTION_CHARSET_NAME="UTF-8"' '-D__UINT_FAST16_TYPE__=long unsigned int' -D__DEC64_MAX__=9.999999999999999E384DD -D__INT_FAST32_WIDTH__=64 -D__PRAGMA_REDEFINE_EXTNAME=1 -D__SIZE_WIDTH__=64 -D__SEG_FS=1 -D__INT_LEAST16_MAX__=0x7fff -D__FLT16_NORM_MAX__=6.55040000000000000000000000000000000e+4F16 -D__DEC64_MANT_DIG__=16 -D__FLT32_DENORM_MIN__=1.40129846432481707092372958328991613e-45F32 -D__SIG_ATOMIC_WIDTH__=32 '-D__INT_LEAST64_TYPE__=long int' '-D__INT16_TYPE__=short int' '-D__INT_LEAST8_TYPE__=signed char' -D__FLT16_MAX__=6.55040000000000000000000000000000000e+4F16 -D__FLT128_MIN__=3.36210314311209350626267781732175260e-4932F128 -D__SIZEOF_INT__=4 -D__DEC32_MAX_EXP__=97 -D__INT_FAST8_MAX__=0x7f -D__FLT128_MAX__=1.18973149535723176508575932662800702e+4932F128 -D__INTPTR_MAX__=0x7fffffffffffffffL -Dlinux=1 -D__FLT64_HAS_QUIET_NAN__=1 '-D__FLT32_MIN_10_EXP__=(-37)' -D__FLT32X_DIG__=15 '-D__UINT16_C(c)=c' -D__PTRDIFF_WIDTH__=64 -D__LDBL_MANT_DIG__=64 -D__INT_FAST16_WIDTH__=64 -D__FLT64_HAS_INFINITY__=1 -D__FLT64X_MAX__=1.18973149535723176502126385303097021e+4932F64x -D__FLT16_HAS_INFINITY__=1 '-D__SIG_ATOMIC_MIN__=(-__SIG_ATOMIC_MAX__ - 1)' -D__code_model_small__=1 -D__GCC_ATOMIC_LONG_LOCK_FREE=2 -D__DEC32_MANT_DIG__=7 -D__FLT16_MANT_DIG__=11 -D__k8__=1 '-D__INTPTR_TYPE__=long int' '-D__UINT16_TYPE__=short unsigned int' -D__WCHAR_TYPE__=int -D__pic__=2 -D__UINTPTR_MAX__=0xffffffffffffffffUL -D__INT_FAST64_WIDTH__=64 -D__LDBL_HAS_INFINITY__=1 -D__INT_FAST64_MAX__=0x7fffffffffffffffL -D__GCC_ATOMIC_TEST_AND_SET_TRUEVAL=1 -D__FLT_NORM_MAX__=3.40282346638528859811704183484516925e+38F -D__FLT64X_MAX_EXP__=16384 '-D__UINT_FAST64_TYPE__=long unsigned int' '-D__BFLT16_MIN_EXP__=(-125)' -D__INT_MAX__=0x7fffffff -D__linux__=1 '-D__INT64_TYPE__=long int' -D__FLT_MAX_EXP__=128 -D__ORDER_BIG_ENDIAN__=4321 -D__DBL_MANT_DIG__=53 -D__SIZEOF_FLOAT128__=16 -D__BFLT16_MANT_DIG__=8 -D__GCC_ATOMIC_CHAR16_T_LOCK_FREE=2 -D__DEC64_MIN__=1E-383DD '-D__WINT_TYPE__=unsigned int' '-D__UINT_LEAST32_TYPE__=unsigned int' -D__SIZEOF_SHORT__=2 -D__FLT32_NORM_MAX__=3.40282346638528859811704183484516925e+38F32 -D__SSE__=1 '-D__LDBL_MIN_EXP__=(-16381)' -D__FLT64_MAX__=1.79769313486231570814527423731704357e+308F64 -D__amd64__=1 -D__WINT_WIDTH__=32 -D__INT_LEAST8_MAX__=0x7f -D__INT_LEAST64_WIDTH__=64 -D__FLT32X_MAX_10_EXP__=308 -D__SIZEOF_INT128__=16 -D__FLT16_MIN__=6.10351562500000000000000000000000000e-5F16 -D__FLT64X_IS_IEC_60559__=1 -D__LDBL_MAX_10_EXP__=4932 -D__ATOMIC_RELAXED=0 '-D__DBL_EPSILON__=((double)2.22044604925031308084726333618164062e-16L)' -D__INT_LEAST32_TYPE__=int -D_LP64=1 '-D__UINT8_C(c)=c' -D__FLT64_MAX_EXP__=1024 -D__SIZEOF_WCHAR_T__=4 '-D__UINT64_TYPE__=long unsigned int' -D__FLT128_NORM_MAX__=1.18973149535723176508575932662800702e+4932F128 -D__FLT64_NORM_MAX__=1.79769313486231570814527423731704357e+308F64 -D__FLT128_HAS_QUIET_NAN__=1 -D__INTMAX_MAX__=0x7fffffffffffffffL '-D__INT_FAST8_TYPE__=signed char' -D__FLT64X_MIN__=3.36210314311209350626267781732175260e-4932F64x -D__FLT64_HAS_DENORM__=1 -D__FLT32_EPSILON__=1.19209289550781250000000000000000000e-7F32 -D__FLT16_HAS_DENORM__=1 -D__DBL_DECIMAL_DIG__=17 -D__STDC_UTF_32__=1 -D__INT_FAST8_WIDTH__=8 -D__FXSR__=1 -D__FLT32X_MAX__=1.79769313486231570814527423731704357e+308F32x '-D__DBL_NORM_MAX__=((double)1.79769313486231570814527423731704357e+308L)' -D__BYTE_ORDER__=__ORDER_LITTLE_ENDIAN__ -D__GCC_DESTRUCTIVE_SIZE=64 -D__INTMAX_WIDTH__=64 -D__FLT32_DIG__=6 '-D__UINT32_C(c)=c ## U' -D__FLT_DENORM_MIN__=1.40129846432481707092372958328991613e-45F -D__INT8_MAX__=0x7f -D__LONG_WIDTH__=64 '-D__DBL_MIN__=((double)2.22507385850720138309023271733240406e-308L)' -D__PIC__=2 -D__INT32_MAX__=0x7fffffff '-D__UINT_FAST32_TYPE__=long unsigned int' -D__FLT32X_NORM_MAX__=1.79769313486231570814527423731704357e+308F32x -D__FLT_MAX__=3.40282346638528859811704183484516925e+38F -D__SSE2__=1 -D__INT32_TYPE__=int -D__SIZEOF_DOUBLE__=8 '-D__FLT_MIN_10_EXP__=(-37)' -D__FLT64_MIN__=2.22507385850720138309023271733240406e-308F64 -D__INT_LEAST32_WIDTH__=32 '-D__INTMAX_TYPE__=long int' -D__FLT32X_HAS_QUIET_NAN__=1 -D__ATOMIC_CONSUME=1 -D__UINTMAX_MAX__=0xffffffffffffffffUL -D__PIE__=2 -D__FLT32X_DENORM_MIN__=4.94065645841246544176568792868221372e-324F32x -D__DBL_MAX_10_EXP__=308 -D__LDBL_DENORM_MIN__=3.64519953188247460252840593361941982e-4951L '-D__INT16_C(c)=c' '-D__PTRDIFF_TYPE__=long int' '-D__FLT32X_MIN_10_EXP__=(-307)' '-D__UINTPTR_TYPE__=long unsigned int' -D__DEC64_SUBNORMAL_MIN__=0.000000000000001E-383DD -D__DEC128_MANT_DIG__=34 '-D__LDBL_MIN_10_EXP__=(-4931)' -D__SIZEOF_LONG_LONG__=8 -D__FLT128_DECIMAL_DIG__=36 -D__GCC_ATOMIC_LLONG_LOCK_FREE=2 -D__FLT32_HAS_QUIET_NAN__=1 -D__FLT_DECIMAL_DIG__=9 -D__UINT_FAST16_MAX__=0xffffffffffffffffUL -D__LDBL_NORM_MAX__=1.18973149535723176502126385303097021e+4932L -D__GCC_ATOMIC_SHORT_LOCK_FREE=2 -D__SIZE_MAX__=0xffffffffffffffffUL '-D__UINT_FAST8_TYPE__=unsigned char' -D__ATOMIC_ACQ_REL=4 -D__ATOMIC_RELEASE=3 -I/usr/lib/gcc/x86_64-linux-gnu/13/include -I/usr/local/include -I/usr/include/x86_64-linux-gnu -I/usr/include -- test1.c
[E 02:27:11 9974] CODEQL_EXTRACTOR_CPP_TRAP_CACHING is not set
[E 02:27:11 9974] CODEQL_EXTRACTOR_CPP_OPTION_TRAP_CACHE_WRITE is not set
[E 02:27:11 9974] CODEQL_EXTRACTOR_CPP_OPTION_TRAP_CACHE_DIR is not set
[E 02:27:11 9974] Initialising TRAP cache at path: 7c/94ed/ed6a6722a857d655f96e66d23166
[E 02:27:11 9974] Not using TRAP cache
[E 02:27:11 9974] TRAP cache miss
[E 02:27:11 9974] Starting compilation TRAP /home/test/my-awesome-project/CISB/server/UBunalignedaccess/db-l47/trap/cpp/compilations/21/2970968_0.trap.zst
[E 02:27:11 9974] Archiving /home/test/my-awesome-project/CISB/server/UBunalignedaccess/db-l47/src/home/test/my-awesome-project/CISB/server/UBunalignedaccess/test1.c
[E 02:27:11 9974] Archiving /home/test/my-awesome-project/CISB/server/UBunalignedaccess/db-l47/src/usr/lib/gcc/x86_64-linux-gnu/13/include/stdint.h
[E 02:27:11 9974] Archiving /home/test/my-awesome-project/CISB/server/UBunalignedaccess/db-l47/src/usr/include/stdint.h
[E 02:27:11 9974] Archiving /home/test/my-awesome-project/CISB/server/UBunalignedaccess/db-l47/src/usr/include/x86_64-linux-gnu/bits/libc-header-start.h
[E 02:27:11 9974] Archiving /home/test/my-awesome-project/CISB/server/UBunalignedaccess/db-l47/src/usr/include/features.h
[E 02:27:11 9974] Archiving /home/test/my-awesome-project/CISB/server/UBunalignedaccess/db-l47/src/usr/include/features-time64.h
[E 02:27:11 9974] Archiving /home/test/my-awesome-project/CISB/server/UBunalignedaccess/db-l47/src/usr/include/x86_64-linux-gnu/bits/wordsize.h
[E 02:27:11 9974] Archiving /home/test/my-awesome-project/CISB/server/UBunalignedaccess/db-l47/src/usr/include/x86_64-linux-gnu/bits/timesize.h
[E 02:27:11 9974] Already archived /home/test/my-awesome-project/CISB/server/UBunalignedaccess/db-l47/src/usr/include/x86_64-linux-gnu/bits/wordsize.h
[E 02:27:11 9974] Archiving /home/test/my-awesome-project/CISB/server/UBunalignedaccess/db-l47/src/usr/include/stdc-predef.h
[E 02:27:11 9974] Archiving /home/test/my-awesome-project/CISB/server/UBunalignedaccess/db-l47/src/usr/include/x86_64-linux-gnu/sys/cdefs.h
[E 02:27:11 9974] Already archived /home/test/my-awesome-project/CISB/server/UBunalignedaccess/db-l47/src/usr/include/x86_64-linux-gnu/bits/wordsize.h
[E 02:27:11 9974] Archiving /home/test/my-awesome-project/CISB/server/UBunalignedaccess/db-l47/src/usr/include/x86_64-linux-gnu/bits/long-double.h
[E 02:27:11 9974] Archiving /home/test/my-awesome-project/CISB/server/UBunalignedaccess/db-l47/src/usr/include/x86_64-linux-gnu/gnu/stubs.h
[E 02:27:11 9974] Archiving /home/test/my-awesome-project/CISB/server/UBunalignedaccess/db-l47/src/usr/include/x86_64-linux-gnu/gnu/stubs-64.h
[E 02:27:11 9974] Archiving /home/test/my-awesome-project/CISB/server/UBunalignedaccess/db-l47/src/usr/include/x86_64-linux-gnu/bits/types.h
[E 02:27:11 9974] Already archived /home/test/my-awesome-project/CISB/server/UBunalignedaccess/db-l47/src/usr/include/x86_64-linux-gnu/bits/wordsize.h
[E 02:27:11 9974] Already archived /home/test/my-awesome-project/CISB/server/UBunalignedaccess/db-l47/src/usr/include/x86_64-linux-gnu/bits/timesize.h
[E 02:27:11 9974] Already archived /home/test/my-awesome-project/CISB/server/UBunalignedaccess/db-l47/src/usr/include/x86_64-linux-gnu/bits/wordsize.h
[E 02:27:11 9974] Archiving /home/test/my-awesome-project/CISB/server/UBunalignedaccess/db-l47/src/usr/include/x86_64-linux-gnu/bits/typesizes.h
[E 02:27:11 9974] Archiving /home/test/my-awesome-project/CISB/server/UBunalignedaccess/db-l47/src/usr/include/x86_64-linux-gnu/bits/time64.h
[E 02:27:11 9974] Archiving /home/test/my-awesome-project/CISB/server/UBunalignedaccess/db-l47/src/usr/include/x86_64-linux-gnu/bits/wchar.h
[E 02:27:11 9974] Already archived /home/test/my-awesome-project/CISB/server/UBunalignedaccess/db-l47/src/usr/include/x86_64-linux-gnu/bits/wordsize.h
[E 02:27:11 9974] Archiving /home/test/my-awesome-project/CISB/server/UBunalignedaccess/db-l47/src/usr/include/x86_64-linux-gnu/bits/stdint-intn.h
[E 02:27:11 9974] Archiving /home/test/my-awesome-project/CISB/server/UBunalignedaccess/db-l47/src/usr/include/x86_64-linux-gnu/bits/stdint-uintn.h
[E 02:27:11 9974] Archiving /home/test/my-awesome-project/CISB/server/UBunalignedaccess/db-l47/src/usr/include/x86_64-linux-gnu/bits/stdint-least.h
[E 02:27:11 9974] Archiving /home/test/my-awesome-project/CISB/server/UBunalignedaccess/db-l47/src/usr/include/stdio.h
[E 02:27:11 9974] Already archived /home/test/my-awesome-project/CISB/server/UBunalignedaccess/db-l47/src/usr/include/x86_64-linux-gnu/bits/libc-header-start.h
[E 02:27:11 9974] Archiving /home/test/my-awesome-project/CISB/server/UBunalignedaccess/db-l47/src/usr/lib/gcc/x86_64-linux-gnu/13/include/stddef.h
[E 02:27:11 9974] Archiving /home/test/my-awesome-project/CISB/server/UBunalignedaccess/db-l47/src/usr/lib/gcc/x86_64-linux-gnu/13/include/stdarg.h
[E 02:27:11 9974] Archiving /home/test/my-awesome-project/CISB/server/UBunalignedaccess/db-l47/src/usr/include/x86_64-linux-gnu/bits/types/__fpos_t.h
[E 02:27:11 9974] Archiving /home/test/my-awesome-project/CISB/server/UBunalignedaccess/db-l47/src/usr/include/x86_64-linux-gnu/bits/types/__mbstate_t.h
[E 02:27:11 9974] Archiving /home/test/my-awesome-project/CISB/server/UBunalignedaccess/db-l47/src/usr/include/x86_64-linux-gnu/bits/types/__fpos64_t.h
[E 02:27:11 9974] Archiving /home/test/my-awesome-project/CISB/server/UBunalignedaccess/db-l47/src/usr/include/x86_64-linux-gnu/bits/types/__FILE.h
[E 02:27:11 9974] Archiving /home/test/my-awesome-project/CISB/server/UBunalignedaccess/db-l47/src/usr/include/x86_64-linux-gnu/bits/types/FILE.h
[E 02:27:11 9974] Archiving /home/test/my-awesome-project/CISB/server/UBunalignedaccess/db-l47/src/usr/include/x86_64-linux-gnu/bits/types/struct_FILE.h
[E 02:27:11 9974] Archiving /home/test/my-awesome-project/CISB/server/UBunalignedaccess/db-l47/src/usr/include/x86_64-linux-gnu/bits/types/cookie_io_functions_t.h
[E 02:27:11 9974] Archiving /home/test/my-awesome-project/CISB/server/UBunalignedaccess/db-l47/src/usr/include/x86_64-linux-gnu/bits/stdio_lim.h
[E 02:27:11 9974] Archiving /home/test/my-awesome-project/CISB/server/UBunalignedaccess/db-l47/src/usr/include/x86_64-linux-gnu/bits/floatn.h
[E 02:27:11 9974] Archiving /home/test/my-awesome-project/CISB/server/UBunalignedaccess/db-l47/src/usr/include/x86_64-linux-gnu/bits/floatn-common.h
[E 02:27:11 9974] Already archived /home/test/my-awesome-project/CISB/server/UBunalignedaccess/db-l47/src/usr/include/x86_64-linux-gnu/bits/long-double.h
[E 02:27:11 9974] Archiving /home/test/my-awesome-project/CISB/server/UBunalignedaccess/db-l47/src/usr/include/string.h
[E 02:27:11 9974] Already archived /home/test/my-awesome-project/CISB/server/UBunalignedaccess/db-l47/src/usr/include/x86_64-linux-gnu/bits/libc-header-start.h
[E 02:27:11 9974] Already archived /home/test/my-awesome-project/CISB/server/UBunalignedaccess/db-l47/src/usr/lib/gcc/x86_64-linux-gnu/13/include/stddef.h
[E 02:27:11 9974] Archiving /home/test/my-awesome-project/CISB/server/UBunalignedaccess/db-l47/src/usr/include/x86_64-linux-gnu/bits/types/locale_t.h
[E 02:27:11 9974] Archiving /home/test/my-awesome-project/CISB/server/UBunalignedaccess/db-l47/src/usr/include/x86_64-linux-gnu/bits/types/__locale_t.h
[E 02:27:11 9974] Archiving /home/test/my-awesome-project/CISB/server/UBunalignedaccess/db-l47/src/usr/include/strings.h
[E 02:27:11 9974] Already archived /home/test/my-awesome-project/CISB/server/UBunalignedaccess/db-l47/src/usr/lib/gcc/x86_64-linux-gnu/13/include/stddef.h
[E 02:27:11 9974] Creating trap tarball /home/test/my-awesome-project/CISB/server/UBunalignedaccess/db-l47/trap/cpp/tarballs/home/test/my-awesome-project/CISB/server/UBunalignedaccess/test1.c.c2bbac87_0.trap.tar.zst
[E 02:27:11 9974] Emitting trap files for test1.c
[E 02:27:11 9974] Opening existencedb in /home/test/my-awesome-project/CISB/server/UBunalignedaccess/db-l47/working/existencedb/db
[E 02:27:12 9974] Wrote 42 files to /home/test/my-awesome-project/CISB/server/UBunalignedaccess/db-l47/trap/cpp/tarballs/home/test/my-awesome-project/CISB/server/UBunalignedaccess/test1.c.c2bbac87_0.trap.tar.zst
[E 02:27:12 9974] Finished compilation TRAP /home/test/my-awesome-project/CISB/server/UBunalignedaccess/db-l47/trap/cpp/compilations/21/2970968_0.trap.zst
[E 02:27:12 9974] Marking C compilation as happened.
[E 02:27:12 9974] Setting tag c-compilation-happened
[E 02:27:12 9974] Starting from CODEQL_TRACER_DB_ID 00000000000026F4_0000000000000001
[E 02:27:12 9974] Locking DB /home/test/my-awesome-project/CISB/server/UBunalignedaccess/db-l47/working/tags.db
[E 02:27:12 9974] Locked DB /home/test/my-awesome-project/CISB/server/UBunalignedaccess/db-l47/working/tags.db
[E 02:27:12 9974] Set tag for 00000000000026F4_0000000000000001
[E 02:27:12 9974] Set tag for 00000000000026F2_0000000000000001
[E 02:27:12 9974] Set tag for 00000000000026EF_0000000000000003
[E 02:27:12 9974] Set tag for 00000000000026EF_0000000000000002
[E 02:27:12 9974] Set tag for root
[E 02:27:12 9974] Unlocking DB
[E 02:27:12 9974] Unlocked DB
[E 02:27:12 9974] Extractor exited successfully
[T 02:27:12 9972] Extractor /mnt/c/Tools/codeql/cpp/tools/linux64/extractor terminated with exit code 0.
[T 02:27:12 10197] Initializing tracer.
[T 02:27:12 10197] Initializing tags.
[T 02:27:12 10197] ID set to 00000000000027D5_0000000000000001 (parent 00000000000026F2_0000000000000001)
[T 02:27:12 10197] ==== Candidate to intercept: as (canonical: /usr/bin/as) ====
[T 02:27:12 10197] Lua: === Intercepted call to /usr/bin/as ===
[T 02:27:12 10197] Executing the following tracer actions:
[T 02:27:12 10197] Tracer actions:
[T 02:27:12 10197] pre_invocations(0)
[T 02:27:12 10197] post_invocations(1)
[T 02:27:12 10197] invocation: /mnt/c/Tools/codeql/cpp/tools/linux64/extractor, args: [--assembler, --codeql-assembler-executable, /usr/bin/as, --64, -o, test1.o, /tmp/ccbkZap7.s]
[T 02:27:12 10197] trace_languages(1): [cpp]
[T 02:27:12 10212] Attempting to switch stdout/stderr to 4...
[T 02:27:12 10212] Initializing tracer.
[T 02:27:12 10212] Initializing tags.
[T 02:27:12 10212] ID set to 00000000000027E4_0000000000000001 (parent 00000000000027D5_0000000000000001)
[E 02:27:12 10212] CodeQL C/C++ Extractor 2.25.1
[E 02:27:12 10212] Current directory: /home/test/my-awesome-project/CISB/server/UBunalignedaccess
[E 02:27:12 10212] Command: /mnt/c/Tools/codeql/cpp/tools/linux64/extractor --assembler --codeql-assembler-executable /usr/bin/as --64 -o test1.o /tmp/ccbkZap7.s
[E 02:27:12 10212] Extractor exited after mimicking assembler
[T 02:27:12 10197] Extractor /mnt/c/Tools/codeql/cpp/tools/linux64/extractor terminated with exit code 0.
[T 02:27:12 10276] Attempting to switch stdout/stderr to 4...
[T 02:27:12 10276] Initializing tracer.
[T 02:27:12 10276] Initializing tags.
[T 02:27:12 10276] ID set to 0000000000002824_0000000000000001 (parent 00000000000026F2_0000000000000001)
[E 02:27:12 10276] CodeQL C/C++ Extractor 2.25.1
[E 02:27:12 10276] Current directory: /home/test/my-awesome-project/CISB/server/UBunalignedaccess
[E 02:27:12 10276] Command: /mnt/c/Tools/codeql/cpp/tools/linux64/extractor --mimic /usr/bin/x86_64-linux-gnu-gcc-13 -c -o test1.o test1.c
[T 02:27:12 10327] Initializing tracer.
[T 02:27:12 10327] Initializing tags.
[T 02:27:12 10327] ID set to 0000000000002857_0000000000000001 (parent 0000000000002824_0000000000000001)
[T 02:27:12 10327] ==== Candidate to intercept: /usr/bin/x86_64-linux-gnu-gcc-13 (canonical: /usr/bin/x86_64-linux-gnu-gcc-13) ====
[T 02:27:12 10327] Lua: === Intercepted call to /usr/bin/x86_64-linux-gnu-gcc-13 ===
[T 02:27:12 10327] Executing the following tracer actions:
[T 02:27:12 10327] Tracer actions:
[T 02:27:12 10327] pre_invocations(0)
[T 02:27:12 10327] post_invocations(1)
[T 02:27:12 10327] invocation: /mnt/c/Tools/codeql/cpp/tools/linux64/extractor, args: [--mimic, /usr/bin/x86_64-linux-gnu-gcc-13, --version]
[T 02:27:12 10327] trace_languages(1): [cpp]
[T 02:27:12 10342] Attempting to switch stdout/stderr to 7...
[T 02:27:12 10342] Initializing tracer.
[T 02:27:12 10342] Initializing tags.
[T 02:27:12 10342] ID set to 0000000000002866_0000000000000001 (parent 0000000000002857_0000000000000001)
[E 02:27:12 10342] Mimicry classification suppression detected; exiting.
[E 02:27:12 10342] Extractor exited successfully
[T 02:27:12 10327] Extractor /mnt/c/Tools/codeql/cpp/tools/linux64/extractor terminated with exit code 0.
[T 02:27:12 10357] Initializing tracer.
[T 02:27:12 10357] Initializing tags.
[T 02:27:12 10357] ID set to 0000000000002875_0000000000000001 (parent 0000000000002824_0000000000000001)
[T 02:27:12 10357] ==== Candidate to intercept: /usr/bin/x86_64-linux-gnu-gcc-13 (canonical: /usr/bin/x86_64-linux-gnu-gcc-13) ====
[T 02:27:12 10357] Lua: === Intercepted call to /usr/bin/x86_64-linux-gnu-gcc-13 ===
[T 02:27:12 10357] Executing the following tracer actions:
[T 02:27:12 10357] Tracer actions:
[T 02:27:12 10357] pre_invocations(0)
[T 02:27:12 10357] post_invocations(1)
[T 02:27:12 10357] invocation: /mnt/c/Tools/codeql/cpp/tools/linux64/extractor, args: [--mimic, /usr/bin/x86_64-linux-gnu-gcc-13, --help]
[T 02:27:12 10357] trace_languages(1): [cpp]
[T 02:27:12 10359] Attempting to switch stdout/stderr to 7...
[T 02:27:12 10359] Initializing tracer.
[T 02:27:12 10359] Initializing tags.
[T 02:27:12 10359] ID set to 0000000000002877_0000000000000001 (parent 0000000000002875_0000000000000001)
[E 02:27:12 10359] Mimicry classification suppression detected; exiting.
[E 02:27:12 10359] Extractor exited successfully
[T 02:27:12 10357] Extractor /mnt/c/Tools/codeql/cpp/tools/linux64/extractor terminated with exit code 0.
[T 02:27:12 10360] Initializing tracer.
[T 02:27:12 10360] Initializing tags.
[T 02:27:12 10360] ID set to 0000000000002878_0000000000000001 (parent 0000000000002824_0000000000000001)
[T 02:27:12 10360] ==== Candidate to intercept: /usr/bin/x86_64-linux-gnu-gcc-13 (canonical: /usr/bin/x86_64-linux-gnu-gcc-13) ====
[T 02:27:12 10360] Lua: === Intercepted call to /usr/bin/x86_64-linux-gnu-gcc-13 ===
[T 02:27:12 10360] Executing the following tracer actions:
[T 02:27:12 10360] Tracer actions:
[T 02:27:12 10360] pre_invocations(0)
[T 02:27:12 10360] post_invocations(1)
[T 02:27:12 10360] invocation: /mnt/c/Tools/codeql/cpp/tools/linux64/extractor, args: [--mimic, /usr/bin/x86_64-linux-gnu-gcc-13, -nostdinc, -o, /home/test/my-awesome-project/CISB/server/UBunalignedaccess/db-l47/working/tmp//semmle_2_10276_210594.o, -c, /home/test/my-awesome-project/CISB/server/UBunalignedaccess/db-l47/working/tmp//semmle_1_10276_210514.c]
[T 02:27:12 10360] trace_languages(1): [cpp]
[T 02:27:12 10376] Initializing tracer.
[T 02:27:12 10376] Initializing tags.
[T 02:27:12 10376] ID set to 0000000000002888_0000000000000001 (parent 0000000000002878_0000000000000001)
[T 02:27:12 10376] ==== Candidate to intercept: /usr/libexec/gcc/x86_64-linux-gnu/13/cc1 (canonical: /usr/libexec/gcc/x86_64-linux-gnu/13/cc1) ====
[T 02:27:12 10376] Lua: === Intercepted call to /usr/libexec/gcc/x86_64-linux-gnu/13/cc1 ===
[T 02:27:12 10376] Executing the following tracer actions:
[T 02:27:12 10376] Tracer actions:
[T 02:27:12 10376] pre_invocations(0)
[T 02:27:12 10376] post_invocations(1)
[T 02:27:12 10376] invocation: /mnt/c/Tools/codeql/cpp/tools/linux64/extractor, args: [--mimic, /usr/libexec/gcc/x86_64-linux-gnu/13/cc1, -quiet, -nostdinc, -imultiarch, x86_64-linux-gnu, /home/test/my-awesome-project/CISB/server/UBunalignedaccess/db-l47/working/tmp//semmle_1_10276_210514.c, -quiet, -dumpdir, /home/test/my-awesome-project/CISB/server/UBunalignedaccess/db-l47/working/tmp//, -dumpbase, semmle_2_10276_210594.c, -dumpbase-ext, .c, -mtune=generic, -march=x86-64, -fasynchronous-unwind-tables, -fstack-protector-strong, -Wformat, -Wformat-security, -fstack-clash-protection, -fcf-protection, -o, /tmp/cciv6LXT.s]
[T 02:27:12 10376] trace_languages(1): [cpp]
[T 02:27:12 10378] Attempting to switch stdout/stderr to 7...
[T 02:27:12 10378] Initializing tracer.
[T 02:27:12 10378] Initializing tags.
[T 02:27:12 10378] ID set to 000000000000288A_0000000000000001 (parent 0000000000002888_0000000000000001)
[E 02:27:12 10378] Mimicry classification suppression detected; exiting.
[E 02:27:12 10378] Extractor exited successfully
[T 02:27:12 10376] Extractor /mnt/c/Tools/codeql/cpp/tools/linux64/extractor terminated with exit code 0.
[T 02:27:12 10379] Initializing tracer.
[T 02:27:12 10379] Initializing tags.
[T 02:27:12 10379] ID set to 000000000000288B_0000000000000001 (parent 0000000000002878_0000000000000001)
[T 02:27:12 10379] ==== Candidate to intercept: as (canonical: /usr/bin/as) ====
[T 02:27:12 10379] Lua: === Intercepted call to /usr/bin/as ===
[T 02:27:12 10379] Executing the following tracer actions:
[T 02:27:12 10379] Tracer actions:
[T 02:27:12 10379] pre_invocations(0)
[T 02:27:12 10379] post_invocations(1)
[T 02:27:12 10379] invocation: /mnt/c/Tools/codeql/cpp/tools/linux64/extractor, args: [--assembler, --codeql-assembler-executable, /usr/bin/as, --64, -o, /home/test/my-awesome-project/CISB/server/UBunalignedaccess/db-l47/working/tmp//semmle_2_10276_210594.o, /tmp/cciv6LXT.s]
[T 02:27:12 10379] trace_languages(1): [cpp]
[T 02:27:12 10381] Attempting to switch stdout/stderr to 7...
[T 02:27:12 10381] Initializing tracer.
[T 02:27:12 10381] Initializing tags.
[T 02:27:12 10381] ID set to 000000000000288D_0000000000000001 (parent 000000000000288B_0000000000000001)
[E 02:27:12 10381] Mimicry classification suppression detected; exiting.
[E 02:27:12 10381] Extractor exited successfully
[T 02:27:12 10379] Extractor /mnt/c/Tools/codeql/cpp/tools/linux64/extractor terminated with exit code 0.
[T 02:27:12 10382] Attempting to switch stdout/stderr to 7...
[T 02:27:12 10382] Initializing tracer.
[T 02:27:12 10382] Initializing tags.
[T 02:27:12 10382] ID set to 000000000000288E_0000000000000001 (parent 0000000000002878_0000000000000001)
[E 02:27:12 10382] Mimicry classification suppression detected; exiting.
[E 02:27:12 10382] Extractor exited successfully
[T 02:27:12 10360] Extractor /mnt/c/Tools/codeql/cpp/tools/linux64/extractor terminated with exit code 0.
[T 02:27:12 10383] Initializing tracer.
[T 02:27:12 10383] Initializing tags.
[T 02:27:12 10383] ID set to 000000000000288F_0000000000000001 (parent 0000000000002824_0000000000000001)
[T 02:27:12 10383] ==== Candidate to intercept: /usr/bin/x86_64-linux-gnu-gcc-13 (canonical: /usr/bin/x86_64-linux-gnu-gcc-13) ====
[T 02:27:12 10383] Lua: === Intercepted call to /usr/bin/x86_64-linux-gnu-gcc-13 ===
[T 02:27:12 10383] Executing the following tracer actions:
[T 02:27:12 10383] Tracer actions:
[T 02:27:12 10383] pre_invocations(0)
[T 02:27:12 10383] post_invocations(1)
[T 02:27:12 10383] invocation: /mnt/c/Tools/codeql/cpp/tools/linux64/extractor, args: [--mimic, /usr/bin/x86_64-linux-gnu-gcc-13, -nostdinc, -o, /home/test/my-awesome-project/CISB/server/UBunalignedaccess/db-l47/working/tmp//semmle_4_10276_293076.o, -c, /home/test/my-awesome-project/CISB/server/UBunalignedaccess/db-l47/working/tmp//semmle_3_10276_292897.c]
[T 02:27:12 10383] trace_languages(1): [cpp]
[T 02:27:12 10385] Initializing tracer.
[T 02:27:12 10385] Initializing tags.
[T 02:27:12 10385] ID set to 0000000000002891_0000000000000001 (parent 000000000000288F_0000000000000001)
[T 02:27:12 10385] ==== Candidate to intercept: /usr/libexec/gcc/x86_64-linux-gnu/13/cc1 (canonical: /usr/libexec/gcc/x86_64-linux-gnu/13/cc1) ====
[T 02:27:12 10385] Lua: === Intercepted call to /usr/libexec/gcc/x86_64-linux-gnu/13/cc1 ===
[T 02:27:12 10385] Executing the following tracer actions:
[T 02:27:12 10385] Tracer actions:
[T 02:27:12 10385] pre_invocations(0)
[T 02:27:12 10385] post_invocations(1)
[T 02:27:12 10385] invocation: /mnt/c/Tools/codeql/cpp/tools/linux64/extractor, args: [--mimic, /usr/libexec/gcc/x86_64-linux-gnu/13/cc1, -quiet, -nostdinc, -imultiarch, x86_64-linux-gnu, /home/test/my-awesome-project/CISB/server/UBunalignedaccess/db-l47/working/tmp//semmle_3_10276_292897.c, -quiet, -dumpdir, /home/test/my-awesome-project/CISB/server/UBunalignedaccess/db-l47/working/tmp//, -dumpbase, semmle_4_10276_293076.c, -dumpbase-ext, .c, -mtune=generic, -march=x86-64, -fasynchronous-unwind-tables, -fstack-protector-strong, -Wformat, -Wformat-security, -fstack-clash-protection, -fcf-protection, -o, /tmp/ccMrahiV.s]
[T 02:27:12 10385] trace_languages(1): [cpp]
[T 02:27:12 10388] Attempting to switch stdout/stderr to 7...
[T 02:27:12 10388] Initializing tracer.
[T 02:27:12 10388] Initializing tags.
[T 02:27:12 10388] ID set to 0000000000002894_0000000000000001 (parent 0000000000002891_0000000000000001)
[E 02:27:12 10388] Mimicry classification suppression detected; exiting.
[E 02:27:12 10388] Extractor exited successfully
[T 02:27:12 10385] Extractor /mnt/c/Tools/codeql/cpp/tools/linux64/extractor terminated with exit code 0.
[T 02:27:12 10389] Attempting to switch stdout/stderr to 7...
[T 02:27:12 10389] Initializing tracer.
[T 02:27:12 10389] Initializing tags.
[T 02:27:12 10389] ID set to 0000000000002895_0000000000000001 (parent 000000000000288F_0000000000000001)
[E 02:27:12 10389] Mimicry classification suppression detected; exiting.
[E 02:27:12 10389] Extractor exited successfully
[T 02:27:12 10383] Extractor /mnt/c/Tools/codeql/cpp/tools/linux64/extractor terminated with exit code 0.
[E 02:27:12 10276] Checking whether C compilation already happened.
[E 02:27:12 10276] Checking for tag c-compilation-happened
[E 02:27:12 10276] Checking CODEQL_TRACER_DB_ID 00000000000026F2_0000000000000001
[E 02:27:12 10276] Locking DB /home/test/my-awesome-project/CISB/server/UBunalignedaccess/db-l47/working/tags.db
[E 02:27:12 10276] Locked DB /home/test/my-awesome-project/CISB/server/UBunalignedaccess/db-l47/working/tags.db
[E 02:27:12 10276] Unlocking DB
[E 02:27:12 10276] Unlocked DB
[E 02:27:12 10276] Exiting as C compilation already happened.
[T 02:27:12 9970] Extractor /mnt/c/Tools/codeql/cpp/tools/linux64/extractor terminated with exit code 0.
