[T 03:07:58 34875] CodeQL CLI version 2.25.1
[T 03:07:58 34875] Initializing tracer.
[T 03:07:58 34875] Initializing tags.
[T 03:07:58 34875] ID set to 000000000000883B_0000000000000001 (parent root)
[T 03:07:58 34875] Initializing tracer.
[T 03:07:58 34875] Initializing tags.
[T 03:07:58 34875] ID set to 000000000000883B_0000000000000002 (parent root)
[T 03:07:58 34875] Warning: SEMMLE_EXEC and SEMMLE_EXECP not set. Falling back to path lookup on argv[0].
[T 03:07:58 34875] ==== Candidate to intercept: /mnt/c/Tools/codeql/tools/linux64/runner-linux (canonical: /mnt/c/Tools/codeql/tools/linux64/runner-linux) ====
[T 03:07:58 34875] Executing the following tracer actions:
[T 03:07:58 34875] Tracer actions:
[T 03:07:58 34875] pre_invocations(0)
[T 03:07:58 34875] post_invocations(0)
[T 03:07:58 34875] trace_languages(1): [cpp]
[T 03:07:58 34875] Initializing tracer.
[T 03:07:58 34875] Initializing tags.
[T 03:07:58 34875] ID set to 000000000000883B_0000000000000003 (parent 000000000000883B_0000000000000002)
[T 03:07:58 34875] ==== Candidate to intercept: make (canonical: /usr/bin/make) ====
[T 03:07:58 34875] Executing the following tracer actions:
[T 03:07:58 34875] Tracer actions:
[T 03:07:58 34875] pre_invocations(0)
[T 03:07:58 34875] post_invocations(0)
[T 03:07:58 34875] trace_languages(1): [cpp]
[T 03:07:58 34878] Initializing tracer.
[T 03:07:58 34878] Initializing tags.
[T 03:07:58 34878] ID set to 000000000000883E_0000000000000001 (parent 000000000000883B_0000000000000003)
[T 03:07:58 34878] ==== Candidate to intercept: /usr/bin/gcc (canonical: /usr/bin/x86_64-linux-gnu-gcc-13) ====
[T 03:07:58 34878] Lua: === Intercepted call to /usr/bin/x86_64-linux-gnu-gcc-13 ===
[T 03:07:58 34878] Executing the following tracer actions:
[T 03:07:58 34878] Tracer actions:
[T 03:07:58 34878] pre_invocations(0)
[T 03:07:58 34878] post_invocations(1)
[T 03:07:58 34878] invocation: /mnt/c/Tools/codeql/cpp/tools/linux64/extractor, args: [--mimic, /usr/bin/x86_64-linux-gnu-gcc-13, -c, -o, test1.o, test1.c]
[T 03:07:58 34878] trace_languages(1): [cpp]
[T 03:07:58 34880] Initializing tracer.
[T 03:07:58 34880] Initializing tags.
[T 03:07:58 34880] ID set to 0000000000008840_0000000000000001 (parent 000000000000883E_0000000000000001)
[T 03:07:58 34880] ==== Candidate to intercept: /usr/libexec/gcc/x86_64-linux-gnu/13/cc1 (canonical: /usr/libexec/gcc/x86_64-linux-gnu/13/cc1) ====
[T 03:07:58 34880] Lua: === Intercepted call to /usr/libexec/gcc/x86_64-linux-gnu/13/cc1 ===
[T 03:07:58 34880] Executing the following tracer actions:
[T 03:07:58 34880] Tracer actions:
[T 03:07:58 34880] pre_invocations(0)
[T 03:07:58 34880] post_invocations(1)
[T 03:07:58 34880] invocation: /mnt/c/Tools/codeql/cpp/tools/linux64/extractor, args: [--mimic, /usr/libexec/gcc/x86_64-linux-gnu/13/cc1, -quiet, -imultiarch, x86_64-linux-gnu, test1.c, -quiet, -dumpbase, test1.c, -dumpbase-ext, .c, -mtune=generic, -march=x86-64, -fasynchronous-unwind-tables, -fstack-protector-strong, -Wformat, -Wformat-security, -fstack-clash-protection, -fcf-protection, -o, /tmp/ccS0OFHh.s]
[T 03:07:58 34880] trace_languages(1): [cpp]
[T 03:07:58 34882] Attempting to switch stdout/stderr to 4...
[T 03:07:58 34882] Initializing tracer.
[T 03:07:58 34882] Initializing tags.
[T 03:07:58 34882] ID set to 0000000000008842_0000000000000001 (parent 0000000000008840_0000000000000001)
[E 03:07:58 34882] CodeQL C/C++ Extractor 2.25.1
[E 03:07:58 34882] Current directory: /home/test/my-awesome-project/CISB/server/eliminate
[E 03:07:58 34882] Command: /mnt/c/Tools/codeql/cpp/tools/linux64/extractor --mimic /usr/libexec/gcc/x86_64-linux-gnu/13/cc1 -quiet -imultiarch x86_64-linux-gnu test1.c -quiet -dumpbase test1.c -dumpbase-ext .c -mtune=generic -march=x86-64 -fasynchronous-unwind-tables -fstack-protector-strong -Wformat -Wformat-security -fstack-clash-protection -fcf-protection -o /tmp/ccS0OFHh.s
[T 03:07:58 34883] Initializing tracer.
[T 03:07:58 34883] Initializing tags.
[T 03:07:58 34883] ID set to 0000000000008843_0000000000000001 (parent 0000000000008842_0000000000000001)
[T 03:07:58 34883] ==== Candidate to intercept: /usr/libexec/gcc/x86_64-linux-gnu/13/cc1 (canonical: /usr/libexec/gcc/x86_64-linux-gnu/13/cc1) ====
[T 03:07:58 34883] Lua: === Intercepted call to /usr/libexec/gcc/x86_64-linux-gnu/13/cc1 ===
[T 03:07:58 34883] Executing the following tracer actions:
[T 03:07:58 34883] Tracer actions:
[T 03:07:58 34883] pre_invocations(0)
[T 03:07:58 34883] post_invocations(1)
[T 03:07:58 34883] invocation: /mnt/c/Tools/codeql/cpp/tools/linux64/extractor, args: [--mimic, /usr/libexec/gcc/x86_64-linux-gnu/13/cc1, --version]
[T 03:07:58 34883] trace_languages(1): [cpp]
[T 03:07:58 34885] Attempting to switch stdout/stderr to 7...
[T 03:07:58 34885] Initializing tracer.
[T 03:07:58 34885] Initializing tags.
[T 03:07:58 34885] ID set to 0000000000008845_0000000000000001 (parent 0000000000008843_0000000000000001)
[E 03:07:58 34885] Mimicry classification suppression detected; exiting.
[E 03:07:58 34885] Extractor exited successfully
[T 03:07:58 34883] Extractor /mnt/c/Tools/codeql/cpp/tools/linux64/extractor terminated with exit code 0.
[T 03:07:58 34886] Initializing tracer.
[T 03:07:58 34886] Initializing tags.
[T 03:07:58 34886] ID set to 0000000000008846_0000000000000001 (parent 0000000000008842_0000000000000001)
[T 03:07:58 34886] ==== Candidate to intercept: /usr/libexec/gcc/x86_64-linux-gnu/13/cc1 (canonical: /usr/libexec/gcc/x86_64-linux-gnu/13/cc1) ====
[T 03:07:58 34886] Lua: === Intercepted call to /usr/libexec/gcc/x86_64-linux-gnu/13/cc1 ===
[T 03:07:58 34886] Executing the following tracer actions:
[T 03:07:58 34886] Tracer actions:
[T 03:07:58 34886] pre_invocations(0)
[T 03:07:58 34886] post_invocations(1)
[T 03:07:58 34886] invocation: /mnt/c/Tools/codeql/cpp/tools/linux64/extractor, args: [--mimic, /usr/libexec/gcc/x86_64-linux-gnu/13/cc1, --help]
[T 03:07:58 34886] trace_languages(1): [cpp]
[T 03:07:58 34888] Attempting to switch stdout/stderr to 7...
[T 03:07:58 34888] Initializing tracer.
[T 03:07:58 34888] Initializing tags.
[T 03:07:58 34888] ID set to 0000000000008848_0000000000000001 (parent 0000000000008846_0000000000000001)
[E 03:07:58 34888] Mimicry classification suppression detected; exiting.
[E 03:07:58 34888] Extractor exited successfully
[T 03:07:58 34886] Extractor /mnt/c/Tools/codeql/cpp/tools/linux64/extractor terminated with exit code 0.
[T 03:07:58 34889] Initializing tracer.
[T 03:07:58 34889] Initializing tags.
[T 03:07:58 34889] ID set to 0000000000008849_0000000000000001 (parent 0000000000008842_0000000000000001)
[T 03:07:58 34889] ==== Candidate to intercept: /usr/libexec/gcc/x86_64-linux-gnu/13/cc1 (canonical: /usr/libexec/gcc/x86_64-linux-gnu/13/cc1) ====
[T 03:07:58 34889] Lua: === Intercepted call to /usr/libexec/gcc/x86_64-linux-gnu/13/cc1 ===
[T 03:07:58 34889] Executing the following tracer actions:
[T 03:07:58 34889] Tracer actions:
[T 03:07:58 34889] pre_invocations(0)
[T 03:07:58 34889] post_invocations(1)
[T 03:07:58 34889] invocation: /mnt/c/Tools/codeql/cpp/tools/linux64/extractor, args: [--mimic, /usr/libexec/gcc/x86_64-linux-gnu/13/cc1, -version, --help]
[T 03:07:58 34889] trace_languages(1): [cpp]
[T 03:07:58 34891] Attempting to switch stdout/stderr to 7...
[T 03:07:58 34891] Initializing tracer.
[T 03:07:58 34891] Initializing tags.
[T 03:07:58 34891] ID set to 000000000000884B_0000000000000001 (parent 0000000000008849_0000000000000001)
[E 03:07:58 34891] Mimicry classification suppression detected; exiting.
[E 03:07:58 34891] Extractor exited successfully
[T 03:07:58 34889] Extractor /mnt/c/Tools/codeql/cpp/tools/linux64/extractor terminated with exit code 0.
[T 03:07:58 34892] Initializing tracer.
[T 03:07:58 34892] Initializing tags.
[T 03:07:58 34892] ID set to 000000000000884C_0000000000000001 (parent 0000000000008842_0000000000000001)
[T 03:07:58 34892] ==== Candidate to intercept: /usr/libexec/gcc/x86_64-linux-gnu/13/cc1 (canonical: /usr/libexec/gcc/x86_64-linux-gnu/13/cc1) ====
[T 03:07:58 34892] Lua: === Intercepted call to /usr/libexec/gcc/x86_64-linux-gnu/13/cc1 ===
[T 03:07:58 34892] Executing the following tracer actions:
[T 03:07:58 34892] Tracer actions:
[T 03:07:58 34892] pre_invocations(0)
[T 03:07:58 34892] post_invocations(1)
[T 03:07:58 34892] invocation: /mnt/c/Tools/codeql/cpp/tools/linux64/extractor, args: [--mimic, /usr/libexec/gcc/x86_64-linux-gnu/13/cc1, -nostdinc, -o, /home/test/my-awesome-project/CISB/server/eliminate/db-l3/working/tmp//semmle_2_34882_420550.o, /home/test/my-awesome-project/CISB/server/eliminate/db-l3/working/tmp//semmle_1_34882_420518.c]
[T 03:07:58 34892] trace_languages(1): [cpp]
[T 03:07:58 34894] Attempting to switch stdout/stderr to 7...
[T 03:07:58 34894] Initializing tracer.
[T 03:07:58 34894] Initializing tags.
[T 03:07:58 34894] ID set to 000000000000884E_0000000000000001 (parent 000000000000884C_0000000000000001)
[E 03:07:58 34894] Mimicry classification suppression detected; exiting.
[E 03:07:58 34894] Extractor exited successfully
[T 03:07:58 34892] Extractor /mnt/c/Tools/codeql/cpp/tools/linux64/extractor terminated with exit code 0.
[T 03:07:58 34895] Initializing tracer.
[T 03:07:58 34895] Initializing tags.
[T 03:07:58 34895] ID set to 000000000000884F_0000000000000001 (parent 0000000000008842_0000000000000001)
[T 03:07:58 34895] ==== Candidate to intercept: /usr/libexec/gcc/x86_64-linux-gnu/13/cc1 (canonical: /usr/libexec/gcc/x86_64-linux-gnu/13/cc1) ====
[T 03:07:58 34895] Lua: === Intercepted call to /usr/libexec/gcc/x86_64-linux-gnu/13/cc1 ===
[T 03:07:58 34895] Executing the following tracer actions:
[T 03:07:58 34895] Tracer actions:
[T 03:07:58 34895] pre_invocations(0)
[T 03:07:58 34895] post_invocations(1)
[T 03:07:58 34895] invocation: /mnt/c/Tools/codeql/cpp/tools/linux64/extractor, args: [--mimic, /usr/libexec/gcc/x86_64-linux-gnu/13/cc1, -nostdinc, -o, /home/test/my-awesome-project/CISB/server/eliminate/db-l3/working/tmp//semmle_4_34882_454379.o, /home/test/my-awesome-project/CISB/server/eliminate/db-l3/working/tmp//semmle_3_34882_454329.c]
[T 03:07:58 34895] trace_languages(1): [cpp]
[T 03:07:58 34897] Attempting to switch stdout/stderr to 7...
[T 03:07:58 34897] Initializing tracer.
[T 03:07:58 34897] Initializing tags.
[T 03:07:58 34897] ID set to 0000000000008851_0000000000000001 (parent 000000000000884F_0000000000000001)
[E 03:07:58 34897] Mimicry classification suppression detected; exiting.
[E 03:07:58 34897] Extractor exited successfully
[T 03:07:58 34895] Extractor /mnt/c/Tools/codeql/cpp/tools/linux64/extractor terminated with exit code 0.
[E 03:07:58 34882] Checking whether C compilation already happened.
[E 03:07:58 34882] Checking for tag c-compilation-happened
[E 03:07:58 34882] Checking CODEQL_TRACER_DB_ID 0000000000008840_0000000000000001
[E 03:07:58 34882] Locking DB /home/test/my-awesome-project/CISB/server/eliminate/db-l3/working/tags.db
[E 03:07:58 34882] Locked DB /home/test/my-awesome-project/CISB/server/eliminate/db-l3/working/tags.db
[E 03:07:58 34882] Unlocking DB
[E 03:07:58 34882] Unlocked DB
[E 03:07:58 34882] Looks like C compilation didn't already happen.
[E 03:07:58 34882] Checking whether C compilation has been attempted.
[E 03:07:58 34882] Checking for tag c-compilation-attempted
[E 03:07:58 34882] Checking CODEQL_TRACER_DB_ID 0000000000008840_0000000000000001
[E 03:07:58 34882] Locking DB /home/test/my-awesome-project/CISB/server/eliminate/db-l3/working/tags.db
[E 03:07:58 34882] Locked DB /home/test/my-awesome-project/CISB/server/eliminate/db-l3/working/tags.db
[E 03:07:58 34882] Unlocking DB
[E 03:07:58 34882] Unlocked DB
[E 03:07:58 34882] Marking C compilation as attempted.
[E 03:07:58 34882] Setting tag c-compilation-attempted
[E 03:07:58 34882] Starting from CODEQL_TRACER_DB_ID 0000000000008840_0000000000000001
[E 03:07:58 34882] Locking DB /home/test/my-awesome-project/CISB/server/eliminate/db-l3/working/tags.db
[E 03:07:58 34882] Locked DB /home/test/my-awesome-project/CISB/server/eliminate/db-l3/working/tags.db
[E 03:07:58 34882] Set tag for 0000000000008840_0000000000000001
[E 03:07:58 34882] Set tag for 000000000000883E_0000000000000001
[E 03:07:58 34882] Set tag for 000000000000883B_0000000000000003
[E 03:07:58 34882] Set tag for 000000000000883B_0000000000000002
[E 03:07:58 34882] Set tag for root
[E 03:07:58 34882] Unlocking DB
[E 03:07:58 34882] Unlocked DB
[T 03:07:58 34898] Initializing tracer.
[T 03:07:58 34898] Initializing tags.
[T 03:07:58 34898] ID set to 0000000000008852_0000000000000001 (parent 0000000000008842_0000000000000001)
[T 03:07:58 34898] ==== Candidate to intercept: /usr/libexec/gcc/x86_64-linux-gnu/13/cc1 (canonical: /usr/libexec/gcc/x86_64-linux-gnu/13/cc1) ====
[T 03:07:58 34898] Lua: === Intercepted call to /usr/libexec/gcc/x86_64-linux-gnu/13/cc1 ===
[T 03:07:58 34898] Executing the following tracer actions:
[T 03:07:58 34898] Tracer actions:
[T 03:07:58 34898] pre_invocations(0)
[T 03:07:58 34898] post_invocations(1)
[T 03:07:58 34898] invocation: /mnt/c/Tools/codeql/cpp/tools/linux64/extractor, args: [--mimic, /usr/libexec/gcc/x86_64-linux-gnu/13/cc1, @/home/test/my-awesome-project/CISB/server/eliminate/db-l3/working/tmp//semmle_6_34882_488242, -v, -fsyntax-only, /home/test/my-awesome-project/CISB/server/eliminate/db-l3/working/tmp//semmle_7_34882_488366]
[T 03:07:58 34898] trace_languages(1): [cpp]
[T 03:07:58 34900] Attempting to switch stdout/stderr to 7...
[T 03:07:58 34900] Initializing tracer.
[T 03:07:58 34900] Initializing tags.
[T 03:07:58 34900] ID set to 0000000000008854_0000000000000001 (parent 0000000000008852_0000000000000001)
[E 03:07:58 34900] Mimicry classification suppression detected; exiting.
[E 03:07:58 34900] Extractor exited successfully
[T 03:07:58 34898] Extractor /mnt/c/Tools/codeql/cpp/tools/linux64/extractor terminated with exit code 0.
[T 03:07:58 34901] Initializing tracer.
[T 03:07:58 34901] Initializing tags.
[T 03:07:58 34901] ID set to 0000000000008855_0000000000000001 (parent 0000000000008842_0000000000000001)
[T 03:07:58 34901] ==== Candidate to intercept: /usr/libexec/gcc/x86_64-linux-gnu/13/cc1 (canonical: /usr/libexec/gcc/x86_64-linux-gnu/13/cc1) ====
[T 03:07:58 34901] Lua: === Intercepted call to /usr/libexec/gcc/x86_64-linux-gnu/13/cc1 ===
[T 03:07:58 34901] Executing the following tracer actions:
[T 03:07:58 34901] Tracer actions:
[T 03:07:58 34901] pre_invocations(0)
[T 03:07:58 34901] post_invocations(1)
[T 03:07:58 34901] invocation: /mnt/c/Tools/codeql/cpp/tools/linux64/extractor, args: [--mimic, /usr/libexec/gcc/x86_64-linux-gnu/13/cc1, @/home/test/my-awesome-project/CISB/server/eliminate/db-l3/working/tmp//semmle_6_34882_488242, -E, -dM, /home/test/my-awesome-project/CISB/server/eliminate/db-l3/working/tmp//semmle_8_34882_517877]
[T 03:07:58 34901] trace_languages(1): [cpp]
[T 03:07:58 34903] Attempting to switch stdout/stderr to 7...
[T 03:07:58 34903] Initializing tracer.
[T 03:07:58 34903] Initializing tags.
[T 03:07:58 34903] ID set to 0000000000008857_0000000000000001 (parent 0000000000008855_0000000000000001)
[E 03:07:58 34903] Mimicry classification suppression detected; exiting.
[E 03:07:58 34903] Extractor exited successfully
[T 03:07:58 34901] Extractor /mnt/c/Tools/codeql/cpp/tools/linux64/extractor terminated with exit code 0.
[T 03:07:58 34904] Initializing tracer.
[T 03:07:58 34904] Initializing tags.
[T 03:07:58 34904] ID set to 0000000000008858_0000000000000001 (parent 0000000000008842_0000000000000001)
[T 03:07:58 34904] ==== Candidate to intercept: /usr/libexec/gcc/x86_64-linux-gnu/13/cc1 (canonical: /usr/libexec/gcc/x86_64-linux-gnu/13/cc1) ====
[T 03:07:58 34904] Lua: === Intercepted call to /usr/libexec/gcc/x86_64-linux-gnu/13/cc1 ===
[T 03:07:58 34904] Executing the following tracer actions:
[T 03:07:58 34904] Tracer actions:
[T 03:07:58 34904] pre_invocations(0)
[T 03:07:58 34904] post_invocations(1)
[T 03:07:58 34904] invocation: /mnt/c/Tools/codeql/cpp/tools/linux64/extractor, args: [--mimic, /usr/libexec/gcc/x86_64-linux-gnu/13/cc1, @/home/test/my-awesome-project/CISB/server/eliminate/db-l3/working/tmp//semmle_9_34882_547021, -o, /home/test/my-awesome-project/CISB/server/eliminate/db-l3/working/tmp//semmle_11_34882_547163.o, /home/test/my-awesome-project/CISB/server/eliminate/db-l3/working/tmp//semmle_10_34882_547138.c]
[T 03:07:58 34904] trace_languages(1): [cpp]
[T 03:07:58 34906] Attempting to switch stdout/stderr to 7...
[T 03:07:58 34906] Initializing tracer.
[T 03:07:58 34906] Initializing tags.
[T 03:07:58 34906] ID set to 000000000000885A_0000000000000001 (parent 0000000000008858_0000000000000001)
[E 03:07:58 34906] Mimicry classification suppression detected; exiting.
[E 03:07:58 34906] Extractor exited successfully
[T 03:07:58 34904] Extractor /mnt/c/Tools/codeql/cpp/tools/linux64/extractor terminated with exit code 0.
[T 03:07:58 34907] Initializing tracer.
[T 03:07:58 34907] Initializing tags.
[T 03:07:58 34907] ID set to 000000000000885B_0000000000000001 (parent 0000000000008842_0000000000000001)
[T 03:07:58 34907] ==== Candidate to intercept: /usr/libexec/gcc/x86_64-linux-gnu/13/cc1 (canonical: /usr/libexec/gcc/x86_64-linux-gnu/13/cc1) ====
[T 03:07:58 34907] Lua: === Intercepted call to /usr/libexec/gcc/x86_64-linux-gnu/13/cc1 ===
[T 03:07:58 34907] Executing the following tracer actions:
[T 03:07:58 34907] Tracer actions:
[T 03:07:58 34907] pre_invocations(0)
[T 03:07:58 34907] post_invocations(1)
[T 03:07:58 34907] invocation: /mnt/c/Tools/codeql/cpp/tools/linux64/extractor, args: [--mimic, /usr/libexec/gcc/x86_64-linux-gnu/13/cc1, @/home/test/my-awesome-project/CISB/server/eliminate/db-l3/working/tmp//semmle_9_34882_547021, -o, /home/test/my-awesome-project/CISB/server/eliminate/db-l3/working/tmp//semmle_13_34882_574073.o, /home/test/my-awesome-project/CISB/server/eliminate/db-l3/working/tmp//semmle_12_34882_574038.c]
[T 03:07:58 34907] trace_languages(1): [cpp]
[T 03:07:58 34909] Attempting to switch stdout/stderr to 7...
[T 03:07:58 34909] Initializing tracer.
[T 03:07:58 34909] Initializing tags.
[T 03:07:58 34909] ID set to 000000000000885D_0000000000000001 (parent 000000000000885B_0000000000000001)
[E 03:07:58 34909] Mimicry classification suppression detected; exiting.
[E 03:07:58 34909] Extractor exited successfully
[T 03:07:58 34907] Extractor /mnt/c/Tools/codeql/cpp/tools/linux64/extractor terminated with exit code 0.
[T 03:07:58 34910] Initializing tracer.
[T 03:07:58 34910] Initializing tags.
[T 03:07:58 34910] ID set to 000000000000885E_0000000000000001 (parent 0000000000008842_0000000000000001)
[T 03:07:58 34910] ==== Candidate to intercept: /usr/libexec/gcc/x86_64-linux-gnu/13/cc1 (canonical: /usr/libexec/gcc/x86_64-linux-gnu/13/cc1) ====
[T 03:07:58 34910] Lua: === Intercepted call to /usr/libexec/gcc/x86_64-linux-gnu/13/cc1 ===
[T 03:07:58 34910] Executing the following tracer actions:
[T 03:07:58 34910] Tracer actions:
[T 03:07:58 34910] pre_invocations(0)
[T 03:07:58 34910] post_invocations(1)
[T 03:07:58 34910] invocation: /mnt/c/Tools/codeql/cpp/tools/linux64/extractor, args: [--mimic, /usr/libexec/gcc/x86_64-linux-gnu/13/cc1, @/home/test/my-awesome-project/CISB/server/eliminate/db-l3/working/tmp//semmle_9_34882_547021, -o, /home/test/my-awesome-project/CISB/server/eliminate/db-l3/working/tmp//semmle_15_34882_607829.o, /home/test/my-awesome-project/CISB/server/eliminate/db-l3/working/tmp//semmle_14_34882_607799.c]
[T 03:07:58 34910] trace_languages(1): [cpp]
[T 03:07:58 34922] Attempting to switch stdout/stderr to 7...
[T 03:07:58 34922] Initializing tracer.
[T 03:07:58 34922] Initializing tags.
[T 03:07:58 34922] ID set to 000000000000886A_0000000000000001 (parent 000000000000885E_0000000000000001)
[E 03:07:58 34922] Mimicry classification suppression detected; exiting.
[E 03:07:58 34922] Extractor exited successfully
[T 03:07:58 34910] Extractor /mnt/c/Tools/codeql/cpp/tools/linux64/extractor terminated with exit code 0.
[T 03:07:58 34941] Initializing tracer.
[T 03:07:58 34941] Initializing tags.
[T 03:07:58 34941] ID set to 000000000000887D_0000000000000001 (parent 0000000000008842_0000000000000001)
[T 03:07:58 34941] ==== Candidate to intercept: /usr/libexec/gcc/x86_64-linux-gnu/13/cc1 (canonical: /usr/libexec/gcc/x86_64-linux-gnu/13/cc1) ====
[T 03:07:58 34941] Lua: === Intercepted call to /usr/libexec/gcc/x86_64-linux-gnu/13/cc1 ===
[T 03:07:58 34941] Executing the following tracer actions:
[T 03:07:58 34941] Tracer actions:
[T 03:07:58 34941] pre_invocations(0)
[T 03:07:58 34941] post_invocations(1)
[T 03:07:58 34941] invocation: /mnt/c/Tools/codeql/cpp/tools/linux64/extractor, args: [--mimic, /usr/libexec/gcc/x86_64-linux-gnu/13/cc1, @/home/test/my-awesome-project/CISB/server/eliminate/db-l3/working/tmp//semmle_9_34882_547021, -o, /home/test/my-awesome-project/CISB/server/eliminate/db-l3/working/tmp//semmle_17_34882_635708.o, /home/test/my-awesome-project/CISB/server/eliminate/db-l3/working/tmp//semmle_16_34882_635661.c]
[T 03:07:58 34941] trace_languages(1): [cpp]
[T 03:07:58 34958] Attempting to switch stdout/stderr to 7...
[T 03:07:58 34958] Initializing tracer.
[T 03:07:58 34958] Initializing tags.
[T 03:07:58 34958] ID set to 000000000000888E_0000000000000001 (parent 000000000000887D_0000000000000001)
[E 03:07:58 34958] Mimicry classification suppression detected; exiting.
[E 03:07:58 34958] Extractor exited successfully
[T 03:07:58 34941] Extractor /mnt/c/Tools/codeql/cpp/tools/linux64/extractor terminated with exit code 0.
[T 03:07:58 34972] Initializing tracer.
[T 03:07:58 34972] Initializing tags.
[T 03:07:58 34972] ID set to 000000000000889C_0000000000000001 (parent 0000000000008842_0000000000000001)
[T 03:07:58 34972] ==== Candidate to intercept: /usr/libexec/gcc/x86_64-linux-gnu/13/cc1 (canonical: /usr/libexec/gcc/x86_64-linux-gnu/13/cc1) ====
[T 03:07:58 34972] Lua: === Intercepted call to /usr/libexec/gcc/x86_64-linux-gnu/13/cc1 ===
[T 03:07:58 34972] Executing the following tracer actions:
[T 03:07:58 34972] Tracer actions:
[T 03:07:58 34972] pre_invocations(0)
[T 03:07:58 34972] post_invocations(1)
[T 03:07:58 34972] invocation: /mnt/c/Tools/codeql/cpp/tools/linux64/extractor, args: [--mimic, /usr/libexec/gcc/x86_64-linux-gnu/13/cc1, @/home/test/my-awesome-project/CISB/server/eliminate/db-l3/working/tmp//semmle_9_34882_547021, -o, /home/test/my-awesome-project/CISB/server/eliminate/db-l3/working/tmp//semmle_19_34882_670680.o, /home/test/my-awesome-project/CISB/server/eliminate/db-l3/working/tmp//semmle_18_34882_670605.c]
[T 03:07:58 34972] trace_languages(1): [cpp]
[T 03:07:58 34988] Attempting to switch stdout/stderr to 7...
[T 03:07:58 34988] Initializing tracer.
[T 03:07:58 34988] Initializing tags.
[T 03:07:58 34988] ID set to 00000000000088AC_0000000000000001 (parent 000000000000889C_0000000000000001)
[E 03:07:58 34988] Mimicry classification suppression detected; exiting.
[E 03:07:58 34988] Extractor exited successfully
[T 03:07:58 34972] Extractor /mnt/c/Tools/codeql/cpp/tools/linux64/extractor terminated with exit code 0.
[T 03:07:58 35003] Initializing tracer.
[T 03:07:58 35003] Initializing tags.
[T 03:07:58 35003] ID set to 00000000000088BB_0000000000000001 (parent 0000000000008842_0000000000000001)
[T 03:07:58 35003] ==== Candidate to intercept: /usr/libexec/gcc/x86_64-linux-gnu/13/cc1 (canonical: /usr/libexec/gcc/x86_64-linux-gnu/13/cc1) ====
[T 03:07:58 35003] Lua: === Intercepted call to /usr/libexec/gcc/x86_64-linux-gnu/13/cc1 ===
[T 03:07:58 35003] Executing the following tracer actions:
[T 03:07:58 35003] Tracer actions:
[T 03:07:58 35003] pre_invocations(0)
[T 03:07:58 35003] post_invocations(1)
[T 03:07:58 35003] invocation: /mnt/c/Tools/codeql/cpp/tools/linux64/extractor, args: [--mimic, /usr/libexec/gcc/x86_64-linux-gnu/13/cc1, @/home/test/my-awesome-project/CISB/server/eliminate/db-l3/working/tmp//semmle_9_34882_547021, -o, /home/test/my-awesome-project/CISB/server/eliminate/db-l3/working/tmp//semmle_21_34882_698946.o, /home/test/my-awesome-project/CISB/server/eliminate/db-l3/working/tmp//semmle_20_34882_698889.c]
[T 03:07:58 35003] trace_languages(1): [cpp]
[T 03:07:58 35006] Attempting to switch stdout/stderr to 7...
[T 03:07:58 35006] Initializing tracer.
[T 03:07:58 35006] Initializing tags.
[T 03:07:58 35006] ID set to 00000000000088BE_0000000000000001 (parent 00000000000088BB_0000000000000001)
[E 03:07:58 35006] Mimicry classification suppression detected; exiting.
[E 03:07:58 35006] Extractor exited successfully
[T 03:07:58 35003] Extractor /mnt/c/Tools/codeql/cpp/tools/linux64/extractor terminated with exit code 0.
[E 03:07:58 34882] Processed command line: /mnt/c/Tools/codeql/cpp/tools/linux64/extractor --trapfolder /home/test/my-awesome-project/CISB/server/eliminate/db-l3/trap/cpp --src_archive /home/test/my-awesome-project/CISB/server/eliminate/db-l3/src --object_filename /tmp/ccS0OFHh.s --no_warnings_and_discretionary_errors --error_limit 1000 --disable_system_macros --variadic_macros --incognito --gcc --gnu_version 130300 --target linux_x86_64 '-D__DBL_MIN_EXP__=(-1021)' -D__UINT_LEAST16_MAX__=0xffff -D__FLT16_HAS_QUIET_NAN__=1 -D__ATOMIC_ACQUIRE=2 -D__FLT128_MAX_10_EXP__=4932 -D__FLT_MIN__=1.17549435082228750796873653722224568e-38F -D__GCC_IEC_559_COMPLEX=2 '-D__UINT_LEAST8_TYPE__=unsigned char' -D__SIZEOF_FLOAT80__=16 -D__BFLT16_DENORM_MIN__=9.18354961579912115600575419704879436e-41BF16 '-D__INTMAX_C(c)=c ## L' -D__CHAR_BIT__=8 -D__UINT8_MAX__=0xff -D__SCHAR_WIDTH__=8 -D__WINT_MAX__=0xffffffffU '-D__FLT32_MIN_EXP__=(-125)' -D__BFLT16_NORM_MAX__=3.38953138925153547590470800371487867e+38BF16 '-D__BFLT16_MIN_10_EXP__=(-37)' -D__ORDER_LITTLE_ENDIAN__=1234 -D__WCHAR_MAX__=0x7fffffff -D__GCC_HAVE_SYNC_COMPARE_AND_SWAP_2=1 -D__GCC_HAVE_SYNC_COMPARE_AND_SWAP_4=1 -D__GCC_HAVE_SYNC_COMPARE_AND_SWAP_8=1 -D__GCC_ATOMIC_CHAR_LOCK_FREE=2 -D__GCC_IEC_559=2 -D__FLT32X_DECIMAL_DIG__=17 -D__FLT_EVAL_METHOD__=0 -D__FLT64_DECIMAL_DIG__=17 -D__CET__=3 -D__GCC_ATOMIC_CHAR32_T_LOCK_FREE=2 -D__UINT_FAST64_MAX__=0xffffffffffffffffUL -D__SIG_ATOMIC_TYPE__=int '-D__DBL_MIN_10_EXP__=(-307)' -D__FINITE_MATH_ONLY__=0 -D__FLT32X_MAX_EXP__=1024 -D__GCC_HAVE_SYNC_COMPARE_AND_SWAP_1=1 -D__FLT32_HAS_DENORM__=1 -D__UINT_FAST8_MAX__=0xff -D__FLT32_MAX_10_EXP__=38 -D__DEC64_MAX_EXP__=385 '-D__INT8_C(c)=c' -D__INT_LEAST8_WIDTH__=8 -D__UINT_LEAST64_MAX__=0xffffffffffffffffUL -D__SHRT_MAX__=0x7fff -D__LDBL_MAX__=1.18973149535723176502126385303097021e+4932L -D__FLT64X_MAX_10_EXP__=4932 -D__BFLT16_MAX_10_EXP__=38 -D__BFLT16_MAX_EXP__=128 -D__LDBL_IS_IEC_60559__=1 -D__FLT64X_HAS_QUIET_NAN__=1 -D__UINT_LEAST8_MAX__=0xff -D__GCC_ATOMIC_BOOL_LOCK_FREE=2 -D__FLT128_DENORM_MIN__=6.47517511943802511092443895822764655e-4966F128 '-D__UINTMAX_TYPE__=long unsigned int' -D__BFLT16_DECIMAL_DIG__=4 -D__linux=1 -D__DEC32_EPSILON__=1E-6DF -D__FLT_EVAL_METHOD_TS_18661_3__=0 -D__UINT32_MAX__=0xffffffffU '-D__DBL_DENORM_MIN__=((double)4.94065645841246544176568792868221372e-324L)' '-D__FLT128_MIN_EXP__=(-16381)' -D__WINT_MIN__=0U '-D__FLT128_MIN_10_EXP__=(-4931)' -D__FLT32X_IS_IEC_60559__=1 -D__INT_LEAST16_WIDTH__=16 -D__SCHAR_MAX__=0x7f -D__FLT128_MANT_DIG__=113 '-D__WCHAR_MIN__=(-__WCHAR_MAX__ - 1)' '-D__INT64_C(c)=c ## L' -D__SSP_STRONG__=3 -D__GCC_ATOMIC_POINTER_LOCK_FREE=2 -D__ATOMIC_SEQ_CST=5 -D__unix=1 -D__INT_LEAST64_MAX__=0x7fffffffffffffffL -D__FLT32X_MANT_DIG__=53 -D__FLT64X_EPSILON__=1.08420217248550443400745280086994171e-19F64x '-D__DEC64_MIN_EXP__=(-382)' -D__DBL_DIG__=15 -D__FLT_EPSILON__=1.19209289550781250000000000000000000e-7F -D__SHRT_WIDTH__=16 -D__FLT32_IS_IEC_60559__=1 -D__LDBL_MIN__=3.36210314311209350626267781732175260e-4932L -D__STDC_UTF_16__=1 -D__DBL_IS_IEC_60559__=1 -D__DEC32_MAX__=9.999999E96DF -D__FLT64X_DENORM_MIN__=3.64519953188247460252840593361941982e-4951F64x -D__FLT32X_HAS_INFINITY__=1 -D__unix__=1 -D__INT_WIDTH__=32 -D__STDC_IEC_559__=1 -D__STDC_ISO_10646__=201706L -D__DECIMAL_DIG__=21 -D__STDC_IEC_559_COMPLEX__=1 -D__FLT64_EPSILON__=2.22044604925031308084726333618164062e-16F64 -D__gnu_linux__=1 -D__FLT128_IS_IEC_60559__=1 '-D__FLT64X_MIN_10_EXP__=(-4931)' -D__LDBL_HAS_QUIET_NAN__=1 '-D__FLT16_MIN_EXP__=(-13)' -D__FLT64_MANT_DIG__=53 -D__FLT64X_MANT_DIG__=64 -D__BFLT16_DIG__=2 -D__pie__=2 -D__MMX__=1 -D__FLT_HAS_DENORM__=1 -D__SIZEOF_LONG_DOUBLE__=16 -D__BIGGEST_ALIGNMENT__=16 -D__FLT64_MAX_10_EXP__=308 -D__BFLT16_IS_IEC_60559__=0 -D__FLT16_MAX_10_EXP__=4 '-D__DBL_MAX__=((double)1.79769313486231570814527423731704357e+308L)' -D__INT_FAST32_MAX__=0x7fffffffffffffffL -D__DBL_HAS_INFINITY__=1 -D__INT64_MAX__=0x7fffffffffffffffL -D__SIZEOF_FLOAT__=4 -D__HAVE_SPECULATION_SAFE_VALUE=1 '-D__DEC32_MIN_EXP__=(-94)' -D__INTPTR_WIDTH__=64 -D__UINT_LEAST32_MAX__=0xffffffffU -D__FLT32X_HAS_DENORM__=1 '-D__INT_FAST16_TYPE__=long int' -D__MMX_WITH_SSE__=1 -D__LDBL_HAS_DENORM__=1 -D__SEG_GS=1 -D__BFLT16_EPSILON__=7.81250000000000000000000000000000000e-3BF16 -D__FLT128_HAS_INFINITY__=1 -D__DEC32_MIN__=1E-95DF -D__DBL_MAX_EXP__=1024 -D__WCHAR_WIDTH__=32 -D__FLT32_MAX__=3.40282346638528859811704183484516925e+38F32 -D__DEC128_EPSILON__=1E-33DL -D__FLT16_DECIMAL_DIG__=5 -D__SSE2_MATH__=1 -D__ATOMIC_HLE_RELEASE=131072 -D__PTRDIFF_MAX__=0x7fffffffffffffffL -D__amd64=1 -D__ATOMIC_HLE_ACQUIRE=65536 -D__LONG_LONG_MAX__=0x7fffffffffffffffLL -D__SIZEOF_SIZE_T__=8 -D__BFLT16_HAS_INFINITY__=1 '-D__FLT64X_MIN_EXP__=(-16381)' -D__SIZEOF_WINT_T__=4 -D__LONG_LONG_WIDTH__=64 -D__FLT32_MAX_EXP__=128 -D__GXX_ABI_VERSION=1018 '-D__FLT_MIN_EXP__=(-125)' -D__GCC_HAVE_DWARF2_CFI_ASM=1 -D__INT16_MAX__=0x7fff -D__x86_64=1 '-D__INT_FAST64_TYPE__=long int' -D__BFLT16_MAX__=3.38953138925153547590470800371487867e+38BF16 -D__BFLT16_HAS_DENORM__=1 -D__FLT64_DENORM_MIN__=4.94065645841246544176568792868221372e-324F64 -D__FLT16_DENORM_MIN__=5.96046447753906250000000000000000000e-8F16 -D__FLT128_EPSILON__=1.92592994438723585305597794258492732e-34F128 -D__FLT64X_NORM_MAX__=1.18973149535723176502126385303097021e+4932F64x -D__SIZEOF_POINTER__=8 '-D__SIZE_TYPE__=long unsigned int' -D__LP64__=1 -D__DBL_HAS_QUIET_NAN__=1 -D__FLT32X_EPSILON__=2.22044604925031308084726333618164062e-16F32x -D__LDBL_MAX_EXP__=16384 -D__DECIMAL_BID_FORMAT__=1 '-D__FLT64_MIN_EXP__=(-1021)' '-D__FLT64_MIN_10_EXP__=(-307)' '-D__FLT16_MIN_10_EXP__=(-4)' -D__FLT64X_DECIMAL_DIG__=21 -D__DEC128_MIN__=1E-6143DL -D__REGISTER_PREFIX__= -D__UINT16_MAX__=0xffff -D__DBL_HAS_DENORM__=1 -D__FLT32_MIN__=1.17549435082228750796873653722224568e-38F32 '-D__UINT8_TYPE__=unsigned char' -D__FLT_DIG__=6 -D__NO_INLINE__=1 -D__DEC_EVAL_METHOD__=2 -D__FLT_MANT_DIG__=24 -D__LDBL_DECIMAL_DIG__=21 '-D__UINT64_C(c)=c ## UL' -D_STDC_PREDEF_H=1 -D__INT_LEAST32_MAX__=0x7fffffff -D__GCC_ATOMIC_INT_LOCK_FREE=2 -D__FLT128_MAX_EXP__=16384 -D__FLT32_MANT_DIG__=24 -D__FLOAT_WORD_ORDER__=__ORDER_LITTLE_ENDIAN__ '-D__FLT32X_MIN_EXP__=(-1021)' -D__STDC_IEC_60559_COMPLEX__=201404L -D__BFLT16_MIN__=1.17549435082228750796873653722224568e-38BF16 -D__FLT128_HAS_DENORM__=1 -D__FLT32_DECIMAL_DIG__=9 -D__FLT128_DIG__=33 '-D__INT32_C(c)=c' -D__DEC64_EPSILON__=1E-15DD -D__ORDER_PDP_ENDIAN__=3412 '-D__DEC128_MIN_EXP__=(-6142)' -D__DEC128_MAX__=9.999999999999999999999999999999999E6144DL '-D__INT_FAST32_TYPE__=long int' '-D__UINT_LEAST16_TYPE__=short unsigned int' -D__DEC128_MAX_EXP__=6145 -Dunix=1 -D__UINT64_MAX__=0xffffffffffffffffUL -D__FLT_IS_IEC_60559__=1 '-D__GNUC_WIDE_EXECUTION_CHARSET_NAME="UTF-32LE"' -D__FLT64X_DIG__=18 '-D__INT8_TYPE__=signed char' -D__ELF__=1 -D__GCC_ASM_FLAG_OUTPUTS__=1 '-D__UINT32_TYPE__=unsigned int' -D__BFLT16_HAS_QUIET_NAN__=1 -D__FLT_RADIX__=2 '-D__INT_LEAST16_TYPE__=short int' -D__LDBL_EPSILON__=1.08420217248550443400745280086994171e-19L '-D__UINTMAX_C(c)=c ## UL' -D__FLT16_DIG__=3 -D__SSE_MATH__=1 -D__k8=1 -D__FLT32X_MIN__=2.22507385850720138309023271733240406e-308F32x -D__SIG_ATOMIC_MAX__=0x7fffffff -D__GCC_ATOMIC_WCHAR_T_LOCK_FREE=2 -D__USER_LABEL_PREFIX__= -D__STDC_IEC_60559_BFP__=201404L -D__SIZEOF_PTRDIFF_T__=8 -D__FLT64X_HAS_INFINITY__=1 -D__FLT32_HAS_INFINITY__=1 -D__SIZEOF_LONG__=8 -D__LDBL_DIG__=18 -D__FLT64_IS_IEC_60559__=1 -D__x86_64__=1 -D__FLT16_IS_IEC_60559__=1 -D__FLT16_MAX_EXP__=16 -D__DEC32_SUBNORMAL_MIN__=0.000001E-95DF -D__INT_FAST16_MAX__=0x7fffffffffffffffL -D__GCC_CONSTRUCTIVE_SIZE=64 -D__FLT64_DIG__=15 -D__UINT_FAST32_MAX__=0xffffffffffffffffUL '-D__UINT_LEAST64_TYPE__=long unsigned int' -D__FLT16_EPSILON__=9.76562500000000000000000000000000000e-4F16 -D__FLT_HAS_QUIET_NAN__=1 -D__FLT_MAX_10_EXP__=38 -D__LONG_MAX__=0x7fffffffffffffffL -D__FLT64X_HAS_DENORM__=1 -D__DEC128_SUBNORMAL_MIN__=0.000000000000000000000000000000001E-6143DL -D__FLT_HAS_INFINITY__=1 '-D__GNUC_EXECUTION_CHARSET_NAME="UTF-8"' '-D__UINT_FAST16_TYPE__=long unsigned int' -D__DEC64_MAX__=9.999999999999999E384DD -D__INT_FAST32_WIDTH__=64 -D__PRAGMA_REDEFINE_EXTNAME=1 -D__SIZE_WIDTH__=64 -D__SEG_FS=1 -D__INT_LEAST16_MAX__=0x7fff -D__FLT16_NORM_MAX__=6.55040000000000000000000000000000000e+4F16 -D__DEC64_MANT_DIG__=16 -D__FLT32_DENORM_MIN__=1.40129846432481707092372958328991613e-45F32 -D__SIG_ATOMIC_WIDTH__=32 '-D__INT_LEAST64_TYPE__=long int' '-D__INT16_TYPE__=short int' '-D__INT_LEAST8_TYPE__=signed char' -D__FLT16_MAX__=6.55040000000000000000000000000000000e+4F16 -D__FLT128_MIN__=3.36210314311209350626267781732175260e-4932F128 -D__SIZEOF_INT__=4 -D__DEC32_MAX_EXP__=97 -D__INT_FAST8_MAX__=0x7f -D__FLT128_MAX__=1.18973149535723176508575932662800702e+4932F128 -D__INTPTR_MAX__=0x7fffffffffffffffL -Dlinux=1 -D__FLT64_HAS_QUIET_NAN__=1 '-D__FLT32_MIN_10_EXP__=(-37)' -D__FLT32X_DIG__=15 '-D__UINT16_C(c)=c' -D__PTRDIFF_WIDTH__=64 -D__LDBL_MANT_DIG__=64 -D__INT_FAST16_WIDTH__=64 -D__FLT64_HAS_INFINITY__=1 -D__FLT64X_MAX__=1.18973149535723176502126385303097021e+4932F64x -D__FLT16_HAS_INFINITY__=1 '-D__SIG_ATOMIC_MIN__=(-__SIG_ATOMIC_MAX__ - 1)' -D__code_model_small__=1 -D__GCC_ATOMIC_LONG_LOCK_FREE=2 -D__DEC32_MANT_DIG__=7 -D__FLT16_MANT_DIG__=11 -D__k8__=1 '-D__INTPTR_TYPE__=long int' '-D__UINT16_TYPE__=short unsigned int' -D__WCHAR_TYPE__=int -D__pic__=2 -D__UINTPTR_MAX__=0xffffffffffffffffUL -D__INT_FAST64_WIDTH__=64 -D__LDBL_HAS_INFINITY__=1 -D__INT_FAST64_MAX__=0x7fffffffffffffffL -D__GCC_ATOMIC_TEST_AND_SET_TRUEVAL=1 -D__FLT_NORM_MAX__=3.40282346638528859811704183484516925e+38F -D__FLT64X_MAX_EXP__=16384 '-D__UINT_FAST64_TYPE__=long unsigned int' '-D__BFLT16_MIN_EXP__=(-125)' -D__INT_MAX__=0x7fffffff -D__linux__=1 '-D__INT64_TYPE__=long int' -D__FLT_MAX_EXP__=128 -D__ORDER_BIG_ENDIAN__=4321 -D__DBL_MANT_DIG__=53 -D__SIZEOF_FLOAT128__=16 -D__BFLT16_MANT_DIG__=8 -D__GCC_ATOMIC_CHAR16_T_LOCK_FREE=2 -D__DEC64_MIN__=1E-383DD '-D__WINT_TYPE__=unsigned int' '-D__UINT_LEAST32_TYPE__=unsigned int' -D__SIZEOF_SHORT__=2 -D__FLT32_NORM_MAX__=3.40282346638528859811704183484516925e+38F32 -D__SSE__=1 '-D__LDBL_MIN_EXP__=(-16381)' -D__FLT64_MAX__=1.79769313486231570814527423731704357e+308F64 -D__amd64__=1 -D__WINT_WIDTH__=32 -D__INT_LEAST8_MAX__=0x7f -D__INT_LEAST64_WIDTH__=64 -D__FLT32X_MAX_10_EXP__=308 -D__SIZEOF_INT128__=16 -D__FLT16_MIN__=6.10351562500000000000000000000000000e-5F16 -D__FLT64X_IS_IEC_60559__=1 -D__LDBL_MAX_10_EXP__=4932 -D__ATOMIC_RELAXED=0 '-D__DBL_EPSILON__=((double)2.22044604925031308084726333618164062e-16L)' -D__INT_LEAST32_TYPE__=int -D_LP64=1 '-D__UINT8_C(c)=c' -D__FLT64_MAX_EXP__=1024 -D__SIZEOF_WCHAR_T__=4 '-D__UINT64_TYPE__=long unsigned int' -D__FLT128_NORM_MAX__=1.18973149535723176508575932662800702e+4932F128 -D__FLT64_NORM_MAX__=1.79769313486231570814527423731704357e+308F64 -D__FLT128_HAS_QUIET_NAN__=1 -D__INTMAX_MAX__=0x7fffffffffffffffL '-D__INT_FAST8_TYPE__=signed char' -D__FLT64X_MIN__=3.36210314311209350626267781732175260e-4932F64x -D__FLT64_HAS_DENORM__=1 -D__FLT32_EPSILON__=1.19209289550781250000000000000000000e-7F32 -D__FLT16_HAS_DENORM__=1 -D__DBL_DECIMAL_DIG__=17 -D__STDC_UTF_32__=1 -D__INT_FAST8_WIDTH__=8 -D__FXSR__=1 -D__FLT32X_MAX__=1.79769313486231570814527423731704357e+308F32x '-D__DBL_NORM_MAX__=((double)1.79769313486231570814527423731704357e+308L)' -D__BYTE_ORDER__=__ORDER_LITTLE_ENDIAN__ -D__GCC_DESTRUCTIVE_SIZE=64 -D__INTMAX_WIDTH__=64 -D__FLT32_DIG__=6 '-D__UINT32_C(c)=c ## U' -D__FLT_DENORM_MIN__=1.40129846432481707092372958328991613e-45F -D__INT8_MAX__=0x7f -D__LONG_WIDTH__=64 '-D__DBL_MIN__=((double)2.22507385850720138309023271733240406e-308L)' -D__PIC__=2 -D__INT32_MAX__=0x7fffffff '-D__UINT_FAST32_TYPE__=long unsigned int' -D__FLT32X_NORM_MAX__=1.79769313486231570814527423731704357e+308F32x -D__FLT_MAX__=3.40282346638528859811704183484516925e+38F -D__SSE2__=1 -D__INT32_TYPE__=int -D__SIZEOF_DOUBLE__=8 '-D__FLT_MIN_10_EXP__=(-37)' -D__FLT64_MIN__=2.22507385850720138309023271733240406e-308F64 -D__INT_LEAST32_WIDTH__=32 '-D__INTMAX_TYPE__=long int' -D__FLT32X_HAS_QUIET_NAN__=1 -D__ATOMIC_CONSUME=1 -D__UINTMAX_MAX__=0xffffffffffffffffUL -D__PIE__=2 -D__FLT32X_DENORM_MIN__=4.94065645841246544176568792868221372e-324F32x -D__DBL_MAX_10_EXP__=308 -D__LDBL_DENORM_MIN__=3.64519953188247460252840593361941982e-4951L '-D__INT16_C(c)=c' '-D__PTRDIFF_TYPE__=long int' '-D__FLT32X_MIN_10_EXP__=(-307)' '-D__UINTPTR_TYPE__=long unsigned int' -D__DEC64_SUBNORMAL_MIN__=0.000000000000001E-383DD -D__DEC128_MANT_DIG__=34 '-D__LDBL_MIN_10_EXP__=(-4931)' -D__SIZEOF_LONG_LONG__=8 -D__FLT128_DECIMAL_DIG__=36 -D__GCC_ATOMIC_LLONG_LOCK_FREE=2 -D__FLT32_HAS_QUIET_NAN__=1 -D__FLT_DECIMAL_DIG__=9 -D__UINT_FAST16_MAX__=0xffffffffffffffffUL -D__LDBL_NORM_MAX__=1.18973149535723176502126385303097021e+4932L -D__GCC_ATOMIC_SHORT_LOCK_FREE=2 -D__SIZE_MAX__=0xffffffffffffffffUL '-D__UINT_FAST8_TYPE__=unsigned char' -D__ATOMIC_ACQ_REL=4 -D__ATOMIC_RELEASE=3 -I/usr/lib/gcc/x86_64-linux-gnu/13/include -I/usr/local/include -I/usr/include/x86_64-linux-gnu -I/usr/include -- test1.c
[E 03:07:58 34882] CODEQL_EXTRACTOR_CPP_TRAP_CACHING is not set
[E 03:07:58 34882] CODEQL_EXTRACTOR_CPP_OPTION_TRAP_CACHE_WRITE is not set
[E 03:07:58 34882] CODEQL_EXTRACTOR_CPP_OPTION_TRAP_CACHE_DIR is not set
[E 03:07:58 34882] Initialising TRAP cache at path: 7c/94ed/ed6a6722a857d655f96e66d23166
[E 03:07:58 34882] Not using TRAP cache
[E 03:07:58 34882] TRAP cache miss
[E 03:07:58 34882] Starting compilation TRAP /home/test/my-awesome-project/CISB/server/eliminate/db-l3/trap/cpp/compilations/40/48187285_0.trap.zst
[E 03:07:58 34882] Archiving /home/test/my-awesome-project/CISB/server/eliminate/db-l3/src/home/test/my-awesome-project/CISB/server/eliminate/test1.c
[E 03:07:58 34882] Archiving /home/test/my-awesome-project/CISB/server/eliminate/db-l3/src/usr/include/stdio.h
[E 03:07:58 34882] Archiving /home/test/my-awesome-project/CISB/server/eliminate/db-l3/src/usr/include/x86_64-linux-gnu/bits/libc-header-start.h
[E 03:07:58 34882] Archiving /home/test/my-awesome-project/CISB/server/eliminate/db-l3/src/usr/include/features.h
[E 03:07:58 34882] Archiving /home/test/my-awesome-project/CISB/server/eliminate/db-l3/src/usr/include/features-time64.h
[E 03:07:58 34882] Archiving /home/test/my-awesome-project/CISB/server/eliminate/db-l3/src/usr/include/x86_64-linux-gnu/bits/wordsize.h
[E 03:07:58 34882] Archiving /home/test/my-awesome-project/CISB/server/eliminate/db-l3/src/usr/include/x86_64-linux-gnu/bits/timesize.h
[E 03:07:58 34882] Already archived /home/test/my-awesome-project/CISB/server/eliminate/db-l3/src/usr/include/x86_64-linux-gnu/bits/wordsize.h
[E 03:07:58 34882] Archiving /home/test/my-awesome-project/CISB/server/eliminate/db-l3/src/usr/include/stdc-predef.h
[E 03:07:58 34882] Archiving /home/test/my-awesome-project/CISB/server/eliminate/db-l3/src/usr/include/x86_64-linux-gnu/sys/cdefs.h
[E 03:07:58 34882] Already archived /home/test/my-awesome-project/CISB/server/eliminate/db-l3/src/usr/include/x86_64-linux-gnu/bits/wordsize.h
[E 03:07:58 34882] Archiving /home/test/my-awesome-project/CISB/server/eliminate/db-l3/src/usr/include/x86_64-linux-gnu/bits/long-double.h
[E 03:07:58 34882] Archiving /home/test/my-awesome-project/CISB/server/eliminate/db-l3/src/usr/include/x86_64-linux-gnu/gnu/stubs.h
[E 03:07:58 34882] Archiving /home/test/my-awesome-project/CISB/server/eliminate/db-l3/src/usr/include/x86_64-linux-gnu/gnu/stubs-64.h
[E 03:07:58 34882] Archiving /home/test/my-awesome-project/CISB/server/eliminate/db-l3/src/usr/lib/gcc/x86_64-linux-gnu/13/include/stddef.h
[E 03:07:58 34882] Archiving /home/test/my-awesome-project/CISB/server/eliminate/db-l3/src/usr/lib/gcc/x86_64-linux-gnu/13/include/stdarg.h
[E 03:07:58 34882] Archiving /home/test/my-awesome-project/CISB/server/eliminate/db-l3/src/usr/include/x86_64-linux-gnu/bits/types.h
[E 03:07:58 34882] Already archived /home/test/my-awesome-project/CISB/server/eliminate/db-l3/src/usr/include/x86_64-linux-gnu/bits/wordsize.h
[E 03:07:58 34882] Already archived /home/test/my-awesome-project/CISB/server/eliminate/db-l3/src/usr/include/x86_64-linux-gnu/bits/timesize.h
[E 03:07:58 34882] Already archived /home/test/my-awesome-project/CISB/server/eliminate/db-l3/src/usr/include/x86_64-linux-gnu/bits/wordsize.h
[E 03:07:58 34882] Archiving /home/test/my-awesome-project/CISB/server/eliminate/db-l3/src/usr/include/x86_64-linux-gnu/bits/typesizes.h
[E 03:07:58 34882] Archiving /home/test/my-awesome-project/CISB/server/eliminate/db-l3/src/usr/include/x86_64-linux-gnu/bits/time64.h
[E 03:07:58 34882] Archiving /home/test/my-awesome-project/CISB/server/eliminate/db-l3/src/usr/include/x86_64-linux-gnu/bits/types/__fpos_t.h
[E 03:07:58 34882] Archiving /home/test/my-awesome-project/CISB/server/eliminate/db-l3/src/usr/include/x86_64-linux-gnu/bits/types/__mbstate_t.h
[E 03:07:58 34882] Archiving /home/test/my-awesome-project/CISB/server/eliminate/db-l3/src/usr/include/x86_64-linux-gnu/bits/types/__fpos64_t.h
[E 03:07:58 34882] Archiving /home/test/my-awesome-project/CISB/server/eliminate/db-l3/src/usr/include/x86_64-linux-gnu/bits/types/__FILE.h
[E 03:07:58 34882] Archiving /home/test/my-awesome-project/CISB/server/eliminate/db-l3/src/usr/include/x86_64-linux-gnu/bits/types/FILE.h
[E 03:07:58 34882] Archiving /home/test/my-awesome-project/CISB/server/eliminate/db-l3/src/usr/include/x86_64-linux-gnu/bits/types/struct_FILE.h
[E 03:07:58 34882] Archiving /home/test/my-awesome-project/CISB/server/eliminate/db-l3/src/usr/include/x86_64-linux-gnu/bits/types/cookie_io_functions_t.h
[E 03:07:58 34882] Archiving /home/test/my-awesome-project/CISB/server/eliminate/db-l3/src/usr/include/x86_64-linux-gnu/bits/stdio_lim.h
[E 03:07:58 34882] Archiving /home/test/my-awesome-project/CISB/server/eliminate/db-l3/src/usr/include/x86_64-linux-gnu/bits/floatn.h
[E 03:07:58 34882] Archiving /home/test/my-awesome-project/CISB/server/eliminate/db-l3/src/usr/include/x86_64-linux-gnu/bits/floatn-common.h
[E 03:07:58 34882] Already archived /home/test/my-awesome-project/CISB/server/eliminate/db-l3/src/usr/include/x86_64-linux-gnu/bits/long-double.h
[E 03:07:58 34882] Archiving /home/test/my-awesome-project/CISB/server/eliminate/db-l3/src/usr/include/stdlib.h
[E 03:07:58 34882] Already archived /home/test/my-awesome-project/CISB/server/eliminate/db-l3/src/usr/include/x86_64-linux-gnu/bits/libc-header-start.h
[E 03:07:58 34882] Already archived /home/test/my-awesome-project/CISB/server/eliminate/db-l3/src/usr/lib/gcc/x86_64-linux-gnu/13/include/stddef.h
[E 03:07:58 34882] Archiving /home/test/my-awesome-project/CISB/server/eliminate/db-l3/src/usr/include/x86_64-linux-gnu/bits/waitflags.h
[E 03:07:58 34882] Archiving /home/test/my-awesome-project/CISB/server/eliminate/db-l3/src/usr/include/x86_64-linux-gnu/bits/waitstatus.h
[E 03:07:58 34882] Archiving /home/test/my-awesome-project/CISB/server/eliminate/db-l3/src/usr/include/x86_64-linux-gnu/sys/types.h
[E 03:07:58 34882] Archiving /home/test/my-awesome-project/CISB/server/eliminate/db-l3/src/usr/include/x86_64-linux-gnu/bits/types/clock_t.h
[E 03:07:58 34882] Archiving /home/test/my-awesome-project/CISB/server/eliminate/db-l3/src/usr/include/x86_64-linux-gnu/bits/types/clockid_t.h
[E 03:07:58 34882] Archiving /home/test/my-awesome-project/CISB/server/eliminate/db-l3/src/usr/include/x86_64-linux-gnu/bits/types/time_t.h
[E 03:07:58 34882] Archiving /home/test/my-awesome-project/CISB/server/eliminate/db-l3/src/usr/include/x86_64-linux-gnu/bits/types/timer_t.h
[E 03:07:58 34882] Already archived /home/test/my-awesome-project/CISB/server/eliminate/db-l3/src/usr/lib/gcc/x86_64-linux-gnu/13/include/stddef.h
[E 03:07:58 34882] Archiving /home/test/my-awesome-project/CISB/server/eliminate/db-l3/src/usr/include/x86_64-linux-gnu/bits/stdint-intn.h
[E 03:07:58 34882] Archiving /home/test/my-awesome-project/CISB/server/eliminate/db-l3/src/usr/include/endian.h
[E 03:07:58 34882] Archiving /home/test/my-awesome-project/CISB/server/eliminate/db-l3/src/usr/include/x86_64-linux-gnu/bits/endian.h
[E 03:07:58 34882] Archiving /home/test/my-awesome-project/CISB/server/eliminate/db-l3/src/usr/include/x86_64-linux-gnu/bits/endianness.h
[E 03:07:58 34882] Archiving /home/test/my-awesome-project/CISB/server/eliminate/db-l3/src/usr/include/x86_64-linux-gnu/bits/byteswap.h
[E 03:07:58 34882] Archiving /home/test/my-awesome-project/CISB/server/eliminate/db-l3/src/usr/include/x86_64-linux-gnu/bits/uintn-identity.h
[E 03:07:58 34882] Archiving /home/test/my-awesome-project/CISB/server/eliminate/db-l3/src/usr/include/x86_64-linux-gnu/sys/select.h
[E 03:07:58 34882] Archiving /home/test/my-awesome-project/CISB/server/eliminate/db-l3/src/usr/include/x86_64-linux-gnu/bits/select.h
[E 03:07:58 34882] Archiving /home/test/my-awesome-project/CISB/server/eliminate/db-l3/src/usr/include/x86_64-linux-gnu/bits/types/sigset_t.h
[E 03:07:58 34882] Archiving /home/test/my-awesome-project/CISB/server/eliminate/db-l3/src/usr/include/x86_64-linux-gnu/bits/types/__sigset_t.h
[E 03:07:58 34882] Archiving /home/test/my-awesome-project/CISB/server/eliminate/db-l3/src/usr/include/x86_64-linux-gnu/bits/types/struct_timeval.h
[E 03:07:58 34882] Archiving /home/test/my-awesome-project/CISB/server/eliminate/db-l3/src/usr/include/x86_64-linux-gnu/bits/types/struct_timespec.h
[E 03:07:58 34882] Archiving /home/test/my-awesome-project/CISB/server/eliminate/db-l3/src/usr/include/x86_64-linux-gnu/bits/pthreadtypes.h
[E 03:07:58 34882] Archiving /home/test/my-awesome-project/CISB/server/eliminate/db-l3/src/usr/include/x86_64-linux-gnu/bits/thread-shared-types.h
[E 03:07:58 34882] Archiving /home/test/my-awesome-project/CISB/server/eliminate/db-l3/src/usr/include/x86_64-linux-gnu/bits/pthreadtypes-arch.h
[E 03:07:58 34882] Already archived /home/test/my-awesome-project/CISB/server/eliminate/db-l3/src/usr/include/x86_64-linux-gnu/bits/wordsize.h
[E 03:07:58 34882] Archiving /home/test/my-awesome-project/CISB/server/eliminate/db-l3/src/usr/include/x86_64-linux-gnu/bits/atomic_wide_counter.h
[E 03:07:58 34882] Archiving /home/test/my-awesome-project/CISB/server/eliminate/db-l3/src/usr/include/x86_64-linux-gnu/bits/struct_mutex.h
[E 03:07:58 34882] Archiving /home/test/my-awesome-project/CISB/server/eliminate/db-l3/src/usr/include/x86_64-linux-gnu/bits/struct_rwlock.h
[E 03:07:58 34882] Archiving /home/test/my-awesome-project/CISB/server/eliminate/db-l3/src/usr/include/alloca.h
[E 03:07:58 34882] Already archived /home/test/my-awesome-project/CISB/server/eliminate/db-l3/src/usr/lib/gcc/x86_64-linux-gnu/13/include/stddef.h
[E 03:07:58 34882] Archiving /home/test/my-awesome-project/CISB/server/eliminate/db-l3/src/usr/include/x86_64-linux-gnu/bits/stdlib-float.h
[E 03:07:58 34882] Archiving /home/test/my-awesome-project/CISB/server/eliminate/db-l3/src/usr/include/pthread.h
[E 03:07:58 34882] Archiving /home/test/my-awesome-project/CISB/server/eliminate/db-l3/src/usr/include/sched.h
[E 03:07:58 34882] Already archived /home/test/my-awesome-project/CISB/server/eliminate/db-l3/src/usr/lib/gcc/x86_64-linux-gnu/13/include/stddef.h
[E 03:07:58 34882] Archiving /home/test/my-awesome-project/CISB/server/eliminate/db-l3/src/usr/include/x86_64-linux-gnu/bits/sched.h
[E 03:07:58 34882] Archiving /home/test/my-awesome-project/CISB/server/eliminate/db-l3/src/usr/include/x86_64-linux-gnu/bits/types/struct_sched_param.h
[E 03:07:58 34882] Archiving /home/test/my-awesome-project/CISB/server/eliminate/db-l3/src/usr/include/x86_64-linux-gnu/bits/cpu-set.h
[E 03:07:58 34882] Archiving /home/test/my-awesome-project/CISB/server/eliminate/db-l3/src/usr/include/time.h
[E 03:07:58 34882] Already archived /home/test/my-awesome-project/CISB/server/eliminate/db-l3/src/usr/lib/gcc/x86_64-linux-gnu/13/include/stddef.h
[E 03:07:58 34882] Archiving /home/test/my-awesome-project/CISB/server/eliminate/db-l3/src/usr/include/x86_64-linux-gnu/bits/time.h
[E 03:07:58 34882] Archiving /home/test/my-awesome-project/CISB/server/eliminate/db-l3/src/usr/include/x86_64-linux-gnu/bits/types/struct_tm.h
[E 03:07:58 34882] Archiving /home/test/my-awesome-project/CISB/server/eliminate/db-l3/src/usr/include/x86_64-linux-gnu/bits/types/struct_itimerspec.h
[E 03:07:58 34882] Archiving /home/test/my-awesome-project/CISB/server/eliminate/db-l3/src/usr/include/x86_64-linux-gnu/bits/types/locale_t.h
[E 03:07:58 34882] Archiving /home/test/my-awesome-project/CISB/server/eliminate/db-l3/src/usr/include/x86_64-linux-gnu/bits/types/__locale_t.h
[E 03:07:58 34882] Archiving /home/test/my-awesome-project/CISB/server/eliminate/db-l3/src/usr/include/x86_64-linux-gnu/bits/setjmp.h
[E 03:07:58 34882] Already archived /home/test/my-awesome-project/CISB/server/eliminate/db-l3/src/usr/include/x86_64-linux-gnu/bits/wordsize.h
[E 03:07:58 34882] Already archived /home/test/my-awesome-project/CISB/server/eliminate/db-l3/src/usr/include/x86_64-linux-gnu/bits/wordsize.h
[E 03:07:58 34882] Archiving /home/test/my-awesome-project/CISB/server/eliminate/db-l3/src/usr/include/x86_64-linux-gnu/bits/types/struct___jmp_buf_tag.h
[E 03:07:58 34882] Archiving /home/test/my-awesome-project/CISB/server/eliminate/db-l3/src/usr/include/x86_64-linux-gnu/bits/pthread_stack_min-dynamic.h
[E 03:07:58 34882] Archiving /home/test/my-awesome-project/CISB/server/eliminate/db-l3/src/usr/include/x86_64-linux-gnu/bits/pthread_stack_min.h
[E 03:07:58 34882] Archiving /home/test/my-awesome-project/CISB/server/eliminate/db-l3/src/usr/include/unistd.h
[E 03:07:58 34882] Archiving /home/test/my-awesome-project/CISB/server/eliminate/db-l3/src/usr/include/x86_64-linux-gnu/bits/posix_opt.h
[E 03:07:58 34882] Archiving /home/test/my-awesome-project/CISB/server/eliminate/db-l3/src/usr/include/x86_64-linux-gnu/bits/environments.h
[E 03:07:58 34882] Already archived /home/test/my-awesome-project/CISB/server/eliminate/db-l3/src/usr/include/x86_64-linux-gnu/bits/wordsize.h
[E 03:07:58 34882] Already archived /home/test/my-awesome-project/CISB/server/eliminate/db-l3/src/usr/lib/gcc/x86_64-linux-gnu/13/include/stddef.h
[E 03:07:58 34882] Archiving /home/test/my-awesome-project/CISB/server/eliminate/db-l3/src/usr/include/x86_64-linux-gnu/bits/confname.h
[E 03:07:58 34882] Archiving /home/test/my-awesome-project/CISB/server/eliminate/db-l3/src/usr/include/x86_64-linux-gnu/bits/getopt_posix.h
[E 03:07:58 34882] Archiving /home/test/my-awesome-project/CISB/server/eliminate/db-l3/src/usr/include/x86_64-linux-gnu/bits/getopt_core.h
[E 03:07:58 34882] Archiving /home/test/my-awesome-project/CISB/server/eliminate/db-l3/src/usr/include/x86_64-linux-gnu/bits/unistd_ext.h
[E 03:07:58 34882] Creating trap tarball /home/test/my-awesome-project/CISB/server/eliminate/db-l3/trap/cpp/tarballs/home/test/my-awesome-project/CISB/server/eliminate/test1.c.92855801_0.trap.tar.zst
[E 03:07:58 34882] Emitting trap files for test1.c
[E 03:07:58 34882] Opening existencedb in /home/test/my-awesome-project/CISB/server/eliminate/db-l3/working/existencedb/db
[E 03:07:58 34882] Wrote 85 files to /home/test/my-awesome-project/CISB/server/eliminate/db-l3/trap/cpp/tarballs/home/test/my-awesome-project/CISB/server/eliminate/test1.c.92855801_0.trap.tar.zst
[E 03:07:58 34882] Finished compilation TRAP /home/test/my-awesome-project/CISB/server/eliminate/db-l3/trap/cpp/compilations/40/48187285_0.trap.zst
[E 03:07:58 34882] Marking C compilation as happened.
[E 03:07:58 34882] Setting tag c-compilation-happened
[E 03:07:58 34882] Starting from CODEQL_TRACER_DB_ID 0000000000008840_0000000000000001
[E 03:07:58 34882] Locking DB /home/test/my-awesome-project/CISB/server/eliminate/db-l3/working/tags.db
[E 03:07:58 34882] Locked DB /home/test/my-awesome-project/CISB/server/eliminate/db-l3/working/tags.db
[E 03:07:58 34882] Set tag for 0000000000008840_0000000000000001
[E 03:07:58 34882] Set tag for 000000000000883E_0000000000000001
[E 03:07:58 34882] Set tag for 000000000000883B_0000000000000003
[E 03:07:58 34882] Set tag for 000000000000883B_0000000000000002
[E 03:07:58 34882] Set tag for root
[E 03:07:58 34882] Unlocking DB
[E 03:07:58 34882] Unlocked DB
[E 03:07:58 34882] Extractor exited successfully
[T 03:07:58 34880] Extractor /mnt/c/Tools/codeql/cpp/tools/linux64/extractor terminated with exit code 0.
[T 03:07:58 35178] Initializing tracer.
[T 03:07:58 35178] Initializing tags.
[T 03:07:58 35178] ID set to 000000000000896A_0000000000000001 (parent 000000000000883E_0000000000000001)
[T 03:07:58 35178] ==== Candidate to intercept: as (canonical: /usr/bin/as) ====
[T 03:07:58 35178] Lua: === Intercepted call to /usr/bin/as ===
[T 03:07:58 35178] Executing the following tracer actions:
[T 03:07:58 35178] Tracer actions:
[T 03:07:58 35178] pre_invocations(0)
[T 03:07:58 35178] post_invocations(1)
[T 03:07:58 35178] invocation: /mnt/c/Tools/codeql/cpp/tools/linux64/extractor, args: [--assembler, --codeql-assembler-executable, /usr/bin/as, --64, -o, test1.o, /tmp/ccS0OFHh.s]
[T 03:07:58 35178] trace_languages(1): [cpp]
[T 03:07:58 35194] Attempting to switch stdout/stderr to 4...
[T 03:07:58 35194] Initializing tracer.
[T 03:07:58 35194] Initializing tags.
[T 03:07:58 35194] ID set to 000000000000897A_0000000000000001 (parent 000000000000896A_0000000000000001)
[E 03:07:58 35194] CodeQL C/C++ Extractor 2.25.1
[E 03:07:58 35194] Current directory: /home/test/my-awesome-project/CISB/server/eliminate
[E 03:07:58 35194] Command: /mnt/c/Tools/codeql/cpp/tools/linux64/extractor --assembler --codeql-assembler-executable /usr/bin/as --64 -o test1.o /tmp/ccS0OFHh.s
[E 03:07:58 35194] Extractor exited after mimicking assembler
[T 03:07:58 35178] Extractor /mnt/c/Tools/codeql/cpp/tools/linux64/extractor terminated with exit code 0.
[T 03:07:58 35253] Attempting to switch stdout/stderr to 4...
[T 03:07:59 35253] Initializing tracer.
[T 03:07:59 35253] Initializing tags.
[T 03:07:59 35253] ID set to 00000000000089B5_0000000000000001 (parent 000000000000883E_0000000000000001)
[E 03:07:59 35253] CodeQL C/C++ Extractor 2.25.1
[E 03:07:59 35253] Current directory: /home/test/my-awesome-project/CISB/server/eliminate
[E 03:07:59 35253] Command: /mnt/c/Tools/codeql/cpp/tools/linux64/extractor --mimic /usr/bin/x86_64-linux-gnu-gcc-13 -c -o test1.o test1.c
[T 03:07:59 35297] Initializing tracer.
[T 03:07:59 35297] Initializing tags.
[T 03:07:59 35297] ID set to 00000000000089E1_0000000000000001 (parent 00000000000089B5_0000000000000001)
[T 03:07:59 35297] ==== Candidate to intercept: /usr/bin/x86_64-linux-gnu-gcc-13 (canonical: /usr/bin/x86_64-linux-gnu-gcc-13) ====
[T 03:07:59 35297] Lua: === Intercepted call to /usr/bin/x86_64-linux-gnu-gcc-13 ===
[T 03:07:59 35297] Executing the following tracer actions:
[T 03:07:59 35297] Tracer actions:
[T 03:07:59 35297] pre_invocations(0)
[T 03:07:59 35297] post_invocations(1)
[T 03:07:59 35297] invocation: /mnt/c/Tools/codeql/cpp/tools/linux64/extractor, args: [--mimic, /usr/bin/x86_64-linux-gnu-gcc-13, --version]
[T 03:07:59 35297] trace_languages(1): [cpp]
[T 03:07:59 35312] Attempting to switch stdout/stderr to 7...
[T 03:07:59 35312] Initializing tracer.
[T 03:07:59 35312] Initializing tags.
[T 03:07:59 35312] ID set to 00000000000089F0_0000000000000001 (parent 00000000000089E1_0000000000000001)
[E 03:07:59 35312] Mimicry classification suppression detected; exiting.
[E 03:07:59 35312] Extractor exited successfully
[T 03:07:59 35297] Extractor /mnt/c/Tools/codeql/cpp/tools/linux64/extractor terminated with exit code 0.
[T 03:07:59 35313] Initializing tracer.
[T 03:07:59 35313] Initializing tags.
[T 03:07:59 35313] ID set to 00000000000089F1_0000000000000001 (parent 00000000000089B5_0000000000000001)
[T 03:07:59 35313] ==== Candidate to intercept: /usr/bin/x86_64-linux-gnu-gcc-13 (canonical: /usr/bin/x86_64-linux-gnu-gcc-13) ====
[T 03:07:59 35313] Lua: === Intercepted call to /usr/bin/x86_64-linux-gnu-gcc-13 ===
[T 03:07:59 35313] Executing the following tracer actions:
[T 03:07:59 35313] Tracer actions:
[T 03:07:59 35313] pre_invocations(0)
[T 03:07:59 35313] post_invocations(1)
[T 03:07:59 35313] invocation: /mnt/c/Tools/codeql/cpp/tools/linux64/extractor, args: [--mimic, /usr/bin/x86_64-linux-gnu-gcc-13, --help]
[T 03:07:59 35313] trace_languages(1): [cpp]
[T 03:07:59 35315] Attempting to switch stdout/stderr to 7...
[T 03:07:59 35315] Initializing tracer.
[T 03:07:59 35315] Initializing tags.
[T 03:07:59 35315] ID set to 00000000000089F3_0000000000000001 (parent 00000000000089F1_0000000000000001)
[E 03:07:59 35315] Mimicry classification suppression detected; exiting.
[E 03:07:59 35315] Extractor exited successfully
[T 03:07:59 35313] Extractor /mnt/c/Tools/codeql/cpp/tools/linux64/extractor terminated with exit code 0.
[T 03:07:59 35316] Initializing tracer.
[T 03:07:59 35316] Initializing tags.
[T 03:07:59 35316] ID set to 00000000000089F4_0000000000000001 (parent 00000000000089B5_0000000000000001)
[T 03:07:59 35316] ==== Candidate to intercept: /usr/bin/x86_64-linux-gnu-gcc-13 (canonical: /usr/bin/x86_64-linux-gnu-gcc-13) ====
[T 03:07:59 35316] Lua: === Intercepted call to /usr/bin/x86_64-linux-gnu-gcc-13 ===
[T 03:07:59 35316] Executing the following tracer actions:
[T 03:07:59 35316] Tracer actions:
[T 03:07:59 35316] pre_invocations(0)
[T 03:07:59 35316] post_invocations(1)
[T 03:07:59 35316] invocation: /mnt/c/Tools/codeql/cpp/tools/linux64/extractor, args: [--mimic, /usr/bin/x86_64-linux-gnu-gcc-13, -nostdinc, -o, /home/test/my-awesome-project/CISB/server/eliminate/db-l3/working/tmp//semmle_2_35253_89363.o, -c, /home/test/my-awesome-project/CISB/server/eliminate/db-l3/working/tmp//semmle_1_35253_89285.c]
[T 03:07:59 35316] trace_languages(1): [cpp]
[T 03:07:59 35318] Initializing tracer.
[T 03:07:59 35318] Initializing tags.
[T 03:07:59 35318] ID set to 00000000000089F6_0000000000000001 (parent 00000000000089F4_0000000000000001)
[T 03:07:59 35318] ==== Candidate to intercept: /usr/libexec/gcc/x86_64-linux-gnu/13/cc1 (canonical: /usr/libexec/gcc/x86_64-linux-gnu/13/cc1) ====
[T 03:07:59 35318] Lua: === Intercepted call to /usr/libexec/gcc/x86_64-linux-gnu/13/cc1 ===
[T 03:07:59 35318] Executing the following tracer actions:
[T 03:07:59 35318] Tracer actions:
[T 03:07:59 35318] pre_invocations(0)
[T 03:07:59 35318] post_invocations(1)
[T 03:07:59 35318] invocation: /mnt/c/Tools/codeql/cpp/tools/linux64/extractor, args: [--mimic, /usr/libexec/gcc/x86_64-linux-gnu/13/cc1, -quiet, -nostdinc, -imultiarch, x86_64-linux-gnu, /home/test/my-awesome-project/CISB/server/eliminate/db-l3/working/tmp//semmle_1_35253_89285.c, -quiet, -dumpdir, /home/test/my-awesome-project/CISB/server/eliminate/db-l3/working/tmp//, -dumpbase, semmle_2_35253_89363.c, -dumpbase-ext, .c, -mtune=generic, -march=x86-64, -fasynchronous-unwind-tables, -fstack-protector-strong, -Wformat, -Wformat-security, -fstack-clash-protection, -fcf-protection, -o, /tmp/ccxM5bNT.s]
[T 03:07:59 35318] trace_languages(1): [cpp]
[T 03:07:59 35320] Attempting to switch stdout/stderr to 7...
[T 03:07:59 35320] Initializing tracer.
[T 03:07:59 35320] Initializing tags.
[T 03:07:59 35320] ID set to 00000000000089F8_0000000000000001 (parent 00000000000089F6_0000000000000001)
[E 03:07:59 35320] Mimicry classification suppression detected; exiting.
[E 03:07:59 35320] Extractor exited successfully
[T 03:07:59 35318] Extractor /mnt/c/Tools/codeql/cpp/tools/linux64/extractor terminated with exit code 0.
[T 03:07:59 35321] Initializing tracer.
[T 03:07:59 35321] Initializing tags.
[T 03:07:59 35321] ID set to 00000000000089F9_0000000000000001 (parent 00000000000089F4_0000000000000001)
[T 03:07:59 35321] ==== Candidate to intercept: as (canonical: /usr/bin/as) ====
[T 03:07:59 35321] Lua: === Intercepted call to /usr/bin/as ===
[T 03:07:59 35321] Executing the following tracer actions:
[T 03:07:59 35321] Tracer actions:
[T 03:07:59 35321] pre_invocations(0)
[T 03:07:59 35321] post_invocations(1)
[T 03:07:59 35321] invocation: /mnt/c/Tools/codeql/cpp/tools/linux64/extractor, args: [--assembler, --codeql-assembler-executable, /usr/bin/as, --64, -o, /home/test/my-awesome-project/CISB/server/eliminate/db-l3/working/tmp//semmle_2_35253_89363.o, /tmp/ccxM5bNT.s]
[T 03:07:59 35321] trace_languages(1): [cpp]
[T 03:07:59 35323] Attempting to switch stdout/stderr to 7...
[T 03:07:59 35323] Initializing tracer.
[T 03:07:59 35323] Initializing tags.
[T 03:07:59 35323] ID set to 00000000000089FB_0000000000000001 (parent 00000000000089F9_0000000000000001)
[E 03:07:59 35323] Mimicry classification suppression detected; exiting.
[E 03:07:59 35323] Extractor exited successfully
[T 03:07:59 35321] Extractor /mnt/c/Tools/codeql/cpp/tools/linux64/extractor terminated with exit code 0.
[T 03:07:59 35325] Attempting to switch stdout/stderr to 7...
[T 03:07:59 35325] Initializing tracer.
[T 03:07:59 35325] Initializing tags.
[T 03:07:59 35325] ID set to 00000000000089FD_0000000000000001 (parent 00000000000089F4_0000000000000001)
[E 03:07:59 35325] Mimicry classification suppression detected; exiting.
[E 03:07:59 35325] Extractor exited successfully
[T 03:07:59 35316] Extractor /mnt/c/Tools/codeql/cpp/tools/linux64/extractor terminated with exit code 0.
[T 03:07:59 35329] Initializing tracer.
[T 03:07:59 35329] Initializing tags.
[T 03:07:59 35329] ID set to 0000000000008A01_0000000000000001 (parent 00000000000089B5_0000000000000001)
[T 03:07:59 35329] ==== Candidate to intercept: /usr/bin/x86_64-linux-gnu-gcc-13 (canonical: /usr/bin/x86_64-linux-gnu-gcc-13) ====
[T 03:07:59 35329] Lua: === Intercepted call to /usr/bin/x86_64-linux-gnu-gcc-13 ===
[T 03:07:59 35329] Executing the following tracer actions:
[T 03:07:59 35329] Tracer actions:
[T 03:07:59 35329] pre_invocations(0)
[T 03:07:59 35329] post_invocations(1)
[T 03:07:59 35329] invocation: /mnt/c/Tools/codeql/cpp/tools/linux64/extractor, args: [--mimic, /usr/bin/x86_64-linux-gnu-gcc-13, -nostdinc, -o, /home/test/my-awesome-project/CISB/server/eliminate/db-l3/working/tmp//semmle_4_35253_171920.o, -c, /home/test/my-awesome-project/CISB/server/eliminate/db-l3/working/tmp//semmle_3_35253_171852.c]
[T 03:07:59 35329] trace_languages(1): [cpp]
[T 03:07:59 35336] Initializing tracer.
[T 03:07:59 35336] Initializing tags.
[T 03:07:59 35336] ID set to 0000000000008A08_0000000000000001 (parent 0000000000008A01_0000000000000001)
[T 03:07:59 35336] ==== Candidate to intercept: /usr/libexec/gcc/x86_64-linux-gnu/13/cc1 (canonical: /usr/libexec/gcc/x86_64-linux-gnu/13/cc1) ====
[T 03:07:59 35336] Lua: === Intercepted call to /usr/libexec/gcc/x86_64-linux-gnu/13/cc1 ===
[T 03:07:59 35336] Executing the following tracer actions:
[T 03:07:59 35336] Tracer actions:
[T 03:07:59 35336] pre_invocations(0)
[T 03:07:59 35336] post_invocations(1)
[T 03:07:59 35336] invocation: /mnt/c/Tools/codeql/cpp/tools/linux64/extractor, args: [--mimic, /usr/libexec/gcc/x86_64-linux-gnu/13/cc1, -quiet, -nostdinc, -imultiarch, x86_64-linux-gnu, /home/test/my-awesome-project/CISB/server/eliminate/db-l3/working/tmp//semmle_3_35253_171852.c, -quiet, -dumpdir, /home/test/my-awesome-project/CISB/server/eliminate/db-l3/working/tmp//, -dumpbase, semmle_4_35253_171920.c, -dumpbase-ext, .c, -mtune=generic, -march=x86-64, -fasynchronous-unwind-tables, -fstack-protector-strong, -Wformat, -Wformat-security, -fstack-clash-protection, -fcf-protection, -o, /tmp/ccKSwIsd.s]
[T 03:07:59 35336] trace_languages(1): [cpp]
[T 03:07:59 35343] Attempting to switch stdout/stderr to 7...
[T 03:07:59 35343] Initializing tracer.
[T 03:07:59 35343] Initializing tags.
[T 03:07:59 35343] ID set to 0000000000008A0F_0000000000000001 (parent 0000000000008A08_0000000000000001)
[E 03:07:59 35343] Mimicry classification suppression detected; exiting.
[E 03:07:59 35343] Extractor exited successfully
[T 03:07:59 35336] Extractor /mnt/c/Tools/codeql/cpp/tools/linux64/extractor terminated with exit code 0.
[T 03:07:59 35344] Attempting to switch stdout/stderr to 7...
[T 03:07:59 35344] Initializing tracer.
[T 03:07:59 35344] Initializing tags.
[T 03:07:59 35344] ID set to 0000000000008A10_0000000000000001 (parent 0000000000008A01_0000000000000001)
[E 03:07:59 35344] Mimicry classification suppression detected; exiting.
[E 03:07:59 35344] Extractor exited successfully
[T 03:07:59 35329] Extractor /mnt/c/Tools/codeql/cpp/tools/linux64/extractor terminated with exit code 0.
[E 03:07:59 35253] Checking whether C compilation already happened.
[E 03:07:59 35253] Checking for tag c-compilation-happened
[E 03:07:59 35253] Checking CODEQL_TRACER_DB_ID 000000000000883E_0000000000000001
[E 03:07:59 35253] Locking DB /home/test/my-awesome-project/CISB/server/eliminate/db-l3/working/tags.db
[E 03:07:59 35253] Locked DB /home/test/my-awesome-project/CISB/server/eliminate/db-l3/working/tags.db
[E 03:07:59 35253] Unlocking DB
[E 03:07:59 35253] Unlocked DB
[E 03:07:59 35253] Exiting as C compilation already happened.
[T 03:07:59 34878] Extractor /mnt/c/Tools/codeql/cpp/tools/linux64/extractor terminated with exit code 0.
