[2026-04-20 12:19:23] This is codeql database create --language=cpp --command=make db-l37
[2026-04-20 12:19:23] Log file was started late.
[2026-04-20 12:19:23] [PROGRESS] database create> Initializing database at /home/test/my-awesome-project/CISB/server/nooploop/db-l37.
[2026-04-20 12:19:23] Running plumbing command: codeql database init --language=cpp --extractor-options-verbosity=1 --qlconfig-file=/home/test/my-awesome-project/CISB/server/nooploop/qlconfig.yml --source-root=/home/test/my-awesome-project/CISB/server/nooploop --allow-missing-source-root=false --allow-already-existing -- /home/test/my-awesome-project/CISB/server/nooploop/db-l37
[2026-04-20 12:19:23] Calling plumbing command: codeql resolve languages --extractor-options-verbosity=1 --format=betterjson
[2026-04-20 12:19:24] [DETAILS] resolve languages> Scanning for [codeql-extractor.yml] from /mnt/c/Tools/codeql/.codeqlmanifest.json
[2026-04-20 12:19:24] [DETAILS] resolve languages> Parsing /mnt/c/Tools/codeql/actions/codeql-extractor.yml.
[2026-04-20 12:19:24] [DETAILS] resolve languages> Parsing /mnt/c/Tools/codeql/cpp/codeql-extractor.yml.
[2026-04-20 12:19:24] [DETAILS] resolve languages> Parsing /mnt/c/Tools/codeql/csharp/codeql-extractor.yml.
[2026-04-20 12:19:24] [DETAILS] resolve languages> Parsing /mnt/c/Tools/codeql/csv/codeql-extractor.yml.
[2026-04-20 12:19:24] [DETAILS] resolve languages> Parsing /mnt/c/Tools/codeql/go/codeql-extractor.yml.
[2026-04-20 12:19:24] [DETAILS] resolve languages> Parsing /mnt/c/Tools/codeql/html/codeql-extractor.yml.
[2026-04-20 12:19:24] [DETAILS] resolve languages> Parsing /mnt/c/Tools/codeql/java/codeql-extractor.yml.
[2026-04-20 12:19:24] [DETAILS] resolve languages> Parsing /mnt/c/Tools/codeql/javascript/codeql-extractor.yml.
[2026-04-20 12:19:24] [DETAILS] resolve languages> Parsing /mnt/c/Tools/codeql/properties/codeql-extractor.yml.
[2026-04-20 12:19:24] [DETAILS] resolve languages> Parsing /mnt/c/Tools/codeql/python/codeql-extractor.yml.
[2026-04-20 12:19:24] [DETAILS] resolve languages> Parsing /mnt/c/Tools/codeql/ruby/codeql-extractor.yml.
[2026-04-20 12:19:24] [DETAILS] resolve languages> Parsing /mnt/c/Tools/codeql/rust/codeql-extractor.yml.
[2026-04-20 12:19:24] [DETAILS] resolve languages> Parsing /mnt/c/Tools/codeql/swift/codeql-extractor.yml.
[2026-04-20 12:19:24] [DETAILS] resolve languages> Parsing /mnt/c/Tools/codeql/xml/codeql-extractor.yml.
[2026-04-20 12:19:24] [DETAILS] resolve languages> Parsing /mnt/c/Tools/codeql/yaml/codeql-extractor.yml.
[2026-04-20 12:19:24] Plumbing command codeql resolve languages completed:
                      {
                        "aliases" : {
                          "c" : "cpp",
                          "c++" : "cpp",
                          "c-c++" : "cpp",
                          "c-cpp" : "cpp",
                          "c#" : "csharp",
                          "java-kotlin" : "java",
                          "kotlin" : "java",
                          "javascript-typescript" : "javascript",
                          "typescript" : "javascript"
                        },
                        "extractors" : {
                          "actions" : [
                            {
                              "extractor_root" : "/mnt/c/Tools/codeql/actions",
                              "extractor_options" : { }
                            }
                          ],
                          "cpp" : [
                            {
                              "extractor_root" : "/mnt/c/Tools/codeql/cpp",
                              "extractor_options" : {
                                "scale_timeouts" : {
                                  "title" : "Value to scale compiler introspection timeouts with",
                                  "description" : "The extractor attempts to determine what compiler the source code being extracted is compiled with. To this end the extractor makes additional calls to the compiler, some of which are expected to return within a certain fixed time (either 10s or 15s). On some systems that are under high load this time might be too short, and can be scaled up using this option.\n",
                                  "type" : "string",
                                  "pattern" : "[0-9]+"
                                },
                                "log_verbosity" : {
                                  "title" : "Verbosity of the extractor logging",
                                  "description" : "Set the verbosity of the extractor logging to 'quiet' (0), 'normal' (1), 'chatty' (2), or 'noisy' (3). The default is 'normal'.\n",
                                  "type" : "string",
                                  "pattern" : "[0-3]"
                                }
                              }
                            }
                          ],
                          "csharp" : [
                            {
                              "extractor_root" : "/mnt/c/Tools/codeql/csharp",
                              "extractor_options" : {
                                "trap" : {
                                  "title" : "Options pertaining to TRAP.",
                                  "description" : "Options pertaining to TRAP.",
                                  "type" : "object",
                                  "properties" : {
                                    "compression" : {
                                      "title" : "Controls compression for the TRAP files written by the extractor.",
                                      "description" : "This option is only intended for use in debugging the extractor. Accepted values are 'brotli' (the default, to write brotli-compressed TRAP), 'gzip', and 'none' (to write uncompressed TRAP).\n",
                                      "type" : "string",
                                      "pattern" : "^(none|gzip|brotli)$"
                                    }
                                  }
                                },
                                "buildless" : {
                                  "title" : "DEPRECATED - Whether to use buildless (standalone) extraction.",
                                  "description" : "DEPRECATED: Use `--build-mode none` instead.\nA value indicating, which type of extraction the autobuilder should perform. If 'true', then the standalone extractor will be used, otherwise tracing extraction will be performed. The default is 'false'. Note that buildless extraction will generally yield less accurate analysis results, and should only be used in cases where it is not possible to build the code (for example if it uses inaccessible dependencies).\n",
                                  "type" : "string",
                                  "pattern" : "^(false|true)$"
                                },
                                "logging" : {
                                  "title" : "Options pertaining to logging.",
                                  "description" : "Options pertaining to logging.",
                                  "type" : "object",
                                  "properties" : {
                                    "verbosity" : {
                                      "title" : "Extractor logging verbosity level.",
                                      "description" : "Controls the level of verbosity of the extractor. The supported levels are (in order of increasing verbosity):\n  - off\n  - errors\n  - warnings\n  - info or progress\n  - debug or progress+\n  - trace or progress++\n  - progress+++\n",
                                      "type" : "string",
                                      "pattern" : "^(off|errors|warnings|(info|progress)|(debug|progress\\+)|(trace|progress\\+\\+)|progress\\+\\+\\+)$"
                                    }
                                  }
                                },
                                "binlog" : {
                                  "title" : "Binlog",
                                  "description" : "[EXPERIMENTAL] The value is a path to the MsBuild binary log file that should be extracted. This option only works when `--build-mode none` is also specified.\n",
                                  "type" : "array"
                                },
                                "buildless_dependency_dir" : {
                                  "title" : "The path where buildless (standalone) extraction should keep dependencies.",
                                  "description" : "If set, the buildless (standalone) extractor will store dependencies in this directory.\n",
                                  "type" : "string"
                                }
                              }
                            }
                          ],
                          "csv" : [
                            {
                              "extractor_root" : "/mnt/c/Tools/codeql/csv"
                            }
                          ],
                          "go" : [
                            {
                              "extractor_root" : "/mnt/c/Tools/codeql/go",
                              "extractor_options" : {
                                "extract_tests" : {
                                  "title" : "Whether to include Go test files in the CodeQL database.",
                                  "description" : "A value indicating whether Go test files should be included in the CodeQL database. The default is 'false'.\n",
                                  "type" : "string",
                                  "pattern" : "^(false|true)$"
                                },
                                "extract_vendor_dirs" : {
                                  "title" : "Whether to include Go vendor directories in the CodeQL database.",
                                  "description" : "A value indicating whether Go vendor directories should be included in the CodeQL database. The default is 'false'.\n",
                                  "type" : "string",
                                  "pattern" : "^(false|true)$"
                                }
                              }
                            }
                          ],
                          "html" : [
                            {
                              "extractor_root" : "/mnt/c/Tools/codeql/html"
                            }
                          ],
                          "java" : [
                            {
                              "extractor_root" : "/mnt/c/Tools/codeql/java",
                              "extractor_options" : {
                                "exclude" : {
                                  "title" : "A glob excluding files from analysis.",
                                  "description" : "A glob indicating what files to exclude from the analysis. This accepts glob patterns that are supported by Java's 'getPathMatcher' implementation.\n",
                                  "type" : "string"
                                },
                                "add_prefer_source" : {
                                  "title" : "Whether to always prefer source files over class files.",
                                  "description" : "A value indicating whether source files should be preferred over class files. If set to 'true', the extraction adds '-Xprefer:source' to the javac command line. If set to 'false', the extraction uses the default javac behavior ('-Xprefer:newer'). The default is 'true'.\n",
                                  "type" : "string",
                                  "pattern" : "^(false|true)$"
                                },
                                "buildless" : {
                                  "title" : "Whether to use buildless (standalone) extraction (experimental).",
                                  "description" : "A value indicating, which type of extraction the autobuilder should perform. If 'true', then the standalone extractor will be used, otherwise tracing extraction will be performed. The default is 'false'. Note that buildless extraction will generally yield less accurate analysis results, and should only be used in cases where it is not possible to build the code (for example if it uses inaccessible dependencies).\n",
                                  "type" : "string",
                                  "pattern" : "^(false|true)$"
                                },
                                "buildless_dependency_dir" : {
                                  "title" : "The path where buildless (standalone) extraction should keep dependencies.",
                                  "description" : "If set, the buildless (standalone) extractor will store dependencies in this directory.\n",
                                  "type" : "string"
                                },
                                "minimize_dependency_jars" : {
                                  "title" : "Whether to rewrite and minimize downloaded JAR dependencies (experimental).",
                                  "description" : "If 'true', JAR dependencies downloaded during extraction will be rewritten to remove unneeded data, such as method bodies. The default is 'false'.\n",
                                  "type" : "string",
                                  "pattern" : "^(false|true)$"
                                }
                              }
                            }
                          ],
                          "javascript" : [
                            {
                              "extractor_root" : "/mnt/c/Tools/codeql/javascript",
                              "extractor_options" : {
                                "skip_types" : {
                                  "title" : "Skip type extraction for TypeScript",
                                  "description" : "Whether to skip the extraction of types in a TypeScript application",
                                  "type" : "string",
                                  "pattern" : "^(false|true)$"
                                }
                              }
                            }
                          ],
                          "properties" : [
                            {
                              "extractor_root" : "/mnt/c/Tools/codeql/properties"
                            }
                          ],
                          "python" : [
                            {
                              "extractor_root" : "/mnt/c/Tools/codeql/python",
                              "extractor_options" : {
                                "logging" : {
                                  "title" : "Options pertaining to logging.",
                                  "description" : "Options pertaining to logging.",
                                  "type" : "object",
                                  "properties" : {
                                    "verbosity" : {
                                      "title" : "Python extractor logging verbosity level.",
                                      "description" : "Controls the level of verbosity of the CodeQL Python extractor.\nThe supported levels are (in order of increasing verbosity):\n\n  - off\n  - errors\n  - warnings\n  - info or progress\n  - debug or progress+\n  - trace or progress++\n  - progress+++\n",
                                      "type" : "string",
                                      "pattern" : "^(off|errors|warnings|(info|progress)|(debug|progress\\+)|(trace|progress\\+\\+)|progress\\+\\+\\+)$"
                                    }
                                  }
                                },
                                "python_executable_name" : {
                                  "title" : "Controls the name of the Python executable used by the Python extractor.",
                                  "description" : "The Python extractor uses platform-dependent heuristics to determine the name of the Python executable to use. Specifying a value for this option overrides the name of the Python executable used by the extractor. Accepted values are py, python and python3. Use this setting with caution, the Python extractor requires Python 3 to run.\n",
                                  "type" : "string",
                                  "pattern" : "^(py|python|python3)$"
                                }
                              }
                            }
                          ],
                          "ruby" : [
                            {
                              "extractor_root" : "/mnt/c/Tools/codeql/ruby",
                              "extractor_options" : {
                                "trap" : {
                                  "title" : "Options pertaining to TRAP.",
                                  "description" : "Options pertaining to TRAP.",
                                  "type" : "object",
                                  "properties" : {
                                    "compression" : {
                                      "title" : "Controls compression for the TRAP files written by the extractor.",
                                      "description" : "This option is only intended for use in debugging the extractor. Accepted values are 'gzip' (the default, to write gzip-compressed TRAP) 'zstd' (to write Zstandard-compressed TRAP) and 'none' (to write uncompressed TRAP).\n",
                                      "type" : "string",
                                      "pattern" : "^(none|gzip|zstd)$"
                                    }
                                  }
                                }
                              }
                            }
                          ],
                          "rust" : [
                            {
                              "extractor_root" : "/mnt/c/Tools/codeql/rust",
                              "extractor_options" : {
                                "trap" : {
                                  "title" : "Options pertaining to TRAP.",
                                  "description" : "Options pertaining to TRAP.",
                                  "type" : "object",
                                  "properties" : {
                                    "compression" : {
                                      "title" : "Controls compression for the TRAP files written by the extractor.",
                                      "description" : "This option is only intended for use in debugging the extractor. Accepted values are 'gzip' (to write gzip-compressed TRAP) 'zstd' (to write Zstandard-compressed TRAP) and 'none' (the default, to write uncompressed TRAP).\n",
                                      "type" : "string",
                                      "pattern" : "^(none|gzip|zstd)$"
                                    }
                                  }
                                },
                                "cargo_target_dir" : {
                                  "title" : "Directory to use for cargo output files.",
                                  "description" : "This value is an optional path to use as `CARGO_TARGET_DIR` for the internal cargo commands the extractor uses. Pointing it to a persistent directory may reduce execution time of consecutive extractor runs. By default, a new scratch directory is used for each run.\n",
                                  "type" : "string"
                                },
                                "cargo_target" : {
                                  "title" : "Target architecture",
                                  "description" : "Target architecture to use for analysis, analogous to `cargo --target`. By default the host architecture is used.\n",
                                  "type" : "string"
                                },
                                "cargo_features" : {
                                  "title" : "Cargo features to turn on",
                                  "description" : "Comma-separated list of features to turn on. By default all features are enabled. If any features are specified, then only those features are enabled. The `default` feature must be explicitly specified if only default features are desired. Can be repeated.\n",
                                  "type" : "array"
                                },
                                "cargo_cfg_overrides" : {
                                  "title" : "Cargo cfg overrides",
                                  "description" : "Comma-separated list of cfg settings to enable, or disable if prefixed with `-`. Can be repeated.\n",
                                  "type" : "array"
                                },
                                "logging" : {
                                  "title" : "Options pertaining to logging.",
                                  "description" : "Options pertaining to logging.",
                                  "type" : "object",
                                  "properties" : {
                                    "verbosity" : {
                                      "title" : "Extractor logging verbosity level.",
                                      "description" : "Controls the level of verbosity of the extractor. The supported levels are (in order of increasing verbosity):\n  - off\n  - errors\n  - warnings\n  - info or progress\n  - debug or progress+\n  - trace or progress++\n  - progress+++\n",
                                      "type" : "string",
                                      "pattern" : "^(off|errors|warnings|(info|progress)|(debug|progress\\+)|(trace|progress\\+\\+)|progress\\+\\+\\+)$"
                                    },
                                    "flamegraph" : {
                                      "title" : "[Experimental] File path for write flame graph log",
                                      "description" : "Collect flame graph data using the `tracing-flame` crate. To render a flame graph or chart, run the `inferno-flamegraph` command. See also: https://crates.io/crates/tracing-flame\n",
                                      "type" : "string"
                                    }
                                  }
                                },
                                "extract_dependencies_as_source" : {
                                  "title" : "Extract dependencies as source code",
                                  "description" : "Extract the full source code of dependencies instead of only extracting signatures.\n",
                                  "type" : "string",
                                  "pattern" : "^(false|true)$"
                                }
                              }
                            }
                          ],
                          "swift" : [
                            {
                              "extractor_root" : "/mnt/c/Tools/codeql/swift"
                            }
                          ],
                          "xml" : [
                            {
                              "extractor_root" : "/mnt/c/Tools/codeql/xml"
                            }
                          ],
                          "yaml" : [
                            {
                              "extractor_root" : "/mnt/c/Tools/codeql/yaml"
                            }
                          ]
                        }
                      }
[2026-04-20 12:19:24] [PROGRESS] database init> Calculating baseline information in /home/test/my-awesome-project/CISB/server/nooploop
[2026-04-20 12:19:24] [SPAMMY] database init> Ignoring the following directories when processing baseline information: .git, .hg, .svn.
[2026-04-20 12:19:24] [DETAILS] database init> Running command in /home/test/my-awesome-project/CISB/server/nooploop: /mnt/c/Tools/codeql/tools/linux64/scc --by-file --exclude-dir .git,.hg,.svn --format json --no-large --no-min .
[2026-04-20 12:19:24] [SPAMMY] database init> Found 1 baseline files for cpp.
[2026-04-20 12:19:24] [PROGRESS] database init> Calculated baseline information for languages: cpp (89ms).
[2026-04-20 12:19:24] [PROGRESS] database init> Resolving extractor cpp.
[2026-04-20 12:19:24] [DETAILS] database init> Found candidate extractor root for cpp: /mnt/c/Tools/codeql/cpp.
[2026-04-20 12:19:24] [PROGRESS] database init> Successfully loaded extractor C/C++ (cpp) from /mnt/c/Tools/codeql/cpp.
[2026-04-20 12:19:24] [PROGRESS] database init> Created skeleton CodeQL database at /home/test/my-awesome-project/CISB/server/nooploop/db-l37. This in-progress database is ready to be populated by an extractor.
[2026-04-20 12:19:24] Plumbing command codeql database init completed.
[2026-04-20 12:19:24] [PROGRESS] database create> Running build command: [make]
[2026-04-20 12:19:24] Running plumbing command: codeql database trace-command --working-dir=/home/test/my-awesome-project/CISB/server/nooploop --index-traceless-dbs --no-db-cluster -- /home/test/my-awesome-project/CISB/server/nooploop/db-l37 make
[2026-04-20 12:19:24] [PROGRESS] database trace-command> Running command in /home/test/my-awesome-project/CISB/server/nooploop: [make]
[2026-04-20 12:19:24] [build-stdout] gcc -c -o test1.o test1.c
[2026-04-20 12:19:25] Plumbing command codeql database trace-command completed.
[2026-04-20 12:19:25] [PROGRESS] database create> Finalizing database at /home/test/my-awesome-project/CISB/server/nooploop/db-l37.
[2026-04-20 12:19:25] Running plumbing command: codeql database finalize --no-db-cluster -- /home/test/my-awesome-project/CISB/server/nooploop/db-l37
[2026-04-20 12:19:25] Using pre-finalize script /mnt/c/Tools/codeql/cpp/tools/pre-finalize.sh.
[2026-04-20 12:19:25] [PROGRESS] database finalize> Running pre-finalize script /mnt/c/Tools/codeql/cpp/tools/pre-finalize.sh in /home/test/my-awesome-project/CISB/server/nooploop.
[2026-04-20 12:19:25] Running plumbing command: codeql database trace-command --working-dir=/home/test/my-awesome-project/CISB/server/nooploop --no-tracing -- /home/test/my-awesome-project/CISB/server/nooploop/db-l37 /mnt/c/Tools/codeql/cpp/tools/pre-finalize.sh
[2026-04-20 12:19:25] [PROGRESS] database trace-command> Running command in /home/test/my-awesome-project/CISB/server/nooploop: [/mnt/c/Tools/codeql/cpp/tools/pre-finalize.sh]
[2026-04-20 12:19:26] Plumbing command codeql database trace-command completed.
[2026-04-20 12:19:26] [PROGRESS] database finalize> Pre-finalize script /mnt/c/Tools/codeql/cpp/tools/pre-finalize.sh completed in 75 ms.
[2026-04-20 12:19:26] [PROGRESS] database finalize> Running TRAP import for CodeQL database at /home/test/my-awesome-project/CISB/server/nooploop/db-l37...
[2026-04-20 12:19:26] Running plumbing command: codeql dataset import --dbscheme=/mnt/c/Tools/codeql/cpp/semmlecode.cpp.dbscheme -- /home/test/my-awesome-project/CISB/server/nooploop/db-l37/db-cpp /home/test/my-awesome-project/CISB/server/nooploop/db-l37/trap/cpp
[2026-04-20 12:19:26] Clearing disk cache since the version file /home/test/my-awesome-project/CISB/server/nooploop/db-l37/db-cpp/default/cache/version does not exist
[2026-04-20 12:19:26] Tuple pool not found. Clearing relations with cached strings
[2026-04-20 12:19:26] Trimming disk cache at /home/test/my-awesome-project/CISB/server/nooploop/db-l37/db-cpp/default/cache in mode clear.
[2026-04-20 12:19:26] Sequence stamp origin is -5923194696555036202
[2026-04-20 12:19:26] Pausing evaluation to hard-clear memory at sequence stamp o+0
[2026-04-20 12:19:26] Unpausing evaluation
[2026-04-20 12:19:26] Pausing evaluation to quickly trim disk at sequence stamp o+1
[2026-04-20 12:19:26] Unpausing evaluation
[2026-04-20 12:19:26] Pausing evaluation to zealously trim disk at sequence stamp o+2
[2026-04-20 12:19:26] Unpausing evaluation
[2026-04-20 12:19:26] Trimming completed (13ms): Purged everything.
[2026-04-20 12:19:26] Scanning for files in /home/test/my-awesome-project/CISB/server/nooploop/db-l37/trap/cpp
[2026-04-20 12:19:26] Found 3 files on disk containing 44 TRAP files (230.50 KiB)
[2026-04-20 12:19:26] [PROGRESS] dataset import> Importing TRAP files
[2026-04-20 12:19:26] Importing cpp_predefined.acb19af8.trap (test1.c.5c3676c6_0.trap.tar.zst) (1 of 44)
[2026-04-20 12:19:27] Importing wordsize.h.92468457.trap (test1.c.5c3676c6_0.trap.tar.zst) (2 of 44)
[2026-04-20 12:19:27] Importing timesize.h.00d5e597.trap (test1.c.5c3676c6_0.trap.tar.zst) (3 of 44)
[2026-04-20 12:19:27] Importing features-time64.h.736f5777.trap (test1.c.5c3676c6_0.trap.tar.zst) (4 of 44)
[2026-04-20 12:19:27] Importing stdc-predef.h.c6e479d9.trap (test1.c.5c3676c6_0.trap.tar.zst) (5 of 44)
[2026-04-20 12:19:27] Importing long-double.h.50566853.trap (test1.c.5c3676c6_0.trap.tar.zst) (6 of 44)
[2026-04-20 12:19:27] Importing cdefs.h.9fdbc117.trap (test1.c.5c3676c6_0.trap.tar.zst) (7 of 44)
[2026-04-20 12:19:27] Importing stubs-64.h.c6e479d9.trap (test1.c.5c3676c6_0.trap.tar.zst) (8 of 44)
[2026-04-20 12:19:27] Importing stubs.h.5a6a849c.trap (test1.c.5c3676c6_0.trap.tar.zst) (9 of 44)
[2026-04-20 12:19:27] Importing features.h.14646c38.trap (test1.c.5c3676c6_0.trap.tar.zst) (10 of 44)
[2026-04-20 12:19:27] Importing libc-header-start.h.47a86c38.trap (test1.c.5c3676c6_0.trap.tar.zst) (11 of 44)
[2026-04-20 12:19:27] Importing stddef.h.ea79afb5.trap (test1.c.5c3676c6_0.trap.tar.zst) (12 of 44)
[2026-04-20 12:19:27] Importing stdarg.h.49828e20.trap (test1.c.5c3676c6_0.trap.tar.zst) (13 of 44)
[2026-04-20 12:19:27] Importing typesizes.h.f8f8da78.trap (test1.c.5c3676c6_0.trap.tar.zst) (14 of 44)
[2026-04-20 12:19:27] Importing time64.h.18e096c5.trap (test1.c.5c3676c6_0.trap.tar.zst) (15 of 44)
[2026-04-20 12:19:27] Importing types.h.68520355.trap (test1.c.5c3676c6_0.trap.tar.zst) (16 of 44)
[2026-04-20 12:19:27] Importing __mbstate_t.h.2c5b3ab1.trap (test1.c.5c3676c6_0.trap.tar.zst) (17 of 44)
[2026-04-20 12:19:27] Importing __fpos_t.h.ec74182e.trap (test1.c.5c3676c6_0.trap.tar.zst) (18 of 44)
[2026-04-20 12:19:27] Importing __fpos64_t.h.f21a2833.trap (test1.c.5c3676c6_0.trap.tar.zst) (19 of 44)
[2026-04-20 12:19:27] Importing __FILE.h.b62565c1.trap (test1.c.5c3676c6_0.trap.tar.zst) (20 of 44)
[2026-04-20 12:19:27] Importing FILE.h.07e87bfb.trap (test1.c.5c3676c6_0.trap.tar.zst) (21 of 44)
[2026-04-20 12:19:27] Importing struct_FILE.h.842638a9.trap (test1.c.5c3676c6_0.trap.tar.zst) (22 of 44)
[2026-04-20 12:19:27] Importing cookie_io_functions_t.h.c2939943.trap (test1.c.5c3676c6_0.trap.tar.zst) (23 of 44)
[2026-04-20 12:19:27] Importing stdio_lim.h.05b7f7f1.trap (test1.c.5c3676c6_0.trap.tar.zst) (24 of 44)
[2026-04-20 12:19:27] Importing floatn-common.h.9fc579a0.trap (test1.c.5c3676c6_0.trap.tar.zst) (25 of 44)
[2026-04-20 12:19:27] Importing floatn.h.f449be45.trap (test1.c.5c3676c6_0.trap.tar.zst) (26 of 44)
[2026-04-20 12:19:27] Importing stdio.h.e62e6e10.trap (test1.c.5c3676c6_0.trap.tar.zst) (27 of 44)
[2026-04-20 12:19:27] Importing stddef.h.b66de4b9.trap (test1.c.5c3676c6_0.trap.tar.zst) (28 of 44)
[2026-04-20 12:19:27] Importing time.h.2438424a.trap (test1.c.5c3676c6_0.trap.tar.zst) (29 of 44)
[2026-04-20 12:19:27] Importing clock_t.h.61e99454.trap (test1.c.5c3676c6_0.trap.tar.zst) (30 of 44)
[2026-04-20 12:19:27] Importing time_t.h.6396c2b8.trap (test1.c.5c3676c6_0.trap.tar.zst) (31 of 44)
[2026-04-20 12:19:27] Importing struct_tm.h.6d703c2e.trap (test1.c.5c3676c6_0.trap.tar.zst) (32 of 44)
[2026-04-20 12:19:27] Importing endianness.h.1999a564.trap (test1.c.5c3676c6_0.trap.tar.zst) (33 of 44)
[2026-04-20 12:19:27] Importing endian.h.a1618c87.trap (test1.c.5c3676c6_0.trap.tar.zst) (34 of 44)
[2026-04-20 12:19:27] Importing struct_timespec.h.79e126db.trap (test1.c.5c3676c6_0.trap.tar.zst) (35 of 44)
[2026-04-20 12:19:27] Importing clockid_t.h.6ad7214c.trap (test1.c.5c3676c6_0.trap.tar.zst) (36 of 44)
[2026-04-20 12:19:27] Importing timer_t.h.47964e39.trap (test1.c.5c3676c6_0.trap.tar.zst) (37 of 44)
[2026-04-20 12:19:27] Importing struct_itimerspec.h.f9ae6d74.trap (test1.c.5c3676c6_0.trap.tar.zst) (38 of 44)
[2026-04-20 12:19:27] Importing __locale_t.h.458cb9a8.trap (test1.c.5c3676c6_0.trap.tar.zst) (39 of 44)
[2026-04-20 12:19:27] Importing locale_t.h.f5a98c5d.trap (test1.c.5c3676c6_0.trap.tar.zst) (40 of 44)
[2026-04-20 12:19:27] Importing time.h.b858eb63.trap (test1.c.5c3676c6_0.trap.tar.zst) (41 of 44)
[2026-04-20 12:19:27] Importing test1.c.5c3676c6.trap (test1.c.5c3676c6_0.trap.tar.zst) (42 of 44)
[2026-04-20 12:19:27] Importing 24942653_0.trap.zst (43 of 44)
[2026-04-20 12:19:27] Importing metadata.trap.gz (44 of 44)
[2026-04-20 12:19:27] [PROGRESS] dataset import> Merging relations
[2026-04-20 12:19:27] Merging 1 fragment for 'builtintypes'.
[2026-04-20 12:19:27] Merged 382 bytes for 'builtintypes'.
[2026-04-20 12:19:27] Merging 1 fragment for 'unspecifiedtype'.
[2026-04-20 12:19:27] Merged 614 bytes for 'unspecifiedtype'.
[2026-04-20 12:19:27] Merging 1 fragment for 'files'.
[2026-04-20 12:19:27] Merged 128 bytes for 'files'.
[2026-04-20 12:19:27] Merging 1 fragment for 'locations_default'.
[2026-04-20 12:19:27] Merged 18745 bytes (18.31 KiB) for 'locations_default'.
[2026-04-20 12:19:27] Merging 1 fragment for 'link_targets'.
[2026-04-20 12:19:27] Merged 26 bytes for 'link_targets'.
[2026-04-20 12:19:27] Merging 1 fragment for 'usertypes'.
[2026-04-20 12:19:27] Merged 309 bytes for 'usertypes'.
[2026-04-20 12:19:27] Merging 1 fragment for 'link_parent'.
[2026-04-20 12:19:27] Merged 183 bytes for 'link_parent'.
[2026-04-20 12:19:27] Merging 1 fragment for 'usertypesize'.
[2026-04-20 12:19:27] Merged 73 bytes for 'usertypesize'.
[2026-04-20 12:19:27] Merging 1 fragment for 'is_pod_class'.
[2026-04-20 12:19:27] Merged 33 bytes for 'is_pod_class'.
[2026-04-20 12:19:27] Merging 1 fragment for 'is_standard_layout_class'.
[2026-04-20 12:19:27] Merged 33 bytes for 'is_standard_layout_class'.
[2026-04-20 12:19:27] Merging 1 fragment for 'is_complete'.
[2026-04-20 12:19:27] Merged 33 bytes for 'is_complete'.
[2026-04-20 12:19:27] Merging 1 fragment for 'membervariables'.
[2026-04-20 12:19:27] Merged 256 bytes for 'membervariables'.
[2026-04-20 12:19:27] Merging 1 fragment for 'fieldoffsets'.
[2026-04-20 12:19:27] Merged 175 bytes for 'fieldoffsets'.
[2026-04-20 12:19:27] Merging 1 fragment for 'var_decls'.
[2026-04-20 12:19:27] Merged 1880 bytes (1.84 KiB) for 'var_decls'.
[2026-04-20 12:19:27] Merging 1 fragment for 'var_def'.
[2026-04-20 12:19:27] Merged 88 bytes for 'var_def'.
[2026-04-20 12:19:27] Merging 1 fragment for 'derivedtypes'.
[2026-04-20 12:19:27] Merged 423 bytes for 'derivedtypes'.
[2026-04-20 12:19:27] Merging 1 fragment for 'pointerishsize'.
[2026-04-20 12:19:27] Merged 87 bytes for 'pointerishsize'.
[2026-04-20 12:19:27] Merging 1 fragment for 'member'.
[2026-04-20 12:19:27] Merged 212 bytes for 'member'.
[2026-04-20 12:19:27] Merging 1 fragment for 'namespaces'.
[2026-04-20 12:19:27] Merged 26 bytes for 'namespaces'.
[2026-04-20 12:19:27] Merging 1 fragment for 'specialnamequalifyingelements'.
[2026-04-20 12:19:27] Merged 27 bytes for 'specialnamequalifyingelements'.
[2026-04-20 12:19:27] Merging 1 fragment for 'mangled_name'.
[2026-04-20 12:19:27] Merged 521 bytes for 'mangled_name'.
[2026-04-20 12:19:27] Merging 1 fragment for 'specifiers'.
[2026-04-20 12:19:27] Merged 149 bytes for 'specifiers'.
[2026-04-20 12:19:27] Merging 1 fragment for 'numlines'.
[2026-04-20 12:19:27] Merged 257 bytes for 'numlines'.
[2026-04-20 12:19:27] Merging 1 fragment for 'preprocdirects'.
[2026-04-20 12:19:27] Merged 4802 bytes (4.69 KiB) for 'preprocdirects'.
[2026-04-20 12:19:27] Merging 1 fragment for 'preproctext'.
[2026-04-20 12:19:27] Merged 3181 bytes (3.11 KiB) for 'preproctext'.
[2026-04-20 12:19:27] Merging 1 fragment for 'preproctrue'.
[2026-04-20 12:19:27] Merged 266 bytes for 'preproctrue'.
[2026-04-20 12:19:27] Merging 1 fragment for 'macroinvocations'.
[2026-04-20 12:19:27] Merged 3926 bytes (3.83 KiB) for 'macroinvocations'.
[2026-04-20 12:19:27] Merging 1 fragment for 'comments'.
[2026-04-20 12:19:27] Merged 2024 bytes (1.98 KiB) for 'comments'.
[2026-04-20 12:19:27] Merging 1 fragment for 'commentbinding'.
[2026-04-20 12:19:27] Merged 1359 bytes (1.33 KiB) for 'commentbinding'.
[2026-04-20 12:19:27] Merging 1 fragment for 'containerparent'.
[2026-04-20 12:19:27] Merged 155 bytes for 'containerparent'.
[2026-04-20 12:19:27] Merging 1 fragment for 'folders'.
[2026-04-20 12:19:27] Merged 72 bytes for 'folders'.
[2026-04-20 12:19:27] Merging 1 fragment for 'preprocpair'.
[2026-04-20 12:19:27] Merged 1579 bytes (1.54 KiB) for 'preprocpair'.
[2026-04-20 12:19:27] Merging 1 fragment for 'includes'.
[2026-04-20 12:19:27] Merged 203 bytes for 'includes'.
[2026-04-20 12:19:27] Merging 1 fragment for 'preprocfalse'.
[2026-04-20 12:19:27] Merged 173 bytes for 'preprocfalse'.
[2026-04-20 12:19:27] Merging 1 fragment for 'macro_argument_unexpanded'.
[2026-04-20 12:19:27] Merged 1281 bytes (1.25 KiB) for 'macro_argument_unexpanded'.
[2026-04-20 12:19:27] Merging 1 fragment for 'macro_argument_expanded'.
[2026-04-20 12:19:27] Merged 1307 bytes (1.28 KiB) for 'macro_argument_expanded'.
[2026-04-20 12:19:27] Merging 1 fragment for 'macroparent'.
[2026-04-20 12:19:27] Merged 960 bytes for 'macroparent'.
[2026-04-20 12:19:27] Merging 1 fragment for 'usertype_alias_kind'.
[2026-04-20 12:19:27] Merged 123 bytes for 'usertype_alias_kind'.
[2026-04-20 12:19:27] Merging 1 fragment for 'typedefbase'.
[2026-04-20 12:19:27] Merged 232 bytes for 'typedefbase'.
[2026-04-20 12:19:27] Merging 1 fragment for 'type_decls'.
[2026-04-20 12:19:27] Merged 382 bytes for 'type_decls'.
[2026-04-20 12:19:27] Merging 1 fragment for 'type_decl_top'.
[2026-04-20 12:19:27] Merged 123 bytes for 'type_decl_top'.
[2026-04-20 12:19:27] Merging 1 fragment for 'arraysizes'.
[2026-04-20 12:19:27] Merged 83 bytes for 'arraysizes'.
[2026-04-20 12:19:27] Merging 1 fragment for 'type_mentions'.
[2026-04-20 12:19:27] Merged 747 bytes for 'type_mentions'.
[2026-04-20 12:19:27] Merging 1 fragment for 'type_def'.
[2026-04-20 12:19:27] Merged 32 bytes for 'type_def'.
[2026-04-20 12:19:27] Merging 1 fragment for 'values'.
[2026-04-20 12:19:27] Merged 280 bytes for 'values'.
[2026-04-20 12:19:27] Merging 1 fragment for 'exprs'.
[2026-04-20 12:19:27] Merged 379 bytes for 'exprs'.
[2026-04-20 12:19:27] Merging 1 fragment for 'expr_types'.
[2026-04-20 12:19:27] Merged 251 bytes for 'expr_types'.
[2026-04-20 12:19:27] Merging 1 fragment for 'valuebind'.
[2026-04-20 12:19:27] Merged 268 bytes for 'valuebind'.
[2026-04-20 12:19:27] Merging 1 fragment for 'inmacroexpansion'.
[2026-04-20 12:19:27] Merged 216 bytes for 'inmacroexpansion'.
[2026-04-20 12:19:27] Merging 1 fragment for 'macrolocationbind'.
[2026-04-20 12:19:27] Merged 176 bytes for 'macrolocationbind'.
[2026-04-20 12:19:27] Merging 1 fragment for 'varspecifiers'.
[2026-04-20 12:19:27] Merged 129 bytes for 'varspecifiers'.
[2026-04-20 12:19:27] Merging 1 fragment for 'valuetext'.
[2026-04-20 12:19:27] Merged 156 bytes for 'valuetext'.
[2026-04-20 12:19:27] Merging 1 fragment for 'compgenerated'.
[2026-04-20 12:19:27] Merged 22 bytes for 'compgenerated'.
[2026-04-20 12:19:27] Merging 1 fragment for 'sizeof_bind'.
[2026-04-20 12:19:27] Merged 35 bytes for 'sizeof_bind'.
[2026-04-20 12:19:27] Merging 1 fragment for 'exprconv'.
[2026-04-20 12:19:27] Merged 35 bytes for 'exprconv'.
[2026-04-20 12:19:27] Merging 1 fragment for 'conversionkinds'.
[2026-04-20 12:19:27] Merged 32 bytes for 'conversionkinds'.
[2026-04-20 12:19:27] Merging 1 fragment for 'exprparents'.
[2026-04-20 12:19:27] Merged 102 bytes for 'exprparents'.
[2026-04-20 12:19:27] Merging 1 fragment for 'routinetypes'.
[2026-04-20 12:19:27] Merged 43 bytes for 'routinetypes'.
[2026-04-20 12:19:27] Merging 1 fragment for 'routinetypeargs'.
[2026-04-20 12:19:27] Merged 83 bytes for 'routinetypeargs'.
[2026-04-20 12:19:27] Merging 1 fragment for 'typespecifiers'.
[2026-04-20 12:19:27] Merged 93 bytes for 'typespecifiers'.
[2026-04-20 12:19:27] Merging 1 fragment for 'functions'.
[2026-04-20 12:19:27] Merged 283 bytes for 'functions'.
[2026-04-20 12:19:27] Merging 1 fragment for 'function_return_type'.
[2026-04-20 12:19:27] Merged 252 bytes for 'function_return_type'.
[2026-04-20 12:19:27] Merging 1 fragment for 'function_prototyped'.
[2026-04-20 12:19:27] Merged 136 bytes for 'function_prototyped'.
[2026-04-20 12:19:27] Merging 1 fragment for 'params'.
[2026-04-20 12:19:27] Merged 1105 bytes (1.08 KiB) for 'params'.
[2026-04-20 12:19:27] Merging 1 fragment for 'globalvariables'.
[2026-04-20 12:19:27] Merged 68 bytes for 'globalvariables'.
[2026-04-20 12:19:27] Merging 1 fragment for 'fun_decls'.
[2026-04-20 12:19:27] Merged 662 bytes for 'fun_decls'.
[2026-04-20 12:19:27] Merging 1 fragment for 'fun_decl_specifiers'.
[2026-04-20 12:19:27] Merged 666 bytes for 'fun_decl_specifiers'.
[2026-04-20 12:19:27] Merging 1 fragment for 'param_decl_bind'.
[2026-04-20 12:19:27] Merged 770 bytes for 'param_decl_bind'.
[2026-04-20 12:19:27] Merging 1 fragment for 'funbind'.
[2026-04-20 12:19:27] Merged 47 bytes for 'funbind'.
[2026-04-20 12:19:27] Merging 1 fragment for 'funspecifiers'.
[2026-04-20 12:19:27] Merged 196 bytes for 'funspecifiers'.
[2026-04-20 12:19:27] Merging 1 fragment for 'attributes'.
[2026-04-20 12:19:27] Merged 876 bytes for 'attributes'.
[2026-04-20 12:19:27] Merging 1 fragment for 'funcattributes'.
[2026-04-20 12:19:27] Merged 481 bytes for 'funcattributes'.
[2026-04-20 12:19:27] Merging 1 fragment for 'attribute_arg_constant'.
[2026-04-20 12:19:27] Merged 217 bytes for 'attribute_arg_constant'.
[2026-04-20 12:19:27] Merging 1 fragment for 'attribute_args'.
[2026-04-20 12:19:27] Merged 603 bytes for 'attribute_args'.
[2026-04-20 12:19:27] Merging 1 fragment for 'attribute_arg_value'.
[2026-04-20 12:19:27] Merged 71 bytes for 'attribute_arg_value'.
[2026-04-20 12:19:27] Merging 1 fragment for 'attribute_arg_expr'.
[2026-04-20 12:19:27] Merged 49 bytes for 'attribute_arg_expr'.
[2026-04-20 12:19:27] Merging 1 fragment for 'builtin_functions'.
[2026-04-20 12:19:27] Merged 18 bytes for 'builtin_functions'.
[2026-04-20 12:19:27] Merging 1 fragment for 'var_decl_specifiers'.
[2026-04-20 12:19:27] Merged 39 bytes for 'var_decl_specifiers'.
[2026-04-20 12:19:27] Merging 1 fragment for 'expr_ancestor'.
[2026-04-20 12:19:27] Merged 33 bytes for 'expr_ancestor'.
[2026-04-20 12:19:27] Merging 1 fragment for 'extractor_version'.
[2026-04-20 12:19:27] Merged 28 bytes for 'extractor_version'.
[2026-04-20 12:19:27] Merging 1 fragment for 'fileannotations'.
[2026-04-20 12:19:27] Merged 171 bytes for 'fileannotations'.
[2026-04-20 12:19:27] Merging 1 fragment for 'fun_def'.
[2026-04-20 12:19:27] Merged 18 bytes for 'fun_def'.
[2026-04-20 12:19:27] Merging 1 fragment for 'stmts'.
[2026-04-20 12:19:27] Merged 56 bytes for 'stmts'.
[2026-04-20 12:19:27] Merging 1 fragment for 'localvariables'.
[2026-04-20 12:19:27] Merged 40 bytes for 'localvariables'.
[2026-04-20 12:19:27] Merging 1 fragment for 'stmt_decl_bind'.
[2026-04-20 12:19:27] Merged 43 bytes for 'stmt_decl_bind'.
[2026-04-20 12:19:27] Merging 1 fragment for 'stmt_decl_entry_bind'.
[2026-04-20 12:19:27] Merged 42 bytes for 'stmt_decl_entry_bind'.
[2026-04-20 12:19:27] Merging 1 fragment for 'expr_isload'.
[2026-04-20 12:19:27] Merged 21 bytes for 'expr_isload'.
[2026-04-20 12:19:27] Merging 1 fragment for 'for_condition'.
[2026-04-20 12:19:27] Merged 33 bytes for 'for_condition'.
[2026-04-20 12:19:27] Merging 1 fragment for 'stmtparents'.
[2026-04-20 12:19:27] Merged 57 bytes for 'stmtparents'.
[2026-04-20 12:19:27] Merging 1 fragment for 'for_body'.
[2026-04-20 12:19:27] Merged 33 bytes for 'for_body'.
[2026-04-20 12:19:27] Merging 1 fragment for 'for_initialization'.
[2026-04-20 12:19:27] Merged 33 bytes for 'for_initialization'.
[2026-04-20 12:19:27] Merging 1 fragment for 'for_update'.
[2026-04-20 12:19:27] Merged 33 bytes for 'for_update'.
[2026-04-20 12:19:27] Merging 1 fragment for 'blockscope'.
[2026-04-20 12:19:27] Merged 32 bytes for 'blockscope'.
[2026-04-20 12:19:27] Merging 1 fragment for 'function_entry_point'.
[2026-04-20 12:19:27] Merged 30 bytes for 'function_entry_point'.
[2026-04-20 12:19:27] Merging 1 fragment for 'varbind'.
[2026-04-20 12:19:27] Merged 37 bytes for 'varbind'.
[2026-04-20 12:19:27] Merging 1 fragment for 'compilations'.
[2026-04-20 12:19:27] Merged 31 bytes for 'compilations'.
[2026-04-20 12:19:27] Merging 1 fragment for 'compilation_args'.
[2026-04-20 12:19:27] Merged 85 bytes for 'compilation_args'.
[2026-04-20 12:19:27] Merging 1 fragment for 'compilation_expanded_args'.
[2026-04-20 12:19:27] Merged 85 bytes for 'compilation_expanded_args'.
[2026-04-20 12:19:27] Merging 1 fragment for 'compilation_compiling_files'.
[2026-04-20 12:19:27] Merged 42 bytes for 'compilation_compiling_files'.
[2026-04-20 12:19:27] Merging 1 fragment for 'compilation_time'.
[2026-04-20 12:19:27] Merged 101 bytes for 'compilation_time'.
[2026-04-20 12:19:27] Merging 1 fragment for 'compilation_finished'.
[2026-04-20 12:19:27] Merged 70 bytes for 'compilation_finished'.
[2026-04-20 12:19:27] Merging 1 fragment for 'sourceLocationPrefix'.
[2026-04-20 12:19:27] Merged 18 bytes for 'sourceLocationPrefix'.
[2026-04-20 12:19:27] Saving string and id pools to disk.
[2026-04-20 12:19:27] Finished importing TRAP files.
[2026-04-20 12:19:27] Read 1.80 MiB of uncompressed TRAP data.
[2026-04-20 12:19:27] Uncompressed relation data size: 229.09 KiB
[2026-04-20 12:19:27] Relation data size: 56.33 KiB (merge rate: 349.57 KiB/s)
[2026-04-20 12:19:27] String pool size: 2.08 MiB
[2026-04-20 12:19:27] ID pool size: 1.19 MiB
[2026-04-20 12:19:27] [PROGRESS] dataset import> Finished writing database (relations: 56.33 KiB; string pool: 2.08 MiB).
[2026-04-20 12:19:27] Pausing evaluation to close the cache at sequence stamp o+207
[2026-04-20 12:19:27] The disk cache is freshly trimmed; leave it be.
[2026-04-20 12:19:27] Unpausing evaluation
[2026-04-20 12:19:27] Plumbing command codeql dataset import completed.
[2026-04-20 12:19:27] [PROGRESS] database finalize> TRAP import complete (1.7s).
[2026-04-20 12:19:27] Running plumbing command: codeql database cleanup -- /home/test/my-awesome-project/CISB/server/nooploop/db-l37
[2026-04-20 12:19:27] [PROGRESS] database cleanup> Cleaning up existing TRAP files after import...
[2026-04-20 12:19:27] [PROGRESS] database cleanup> TRAP files cleaned up (2ms).
[2026-04-20 12:19:27] [PROGRESS] database cleanup> Cleaning up scratch directory...
[2026-04-20 12:19:27] [PROGRESS] database cleanup> Scratch directory cleaned up (6ms).
[2026-04-20 12:19:27] Running plumbing command: codeql dataset cleanup -- /home/test/my-awesome-project/CISB/server/nooploop/db-l37/db-cpp
[2026-04-20 12:19:27] [PROGRESS] dataset cleanup> Cleaning up dataset in /home/test/my-awesome-project/CISB/server/nooploop/db-l37/db-cpp.
[2026-04-20 12:19:27] Trimming disk cache at /home/test/my-awesome-project/CISB/server/nooploop/db-l37/db-cpp/default/cache in mode trim.
[2026-04-20 12:19:27] Sequence stamp origin is -5923194690139926070
[2026-04-20 12:19:27] Pausing evaluation to quickly trim memory at sequence stamp o+0
[2026-04-20 12:19:27] Unpausing evaluation
[2026-04-20 12:19:27] Pausing evaluation to zealously trim disk at sequence stamp o+1
[2026-04-20 12:19:27] Unpausing evaluation
[2026-04-20 12:19:27] Trimming completed (2ms): Trimmed disposable data from cache.
[2026-04-20 12:19:27] Pausing evaluation to close the cache at sequence stamp o+2
[2026-04-20 12:19:27] The disk cache is freshly trimmed; leave it be.
[2026-04-20 12:19:27] Unpausing evaluation
[2026-04-20 12:19:27] [PROGRESS] dataset cleanup> Trimmed disposable data from cache.
[2026-04-20 12:19:27] [PROGRESS] dataset cleanup> Finalizing dataset in /home/test/my-awesome-project/CISB/server/nooploop/db-l37/db-cpp
[2026-04-20 12:19:27] [DETAILS] dataset cleanup> Finished deleting ID pool from /home/test/my-awesome-project/CISB/server/nooploop/db-l37/db-cpp (2ms).
[2026-04-20 12:19:27] Plumbing command codeql dataset cleanup completed.
[2026-04-20 12:19:27] Plumbing command codeql database cleanup completed with status 0.
[2026-04-20 12:19:27] [PROGRESS] database finalize> Finished zipping source archive (59.86 KiB).
[2026-04-20 12:19:27] Plumbing command codeql database finalize completed.
[2026-04-20 12:19:27] [PROGRESS] database create> Successfully created database at /home/test/my-awesome-project/CISB/server/nooploop/db-l37.
[2026-04-20 12:19:27] Terminating normally.
