[T 04:13:38 37202] CodeQL CLI version 2.25.1
[T 04:13:38 37202] Initializing tracer.
[T 04:13:38 37202] Initializing tags.
[T 04:13:38 37202] ID set to 0000000000009152_0000000000000001 (parent root)
[T 04:13:38 37202] Initializing tracer.
[T 04:13:38 37202] Initializing tags.
[T 04:13:38 37202] ID set to 0000000000009152_0000000000000002 (parent root)
[T 04:13:38 37202] Warning: SEMMLE_EXEC and SEMMLE_EXECP not set. Falling back to path lookup on argv[0].
[T 04:13:38 37202] ==== Candidate to intercept: /mnt/c/Tools/codeql/tools/linux64/runner-linux (canonical: /mnt/c/Tools/codeql/tools/linux64/runner-linux) ====
[T 04:13:38 37202] Executing the following tracer actions:
[T 04:13:38 37202] Tracer actions:
[T 04:13:38 37202] pre_invocations(0)
[T 04:13:38 37202] post_invocations(0)
[T 04:13:38 37202] trace_languages(1): [cpp]
[T 04:13:38 37202] Initializing tracer.
[T 04:13:38 37202] Initializing tags.
[T 04:13:38 37202] ID set to 0000000000009152_0000000000000003 (parent 0000000000009152_0000000000000002)
[T 04:13:38 37202] ==== Candidate to intercept: make (canonical: /usr/bin/make) ====
[T 04:13:38 37202] Executing the following tracer actions:
[T 04:13:38 37202] Tracer actions:
[T 04:13:38 37202] pre_invocations(0)
[T 04:13:38 37202] post_invocations(0)
[T 04:13:38 37202] trace_languages(1): [cpp]
[T 04:13:38 37205] Initializing tracer.
[T 04:13:38 37205] Initializing tags.
[T 04:13:38 37205] ID set to 0000000000009155_0000000000000001 (parent 0000000000009152_0000000000000003)
[T 04:13:38 37205] ==== Candidate to intercept: /usr/bin/gcc (canonical: /usr/bin/x86_64-linux-gnu-gcc-13) ====
[T 04:13:38 37205] Lua: === Intercepted call to /usr/bin/x86_64-linux-gnu-gcc-13 ===
[T 04:13:38 37205] Executing the following tracer actions:
[T 04:13:38 37205] Tracer actions:
[T 04:13:38 37205] pre_invocations(0)
[T 04:13:38 37205] post_invocations(1)
[T 04:13:38 37205] invocation: /mnt/c/Tools/codeql/cpp/tools/linux64/extractor, args: [--mimic, /usr/bin/x86_64-linux-gnu-gcc-13, -c, -o, test1.o, test1.c]
[T 04:13:38 37205] trace_languages(1): [cpp]
[T 04:13:38 37207] Initializing tracer.
[T 04:13:38 37207] Initializing tags.
[T 04:13:38 37207] ID set to 0000000000009157_0000000000000001 (parent 0000000000009155_0000000000000001)
[T 04:13:38 37207] ==== Candidate to intercept: /usr/libexec/gcc/x86_64-linux-gnu/13/cc1 (canonical: /usr/libexec/gcc/x86_64-linux-gnu/13/cc1) ====
[T 04:13:38 37207] Lua: === Intercepted call to /usr/libexec/gcc/x86_64-linux-gnu/13/cc1 ===
[T 04:13:38 37207] Executing the following tracer actions:
[T 04:13:38 37207] Tracer actions:
[T 04:13:38 37207] pre_invocations(0)
[T 04:13:38 37207] post_invocations(1)
[T 04:13:38 37207] invocation: /mnt/c/Tools/codeql/cpp/tools/linux64/extractor, args: [--mimic, /usr/libexec/gcc/x86_64-linux-gnu/13/cc1, -quiet, -imultiarch, x86_64-linux-gnu, test1.c, -quiet, -dumpbase, test1.c, -dumpbase-ext, .c, -mtune=generic, -march=x86-64, -fasynchronous-unwind-tables, -fstack-protector-strong, -Wformat, -Wformat-security, -fstack-clash-protection, -fcf-protection, -o, /tmp/ccuWs6w3.s]
[T 04:13:38 37207] trace_languages(1): [cpp]
[T 04:13:38 37209] Attempting to switch stdout/stderr to 4...
[T 04:13:38 37209] Initializing tracer.
[T 04:13:38 37209] Initializing tags.
[T 04:13:38 37209] ID set to 0000000000009159_0000000000000001 (parent 0000000000009157_0000000000000001)
[E 04:13:38 37209] CodeQL C/C++ Extractor 2.25.1
[E 04:13:38 37209] Current directory: /home/test/my-awesome-project/CISB/server/paddingcopiedtouserspace
[E 04:13:38 37209] Command: /mnt/c/Tools/codeql/cpp/tools/linux64/extractor --mimic /usr/libexec/gcc/x86_64-linux-gnu/13/cc1 -quiet -imultiarch x86_64-linux-gnu test1.c -quiet -dumpbase test1.c -dumpbase-ext .c -mtune=generic -march=x86-64 -fasynchronous-unwind-tables -fstack-protector-strong -Wformat -Wformat-security -fstack-clash-protection -fcf-protection -o /tmp/ccuWs6w3.s
[T 04:13:38 37210] Initializing tracer.
[T 04:13:38 37210] Initializing tags.
[T 04:13:38 37210] ID set to 000000000000915A_0000000000000001 (parent 0000000000009159_0000000000000001)
[T 04:13:38 37210] ==== Candidate to intercept: /usr/libexec/gcc/x86_64-linux-gnu/13/cc1 (canonical: /usr/libexec/gcc/x86_64-linux-gnu/13/cc1) ====
[T 04:13:38 37210] Lua: === Intercepted call to /usr/libexec/gcc/x86_64-linux-gnu/13/cc1 ===
[T 04:13:38 37210] Executing the following tracer actions:
[T 04:13:38 37210] Tracer actions:
[T 04:13:38 37210] pre_invocations(0)
[T 04:13:38 37210] post_invocations(1)
[T 04:13:38 37210] invocation: /mnt/c/Tools/codeql/cpp/tools/linux64/extractor, args: [--mimic, /usr/libexec/gcc/x86_64-linux-gnu/13/cc1, --version]
[T 04:13:38 37210] trace_languages(1): [cpp]
[T 04:13:38 37212] Attempting to switch stdout/stderr to 7...
[T 04:13:38 37212] Initializing tracer.
[T 04:13:38 37212] Initializing tags.
[T 04:13:38 37212] ID set to 000000000000915C_0000000000000001 (parent 000000000000915A_0000000000000001)
[E 04:13:38 37212] Mimicry classification suppression detected; exiting.
[E 04:13:38 37212] Extractor exited successfully
[T 04:13:38 37210] Extractor /mnt/c/Tools/codeql/cpp/tools/linux64/extractor terminated with exit code 0.
[T 04:13:38 37213] Initializing tracer.
[T 04:13:38 37213] Initializing tags.
[T 04:13:38 37213] ID set to 000000000000915D_0000000000000001 (parent 0000000000009159_0000000000000001)
[T 04:13:38 37213] ==== Candidate to intercept: /usr/libexec/gcc/x86_64-linux-gnu/13/cc1 (canonical: /usr/libexec/gcc/x86_64-linux-gnu/13/cc1) ====
[T 04:13:38 37213] Lua: === Intercepted call to /usr/libexec/gcc/x86_64-linux-gnu/13/cc1 ===
[T 04:13:38 37213] Executing the following tracer actions:
[T 04:13:38 37213] Tracer actions:
[T 04:13:38 37213] pre_invocations(0)
[T 04:13:38 37213] post_invocations(1)
[T 04:13:38 37213] invocation: /mnt/c/Tools/codeql/cpp/tools/linux64/extractor, args: [--mimic, /usr/libexec/gcc/x86_64-linux-gnu/13/cc1, --help]
[T 04:13:38 37213] trace_languages(1): [cpp]
[T 04:13:38 37215] Attempting to switch stdout/stderr to 7...
[T 04:13:38 37215] Initializing tracer.
[T 04:13:38 37215] Initializing tags.
[T 04:13:38 37215] ID set to 000000000000915F_0000000000000001 (parent 000000000000915D_0000000000000001)
[E 04:13:38 37215] Mimicry classification suppression detected; exiting.
[E 04:13:38 37215] Extractor exited successfully
[T 04:13:38 37213] Extractor /mnt/c/Tools/codeql/cpp/tools/linux64/extractor terminated with exit code 0.
[T 04:13:38 37216] Initializing tracer.
[T 04:13:38 37216] Initializing tags.
[T 04:13:38 37216] ID set to 0000000000009160_0000000000000001 (parent 0000000000009159_0000000000000001)
[T 04:13:38 37216] ==== Candidate to intercept: /usr/libexec/gcc/x86_64-linux-gnu/13/cc1 (canonical: /usr/libexec/gcc/x86_64-linux-gnu/13/cc1) ====
[T 04:13:38 37216] Lua: === Intercepted call to /usr/libexec/gcc/x86_64-linux-gnu/13/cc1 ===
[T 04:13:38 37216] Executing the following tracer actions:
[T 04:13:38 37216] Tracer actions:
[T 04:13:38 37216] pre_invocations(0)
[T 04:13:38 37216] post_invocations(1)
[T 04:13:38 37216] invocation: /mnt/c/Tools/codeql/cpp/tools/linux64/extractor, args: [--mimic, /usr/libexec/gcc/x86_64-linux-gnu/13/cc1, -version, --help]
[T 04:13:38 37216] trace_languages(1): [cpp]
[T 04:13:38 37218] Attempting to switch stdout/stderr to 7...
[T 04:13:38 37218] Initializing tracer.
[T 04:13:38 37218] Initializing tags.
[T 04:13:38 37218] ID set to 0000000000009162_0000000000000001 (parent 0000000000009160_0000000000000001)
[E 04:13:38 37218] Mimicry classification suppression detected; exiting.
[E 04:13:38 37218] Extractor exited successfully
[T 04:13:38 37216] Extractor /mnt/c/Tools/codeql/cpp/tools/linux64/extractor terminated with exit code 0.
[T 04:13:38 37219] Initializing tracer.
[T 04:13:38 37219] Initializing tags.
[T 04:13:38 37219] ID set to 0000000000009163_0000000000000001 (parent 0000000000009159_0000000000000001)
[T 04:13:38 37219] ==== Candidate to intercept: /usr/libexec/gcc/x86_64-linux-gnu/13/cc1 (canonical: /usr/libexec/gcc/x86_64-linux-gnu/13/cc1) ====
[T 04:13:38 37219] Lua: === Intercepted call to /usr/libexec/gcc/x86_64-linux-gnu/13/cc1 ===
[T 04:13:38 37219] Executing the following tracer actions:
[T 04:13:38 37219] Tracer actions:
[T 04:13:38 37219] pre_invocations(0)
[T 04:13:38 37219] post_invocations(1)
[T 04:13:38 37219] invocation: /mnt/c/Tools/codeql/cpp/tools/linux64/extractor, args: [--mimic, /usr/libexec/gcc/x86_64-linux-gnu/13/cc1, -nostdinc, -o, /home/test/my-awesome-project/CISB/server/paddingcopiedtouserspace/db-l11/working/tmp//semmle_2_37209_286691.o, /home/test/my-awesome-project/CISB/server/paddingcopiedtouserspace/db-l11/working/tmp//semmle_1_37209_286657.c]
[T 04:13:38 37219] trace_languages(1): [cpp]
[T 04:13:38 37221] Attempting to switch stdout/stderr to 7...
[T 04:13:38 37221] Initializing tracer.
[T 04:13:38 37221] Initializing tags.
[T 04:13:38 37221] ID set to 0000000000009165_0000000000000001 (parent 0000000000009163_0000000000000001)
[E 04:13:38 37221] Mimicry classification suppression detected; exiting.
[E 04:13:38 37221] Extractor exited successfully
[T 04:13:38 37219] Extractor /mnt/c/Tools/codeql/cpp/tools/linux64/extractor terminated with exit code 0.
[T 04:13:38 37222] Initializing tracer.
[T 04:13:38 37222] Initializing tags.
[T 04:13:38 37222] ID set to 0000000000009166_0000000000000001 (parent 0000000000009159_0000000000000001)
[T 04:13:38 37222] ==== Candidate to intercept: /usr/libexec/gcc/x86_64-linux-gnu/13/cc1 (canonical: /usr/libexec/gcc/x86_64-linux-gnu/13/cc1) ====
[T 04:13:38 37222] Lua: === Intercepted call to /usr/libexec/gcc/x86_64-linux-gnu/13/cc1 ===
[T 04:13:38 37222] Executing the following tracer actions:
[T 04:13:38 37222] Tracer actions:
[T 04:13:38 37222] pre_invocations(0)
[T 04:13:38 37222] post_invocations(1)
[T 04:13:38 37222] invocation: /mnt/c/Tools/codeql/cpp/tools/linux64/extractor, args: [--mimic, /usr/libexec/gcc/x86_64-linux-gnu/13/cc1, -nostdinc, -o, /home/test/my-awesome-project/CISB/server/paddingcopiedtouserspace/db-l11/working/tmp//semmle_4_37209_322861.o, /home/test/my-awesome-project/CISB/server/paddingcopiedtouserspace/db-l11/working/tmp//semmle_3_37209_322792.c]
[T 04:13:38 37222] trace_languages(1): [cpp]
[T 04:13:38 37224] Attempting to switch stdout/stderr to 7...
[T 04:13:38 37224] Initializing tracer.
[T 04:13:38 37224] Initializing tags.
[T 04:13:38 37224] ID set to 0000000000009168_0000000000000001 (parent 0000000000009166_0000000000000001)
[E 04:13:38 37224] Mimicry classification suppression detected; exiting.
[E 04:13:38 37224] Extractor exited successfully
[T 04:13:38 37222] Extractor /mnt/c/Tools/codeql/cpp/tools/linux64/extractor terminated with exit code 0.
[E 04:13:38 37209] Checking whether C compilation already happened.
[E 04:13:38 37209] Checking for tag c-compilation-happened
[E 04:13:38 37209] Checking CODEQL_TRACER_DB_ID 0000000000009157_0000000000000001
[E 04:13:38 37209] Locking DB /home/test/my-awesome-project/CISB/server/paddingcopiedtouserspace/db-l11/working/tags.db
[E 04:13:38 37209] Locked DB /home/test/my-awesome-project/CISB/server/paddingcopiedtouserspace/db-l11/working/tags.db
[E 04:13:38 37209] Unlocking DB
[E 04:13:38 37209] Unlocked DB
[E 04:13:38 37209] Looks like C compilation didn't already happen.
[E 04:13:38 37209] Checking whether C compilation has been attempted.
[E 04:13:38 37209] Checking for tag c-compilation-attempted
[E 04:13:38 37209] Checking CODEQL_TRACER_DB_ID 0000000000009157_0000000000000001
[E 04:13:38 37209] Locking DB /home/test/my-awesome-project/CISB/server/paddingcopiedtouserspace/db-l11/working/tags.db
[E 04:13:38 37209] Locked DB /home/test/my-awesome-project/CISB/server/paddingcopiedtouserspace/db-l11/working/tags.db
[E 04:13:38 37209] Unlocking DB
[E 04:13:38 37209] Unlocked DB
[E 04:13:38 37209] Marking C compilation as attempted.
[E 04:13:38 37209] Setting tag c-compilation-attempted
[E 04:13:38 37209] Starting from CODEQL_TRACER_DB_ID 0000000000009157_0000000000000001
[E 04:13:38 37209] Locking DB /home/test/my-awesome-project/CISB/server/paddingcopiedtouserspace/db-l11/working/tags.db
[E 04:13:38 37209] Locked DB /home/test/my-awesome-project/CISB/server/paddingcopiedtouserspace/db-l11/working/tags.db
[E 04:13:38 37209] Set tag for 0000000000009157_0000000000000001
[E 04:13:38 37209] Set tag for 0000000000009155_0000000000000001
[E 04:13:38 37209] Set tag for 0000000000009152_0000000000000003
[E 04:13:38 37209] Set tag for 0000000000009152_0000000000000002
[E 04:13:38 37209] Set tag for root
[E 04:13:38 37209] Unlocking DB
[E 04:13:38 37209] Unlocked DB
[T 04:13:38 37225] Initializing tracer.
[T 04:13:38 37225] Initializing tags.
[T 04:13:38 37225] ID set to 0000000000009169_0000000000000001 (parent 0000000000009159_0000000000000001)
[T 04:13:38 37225] ==== Candidate to intercept: /usr/libexec/gcc/x86_64-linux-gnu/13/cc1 (canonical: /usr/libexec/gcc/x86_64-linux-gnu/13/cc1) ====
[T 04:13:38 37225] Lua: === Intercepted call to /usr/libexec/gcc/x86_64-linux-gnu/13/cc1 ===
[T 04:13:38 37225] Executing the following tracer actions:
[T 04:13:38 37225] Tracer actions:
[T 04:13:38 37225] pre_invocations(0)
[T 04:13:38 37225] post_invocations(1)
[T 04:13:38 37225] invocation: /mnt/c/Tools/codeql/cpp/tools/linux64/extractor, args: [--mimic, /usr/libexec/gcc/x86_64-linux-gnu/13/cc1, @/home/test/my-awesome-project/CISB/server/paddingcopiedtouserspace/db-l11/working/tmp//semmle_6_37209_357241, -v, -fsyntax-only, /home/test/my-awesome-project/CISB/server/paddingcopiedtouserspace/db-l11/working/tmp//semmle_7_37209_357379]
[T 04:13:38 37225] trace_languages(1): [cpp]
[T 04:13:38 37227] Attempting to switch stdout/stderr to 7...
[T 04:13:38 37227] Initializing tracer.
[T 04:13:38 37227] Initializing tags.
[T 04:13:38 37227] ID set to 000000000000916B_0000000000000001 (parent 0000000000009169_0000000000000001)
[E 04:13:38 37227] Mimicry classification suppression detected; exiting.
[E 04:13:38 37227] Extractor exited successfully
[T 04:13:38 37225] Extractor /mnt/c/Tools/codeql/cpp/tools/linux64/extractor terminated with exit code 0.
[T 04:13:38 37228] Initializing tracer.
[T 04:13:38 37228] Initializing tags.
[T 04:13:38 37228] ID set to 000000000000916C_0000000000000001 (parent 0000000000009159_0000000000000001)
[T 04:13:38 37228] ==== Candidate to intercept: /usr/libexec/gcc/x86_64-linux-gnu/13/cc1 (canonical: /usr/libexec/gcc/x86_64-linux-gnu/13/cc1) ====
[T 04:13:38 37228] Lua: === Intercepted call to /usr/libexec/gcc/x86_64-linux-gnu/13/cc1 ===
[T 04:13:38 37228] Executing the following tracer actions:
[T 04:13:38 37228] Tracer actions:
[T 04:13:38 37228] pre_invocations(0)
[T 04:13:38 37228] post_invocations(1)
[T 04:13:38 37228] invocation: /mnt/c/Tools/codeql/cpp/tools/linux64/extractor, args: [--mimic, /usr/libexec/gcc/x86_64-linux-gnu/13/cc1, @/home/test/my-awesome-project/CISB/server/paddingcopiedtouserspace/db-l11/working/tmp//semmle_6_37209_357241, -E, -dM, /home/test/my-awesome-project/CISB/server/paddingcopiedtouserspace/db-l11/working/tmp//semmle_8_37209_384788]
[T 04:13:38 37228] trace_languages(1): [cpp]
[T 04:13:38 37230] Attempting to switch stdout/stderr to 7...
[T 04:13:38 37230] Initializing tracer.
[T 04:13:38 37230] Initializing tags.
[T 04:13:38 37230] ID set to 000000000000916E_0000000000000001 (parent 000000000000916C_0000000000000001)
[E 04:13:38 37230] Mimicry classification suppression detected; exiting.
[E 04:13:38 37230] Extractor exited successfully
[T 04:13:38 37228] Extractor /mnt/c/Tools/codeql/cpp/tools/linux64/extractor terminated with exit code 0.
[T 04:13:38 37231] Initializing tracer.
[T 04:13:38 37231] Initializing tags.
[T 04:13:38 37231] ID set to 000000000000916F_0000000000000001 (parent 0000000000009159_0000000000000001)
[T 04:13:38 37231] ==== Candidate to intercept: /usr/libexec/gcc/x86_64-linux-gnu/13/cc1 (canonical: /usr/libexec/gcc/x86_64-linux-gnu/13/cc1) ====
[T 04:13:38 37231] Lua: === Intercepted call to /usr/libexec/gcc/x86_64-linux-gnu/13/cc1 ===
[T 04:13:38 37231] Executing the following tracer actions:
[T 04:13:38 37231] Tracer actions:
[T 04:13:38 37231] pre_invocations(0)
[T 04:13:38 37231] post_invocations(1)
[T 04:13:38 37231] invocation: /mnt/c/Tools/codeql/cpp/tools/linux64/extractor, args: [--mimic, /usr/libexec/gcc/x86_64-linux-gnu/13/cc1, @/home/test/my-awesome-project/CISB/server/paddingcopiedtouserspace/db-l11/working/tmp//semmle_9_37209_418862, -o, /home/test/my-awesome-project/CISB/server/paddingcopiedtouserspace/db-l11/working/tmp//semmle_11_37209_419167.o, /home/test/my-awesome-project/CISB/server/paddingcopiedtouserspace/db-l11/working/tmp//semmle_10_37209_419092.c]
[T 04:13:38 37231] trace_languages(1): [cpp]
[T 04:13:38 37233] Attempting to switch stdout/stderr to 7...
[T 04:13:38 37233] Initializing tracer.
[T 04:13:38 37233] Initializing tags.
[T 04:13:38 37233] ID set to 0000000000009171_0000000000000001 (parent 000000000000916F_0000000000000001)
[E 04:13:38 37233] Mimicry classification suppression detected; exiting.
[E 04:13:38 37233] Extractor exited successfully
[T 04:13:38 37231] Extractor /mnt/c/Tools/codeql/cpp/tools/linux64/extractor terminated with exit code 0.
[T 04:13:38 37234] Initializing tracer.
[T 04:13:38 37234] Initializing tags.
[T 04:13:38 37234] ID set to 0000000000009172_0000000000000001 (parent 0000000000009159_0000000000000001)
[T 04:13:38 37234] ==== Candidate to intercept: /usr/libexec/gcc/x86_64-linux-gnu/13/cc1 (canonical: /usr/libexec/gcc/x86_64-linux-gnu/13/cc1) ====
[T 04:13:38 37234] Lua: === Intercepted call to /usr/libexec/gcc/x86_64-linux-gnu/13/cc1 ===
[T 04:13:38 37234] Executing the following tracer actions:
[T 04:13:38 37234] Tracer actions:
[T 04:13:38 37234] pre_invocations(0)
[T 04:13:38 37234] post_invocations(1)
[T 04:13:38 37234] invocation: /mnt/c/Tools/codeql/cpp/tools/linux64/extractor, args: [--mimic, /usr/libexec/gcc/x86_64-linux-gnu/13/cc1, @/home/test/my-awesome-project/CISB/server/paddingcopiedtouserspace/db-l11/working/tmp//semmle_9_37209_418862, -o, /home/test/my-awesome-project/CISB/server/paddingcopiedtouserspace/db-l11/working/tmp//semmle_13_37209_447073.o, /home/test/my-awesome-project/CISB/server/paddingcopiedtouserspace/db-l11/working/tmp//semmle_12_37209_447043.c]
[T 04:13:38 37234] trace_languages(1): [cpp]
[T 04:13:38 37251] Attempting to switch stdout/stderr to 7...
[T 04:13:38 37251] Initializing tracer.
[T 04:13:38 37251] Initializing tags.
[T 04:13:38 37251] ID set to 0000000000009183_0000000000000001 (parent 0000000000009172_0000000000000001)
[E 04:13:38 37251] Mimicry classification suppression detected; exiting.
[E 04:13:38 37251] Extractor exited successfully
[T 04:13:38 37234] Extractor /mnt/c/Tools/codeql/cpp/tools/linux64/extractor terminated with exit code 0.
[T 04:13:38 37265] Initializing tracer.
[T 04:13:38 37265] Initializing tags.
[T 04:13:38 37265] ID set to 0000000000009191_0000000000000001 (parent 0000000000009159_0000000000000001)
[T 04:13:38 37265] ==== Candidate to intercept: /usr/libexec/gcc/x86_64-linux-gnu/13/cc1 (canonical: /usr/libexec/gcc/x86_64-linux-gnu/13/cc1) ====
[T 04:13:38 37265] Lua: === Intercepted call to /usr/libexec/gcc/x86_64-linux-gnu/13/cc1 ===
[T 04:13:38 37265] Executing the following tracer actions:
[T 04:13:38 37265] Tracer actions:
[T 04:13:38 37265] pre_invocations(0)
[T 04:13:38 37265] post_invocations(1)
[T 04:13:38 37265] invocation: /mnt/c/Tools/codeql/cpp/tools/linux64/extractor, args: [--mimic, /usr/libexec/gcc/x86_64-linux-gnu/13/cc1, @/home/test/my-awesome-project/CISB/server/paddingcopiedtouserspace/db-l11/working/tmp//semmle_9_37209_418862, -o, /home/test/my-awesome-project/CISB/server/paddingcopiedtouserspace/db-l11/working/tmp//semmle_15_37209_482935.o, /home/test/my-awesome-project/CISB/server/paddingcopiedtouserspace/db-l11/working/tmp//semmle_14_37209_482889.c]
[T 04:13:38 37265] trace_languages(1): [cpp]
[T 04:13:38 37295] Attempting to switch stdout/stderr to 7...
[T 04:13:38 37295] Initializing tracer.
[T 04:13:38 37295] Initializing tags.
[T 04:13:38 37295] ID set to 00000000000091AF_0000000000000001 (parent 0000000000009191_0000000000000001)
[E 04:13:38 37295] Mimicry classification suppression detected; exiting.
[E 04:13:38 37295] Extractor exited successfully
[T 04:13:38 37265] Extractor /mnt/c/Tools/codeql/cpp/tools/linux64/extractor terminated with exit code 0.
[T 04:13:38 37297] Initializing tracer.
[T 04:13:38 37297] Initializing tags.
[T 04:13:38 37297] ID set to 00000000000091B1_0000000000000001 (parent 0000000000009159_0000000000000001)
[T 04:13:38 37297] ==== Candidate to intercept: /usr/libexec/gcc/x86_64-linux-gnu/13/cc1 (canonical: /usr/libexec/gcc/x86_64-linux-gnu/13/cc1) ====
[T 04:13:38 37297] Lua: === Intercepted call to /usr/libexec/gcc/x86_64-linux-gnu/13/cc1 ===
[T 04:13:38 37297] Executing the following tracer actions:
[T 04:13:38 37297] Tracer actions:
[T 04:13:38 37297] pre_invocations(0)
[T 04:13:38 37297] post_invocations(1)
[T 04:13:38 37297] invocation: /mnt/c/Tools/codeql/cpp/tools/linux64/extractor, args: [--mimic, /usr/libexec/gcc/x86_64-linux-gnu/13/cc1, @/home/test/my-awesome-project/CISB/server/paddingcopiedtouserspace/db-l11/working/tmp//semmle_9_37209_418862, -o, /home/test/my-awesome-project/CISB/server/paddingcopiedtouserspace/db-l11/working/tmp//semmle_17_37209_513090.o, /home/test/my-awesome-project/CISB/server/paddingcopiedtouserspace/db-l11/working/tmp//semmle_16_37209_513041.c]
[T 04:13:38 37297] trace_languages(1): [cpp]
[T 04:13:38 37326] Attempting to switch stdout/stderr to 7...
[T 04:13:38 37326] Initializing tracer.
[T 04:13:38 37326] Initializing tags.
[T 04:13:38 37326] ID set to 00000000000091CE_0000000000000001 (parent 00000000000091B1_0000000000000001)
[E 04:13:38 37326] Mimicry classification suppression detected; exiting.
[E 04:13:38 37326] Extractor exited successfully
[T 04:13:38 37297] Extractor /mnt/c/Tools/codeql/cpp/tools/linux64/extractor terminated with exit code 0.
[T 04:13:38 37341] Initializing tracer.
[T 04:13:38 37341] Initializing tags.
[T 04:13:38 37341] ID set to 00000000000091DD_0000000000000001 (parent 0000000000009159_0000000000000001)
[T 04:13:38 37341] ==== Candidate to intercept: /usr/libexec/gcc/x86_64-linux-gnu/13/cc1 (canonical: /usr/libexec/gcc/x86_64-linux-gnu/13/cc1) ====
[T 04:13:38 37341] Lua: === Intercepted call to /usr/libexec/gcc/x86_64-linux-gnu/13/cc1 ===
[T 04:13:38 37341] Executing the following tracer actions:
[T 04:13:38 37341] Tracer actions:
[T 04:13:38 37341] pre_invocations(0)
[T 04:13:38 37341] post_invocations(1)
[T 04:13:38 37341] invocation: /mnt/c/Tools/codeql/cpp/tools/linux64/extractor, args: [--mimic, /usr/libexec/gcc/x86_64-linux-gnu/13/cc1, @/home/test/my-awesome-project/CISB/server/paddingcopiedtouserspace/db-l11/working/tmp//semmle_9_37209_418862, -o, /home/test/my-awesome-project/CISB/server/paddingcopiedtouserspace/db-l11/working/tmp//semmle_19_37209_548626.o, /home/test/my-awesome-project/CISB/server/paddingcopiedtouserspace/db-l11/working/tmp//semmle_18_37209_548580.c]
[T 04:13:38 37341] trace_languages(1): [cpp]
[T 04:13:38 37357] Attempting to switch stdout/stderr to 7...
[T 04:13:38 37357] Initializing tracer.
[T 04:13:38 37357] Initializing tags.
[T 04:13:38 37357] ID set to 00000000000091ED_0000000000000001 (parent 00000000000091DD_0000000000000001)
[E 04:13:38 37357] Mimicry classification suppression detected; exiting.
[E 04:13:38 37357] Extractor exited successfully
[T 04:13:38 37341] Extractor /mnt/c/Tools/codeql/cpp/tools/linux64/extractor terminated with exit code 0.
[T 04:13:38 37372] Initializing tracer.
[T 04:13:38 37372] Initializing tags.
[T 04:13:38 37372] ID set to 00000000000091FC_0000000000000001 (parent 0000000000009159_0000000000000001)
[T 04:13:38 37372] ==== Candidate to intercept: /usr/libexec/gcc/x86_64-linux-gnu/13/cc1 (canonical: /usr/libexec/gcc/x86_64-linux-gnu/13/cc1) ====
[T 04:13:38 37372] Lua: === Intercepted call to /usr/libexec/gcc/x86_64-linux-gnu/13/cc1 ===
[T 04:13:38 37372] Executing the following tracer actions:
[T 04:13:38 37372] Tracer actions:
[T 04:13:38 37372] pre_invocations(0)
[T 04:13:38 37372] post_invocations(1)
[T 04:13:38 37372] invocation: /mnt/c/Tools/codeql/cpp/tools/linux64/extractor, args: [--mimic, /usr/libexec/gcc/x86_64-linux-gnu/13/cc1, @/home/test/my-awesome-project/CISB/server/paddingcopiedtouserspace/db-l11/working/tmp//semmle_9_37209_418862, -o, /home/test/my-awesome-project/CISB/server/paddingcopiedtouserspace/db-l11/working/tmp//semmle_21_37209_578423.o, /home/test/my-awesome-project/CISB/server/paddingcopiedtouserspace/db-l11/working/tmp//semmle_20_37209_578375.c]
[T 04:13:38 37372] trace_languages(1): [cpp]
[T 04:13:38 37388] Attempting to switch stdout/stderr to 7...
[T 04:13:38 37388] Initializing tracer.
[T 04:13:38 37388] Initializing tags.
[T 04:13:38 37388] ID set to 000000000000920C_0000000000000001 (parent 00000000000091FC_0000000000000001)
[E 04:13:38 37388] Mimicry classification suppression detected; exiting.
[E 04:13:38 37388] Extractor exited successfully
[T 04:13:38 37372] Extractor /mnt/c/Tools/codeql/cpp/tools/linux64/extractor terminated with exit code 0.
[E 04:13:38 37209] Processed command line: /mnt/c/Tools/codeql/cpp/tools/linux64/extractor --trapfolder /home/test/my-awesome-project/CISB/server/paddingcopiedtouserspace/db-l11/trap/cpp --src_archive /home/test/my-awesome-project/CISB/server/paddingcopiedtouserspace/db-l11/src --object_filename /tmp/ccuWs6w3.s --no_warnings_and_discretionary_errors --error_limit 1000 --disable_system_macros --variadic_macros --incognito --gcc --gnu_version 130300 --target linux_x86_64 '-D__DBL_MIN_EXP__=(-1021)' -D__UINT_LEAST16_MAX__=0xffff -D__FLT16_HAS_QUIET_NAN__=1 -D__ATOMIC_ACQUIRE=2 -D__FLT128_MAX_10_EXP__=4932 -D__FLT_MIN__=1.17549435082228750796873653722224568e-38F -D__GCC_IEC_559_COMPLEX=2 '-D__UINT_LEAST8_TYPE__=unsigned char' -D__SIZEOF_FLOAT80__=16 -D__BFLT16_DENORM_MIN__=9.18354961579912115600575419704879436e-41BF16 '-D__INTMAX_C(c)=c ## L' -D__CHAR_BIT__=8 -D__UINT8_MAX__=0xff -D__SCHAR_WIDTH__=8 -D__WINT_MAX__=0xffffffffU '-D__FLT32_MIN_EXP__=(-125)' -D__BFLT16_NORM_MAX__=3.38953138925153547590470800371487867e+38BF16 '-D__BFLT16_MIN_10_EXP__=(-37)' -D__ORDER_LITTLE_ENDIAN__=1234 -D__WCHAR_MAX__=0x7fffffff -D__GCC_HAVE_SYNC_COMPARE_AND_SWAP_2=1 -D__GCC_HAVE_SYNC_COMPARE_AND_SWAP_4=1 -D__GCC_HAVE_SYNC_COMPARE_AND_SWAP_8=1 -D__GCC_ATOMIC_CHAR_LOCK_FREE=2 -D__GCC_IEC_559=2 -D__FLT32X_DECIMAL_DIG__=17 -D__FLT_EVAL_METHOD__=0 -D__FLT64_DECIMAL_DIG__=17 -D__CET__=3 -D__GCC_ATOMIC_CHAR32_T_LOCK_FREE=2 -D__UINT_FAST64_MAX__=0xffffffffffffffffUL -D__SIG_ATOMIC_TYPE__=int '-D__DBL_MIN_10_EXP__=(-307)' -D__FINITE_MATH_ONLY__=0 -D__FLT32X_MAX_EXP__=1024 -D__GCC_HAVE_SYNC_COMPARE_AND_SWAP_1=1 -D__FLT32_HAS_DENORM__=1 -D__UINT_FAST8_MAX__=0xff -D__FLT32_MAX_10_EXP__=38 -D__DEC64_MAX_EXP__=385 '-D__INT8_C(c)=c' -D__INT_LEAST8_WIDTH__=8 -D__UINT_LEAST64_MAX__=0xffffffffffffffffUL -D__SHRT_MAX__=0x7fff -D__LDBL_MAX__=1.18973149535723176502126385303097021e+4932L -D__FLT64X_MAX_10_EXP__=4932 -D__BFLT16_MAX_10_EXP__=38 -D__BFLT16_MAX_EXP__=128 -D__LDBL_IS_IEC_60559__=1 -D__FLT64X_HAS_QUIET_NAN__=1 -D__UINT_LEAST8_MAX__=0xff -D__GCC_ATOMIC_BOOL_LOCK_FREE=2 -D__FLT128_DENORM_MIN__=6.47517511943802511092443895822764655e-4966F128 '-D__UINTMAX_TYPE__=long unsigned int' -D__BFLT16_DECIMAL_DIG__=4 -D__linux=1 -D__DEC32_EPSILON__=1E-6DF -D__FLT_EVAL_METHOD_TS_18661_3__=0 -D__UINT32_MAX__=0xffffffffU '-D__DBL_DENORM_MIN__=((double)4.94065645841246544176568792868221372e-324L)' '-D__FLT128_MIN_EXP__=(-16381)' -D__WINT_MIN__=0U '-D__FLT128_MIN_10_EXP__=(-4931)' -D__FLT32X_IS_IEC_60559__=1 -D__INT_LEAST16_WIDTH__=16 -D__SCHAR_MAX__=0x7f -D__FLT128_MANT_DIG__=113 '-D__WCHAR_MIN__=(-__WCHAR_MAX__ - 1)' '-D__INT64_C(c)=c ## L' -D__SSP_STRONG__=3 -D__GCC_ATOMIC_POINTER_LOCK_FREE=2 -D__ATOMIC_SEQ_CST=5 -D__unix=1 -D__INT_LEAST64_MAX__=0x7fffffffffffffffL -D__FLT32X_MANT_DIG__=53 -D__FLT64X_EPSILON__=1.08420217248550443400745280086994171e-19F64x '-D__DEC64_MIN_EXP__=(-382)' -D__DBL_DIG__=15 -D__FLT_EPSILON__=1.19209289550781250000000000000000000e-7F -D__SHRT_WIDTH__=16 -D__FLT32_IS_IEC_60559__=1 -D__LDBL_MIN__=3.36210314311209350626267781732175260e-4932L -D__STDC_UTF_16__=1 -D__DBL_IS_IEC_60559__=1 -D__DEC32_MAX__=9.999999E96DF -D__FLT64X_DENORM_MIN__=3.64519953188247460252840593361941982e-4951F64x -D__FLT32X_HAS_INFINITY__=1 -D__unix__=1 -D__INT_WIDTH__=32 -D__STDC_IEC_559__=1 -D__STDC_ISO_10646__=201706L -D__DECIMAL_DIG__=21 -D__STDC_IEC_559_COMPLEX__=1 -D__FLT64_EPSILON__=2.22044604925031308084726333618164062e-16F64 -D__gnu_linux__=1 -D__FLT128_IS_IEC_60559__=1 '-D__FLT64X_MIN_10_EXP__=(-4931)' -D__LDBL_HAS_QUIET_NAN__=1 '-D__FLT16_MIN_EXP__=(-13)' -D__FLT64_MANT_DIG__=53 -D__FLT64X_MANT_DIG__=64 -D__BFLT16_DIG__=2 -D__pie__=2 -D__MMX__=1 -D__FLT_HAS_DENORM__=1 -D__SIZEOF_LONG_DOUBLE__=16 -D__BIGGEST_ALIGNMENT__=16 -D__FLT64_MAX_10_EXP__=308 -D__BFLT16_IS_IEC_60559__=0 -D__FLT16_MAX_10_EXP__=4 '-D__DBL_MAX__=((double)1.79769313486231570814527423731704357e+308L)' -D__INT_FAST32_MAX__=0x7fffffffffffffffL -D__DBL_HAS_INFINITY__=1 -D__INT64_MAX__=0x7fffffffffffffffL -D__SIZEOF_FLOAT__=4 -D__HAVE_SPECULATION_SAFE_VALUE=1 '-D__DEC32_MIN_EXP__=(-94)' -D__INTPTR_WIDTH__=64 -D__UINT_LEAST32_MAX__=0xffffffffU -D__FLT32X_HAS_DENORM__=1 '-D__INT_FAST16_TYPE__=long int' -D__MMX_WITH_SSE__=1 -D__LDBL_HAS_DENORM__=1 -D__SEG_GS=1 -D__BFLT16_EPSILON__=7.81250000000000000000000000000000000e-3BF16 -D__FLT128_HAS_INFINITY__=1 -D__DEC32_MIN__=1E-95DF -D__DBL_MAX_EXP__=1024 -D__WCHAR_WIDTH__=32 -D__FLT32_MAX__=3.40282346638528859811704183484516925e+38F32 -D__DEC128_EPSILON__=1E-33DL -D__FLT16_DECIMAL_DIG__=5 -D__SSE2_MATH__=1 -D__ATOMIC_HLE_RELEASE=131072 -D__PTRDIFF_MAX__=0x7fffffffffffffffL -D__amd64=1 -D__ATOMIC_HLE_ACQUIRE=65536 -D__LONG_LONG_MAX__=0x7fffffffffffffffLL -D__SIZEOF_SIZE_T__=8 -D__BFLT16_HAS_INFINITY__=1 '-D__FLT64X_MIN_EXP__=(-16381)' -D__SIZEOF_WINT_T__=4 -D__LONG_LONG_WIDTH__=64 -D__FLT32_MAX_EXP__=128 -D__GXX_ABI_VERSION=1018 '-D__FLT_MIN_EXP__=(-125)' -D__GCC_HAVE_DWARF2_CFI_ASM=1 -D__INT16_MAX__=0x7fff -D__x86_64=1 '-D__INT_FAST64_TYPE__=long int' -D__BFLT16_MAX__=3.38953138925153547590470800371487867e+38BF16 -D__BFLT16_HAS_DENORM__=1 -D__FLT64_DENORM_MIN__=4.94065645841246544176568792868221372e-324F64 -D__FLT16_DENORM_MIN__=5.96046447753906250000000000000000000e-8F16 -D__FLT128_EPSILON__=1.92592994438723585305597794258492732e-34F128 -D__FLT64X_NORM_MAX__=1.18973149535723176502126385303097021e+4932F64x -D__SIZEOF_POINTER__=8 '-D__SIZE_TYPE__=long unsigned int' -D__LP64__=1 -D__DBL_HAS_QUIET_NAN__=1 -D__FLT32X_EPSILON__=2.22044604925031308084726333618164062e-16F32x -D__LDBL_MAX_EXP__=16384 -D__DECIMAL_BID_FORMAT__=1 '-D__FLT64_MIN_EXP__=(-1021)' '-D__FLT64_MIN_10_EXP__=(-307)' '-D__FLT16_MIN_10_EXP__=(-4)' -D__FLT64X_DECIMAL_DIG__=21 -D__DEC128_MIN__=1E-6143DL -D__REGISTER_PREFIX__= -D__UINT16_MAX__=0xffff -D__DBL_HAS_DENORM__=1 -D__FLT32_MIN__=1.17549435082228750796873653722224568e-38F32 '-D__UINT8_TYPE__=unsigned char' -D__FLT_DIG__=6 -D__NO_INLINE__=1 -D__DEC_EVAL_METHOD__=2 -D__FLT_MANT_DIG__=24 -D__LDBL_DECIMAL_DIG__=21 '-D__UINT64_C(c)=c ## UL' -D_STDC_PREDEF_H=1 -D__INT_LEAST32_MAX__=0x7fffffff -D__GCC_ATOMIC_INT_LOCK_FREE=2 -D__FLT128_MAX_EXP__=16384 -D__FLT32_MANT_DIG__=24 -D__FLOAT_WORD_ORDER__=__ORDER_LITTLE_ENDIAN__ '-D__FLT32X_MIN_EXP__=(-1021)' -D__STDC_IEC_60559_COMPLEX__=201404L -D__BFLT16_MIN__=1.17549435082228750796873653722224568e-38BF16 -D__FLT128_HAS_DENORM__=1 -D__FLT32_DECIMAL_DIG__=9 -D__FLT128_DIG__=33 '-D__INT32_C(c)=c' -D__DEC64_EPSILON__=1E-15DD -D__ORDER_PDP_ENDIAN__=3412 '-D__DEC128_MIN_EXP__=(-6142)' -D__DEC128_MAX__=9.999999999999999999999999999999999E6144DL '-D__INT_FAST32_TYPE__=long int' '-D__UINT_LEAST16_TYPE__=short unsigned int' -D__DEC128_MAX_EXP__=6145 -Dunix=1 -D__UINT64_MAX__=0xffffffffffffffffUL -D__FLT_IS_IEC_60559__=1 '-D__GNUC_WIDE_EXECUTION_CHARSET_NAME="UTF-32LE"' -D__FLT64X_DIG__=18 '-D__INT8_TYPE__=signed char' -D__ELF__=1 -D__GCC_ASM_FLAG_OUTPUTS__=1 '-D__UINT32_TYPE__=unsigned int' -D__BFLT16_HAS_QUIET_NAN__=1 -D__FLT_RADIX__=2 '-D__INT_LEAST16_TYPE__=short int' -D__LDBL_EPSILON__=1.08420217248550443400745280086994171e-19L '-D__UINTMAX_C(c)=c ## UL' -D__FLT16_DIG__=3 -D__SSE_MATH__=1 -D__k8=1 -D__FLT32X_MIN__=2.22507385850720138309023271733240406e-308F32x -D__SIG_ATOMIC_MAX__=0x7fffffff -D__GCC_ATOMIC_WCHAR_T_LOCK_FREE=2 -D__USER_LABEL_PREFIX__= -D__STDC_IEC_60559_BFP__=201404L -D__SIZEOF_PTRDIFF_T__=8 -D__FLT64X_HAS_INFINITY__=1 -D__FLT32_HAS_INFINITY__=1 -D__SIZEOF_LONG__=8 -D__LDBL_DIG__=18 -D__FLT64_IS_IEC_60559__=1 -D__x86_64__=1 -D__FLT16_IS_IEC_60559__=1 -D__FLT16_MAX_EXP__=16 -D__DEC32_SUBNORMAL_MIN__=0.000001E-95DF -D__INT_FAST16_MAX__=0x7fffffffffffffffL -D__GCC_CONSTRUCTIVE_SIZE=64 -D__FLT64_DIG__=15 -D__UINT_FAST32_MAX__=0xffffffffffffffffUL '-D__UINT_LEAST64_TYPE__=long unsigned int' -D__FLT16_EPSILON__=9.76562500000000000000000000000000000e-4F16 -D__FLT_HAS_QUIET_NAN__=1 -D__FLT_MAX_10_EXP__=38 -D__LONG_MAX__=0x7fffffffffffffffL -D__FLT64X_HAS_DENORM__=1 -D__DEC128_SUBNORMAL_MIN__=0.000000000000000000000000000000001E-6143DL -D__FLT_HAS_INFINITY__=1 '-D__GNUC_EXECUTION_CHARSET_NAME="UTF-8"' '-D__UINT_FAST16_TYPE__=long unsigned int' -D__DEC64_MAX__=9.999999999999999E384DD -D__INT_FAST32_WIDTH__=64 -D__PRAGMA_REDEFINE_EXTNAME=1 -D__SIZE_WIDTH__=64 -D__SEG_FS=1 -D__INT_LEAST16_MAX__=0x7fff -D__FLT16_NORM_MAX__=6.55040000000000000000000000000000000e+4F16 -D__DEC64_MANT_DIG__=16 -D__FLT32_DENORM_MIN__=1.40129846432481707092372958328991613e-45F32 -D__SIG_ATOMIC_WIDTH__=32 '-D__INT_LEAST64_TYPE__=long int' '-D__INT16_TYPE__=short int' '-D__INT_LEAST8_TYPE__=signed char' -D__FLT16_MAX__=6.55040000000000000000000000000000000e+4F16 -D__FLT128_MIN__=3.36210314311209350626267781732175260e-4932F128 -D__SIZEOF_INT__=4 -D__DEC32_MAX_EXP__=97 -D__INT_FAST8_MAX__=0x7f -D__FLT128_MAX__=1.18973149535723176508575932662800702e+4932F128 -D__INTPTR_MAX__=0x7fffffffffffffffL -Dlinux=1 -D__FLT64_HAS_QUIET_NAN__=1 '-D__FLT32_MIN_10_EXP__=(-37)' -D__FLT32X_DIG__=15 '-D__UINT16_C(c)=c' -D__PTRDIFF_WIDTH__=64 -D__LDBL_MANT_DIG__=64 -D__INT_FAST16_WIDTH__=64 -D__FLT64_HAS_INFINITY__=1 -D__FLT64X_MAX__=1.18973149535723176502126385303097021e+4932F64x -D__FLT16_HAS_INFINITY__=1 '-D__SIG_ATOMIC_MIN__=(-__SIG_ATOMIC_MAX__ - 1)' -D__code_model_small__=1 -D__GCC_ATOMIC_LONG_LOCK_FREE=2 -D__DEC32_MANT_DIG__=7 -D__FLT16_MANT_DIG__=11 -D__k8__=1 '-D__INTPTR_TYPE__=long int' '-D__UINT16_TYPE__=short unsigned int' -D__WCHAR_TYPE__=int -D__pic__=2 -D__UINTPTR_MAX__=0xffffffffffffffffUL -D__INT_FAST64_WIDTH__=64 -D__LDBL_HAS_INFINITY__=1 -D__INT_FAST64_MAX__=0x7fffffffffffffffL -D__GCC_ATOMIC_TEST_AND_SET_TRUEVAL=1 -D__FLT_NORM_MAX__=3.40282346638528859811704183484516925e+38F -D__FLT64X_MAX_EXP__=16384 '-D__UINT_FAST64_TYPE__=long unsigned int' '-D__BFLT16_MIN_EXP__=(-125)' -D__INT_MAX__=0x7fffffff -D__linux__=1 '-D__INT64_TYPE__=long int' -D__FLT_MAX_EXP__=128 -D__ORDER_BIG_ENDIAN__=4321 -D__DBL_MANT_DIG__=53 -D__SIZEOF_FLOAT128__=16 -D__BFLT16_MANT_DIG__=8 -D__GCC_ATOMIC_CHAR16_T_LOCK_FREE=2 -D__DEC64_MIN__=1E-383DD '-D__WINT_TYPE__=unsigned int' '-D__UINT_LEAST32_TYPE__=unsigned int' -D__SIZEOF_SHORT__=2 -D__FLT32_NORM_MAX__=3.40282346638528859811704183484516925e+38F32 -D__SSE__=1 '-D__LDBL_MIN_EXP__=(-16381)' -D__FLT64_MAX__=1.79769313486231570814527423731704357e+308F64 -D__amd64__=1 -D__WINT_WIDTH__=32 -D__INT_LEAST8_MAX__=0x7f -D__INT_LEAST64_WIDTH__=64 -D__FLT32X_MAX_10_EXP__=308 -D__SIZEOF_INT128__=16 -D__FLT16_MIN__=6.10351562500000000000000000000000000e-5F16 -D__FLT64X_IS_IEC_60559__=1 -D__LDBL_MAX_10_EXP__=4932 -D__ATOMIC_RELAXED=0 '-D__DBL_EPSILON__=((double)2.22044604925031308084726333618164062e-16L)' -D__INT_LEAST32_TYPE__=int -D_LP64=1 '-D__UINT8_C(c)=c' -D__FLT64_MAX_EXP__=1024 -D__SIZEOF_WCHAR_T__=4 '-D__UINT64_TYPE__=long unsigned int' -D__FLT128_NORM_MAX__=1.18973149535723176508575932662800702e+4932F128 -D__FLT64_NORM_MAX__=1.79769313486231570814527423731704357e+308F64 -D__FLT128_HAS_QUIET_NAN__=1 -D__INTMAX_MAX__=0x7fffffffffffffffL '-D__INT_FAST8_TYPE__=signed char' -D__FLT64X_MIN__=3.36210314311209350626267781732175260e-4932F64x -D__FLT64_HAS_DENORM__=1 -D__FLT32_EPSILON__=1.19209289550781250000000000000000000e-7F32 -D__FLT16_HAS_DENORM__=1 -D__DBL_DECIMAL_DIG__=17 -D__STDC_UTF_32__=1 -D__INT_FAST8_WIDTH__=8 -D__FXSR__=1 -D__FLT32X_MAX__=1.79769313486231570814527423731704357e+308F32x '-D__DBL_NORM_MAX__=((double)1.79769313486231570814527423731704357e+308L)' -D__BYTE_ORDER__=__ORDER_LITTLE_ENDIAN__ -D__GCC_DESTRUCTIVE_SIZE=64 -D__INTMAX_WIDTH__=64 -D__FLT32_DIG__=6 '-D__UINT32_C(c)=c ## U' -D__FLT_DENORM_MIN__=1.40129846432481707092372958328991613e-45F -D__INT8_MAX__=0x7f -D__LONG_WIDTH__=64 '-D__DBL_MIN__=((double)2.22507385850720138309023271733240406e-308L)' -D__PIC__=2 -D__INT32_MAX__=0x7fffffff '-D__UINT_FAST32_TYPE__=long unsigned int' -D__FLT32X_NORM_MAX__=1.79769313486231570814527423731704357e+308F32x -D__FLT_MAX__=3.40282346638528859811704183484516925e+38F -D__SSE2__=1 -D__INT32_TYPE__=int -D__SIZEOF_DOUBLE__=8 '-D__FLT_MIN_10_EXP__=(-37)' -D__FLT64_MIN__=2.22507385850720138309023271733240406e-308F64 -D__INT_LEAST32_WIDTH__=32 '-D__INTMAX_TYPE__=long int' -D__FLT32X_HAS_QUIET_NAN__=1 -D__ATOMIC_CONSUME=1 -D__UINTMAX_MAX__=0xffffffffffffffffUL -D__PIE__=2 -D__FLT32X_DENORM_MIN__=4.94065645841246544176568792868221372e-324F32x -D__DBL_MAX_10_EXP__=308 -D__LDBL_DENORM_MIN__=3.64519953188247460252840593361941982e-4951L '-D__INT16_C(c)=c' '-D__PTRDIFF_TYPE__=long int' '-D__FLT32X_MIN_10_EXP__=(-307)' '-D__UINTPTR_TYPE__=long unsigned int' -D__DEC64_SUBNORMAL_MIN__=0.000000000000001E-383DD -D__DEC128_MANT_DIG__=34 '-D__LDBL_MIN_10_EXP__=(-4931)' -D__SIZEOF_LONG_LONG__=8 -D__FLT128_DECIMAL_DIG__=36 -D__GCC_ATOMIC_LLONG_LOCK_FREE=2 -D__FLT32_HAS_QUIET_NAN__=1 -D__FLT_DECIMAL_DIG__=9 -D__UINT_FAST16_MAX__=0xffffffffffffffffUL -D__LDBL_NORM_MAX__=1.18973149535723176502126385303097021e+4932L -D__GCC_ATOMIC_SHORT_LOCK_FREE=2 -D__SIZE_MAX__=0xffffffffffffffffUL '-D__UINT_FAST8_TYPE__=unsigned char' -D__ATOMIC_ACQ_REL=4 -D__ATOMIC_RELEASE=3 -I/usr/lib/gcc/x86_64-linux-gnu/13/include -I/usr/local/include -I/usr/include/x86_64-linux-gnu -I/usr/include -- test1.c
[E 04:13:38 37209] CODEQL_EXTRACTOR_CPP_TRAP_CACHING is not set
[E 04:13:38 37209] CODEQL_EXTRACTOR_CPP_OPTION_TRAP_CACHE_WRITE is not set
[E 04:13:38 37209] CODEQL_EXTRACTOR_CPP_OPTION_TRAP_CACHE_DIR is not set
[E 04:13:38 37209] Initialising TRAP cache at path: 7c/94ed/ed6a6722a857d655f96e66d23166
[E 04:13:38 37209] Not using TRAP cache
[E 04:13:38 37209] TRAP cache miss
[E 04:13:38 37209] Starting compilation TRAP /home/test/my-awesome-project/CISB/server/paddingcopiedtouserspace/db-l11/trap/cpp/compilations/0/11002358_0.trap.zst
[E 04:13:38 37209] Archiving /home/test/my-awesome-project/CISB/server/paddingcopiedtouserspace/db-l11/src/home/test/my-awesome-project/CISB/server/paddingcopiedtouserspace/test1.c
[E 04:13:38 37209] Archiving /home/test/my-awesome-project/CISB/server/paddingcopiedtouserspace/db-l11/src/usr/lib/gcc/x86_64-linux-gnu/13/include/stdint.h
[E 04:13:38 37209] Archiving /home/test/my-awesome-project/CISB/server/paddingcopiedtouserspace/db-l11/src/usr/include/stdint.h
[E 04:13:38 37209] Archiving /home/test/my-awesome-project/CISB/server/paddingcopiedtouserspace/db-l11/src/usr/include/x86_64-linux-gnu/bits/libc-header-start.h
[E 04:13:38 37209] Archiving /home/test/my-awesome-project/CISB/server/paddingcopiedtouserspace/db-l11/src/usr/include/features.h
[E 04:13:38 37209] Archiving /home/test/my-awesome-project/CISB/server/paddingcopiedtouserspace/db-l11/src/usr/include/features-time64.h
[E 04:13:38 37209] Archiving /home/test/my-awesome-project/CISB/server/paddingcopiedtouserspace/db-l11/src/usr/include/x86_64-linux-gnu/bits/wordsize.h
[E 04:13:38 37209] Archiving /home/test/my-awesome-project/CISB/server/paddingcopiedtouserspace/db-l11/src/usr/include/x86_64-linux-gnu/bits/timesize.h
[E 04:13:38 37209] Already archived /home/test/my-awesome-project/CISB/server/paddingcopiedtouserspace/db-l11/src/usr/include/x86_64-linux-gnu/bits/wordsize.h
[E 04:13:38 37209] Archiving /home/test/my-awesome-project/CISB/server/paddingcopiedtouserspace/db-l11/src/usr/include/stdc-predef.h
[E 04:13:38 37209] Archiving /home/test/my-awesome-project/CISB/server/paddingcopiedtouserspace/db-l11/src/usr/include/x86_64-linux-gnu/sys/cdefs.h
[E 04:13:38 37209] Already archived /home/test/my-awesome-project/CISB/server/paddingcopiedtouserspace/db-l11/src/usr/include/x86_64-linux-gnu/bits/wordsize.h
[E 04:13:38 37209] Archiving /home/test/my-awesome-project/CISB/server/paddingcopiedtouserspace/db-l11/src/usr/include/x86_64-linux-gnu/bits/long-double.h
[E 04:13:38 37209] Archiving /home/test/my-awesome-project/CISB/server/paddingcopiedtouserspace/db-l11/src/usr/include/x86_64-linux-gnu/gnu/stubs.h
[E 04:13:38 37209] Archiving /home/test/my-awesome-project/CISB/server/paddingcopiedtouserspace/db-l11/src/usr/include/x86_64-linux-gnu/gnu/stubs-64.h
[E 04:13:38 37209] Archiving /home/test/my-awesome-project/CISB/server/paddingcopiedtouserspace/db-l11/src/usr/include/x86_64-linux-gnu/bits/types.h
[E 04:13:38 37209] Already archived /home/test/my-awesome-project/CISB/server/paddingcopiedtouserspace/db-l11/src/usr/include/x86_64-linux-gnu/bits/wordsize.h
[E 04:13:38 37209] Already archived /home/test/my-awesome-project/CISB/server/paddingcopiedtouserspace/db-l11/src/usr/include/x86_64-linux-gnu/bits/timesize.h
[E 04:13:38 37209] Already archived /home/test/my-awesome-project/CISB/server/paddingcopiedtouserspace/db-l11/src/usr/include/x86_64-linux-gnu/bits/wordsize.h
[E 04:13:38 37209] Archiving /home/test/my-awesome-project/CISB/server/paddingcopiedtouserspace/db-l11/src/usr/include/x86_64-linux-gnu/bits/typesizes.h
[E 04:13:38 37209] Archiving /home/test/my-awesome-project/CISB/server/paddingcopiedtouserspace/db-l11/src/usr/include/x86_64-linux-gnu/bits/time64.h
[E 04:13:38 37209] Archiving /home/test/my-awesome-project/CISB/server/paddingcopiedtouserspace/db-l11/src/usr/include/x86_64-linux-gnu/bits/wchar.h
[E 04:13:38 37209] Already archived /home/test/my-awesome-project/CISB/server/paddingcopiedtouserspace/db-l11/src/usr/include/x86_64-linux-gnu/bits/wordsize.h
[E 04:13:38 37209] Archiving /home/test/my-awesome-project/CISB/server/paddingcopiedtouserspace/db-l11/src/usr/include/x86_64-linux-gnu/bits/stdint-intn.h
[E 04:13:38 37209] Archiving /home/test/my-awesome-project/CISB/server/paddingcopiedtouserspace/db-l11/src/usr/include/x86_64-linux-gnu/bits/stdint-uintn.h
[E 04:13:38 37209] Archiving /home/test/my-awesome-project/CISB/server/paddingcopiedtouserspace/db-l11/src/usr/include/x86_64-linux-gnu/bits/stdint-least.h
[E 04:13:38 37209] Archiving /home/test/my-awesome-project/CISB/server/paddingcopiedtouserspace/db-l11/src/usr/include/string.h
[E 04:13:38 37209] Already archived /home/test/my-awesome-project/CISB/server/paddingcopiedtouserspace/db-l11/src/usr/include/x86_64-linux-gnu/bits/libc-header-start.h
[E 04:13:38 37209] Archiving /home/test/my-awesome-project/CISB/server/paddingcopiedtouserspace/db-l11/src/usr/lib/gcc/x86_64-linux-gnu/13/include/stddef.h
[E 04:13:38 37209] Archiving /home/test/my-awesome-project/CISB/server/paddingcopiedtouserspace/db-l11/src/usr/include/x86_64-linux-gnu/bits/types/locale_t.h
[E 04:13:38 37209] Archiving /home/test/my-awesome-project/CISB/server/paddingcopiedtouserspace/db-l11/src/usr/include/x86_64-linux-gnu/bits/types/__locale_t.h
[E 04:13:38 37209] Archiving /home/test/my-awesome-project/CISB/server/paddingcopiedtouserspace/db-l11/src/usr/include/strings.h
[E 04:13:38 37209] Already archived /home/test/my-awesome-project/CISB/server/paddingcopiedtouserspace/db-l11/src/usr/lib/gcc/x86_64-linux-gnu/13/include/stddef.h
[E 04:13:38 37209] Archiving /home/test/my-awesome-project/CISB/server/paddingcopiedtouserspace/db-l11/src/usr/include/stdio.h
[E 04:13:38 37209] Already archived /home/test/my-awesome-project/CISB/server/paddingcopiedtouserspace/db-l11/src/usr/include/x86_64-linux-gnu/bits/libc-header-start.h
[E 04:13:38 37209] Already archived /home/test/my-awesome-project/CISB/server/paddingcopiedtouserspace/db-l11/src/usr/lib/gcc/x86_64-linux-gnu/13/include/stddef.h
[E 04:13:38 37209] Archiving /home/test/my-awesome-project/CISB/server/paddingcopiedtouserspace/db-l11/src/usr/lib/gcc/x86_64-linux-gnu/13/include/stdarg.h
[E 04:13:38 37209] Archiving /home/test/my-awesome-project/CISB/server/paddingcopiedtouserspace/db-l11/src/usr/include/x86_64-linux-gnu/bits/types/__fpos_t.h
[E 04:13:38 37209] Archiving /home/test/my-awesome-project/CISB/server/paddingcopiedtouserspace/db-l11/src/usr/include/x86_64-linux-gnu/bits/types/__mbstate_t.h
[E 04:13:38 37209] Archiving /home/test/my-awesome-project/CISB/server/paddingcopiedtouserspace/db-l11/src/usr/include/x86_64-linux-gnu/bits/types/__fpos64_t.h
[E 04:13:38 37209] Archiving /home/test/my-awesome-project/CISB/server/paddingcopiedtouserspace/db-l11/src/usr/include/x86_64-linux-gnu/bits/types/__FILE.h
[E 04:13:38 37209] Archiving /home/test/my-awesome-project/CISB/server/paddingcopiedtouserspace/db-l11/src/usr/include/x86_64-linux-gnu/bits/types/FILE.h
[E 04:13:38 37209] Archiving /home/test/my-awesome-project/CISB/server/paddingcopiedtouserspace/db-l11/src/usr/include/x86_64-linux-gnu/bits/types/struct_FILE.h
[E 04:13:38 37209] Archiving /home/test/my-awesome-project/CISB/server/paddingcopiedtouserspace/db-l11/src/usr/include/x86_64-linux-gnu/bits/types/cookie_io_functions_t.h
[E 04:13:38 37209] Archiving /home/test/my-awesome-project/CISB/server/paddingcopiedtouserspace/db-l11/src/usr/include/x86_64-linux-gnu/bits/stdio_lim.h
[E 04:13:38 37209] Archiving /home/test/my-awesome-project/CISB/server/paddingcopiedtouserspace/db-l11/src/usr/include/x86_64-linux-gnu/bits/floatn.h
[E 04:13:38 37209] Archiving /home/test/my-awesome-project/CISB/server/paddingcopiedtouserspace/db-l11/src/usr/include/x86_64-linux-gnu/bits/floatn-common.h
[E 04:13:38 37209] Already archived /home/test/my-awesome-project/CISB/server/paddingcopiedtouserspace/db-l11/src/usr/include/x86_64-linux-gnu/bits/long-double.h
[E 04:13:38 37209] Creating trap tarball /home/test/my-awesome-project/CISB/server/paddingcopiedtouserspace/db-l11/trap/cpp/tarballs/home/test/my-awesome-project/CISB/server/paddingcopiedtouserspace/test1.c.3ba8dca2_0.trap.tar.zst
[E 04:13:38 37209] Emitting trap files for test1.c
[E 04:13:38 37209] Opening existencedb in /home/test/my-awesome-project/CISB/server/paddingcopiedtouserspace/db-l11/working/existencedb/db
[E 04:13:38 37209] Wrote 42 files to /home/test/my-awesome-project/CISB/server/paddingcopiedtouserspace/db-l11/trap/cpp/tarballs/home/test/my-awesome-project/CISB/server/paddingcopiedtouserspace/test1.c.3ba8dca2_0.trap.tar.zst
[E 04:13:38 37209] Finished compilation TRAP /home/test/my-awesome-project/CISB/server/paddingcopiedtouserspace/db-l11/trap/cpp/compilations/0/11002358_0.trap.zst
[E 04:13:38 37209] Marking C compilation as happened.
[E 04:13:38 37209] Setting tag c-compilation-happened
[E 04:13:38 37209] Starting from CODEQL_TRACER_DB_ID 0000000000009157_0000000000000001
[E 04:13:38 37209] Locking DB /home/test/my-awesome-project/CISB/server/paddingcopiedtouserspace/db-l11/working/tags.db
[E 04:13:38 37209] Locked DB /home/test/my-awesome-project/CISB/server/paddingcopiedtouserspace/db-l11/working/tags.db
[E 04:13:38 37209] Set tag for 0000000000009157_0000000000000001
[E 04:13:38 37209] Set tag for 0000000000009155_0000000000000001
[E 04:13:38 37209] Set tag for 0000000000009152_0000000000000003
[E 04:13:38 37209] Set tag for 0000000000009152_0000000000000002
[E 04:13:38 37209] Set tag for root
[E 04:13:38 37209] Unlocking DB
[E 04:13:38 37209] Unlocked DB
[E 04:13:38 37209] Extractor exited successfully
[T 04:13:38 37207] Extractor /mnt/c/Tools/codeql/cpp/tools/linux64/extractor terminated with exit code 0.
[T 04:13:38 37490] Initializing tracer.
[T 04:13:38 37490] Initializing tags.
[T 04:13:38 37490] ID set to 0000000000009272_0000000000000001 (parent 0000000000009155_0000000000000001)
[T 04:13:38 37490] ==== Candidate to intercept: as (canonical: /usr/bin/as) ====
[T 04:13:38 37490] Lua: === Intercepted call to /usr/bin/as ===
[T 04:13:38 37490] Executing the following tracer actions:
[T 04:13:38 37490] Tracer actions:
[T 04:13:38 37490] pre_invocations(0)
[T 04:13:38 37490] post_invocations(1)
[T 04:13:38 37490] invocation: /mnt/c/Tools/codeql/cpp/tools/linux64/extractor, args: [--assembler, --codeql-assembler-executable, /usr/bin/as, --64, -o, test1.o, /tmp/ccuWs6w3.s]
[T 04:13:38 37490] trace_languages(1): [cpp]
[T 04:13:38 37492] Attempting to switch stdout/stderr to 4...
[T 04:13:38 37492] Initializing tracer.
[T 04:13:38 37492] Initializing tags.
[T 04:13:38 37492] ID set to 0000000000009274_0000000000000001 (parent 0000000000009272_0000000000000001)
[E 04:13:38 37492] CodeQL C/C++ Extractor 2.25.1
[E 04:13:38 37492] Current directory: /home/test/my-awesome-project/CISB/server/paddingcopiedtouserspace
[E 04:13:38 37492] Command: /mnt/c/Tools/codeql/cpp/tools/linux64/extractor --assembler --codeql-assembler-executable /usr/bin/as --64 -o test1.o /tmp/ccuWs6w3.s
[E 04:13:38 37492] Extractor exited after mimicking assembler
[T 04:13:38 37490] Extractor /mnt/c/Tools/codeql/cpp/tools/linux64/extractor terminated with exit code 0.
[T 04:13:38 37525] Attempting to switch stdout/stderr to 4...
[T 04:13:38 37525] Initializing tracer.
[T 04:13:38 37525] Initializing tags.
[T 04:13:38 37525] ID set to 0000000000009295_0000000000000001 (parent 0000000000009155_0000000000000001)
[E 04:13:38 37525] CodeQL C/C++ Extractor 2.25.1
[E 04:13:38 37525] Current directory: /home/test/my-awesome-project/CISB/server/paddingcopiedtouserspace
[E 04:13:38 37525] Command: /mnt/c/Tools/codeql/cpp/tools/linux64/extractor --mimic /usr/bin/x86_64-linux-gnu-gcc-13 -c -o test1.o test1.c
[T 04:13:38 37582] Initializing tracer.
[T 04:13:38 37582] Initializing tags.
[T 04:13:38 37582] ID set to 00000000000092CE_0000000000000001 (parent 0000000000009295_0000000000000001)
[T 04:13:38 37582] ==== Candidate to intercept: /usr/bin/x86_64-linux-gnu-gcc-13 (canonical: /usr/bin/x86_64-linux-gnu-gcc-13) ====
[T 04:13:38 37582] Lua: === Intercepted call to /usr/bin/x86_64-linux-gnu-gcc-13 ===
[T 04:13:38 37582] Executing the following tracer actions:
[T 04:13:38 37582] Tracer actions:
[T 04:13:38 37582] pre_invocations(0)
[T 04:13:38 37582] post_invocations(1)
[T 04:13:38 37582] invocation: /mnt/c/Tools/codeql/cpp/tools/linux64/extractor, args: [--mimic, /usr/bin/x86_64-linux-gnu-gcc-13, --version]
[T 04:13:38 37582] trace_languages(1): [cpp]
[T 04:13:38 37597] Attempting to switch stdout/stderr to 7...
[T 04:13:38 37597] Initializing tracer.
[T 04:13:38 37597] Initializing tags.
[T 04:13:38 37597] ID set to 00000000000092DD_0000000000000001 (parent 00000000000092CE_0000000000000001)
[E 04:13:38 37597] Mimicry classification suppression detected; exiting.
[E 04:13:38 37597] Extractor exited successfully
[T 04:13:38 37582] Extractor /mnt/c/Tools/codeql/cpp/tools/linux64/extractor terminated with exit code 0.
[T 04:13:38 37612] Initializing tracer.
[T 04:13:38 37612] Initializing tags.
[T 04:13:38 37612] ID set to 00000000000092EC_0000000000000001 (parent 0000000000009295_0000000000000001)
[T 04:13:38 37612] ==== Candidate to intercept: /usr/bin/x86_64-linux-gnu-gcc-13 (canonical: /usr/bin/x86_64-linux-gnu-gcc-13) ====
[T 04:13:38 37612] Lua: === Intercepted call to /usr/bin/x86_64-linux-gnu-gcc-13 ===
[T 04:13:38 37612] Executing the following tracer actions:
[T 04:13:38 37612] Tracer actions:
[T 04:13:38 37612] pre_invocations(0)
[T 04:13:38 37612] post_invocations(1)
[T 04:13:38 37612] invocation: /mnt/c/Tools/codeql/cpp/tools/linux64/extractor, args: [--mimic, /usr/bin/x86_64-linux-gnu-gcc-13, --help]
[T 04:13:38 37612] trace_languages(1): [cpp]
[T 04:13:38 37614] Attempting to switch stdout/stderr to 7...
[T 04:13:38 37614] Initializing tracer.
[T 04:13:38 37614] Initializing tags.
[T 04:13:38 37614] ID set to 00000000000092EE_0000000000000001 (parent 00000000000092EC_0000000000000001)
[E 04:13:38 37614] Mimicry classification suppression detected; exiting.
[E 04:13:38 37614] Extractor exited successfully
[T 04:13:38 37612] Extractor /mnt/c/Tools/codeql/cpp/tools/linux64/extractor terminated with exit code 0.
[T 04:13:38 37615] Initializing tracer.
[T 04:13:38 37615] Initializing tags.
[T 04:13:38 37615] ID set to 00000000000092EF_0000000000000001 (parent 0000000000009295_0000000000000001)
[T 04:13:38 37615] ==== Candidate to intercept: /usr/bin/x86_64-linux-gnu-gcc-13 (canonical: /usr/bin/x86_64-linux-gnu-gcc-13) ====
[T 04:13:38 37615] Lua: === Intercepted call to /usr/bin/x86_64-linux-gnu-gcc-13 ===
[T 04:13:38 37615] Executing the following tracer actions:
[T 04:13:38 37615] Tracer actions:
[T 04:13:38 37615] pre_invocations(0)
[T 04:13:38 37615] post_invocations(1)
[T 04:13:38 37615] invocation: /mnt/c/Tools/codeql/cpp/tools/linux64/extractor, args: [--mimic, /usr/bin/x86_64-linux-gnu-gcc-13, -nostdinc, -o, /home/test/my-awesome-project/CISB/server/paddingcopiedtouserspace/db-l11/working/tmp//semmle_2_37525_934582.o, -c, /home/test/my-awesome-project/CISB/server/paddingcopiedtouserspace/db-l11/working/tmp//semmle_1_37525_934470.c]
[T 04:13:38 37615] trace_languages(1): [cpp]
[T 04:13:38 37617] Initializing tracer.
[T 04:13:38 37617] Initializing tags.
[T 04:13:38 37617] ID set to 00000000000092F1_0000000000000001 (parent 00000000000092EF_0000000000000001)
[T 04:13:38 37617] ==== Candidate to intercept: /usr/libexec/gcc/x86_64-linux-gnu/13/cc1 (canonical: /usr/libexec/gcc/x86_64-linux-gnu/13/cc1) ====
[T 04:13:38 37617] Lua: === Intercepted call to /usr/libexec/gcc/x86_64-linux-gnu/13/cc1 ===
[T 04:13:38 37617] Executing the following tracer actions:
[T 04:13:38 37617] Tracer actions:
[T 04:13:38 37617] pre_invocations(0)
[T 04:13:38 37617] post_invocations(1)
[T 04:13:38 37617] invocation: /mnt/c/Tools/codeql/cpp/tools/linux64/extractor, args: [--mimic, /usr/libexec/gcc/x86_64-linux-gnu/13/cc1, -quiet, -nostdinc, -imultiarch, x86_64-linux-gnu, /home/test/my-awesome-project/CISB/server/paddingcopiedtouserspace/db-l11/working/tmp//semmle_1_37525_934470.c, -quiet, -dumpdir, /home/test/my-awesome-project/CISB/server/paddingcopiedtouserspace/db-l11/working/tmp//, -dumpbase, semmle_2_37525_934582.c, -dumpbase-ext, .c, -mtune=generic, -march=x86-64, -fasynchronous-unwind-tables, -fstack-protector-strong, -Wformat, -Wformat-security, -fstack-clash-protection, -fcf-protection, -o, /tmp/cce63Fir.s]
[T 04:13:38 37617] trace_languages(1): [cpp]
[T 04:13:38 37619] Attempting to switch stdout/stderr to 7...
[T 04:13:38 37619] Initializing tracer.
[T 04:13:38 37619] Initializing tags.
[T 04:13:38 37619] ID set to 00000000000092F3_0000000000000001 (parent 00000000000092F1_0000000000000001)
[E 04:13:38 37619] Mimicry classification suppression detected; exiting.
[E 04:13:38 37619] Extractor exited successfully
[T 04:13:38 37617] Extractor /mnt/c/Tools/codeql/cpp/tools/linux64/extractor terminated with exit code 0.
[T 04:13:38 37629] Initializing tracer.
[T 04:13:38 37629] Initializing tags.
[T 04:13:38 37629] ID set to 00000000000092FD_0000000000000001 (parent 00000000000092EF_0000000000000001)
[T 04:13:38 37629] ==== Candidate to intercept: as (canonical: /usr/bin/as) ====
[T 04:13:38 37629] Lua: === Intercepted call to /usr/bin/as ===
[T 04:13:38 37629] Executing the following tracer actions:
[T 04:13:38 37629] Tracer actions:
[T 04:13:38 37629] pre_invocations(0)
[T 04:13:38 37629] post_invocations(1)
[T 04:13:38 37629] invocation: /mnt/c/Tools/codeql/cpp/tools/linux64/extractor, args: [--assembler, --codeql-assembler-executable, /usr/bin/as, --64, -o, /home/test/my-awesome-project/CISB/server/paddingcopiedtouserspace/db-l11/working/tmp//semmle_2_37525_934582.o, /tmp/cce63Fir.s]
[T 04:13:38 37629] trace_languages(1): [cpp]
[T 04:13:38 37650] Attempting to switch stdout/stderr to 7...
[T 04:13:38 37650] Initializing tracer.
[T 04:13:38 37650] Initializing tags.
[T 04:13:38 37650] ID set to 0000000000009312_0000000000000001 (parent 00000000000092FD_0000000000000001)
[E 04:13:38 37650] Mimicry classification suppression detected; exiting.
[E 04:13:38 37650] Extractor exited successfully
[T 04:13:38 37629] Extractor /mnt/c/Tools/codeql/cpp/tools/linux64/extractor terminated with exit code 0.
[T 04:13:38 37651] Attempting to switch stdout/stderr to 7...
[T 04:13:39 37651] Initializing tracer.
[T 04:13:39 37651] Initializing tags.
[T 04:13:39 37651] ID set to 0000000000009313_0000000000000001 (parent 00000000000092EF_0000000000000001)
[E 04:13:39 37651] Mimicry classification suppression detected; exiting.
[E 04:13:39 37651] Extractor exited successfully
[T 04:13:39 37615] Extractor /mnt/c/Tools/codeql/cpp/tools/linux64/extractor terminated with exit code 0.
[T 04:13:39 37652] Initializing tracer.
[T 04:13:39 37652] Initializing tags.
[T 04:13:39 37652] ID set to 0000000000009314_0000000000000001 (parent 0000000000009295_0000000000000001)
[T 04:13:39 37652] ==== Candidate to intercept: /usr/bin/x86_64-linux-gnu-gcc-13 (canonical: /usr/bin/x86_64-linux-gnu-gcc-13) ====
[T 04:13:39 37652] Lua: === Intercepted call to /usr/bin/x86_64-linux-gnu-gcc-13 ===
[T 04:13:39 37652] Executing the following tracer actions:
[T 04:13:39 37652] Tracer actions:
[T 04:13:39 37652] pre_invocations(0)
[T 04:13:39 37652] post_invocations(1)
[T 04:13:39 37652] invocation: /mnt/c/Tools/codeql/cpp/tools/linux64/extractor, args: [--mimic, /usr/bin/x86_64-linux-gnu-gcc-13, -nostdinc, -o, /home/test/my-awesome-project/CISB/server/paddingcopiedtouserspace/db-l11/working/tmp//semmle_4_37525_14508.o, -c, /home/test/my-awesome-project/CISB/server/paddingcopiedtouserspace/db-l11/working/tmp//semmle_3_37525_14431.c]
[T 04:13:39 37652] trace_languages(1): [cpp]
[T 04:13:39 37654] Initializing tracer.
[T 04:13:39 37654] Initializing tags.
[T 04:13:39 37654] ID set to 0000000000009316_0000000000000001 (parent 0000000000009314_0000000000000001)
[T 04:13:39 37654] ==== Candidate to intercept: /usr/libexec/gcc/x86_64-linux-gnu/13/cc1 (canonical: /usr/libexec/gcc/x86_64-linux-gnu/13/cc1) ====
[T 04:13:39 37654] Lua: === Intercepted call to /usr/libexec/gcc/x86_64-linux-gnu/13/cc1 ===
[T 04:13:39 37654] Executing the following tracer actions:
[T 04:13:39 37654] Tracer actions:
[T 04:13:39 37654] pre_invocations(0)
[T 04:13:39 37654] post_invocations(1)
[T 04:13:39 37654] invocation: /mnt/c/Tools/codeql/cpp/tools/linux64/extractor, args: [--mimic, /usr/libexec/gcc/x86_64-linux-gnu/13/cc1, -quiet, -nostdinc, -imultiarch, x86_64-linux-gnu, /home/test/my-awesome-project/CISB/server/paddingcopiedtouserspace/db-l11/working/tmp//semmle_3_37525_14431.c, -quiet, -dumpdir, /home/test/my-awesome-project/CISB/server/paddingcopiedtouserspace/db-l11/working/tmp//, -dumpbase, semmle_4_37525_14508.c, -dumpbase-ext, .c, -mtune=generic, -march=x86-64, -fasynchronous-unwind-tables, -fstack-protector-strong, -Wformat, -Wformat-security, -fstack-clash-protection, -fcf-protection, -o, /tmp/ccSUSnpl.s]
[T 04:13:39 37654] trace_languages(1): [cpp]
[T 04:13:39 37657] Attempting to switch stdout/stderr to 7...
[T 04:13:39 37657] Initializing tracer.
[T 04:13:39 37657] Initializing tags.
[T 04:13:39 37657] ID set to 0000000000009319_0000000000000001 (parent 0000000000009316_0000000000000001)
[E 04:13:39 37657] Mimicry classification suppression detected; exiting.
[E 04:13:39 37657] Extractor exited successfully
[T 04:13:39 37654] Extractor /mnt/c/Tools/codeql/cpp/tools/linux64/extractor terminated with exit code 0.
[T 04:13:39 37671] Attempting to switch stdout/stderr to 7...
[T 04:13:39 37671] Initializing tracer.
[T 04:13:39 37671] Initializing tags.
[T 04:13:39 37671] ID set to 0000000000009327_0000000000000001 (parent 0000000000009314_0000000000000001)
[E 04:13:39 37671] Mimicry classification suppression detected; exiting.
[E 04:13:39 37671] Extractor exited successfully
[T 04:13:39 37652] Extractor /mnt/c/Tools/codeql/cpp/tools/linux64/extractor terminated with exit code 0.
[E 04:13:39 37525] Checking whether C compilation already happened.
[E 04:13:39 37525] Checking for tag c-compilation-happened
[E 04:13:39 37525] Checking CODEQL_TRACER_DB_ID 0000000000009155_0000000000000001
[E 04:13:39 37525] Locking DB /home/test/my-awesome-project/CISB/server/paddingcopiedtouserspace/db-l11/working/tags.db
[E 04:13:39 37525] Locked DB /home/test/my-awesome-project/CISB/server/paddingcopiedtouserspace/db-l11/working/tags.db
[E 04:13:39 37525] Unlocking DB
[E 04:13:39 37525] Unlocked DB
[E 04:13:39 37525] Exiting as C compilation already happened.
[T 04:13:39 37205] Extractor /mnt/c/Tools/codeql/cpp/tools/linux64/extractor terminated with exit code 0.
