[T 04:03:58 26189] CodeQL CLI version 2.25.1
[T 04:03:58 26189] Initializing tracer.
[T 04:03:58 26189] Initializing tags.
[T 04:03:58 26189] ID set to 000000000000664D_0000000000000001 (parent root)
[T 04:03:58 26189] Initializing tracer.
[T 04:03:58 26189] Initializing tags.
[T 04:03:58 26189] ID set to 000000000000664D_0000000000000002 (parent root)
[T 04:03:58 26189] Warning: SEMMLE_EXEC and SEMMLE_EXECP not set. Falling back to path lookup on argv[0].
[T 04:03:58 26189] ==== Candidate to intercept: /mnt/c/Tools/codeql/tools/linux64/runner-linux (canonical: /mnt/c/Tools/codeql/tools/linux64/runner-linux) ====
[T 04:03:58 26189] Executing the following tracer actions:
[T 04:03:58 26189] Tracer actions:
[T 04:03:58 26189] pre_invocations(0)
[T 04:03:58 26189] post_invocations(0)
[T 04:03:58 26189] trace_languages(1): [cpp]
[T 04:03:58 26189] Initializing tracer.
[T 04:03:58 26189] Initializing tags.
[T 04:03:58 26189] ID set to 000000000000664D_0000000000000003 (parent 000000000000664D_0000000000000002)
[T 04:03:58 26189] ==== Candidate to intercept: make (canonical: /usr/bin/make) ====
[T 04:03:58 26189] Executing the following tracer actions:
[T 04:03:58 26189] Tracer actions:
[T 04:03:58 26189] pre_invocations(0)
[T 04:03:58 26189] post_invocations(0)
[T 04:03:58 26189] trace_languages(1): [cpp]
[T 04:03:58 26192] Initializing tracer.
[T 04:03:58 26192] Initializing tags.
[T 04:03:58 26192] ID set to 0000000000006650_0000000000000001 (parent 000000000000664D_0000000000000003)
[T 04:03:58 26192] ==== Candidate to intercept: /usr/bin/gcc (canonical: /usr/bin/x86_64-linux-gnu-gcc-13) ====
[T 04:03:58 26192] Lua: === Intercepted call to /usr/bin/x86_64-linux-gnu-gcc-13 ===
[T 04:03:58 26192] Executing the following tracer actions:
[T 04:03:58 26192] Tracer actions:
[T 04:03:58 26192] pre_invocations(0)
[T 04:03:58 26192] post_invocations(1)
[T 04:03:58 26192] invocation: /mnt/c/Tools/codeql/cpp/tools/linux64/extractor, args: [--mimic, /usr/bin/x86_64-linux-gnu-gcc-13, -c, -o, test1.o, test1.c]
[T 04:03:58 26192] trace_languages(1): [cpp]
[T 04:03:58 26194] Initializing tracer.
[T 04:03:58 26194] Initializing tags.
[T 04:03:58 26194] ID set to 0000000000006652_0000000000000001 (parent 0000000000006650_0000000000000001)
[T 04:03:58 26194] ==== Candidate to intercept: /usr/libexec/gcc/x86_64-linux-gnu/13/cc1 (canonical: /usr/libexec/gcc/x86_64-linux-gnu/13/cc1) ====
[T 04:03:58 26194] Lua: === Intercepted call to /usr/libexec/gcc/x86_64-linux-gnu/13/cc1 ===
[T 04:03:58 26194] Executing the following tracer actions:
[T 04:03:58 26194] Tracer actions:
[T 04:03:58 26194] pre_invocations(0)
[T 04:03:58 26194] post_invocations(1)
[T 04:03:58 26194] invocation: /mnt/c/Tools/codeql/cpp/tools/linux64/extractor, args: [--mimic, /usr/libexec/gcc/x86_64-linux-gnu/13/cc1, -quiet, -imultiarch, x86_64-linux-gnu, test1.c, -quiet, -dumpbase, test1.c, -dumpbase-ext, .c, -mtune=generic, -march=x86-64, -fasynchronous-unwind-tables, -fstack-protector-strong, -Wformat, -Wformat-security, -fstack-clash-protection, -fcf-protection, -o, /tmp/ccmiurbR.s]
[T 04:03:58 26194] trace_languages(1): [cpp]
[T 04:03:58 26196] Attempting to switch stdout/stderr to 4...
[T 04:03:58 26196] Initializing tracer.
[T 04:03:58 26196] Initializing tags.
[T 04:03:58 26196] ID set to 0000000000006654_0000000000000001 (parent 0000000000006652_0000000000000001)
[E 04:03:58 26196] CodeQL C/C++ Extractor 2.25.1
[E 04:03:58 26196] Current directory: /home/test/my-awesome-project/CISB/server/env:transfermemcpytounalignedldx
[E 04:03:58 26196] Command: /mnt/c/Tools/codeql/cpp/tools/linux64/extractor --mimic /usr/libexec/gcc/x86_64-linux-gnu/13/cc1 -quiet -imultiarch x86_64-linux-gnu test1.c -quiet -dumpbase test1.c -dumpbase-ext .c -mtune=generic -march=x86-64 -fasynchronous-unwind-tables -fstack-protector-strong -Wformat -Wformat-security -fstack-clash-protection -fcf-protection -o /tmp/ccmiurbR.s
[T 04:03:58 26198] Initializing tracer.
[T 04:03:58 26198] Initializing tags.
[T 04:03:58 26198] ID set to 0000000000006656_0000000000000001 (parent 0000000000006654_0000000000000001)
[T 04:03:58 26198] ==== Candidate to intercept: /usr/libexec/gcc/x86_64-linux-gnu/13/cc1 (canonical: /usr/libexec/gcc/x86_64-linux-gnu/13/cc1) ====
[T 04:03:58 26198] Lua: === Intercepted call to /usr/libexec/gcc/x86_64-linux-gnu/13/cc1 ===
[T 04:03:58 26198] Executing the following tracer actions:
[T 04:03:58 26198] Tracer actions:
[T 04:03:58 26198] pre_invocations(0)
[T 04:03:58 26198] post_invocations(1)
[T 04:03:58 26198] invocation: /mnt/c/Tools/codeql/cpp/tools/linux64/extractor, args: [--mimic, /usr/libexec/gcc/x86_64-linux-gnu/13/cc1, --version]
[T 04:03:58 26198] trace_languages(1): [cpp]
[T 04:03:58 26200] Attempting to switch stdout/stderr to 7...
[T 04:03:58 26200] Initializing tracer.
[T 04:03:58 26200] Initializing tags.
[T 04:03:58 26200] ID set to 0000000000006658_0000000000000001 (parent 0000000000006656_0000000000000001)
[E 04:03:58 26200] Mimicry classification suppression detected; exiting.
[E 04:03:58 26200] Extractor exited successfully
[T 04:03:58 26198] Extractor /mnt/c/Tools/codeql/cpp/tools/linux64/extractor terminated with exit code 0.
[T 04:03:58 26201] Initializing tracer.
[T 04:03:58 26201] Initializing tags.
[T 04:03:58 26201] ID set to 0000000000006659_0000000000000001 (parent 0000000000006654_0000000000000001)
[T 04:03:58 26201] ==== Candidate to intercept: /usr/libexec/gcc/x86_64-linux-gnu/13/cc1 (canonical: /usr/libexec/gcc/x86_64-linux-gnu/13/cc1) ====
[T 04:03:58 26201] Lua: === Intercepted call to /usr/libexec/gcc/x86_64-linux-gnu/13/cc1 ===
[T 04:03:58 26201] Executing the following tracer actions:
[T 04:03:58 26201] Tracer actions:
[T 04:03:58 26201] pre_invocations(0)
[T 04:03:58 26201] post_invocations(1)
[T 04:03:58 26201] invocation: /mnt/c/Tools/codeql/cpp/tools/linux64/extractor, args: [--mimic, /usr/libexec/gcc/x86_64-linux-gnu/13/cc1, --help]
[T 04:03:58 26201] trace_languages(1): [cpp]
[T 04:03:58 26203] Attempting to switch stdout/stderr to 7...
[T 04:03:58 26203] Initializing tracer.
[T 04:03:58 26203] Initializing tags.
[T 04:03:58 26203] ID set to 000000000000665B_0000000000000001 (parent 0000000000006659_0000000000000001)
[E 04:03:58 26203] Mimicry classification suppression detected; exiting.
[E 04:03:58 26203] Extractor exited successfully
[T 04:03:58 26201] Extractor /mnt/c/Tools/codeql/cpp/tools/linux64/extractor terminated with exit code 0.
[T 04:03:58 26204] Initializing tracer.
[T 04:03:58 26204] Initializing tags.
[T 04:03:58 26204] ID set to 000000000000665C_0000000000000001 (parent 0000000000006654_0000000000000001)
[T 04:03:58 26204] ==== Candidate to intercept: /usr/libexec/gcc/x86_64-linux-gnu/13/cc1 (canonical: /usr/libexec/gcc/x86_64-linux-gnu/13/cc1) ====
[T 04:03:58 26204] Lua: === Intercepted call to /usr/libexec/gcc/x86_64-linux-gnu/13/cc1 ===
[T 04:03:58 26204] Executing the following tracer actions:
[T 04:03:58 26204] Tracer actions:
[T 04:03:58 26204] pre_invocations(0)
[T 04:03:58 26204] post_invocations(1)
[T 04:03:58 26204] invocation: /mnt/c/Tools/codeql/cpp/tools/linux64/extractor, args: [--mimic, /usr/libexec/gcc/x86_64-linux-gnu/13/cc1, -version, --help]
[T 04:03:58 26204] trace_languages(1): [cpp]
[T 04:03:58 26206] Attempting to switch stdout/stderr to 7...
[T 04:03:58 26206] Initializing tracer.
[T 04:03:58 26206] Initializing tags.
[T 04:03:58 26206] ID set to 000000000000665E_0000000000000001 (parent 000000000000665C_0000000000000001)
[E 04:03:58 26206] Mimicry classification suppression detected; exiting.
[E 04:03:58 26206] Extractor exited successfully
[T 04:03:58 26204] Extractor /mnt/c/Tools/codeql/cpp/tools/linux64/extractor terminated with exit code 0.
[T 04:03:58 26207] Initializing tracer.
[T 04:03:58 26207] Initializing tags.
[T 04:03:58 26207] ID set to 000000000000665F_0000000000000001 (parent 0000000000006654_0000000000000001)
[T 04:03:58 26207] ==== Candidate to intercept: /usr/libexec/gcc/x86_64-linux-gnu/13/cc1 (canonical: /usr/libexec/gcc/x86_64-linux-gnu/13/cc1) ====
[T 04:03:58 26207] Lua: === Intercepted call to /usr/libexec/gcc/x86_64-linux-gnu/13/cc1 ===
[T 04:03:58 26207] Executing the following tracer actions:
[T 04:03:58 26207] Tracer actions:
[T 04:03:58 26207] pre_invocations(0)
[T 04:03:58 26207] post_invocations(1)
[T 04:03:58 26207] invocation: /mnt/c/Tools/codeql/cpp/tools/linux64/extractor, args: [--mimic, /usr/libexec/gcc/x86_64-linux-gnu/13/cc1, -nostdinc, -o, /home/test/my-awesome-project/CISB/server/env:transfermemcpytounalignedldx/db-l23/working/tmp//semmle_2_26196_479863.o, /home/test/my-awesome-project/CISB/server/env:transfermemcpytounalignedldx/db-l23/working/tmp//semmle_1_26196_479828.c]
[T 04:03:58 26207] trace_languages(1): [cpp]
[T 04:03:58 26209] Attempting to switch stdout/stderr to 7...
[T 04:03:58 26209] Initializing tracer.
[T 04:03:58 26209] Initializing tags.
[T 04:03:58 26209] ID set to 0000000000006661_0000000000000001 (parent 000000000000665F_0000000000000001)
[E 04:03:58 26209] Mimicry classification suppression detected; exiting.
[E 04:03:58 26209] Extractor exited successfully
[T 04:03:58 26207] Extractor /mnt/c/Tools/codeql/cpp/tools/linux64/extractor terminated with exit code 0.
[T 04:03:58 26210] Initializing tracer.
[T 04:03:58 26210] Initializing tags.
[T 04:03:58 26210] ID set to 0000000000006662_0000000000000001 (parent 0000000000006654_0000000000000001)
[T 04:03:58 26210] ==== Candidate to intercept: /usr/libexec/gcc/x86_64-linux-gnu/13/cc1 (canonical: /usr/libexec/gcc/x86_64-linux-gnu/13/cc1) ====
[T 04:03:58 26210] Lua: === Intercepted call to /usr/libexec/gcc/x86_64-linux-gnu/13/cc1 ===
[T 04:03:58 26210] Executing the following tracer actions:
[T 04:03:58 26210] Tracer actions:
[T 04:03:58 26210] pre_invocations(0)
[T 04:03:58 26210] post_invocations(1)
[T 04:03:58 26210] invocation: /mnt/c/Tools/codeql/cpp/tools/linux64/extractor, args: [--mimic, /usr/libexec/gcc/x86_64-linux-gnu/13/cc1, -nostdinc, -o, /home/test/my-awesome-project/CISB/server/env:transfermemcpytounalignedldx/db-l23/working/tmp//semmle_4_26196_514239.o, /home/test/my-awesome-project/CISB/server/env:transfermemcpytounalignedldx/db-l23/working/tmp//semmle_3_26196_514187.c]
[T 04:03:58 26210] trace_languages(1): [cpp]
[T 04:03:58 26212] Attempting to switch stdout/stderr to 7...
[T 04:03:58 26212] Initializing tracer.
[T 04:03:58 26212] Initializing tags.
[T 04:03:58 26212] ID set to 0000000000006664_0000000000000001 (parent 0000000000006662_0000000000000001)
[E 04:03:58 26212] Mimicry classification suppression detected; exiting.
[E 04:03:58 26212] Extractor exited successfully
[T 04:03:58 26210] Extractor /mnt/c/Tools/codeql/cpp/tools/linux64/extractor terminated with exit code 0.
[E 04:03:58 26196] Checking whether C compilation already happened.
[E 04:03:58 26196] Checking for tag c-compilation-happened
[E 04:03:58 26196] Checking CODEQL_TRACER_DB_ID 0000000000006652_0000000000000001
[E 04:03:58 26196] Locking DB /home/test/my-awesome-project/CISB/server/env:transfermemcpytounalignedldx/db-l23/working/tags.db
[E 04:03:58 26196] Locked DB /home/test/my-awesome-project/CISB/server/env:transfermemcpytounalignedldx/db-l23/working/tags.db
[E 04:03:58 26196] Unlocking DB
[E 04:03:58 26196] Unlocked DB
[E 04:03:58 26196] Looks like C compilation didn't already happen.
[E 04:03:58 26196] Checking whether C compilation has been attempted.
[E 04:03:58 26196] Checking for tag c-compilation-attempted
[E 04:03:58 26196] Checking CODEQL_TRACER_DB_ID 0000000000006652_0000000000000001
[E 04:03:58 26196] Locking DB /home/test/my-awesome-project/CISB/server/env:transfermemcpytounalignedldx/db-l23/working/tags.db
[E 04:03:58 26196] Locked DB /home/test/my-awesome-project/CISB/server/env:transfermemcpytounalignedldx/db-l23/working/tags.db
[E 04:03:58 26196] Unlocking DB
[E 04:03:58 26196] Unlocked DB
[E 04:03:58 26196] Marking C compilation as attempted.
[E 04:03:58 26196] Setting tag c-compilation-attempted
[E 04:03:58 26196] Starting from CODEQL_TRACER_DB_ID 0000000000006652_0000000000000001
[E 04:03:58 26196] Locking DB /home/test/my-awesome-project/CISB/server/env:transfermemcpytounalignedldx/db-l23/working/tags.db
[E 04:03:58 26196] Locked DB /home/test/my-awesome-project/CISB/server/env:transfermemcpytounalignedldx/db-l23/working/tags.db
[E 04:03:58 26196] Set tag for 0000000000006652_0000000000000001
[E 04:03:58 26196] Set tag for 0000000000006650_0000000000000001
[E 04:03:58 26196] Set tag for 000000000000664D_0000000000000003
[E 04:03:58 26196] Set tag for 000000000000664D_0000000000000002
[E 04:03:58 26196] Set tag for root
[E 04:03:58 26196] Unlocking DB
[E 04:03:58 26196] Unlocked DB
[T 04:03:58 26213] Initializing tracer.
[T 04:03:58 26213] Initializing tags.
[T 04:03:58 26213] ID set to 0000000000006665_0000000000000001 (parent 0000000000006654_0000000000000001)
[T 04:03:58 26213] ==== Candidate to intercept: /usr/libexec/gcc/x86_64-linux-gnu/13/cc1 (canonical: /usr/libexec/gcc/x86_64-linux-gnu/13/cc1) ====
[T 04:03:58 26213] Lua: === Intercepted call to /usr/libexec/gcc/x86_64-linux-gnu/13/cc1 ===
[T 04:03:58 26213] Executing the following tracer actions:
[T 04:03:58 26213] Tracer actions:
[T 04:03:58 26213] pre_invocations(0)
[T 04:03:58 26213] post_invocations(1)
[T 04:03:58 26213] invocation: /mnt/c/Tools/codeql/cpp/tools/linux64/extractor, args: [--mimic, /usr/libexec/gcc/x86_64-linux-gnu/13/cc1, @/home/test/my-awesome-project/CISB/server/env:transfermemcpytounalignedldx/db-l23/working/tmp//semmle_6_26196_547287, -v, -fsyntax-only, /home/test/my-awesome-project/CISB/server/env:transfermemcpytounalignedldx/db-l23/working/tmp//semmle_7_26196_547422]
[T 04:03:58 26213] trace_languages(1): [cpp]
[T 04:03:58 26215] Attempting to switch stdout/stderr to 7...
[T 04:03:58 26215] Initializing tracer.
[T 04:03:58 26215] Initializing tags.
[T 04:03:58 26215] ID set to 0000000000006667_0000000000000001 (parent 0000000000006665_0000000000000001)
[E 04:03:58 26215] Mimicry classification suppression detected; exiting.
[E 04:03:58 26215] Extractor exited successfully
[T 04:03:58 26213] Extractor /mnt/c/Tools/codeql/cpp/tools/linux64/extractor terminated with exit code 0.
[T 04:03:58 26216] Initializing tracer.
[T 04:03:58 26216] Initializing tags.
[T 04:03:58 26216] ID set to 0000000000006668_0000000000000001 (parent 0000000000006654_0000000000000001)
[T 04:03:58 26216] ==== Candidate to intercept: /usr/libexec/gcc/x86_64-linux-gnu/13/cc1 (canonical: /usr/libexec/gcc/x86_64-linux-gnu/13/cc1) ====
[T 04:03:58 26216] Lua: === Intercepted call to /usr/libexec/gcc/x86_64-linux-gnu/13/cc1 ===
[T 04:03:58 26216] Executing the following tracer actions:
[T 04:03:58 26216] Tracer actions:
[T 04:03:58 26216] pre_invocations(0)
[T 04:03:58 26216] post_invocations(1)
[T 04:03:58 26216] invocation: /mnt/c/Tools/codeql/cpp/tools/linux64/extractor, args: [--mimic, /usr/libexec/gcc/x86_64-linux-gnu/13/cc1, @/home/test/my-awesome-project/CISB/server/env:transfermemcpytounalignedldx/db-l23/working/tmp//semmle_6_26196_547287, -E, -dM, /home/test/my-awesome-project/CISB/server/env:transfermemcpytounalignedldx/db-l23/working/tmp//semmle_8_26196_576831]
[T 04:03:58 26216] trace_languages(1): [cpp]
[T 04:03:58 26218] Attempting to switch stdout/stderr to 7...
[T 04:03:58 26218] Initializing tracer.
[T 04:03:58 26218] Initializing tags.
[T 04:03:58 26218] ID set to 000000000000666A_0000000000000001 (parent 0000000000006668_0000000000000001)
[E 04:03:58 26218] Mimicry classification suppression detected; exiting.
[E 04:03:58 26218] Extractor exited successfully
[T 04:03:58 26216] Extractor /mnt/c/Tools/codeql/cpp/tools/linux64/extractor terminated with exit code 0.
[T 04:03:58 26219] Initializing tracer.
[T 04:03:58 26219] Initializing tags.
[T 04:03:58 26219] ID set to 000000000000666B_0000000000000001 (parent 0000000000006654_0000000000000001)
[T 04:03:58 26219] ==== Candidate to intercept: /usr/libexec/gcc/x86_64-linux-gnu/13/cc1 (canonical: /usr/libexec/gcc/x86_64-linux-gnu/13/cc1) ====
[T 04:03:58 26219] Lua: === Intercepted call to /usr/libexec/gcc/x86_64-linux-gnu/13/cc1 ===
[T 04:03:58 26219] Executing the following tracer actions:
[T 04:03:58 26219] Tracer actions:
[T 04:03:58 26219] pre_invocations(0)
[T 04:03:58 26219] post_invocations(1)
[T 04:03:58 26219] invocation: /mnt/c/Tools/codeql/cpp/tools/linux64/extractor, args: [--mimic, /usr/libexec/gcc/x86_64-linux-gnu/13/cc1, @/home/test/my-awesome-project/CISB/server/env:transfermemcpytounalignedldx/db-l23/working/tmp//semmle_9_26196_604216, -o, /home/test/my-awesome-project/CISB/server/env:transfermemcpytounalignedldx/db-l23/working/tmp//semmle_11_26196_604534.o, /home/test/my-awesome-project/CISB/server/env:transfermemcpytounalignedldx/db-l23/working/tmp//semmle_10_26196_604460.c]
[T 04:03:58 26219] trace_languages(1): [cpp]
[T 04:03:58 26221] Attempting to switch stdout/stderr to 7...
[T 04:03:58 26221] Initializing tracer.
[T 04:03:58 26221] Initializing tags.
[T 04:03:58 26221] ID set to 000000000000666D_0000000000000001 (parent 000000000000666B_0000000000000001)
[E 04:03:58 26221] Mimicry classification suppression detected; exiting.
[E 04:03:58 26221] Extractor exited successfully
[T 04:03:58 26219] Extractor /mnt/c/Tools/codeql/cpp/tools/linux64/extractor terminated with exit code 0.
[T 04:03:58 26222] Initializing tracer.
[T 04:03:58 26222] Initializing tags.
[T 04:03:58 26222] ID set to 000000000000666E_0000000000000001 (parent 0000000000006654_0000000000000001)
[T 04:03:58 26222] ==== Candidate to intercept: /usr/libexec/gcc/x86_64-linux-gnu/13/cc1 (canonical: /usr/libexec/gcc/x86_64-linux-gnu/13/cc1) ====
[T 04:03:58 26222] Lua: === Intercepted call to /usr/libexec/gcc/x86_64-linux-gnu/13/cc1 ===
[T 04:03:58 26222] Executing the following tracer actions:
[T 04:03:58 26222] Tracer actions:
[T 04:03:58 26222] pre_invocations(0)
[T 04:03:58 26222] post_invocations(1)
[T 04:03:58 26222] invocation: /mnt/c/Tools/codeql/cpp/tools/linux64/extractor, args: [--mimic, /usr/libexec/gcc/x86_64-linux-gnu/13/cc1, @/home/test/my-awesome-project/CISB/server/env:transfermemcpytounalignedldx/db-l23/working/tmp//semmle_9_26196_604216, -o, /home/test/my-awesome-project/CISB/server/env:transfermemcpytounalignedldx/db-l23/working/tmp//semmle_13_26196_633482.o, /home/test/my-awesome-project/CISB/server/env:transfermemcpytounalignedldx/db-l23/working/tmp//semmle_12_26196_633437.c]
[T 04:03:58 26222] trace_languages(1): [cpp]
[T 04:03:58 26224] Attempting to switch stdout/stderr to 7...
[T 04:03:58 26224] Initializing tracer.
[T 04:03:58 26224] Initializing tags.
[T 04:03:58 26224] ID set to 0000000000006670_0000000000000001 (parent 000000000000666E_0000000000000001)
[E 04:03:58 26224] Mimicry classification suppression detected; exiting.
[E 04:03:58 26224] Extractor exited successfully
[T 04:03:58 26222] Extractor /mnt/c/Tools/codeql/cpp/tools/linux64/extractor terminated with exit code 0.
[T 04:03:58 26225] Initializing tracer.
[T 04:03:58 26225] Initializing tags.
[T 04:03:58 26225] ID set to 0000000000006671_0000000000000001 (parent 0000000000006654_0000000000000001)
[T 04:03:58 26225] ==== Candidate to intercept: /usr/libexec/gcc/x86_64-linux-gnu/13/cc1 (canonical: /usr/libexec/gcc/x86_64-linux-gnu/13/cc1) ====
[T 04:03:58 26225] Lua: === Intercepted call to /usr/libexec/gcc/x86_64-linux-gnu/13/cc1 ===
[T 04:03:58 26225] Executing the following tracer actions:
[T 04:03:58 26225] Tracer actions:
[T 04:03:58 26225] pre_invocations(0)
[T 04:03:58 26225] post_invocations(1)
[T 04:03:58 26225] invocation: /mnt/c/Tools/codeql/cpp/tools/linux64/extractor, args: [--mimic, /usr/libexec/gcc/x86_64-linux-gnu/13/cc1, @/home/test/my-awesome-project/CISB/server/env:transfermemcpytounalignedldx/db-l23/working/tmp//semmle_9_26196_604216, -o, /home/test/my-awesome-project/CISB/server/env:transfermemcpytounalignedldx/db-l23/working/tmp//semmle_15_26196_668783.o, /home/test/my-awesome-project/CISB/server/env:transfermemcpytounalignedldx/db-l23/working/tmp//semmle_14_26196_668720.c]
[T 04:03:58 26225] trace_languages(1): [cpp]
[T 04:03:58 26227] Attempting to switch stdout/stderr to 7...
[T 04:03:58 26227] Initializing tracer.
[T 04:03:58 26227] Initializing tags.
[T 04:03:58 26227] ID set to 0000000000006673_0000000000000001 (parent 0000000000006671_0000000000000001)
[E 04:03:58 26227] Mimicry classification suppression detected; exiting.
[E 04:03:58 26227] Extractor exited successfully
[T 04:03:58 26225] Extractor /mnt/c/Tools/codeql/cpp/tools/linux64/extractor terminated with exit code 0.
[T 04:03:58 26229] Initializing tracer.
[T 04:03:58 26229] Initializing tags.
[T 04:03:58 26229] ID set to 0000000000006675_0000000000000001 (parent 0000000000006654_0000000000000001)
[T 04:03:58 26229] ==== Candidate to intercept: /usr/libexec/gcc/x86_64-linux-gnu/13/cc1 (canonical: /usr/libexec/gcc/x86_64-linux-gnu/13/cc1) ====
[T 04:03:58 26229] Lua: === Intercepted call to /usr/libexec/gcc/x86_64-linux-gnu/13/cc1 ===
[T 04:03:58 26229] Executing the following tracer actions:
[T 04:03:58 26229] Tracer actions:
[T 04:03:58 26229] pre_invocations(0)
[T 04:03:58 26229] post_invocations(1)
[T 04:03:58 26229] invocation: /mnt/c/Tools/codeql/cpp/tools/linux64/extractor, args: [--mimic, /usr/libexec/gcc/x86_64-linux-gnu/13/cc1, @/home/test/my-awesome-project/CISB/server/env:transfermemcpytounalignedldx/db-l23/working/tmp//semmle_9_26196_604216, -o, /home/test/my-awesome-project/CISB/server/env:transfermemcpytounalignedldx/db-l23/working/tmp//semmle_17_26196_697955.o, /home/test/my-awesome-project/CISB/server/env:transfermemcpytounalignedldx/db-l23/working/tmp//semmle_16_26196_697908.c]
[T 04:03:58 26229] trace_languages(1): [cpp]
[T 04:03:58 26258] Attempting to switch stdout/stderr to 7...
[T 04:03:58 26258] Initializing tracer.
[T 04:03:58 26258] Initializing tags.
[T 04:03:58 26258] ID set to 0000000000006692_0000000000000001 (parent 0000000000006675_0000000000000001)
[E 04:03:58 26258] Mimicry classification suppression detected; exiting.
[E 04:03:58 26258] Extractor exited successfully
[T 04:03:58 26229] Extractor /mnt/c/Tools/codeql/cpp/tools/linux64/extractor terminated with exit code 0.
[T 04:03:58 26273] Initializing tracer.
[T 04:03:58 26273] Initializing tags.
[T 04:03:58 26273] ID set to 00000000000066A1_0000000000000001 (parent 0000000000006654_0000000000000001)
[T 04:03:58 26273] ==== Candidate to intercept: /usr/libexec/gcc/x86_64-linux-gnu/13/cc1 (canonical: /usr/libexec/gcc/x86_64-linux-gnu/13/cc1) ====
[T 04:03:58 26273] Lua: === Intercepted call to /usr/libexec/gcc/x86_64-linux-gnu/13/cc1 ===
[T 04:03:58 26273] Executing the following tracer actions:
[T 04:03:58 26273] Tracer actions:
[T 04:03:58 26273] pre_invocations(0)
[T 04:03:58 26273] post_invocations(1)
[T 04:03:58 26273] invocation: /mnt/c/Tools/codeql/cpp/tools/linux64/extractor, args: [--mimic, /usr/libexec/gcc/x86_64-linux-gnu/13/cc1, @/home/test/my-awesome-project/CISB/server/env:transfermemcpytounalignedldx/db-l23/working/tmp//semmle_9_26196_604216, -o, /home/test/my-awesome-project/CISB/server/env:transfermemcpytounalignedldx/db-l23/working/tmp//semmle_19_26196_730477.o, /home/test/my-awesome-project/CISB/server/env:transfermemcpytounalignedldx/db-l23/working/tmp//semmle_18_26196_730426.c]
[T 04:03:58 26273] trace_languages(1): [cpp]
[T 04:03:58 26289] Attempting to switch stdout/stderr to 7...
[T 04:03:58 26289] Initializing tracer.
[T 04:03:58 26289] Initializing tags.
[T 04:03:58 26289] ID set to 00000000000066B1_0000000000000001 (parent 00000000000066A1_0000000000000001)
[E 04:03:58 26289] Mimicry classification suppression detected; exiting.
[E 04:03:58 26289] Extractor exited successfully
[T 04:03:58 26273] Extractor /mnt/c/Tools/codeql/cpp/tools/linux64/extractor terminated with exit code 0.
[T 04:03:58 26291] Initializing tracer.
[T 04:03:58 26291] Initializing tags.
[T 04:03:58 26291] ID set to 00000000000066B3_0000000000000001 (parent 0000000000006654_0000000000000001)
[T 04:03:58 26291] ==== Candidate to intercept: /usr/libexec/gcc/x86_64-linux-gnu/13/cc1 (canonical: /usr/libexec/gcc/x86_64-linux-gnu/13/cc1) ====
[T 04:03:58 26291] Lua: === Intercepted call to /usr/libexec/gcc/x86_64-linux-gnu/13/cc1 ===
[T 04:03:58 26291] Executing the following tracer actions:
[T 04:03:58 26291] Tracer actions:
[T 04:03:58 26291] pre_invocations(0)
[T 04:03:58 26291] post_invocations(1)
[T 04:03:58 26291] invocation: /mnt/c/Tools/codeql/cpp/tools/linux64/extractor, args: [--mimic, /usr/libexec/gcc/x86_64-linux-gnu/13/cc1, @/home/test/my-awesome-project/CISB/server/env:transfermemcpytounalignedldx/db-l23/working/tmp//semmle_9_26196_604216, -o, /home/test/my-awesome-project/CISB/server/env:transfermemcpytounalignedldx/db-l23/working/tmp//semmle_21_26196_756823.o, /home/test/my-awesome-project/CISB/server/env:transfermemcpytounalignedldx/db-l23/working/tmp//semmle_20_26196_756744.c]
[T 04:03:58 26291] trace_languages(1): [cpp]
[T 04:03:58 26320] Attempting to switch stdout/stderr to 7...
[T 04:03:58 26320] Initializing tracer.
[T 04:03:58 26320] Initializing tags.
[T 04:03:58 26320] ID set to 00000000000066D0_0000000000000001 (parent 00000000000066B3_0000000000000001)
[E 04:03:58 26320] Mimicry classification suppression detected; exiting.
[E 04:03:58 26320] Extractor exited successfully
[T 04:03:58 26291] Extractor /mnt/c/Tools/codeql/cpp/tools/linux64/extractor terminated with exit code 0.
[E 04:03:58 26196] Processed command line: /mnt/c/Tools/codeql/cpp/tools/linux64/extractor --trapfolder /home/test/my-awesome-project/CISB/server/env:transfermemcpytounalignedldx/db-l23/trap/cpp --src_archive /home/test/my-awesome-project/CISB/server/env:transfermemcpytounalignedldx/db-l23/src --object_filename /tmp/ccmiurbR.s --no_warnings_and_discretionary_errors --error_limit 1000 --disable_system_macros --variadic_macros --incognito --gcc --gnu_version 130300 --target linux_x86_64 '-D__DBL_MIN_EXP__=(-1021)' -D__UINT_LEAST16_MAX__=0xffff -D__FLT16_HAS_QUIET_NAN__=1 -D__ATOMIC_ACQUIRE=2 -D__FLT128_MAX_10_EXP__=4932 -D__FLT_MIN__=1.17549435082228750796873653722224568e-38F -D__GCC_IEC_559_COMPLEX=2 '-D__UINT_LEAST8_TYPE__=unsigned char' -D__SIZEOF_FLOAT80__=16 -D__BFLT16_DENORM_MIN__=9.18354961579912115600575419704879436e-41BF16 '-D__INTMAX_C(c)=c ## L' -D__CHAR_BIT__=8 -D__UINT8_MAX__=0xff -D__SCHAR_WIDTH__=8 -D__WINT_MAX__=0xffffffffU '-D__FLT32_MIN_EXP__=(-125)' -D__BFLT16_NORM_MAX__=3.38953138925153547590470800371487867e+38BF16 '-D__BFLT16_MIN_10_EXP__=(-37)' -D__ORDER_LITTLE_ENDIAN__=1234 -D__WCHAR_MAX__=0x7fffffff -D__GCC_HAVE_SYNC_COMPARE_AND_SWAP_2=1 -D__GCC_HAVE_SYNC_COMPARE_AND_SWAP_4=1 -D__GCC_HAVE_SYNC_COMPARE_AND_SWAP_8=1 -D__GCC_ATOMIC_CHAR_LOCK_FREE=2 -D__GCC_IEC_559=2 -D__FLT32X_DECIMAL_DIG__=17 -D__FLT_EVAL_METHOD__=0 -D__FLT64_DECIMAL_DIG__=17 -D__CET__=3 -D__GCC_ATOMIC_CHAR32_T_LOCK_FREE=2 -D__UINT_FAST64_MAX__=0xffffffffffffffffUL -D__SIG_ATOMIC_TYPE__=int '-D__DBL_MIN_10_EXP__=(-307)' -D__FINITE_MATH_ONLY__=0 -D__FLT32X_MAX_EXP__=1024 -D__GCC_HAVE_SYNC_COMPARE_AND_SWAP_1=1 -D__FLT32_HAS_DENORM__=1 -D__UINT_FAST8_MAX__=0xff -D__FLT32_MAX_10_EXP__=38 -D__DEC64_MAX_EXP__=385 '-D__INT8_C(c)=c' -D__INT_LEAST8_WIDTH__=8 -D__UINT_LEAST64_MAX__=0xffffffffffffffffUL -D__SHRT_MAX__=0x7fff -D__LDBL_MAX__=1.18973149535723176502126385303097021e+4932L -D__FLT64X_MAX_10_EXP__=4932 -D__BFLT16_MAX_10_EXP__=38 -D__BFLT16_MAX_EXP__=128 -D__LDBL_IS_IEC_60559__=1 -D__FLT64X_HAS_QUIET_NAN__=1 -D__UINT_LEAST8_MAX__=0xff -D__GCC_ATOMIC_BOOL_LOCK_FREE=2 -D__FLT128_DENORM_MIN__=6.47517511943802511092443895822764655e-4966F128 '-D__UINTMAX_TYPE__=long unsigned int' -D__BFLT16_DECIMAL_DIG__=4 -D__linux=1 -D__DEC32_EPSILON__=1E-6DF -D__FLT_EVAL_METHOD_TS_18661_3__=0 -D__UINT32_MAX__=0xffffffffU '-D__DBL_DENORM_MIN__=((double)4.94065645841246544176568792868221372e-324L)' '-D__FLT128_MIN_EXP__=(-16381)' -D__WINT_MIN__=0U '-D__FLT128_MIN_10_EXP__=(-4931)' -D__FLT32X_IS_IEC_60559__=1 -D__INT_LEAST16_WIDTH__=16 -D__SCHAR_MAX__=0x7f -D__FLT128_MANT_DIG__=113 '-D__WCHAR_MIN__=(-__WCHAR_MAX__ - 1)' '-D__INT64_C(c)=c ## L' -D__SSP_STRONG__=3 -D__GCC_ATOMIC_POINTER_LOCK_FREE=2 -D__ATOMIC_SEQ_CST=5 -D__unix=1 -D__INT_LEAST64_MAX__=0x7fffffffffffffffL -D__FLT32X_MANT_DIG__=53 -D__FLT64X_EPSILON__=1.08420217248550443400745280086994171e-19F64x '-D__DEC64_MIN_EXP__=(-382)' -D__DBL_DIG__=15 -D__FLT_EPSILON__=1.19209289550781250000000000000000000e-7F -D__SHRT_WIDTH__=16 -D__FLT32_IS_IEC_60559__=1 -D__LDBL_MIN__=3.36210314311209350626267781732175260e-4932L -D__STDC_UTF_16__=1 -D__DBL_IS_IEC_60559__=1 -D__DEC32_MAX__=9.999999E96DF -D__FLT64X_DENORM_MIN__=3.64519953188247460252840593361941982e-4951F64x -D__FLT32X_HAS_INFINITY__=1 -D__unix__=1 -D__INT_WIDTH__=32 -D__STDC_IEC_559__=1 -D__STDC_ISO_10646__=201706L -D__DECIMAL_DIG__=21 -D__STDC_IEC_559_COMPLEX__=1 -D__FLT64_EPSILON__=2.22044604925031308084726333618164062e-16F64 -D__gnu_linux__=1 -D__FLT128_IS_IEC_60559__=1 '-D__FLT64X_MIN_10_EXP__=(-4931)' -D__LDBL_HAS_QUIET_NAN__=1 '-D__FLT16_MIN_EXP__=(-13)' -D__FLT64_MANT_DIG__=53 -D__FLT64X_MANT_DIG__=64 -D__BFLT16_DIG__=2 -D__pie__=2 -D__MMX__=1 -D__FLT_HAS_DENORM__=1 -D__SIZEOF_LONG_DOUBLE__=16 -D__BIGGEST_ALIGNMENT__=16 -D__FLT64_MAX_10_EXP__=308 -D__BFLT16_IS_IEC_60559__=0 -D__FLT16_MAX_10_EXP__=4 '-D__DBL_MAX__=((double)1.79769313486231570814527423731704357e+308L)' -D__INT_FAST32_MAX__=0x7fffffffffffffffL -D__DBL_HAS_INFINITY__=1 -D__INT64_MAX__=0x7fffffffffffffffL -D__SIZEOF_FLOAT__=4 -D__HAVE_SPECULATION_SAFE_VALUE=1 '-D__DEC32_MIN_EXP__=(-94)' -D__INTPTR_WIDTH__=64 -D__UINT_LEAST32_MAX__=0xffffffffU -D__FLT32X_HAS_DENORM__=1 '-D__INT_FAST16_TYPE__=long int' -D__MMX_WITH_SSE__=1 -D__LDBL_HAS_DENORM__=1 -D__SEG_GS=1 -D__BFLT16_EPSILON__=7.81250000000000000000000000000000000e-3BF16 -D__FLT128_HAS_INFINITY__=1 -D__DEC32_MIN__=1E-95DF -D__DBL_MAX_EXP__=1024 -D__WCHAR_WIDTH__=32 -D__FLT32_MAX__=3.40282346638528859811704183484516925e+38F32 -D__DEC128_EPSILON__=1E-33DL -D__FLT16_DECIMAL_DIG__=5 -D__SSE2_MATH__=1 -D__ATOMIC_HLE_RELEASE=131072 -D__PTRDIFF_MAX__=0x7fffffffffffffffL -D__amd64=1 -D__ATOMIC_HLE_ACQUIRE=65536 -D__LONG_LONG_MAX__=0x7fffffffffffffffLL -D__SIZEOF_SIZE_T__=8 -D__BFLT16_HAS_INFINITY__=1 '-D__FLT64X_MIN_EXP__=(-16381)' -D__SIZEOF_WINT_T__=4 -D__LONG_LONG_WIDTH__=64 -D__FLT32_MAX_EXP__=128 -D__GXX_ABI_VERSION=1018 '-D__FLT_MIN_EXP__=(-125)' -D__GCC_HAVE_DWARF2_CFI_ASM=1 -D__INT16_MAX__=0x7fff -D__x86_64=1 '-D__INT_FAST64_TYPE__=long int' -D__BFLT16_MAX__=3.38953138925153547590470800371487867e+38BF16 -D__BFLT16_HAS_DENORM__=1 -D__FLT64_DENORM_MIN__=4.94065645841246544176568792868221372e-324F64 -D__FLT16_DENORM_MIN__=5.96046447753906250000000000000000000e-8F16 -D__FLT128_EPSILON__=1.92592994438723585305597794258492732e-34F128 -D__FLT64X_NORM_MAX__=1.18973149535723176502126385303097021e+4932F64x -D__SIZEOF_POINTER__=8 '-D__SIZE_TYPE__=long unsigned int' -D__LP64__=1 -D__DBL_HAS_QUIET_NAN__=1 -D__FLT32X_EPSILON__=2.22044604925031308084726333618164062e-16F32x -D__LDBL_MAX_EXP__=16384 -D__DECIMAL_BID_FORMAT__=1 '-D__FLT64_MIN_EXP__=(-1021)' '-D__FLT64_MIN_10_EXP__=(-307)' '-D__FLT16_MIN_10_EXP__=(-4)' -D__FLT64X_DECIMAL_DIG__=21 -D__DEC128_MIN__=1E-6143DL -D__REGISTER_PREFIX__= -D__UINT16_MAX__=0xffff -D__DBL_HAS_DENORM__=1 -D__FLT32_MIN__=1.17549435082228750796873653722224568e-38F32 '-D__UINT8_TYPE__=unsigned char' -D__FLT_DIG__=6 -D__NO_INLINE__=1 -D__DEC_EVAL_METHOD__=2 -D__FLT_MANT_DIG__=24 -D__LDBL_DECIMAL_DIG__=21 '-D__UINT64_C(c)=c ## UL' -D_STDC_PREDEF_H=1 -D__INT_LEAST32_MAX__=0x7fffffff -D__GCC_ATOMIC_INT_LOCK_FREE=2 -D__FLT128_MAX_EXP__=16384 -D__FLT32_MANT_DIG__=24 -D__FLOAT_WORD_ORDER__=__ORDER_LITTLE_ENDIAN__ '-D__FLT32X_MIN_EXP__=(-1021)' -D__STDC_IEC_60559_COMPLEX__=201404L -D__BFLT16_MIN__=1.17549435082228750796873653722224568e-38BF16 -D__FLT128_HAS_DENORM__=1 -D__FLT32_DECIMAL_DIG__=9 -D__FLT128_DIG__=33 '-D__INT32_C(c)=c' -D__DEC64_EPSILON__=1E-15DD -D__ORDER_PDP_ENDIAN__=3412 '-D__DEC128_MIN_EXP__=(-6142)' -D__DEC128_MAX__=9.999999999999999999999999999999999E6144DL '-D__INT_FAST32_TYPE__=long int' '-D__UINT_LEAST16_TYPE__=short unsigned int' -D__DEC128_MAX_EXP__=6145 -Dunix=1 -D__UINT64_MAX__=0xffffffffffffffffUL -D__FLT_IS_IEC_60559__=1 '-D__GNUC_WIDE_EXECUTION_CHARSET_NAME="UTF-32LE"' -D__FLT64X_DIG__=18 '-D__INT8_TYPE__=signed char' -D__ELF__=1 -D__GCC_ASM_FLAG_OUTPUTS__=1 '-D__UINT32_TYPE__=unsigned int' -D__BFLT16_HAS_QUIET_NAN__=1 -D__FLT_RADIX__=2 '-D__INT_LEAST16_TYPE__=short int' -D__LDBL_EPSILON__=1.08420217248550443400745280086994171e-19L '-D__UINTMAX_C(c)=c ## UL' -D__FLT16_DIG__=3 -D__SSE_MATH__=1 -D__k8=1 -D__FLT32X_MIN__=2.22507385850720138309023271733240406e-308F32x -D__SIG_ATOMIC_MAX__=0x7fffffff -D__GCC_ATOMIC_WCHAR_T_LOCK_FREE=2 -D__USER_LABEL_PREFIX__= -D__STDC_IEC_60559_BFP__=201404L -D__SIZEOF_PTRDIFF_T__=8 -D__FLT64X_HAS_INFINITY__=1 -D__FLT32_HAS_INFINITY__=1 -D__SIZEOF_LONG__=8 -D__LDBL_DIG__=18 -D__FLT64_IS_IEC_60559__=1 -D__x86_64__=1 -D__FLT16_IS_IEC_60559__=1 -D__FLT16_MAX_EXP__=16 -D__DEC32_SUBNORMAL_MIN__=0.000001E-95DF -D__INT_FAST16_MAX__=0x7fffffffffffffffL -D__GCC_CONSTRUCTIVE_SIZE=64 -D__FLT64_DIG__=15 -D__UINT_FAST32_MAX__=0xffffffffffffffffUL '-D__UINT_LEAST64_TYPE__=long unsigned int' -D__FLT16_EPSILON__=9.76562500000000000000000000000000000e-4F16 -D__FLT_HAS_QUIET_NAN__=1 -D__FLT_MAX_10_EXP__=38 -D__LONG_MAX__=0x7fffffffffffffffL -D__FLT64X_HAS_DENORM__=1 -D__DEC128_SUBNORMAL_MIN__=0.000000000000000000000000000000001E-6143DL -D__FLT_HAS_INFINITY__=1 '-D__GNUC_EXECUTION_CHARSET_NAME="UTF-8"' '-D__UINT_FAST16_TYPE__=long unsigned int' -D__DEC64_MAX__=9.999999999999999E384DD -D__INT_FAST32_WIDTH__=64 -D__PRAGMA_REDEFINE_EXTNAME=1 -D__SIZE_WIDTH__=64 -D__SEG_FS=1 -D__INT_LEAST16_MAX__=0x7fff -D__FLT16_NORM_MAX__=6.55040000000000000000000000000000000e+4F16 -D__DEC64_MANT_DIG__=16 -D__FLT32_DENORM_MIN__=1.40129846432481707092372958328991613e-45F32 -D__SIG_ATOMIC_WIDTH__=32 '-D__INT_LEAST64_TYPE__=long int' '-D__INT16_TYPE__=short int' '-D__INT_LEAST8_TYPE__=signed char' -D__FLT16_MAX__=6.55040000000000000000000000000000000e+4F16 -D__FLT128_MIN__=3.36210314311209350626267781732175260e-4932F128 -D__SIZEOF_INT__=4 -D__DEC32_MAX_EXP__=97 -D__INT_FAST8_MAX__=0x7f -D__FLT128_MAX__=1.18973149535723176508575932662800702e+4932F128 -D__INTPTR_MAX__=0x7fffffffffffffffL -Dlinux=1 -D__FLT64_HAS_QUIET_NAN__=1 '-D__FLT32_MIN_10_EXP__=(-37)' -D__FLT32X_DIG__=15 '-D__UINT16_C(c)=c' -D__PTRDIFF_WIDTH__=64 -D__LDBL_MANT_DIG__=64 -D__INT_FAST16_WIDTH__=64 -D__FLT64_HAS_INFINITY__=1 -D__FLT64X_MAX__=1.18973149535723176502126385303097021e+4932F64x -D__FLT16_HAS_INFINITY__=1 '-D__SIG_ATOMIC_MIN__=(-__SIG_ATOMIC_MAX__ - 1)' -D__code_model_small__=1 -D__GCC_ATOMIC_LONG_LOCK_FREE=2 -D__DEC32_MANT_DIG__=7 -D__FLT16_MANT_DIG__=11 -D__k8__=1 '-D__INTPTR_TYPE__=long int' '-D__UINT16_TYPE__=short unsigned int' -D__WCHAR_TYPE__=int -D__pic__=2 -D__UINTPTR_MAX__=0xffffffffffffffffUL -D__INT_FAST64_WIDTH__=64 -D__LDBL_HAS_INFINITY__=1 -D__INT_FAST64_MAX__=0x7fffffffffffffffL -D__GCC_ATOMIC_TEST_AND_SET_TRUEVAL=1 -D__FLT_NORM_MAX__=3.40282346638528859811704183484516925e+38F -D__FLT64X_MAX_EXP__=16384 '-D__UINT_FAST64_TYPE__=long unsigned int' '-D__BFLT16_MIN_EXP__=(-125)' -D__INT_MAX__=0x7fffffff -D__linux__=1 '-D__INT64_TYPE__=long int' -D__FLT_MAX_EXP__=128 -D__ORDER_BIG_ENDIAN__=4321 -D__DBL_MANT_DIG__=53 -D__SIZEOF_FLOAT128__=16 -D__BFLT16_MANT_DIG__=8 -D__GCC_ATOMIC_CHAR16_T_LOCK_FREE=2 -D__DEC64_MIN__=1E-383DD '-D__WINT_TYPE__=unsigned int' '-D__UINT_LEAST32_TYPE__=unsigned int' -D__SIZEOF_SHORT__=2 -D__FLT32_NORM_MAX__=3.40282346638528859811704183484516925e+38F32 -D__SSE__=1 '-D__LDBL_MIN_EXP__=(-16381)' -D__FLT64_MAX__=1.79769313486231570814527423731704357e+308F64 -D__amd64__=1 -D__WINT_WIDTH__=32 -D__INT_LEAST8_MAX__=0x7f -D__INT_LEAST64_WIDTH__=64 -D__FLT32X_MAX_10_EXP__=308 -D__SIZEOF_INT128__=16 -D__FLT16_MIN__=6.10351562500000000000000000000000000e-5F16 -D__FLT64X_IS_IEC_60559__=1 -D__LDBL_MAX_10_EXP__=4932 -D__ATOMIC_RELAXED=0 '-D__DBL_EPSILON__=((double)2.22044604925031308084726333618164062e-16L)' -D__INT_LEAST32_TYPE__=int -D_LP64=1 '-D__UINT8_C(c)=c' -D__FLT64_MAX_EXP__=1024 -D__SIZEOF_WCHAR_T__=4 '-D__UINT64_TYPE__=long unsigned int' -D__FLT128_NORM_MAX__=1.18973149535723176508575932662800702e+4932F128 -D__FLT64_NORM_MAX__=1.79769313486231570814527423731704357e+308F64 -D__FLT128_HAS_QUIET_NAN__=1 -D__INTMAX_MAX__=0x7fffffffffffffffL '-D__INT_FAST8_TYPE__=signed char' -D__FLT64X_MIN__=3.36210314311209350626267781732175260e-4932F64x -D__FLT64_HAS_DENORM__=1 -D__FLT32_EPSILON__=1.19209289550781250000000000000000000e-7F32 -D__FLT16_HAS_DENORM__=1 -D__DBL_DECIMAL_DIG__=17 -D__STDC_UTF_32__=1 -D__INT_FAST8_WIDTH__=8 -D__FXSR__=1 -D__FLT32X_MAX__=1.79769313486231570814527423731704357e+308F32x '-D__DBL_NORM_MAX__=((double)1.79769313486231570814527423731704357e+308L)' -D__BYTE_ORDER__=__ORDER_LITTLE_ENDIAN__ -D__GCC_DESTRUCTIVE_SIZE=64 -D__INTMAX_WIDTH__=64 -D__FLT32_DIG__=6 '-D__UINT32_C(c)=c ## U' -D__FLT_DENORM_MIN__=1.40129846432481707092372958328991613e-45F -D__INT8_MAX__=0x7f -D__LONG_WIDTH__=64 '-D__DBL_MIN__=((double)2.22507385850720138309023271733240406e-308L)' -D__PIC__=2 -D__INT32_MAX__=0x7fffffff '-D__UINT_FAST32_TYPE__=long unsigned int' -D__FLT32X_NORM_MAX__=1.79769313486231570814527423731704357e+308F32x -D__FLT_MAX__=3.40282346638528859811704183484516925e+38F -D__SSE2__=1 -D__INT32_TYPE__=int -D__SIZEOF_DOUBLE__=8 '-D__FLT_MIN_10_EXP__=(-37)' -D__FLT64_MIN__=2.22507385850720138309023271733240406e-308F64 -D__INT_LEAST32_WIDTH__=32 '-D__INTMAX_TYPE__=long int' -D__FLT32X_HAS_QUIET_NAN__=1 -D__ATOMIC_CONSUME=1 -D__UINTMAX_MAX__=0xffffffffffffffffUL -D__PIE__=2 -D__FLT32X_DENORM_MIN__=4.94065645841246544176568792868221372e-324F32x -D__DBL_MAX_10_EXP__=308 -D__LDBL_DENORM_MIN__=3.64519953188247460252840593361941982e-4951L '-D__INT16_C(c)=c' '-D__PTRDIFF_TYPE__=long int' '-D__FLT32X_MIN_10_EXP__=(-307)' '-D__UINTPTR_TYPE__=long unsigned int' -D__DEC64_SUBNORMAL_MIN__=0.000000000000001E-383DD -D__DEC128_MANT_DIG__=34 '-D__LDBL_MIN_10_EXP__=(-4931)' -D__SIZEOF_LONG_LONG__=8 -D__FLT128_DECIMAL_DIG__=36 -D__GCC_ATOMIC_LLONG_LOCK_FREE=2 -D__FLT32_HAS_QUIET_NAN__=1 -D__FLT_DECIMAL_DIG__=9 -D__UINT_FAST16_MAX__=0xffffffffffffffffUL -D__LDBL_NORM_MAX__=1.18973149535723176502126385303097021e+4932L -D__GCC_ATOMIC_SHORT_LOCK_FREE=2 -D__SIZE_MAX__=0xffffffffffffffffUL '-D__UINT_FAST8_TYPE__=unsigned char' -D__ATOMIC_ACQ_REL=4 -D__ATOMIC_RELEASE=3 -I/usr/lib/gcc/x86_64-linux-gnu/13/include -I/usr/local/include -I/usr/include/x86_64-linux-gnu -I/usr/include -- test1.c
[E 04:03:58 26196] CODEQL_EXTRACTOR_CPP_TRAP_CACHING is not set
[E 04:03:58 26196] CODEQL_EXTRACTOR_CPP_OPTION_TRAP_CACHE_WRITE is not set
[E 04:03:58 26196] CODEQL_EXTRACTOR_CPP_OPTION_TRAP_CACHE_DIR is not set
[E 04:03:58 26196] Initialising TRAP cache at path: 7c/94ed/ed6a6722a857d655f96e66d23166
[E 04:03:58 26196] Not using TRAP cache
[E 04:03:58 26196] TRAP cache miss
[E 04:03:58 26196] Starting compilation TRAP /home/test/my-awesome-project/CISB/server/env:transfermemcpytounalignedldx/db-l23/trap/cpp/compilations/10/29943561_0.trap.zst
[E 04:03:58 26196] Archiving /home/test/my-awesome-project/CISB/server/env:transfermemcpytounalignedldx/db-l23/src/home/test/my-awesome-project/CISB/server/env:transfermemcpytounalignedldx/test1.c
[E 04:03:58 26196] Archiving /home/test/my-awesome-project/CISB/server/env:transfermemcpytounalignedldx/db-l23/src/usr/include/stdio.h
[E 04:03:58 26196] Archiving /home/test/my-awesome-project/CISB/server/env:transfermemcpytounalignedldx/db-l23/src/usr/include/x86_64-linux-gnu/bits/libc-header-start.h
[E 04:03:58 26196] Archiving /home/test/my-awesome-project/CISB/server/env:transfermemcpytounalignedldx/db-l23/src/usr/include/features.h
[E 04:03:58 26196] Archiving /home/test/my-awesome-project/CISB/server/env:transfermemcpytounalignedldx/db-l23/src/usr/include/features-time64.h
[E 04:03:58 26196] Archiving /home/test/my-awesome-project/CISB/server/env:transfermemcpytounalignedldx/db-l23/src/usr/include/x86_64-linux-gnu/bits/wordsize.h
[E 04:03:58 26196] Archiving /home/test/my-awesome-project/CISB/server/env:transfermemcpytounalignedldx/db-l23/src/usr/include/x86_64-linux-gnu/bits/timesize.h
[E 04:03:58 26196] Already archived /home/test/my-awesome-project/CISB/server/env:transfermemcpytounalignedldx/db-l23/src/usr/include/x86_64-linux-gnu/bits/wordsize.h
[E 04:03:58 26196] Archiving /home/test/my-awesome-project/CISB/server/env:transfermemcpytounalignedldx/db-l23/src/usr/include/stdc-predef.h
[E 04:03:58 26196] Archiving /home/test/my-awesome-project/CISB/server/env:transfermemcpytounalignedldx/db-l23/src/usr/include/x86_64-linux-gnu/sys/cdefs.h
[E 04:03:58 26196] Already archived /home/test/my-awesome-project/CISB/server/env:transfermemcpytounalignedldx/db-l23/src/usr/include/x86_64-linux-gnu/bits/wordsize.h
[E 04:03:58 26196] Archiving /home/test/my-awesome-project/CISB/server/env:transfermemcpytounalignedldx/db-l23/src/usr/include/x86_64-linux-gnu/bits/long-double.h
[E 04:03:58 26196] Archiving /home/test/my-awesome-project/CISB/server/env:transfermemcpytounalignedldx/db-l23/src/usr/include/x86_64-linux-gnu/gnu/stubs.h
[E 04:03:58 26196] Archiving /home/test/my-awesome-project/CISB/server/env:transfermemcpytounalignedldx/db-l23/src/usr/include/x86_64-linux-gnu/gnu/stubs-64.h
[E 04:03:58 26196] Archiving /home/test/my-awesome-project/CISB/server/env:transfermemcpytounalignedldx/db-l23/src/usr/lib/gcc/x86_64-linux-gnu/13/include/stddef.h
[E 04:03:58 26196] Archiving /home/test/my-awesome-project/CISB/server/env:transfermemcpytounalignedldx/db-l23/src/usr/lib/gcc/x86_64-linux-gnu/13/include/stdarg.h
[E 04:03:58 26196] Archiving /home/test/my-awesome-project/CISB/server/env:transfermemcpytounalignedldx/db-l23/src/usr/include/x86_64-linux-gnu/bits/types.h
[E 04:03:58 26196] Already archived /home/test/my-awesome-project/CISB/server/env:transfermemcpytounalignedldx/db-l23/src/usr/include/x86_64-linux-gnu/bits/wordsize.h
[E 04:03:58 26196] Already archived /home/test/my-awesome-project/CISB/server/env:transfermemcpytounalignedldx/db-l23/src/usr/include/x86_64-linux-gnu/bits/timesize.h
[E 04:03:58 26196] Already archived /home/test/my-awesome-project/CISB/server/env:transfermemcpytounalignedldx/db-l23/src/usr/include/x86_64-linux-gnu/bits/wordsize.h
[E 04:03:58 26196] Archiving /home/test/my-awesome-project/CISB/server/env:transfermemcpytounalignedldx/db-l23/src/usr/include/x86_64-linux-gnu/bits/typesizes.h
[E 04:03:58 26196] Archiving /home/test/my-awesome-project/CISB/server/env:transfermemcpytounalignedldx/db-l23/src/usr/include/x86_64-linux-gnu/bits/time64.h
[E 04:03:58 26196] Archiving /home/test/my-awesome-project/CISB/server/env:transfermemcpytounalignedldx/db-l23/src/usr/include/x86_64-linux-gnu/bits/types/__fpos_t.h
[E 04:03:58 26196] Archiving /home/test/my-awesome-project/CISB/server/env:transfermemcpytounalignedldx/db-l23/src/usr/include/x86_64-linux-gnu/bits/types/__mbstate_t.h
[E 04:03:58 26196] Archiving /home/test/my-awesome-project/CISB/server/env:transfermemcpytounalignedldx/db-l23/src/usr/include/x86_64-linux-gnu/bits/types/__fpos64_t.h
[E 04:03:58 26196] Archiving /home/test/my-awesome-project/CISB/server/env:transfermemcpytounalignedldx/db-l23/src/usr/include/x86_64-linux-gnu/bits/types/__FILE.h
[E 04:03:58 26196] Archiving /home/test/my-awesome-project/CISB/server/env:transfermemcpytounalignedldx/db-l23/src/usr/include/x86_64-linux-gnu/bits/types/FILE.h
[E 04:03:58 26196] Archiving /home/test/my-awesome-project/CISB/server/env:transfermemcpytounalignedldx/db-l23/src/usr/include/x86_64-linux-gnu/bits/types/struct_FILE.h
[E 04:03:58 26196] Archiving /home/test/my-awesome-project/CISB/server/env:transfermemcpytounalignedldx/db-l23/src/usr/include/x86_64-linux-gnu/bits/types/cookie_io_functions_t.h
[E 04:03:58 26196] Archiving /home/test/my-awesome-project/CISB/server/env:transfermemcpytounalignedldx/db-l23/src/usr/include/x86_64-linux-gnu/bits/stdio_lim.h
[E 04:03:58 26196] Archiving /home/test/my-awesome-project/CISB/server/env:transfermemcpytounalignedldx/db-l23/src/usr/include/x86_64-linux-gnu/bits/floatn.h
[E 04:03:58 26196] Archiving /home/test/my-awesome-project/CISB/server/env:transfermemcpytounalignedldx/db-l23/src/usr/include/x86_64-linux-gnu/bits/floatn-common.h
[E 04:03:58 26196] Already archived /home/test/my-awesome-project/CISB/server/env:transfermemcpytounalignedldx/db-l23/src/usr/include/x86_64-linux-gnu/bits/long-double.h
[E 04:03:58 26196] Archiving /home/test/my-awesome-project/CISB/server/env:transfermemcpytounalignedldx/db-l23/src/usr/include/stdlib.h
[E 04:03:58 26196] Already archived /home/test/my-awesome-project/CISB/server/env:transfermemcpytounalignedldx/db-l23/src/usr/include/x86_64-linux-gnu/bits/libc-header-start.h
[E 04:03:58 26196] Already archived /home/test/my-awesome-project/CISB/server/env:transfermemcpytounalignedldx/db-l23/src/usr/lib/gcc/x86_64-linux-gnu/13/include/stddef.h
[E 04:03:58 26196] Archiving /home/test/my-awesome-project/CISB/server/env:transfermemcpytounalignedldx/db-l23/src/usr/include/x86_64-linux-gnu/bits/waitflags.h
[E 04:03:58 26196] Archiving /home/test/my-awesome-project/CISB/server/env:transfermemcpytounalignedldx/db-l23/src/usr/include/x86_64-linux-gnu/bits/waitstatus.h
[E 04:03:58 26196] Archiving /home/test/my-awesome-project/CISB/server/env:transfermemcpytounalignedldx/db-l23/src/usr/include/x86_64-linux-gnu/sys/types.h
[E 04:03:58 26196] Archiving /home/test/my-awesome-project/CISB/server/env:transfermemcpytounalignedldx/db-l23/src/usr/include/x86_64-linux-gnu/bits/types/clock_t.h
[E 04:03:58 26196] Archiving /home/test/my-awesome-project/CISB/server/env:transfermemcpytounalignedldx/db-l23/src/usr/include/x86_64-linux-gnu/bits/types/clockid_t.h
[E 04:03:58 26196] Archiving /home/test/my-awesome-project/CISB/server/env:transfermemcpytounalignedldx/db-l23/src/usr/include/x86_64-linux-gnu/bits/types/time_t.h
[E 04:03:58 26196] Archiving /home/test/my-awesome-project/CISB/server/env:transfermemcpytounalignedldx/db-l23/src/usr/include/x86_64-linux-gnu/bits/types/timer_t.h
[E 04:03:58 26196] Already archived /home/test/my-awesome-project/CISB/server/env:transfermemcpytounalignedldx/db-l23/src/usr/lib/gcc/x86_64-linux-gnu/13/include/stddef.h
[E 04:03:58 26196] Archiving /home/test/my-awesome-project/CISB/server/env:transfermemcpytounalignedldx/db-l23/src/usr/include/x86_64-linux-gnu/bits/stdint-intn.h
[E 04:03:58 26196] Archiving /home/test/my-awesome-project/CISB/server/env:transfermemcpytounalignedldx/db-l23/src/usr/include/endian.h
[E 04:03:58 26196] Archiving /home/test/my-awesome-project/CISB/server/env:transfermemcpytounalignedldx/db-l23/src/usr/include/x86_64-linux-gnu/bits/endian.h
[E 04:03:58 26196] Archiving /home/test/my-awesome-project/CISB/server/env:transfermemcpytounalignedldx/db-l23/src/usr/include/x86_64-linux-gnu/bits/endianness.h
[E 04:03:58 26196] Archiving /home/test/my-awesome-project/CISB/server/env:transfermemcpytounalignedldx/db-l23/src/usr/include/x86_64-linux-gnu/bits/byteswap.h
[E 04:03:58 26196] Archiving /home/test/my-awesome-project/CISB/server/env:transfermemcpytounalignedldx/db-l23/src/usr/include/x86_64-linux-gnu/bits/uintn-identity.h
[E 04:03:58 26196] Archiving /home/test/my-awesome-project/CISB/server/env:transfermemcpytounalignedldx/db-l23/src/usr/include/x86_64-linux-gnu/sys/select.h
[E 04:03:58 26196] Archiving /home/test/my-awesome-project/CISB/server/env:transfermemcpytounalignedldx/db-l23/src/usr/include/x86_64-linux-gnu/bits/select.h
[E 04:03:58 26196] Archiving /home/test/my-awesome-project/CISB/server/env:transfermemcpytounalignedldx/db-l23/src/usr/include/x86_64-linux-gnu/bits/types/sigset_t.h
[E 04:03:58 26196] Archiving /home/test/my-awesome-project/CISB/server/env:transfermemcpytounalignedldx/db-l23/src/usr/include/x86_64-linux-gnu/bits/types/__sigset_t.h
[E 04:03:58 26196] Archiving /home/test/my-awesome-project/CISB/server/env:transfermemcpytounalignedldx/db-l23/src/usr/include/x86_64-linux-gnu/bits/types/struct_timeval.h
[E 04:03:58 26196] Archiving /home/test/my-awesome-project/CISB/server/env:transfermemcpytounalignedldx/db-l23/src/usr/include/x86_64-linux-gnu/bits/types/struct_timespec.h
[E 04:03:58 26196] Archiving /home/test/my-awesome-project/CISB/server/env:transfermemcpytounalignedldx/db-l23/src/usr/include/x86_64-linux-gnu/bits/pthreadtypes.h
[E 04:03:58 26196] Archiving /home/test/my-awesome-project/CISB/server/env:transfermemcpytounalignedldx/db-l23/src/usr/include/x86_64-linux-gnu/bits/thread-shared-types.h
[E 04:03:58 26196] Archiving /home/test/my-awesome-project/CISB/server/env:transfermemcpytounalignedldx/db-l23/src/usr/include/x86_64-linux-gnu/bits/pthreadtypes-arch.h
[E 04:03:58 26196] Already archived /home/test/my-awesome-project/CISB/server/env:transfermemcpytounalignedldx/db-l23/src/usr/include/x86_64-linux-gnu/bits/wordsize.h
[E 04:03:58 26196] Archiving /home/test/my-awesome-project/CISB/server/env:transfermemcpytounalignedldx/db-l23/src/usr/include/x86_64-linux-gnu/bits/atomic_wide_counter.h
[E 04:03:58 26196] Archiving /home/test/my-awesome-project/CISB/server/env:transfermemcpytounalignedldx/db-l23/src/usr/include/x86_64-linux-gnu/bits/struct_mutex.h
[E 04:03:58 26196] Archiving /home/test/my-awesome-project/CISB/server/env:transfermemcpytounalignedldx/db-l23/src/usr/include/x86_64-linux-gnu/bits/struct_rwlock.h
[E 04:03:58 26196] Archiving /home/test/my-awesome-project/CISB/server/env:transfermemcpytounalignedldx/db-l23/src/usr/include/alloca.h
[E 04:03:58 26196] Already archived /home/test/my-awesome-project/CISB/server/env:transfermemcpytounalignedldx/db-l23/src/usr/lib/gcc/x86_64-linux-gnu/13/include/stddef.h
[E 04:03:58 26196] Archiving /home/test/my-awesome-project/CISB/server/env:transfermemcpytounalignedldx/db-l23/src/usr/include/x86_64-linux-gnu/bits/stdlib-float.h
[E 04:03:58 26196] Archiving /home/test/my-awesome-project/CISB/server/env:transfermemcpytounalignedldx/db-l23/src/usr/include/string.h
[E 04:03:58 26196] Already archived /home/test/my-awesome-project/CISB/server/env:transfermemcpytounalignedldx/db-l23/src/usr/include/x86_64-linux-gnu/bits/libc-header-start.h
[E 04:03:58 26196] Already archived /home/test/my-awesome-project/CISB/server/env:transfermemcpytounalignedldx/db-l23/src/usr/lib/gcc/x86_64-linux-gnu/13/include/stddef.h
[E 04:03:58 26196] Archiving /home/test/my-awesome-project/CISB/server/env:transfermemcpytounalignedldx/db-l23/src/usr/include/x86_64-linux-gnu/bits/types/locale_t.h
[E 04:03:58 26196] Archiving /home/test/my-awesome-project/CISB/server/env:transfermemcpytounalignedldx/db-l23/src/usr/include/x86_64-linux-gnu/bits/types/__locale_t.h
[E 04:03:58 26196] Archiving /home/test/my-awesome-project/CISB/server/env:transfermemcpytounalignedldx/db-l23/src/usr/include/strings.h
[E 04:03:58 26196] Already archived /home/test/my-awesome-project/CISB/server/env:transfermemcpytounalignedldx/db-l23/src/usr/lib/gcc/x86_64-linux-gnu/13/include/stddef.h
[E 04:03:58 26196] Creating trap tarball /home/test/my-awesome-project/CISB/server/env:transfermemcpytounalignedldx/db-l23/trap/cpp/tarballs/home/test/my-awesome-project/CISB/server/env_transfermemcpytounalignedldx/test1.c.7f0112ce_0.trap.tar.zst
[E 04:03:58 26196] Emitting trap files for test1.c
[E 04:03:58 26196] Opening existencedb in /home/test/my-awesome-project/CISB/server/env:transfermemcpytounalignedldx/db-l23/working/existencedb/db
[E 04:03:58 26196] Wrote 67 files to /home/test/my-awesome-project/CISB/server/env:transfermemcpytounalignedldx/db-l23/trap/cpp/tarballs/home/test/my-awesome-project/CISB/server/env_transfermemcpytounalignedldx/test1.c.7f0112ce_0.trap.tar.zst
[E 04:03:58 26196] Finished compilation TRAP /home/test/my-awesome-project/CISB/server/env:transfermemcpytounalignedldx/db-l23/trap/cpp/compilations/10/29943561_0.trap.zst
[E 04:03:58 26196] Marking C compilation as happened.
[E 04:03:58 26196] Setting tag c-compilation-happened
[E 04:03:58 26196] Starting from CODEQL_TRACER_DB_ID 0000000000006652_0000000000000001
[E 04:03:58 26196] Locking DB /home/test/my-awesome-project/CISB/server/env:transfermemcpytounalignedldx/db-l23/working/tags.db
[E 04:03:58 26196] Locked DB /home/test/my-awesome-project/CISB/server/env:transfermemcpytounalignedldx/db-l23/working/tags.db
[E 04:03:58 26196] Set tag for 0000000000006652_0000000000000001
[E 04:03:58 26196] Set tag for 0000000000006650_0000000000000001
[E 04:03:58 26196] Set tag for 000000000000664D_0000000000000003
[E 04:03:58 26196] Set tag for 000000000000664D_0000000000000002
[E 04:03:58 26196] Set tag for root
[E 04:03:58 26196] Unlocking DB
[E 04:03:58 26196] Unlocked DB
[E 04:03:58 26196] Extractor exited successfully
[T 04:03:58 26194] Extractor /mnt/c/Tools/codeql/cpp/tools/linux64/extractor terminated with exit code 0.
[T 04:03:58 26475] Initializing tracer.
[T 04:03:58 26475] Initializing tags.
[T 04:03:58 26475] ID set to 000000000000676B_0000000000000001 (parent 0000000000006650_0000000000000001)
[T 04:03:58 26475] ==== Candidate to intercept: as (canonical: /usr/bin/as) ====
[T 04:03:58 26475] Lua: === Intercepted call to /usr/bin/as ===
[T 04:03:58 26475] Executing the following tracer actions:
[T 04:03:58 26475] Tracer actions:
[T 04:03:58 26475] pre_invocations(0)
[T 04:03:58 26475] post_invocations(1)
[T 04:03:58 26475] invocation: /mnt/c/Tools/codeql/cpp/tools/linux64/extractor, args: [--assembler, --codeql-assembler-executable, /usr/bin/as, --64, -o, test1.o, /tmp/ccmiurbR.s]
[T 04:03:58 26475] trace_languages(1): [cpp]
[T 04:03:58 26478] Attempting to switch stdout/stderr to 4...
[T 04:03:58 26478] Initializing tracer.
[T 04:03:58 26478] Initializing tags.
[T 04:03:58 26478] ID set to 000000000000676E_0000000000000001 (parent 000000000000676B_0000000000000001)
[E 04:03:59 26478] CodeQL C/C++ Extractor 2.25.1
[E 04:03:59 26478] Current directory: /home/test/my-awesome-project/CISB/server/env:transfermemcpytounalignedldx
[E 04:03:59 26478] Command: /mnt/c/Tools/codeql/cpp/tools/linux64/extractor --assembler --codeql-assembler-executable /usr/bin/as --64 -o test1.o /tmp/ccmiurbR.s
[E 04:03:59 26478] Extractor exited after mimicking assembler
[T 04:03:59 26475] Extractor /mnt/c/Tools/codeql/cpp/tools/linux64/extractor terminated with exit code 0.
[T 04:03:59 26548] Attempting to switch stdout/stderr to 4...
[T 04:03:59 26548] Initializing tracer.
[T 04:03:59 26548] Initializing tags.
[T 04:03:59 26548] ID set to 00000000000067B4_0000000000000001 (parent 0000000000006650_0000000000000001)
[E 04:03:59 26548] CodeQL C/C++ Extractor 2.25.1
[E 04:03:59 26548] Current directory: /home/test/my-awesome-project/CISB/server/env:transfermemcpytounalignedldx
[E 04:03:59 26548] Command: /mnt/c/Tools/codeql/cpp/tools/linux64/extractor --mimic /usr/bin/x86_64-linux-gnu-gcc-13 -c -o test1.o test1.c
[T 04:03:59 26601] Initializing tracer.
[T 04:03:59 26601] Initializing tags.
[T 04:03:59 26601] ID set to 00000000000067E9_0000000000000001 (parent 00000000000067B4_0000000000000001)
[T 04:03:59 26601] ==== Candidate to intercept: /usr/bin/x86_64-linux-gnu-gcc-13 (canonical: /usr/bin/x86_64-linux-gnu-gcc-13) ====
[T 04:03:59 26601] Lua: === Intercepted call to /usr/bin/x86_64-linux-gnu-gcc-13 ===
[T 04:03:59 26601] Executing the following tracer actions:
[T 04:03:59 26601] Tracer actions:
[T 04:03:59 26601] pre_invocations(0)
[T 04:03:59 26601] post_invocations(1)
[T 04:03:59 26601] invocation: /mnt/c/Tools/codeql/cpp/tools/linux64/extractor, args: [--mimic, /usr/bin/x86_64-linux-gnu-gcc-13, --version]
[T 04:03:59 26601] trace_languages(1): [cpp]
[T 04:03:59 26607] Attempting to switch stdout/stderr to 7...
[T 04:03:59 26607] Initializing tracer.
[T 04:03:59 26607] Initializing tags.
[T 04:03:59 26607] ID set to 00000000000067EF_0000000000000001 (parent 00000000000067E9_0000000000000001)
[E 04:03:59 26607] Mimicry classification suppression detected; exiting.
[E 04:03:59 26607] Extractor exited successfully
[T 04:03:59 26601] Extractor /mnt/c/Tools/codeql/cpp/tools/linux64/extractor terminated with exit code 0.
[T 04:03:59 26608] Initializing tracer.
[T 04:03:59 26608] Initializing tags.
[T 04:03:59 26608] ID set to 00000000000067F0_0000000000000001 (parent 00000000000067B4_0000000000000001)
[T 04:03:59 26608] ==== Candidate to intercept: /usr/bin/x86_64-linux-gnu-gcc-13 (canonical: /usr/bin/x86_64-linux-gnu-gcc-13) ====
[T 04:03:59 26608] Lua: === Intercepted call to /usr/bin/x86_64-linux-gnu-gcc-13 ===
[T 04:03:59 26608] Executing the following tracer actions:
[T 04:03:59 26608] Tracer actions:
[T 04:03:59 26608] pre_invocations(0)
[T 04:03:59 26608] post_invocations(1)
[T 04:03:59 26608] invocation: /mnt/c/Tools/codeql/cpp/tools/linux64/extractor, args: [--mimic, /usr/bin/x86_64-linux-gnu-gcc-13, --help]
[T 04:03:59 26608] trace_languages(1): [cpp]
[T 04:03:59 26624] Attempting to switch stdout/stderr to 7...
[T 04:03:59 26624] Initializing tracer.
[T 04:03:59 26624] Initializing tags.
[T 04:03:59 26624] ID set to 0000000000006800_0000000000000001 (parent 00000000000067F0_0000000000000001)
[E 04:03:59 26624] Mimicry classification suppression detected; exiting.
[E 04:03:59 26624] Extractor exited successfully
[T 04:03:59 26608] Extractor /mnt/c/Tools/codeql/cpp/tools/linux64/extractor terminated with exit code 0.
[T 04:03:59 26639] Initializing tracer.
[T 04:03:59 26639] Initializing tags.
[T 04:03:59 26639] ID set to 000000000000680F_0000000000000001 (parent 00000000000067B4_0000000000000001)
[T 04:03:59 26639] ==== Candidate to intercept: /usr/bin/x86_64-linux-gnu-gcc-13 (canonical: /usr/bin/x86_64-linux-gnu-gcc-13) ====
[T 04:03:59 26639] Lua: === Intercepted call to /usr/bin/x86_64-linux-gnu-gcc-13 ===
[T 04:03:59 26639] Executing the following tracer actions:
[T 04:03:59 26639] Tracer actions:
[T 04:03:59 26639] pre_invocations(0)
[T 04:03:59 26639] post_invocations(1)
[T 04:03:59 26639] invocation: /mnt/c/Tools/codeql/cpp/tools/linux64/extractor, args: [--mimic, /usr/bin/x86_64-linux-gnu-gcc-13, -nostdinc, -o, /home/test/my-awesome-project/CISB/server/env:transfermemcpytounalignedldx/db-l23/working/tmp//semmle_2_26548_127278.o, -c, /home/test/my-awesome-project/CISB/server/env:transfermemcpytounalignedldx/db-l23/working/tmp//semmle_1_26548_127195.c]
[T 04:03:59 26639] trace_languages(1): [cpp]
[T 04:03:59 26642] Initializing tracer.
[T 04:03:59 26642] Initializing tags.
[T 04:03:59 26642] ID set to 0000000000006812_0000000000000001 (parent 000000000000680F_0000000000000001)
[T 04:03:59 26642] ==== Candidate to intercept: /usr/libexec/gcc/x86_64-linux-gnu/13/cc1 (canonical: /usr/libexec/gcc/x86_64-linux-gnu/13/cc1) ====
[T 04:03:59 26642] Lua: === Intercepted call to /usr/libexec/gcc/x86_64-linux-gnu/13/cc1 ===
[T 04:03:59 26642] Executing the following tracer actions:
[T 04:03:59 26642] Tracer actions:
[T 04:03:59 26642] pre_invocations(0)
[T 04:03:59 26642] post_invocations(1)
[T 04:03:59 26642] invocation: /mnt/c/Tools/codeql/cpp/tools/linux64/extractor, args: [--mimic, /usr/libexec/gcc/x86_64-linux-gnu/13/cc1, -quiet, -nostdinc, -imultiarch, x86_64-linux-gnu, /home/test/my-awesome-project/CISB/server/env:transfermemcpytounalignedldx/db-l23/working/tmp//semmle_1_26548_127195.c, -quiet, -dumpdir, /home/test/my-awesome-project/CISB/server/env:transfermemcpytounalignedldx/db-l23/working/tmp//, -dumpbase, semmle_2_26548_127278.c, -dumpbase-ext, .c, -mtune=generic, -march=x86-64, -fasynchronous-unwind-tables, -fstack-protector-strong, -Wformat, -Wformat-security, -fstack-clash-protection, -fcf-protection, -o, /tmp/cciedtGt.s]
[T 04:03:59 26642] trace_languages(1): [cpp]
[T 04:03:59 26671] Attempting to switch stdout/stderr to 7...
[T 04:03:59 26671] Initializing tracer.
[T 04:03:59 26671] Initializing tags.
[T 04:03:59 26671] ID set to 000000000000682F_0000000000000001 (parent 0000000000006812_0000000000000001)
[E 04:03:59 26671] Mimicry classification suppression detected; exiting.
[E 04:03:59 26671] Extractor exited successfully
[T 04:03:59 26642] Extractor /mnt/c/Tools/codeql/cpp/tools/linux64/extractor terminated with exit code 0.
[T 04:03:59 26672] Initializing tracer.
[T 04:03:59 26672] Initializing tags.
[T 04:03:59 26672] ID set to 0000000000006830_0000000000000001 (parent 000000000000680F_0000000000000001)
[T 04:03:59 26672] ==== Candidate to intercept: as (canonical: /usr/bin/as) ====
[T 04:03:59 26672] Lua: === Intercepted call to /usr/bin/as ===
[T 04:03:59 26672] Executing the following tracer actions:
[T 04:03:59 26672] Tracer actions:
[T 04:03:59 26672] pre_invocations(0)
[T 04:03:59 26672] post_invocations(1)
[T 04:03:59 26672] invocation: /mnt/c/Tools/codeql/cpp/tools/linux64/extractor, args: [--assembler, --codeql-assembler-executable, /usr/bin/as, --64, -o, /home/test/my-awesome-project/CISB/server/env:transfermemcpytounalignedldx/db-l23/working/tmp//semmle_2_26548_127278.o, /tmp/cciedtGt.s]
[T 04:03:59 26672] trace_languages(1): [cpp]
[T 04:03:59 26674] Attempting to switch stdout/stderr to 7...
[T 04:03:59 26674] Initializing tracer.
[T 04:03:59 26674] Initializing tags.
[T 04:03:59 26674] ID set to 0000000000006832_0000000000000001 (parent 0000000000006830_0000000000000001)
[E 04:03:59 26674] Mimicry classification suppression detected; exiting.
[E 04:03:59 26674] Extractor exited successfully
[T 04:03:59 26672] Extractor /mnt/c/Tools/codeql/cpp/tools/linux64/extractor terminated with exit code 0.
[T 04:03:59 26675] Attempting to switch stdout/stderr to 7...
[T 04:03:59 26675] Initializing tracer.
[T 04:03:59 26675] Initializing tags.
[T 04:03:59 26675] ID set to 0000000000006833_0000000000000001 (parent 000000000000680F_0000000000000001)
[E 04:03:59 26675] Mimicry classification suppression detected; exiting.
[E 04:03:59 26675] Extractor exited successfully
[T 04:03:59 26639] Extractor /mnt/c/Tools/codeql/cpp/tools/linux64/extractor terminated with exit code 0.
[T 04:03:59 26676] Initializing tracer.
[T 04:03:59 26676] Initializing tags.
[T 04:03:59 26676] ID set to 0000000000006834_0000000000000001 (parent 00000000000067B4_0000000000000001)
[T 04:03:59 26676] ==== Candidate to intercept: /usr/bin/x86_64-linux-gnu-gcc-13 (canonical: /usr/bin/x86_64-linux-gnu-gcc-13) ====
[T 04:03:59 26676] Lua: === Intercepted call to /usr/bin/x86_64-linux-gnu-gcc-13 ===
[T 04:03:59 26676] Executing the following tracer actions:
[T 04:03:59 26676] Tracer actions:
[T 04:03:59 26676] pre_invocations(0)
[T 04:03:59 26676] post_invocations(1)
[T 04:03:59 26676] invocation: /mnt/c/Tools/codeql/cpp/tools/linux64/extractor, args: [--mimic, /usr/bin/x86_64-linux-gnu-gcc-13, -nostdinc, -o, /home/test/my-awesome-project/CISB/server/env:transfermemcpytounalignedldx/db-l23/working/tmp//semmle_4_26548_205055.o, -c, /home/test/my-awesome-project/CISB/server/env:transfermemcpytounalignedldx/db-l23/working/tmp//semmle_3_26548_204998.c]
[T 04:03:59 26676] trace_languages(1): [cpp]
[T 04:03:59 26678] Initializing tracer.
[T 04:03:59 26678] Initializing tags.
[T 04:03:59 26678] ID set to 0000000000006836_0000000000000001 (parent 0000000000006834_0000000000000001)
[T 04:03:59 26678] ==== Candidate to intercept: /usr/libexec/gcc/x86_64-linux-gnu/13/cc1 (canonical: /usr/libexec/gcc/x86_64-linux-gnu/13/cc1) ====
[T 04:03:59 26678] Lua: === Intercepted call to /usr/libexec/gcc/x86_64-linux-gnu/13/cc1 ===
[T 04:03:59 26678] Executing the following tracer actions:
[T 04:03:59 26678] Tracer actions:
[T 04:03:59 26678] pre_invocations(0)
[T 04:03:59 26678] post_invocations(1)
[T 04:03:59 26678] invocation: /mnt/c/Tools/codeql/cpp/tools/linux64/extractor, args: [--mimic, /usr/libexec/gcc/x86_64-linux-gnu/13/cc1, -quiet, -nostdinc, -imultiarch, x86_64-linux-gnu, /home/test/my-awesome-project/CISB/server/env:transfermemcpytounalignedldx/db-l23/working/tmp//semmle_3_26548_204998.c, -quiet, -dumpdir, /home/test/my-awesome-project/CISB/server/env:transfermemcpytounalignedldx/db-l23/working/tmp//, -dumpbase, semmle_4_26548_205055.c, -dumpbase-ext, .c, -mtune=generic, -march=x86-64, -fasynchronous-unwind-tables, -fstack-protector-strong, -Wformat, -Wformat-security, -fstack-clash-protection, -fcf-protection, -o, /tmp/ccDmUHuK.s]
[T 04:03:59 26678] trace_languages(1): [cpp]
[T 04:03:59 26680] Attempting to switch stdout/stderr to 7...
[T 04:03:59 26680] Initializing tracer.
[T 04:03:59 26680] Initializing tags.
[T 04:03:59 26680] ID set to 0000000000006838_0000000000000001 (parent 0000000000006836_0000000000000001)
[E 04:03:59 26680] Mimicry classification suppression detected; exiting.
[E 04:03:59 26680] Extractor exited successfully
[T 04:03:59 26678] Extractor /mnt/c/Tools/codeql/cpp/tools/linux64/extractor terminated with exit code 0.
[T 04:03:59 26681] Attempting to switch stdout/stderr to 7...
[T 04:03:59 26681] Initializing tracer.
[T 04:03:59 26681] Initializing tags.
[T 04:03:59 26681] ID set to 0000000000006839_0000000000000001 (parent 0000000000006834_0000000000000001)
[E 04:03:59 26681] Mimicry classification suppression detected; exiting.
[E 04:03:59 26681] Extractor exited successfully
[T 04:03:59 26676] Extractor /mnt/c/Tools/codeql/cpp/tools/linux64/extractor terminated with exit code 0.
[E 04:03:59 26548] Checking whether C compilation already happened.
[E 04:03:59 26548] Checking for tag c-compilation-happened
[E 04:03:59 26548] Checking CODEQL_TRACER_DB_ID 0000000000006650_0000000000000001
[E 04:03:59 26548] Locking DB /home/test/my-awesome-project/CISB/server/env:transfermemcpytounalignedldx/db-l23/working/tags.db
[E 04:03:59 26548] Locked DB /home/test/my-awesome-project/CISB/server/env:transfermemcpytounalignedldx/db-l23/working/tags.db
[E 04:03:59 26548] Unlocking DB
[E 04:03:59 26548] Unlocked DB
[E 04:03:59 26548] Exiting as C compilation already happened.
[T 04:03:59 26192] Extractor /mnt/c/Tools/codeql/cpp/tools/linux64/extractor terminated with exit code 0.
