[T 03:50:49 14326] CodeQL CLI version 2.25.1
[T 03:50:49 14326] Initializing tracer.
[T 03:50:49 14326] Initializing tags.
[T 03:50:49 14326] ID set to 00000000000037F6_0000000000000001 (parent root)
[T 03:50:49 14326] Initializing tracer.
[T 03:50:49 14326] Initializing tags.
[T 03:50:49 14326] ID set to 00000000000037F6_0000000000000002 (parent root)
[T 03:50:49 14326] Warning: SEMMLE_EXEC and SEMMLE_EXECP not set. Falling back to path lookup on argv[0].
[T 03:50:49 14326] ==== Candidate to intercept: /mnt/c/Tools/codeql/tools/linux64/runner-linux (canonical: /mnt/c/Tools/codeql/tools/linux64/runner-linux) ====
[T 03:50:49 14326] Executing the following tracer actions:
[T 03:50:49 14326] Tracer actions:
[T 03:50:49 14326] pre_invocations(0)
[T 03:50:49 14326] post_invocations(0)
[T 03:50:49 14326] trace_languages(1): [cpp]
[T 03:50:49 14326] Initializing tracer.
[T 03:50:49 14326] Initializing tags.
[T 03:50:49 14326] ID set to 00000000000037F6_0000000000000003 (parent 00000000000037F6_0000000000000002)
[T 03:50:49 14326] ==== Candidate to intercept: make (canonical: /usr/bin/make) ====
[T 03:50:49 14326] Executing the following tracer actions:
[T 03:50:49 14326] Tracer actions:
[T 03:50:49 14326] pre_invocations(0)
[T 03:50:49 14326] post_invocations(0)
[T 03:50:49 14326] trace_languages(1): [cpp]
[T 03:50:49 14330] Initializing tracer.
[T 03:50:49 14330] Initializing tags.
[T 03:50:49 14330] ID set to 00000000000037FA_0000000000000001 (parent 00000000000037F6_0000000000000003)
[T 03:50:49 14330] ==== Candidate to intercept: /usr/bin/gcc (canonical: /usr/bin/x86_64-linux-gnu-gcc-13) ====
[T 03:50:49 14330] Lua: === Intercepted call to /usr/bin/x86_64-linux-gnu-gcc-13 ===
[T 03:50:49 14330] Executing the following tracer actions:
[T 03:50:49 14330] Tracer actions:
[T 03:50:49 14330] pre_invocations(0)
[T 03:50:49 14330] post_invocations(1)
[T 03:50:49 14330] invocation: /mnt/c/Tools/codeql/cpp/tools/linux64/extractor, args: [--mimic, /usr/bin/x86_64-linux-gnu-gcc-13, -c, -o, test1.o, test1.c]
[T 03:50:49 14330] trace_languages(1): [cpp]
[T 03:50:49 14332] Initializing tracer.
[T 03:50:49 14332] Initializing tags.
[T 03:50:49 14332] ID set to 00000000000037FC_0000000000000001 (parent 00000000000037FA_0000000000000001)
[T 03:50:49 14332] ==== Candidate to intercept: /usr/libexec/gcc/x86_64-linux-gnu/13/cc1 (canonical: /usr/libexec/gcc/x86_64-linux-gnu/13/cc1) ====
[T 03:50:49 14332] Lua: === Intercepted call to /usr/libexec/gcc/x86_64-linux-gnu/13/cc1 ===
[T 03:50:49 14332] Executing the following tracer actions:
[T 03:50:49 14332] Tracer actions:
[T 03:50:49 14332] pre_invocations(0)
[T 03:50:49 14332] post_invocations(1)
[T 03:50:49 14332] invocation: /mnt/c/Tools/codeql/cpp/tools/linux64/extractor, args: [--mimic, /usr/libexec/gcc/x86_64-linux-gnu/13/cc1, -quiet, -imultiarch, x86_64-linux-gnu, test1.c, -quiet, -dumpbase, test1.c, -dumpbase-ext, .c, -mtune=generic, -march=x86-64, -fasynchronous-unwind-tables, -fstack-protector-strong, -Wformat, -Wformat-security, -fstack-clash-protection, -fcf-protection, -o, /tmp/ccXXFNG3.s]
[T 03:50:49 14332] trace_languages(1): [cpp]
[T 03:50:49 14334] Attempting to switch stdout/stderr to 4...
[T 03:50:49 14334] Initializing tracer.
[T 03:50:49 14334] Initializing tags.
[T 03:50:49 14334] ID set to 00000000000037FE_0000000000000001 (parent 00000000000037FC_0000000000000001)
[E 03:50:49 14334] CodeQL C/C++ Extractor 2.25.1
[E 03:50:49 14334] Current directory: /home/test/my-awesome-project/CISB/server/condItionalload
[E 03:50:49 14334] Command: /mnt/c/Tools/codeql/cpp/tools/linux64/extractor --mimic /usr/libexec/gcc/x86_64-linux-gnu/13/cc1 -quiet -imultiarch x86_64-linux-gnu test1.c -quiet -dumpbase test1.c -dumpbase-ext .c -mtune=generic -march=x86-64 -fasynchronous-unwind-tables -fstack-protector-strong -Wformat -Wformat-security -fstack-clash-protection -fcf-protection -o /tmp/ccXXFNG3.s
[T 03:50:49 14335] Initializing tracer.
[T 03:50:49 14335] Initializing tags.
[T 03:50:49 14335] ID set to 00000000000037FF_0000000000000001 (parent 00000000000037FE_0000000000000001)
[T 03:50:49 14335] ==== Candidate to intercept: /usr/libexec/gcc/x86_64-linux-gnu/13/cc1 (canonical: /usr/libexec/gcc/x86_64-linux-gnu/13/cc1) ====
[T 03:50:49 14335] Lua: === Intercepted call to /usr/libexec/gcc/x86_64-linux-gnu/13/cc1 ===
[T 03:50:49 14335] Executing the following tracer actions:
[T 03:50:49 14335] Tracer actions:
[T 03:50:49 14335] pre_invocations(0)
[T 03:50:49 14335] post_invocations(1)
[T 03:50:49 14335] invocation: /mnt/c/Tools/codeql/cpp/tools/linux64/extractor, args: [--mimic, /usr/libexec/gcc/x86_64-linux-gnu/13/cc1, --version]
[T 03:50:49 14335] trace_languages(1): [cpp]
[T 03:50:49 14337] Attempting to switch stdout/stderr to 7...
[T 03:50:49 14337] Initializing tracer.
[T 03:50:49 14337] Initializing tags.
[T 03:50:49 14337] ID set to 0000000000003801_0000000000000001 (parent 00000000000037FF_0000000000000001)
[E 03:50:49 14337] Mimicry classification suppression detected; exiting.
[E 03:50:49 14337] Extractor exited successfully
[T 03:50:49 14335] Extractor /mnt/c/Tools/codeql/cpp/tools/linux64/extractor terminated with exit code 0.
[T 03:50:49 14338] Initializing tracer.
[T 03:50:49 14338] Initializing tags.
[T 03:50:49 14338] ID set to 0000000000003802_0000000000000001 (parent 00000000000037FE_0000000000000001)
[T 03:50:49 14338] ==== Candidate to intercept: /usr/libexec/gcc/x86_64-linux-gnu/13/cc1 (canonical: /usr/libexec/gcc/x86_64-linux-gnu/13/cc1) ====
[T 03:50:49 14338] Lua: === Intercepted call to /usr/libexec/gcc/x86_64-linux-gnu/13/cc1 ===
[T 03:50:49 14338] Executing the following tracer actions:
[T 03:50:49 14338] Tracer actions:
[T 03:50:49 14338] pre_invocations(0)
[T 03:50:49 14338] post_invocations(1)
[T 03:50:49 14338] invocation: /mnt/c/Tools/codeql/cpp/tools/linux64/extractor, args: [--mimic, /usr/libexec/gcc/x86_64-linux-gnu/13/cc1, --help]
[T 03:50:49 14338] trace_languages(1): [cpp]
[T 03:50:49 14340] Attempting to switch stdout/stderr to 7...
[T 03:50:49 14340] Initializing tracer.
[T 03:50:49 14340] Initializing tags.
[T 03:50:49 14340] ID set to 0000000000003804_0000000000000001 (parent 0000000000003802_0000000000000001)
[E 03:50:49 14340] Mimicry classification suppression detected; exiting.
[E 03:50:49 14340] Extractor exited successfully
[T 03:50:49 14338] Extractor /mnt/c/Tools/codeql/cpp/tools/linux64/extractor terminated with exit code 0.
[T 03:50:49 14341] Initializing tracer.
[T 03:50:49 14341] Initializing tags.
[T 03:50:49 14341] ID set to 0000000000003805_0000000000000001 (parent 00000000000037FE_0000000000000001)
[T 03:50:49 14341] ==== Candidate to intercept: /usr/libexec/gcc/x86_64-linux-gnu/13/cc1 (canonical: /usr/libexec/gcc/x86_64-linux-gnu/13/cc1) ====
[T 03:50:49 14341] Lua: === Intercepted call to /usr/libexec/gcc/x86_64-linux-gnu/13/cc1 ===
[T 03:50:49 14341] Executing the following tracer actions:
[T 03:50:49 14341] Tracer actions:
[T 03:50:49 14341] pre_invocations(0)
[T 03:50:49 14341] post_invocations(1)
[T 03:50:49 14341] invocation: /mnt/c/Tools/codeql/cpp/tools/linux64/extractor, args: [--mimic, /usr/libexec/gcc/x86_64-linux-gnu/13/cc1, -version, --help]
[T 03:50:49 14341] trace_languages(1): [cpp]
[T 03:50:49 14343] Attempting to switch stdout/stderr to 7...
[T 03:50:49 14343] Initializing tracer.
[T 03:50:49 14343] Initializing tags.
[T 03:50:49 14343] ID set to 0000000000003807_0000000000000001 (parent 0000000000003805_0000000000000001)
[E 03:50:49 14343] Mimicry classification suppression detected; exiting.
[E 03:50:49 14343] Extractor exited successfully
[T 03:50:49 14341] Extractor /mnt/c/Tools/codeql/cpp/tools/linux64/extractor terminated with exit code 0.
[T 03:50:49 14344] Initializing tracer.
[T 03:50:49 14344] Initializing tags.
[T 03:50:49 14344] ID set to 0000000000003808_0000000000000001 (parent 00000000000037FE_0000000000000001)
[T 03:50:49 14344] ==== Candidate to intercept: /usr/libexec/gcc/x86_64-linux-gnu/13/cc1 (canonical: /usr/libexec/gcc/x86_64-linux-gnu/13/cc1) ====
[T 03:50:49 14344] Lua: === Intercepted call to /usr/libexec/gcc/x86_64-linux-gnu/13/cc1 ===
[T 03:50:49 14344] Executing the following tracer actions:
[T 03:50:49 14344] Tracer actions:
[T 03:50:49 14344] pre_invocations(0)
[T 03:50:49 14344] post_invocations(1)
[T 03:50:49 14344] invocation: /mnt/c/Tools/codeql/cpp/tools/linux64/extractor, args: [--mimic, /usr/libexec/gcc/x86_64-linux-gnu/13/cc1, -nostdinc, -o, /home/test/my-awesome-project/CISB/server/condItionalload/db-l19/working/tmp//semmle_2_14334_866575.o, /home/test/my-awesome-project/CISB/server/condItionalload/db-l19/working/tmp//semmle_1_14334_866545.c]
[T 03:50:49 14344] trace_languages(1): [cpp]
[T 03:50:49 14346] Attempting to switch stdout/stderr to 7...
[T 03:50:49 14346] Initializing tracer.
[T 03:50:49 14346] Initializing tags.
[T 03:50:49 14346] ID set to 000000000000380A_0000000000000001 (parent 0000000000003808_0000000000000001)
[E 03:50:49 14346] Mimicry classification suppression detected; exiting.
[E 03:50:49 14346] Extractor exited successfully
[T 03:50:49 14344] Extractor /mnt/c/Tools/codeql/cpp/tools/linux64/extractor terminated with exit code 0.
[T 03:50:49 14347] Initializing tracer.
[T 03:50:49 14347] Initializing tags.
[T 03:50:49 14347] ID set to 000000000000380B_0000000000000001 (parent 00000000000037FE_0000000000000001)
[T 03:50:49 14347] ==== Candidate to intercept: /usr/libexec/gcc/x86_64-linux-gnu/13/cc1 (canonical: /usr/libexec/gcc/x86_64-linux-gnu/13/cc1) ====
[T 03:50:49 14347] Lua: === Intercepted call to /usr/libexec/gcc/x86_64-linux-gnu/13/cc1 ===
[T 03:50:49 14347] Executing the following tracer actions:
[T 03:50:49 14347] Tracer actions:
[T 03:50:49 14347] pre_invocations(0)
[T 03:50:49 14347] post_invocations(1)
[T 03:50:49 14347] invocation: /mnt/c/Tools/codeql/cpp/tools/linux64/extractor, args: [--mimic, /usr/libexec/gcc/x86_64-linux-gnu/13/cc1, -nostdinc, -o, /home/test/my-awesome-project/CISB/server/condItionalload/db-l19/working/tmp//semmle_4_14334_900060.o, /home/test/my-awesome-project/CISB/server/condItionalload/db-l19/working/tmp//semmle_3_14334_900003.c]
[T 03:50:49 14347] trace_languages(1): [cpp]
[T 03:50:49 14349] Attempting to switch stdout/stderr to 7...
[T 03:50:49 14349] Initializing tracer.
[T 03:50:49 14349] Initializing tags.
[T 03:50:49 14349] ID set to 000000000000380D_0000000000000001 (parent 000000000000380B_0000000000000001)
[E 03:50:49 14349] Mimicry classification suppression detected; exiting.
[E 03:50:49 14349] Extractor exited successfully
[T 03:50:49 14347] Extractor /mnt/c/Tools/codeql/cpp/tools/linux64/extractor terminated with exit code 0.
[E 03:50:49 14334] Checking whether C compilation already happened.
[E 03:50:49 14334] Checking for tag c-compilation-happened
[E 03:50:49 14334] Checking CODEQL_TRACER_DB_ID 00000000000037FC_0000000000000001
[E 03:50:49 14334] Locking DB /home/test/my-awesome-project/CISB/server/condItionalload/db-l19/working/tags.db
[E 03:50:49 14334] Locked DB /home/test/my-awesome-project/CISB/server/condItionalload/db-l19/working/tags.db
[E 03:50:49 14334] Unlocking DB
[E 03:50:49 14334] Unlocked DB
[E 03:50:49 14334] Looks like C compilation didn't already happen.
[E 03:50:49 14334] Checking whether C compilation has been attempted.
[E 03:50:49 14334] Checking for tag c-compilation-attempted
[E 03:50:49 14334] Checking CODEQL_TRACER_DB_ID 00000000000037FC_0000000000000001
[E 03:50:49 14334] Locking DB /home/test/my-awesome-project/CISB/server/condItionalload/db-l19/working/tags.db
[E 03:50:49 14334] Locked DB /home/test/my-awesome-project/CISB/server/condItionalload/db-l19/working/tags.db
[E 03:50:49 14334] Unlocking DB
[E 03:50:49 14334] Unlocked DB
[E 03:50:49 14334] Marking C compilation as attempted.
[E 03:50:49 14334] Setting tag c-compilation-attempted
[E 03:50:49 14334] Starting from CODEQL_TRACER_DB_ID 00000000000037FC_0000000000000001
[E 03:50:49 14334] Locking DB /home/test/my-awesome-project/CISB/server/condItionalload/db-l19/working/tags.db
[E 03:50:49 14334] Locked DB /home/test/my-awesome-project/CISB/server/condItionalload/db-l19/working/tags.db
[E 03:50:49 14334] Set tag for 00000000000037FC_0000000000000001
[E 03:50:49 14334] Set tag for 00000000000037FA_0000000000000001
[E 03:50:49 14334] Set tag for 00000000000037F6_0000000000000003
[E 03:50:49 14334] Set tag for 00000000000037F6_0000000000000002
[E 03:50:49 14334] Set tag for root
[E 03:50:49 14334] Unlocking DB
[E 03:50:49 14334] Unlocked DB
[T 03:50:49 14350] Initializing tracer.
[T 03:50:49 14350] Initializing tags.
[T 03:50:49 14350] ID set to 000000000000380E_0000000000000001 (parent 00000000000037FE_0000000000000001)
[T 03:50:49 14350] ==== Candidate to intercept: /usr/libexec/gcc/x86_64-linux-gnu/13/cc1 (canonical: /usr/libexec/gcc/x86_64-linux-gnu/13/cc1) ====
[T 03:50:49 14350] Lua: === Intercepted call to /usr/libexec/gcc/x86_64-linux-gnu/13/cc1 ===
[T 03:50:49 14350] Executing the following tracer actions:
[T 03:50:49 14350] Tracer actions:
[T 03:50:49 14350] pre_invocations(0)
[T 03:50:49 14350] post_invocations(1)
[T 03:50:49 14350] invocation: /mnt/c/Tools/codeql/cpp/tools/linux64/extractor, args: [--mimic, /usr/libexec/gcc/x86_64-linux-gnu/13/cc1, @/home/test/my-awesome-project/CISB/server/condItionalload/db-l19/working/tmp//semmle_6_14334_933025, -v, -fsyntax-only, /home/test/my-awesome-project/CISB/server/condItionalload/db-l19/working/tmp//semmle_7_14334_933137]
[T 03:50:49 14350] trace_languages(1): [cpp]
[T 03:50:49 14352] Attempting to switch stdout/stderr to 7...
[T 03:50:49 14352] Initializing tracer.
[T 03:50:49 14352] Initializing tags.
[T 03:50:49 14352] ID set to 0000000000003810_0000000000000001 (parent 000000000000380E_0000000000000001)
[E 03:50:49 14352] Mimicry classification suppression detected; exiting.
[E 03:50:49 14352] Extractor exited successfully
[T 03:50:49 14350] Extractor /mnt/c/Tools/codeql/cpp/tools/linux64/extractor terminated with exit code 0.
[T 03:50:49 14353] Initializing tracer.
[T 03:50:49 14353] Initializing tags.
[T 03:50:49 14353] ID set to 0000000000003811_0000000000000001 (parent 00000000000037FE_0000000000000001)
[T 03:50:49 14353] ==== Candidate to intercept: /usr/libexec/gcc/x86_64-linux-gnu/13/cc1 (canonical: /usr/libexec/gcc/x86_64-linux-gnu/13/cc1) ====
[T 03:50:49 14353] Lua: === Intercepted call to /usr/libexec/gcc/x86_64-linux-gnu/13/cc1 ===
[T 03:50:49 14353] Executing the following tracer actions:
[T 03:50:49 14353] Tracer actions:
[T 03:50:49 14353] pre_invocations(0)
[T 03:50:49 14353] post_invocations(1)
[T 03:50:49 14353] invocation: /mnt/c/Tools/codeql/cpp/tools/linux64/extractor, args: [--mimic, /usr/libexec/gcc/x86_64-linux-gnu/13/cc1, @/home/test/my-awesome-project/CISB/server/condItionalload/db-l19/working/tmp//semmle_6_14334_933025, -E, -dM, /home/test/my-awesome-project/CISB/server/condItionalload/db-l19/working/tmp//semmle_8_14334_962544]
[T 03:50:49 14353] trace_languages(1): [cpp]
[T 03:50:49 14355] Attempting to switch stdout/stderr to 7...
[T 03:50:49 14355] Initializing tracer.
[T 03:50:49 14355] Initializing tags.
[T 03:50:49 14355] ID set to 0000000000003813_0000000000000001 (parent 0000000000003811_0000000000000001)
[E 03:50:49 14355] Mimicry classification suppression detected; exiting.
[E 03:50:49 14355] Extractor exited successfully
[T 03:50:49 14353] Extractor /mnt/c/Tools/codeql/cpp/tools/linux64/extractor terminated with exit code 0.
[T 03:50:49 14356] Initializing tracer.
[T 03:50:49 14356] Initializing tags.
[T 03:50:49 14356] ID set to 0000000000003814_0000000000000001 (parent 00000000000037FE_0000000000000001)
[T 03:50:49 14356] ==== Candidate to intercept: /usr/libexec/gcc/x86_64-linux-gnu/13/cc1 (canonical: /usr/libexec/gcc/x86_64-linux-gnu/13/cc1) ====
[T 03:50:49 14356] Lua: === Intercepted call to /usr/libexec/gcc/x86_64-linux-gnu/13/cc1 ===
[T 03:50:49 14356] Executing the following tracer actions:
[T 03:50:49 14356] Tracer actions:
[T 03:50:49 14356] pre_invocations(0)
[T 03:50:49 14356] post_invocations(1)
[T 03:50:49 14356] invocation: /mnt/c/Tools/codeql/cpp/tools/linux64/extractor, args: [--mimic, /usr/libexec/gcc/x86_64-linux-gnu/13/cc1, @/home/test/my-awesome-project/CISB/server/condItionalload/db-l19/working/tmp//semmle_9_14334_990179, -o, /home/test/my-awesome-project/CISB/server/condItionalload/db-l19/working/tmp//semmle_11_14334_990337.o, /home/test/my-awesome-project/CISB/server/condItionalload/db-l19/working/tmp//semmle_10_14334_990296.c]
[T 03:50:49 14356] trace_languages(1): [cpp]
[T 03:50:50 14358] Attempting to switch stdout/stderr to 7...
[T 03:50:50 14358] Initializing tracer.
[T 03:50:50 14358] Initializing tags.
[T 03:50:50 14358] ID set to 0000000000003816_0000000000000001 (parent 0000000000003814_0000000000000001)
[E 03:50:50 14358] Mimicry classification suppression detected; exiting.
[E 03:50:50 14358] Extractor exited successfully
[T 03:50:50 14356] Extractor /mnt/c/Tools/codeql/cpp/tools/linux64/extractor terminated with exit code 0.
[T 03:50:50 14359] Initializing tracer.
[T 03:50:50 14359] Initializing tags.
[T 03:50:50 14359] ID set to 0000000000003817_0000000000000001 (parent 00000000000037FE_0000000000000001)
[T 03:50:50 14359] ==== Candidate to intercept: /usr/libexec/gcc/x86_64-linux-gnu/13/cc1 (canonical: /usr/libexec/gcc/x86_64-linux-gnu/13/cc1) ====
[T 03:50:50 14359] Lua: === Intercepted call to /usr/libexec/gcc/x86_64-linux-gnu/13/cc1 ===
[T 03:50:50 14359] Executing the following tracer actions:
[T 03:50:50 14359] Tracer actions:
[T 03:50:50 14359] pre_invocations(0)
[T 03:50:50 14359] post_invocations(1)
[T 03:50:50 14359] invocation: /mnt/c/Tools/codeql/cpp/tools/linux64/extractor, args: [--mimic, /usr/libexec/gcc/x86_64-linux-gnu/13/cc1, @/home/test/my-awesome-project/CISB/server/condItionalload/db-l19/working/tmp//semmle_9_14334_990179, -o, /home/test/my-awesome-project/CISB/server/condItionalload/db-l19/working/tmp//semmle_13_14334_20036.o, /home/test/my-awesome-project/CISB/server/condItionalload/db-l19/working/tmp//semmle_12_14334_19990.c]
[T 03:50:50 14359] trace_languages(1): [cpp]
[T 03:50:50 14361] Attempting to switch stdout/stderr to 7...
[T 03:50:50 14361] Initializing tracer.
[T 03:50:50 14361] Initializing tags.
[T 03:50:50 14361] ID set to 0000000000003819_0000000000000001 (parent 0000000000003817_0000000000000001)
[E 03:50:50 14361] Mimicry classification suppression detected; exiting.
[E 03:50:50 14361] Extractor exited successfully
[T 03:50:50 14359] Extractor /mnt/c/Tools/codeql/cpp/tools/linux64/extractor terminated with exit code 0.
[T 03:50:50 14362] Initializing tracer.
[T 03:50:50 14362] Initializing tags.
[T 03:50:50 14362] ID set to 000000000000381A_0000000000000001 (parent 00000000000037FE_0000000000000001)
[T 03:50:50 14362] ==== Candidate to intercept: /usr/libexec/gcc/x86_64-linux-gnu/13/cc1 (canonical: /usr/libexec/gcc/x86_64-linux-gnu/13/cc1) ====
[T 03:50:50 14362] Lua: === Intercepted call to /usr/libexec/gcc/x86_64-linux-gnu/13/cc1 ===
[T 03:50:50 14362] Executing the following tracer actions:
[T 03:50:50 14362] Tracer actions:
[T 03:50:50 14362] pre_invocations(0)
[T 03:50:50 14362] post_invocations(1)
[T 03:50:50 14362] invocation: /mnt/c/Tools/codeql/cpp/tools/linux64/extractor, args: [--mimic, /usr/libexec/gcc/x86_64-linux-gnu/13/cc1, @/home/test/my-awesome-project/CISB/server/condItionalload/db-l19/working/tmp//semmle_9_14334_990179, -o, /home/test/my-awesome-project/CISB/server/condItionalload/db-l19/working/tmp//semmle_15_14334_53303.o, /home/test/my-awesome-project/CISB/server/condItionalload/db-l19/working/tmp//semmle_14_14334_53252.c]
[T 03:50:50 14362] trace_languages(1): [cpp]
[T 03:50:50 14365] Attempting to switch stdout/stderr to 7...
[T 03:50:50 14365] Initializing tracer.
[T 03:50:50 14365] Initializing tags.
[T 03:50:50 14365] ID set to 000000000000381D_0000000000000001 (parent 000000000000381A_0000000000000001)
[E 03:50:50 14365] Mimicry classification suppression detected; exiting.
[E 03:50:50 14365] Extractor exited successfully
[T 03:50:50 14362] Extractor /mnt/c/Tools/codeql/cpp/tools/linux64/extractor terminated with exit code 0.
[T 03:50:50 14393] Initializing tracer.
[T 03:50:50 14393] Initializing tags.
[T 03:50:50 14393] ID set to 0000000000003839_0000000000000001 (parent 00000000000037FE_0000000000000001)
[T 03:50:50 14393] ==== Candidate to intercept: /usr/libexec/gcc/x86_64-linux-gnu/13/cc1 (canonical: /usr/libexec/gcc/x86_64-linux-gnu/13/cc1) ====
[T 03:50:50 14393] Lua: === Intercepted call to /usr/libexec/gcc/x86_64-linux-gnu/13/cc1 ===
[T 03:50:50 14393] Executing the following tracer actions:
[T 03:50:50 14393] Tracer actions:
[T 03:50:50 14393] pre_invocations(0)
[T 03:50:50 14393] post_invocations(1)
[T 03:50:50 14393] invocation: /mnt/c/Tools/codeql/cpp/tools/linux64/extractor, args: [--mimic, /usr/libexec/gcc/x86_64-linux-gnu/13/cc1, @/home/test/my-awesome-project/CISB/server/condItionalload/db-l19/working/tmp//semmle_9_14334_990179, -o, /home/test/my-awesome-project/CISB/server/condItionalload/db-l19/working/tmp//semmle_17_14334_81632.o, /home/test/my-awesome-project/CISB/server/condItionalload/db-l19/working/tmp//semmle_16_14334_81590.c]
[T 03:50:50 14393] trace_languages(1): [cpp]
[T 03:50:50 14398] Attempting to switch stdout/stderr to 7...
[T 03:50:50 14398] Initializing tracer.
[T 03:50:50 14398] Initializing tags.
[T 03:50:50 14398] ID set to 000000000000383E_0000000000000001 (parent 0000000000003839_0000000000000001)
[E 03:50:50 14398] Mimicry classification suppression detected; exiting.
[E 03:50:50 14398] Extractor exited successfully
[T 03:50:50 14393] Extractor /mnt/c/Tools/codeql/cpp/tools/linux64/extractor terminated with exit code 0.
[T 03:50:50 14399] Initializing tracer.
[T 03:50:50 14399] Initializing tags.
[T 03:50:50 14399] ID set to 000000000000383F_0000000000000001 (parent 00000000000037FE_0000000000000001)
[T 03:50:50 14399] ==== Candidate to intercept: /usr/libexec/gcc/x86_64-linux-gnu/13/cc1 (canonical: /usr/libexec/gcc/x86_64-linux-gnu/13/cc1) ====
[T 03:50:50 14399] Lua: === Intercepted call to /usr/libexec/gcc/x86_64-linux-gnu/13/cc1 ===
[T 03:50:50 14399] Executing the following tracer actions:
[T 03:50:50 14399] Tracer actions:
[T 03:50:50 14399] pre_invocations(0)
[T 03:50:50 14399] post_invocations(1)
[T 03:50:50 14399] invocation: /mnt/c/Tools/codeql/cpp/tools/linux64/extractor, args: [--mimic, /usr/libexec/gcc/x86_64-linux-gnu/13/cc1, @/home/test/my-awesome-project/CISB/server/condItionalload/db-l19/working/tmp//semmle_9_14334_990179, -o, /home/test/my-awesome-project/CISB/server/condItionalload/db-l19/working/tmp//semmle_19_14334_112410.o, /home/test/my-awesome-project/CISB/server/condItionalload/db-l19/working/tmp//semmle_18_14334_112325.c]
[T 03:50:50 14399] trace_languages(1): [cpp]
[T 03:50:50 14401] Attempting to switch stdout/stderr to 7...
[T 03:50:50 14401] Initializing tracer.
[T 03:50:50 14401] Initializing tags.
[T 03:50:50 14401] ID set to 0000000000003841_0000000000000001 (parent 000000000000383F_0000000000000001)
[E 03:50:50 14401] Mimicry classification suppression detected; exiting.
[E 03:50:50 14401] Extractor exited successfully
[T 03:50:50 14399] Extractor /mnt/c/Tools/codeql/cpp/tools/linux64/extractor terminated with exit code 0.
[T 03:50:50 14416] Initializing tracer.
[T 03:50:50 14416] Initializing tags.
[T 03:50:50 14416] ID set to 0000000000003850_0000000000000001 (parent 00000000000037FE_0000000000000001)
[T 03:50:50 14416] ==== Candidate to intercept: /usr/libexec/gcc/x86_64-linux-gnu/13/cc1 (canonical: /usr/libexec/gcc/x86_64-linux-gnu/13/cc1) ====
[T 03:50:50 14416] Lua: === Intercepted call to /usr/libexec/gcc/x86_64-linux-gnu/13/cc1 ===
[T 03:50:50 14416] Executing the following tracer actions:
[T 03:50:50 14416] Tracer actions:
[T 03:50:50 14416] pre_invocations(0)
[T 03:50:50 14416] post_invocations(1)
[T 03:50:50 14416] invocation: /mnt/c/Tools/codeql/cpp/tools/linux64/extractor, args: [--mimic, /usr/libexec/gcc/x86_64-linux-gnu/13/cc1, @/home/test/my-awesome-project/CISB/server/condItionalload/db-l19/working/tmp//semmle_9_14334_990179, -o, /home/test/my-awesome-project/CISB/server/condItionalload/db-l19/working/tmp//semmle_21_14334_141419.o, /home/test/my-awesome-project/CISB/server/condItionalload/db-l19/working/tmp//semmle_20_14334_141339.c]
[T 03:50:50 14416] trace_languages(1): [cpp]
[T 03:50:50 14433] Attempting to switch stdout/stderr to 7...
[T 03:50:50 14433] Initializing tracer.
[T 03:50:50 14433] Initializing tags.
[T 03:50:50 14433] ID set to 0000000000003861_0000000000000001 (parent 0000000000003850_0000000000000001)
[E 03:50:50 14433] Mimicry classification suppression detected; exiting.
[E 03:50:50 14433] Extractor exited successfully
[T 03:50:50 14416] Extractor /mnt/c/Tools/codeql/cpp/tools/linux64/extractor terminated with exit code 0.
[E 03:50:50 14334] Processed command line: /mnt/c/Tools/codeql/cpp/tools/linux64/extractor --trapfolder /home/test/my-awesome-project/CISB/server/condItionalload/db-l19/trap/cpp --src_archive /home/test/my-awesome-project/CISB/server/condItionalload/db-l19/src --object_filename /tmp/ccXXFNG3.s --no_warnings_and_discretionary_errors --error_limit 1000 --disable_system_macros --variadic_macros --incognito --gcc --gnu_version 130300 --target linux_x86_64 '-D__DBL_MIN_EXP__=(-1021)' -D__UINT_LEAST16_MAX__=0xffff -D__FLT16_HAS_QUIET_NAN__=1 -D__ATOMIC_ACQUIRE=2 -D__FLT128_MAX_10_EXP__=4932 -D__FLT_MIN__=1.17549435082228750796873653722224568e-38F -D__GCC_IEC_559_COMPLEX=2 '-D__UINT_LEAST8_TYPE__=unsigned char' -D__SIZEOF_FLOAT80__=16 -D__BFLT16_DENORM_MIN__=9.18354961579912115600575419704879436e-41BF16 '-D__INTMAX_C(c)=c ## L' -D__CHAR_BIT__=8 -D__UINT8_MAX__=0xff -D__SCHAR_WIDTH__=8 -D__WINT_MAX__=0xffffffffU '-D__FLT32_MIN_EXP__=(-125)' -D__BFLT16_NORM_MAX__=3.38953138925153547590470800371487867e+38BF16 '-D__BFLT16_MIN_10_EXP__=(-37)' -D__ORDER_LITTLE_ENDIAN__=1234 -D__WCHAR_MAX__=0x7fffffff -D__GCC_HAVE_SYNC_COMPARE_AND_SWAP_2=1 -D__GCC_HAVE_SYNC_COMPARE_AND_SWAP_4=1 -D__GCC_HAVE_SYNC_COMPARE_AND_SWAP_8=1 -D__GCC_ATOMIC_CHAR_LOCK_FREE=2 -D__GCC_IEC_559=2 -D__FLT32X_DECIMAL_DIG__=17 -D__FLT_EVAL_METHOD__=0 -D__FLT64_DECIMAL_DIG__=17 -D__CET__=3 -D__GCC_ATOMIC_CHAR32_T_LOCK_FREE=2 -D__UINT_FAST64_MAX__=0xffffffffffffffffUL -D__SIG_ATOMIC_TYPE__=int '-D__DBL_MIN_10_EXP__=(-307)' -D__FINITE_MATH_ONLY__=0 -D__FLT32X_MAX_EXP__=1024 -D__GCC_HAVE_SYNC_COMPARE_AND_SWAP_1=1 -D__FLT32_HAS_DENORM__=1 -D__UINT_FAST8_MAX__=0xff -D__FLT32_MAX_10_EXP__=38 -D__DEC64_MAX_EXP__=385 '-D__INT8_C(c)=c' -D__INT_LEAST8_WIDTH__=8 -D__UINT_LEAST64_MAX__=0xffffffffffffffffUL -D__SHRT_MAX__=0x7fff -D__LDBL_MAX__=1.18973149535723176502126385303097021e+4932L -D__FLT64X_MAX_10_EXP__=4932 -D__BFLT16_MAX_10_EXP__=38 -D__BFLT16_MAX_EXP__=128 -D__LDBL_IS_IEC_60559__=1 -D__FLT64X_HAS_QUIET_NAN__=1 -D__UINT_LEAST8_MAX__=0xff -D__GCC_ATOMIC_BOOL_LOCK_FREE=2 -D__FLT128_DENORM_MIN__=6.47517511943802511092443895822764655e-4966F128 '-D__UINTMAX_TYPE__=long unsigned int' -D__BFLT16_DECIMAL_DIG__=4 -D__linux=1 -D__DEC32_EPSILON__=1E-6DF -D__FLT_EVAL_METHOD_TS_18661_3__=0 -D__UINT32_MAX__=0xffffffffU '-D__DBL_DENORM_MIN__=((double)4.94065645841246544176568792868221372e-324L)' '-D__FLT128_MIN_EXP__=(-16381)' -D__WINT_MIN__=0U '-D__FLT128_MIN_10_EXP__=(-4931)' -D__FLT32X_IS_IEC_60559__=1 -D__INT_LEAST16_WIDTH__=16 -D__SCHAR_MAX__=0x7f -D__FLT128_MANT_DIG__=113 '-D__WCHAR_MIN__=(-__WCHAR_MAX__ - 1)' '-D__INT64_C(c)=c ## L' -D__SSP_STRONG__=3 -D__GCC_ATOMIC_POINTER_LOCK_FREE=2 -D__ATOMIC_SEQ_CST=5 -D__unix=1 -D__INT_LEAST64_MAX__=0x7fffffffffffffffL -D__FLT32X_MANT_DIG__=53 -D__FLT64X_EPSILON__=1.08420217248550443400745280086994171e-19F64x '-D__DEC64_MIN_EXP__=(-382)' -D__DBL_DIG__=15 -D__FLT_EPSILON__=1.19209289550781250000000000000000000e-7F -D__SHRT_WIDTH__=16 -D__FLT32_IS_IEC_60559__=1 -D__LDBL_MIN__=3.36210314311209350626267781732175260e-4932L -D__STDC_UTF_16__=1 -D__DBL_IS_IEC_60559__=1 -D__DEC32_MAX__=9.999999E96DF -D__FLT64X_DENORM_MIN__=3.64519953188247460252840593361941982e-4951F64x -D__FLT32X_HAS_INFINITY__=1 -D__unix__=1 -D__INT_WIDTH__=32 -D__STDC_IEC_559__=1 -D__STDC_ISO_10646__=201706L -D__DECIMAL_DIG__=21 -D__STDC_IEC_559_COMPLEX__=1 -D__FLT64_EPSILON__=2.22044604925031308084726333618164062e-16F64 -D__gnu_linux__=1 -D__FLT128_IS_IEC_60559__=1 '-D__FLT64X_MIN_10_EXP__=(-4931)' -D__LDBL_HAS_QUIET_NAN__=1 '-D__FLT16_MIN_EXP__=(-13)' -D__FLT64_MANT_DIG__=53 -D__FLT64X_MANT_DIG__=64 -D__BFLT16_DIG__=2 -D__pie__=2 -D__MMX__=1 -D__FLT_HAS_DENORM__=1 -D__SIZEOF_LONG_DOUBLE__=16 -D__BIGGEST_ALIGNMENT__=16 -D__FLT64_MAX_10_EXP__=308 -D__BFLT16_IS_IEC_60559__=0 -D__FLT16_MAX_10_EXP__=4 '-D__DBL_MAX__=((double)1.79769313486231570814527423731704357e+308L)' -D__INT_FAST32_MAX__=0x7fffffffffffffffL -D__DBL_HAS_INFINITY__=1 -D__INT64_MAX__=0x7fffffffffffffffL -D__SIZEOF_FLOAT__=4 -D__HAVE_SPECULATION_SAFE_VALUE=1 '-D__DEC32_MIN_EXP__=(-94)' -D__INTPTR_WIDTH__=64 -D__UINT_LEAST32_MAX__=0xffffffffU -D__FLT32X_HAS_DENORM__=1 '-D__INT_FAST16_TYPE__=long int' -D__MMX_WITH_SSE__=1 -D__LDBL_HAS_DENORM__=1 -D__SEG_GS=1 -D__BFLT16_EPSILON__=7.81250000000000000000000000000000000e-3BF16 -D__FLT128_HAS_INFINITY__=1 -D__DEC32_MIN__=1E-95DF -D__DBL_MAX_EXP__=1024 -D__WCHAR_WIDTH__=32 -D__FLT32_MAX__=3.40282346638528859811704183484516925e+38F32 -D__DEC128_EPSILON__=1E-33DL -D__FLT16_DECIMAL_DIG__=5 -D__SSE2_MATH__=1 -D__ATOMIC_HLE_RELEASE=131072 -D__PTRDIFF_MAX__=0x7fffffffffffffffL -D__amd64=1 -D__ATOMIC_HLE_ACQUIRE=65536 -D__LONG_LONG_MAX__=0x7fffffffffffffffLL -D__SIZEOF_SIZE_T__=8 -D__BFLT16_HAS_INFINITY__=1 '-D__FLT64X_MIN_EXP__=(-16381)' -D__SIZEOF_WINT_T__=4 -D__LONG_LONG_WIDTH__=64 -D__FLT32_MAX_EXP__=128 -D__GXX_ABI_VERSION=1018 '-D__FLT_MIN_EXP__=(-125)' -D__GCC_HAVE_DWARF2_CFI_ASM=1 -D__INT16_MAX__=0x7fff -D__x86_64=1 '-D__INT_FAST64_TYPE__=long int' -D__BFLT16_MAX__=3.38953138925153547590470800371487867e+38BF16 -D__BFLT16_HAS_DENORM__=1 -D__FLT64_DENORM_MIN__=4.94065645841246544176568792868221372e-324F64 -D__FLT16_DENORM_MIN__=5.96046447753906250000000000000000000e-8F16 -D__FLT128_EPSILON__=1.92592994438723585305597794258492732e-34F128 -D__FLT64X_NORM_MAX__=1.18973149535723176502126385303097021e+4932F64x -D__SIZEOF_POINTER__=8 '-D__SIZE_TYPE__=long unsigned int' -D__LP64__=1 -D__DBL_HAS_QUIET_NAN__=1 -D__FLT32X_EPSILON__=2.22044604925031308084726333618164062e-16F32x -D__LDBL_MAX_EXP__=16384 -D__DECIMAL_BID_FORMAT__=1 '-D__FLT64_MIN_EXP__=(-1021)' '-D__FLT64_MIN_10_EXP__=(-307)' '-D__FLT16_MIN_10_EXP__=(-4)' -D__FLT64X_DECIMAL_DIG__=21 -D__DEC128_MIN__=1E-6143DL -D__REGISTER_PREFIX__= -D__UINT16_MAX__=0xffff -D__DBL_HAS_DENORM__=1 -D__FLT32_MIN__=1.17549435082228750796873653722224568e-38F32 '-D__UINT8_TYPE__=unsigned char' -D__FLT_DIG__=6 -D__NO_INLINE__=1 -D__DEC_EVAL_METHOD__=2 -D__FLT_MANT_DIG__=24 -D__LDBL_DECIMAL_DIG__=21 '-D__UINT64_C(c)=c ## UL' -D_STDC_PREDEF_H=1 -D__INT_LEAST32_MAX__=0x7fffffff -D__GCC_ATOMIC_INT_LOCK_FREE=2 -D__FLT128_MAX_EXP__=16384 -D__FLT32_MANT_DIG__=24 -D__FLOAT_WORD_ORDER__=__ORDER_LITTLE_ENDIAN__ '-D__FLT32X_MIN_EXP__=(-1021)' -D__STDC_IEC_60559_COMPLEX__=201404L -D__BFLT16_MIN__=1.17549435082228750796873653722224568e-38BF16 -D__FLT128_HAS_DENORM__=1 -D__FLT32_DECIMAL_DIG__=9 -D__FLT128_DIG__=33 '-D__INT32_C(c)=c' -D__DEC64_EPSILON__=1E-15DD -D__ORDER_PDP_ENDIAN__=3412 '-D__DEC128_MIN_EXP__=(-6142)' -D__DEC128_MAX__=9.999999999999999999999999999999999E6144DL '-D__INT_FAST32_TYPE__=long int' '-D__UINT_LEAST16_TYPE__=short unsigned int' -D__DEC128_MAX_EXP__=6145 -Dunix=1 -D__UINT64_MAX__=0xffffffffffffffffUL -D__FLT_IS_IEC_60559__=1 '-D__GNUC_WIDE_EXECUTION_CHARSET_NAME="UTF-32LE"' -D__FLT64X_DIG__=18 '-D__INT8_TYPE__=signed char' -D__ELF__=1 -D__GCC_ASM_FLAG_OUTPUTS__=1 '-D__UINT32_TYPE__=unsigned int' -D__BFLT16_HAS_QUIET_NAN__=1 -D__FLT_RADIX__=2 '-D__INT_LEAST16_TYPE__=short int' -D__LDBL_EPSILON__=1.08420217248550443400745280086994171e-19L '-D__UINTMAX_C(c)=c ## UL' -D__FLT16_DIG__=3 -D__SSE_MATH__=1 -D__k8=1 -D__FLT32X_MIN__=2.22507385850720138309023271733240406e-308F32x -D__SIG_ATOMIC_MAX__=0x7fffffff -D__GCC_ATOMIC_WCHAR_T_LOCK_FREE=2 -D__USER_LABEL_PREFIX__= -D__STDC_IEC_60559_BFP__=201404L -D__SIZEOF_PTRDIFF_T__=8 -D__FLT64X_HAS_INFINITY__=1 -D__FLT32_HAS_INFINITY__=1 -D__SIZEOF_LONG__=8 -D__LDBL_DIG__=18 -D__FLT64_IS_IEC_60559__=1 -D__x86_64__=1 -D__FLT16_IS_IEC_60559__=1 -D__FLT16_MAX_EXP__=16 -D__DEC32_SUBNORMAL_MIN__=0.000001E-95DF -D__INT_FAST16_MAX__=0x7fffffffffffffffL -D__GCC_CONSTRUCTIVE_SIZE=64 -D__FLT64_DIG__=15 -D__UINT_FAST32_MAX__=0xffffffffffffffffUL '-D__UINT_LEAST64_TYPE__=long unsigned int' -D__FLT16_EPSILON__=9.76562500000000000000000000000000000e-4F16 -D__FLT_HAS_QUIET_NAN__=1 -D__FLT_MAX_10_EXP__=38 -D__LONG_MAX__=0x7fffffffffffffffL -D__FLT64X_HAS_DENORM__=1 -D__DEC128_SUBNORMAL_MIN__=0.000000000000000000000000000000001E-6143DL -D__FLT_HAS_INFINITY__=1 '-D__GNUC_EXECUTION_CHARSET_NAME="UTF-8"' '-D__UINT_FAST16_TYPE__=long unsigned int' -D__DEC64_MAX__=9.999999999999999E384DD -D__INT_FAST32_WIDTH__=64 -D__PRAGMA_REDEFINE_EXTNAME=1 -D__SIZE_WIDTH__=64 -D__SEG_FS=1 -D__INT_LEAST16_MAX__=0x7fff -D__FLT16_NORM_MAX__=6.55040000000000000000000000000000000e+4F16 -D__DEC64_MANT_DIG__=16 -D__FLT32_DENORM_MIN__=1.40129846432481707092372958328991613e-45F32 -D__SIG_ATOMIC_WIDTH__=32 '-D__INT_LEAST64_TYPE__=long int' '-D__INT16_TYPE__=short int' '-D__INT_LEAST8_TYPE__=signed char' -D__FLT16_MAX__=6.55040000000000000000000000000000000e+4F16 -D__FLT128_MIN__=3.36210314311209350626267781732175260e-4932F128 -D__SIZEOF_INT__=4 -D__DEC32_MAX_EXP__=97 -D__INT_FAST8_MAX__=0x7f -D__FLT128_MAX__=1.18973149535723176508575932662800702e+4932F128 -D__INTPTR_MAX__=0x7fffffffffffffffL -Dlinux=1 -D__FLT64_HAS_QUIET_NAN__=1 '-D__FLT32_MIN_10_EXP__=(-37)' -D__FLT32X_DIG__=15 '-D__UINT16_C(c)=c' -D__PTRDIFF_WIDTH__=64 -D__LDBL_MANT_DIG__=64 -D__INT_FAST16_WIDTH__=64 -D__FLT64_HAS_INFINITY__=1 -D__FLT64X_MAX__=1.18973149535723176502126385303097021e+4932F64x -D__FLT16_HAS_INFINITY__=1 '-D__SIG_ATOMIC_MIN__=(-__SIG_ATOMIC_MAX__ - 1)' -D__code_model_small__=1 -D__GCC_ATOMIC_LONG_LOCK_FREE=2 -D__DEC32_MANT_DIG__=7 -D__FLT16_MANT_DIG__=11 -D__k8__=1 '-D__INTPTR_TYPE__=long int' '-D__UINT16_TYPE__=short unsigned int' -D__WCHAR_TYPE__=int -D__pic__=2 -D__UINTPTR_MAX__=0xffffffffffffffffUL -D__INT_FAST64_WIDTH__=64 -D__LDBL_HAS_INFINITY__=1 -D__INT_FAST64_MAX__=0x7fffffffffffffffL -D__GCC_ATOMIC_TEST_AND_SET_TRUEVAL=1 -D__FLT_NORM_MAX__=3.40282346638528859811704183484516925e+38F -D__FLT64X_MAX_EXP__=16384 '-D__UINT_FAST64_TYPE__=long unsigned int' '-D__BFLT16_MIN_EXP__=(-125)' -D__INT_MAX__=0x7fffffff -D__linux__=1 '-D__INT64_TYPE__=long int' -D__FLT_MAX_EXP__=128 -D__ORDER_BIG_ENDIAN__=4321 -D__DBL_MANT_DIG__=53 -D__SIZEOF_FLOAT128__=16 -D__BFLT16_MANT_DIG__=8 -D__GCC_ATOMIC_CHAR16_T_LOCK_FREE=2 -D__DEC64_MIN__=1E-383DD '-D__WINT_TYPE__=unsigned int' '-D__UINT_LEAST32_TYPE__=unsigned int' -D__SIZEOF_SHORT__=2 -D__FLT32_NORM_MAX__=3.40282346638528859811704183484516925e+38F32 -D__SSE__=1 '-D__LDBL_MIN_EXP__=(-16381)' -D__FLT64_MAX__=1.79769313486231570814527423731704357e+308F64 -D__amd64__=1 -D__WINT_WIDTH__=32 -D__INT_LEAST8_MAX__=0x7f -D__INT_LEAST64_WIDTH__=64 -D__FLT32X_MAX_10_EXP__=308 -D__SIZEOF_INT128__=16 -D__FLT16_MIN__=6.10351562500000000000000000000000000e-5F16 -D__FLT64X_IS_IEC_60559__=1 -D__LDBL_MAX_10_EXP__=4932 -D__ATOMIC_RELAXED=0 '-D__DBL_EPSILON__=((double)2.22044604925031308084726333618164062e-16L)' -D__INT_LEAST32_TYPE__=int -D_LP64=1 '-D__UINT8_C(c)=c' -D__FLT64_MAX_EXP__=1024 -D__SIZEOF_WCHAR_T__=4 '-D__UINT64_TYPE__=long unsigned int' -D__FLT128_NORM_MAX__=1.18973149535723176508575932662800702e+4932F128 -D__FLT64_NORM_MAX__=1.79769313486231570814527423731704357e+308F64 -D__FLT128_HAS_QUIET_NAN__=1 -D__INTMAX_MAX__=0x7fffffffffffffffL '-D__INT_FAST8_TYPE__=signed char' -D__FLT64X_MIN__=3.36210314311209350626267781732175260e-4932F64x -D__FLT64_HAS_DENORM__=1 -D__FLT32_EPSILON__=1.19209289550781250000000000000000000e-7F32 -D__FLT16_HAS_DENORM__=1 -D__DBL_DECIMAL_DIG__=17 -D__STDC_UTF_32__=1 -D__INT_FAST8_WIDTH__=8 -D__FXSR__=1 -D__FLT32X_MAX__=1.79769313486231570814527423731704357e+308F32x '-D__DBL_NORM_MAX__=((double)1.79769313486231570814527423731704357e+308L)' -D__BYTE_ORDER__=__ORDER_LITTLE_ENDIAN__ -D__GCC_DESTRUCTIVE_SIZE=64 -D__INTMAX_WIDTH__=64 -D__FLT32_DIG__=6 '-D__UINT32_C(c)=c ## U' -D__FLT_DENORM_MIN__=1.40129846432481707092372958328991613e-45F -D__INT8_MAX__=0x7f -D__LONG_WIDTH__=64 '-D__DBL_MIN__=((double)2.22507385850720138309023271733240406e-308L)' -D__PIC__=2 -D__INT32_MAX__=0x7fffffff '-D__UINT_FAST32_TYPE__=long unsigned int' -D__FLT32X_NORM_MAX__=1.79769313486231570814527423731704357e+308F32x -D__FLT_MAX__=3.40282346638528859811704183484516925e+38F -D__SSE2__=1 -D__INT32_TYPE__=int -D__SIZEOF_DOUBLE__=8 '-D__FLT_MIN_10_EXP__=(-37)' -D__FLT64_MIN__=2.22507385850720138309023271733240406e-308F64 -D__INT_LEAST32_WIDTH__=32 '-D__INTMAX_TYPE__=long int' -D__FLT32X_HAS_QUIET_NAN__=1 -D__ATOMIC_CONSUME=1 -D__UINTMAX_MAX__=0xffffffffffffffffUL -D__PIE__=2 -D__FLT32X_DENORM_MIN__=4.94065645841246544176568792868221372e-324F32x -D__DBL_MAX_10_EXP__=308 -D__LDBL_DENORM_MIN__=3.64519953188247460252840593361941982e-4951L '-D__INT16_C(c)=c' '-D__PTRDIFF_TYPE__=long int' '-D__FLT32X_MIN_10_EXP__=(-307)' '-D__UINTPTR_TYPE__=long unsigned int' -D__DEC64_SUBNORMAL_MIN__=0.000000000000001E-383DD -D__DEC128_MANT_DIG__=34 '-D__LDBL_MIN_10_EXP__=(-4931)' -D__SIZEOF_LONG_LONG__=8 -D__FLT128_DECIMAL_DIG__=36 -D__GCC_ATOMIC_LLONG_LOCK_FREE=2 -D__FLT32_HAS_QUIET_NAN__=1 -D__FLT_DECIMAL_DIG__=9 -D__UINT_FAST16_MAX__=0xffffffffffffffffUL -D__LDBL_NORM_MAX__=1.18973149535723176502126385303097021e+4932L -D__GCC_ATOMIC_SHORT_LOCK_FREE=2 -D__SIZE_MAX__=0xffffffffffffffffUL '-D__UINT_FAST8_TYPE__=unsigned char' -D__ATOMIC_ACQ_REL=4 -D__ATOMIC_RELEASE=3 -I/usr/lib/gcc/x86_64-linux-gnu/13/include -I/usr/local/include -I/usr/include/x86_64-linux-gnu -I/usr/include -- test1.c
[E 03:50:50 14334] CODEQL_EXTRACTOR_CPP_TRAP_CACHING is not set
[E 03:50:50 14334] CODEQL_EXTRACTOR_CPP_OPTION_TRAP_CACHE_WRITE is not set
[E 03:50:50 14334] CODEQL_EXTRACTOR_CPP_OPTION_TRAP_CACHE_DIR is not set
[E 03:50:50 14334] Initialising TRAP cache at path: 7c/94ed/ed6a6722a857d655f96e66d23166
[E 03:50:50 14334] Not using TRAP cache
[E 03:50:50 14334] TRAP cache miss
[E 03:50:50 14334] Starting compilation TRAP /home/test/my-awesome-project/CISB/server/condItionalload/db-l19/trap/cpp/compilations/53/63441679_0.trap.zst
[E 03:50:50 14334] Archiving /home/test/my-awesome-project/CISB/server/condItionalload/db-l19/src/home/test/my-awesome-project/CISB/server/condItionalload/test1.c
[E 03:50:50 14334] Archiving /home/test/my-awesome-project/CISB/server/condItionalload/db-l19/src/usr/include/stdio.h
[E 03:50:50 14334] Archiving /home/test/my-awesome-project/CISB/server/condItionalload/db-l19/src/usr/include/x86_64-linux-gnu/bits/libc-header-start.h
[E 03:50:50 14334] Archiving /home/test/my-awesome-project/CISB/server/condItionalload/db-l19/src/usr/include/features.h
[E 03:50:50 14334] Archiving /home/test/my-awesome-project/CISB/server/condItionalload/db-l19/src/usr/include/features-time64.h
[E 03:50:50 14334] Archiving /home/test/my-awesome-project/CISB/server/condItionalload/db-l19/src/usr/include/x86_64-linux-gnu/bits/wordsize.h
[E 03:50:50 14334] Archiving /home/test/my-awesome-project/CISB/server/condItionalload/db-l19/src/usr/include/x86_64-linux-gnu/bits/timesize.h
[E 03:50:50 14334] Already archived /home/test/my-awesome-project/CISB/server/condItionalload/db-l19/src/usr/include/x86_64-linux-gnu/bits/wordsize.h
[E 03:50:50 14334] Archiving /home/test/my-awesome-project/CISB/server/condItionalload/db-l19/src/usr/include/stdc-predef.h
[E 03:50:50 14334] Archiving /home/test/my-awesome-project/CISB/server/condItionalload/db-l19/src/usr/include/x86_64-linux-gnu/sys/cdefs.h
[E 03:50:50 14334] Already archived /home/test/my-awesome-project/CISB/server/condItionalload/db-l19/src/usr/include/x86_64-linux-gnu/bits/wordsize.h
[E 03:50:50 14334] Archiving /home/test/my-awesome-project/CISB/server/condItionalload/db-l19/src/usr/include/x86_64-linux-gnu/bits/long-double.h
[E 03:50:50 14334] Archiving /home/test/my-awesome-project/CISB/server/condItionalload/db-l19/src/usr/include/x86_64-linux-gnu/gnu/stubs.h
[E 03:50:50 14334] Archiving /home/test/my-awesome-project/CISB/server/condItionalload/db-l19/src/usr/include/x86_64-linux-gnu/gnu/stubs-64.h
[E 03:50:50 14334] Archiving /home/test/my-awesome-project/CISB/server/condItionalload/db-l19/src/usr/lib/gcc/x86_64-linux-gnu/13/include/stddef.h
[E 03:50:50 14334] Archiving /home/test/my-awesome-project/CISB/server/condItionalload/db-l19/src/usr/lib/gcc/x86_64-linux-gnu/13/include/stdarg.h
[E 03:50:50 14334] Archiving /home/test/my-awesome-project/CISB/server/condItionalload/db-l19/src/usr/include/x86_64-linux-gnu/bits/types.h
[E 03:50:50 14334] Already archived /home/test/my-awesome-project/CISB/server/condItionalload/db-l19/src/usr/include/x86_64-linux-gnu/bits/wordsize.h
[E 03:50:50 14334] Already archived /home/test/my-awesome-project/CISB/server/condItionalload/db-l19/src/usr/include/x86_64-linux-gnu/bits/timesize.h
[E 03:50:50 14334] Already archived /home/test/my-awesome-project/CISB/server/condItionalload/db-l19/src/usr/include/x86_64-linux-gnu/bits/wordsize.h
[E 03:50:50 14334] Archiving /home/test/my-awesome-project/CISB/server/condItionalload/db-l19/src/usr/include/x86_64-linux-gnu/bits/typesizes.h
[E 03:50:50 14334] Archiving /home/test/my-awesome-project/CISB/server/condItionalload/db-l19/src/usr/include/x86_64-linux-gnu/bits/time64.h
[E 03:50:50 14334] Archiving /home/test/my-awesome-project/CISB/server/condItionalload/db-l19/src/usr/include/x86_64-linux-gnu/bits/types/__fpos_t.h
[E 03:50:50 14334] Archiving /home/test/my-awesome-project/CISB/server/condItionalload/db-l19/src/usr/include/x86_64-linux-gnu/bits/types/__mbstate_t.h
[E 03:50:50 14334] Archiving /home/test/my-awesome-project/CISB/server/condItionalload/db-l19/src/usr/include/x86_64-linux-gnu/bits/types/__fpos64_t.h
[E 03:50:50 14334] Archiving /home/test/my-awesome-project/CISB/server/condItionalload/db-l19/src/usr/include/x86_64-linux-gnu/bits/types/__FILE.h
[E 03:50:50 14334] Archiving /home/test/my-awesome-project/CISB/server/condItionalload/db-l19/src/usr/include/x86_64-linux-gnu/bits/types/FILE.h
[E 03:50:50 14334] Archiving /home/test/my-awesome-project/CISB/server/condItionalload/db-l19/src/usr/include/x86_64-linux-gnu/bits/types/struct_FILE.h
[E 03:50:50 14334] Archiving /home/test/my-awesome-project/CISB/server/condItionalload/db-l19/src/usr/include/x86_64-linux-gnu/bits/types/cookie_io_functions_t.h
[E 03:50:50 14334] Archiving /home/test/my-awesome-project/CISB/server/condItionalload/db-l19/src/usr/include/x86_64-linux-gnu/bits/stdio_lim.h
[E 03:50:50 14334] Archiving /home/test/my-awesome-project/CISB/server/condItionalload/db-l19/src/usr/include/x86_64-linux-gnu/bits/floatn.h
[E 03:50:50 14334] Archiving /home/test/my-awesome-project/CISB/server/condItionalload/db-l19/src/usr/include/x86_64-linux-gnu/bits/floatn-common.h
[E 03:50:50 14334] Already archived /home/test/my-awesome-project/CISB/server/condItionalload/db-l19/src/usr/include/x86_64-linux-gnu/bits/long-double.h
[E 03:50:50 14334] Archiving /home/test/my-awesome-project/CISB/server/condItionalload/db-l19/src/usr/include/x86_64-linux-gnu/sys/mman.h
[E 03:50:50 14334] Already archived /home/test/my-awesome-project/CISB/server/condItionalload/db-l19/src/usr/lib/gcc/x86_64-linux-gnu/13/include/stddef.h
[E 03:50:50 14334] Archiving /home/test/my-awesome-project/CISB/server/condItionalload/db-l19/src/usr/include/x86_64-linux-gnu/bits/mman.h
[E 03:50:50 14334] Archiving /home/test/my-awesome-project/CISB/server/condItionalload/db-l19/src/usr/include/x86_64-linux-gnu/bits/mman-map-flags-generic.h
[E 03:50:50 14334] Archiving /home/test/my-awesome-project/CISB/server/condItionalload/db-l19/src/usr/include/x86_64-linux-gnu/bits/mman-linux.h
[E 03:50:50 14334] Archiving /home/test/my-awesome-project/CISB/server/condItionalload/db-l19/src/usr/include/x86_64-linux-gnu/bits/mman-shared.h
[E 03:50:50 14334] Archiving /home/test/my-awesome-project/CISB/server/condItionalload/db-l19/src/usr/include/x86_64-linux-gnu/bits/mman_ext.h
[E 03:50:50 14334] Archiving /home/test/my-awesome-project/CISB/server/condItionalload/db-l19/src/usr/include/error.h
[E 03:50:50 14334] Archiving /home/test/my-awesome-project/CISB/server/condItionalload/db-l19/src/usr/include/x86_64-linux-gnu/bits/error.h
[E 03:50:50 14334] Creating trap tarball /home/test/my-awesome-project/CISB/server/condItionalload/db-l19/trap/cpp/tarballs/home/test/my-awesome-project/CISB/server/condItionalload/test1.c.3f2e569b_0.trap.tar.zst
[E 03:50:50 14334] Emitting trap files for test1.c
[E 03:50:50 14334] Opening existencedb in /home/test/my-awesome-project/CISB/server/condItionalload/db-l19/working/existencedb/db
[E 03:50:50 14334] Wrote 37 files to /home/test/my-awesome-project/CISB/server/condItionalload/db-l19/trap/cpp/tarballs/home/test/my-awesome-project/CISB/server/condItionalload/test1.c.3f2e569b_0.trap.tar.zst
[E 03:50:50 14334] Finished compilation TRAP /home/test/my-awesome-project/CISB/server/condItionalload/db-l19/trap/cpp/compilations/53/63441679_0.trap.zst
[E 03:50:50 14334] Marking C compilation as happened.
[E 03:50:50 14334] Setting tag c-compilation-happened
[E 03:50:50 14334] Starting from CODEQL_TRACER_DB_ID 00000000000037FC_0000000000000001
[E 03:50:50 14334] Locking DB /home/test/my-awesome-project/CISB/server/condItionalload/db-l19/working/tags.db
[E 03:50:50 14334] Locked DB /home/test/my-awesome-project/CISB/server/condItionalload/db-l19/working/tags.db
[E 03:50:50 14334] Set tag for 00000000000037FC_0000000000000001
[E 03:50:50 14334] Set tag for 00000000000037FA_0000000000000001
[E 03:50:50 14334] Set tag for 00000000000037F6_0000000000000003
[E 03:50:50 14334] Set tag for 00000000000037F6_0000000000000002
[E 03:50:50 14334] Set tag for root
[E 03:50:50 14334] Unlocking DB
[E 03:50:50 14334] Unlocked DB
[E 03:50:50 14334] Extractor exited successfully
[T 03:50:50 14332] Extractor /mnt/c/Tools/codeql/cpp/tools/linux64/extractor terminated with exit code 0.
[T 03:50:50 14563] Initializing tracer.
[T 03:50:50 14563] Initializing tags.
[T 03:50:50 14563] ID set to 00000000000038E3_0000000000000001 (parent 00000000000037FA_0000000000000001)
[T 03:50:50 14563] ==== Candidate to intercept: as (canonical: /usr/bin/as) ====
[T 03:50:50 14563] Lua: === Intercepted call to /usr/bin/as ===
[T 03:50:50 14563] Executing the following tracer actions:
[T 03:50:50 14563] Tracer actions:
[T 03:50:50 14563] pre_invocations(0)
[T 03:50:50 14563] post_invocations(1)
[T 03:50:50 14563] invocation: /mnt/c/Tools/codeql/cpp/tools/linux64/extractor, args: [--assembler, --codeql-assembler-executable, /usr/bin/as, --64, -o, test1.o, /tmp/ccXXFNG3.s]
[T 03:50:50 14563] trace_languages(1): [cpp]
[T 03:50:50 14579] Attempting to switch stdout/stderr to 4...
[T 03:50:50 14579] Initializing tracer.
[T 03:50:50 14579] Initializing tags.
[T 03:50:50 14579] ID set to 00000000000038F3_0000000000000001 (parent 00000000000038E3_0000000000000001)
[E 03:50:50 14579] CodeQL C/C++ Extractor 2.25.1
[E 03:50:50 14579] Current directory: /home/test/my-awesome-project/CISB/server/condItionalload
[E 03:50:50 14579] Command: /mnt/c/Tools/codeql/cpp/tools/linux64/extractor --assembler --codeql-assembler-executable /usr/bin/as --64 -o test1.o /tmp/ccXXFNG3.s
[E 03:50:50 14579] Extractor exited after mimicking assembler
[T 03:50:50 14563] Extractor /mnt/c/Tools/codeql/cpp/tools/linux64/extractor terminated with exit code 0.
[T 03:50:50 14644] Attempting to switch stdout/stderr to 4...
[T 03:50:50 14644] Initializing tracer.
[T 03:50:50 14644] Initializing tags.
[T 03:50:50 14644] ID set to 0000000000003934_0000000000000001 (parent 00000000000037FA_0000000000000001)
[E 03:50:50 14644] CodeQL C/C++ Extractor 2.25.1
[E 03:50:50 14644] Current directory: /home/test/my-awesome-project/CISB/server/condItionalload
[E 03:50:50 14644] Command: /mnt/c/Tools/codeql/cpp/tools/linux64/extractor --mimic /usr/bin/x86_64-linux-gnu-gcc-13 -c -o test1.o test1.c
[T 03:50:50 14707] Initializing tracer.
[T 03:50:50 14707] Initializing tags.
[T 03:50:50 14707] ID set to 0000000000003973_0000000000000001 (parent 0000000000003934_0000000000000001)
[T 03:50:50 14707] ==== Candidate to intercept: /usr/bin/x86_64-linux-gnu-gcc-13 (canonical: /usr/bin/x86_64-linux-gnu-gcc-13) ====
[T 03:50:50 14707] Lua: === Intercepted call to /usr/bin/x86_64-linux-gnu-gcc-13 ===
[T 03:50:50 14707] Executing the following tracer actions:
[T 03:50:50 14707] Tracer actions:
[T 03:50:50 14707] pre_invocations(0)
[T 03:50:50 14707] post_invocations(1)
[T 03:50:50 14707] invocation: /mnt/c/Tools/codeql/cpp/tools/linux64/extractor, args: [--mimic, /usr/bin/x86_64-linux-gnu-gcc-13, --version]
[T 03:50:50 14707] trace_languages(1): [cpp]
[T 03:50:50 14722] Attempting to switch stdout/stderr to 7...
[T 03:50:50 14722] Initializing tracer.
[T 03:50:50 14722] Initializing tags.
[T 03:50:50 14722] ID set to 0000000000003982_0000000000000001 (parent 0000000000003973_0000000000000001)
[E 03:50:50 14722] Mimicry classification suppression detected; exiting.
[E 03:50:50 14722] Extractor exited successfully
[T 03:50:50 14707] Extractor /mnt/c/Tools/codeql/cpp/tools/linux64/extractor terminated with exit code 0.
[T 03:50:50 14737] Initializing tracer.
[T 03:50:50 14737] Initializing tags.
[T 03:50:50 14737] ID set to 0000000000003991_0000000000000001 (parent 0000000000003934_0000000000000001)
[T 03:50:50 14737] ==== Candidate to intercept: /usr/bin/x86_64-linux-gnu-gcc-13 (canonical: /usr/bin/x86_64-linux-gnu-gcc-13) ====
[T 03:50:50 14737] Lua: === Intercepted call to /usr/bin/x86_64-linux-gnu-gcc-13 ===
[T 03:50:50 14737] Executing the following tracer actions:
[T 03:50:50 14737] Tracer actions:
[T 03:50:50 14737] pre_invocations(0)
[T 03:50:50 14737] post_invocations(1)
[T 03:50:50 14737] invocation: /mnt/c/Tools/codeql/cpp/tools/linux64/extractor, args: [--mimic, /usr/bin/x86_64-linux-gnu-gcc-13, --help]
[T 03:50:50 14737] trace_languages(1): [cpp]
[T 03:50:50 14740] Attempting to switch stdout/stderr to 7...
[T 03:50:50 14740] Initializing tracer.
[T 03:50:50 14740] Initializing tags.
[T 03:50:50 14740] ID set to 0000000000003994_0000000000000001 (parent 0000000000003991_0000000000000001)
[E 03:50:50 14740] Mimicry classification suppression detected; exiting.
[E 03:50:50 14740] Extractor exited successfully
[T 03:50:50 14737] Extractor /mnt/c/Tools/codeql/cpp/tools/linux64/extractor terminated with exit code 0.
[T 03:50:50 14755] Initializing tracer.
[T 03:50:50 14755] Initializing tags.
[T 03:50:50 14755] ID set to 00000000000039A3_0000000000000001 (parent 0000000000003934_0000000000000001)
[T 03:50:50 14755] ==== Candidate to intercept: /usr/bin/x86_64-linux-gnu-gcc-13 (canonical: /usr/bin/x86_64-linux-gnu-gcc-13) ====
[T 03:50:50 14755] Lua: === Intercepted call to /usr/bin/x86_64-linux-gnu-gcc-13 ===
[T 03:50:50 14755] Executing the following tracer actions:
[T 03:50:50 14755] Tracer actions:
[T 03:50:50 14755] pre_invocations(0)
[T 03:50:50 14755] post_invocations(1)
[T 03:50:50 14755] invocation: /mnt/c/Tools/codeql/cpp/tools/linux64/extractor, args: [--mimic, /usr/bin/x86_64-linux-gnu-gcc-13, -nostdinc, -o, /home/test/my-awesome-project/CISB/server/condItionalload/db-l19/working/tmp//semmle_2_14644_494549.o, -c, /home/test/my-awesome-project/CISB/server/condItionalload/db-l19/working/tmp//semmle_1_14644_494424.c]
[T 03:50:50 14755] trace_languages(1): [cpp]
[T 03:50:50 14770] Initializing tracer.
[T 03:50:50 14770] Initializing tags.
[T 03:50:50 14770] ID set to 00000000000039B2_0000000000000001 (parent 00000000000039A3_0000000000000001)
[T 03:50:50 14770] ==== Candidate to intercept: /usr/libexec/gcc/x86_64-linux-gnu/13/cc1 (canonical: /usr/libexec/gcc/x86_64-linux-gnu/13/cc1) ====
[T 03:50:50 14770] Lua: === Intercepted call to /usr/libexec/gcc/x86_64-linux-gnu/13/cc1 ===
[T 03:50:50 14770] Executing the following tracer actions:
[T 03:50:50 14770] Tracer actions:
[T 03:50:50 14770] pre_invocations(0)
[T 03:50:50 14770] post_invocations(1)
[T 03:50:50 14770] invocation: /mnt/c/Tools/codeql/cpp/tools/linux64/extractor, args: [--mimic, /usr/libexec/gcc/x86_64-linux-gnu/13/cc1, -quiet, -nostdinc, -imultiarch, x86_64-linux-gnu, /home/test/my-awesome-project/CISB/server/condItionalload/db-l19/working/tmp//semmle_1_14644_494424.c, -quiet, -dumpdir, /home/test/my-awesome-project/CISB/server/condItionalload/db-l19/working/tmp//, -dumpbase, semmle_2_14644_494549.c, -dumpbase-ext, .c, -mtune=generic, -march=x86-64, -fasynchronous-unwind-tables, -fstack-protector-strong, -Wformat, -Wformat-security, -fstack-clash-protection, -fcf-protection, -o, /tmp/ccRxR0Js.s]
[T 03:50:50 14770] trace_languages(1): [cpp]
[T 03:50:50 14786] Attempting to switch stdout/stderr to 7...
[T 03:50:50 14786] Initializing tracer.
[T 03:50:50 14786] Initializing tags.
[T 03:50:50 14786] ID set to 00000000000039C2_0000000000000001 (parent 00000000000039B2_0000000000000001)
[E 03:50:50 14786] Mimicry classification suppression detected; exiting.
[E 03:50:50 14786] Extractor exited successfully
[T 03:50:50 14770] Extractor /mnt/c/Tools/codeql/cpp/tools/linux64/extractor terminated with exit code 0.
[T 03:50:50 14801] Initializing tracer.
[T 03:50:50 14801] Initializing tags.
[T 03:50:50 14801] ID set to 00000000000039D1_0000000000000001 (parent 00000000000039A3_0000000000000001)
[T 03:50:50 14801] ==== Candidate to intercept: as (canonical: /usr/bin/as) ====
[T 03:50:50 14801] Lua: === Intercepted call to /usr/bin/as ===
[T 03:50:50 14801] Executing the following tracer actions:
[T 03:50:50 14801] Tracer actions:
[T 03:50:50 14801] pre_invocations(0)
[T 03:50:50 14801] post_invocations(1)
[T 03:50:50 14801] invocation: /mnt/c/Tools/codeql/cpp/tools/linux64/extractor, args: [--assembler, --codeql-assembler-executable, /usr/bin/as, --64, -o, /home/test/my-awesome-project/CISB/server/condItionalload/db-l19/working/tmp//semmle_2_14644_494549.o, /tmp/ccRxR0Js.s]
[T 03:50:50 14801] trace_languages(1): [cpp]
[T 03:50:50 14803] Attempting to switch stdout/stderr to 7...
[T 03:50:50 14803] Initializing tracer.
[T 03:50:50 14803] Initializing tags.
[T 03:50:50 14803] ID set to 00000000000039D3_0000000000000001 (parent 00000000000039D1_0000000000000001)
[E 03:50:50 14803] Mimicry classification suppression detected; exiting.
[E 03:50:50 14803] Extractor exited successfully
[T 03:50:50 14801] Extractor /mnt/c/Tools/codeql/cpp/tools/linux64/extractor terminated with exit code 0.
[T 03:50:50 14804] Attempting to switch stdout/stderr to 7...
[T 03:50:50 14804] Initializing tracer.
[T 03:50:50 14804] Initializing tags.
[T 03:50:50 14804] ID set to 00000000000039D4_0000000000000001 (parent 00000000000039A3_0000000000000001)
[E 03:50:50 14804] Mimicry classification suppression detected; exiting.
[E 03:50:50 14804] Extractor exited successfully
[T 03:50:50 14755] Extractor /mnt/c/Tools/codeql/cpp/tools/linux64/extractor terminated with exit code 0.
[T 03:50:50 14805] Initializing tracer.
[T 03:50:50 14805] Initializing tags.
[T 03:50:50 14805] ID set to 00000000000039D5_0000000000000001 (parent 0000000000003934_0000000000000001)
[T 03:50:50 14805] ==== Candidate to intercept: /usr/bin/x86_64-linux-gnu-gcc-13 (canonical: /usr/bin/x86_64-linux-gnu-gcc-13) ====
[T 03:50:50 14805] Lua: === Intercepted call to /usr/bin/x86_64-linux-gnu-gcc-13 ===
[T 03:50:50 14805] Executing the following tracer actions:
[T 03:50:50 14805] Tracer actions:
[T 03:50:50 14805] pre_invocations(0)
[T 03:50:50 14805] post_invocations(1)
[T 03:50:50 14805] invocation: /mnt/c/Tools/codeql/cpp/tools/linux64/extractor, args: [--mimic, /usr/bin/x86_64-linux-gnu-gcc-13, -nostdinc, -o, /home/test/my-awesome-project/CISB/server/condItionalload/db-l19/working/tmp//semmle_4_14644_571667.o, -c, /home/test/my-awesome-project/CISB/server/condItionalload/db-l19/working/tmp//semmle_3_14644_571596.c]
[T 03:50:50 14805] trace_languages(1): [cpp]
[T 03:50:50 14807] Initializing tracer.
[T 03:50:50 14807] Initializing tags.
[T 03:50:50 14807] ID set to 00000000000039D7_0000000000000001 (parent 00000000000039D5_0000000000000001)
[T 03:50:50 14807] ==== Candidate to intercept: /usr/libexec/gcc/x86_64-linux-gnu/13/cc1 (canonical: /usr/libexec/gcc/x86_64-linux-gnu/13/cc1) ====
[T 03:50:50 14807] Lua: === Intercepted call to /usr/libexec/gcc/x86_64-linux-gnu/13/cc1 ===
[T 03:50:50 14807] Executing the following tracer actions:
[T 03:50:50 14807] Tracer actions:
[T 03:50:50 14807] pre_invocations(0)
[T 03:50:50 14807] post_invocations(1)
[T 03:50:50 14807] invocation: /mnt/c/Tools/codeql/cpp/tools/linux64/extractor, args: [--mimic, /usr/libexec/gcc/x86_64-linux-gnu/13/cc1, -quiet, -nostdinc, -imultiarch, x86_64-linux-gnu, /home/test/my-awesome-project/CISB/server/condItionalload/db-l19/working/tmp//semmle_3_14644_571596.c, -quiet, -dumpdir, /home/test/my-awesome-project/CISB/server/condItionalload/db-l19/working/tmp//, -dumpbase, semmle_4_14644_571667.c, -dumpbase-ext, .c, -mtune=generic, -march=x86-64, -fasynchronous-unwind-tables, -fstack-protector-strong, -Wformat, -Wformat-security, -fstack-clash-protection, -fcf-protection, -o, /tmp/ccSnWxFy.s]
[T 03:50:50 14807] trace_languages(1): [cpp]
[T 03:50:50 14823] Attempting to switch stdout/stderr to 7...
[T 03:50:50 14823] Initializing tracer.
[T 03:50:50 14823] Initializing tags.
[T 03:50:50 14823] ID set to 00000000000039E7_0000000000000001 (parent 00000000000039D7_0000000000000001)
[E 03:50:50 14823] Mimicry classification suppression detected; exiting.
[E 03:50:50 14823] Extractor exited successfully
[T 03:50:50 14807] Extractor /mnt/c/Tools/codeql/cpp/tools/linux64/extractor terminated with exit code 0.
[T 03:50:50 14838] Attempting to switch stdout/stderr to 7...
[T 03:50:50 14838] Initializing tracer.
[T 03:50:50 14838] Initializing tags.
[T 03:50:50 14838] ID set to 00000000000039F6_0000000000000001 (parent 00000000000039D5_0000000000000001)
[E 03:50:50 14838] Mimicry classification suppression detected; exiting.
[E 03:50:50 14838] Extractor exited successfully
[T 03:50:50 14805] Extractor /mnt/c/Tools/codeql/cpp/tools/linux64/extractor terminated with exit code 0.
[E 03:50:50 14644] Checking whether C compilation already happened.
[E 03:50:50 14644] Checking for tag c-compilation-happened
[E 03:50:50 14644] Checking CODEQL_TRACER_DB_ID 00000000000037FA_0000000000000001
[E 03:50:50 14644] Locking DB /home/test/my-awesome-project/CISB/server/condItionalload/db-l19/working/tags.db
[E 03:50:50 14644] Locked DB /home/test/my-awesome-project/CISB/server/condItionalload/db-l19/working/tags.db
[E 03:50:50 14644] Unlocking DB
[E 03:50:50 14644] Unlocked DB
[E 03:50:50 14644] Exiting as C compilation already happened.
[T 03:50:50 14330] Extractor /mnt/c/Tools/codeql/cpp/tools/linux64/extractor terminated with exit code 0.
