[T 01:54:57 358400] CodeQL CLI version 2.25.1
[T 01:54:57 358400] Initializing tracer.
[T 01:54:57 358400] Initializing tags.
[T 01:54:57 358400] ID set to 0000000000057800_0000000000000001 (parent root)
[T 01:54:57 358400] Initializing tracer.
[T 01:54:57 358400] Initializing tags.
[T 01:54:57 358400] ID set to 0000000000057800_0000000000000002 (parent root)
[T 01:54:57 358400] Warning: SEMMLE_EXEC and SEMMLE_EXECP not set. Falling back to path lookup on argv[0].
[T 01:54:57 358400] ==== Candidate to intercept: /mnt/c/Tools/codeql/tools/linux64/runner-linux (canonical: /mnt/c/Tools/codeql/tools/linux64/runner-linux) ====
[T 01:54:57 358400] Executing the following tracer actions:
[T 01:54:57 358400] Tracer actions:
[T 01:54:57 358400] pre_invocations(0)
[T 01:54:57 358400] post_invocations(0)
[T 01:54:57 358400] trace_languages(1): [cpp]
[T 01:54:57 358400] Initializing tracer.
[T 01:54:57 358400] Initializing tags.
[T 01:54:57 358400] ID set to 0000000000057800_0000000000000003 (parent 0000000000057800_0000000000000002)
[T 01:54:57 358400] ==== Candidate to intercept: make (canonical: /usr/bin/make) ====
[T 01:54:57 358400] Executing the following tracer actions:
[T 01:54:57 358400] Tracer actions:
[T 01:54:57 358400] pre_invocations(0)
[T 01:54:57 358400] post_invocations(0)
[T 01:54:57 358400] trace_languages(1): [cpp]
[T 01:54:57 358404] Initializing tracer.
[T 01:54:57 358404] Initializing tags.
[T 01:54:57 358404] ID set to 0000000000057804_0000000000000001 (parent 0000000000057800_0000000000000003)
[T 01:54:57 358404] ==== Candidate to intercept: /usr/bin/gcc (canonical: /usr/bin/x86_64-linux-gnu-gcc-13) ====
[T 01:54:57 358404] Lua: === Intercepted call to /usr/bin/x86_64-linux-gnu-gcc-13 ===
[T 01:54:57 358404] Executing the following tracer actions:
[T 01:54:57 358404] Tracer actions:
[T 01:54:57 358404] pre_invocations(0)
[T 01:54:57 358404] post_invocations(1)
[T 01:54:57 358404] invocation: /mnt/c/Tools/codeql/cpp/tools/linux64/extractor, args: [--mimic, /usr/bin/x86_64-linux-gnu-gcc-13, -c, -o, test1.o, test1.c]
[T 01:54:57 358404] trace_languages(1): [cpp]
[T 01:54:57 358406] Initializing tracer.
[T 01:54:57 358406] Initializing tags.
[T 01:54:57 358406] ID set to 0000000000057806_0000000000000001 (parent 0000000000057804_0000000000000001)
[T 01:54:57 358406] ==== Candidate to intercept: /usr/libexec/gcc/x86_64-linux-gnu/13/cc1 (canonical: /usr/libexec/gcc/x86_64-linux-gnu/13/cc1) ====
[T 01:54:57 358406] Lua: === Intercepted call to /usr/libexec/gcc/x86_64-linux-gnu/13/cc1 ===
[T 01:54:57 358406] Executing the following tracer actions:
[T 01:54:57 358406] Tracer actions:
[T 01:54:57 358406] pre_invocations(0)
[T 01:54:57 358406] post_invocations(1)
[T 01:54:57 358406] invocation: /mnt/c/Tools/codeql/cpp/tools/linux64/extractor, args: [--mimic, /usr/libexec/gcc/x86_64-linux-gnu/13/cc1, -quiet, -imultiarch, x86_64-linux-gnu, test1.c, -quiet, -dumpbase, test1.c, -dumpbase-ext, .c, -mtune=generic, -march=x86-64, -fasynchronous-unwind-tables, -fstack-protector-strong, -Wformat, -Wformat-security, -fstack-clash-protection, -fcf-protection, -o, /tmp/ccrnR34B.s]
[T 01:54:57 358406] trace_languages(1): [cpp]
[T 01:54:58 358408] Attempting to switch stdout/stderr to 4...
[T 01:54:58 358408] Initializing tracer.
[T 01:54:58 358408] Initializing tags.
[T 01:54:58 358408] ID set to 0000000000057808_0000000000000001 (parent 0000000000057806_0000000000000001)
[E 01:54:58 358408] CodeQL C/C++ Extractor 2.25.1
[E 01:54:58 358408] Current directory: /home/test/my-awesome-project/CISB/server/UBelimi-shift
[E 01:54:58 358408] Command: /mnt/c/Tools/codeql/cpp/tools/linux64/extractor --mimic /usr/libexec/gcc/x86_64-linux-gnu/13/cc1 -quiet -imultiarch x86_64-linux-gnu test1.c -quiet -dumpbase test1.c -dumpbase-ext .c -mtune=generic -march=x86-64 -fasynchronous-unwind-tables -fstack-protector-strong -Wformat -Wformat-security -fstack-clash-protection -fcf-protection -o /tmp/ccrnR34B.s
[T 01:54:58 358494] Initializing tracer.
[T 01:54:58 358494] Initializing tags.
[T 01:54:58 358494] ID set to 000000000005785E_0000000000000001 (parent 0000000000057808_0000000000000001)
[T 01:54:58 358494] ==== Candidate to intercept: /usr/libexec/gcc/x86_64-linux-gnu/13/cc1 (canonical: /usr/libexec/gcc/x86_64-linux-gnu/13/cc1) ====
[T 01:54:58 358494] Lua: === Intercepted call to /usr/libexec/gcc/x86_64-linux-gnu/13/cc1 ===
[T 01:54:58 358494] Executing the following tracer actions:
[T 01:54:58 358494] Tracer actions:
[T 01:54:58 358494] pre_invocations(0)
[T 01:54:58 358494] post_invocations(1)
[T 01:54:58 358494] invocation: /mnt/c/Tools/codeql/cpp/tools/linux64/extractor, args: [--mimic, /usr/libexec/gcc/x86_64-linux-gnu/13/cc1, --version]
[T 01:54:58 358494] trace_languages(1): [cpp]
[T 01:54:58 358511] Attempting to switch stdout/stderr to 7...
[T 01:54:58 358511] Initializing tracer.
[T 01:54:58 358511] Initializing tags.
[T 01:54:58 358511] ID set to 000000000005786F_0000000000000001 (parent 000000000005785E_0000000000000001)
[E 01:54:58 358511] Mimicry classification suppression detected; exiting.
[E 01:54:58 358511] Extractor exited successfully
[T 01:54:58 358494] Extractor /mnt/c/Tools/codeql/cpp/tools/linux64/extractor terminated with exit code 0.
[T 01:54:58 358526] Initializing tracer.
[T 01:54:58 358526] Initializing tags.
[T 01:54:58 358526] ID set to 000000000005787E_0000000000000001 (parent 0000000000057808_0000000000000001)
[T 01:54:58 358526] ==== Candidate to intercept: /usr/libexec/gcc/x86_64-linux-gnu/13/cc1 (canonical: /usr/libexec/gcc/x86_64-linux-gnu/13/cc1) ====
[T 01:54:58 358526] Lua: === Intercepted call to /usr/libexec/gcc/x86_64-linux-gnu/13/cc1 ===
[T 01:54:58 358526] Executing the following tracer actions:
[T 01:54:58 358526] Tracer actions:
[T 01:54:58 358526] pre_invocations(0)
[T 01:54:58 358526] post_invocations(1)
[T 01:54:58 358526] invocation: /mnt/c/Tools/codeql/cpp/tools/linux64/extractor, args: [--mimic, /usr/libexec/gcc/x86_64-linux-gnu/13/cc1, --help]
[T 01:54:58 358526] trace_languages(1): [cpp]
[T 01:54:58 358528] Attempting to switch stdout/stderr to 7...
[T 01:54:58 358528] Initializing tracer.
[T 01:54:58 358528] Initializing tags.
[T 01:54:58 358528] ID set to 0000000000057880_0000000000000001 (parent 000000000005787E_0000000000000001)
[E 01:54:58 358528] Mimicry classification suppression detected; exiting.
[E 01:54:58 358528] Extractor exited successfully
[T 01:54:58 358526] Extractor /mnt/c/Tools/codeql/cpp/tools/linux64/extractor terminated with exit code 0.
[T 01:54:58 358529] Initializing tracer.
[T 01:54:58 358529] Initializing tags.
[T 01:54:58 358529] ID set to 0000000000057881_0000000000000001 (parent 0000000000057808_0000000000000001)
[T 01:54:58 358529] ==== Candidate to intercept: /usr/libexec/gcc/x86_64-linux-gnu/13/cc1 (canonical: /usr/libexec/gcc/x86_64-linux-gnu/13/cc1) ====
[T 01:54:58 358529] Lua: === Intercepted call to /usr/libexec/gcc/x86_64-linux-gnu/13/cc1 ===
[T 01:54:58 358529] Executing the following tracer actions:
[T 01:54:58 358529] Tracer actions:
[T 01:54:58 358529] pre_invocations(0)
[T 01:54:58 358529] post_invocations(1)
[T 01:54:58 358529] invocation: /mnt/c/Tools/codeql/cpp/tools/linux64/extractor, args: [--mimic, /usr/libexec/gcc/x86_64-linux-gnu/13/cc1, -version, --help]
[T 01:54:58 358529] trace_languages(1): [cpp]
[T 01:54:58 358531] Attempting to switch stdout/stderr to 7...
[T 01:54:58 358531] Initializing tracer.
[T 01:54:58 358531] Initializing tags.
[T 01:54:58 358531] ID set to 0000000000057883_0000000000000001 (parent 0000000000057881_0000000000000001)
[E 01:54:58 358531] Mimicry classification suppression detected; exiting.
[E 01:54:58 358531] Extractor exited successfully
[T 01:54:58 358529] Extractor /mnt/c/Tools/codeql/cpp/tools/linux64/extractor terminated with exit code 0.
[T 01:54:58 358532] Initializing tracer.
[T 01:54:58 358532] Initializing tags.
[T 01:54:58 358532] ID set to 0000000000057884_0000000000000001 (parent 0000000000057808_0000000000000001)
[T 01:54:58 358532] ==== Candidate to intercept: /usr/libexec/gcc/x86_64-linux-gnu/13/cc1 (canonical: /usr/libexec/gcc/x86_64-linux-gnu/13/cc1) ====
[T 01:54:58 358532] Lua: === Intercepted call to /usr/libexec/gcc/x86_64-linux-gnu/13/cc1 ===
[T 01:54:58 358532] Executing the following tracer actions:
[T 01:54:58 358532] Tracer actions:
[T 01:54:58 358532] pre_invocations(0)
[T 01:54:58 358532] post_invocations(1)
[T 01:54:58 358532] invocation: /mnt/c/Tools/codeql/cpp/tools/linux64/extractor, args: [--mimic, /usr/libexec/gcc/x86_64-linux-gnu/13/cc1, -nostdinc, -o, /home/test/my-awesome-project/CISB/server/UBelimi-shift/db-l8/working/tmp//semmle_2_358408_292341.o, /home/test/my-awesome-project/CISB/server/UBelimi-shift/db-l8/working/tmp//semmle_1_358408_292203.c]
[T 01:54:58 358532] trace_languages(1): [cpp]
[T 01:54:58 358534] Attempting to switch stdout/stderr to 7...
[T 01:54:58 358534] Initializing tracer.
[T 01:54:58 358534] Initializing tags.
[T 01:54:58 358534] ID set to 0000000000057886_0000000000000001 (parent 0000000000057884_0000000000000001)
[E 01:54:58 358534] Mimicry classification suppression detected; exiting.
[E 01:54:58 358534] Extractor exited successfully
[T 01:54:58 358532] Extractor /mnt/c/Tools/codeql/cpp/tools/linux64/extractor terminated with exit code 0.
[T 01:54:58 358535] Initializing tracer.
[T 01:54:58 358535] Initializing tags.
[T 01:54:58 358535] ID set to 0000000000057887_0000000000000001 (parent 0000000000057808_0000000000000001)
[T 01:54:58 358535] ==== Candidate to intercept: /usr/libexec/gcc/x86_64-linux-gnu/13/cc1 (canonical: /usr/libexec/gcc/x86_64-linux-gnu/13/cc1) ====
[T 01:54:58 358535] Lua: === Intercepted call to /usr/libexec/gcc/x86_64-linux-gnu/13/cc1 ===
[T 01:54:58 358535] Executing the following tracer actions:
[T 01:54:58 358535] Tracer actions:
[T 01:54:58 358535] pre_invocations(0)
[T 01:54:58 358535] post_invocations(1)
[T 01:54:58 358535] invocation: /mnt/c/Tools/codeql/cpp/tools/linux64/extractor, args: [--mimic, /usr/libexec/gcc/x86_64-linux-gnu/13/cc1, -nostdinc, -o, /home/test/my-awesome-project/CISB/server/UBelimi-shift/db-l8/working/tmp//semmle_4_358408_336080.o, /home/test/my-awesome-project/CISB/server/UBelimi-shift/db-l8/working/tmp//semmle_3_358408_335910.c]
[T 01:54:58 358535] trace_languages(1): [cpp]
[T 01:54:58 358537] Attempting to switch stdout/stderr to 7...
[T 01:54:58 358537] Initializing tracer.
[T 01:54:58 358537] Initializing tags.
[T 01:54:58 358537] ID set to 0000000000057889_0000000000000001 (parent 0000000000057887_0000000000000001)
[E 01:54:58 358537] Mimicry classification suppression detected; exiting.
[E 01:54:58 358537] Extractor exited successfully
[T 01:54:58 358535] Extractor /mnt/c/Tools/codeql/cpp/tools/linux64/extractor terminated with exit code 0.
[E 01:54:58 358408] Checking whether C compilation already happened.
[E 01:54:58 358408] Checking for tag c-compilation-happened
[E 01:54:58 358408] Checking CODEQL_TRACER_DB_ID 0000000000057806_0000000000000001
[E 01:54:58 358408] Locking DB /home/test/my-awesome-project/CISB/server/UBelimi-shift/db-l8/working/tags.db
[E 01:54:58 358408] Locked DB /home/test/my-awesome-project/CISB/server/UBelimi-shift/db-l8/working/tags.db
[E 01:54:58 358408] Unlocking DB
[E 01:54:58 358408] Unlocked DB
[E 01:54:58 358408] Looks like C compilation didn't already happen.
[E 01:54:58 358408] Checking whether C compilation has been attempted.
[E 01:54:58 358408] Checking for tag c-compilation-attempted
[E 01:54:58 358408] Checking CODEQL_TRACER_DB_ID 0000000000057806_0000000000000001
[E 01:54:58 358408] Locking DB /home/test/my-awesome-project/CISB/server/UBelimi-shift/db-l8/working/tags.db
[E 01:54:58 358408] Locked DB /home/test/my-awesome-project/CISB/server/UBelimi-shift/db-l8/working/tags.db
[E 01:54:58 358408] Unlocking DB
[E 01:54:58 358408] Unlocked DB
[E 01:54:58 358408] Marking C compilation as attempted.
[E 01:54:58 358408] Setting tag c-compilation-attempted
[E 01:54:58 358408] Starting from CODEQL_TRACER_DB_ID 0000000000057806_0000000000000001
[E 01:54:58 358408] Locking DB /home/test/my-awesome-project/CISB/server/UBelimi-shift/db-l8/working/tags.db
[E 01:54:58 358408] Locked DB /home/test/my-awesome-project/CISB/server/UBelimi-shift/db-l8/working/tags.db
[E 01:54:58 358408] Set tag for 0000000000057806_0000000000000001
[E 01:54:58 358408] Set tag for 0000000000057804_0000000000000001
[E 01:54:58 358408] Set tag for 0000000000057800_0000000000000003
[E 01:54:58 358408] Set tag for 0000000000057800_0000000000000002
[E 01:54:58 358408] Set tag for root
[E 01:54:58 358408] Unlocking DB
[E 01:54:58 358408] Unlocked DB
[T 01:54:58 358538] Initializing tracer.
[T 01:54:58 358538] Initializing tags.
[T 01:54:58 358538] ID set to 000000000005788A_0000000000000001 (parent 0000000000057808_0000000000000001)
[T 01:54:58 358538] ==== Candidate to intercept: /usr/libexec/gcc/x86_64-linux-gnu/13/cc1 (canonical: /usr/libexec/gcc/x86_64-linux-gnu/13/cc1) ====
[T 01:54:58 358538] Lua: === Intercepted call to /usr/libexec/gcc/x86_64-linux-gnu/13/cc1 ===
[T 01:54:58 358538] Executing the following tracer actions:
[T 01:54:58 358538] Tracer actions:
[T 01:54:58 358538] pre_invocations(0)
[T 01:54:58 358538] post_invocations(1)
[T 01:54:58 358538] invocation: /mnt/c/Tools/codeql/cpp/tools/linux64/extractor, args: [--mimic, /usr/libexec/gcc/x86_64-linux-gnu/13/cc1, @/home/test/my-awesome-project/CISB/server/UBelimi-shift/db-l8/working/tmp//semmle_6_358408_381971, -v, -fsyntax-only, /home/test/my-awesome-project/CISB/server/UBelimi-shift/db-l8/working/tmp//semmle_7_358408_382108]
[T 01:54:58 358538] trace_languages(1): [cpp]
[T 01:54:58 358540] Attempting to switch stdout/stderr to 7...
[T 01:54:58 358540] Initializing tracer.
[T 01:54:58 358540] Initializing tags.
[T 01:54:58 358540] ID set to 000000000005788C_0000000000000001 (parent 000000000005788A_0000000000000001)
[E 01:54:58 358540] Mimicry classification suppression detected; exiting.
[E 01:54:58 358540] Extractor exited successfully
[T 01:54:58 358538] Extractor /mnt/c/Tools/codeql/cpp/tools/linux64/extractor terminated with exit code 0.
[T 01:54:58 358541] Initializing tracer.
[T 01:54:58 358541] Initializing tags.
[T 01:54:58 358541] ID set to 000000000005788D_0000000000000001 (parent 0000000000057808_0000000000000001)
[T 01:54:58 358541] ==== Candidate to intercept: /usr/libexec/gcc/x86_64-linux-gnu/13/cc1 (canonical: /usr/libexec/gcc/x86_64-linux-gnu/13/cc1) ====
[T 01:54:58 358541] Lua: === Intercepted call to /usr/libexec/gcc/x86_64-linux-gnu/13/cc1 ===
[T 01:54:58 358541] Executing the following tracer actions:
[T 01:54:58 358541] Tracer actions:
[T 01:54:58 358541] pre_invocations(0)
[T 01:54:58 358541] post_invocations(1)
[T 01:54:58 358541] invocation: /mnt/c/Tools/codeql/cpp/tools/linux64/extractor, args: [--mimic, /usr/libexec/gcc/x86_64-linux-gnu/13/cc1, @/home/test/my-awesome-project/CISB/server/UBelimi-shift/db-l8/working/tmp//semmle_6_358408_381971, -E, -dM, /home/test/my-awesome-project/CISB/server/UBelimi-shift/db-l8/working/tmp//semmle_8_358408_414532]
[T 01:54:58 358541] trace_languages(1): [cpp]
[T 01:54:58 358546] Attempting to switch stdout/stderr to 7...
[T 01:54:58 358546] Initializing tracer.
[T 01:54:58 358546] Initializing tags.
[T 01:54:58 358546] ID set to 0000000000057892_0000000000000001 (parent 000000000005788D_0000000000000001)
[E 01:54:58 358546] Mimicry classification suppression detected; exiting.
[E 01:54:58 358546] Extractor exited successfully
[T 01:54:58 358541] Extractor /mnt/c/Tools/codeql/cpp/tools/linux64/extractor terminated with exit code 0.
[T 01:54:58 358547] Initializing tracer.
[T 01:54:58 358547] Initializing tags.
[T 01:54:58 358547] ID set to 0000000000057893_0000000000000001 (parent 0000000000057808_0000000000000001)
[T 01:54:58 358547] ==== Candidate to intercept: /usr/libexec/gcc/x86_64-linux-gnu/13/cc1 (canonical: /usr/libexec/gcc/x86_64-linux-gnu/13/cc1) ====
[T 01:54:58 358547] Lua: === Intercepted call to /usr/libexec/gcc/x86_64-linux-gnu/13/cc1 ===
[T 01:54:58 358547] Executing the following tracer actions:
[T 01:54:58 358547] Tracer actions:
[T 01:54:58 358547] pre_invocations(0)
[T 01:54:58 358547] post_invocations(1)
[T 01:54:58 358547] invocation: /mnt/c/Tools/codeql/cpp/tools/linux64/extractor, args: [--mimic, /usr/libexec/gcc/x86_64-linux-gnu/13/cc1, @/home/test/my-awesome-project/CISB/server/UBelimi-shift/db-l8/working/tmp//semmle_9_358408_442733, -o, /home/test/my-awesome-project/CISB/server/UBelimi-shift/db-l8/working/tmp//semmle_11_358408_442871.o, /home/test/my-awesome-project/CISB/server/UBelimi-shift/db-l8/working/tmp//semmle_10_358408_442847.c]
[T 01:54:58 358547] trace_languages(1): [cpp]
[T 01:54:58 358549] Attempting to switch stdout/stderr to 7...
[T 01:54:58 358549] Initializing tracer.
[T 01:54:58 358549] Initializing tags.
[T 01:54:58 358549] ID set to 0000000000057895_0000000000000001 (parent 0000000000057893_0000000000000001)
[E 01:54:58 358549] Mimicry classification suppression detected; exiting.
[E 01:54:58 358549] Extractor exited successfully
[T 01:54:58 358547] Extractor /mnt/c/Tools/codeql/cpp/tools/linux64/extractor terminated with exit code 0.
[T 01:54:58 358553] Initializing tracer.
[T 01:54:58 358553] Initializing tags.
[T 01:54:58 358553] ID set to 0000000000057899_0000000000000001 (parent 0000000000057808_0000000000000001)
[T 01:54:58 358553] ==== Candidate to intercept: /usr/libexec/gcc/x86_64-linux-gnu/13/cc1 (canonical: /usr/libexec/gcc/x86_64-linux-gnu/13/cc1) ====
[T 01:54:58 358553] Lua: === Intercepted call to /usr/libexec/gcc/x86_64-linux-gnu/13/cc1 ===
[T 01:54:58 358553] Executing the following tracer actions:
[T 01:54:58 358553] Tracer actions:
[T 01:54:58 358553] pre_invocations(0)
[T 01:54:58 358553] post_invocations(1)
[T 01:54:58 358553] invocation: /mnt/c/Tools/codeql/cpp/tools/linux64/extractor, args: [--mimic, /usr/libexec/gcc/x86_64-linux-gnu/13/cc1, @/home/test/my-awesome-project/CISB/server/UBelimi-shift/db-l8/working/tmp//semmle_9_358408_442733, -o, /home/test/my-awesome-project/CISB/server/UBelimi-shift/db-l8/working/tmp//semmle_13_358408_471499.o, /home/test/my-awesome-project/CISB/server/UBelimi-shift/db-l8/working/tmp//semmle_12_358408_471454.c]
[T 01:54:58 358553] trace_languages(1): [cpp]
[T 01:54:58 358555] Attempting to switch stdout/stderr to 7...
[T 01:54:58 358555] Initializing tracer.
[T 01:54:58 358555] Initializing tags.
[T 01:54:58 358555] ID set to 000000000005789B_0000000000000001 (parent 0000000000057899_0000000000000001)
[E 01:54:58 358555] Mimicry classification suppression detected; exiting.
[E 01:54:58 358555] Extractor exited successfully
[T 01:54:58 358553] Extractor /mnt/c/Tools/codeql/cpp/tools/linux64/extractor terminated with exit code 0.
[T 01:54:58 358556] Initializing tracer.
[T 01:54:58 358556] Initializing tags.
[T 01:54:58 358556] ID set to 000000000005789C_0000000000000001 (parent 0000000000057808_0000000000000001)
[T 01:54:58 358556] ==== Candidate to intercept: /usr/libexec/gcc/x86_64-linux-gnu/13/cc1 (canonical: /usr/libexec/gcc/x86_64-linux-gnu/13/cc1) ====
[T 01:54:58 358556] Lua: === Intercepted call to /usr/libexec/gcc/x86_64-linux-gnu/13/cc1 ===
[T 01:54:58 358556] Executing the following tracer actions:
[T 01:54:58 358556] Tracer actions:
[T 01:54:58 358556] pre_invocations(0)
[T 01:54:58 358556] post_invocations(1)
[T 01:54:58 358556] invocation: /mnt/c/Tools/codeql/cpp/tools/linux64/extractor, args: [--mimic, /usr/libexec/gcc/x86_64-linux-gnu/13/cc1, @/home/test/my-awesome-project/CISB/server/UBelimi-shift/db-l8/working/tmp//semmle_9_358408_442733, -o, /home/test/my-awesome-project/CISB/server/UBelimi-shift/db-l8/working/tmp//semmle_15_358408_504169.o, /home/test/my-awesome-project/CISB/server/UBelimi-shift/db-l8/working/tmp//semmle_14_358408_504097.c]
[T 01:54:58 358556] trace_languages(1): [cpp]
[T 01:54:58 358558] Attempting to switch stdout/stderr to 7...
[T 01:54:58 358558] Initializing tracer.
[T 01:54:58 358558] Initializing tags.
[T 01:54:58 358558] ID set to 000000000005789E_0000000000000001 (parent 000000000005789C_0000000000000001)
[E 01:54:58 358558] Mimicry classification suppression detected; exiting.
[E 01:54:58 358558] Extractor exited successfully
[T 01:54:58 358556] Extractor /mnt/c/Tools/codeql/cpp/tools/linux64/extractor terminated with exit code 0.
[T 01:54:58 358559] Initializing tracer.
[T 01:54:58 358559] Initializing tags.
[T 01:54:58 358559] ID set to 000000000005789F_0000000000000001 (parent 0000000000057808_0000000000000001)
[T 01:54:58 358559] ==== Candidate to intercept: /usr/libexec/gcc/x86_64-linux-gnu/13/cc1 (canonical: /usr/libexec/gcc/x86_64-linux-gnu/13/cc1) ====
[T 01:54:58 358559] Lua: === Intercepted call to /usr/libexec/gcc/x86_64-linux-gnu/13/cc1 ===
[T 01:54:58 358559] Executing the following tracer actions:
[T 01:54:58 358559] Tracer actions:
[T 01:54:58 358559] pre_invocations(0)
[T 01:54:58 358559] post_invocations(1)
[T 01:54:58 358559] invocation: /mnt/c/Tools/codeql/cpp/tools/linux64/extractor, args: [--mimic, /usr/libexec/gcc/x86_64-linux-gnu/13/cc1, @/home/test/my-awesome-project/CISB/server/UBelimi-shift/db-l8/working/tmp//semmle_9_358408_442733, -o, /home/test/my-awesome-project/CISB/server/UBelimi-shift/db-l8/working/tmp//semmle_17_358408_534548.o, /home/test/my-awesome-project/CISB/server/UBelimi-shift/db-l8/working/tmp//semmle_16_358408_534477.c]
[T 01:54:58 358559] trace_languages(1): [cpp]
[T 01:54:58 358561] Attempting to switch stdout/stderr to 7...
[T 01:54:58 358561] Initializing tracer.
[T 01:54:58 358561] Initializing tags.
[T 01:54:58 358561] ID set to 00000000000578A1_0000000000000001 (parent 000000000005789F_0000000000000001)
[E 01:54:58 358561] Mimicry classification suppression detected; exiting.
[E 01:54:58 358561] Extractor exited successfully
[T 01:54:58 358559] Extractor /mnt/c/Tools/codeql/cpp/tools/linux64/extractor terminated with exit code 0.
[T 01:54:58 358562] Initializing tracer.
[T 01:54:58 358562] Initializing tags.
[T 01:54:58 358562] ID set to 00000000000578A2_0000000000000001 (parent 0000000000057808_0000000000000001)
[T 01:54:58 358562] ==== Candidate to intercept: /usr/libexec/gcc/x86_64-linux-gnu/13/cc1 (canonical: /usr/libexec/gcc/x86_64-linux-gnu/13/cc1) ====
[T 01:54:58 358562] Lua: === Intercepted call to /usr/libexec/gcc/x86_64-linux-gnu/13/cc1 ===
[T 01:54:58 358562] Executing the following tracer actions:
[T 01:54:58 358562] Tracer actions:
[T 01:54:58 358562] pre_invocations(0)
[T 01:54:58 358562] post_invocations(1)
[T 01:54:58 358562] invocation: /mnt/c/Tools/codeql/cpp/tools/linux64/extractor, args: [--mimic, /usr/libexec/gcc/x86_64-linux-gnu/13/cc1, @/home/test/my-awesome-project/CISB/server/UBelimi-shift/db-l8/working/tmp//semmle_9_358408_442733, -o, /home/test/my-awesome-project/CISB/server/UBelimi-shift/db-l8/working/tmp//semmle_19_358408_567714.o, /home/test/my-awesome-project/CISB/server/UBelimi-shift/db-l8/working/tmp//semmle_18_358408_567657.c]
[T 01:54:58 358562] trace_languages(1): [cpp]
[T 01:54:58 358564] Attempting to switch stdout/stderr to 7...
[T 01:54:58 358564] Initializing tracer.
[T 01:54:58 358564] Initializing tags.
[T 01:54:58 358564] ID set to 00000000000578A4_0000000000000001 (parent 00000000000578A2_0000000000000001)
[E 01:54:58 358564] Mimicry classification suppression detected; exiting.
[E 01:54:58 358564] Extractor exited successfully
[T 01:54:58 358562] Extractor /mnt/c/Tools/codeql/cpp/tools/linux64/extractor terminated with exit code 0.
[T 01:54:58 358565] Initializing tracer.
[T 01:54:58 358565] Initializing tags.
[T 01:54:58 358565] ID set to 00000000000578A5_0000000000000001 (parent 0000000000057808_0000000000000001)
[T 01:54:58 358565] ==== Candidate to intercept: /usr/libexec/gcc/x86_64-linux-gnu/13/cc1 (canonical: /usr/libexec/gcc/x86_64-linux-gnu/13/cc1) ====
[T 01:54:58 358565] Lua: === Intercepted call to /usr/libexec/gcc/x86_64-linux-gnu/13/cc1 ===
[T 01:54:58 358565] Executing the following tracer actions:
[T 01:54:58 358565] Tracer actions:
[T 01:54:58 358565] pre_invocations(0)
[T 01:54:58 358565] post_invocations(1)
[T 01:54:58 358565] invocation: /mnt/c/Tools/codeql/cpp/tools/linux64/extractor, args: [--mimic, /usr/libexec/gcc/x86_64-linux-gnu/13/cc1, @/home/test/my-awesome-project/CISB/server/UBelimi-shift/db-l8/working/tmp//semmle_9_358408_442733, -o, /home/test/my-awesome-project/CISB/server/UBelimi-shift/db-l8/working/tmp//semmle_21_358408_597226.o, /home/test/my-awesome-project/CISB/server/UBelimi-shift/db-l8/working/tmp//semmle_20_358408_597155.c]
[T 01:54:58 358565] trace_languages(1): [cpp]
[T 01:54:58 358567] Attempting to switch stdout/stderr to 7...
[T 01:54:58 358567] Initializing tracer.
[T 01:54:58 358567] Initializing tags.
[T 01:54:58 358567] ID set to 00000000000578A7_0000000000000001 (parent 00000000000578A5_0000000000000001)
[E 01:54:58 358567] Mimicry classification suppression detected; exiting.
[E 01:54:58 358567] Extractor exited successfully
[T 01:54:58 358565] Extractor /mnt/c/Tools/codeql/cpp/tools/linux64/extractor terminated with exit code 0.
[E 01:54:58 358408] Processed command line: /mnt/c/Tools/codeql/cpp/tools/linux64/extractor --trapfolder /home/test/my-awesome-project/CISB/server/UBelimi-shift/db-l8/trap/cpp --src_archive /home/test/my-awesome-project/CISB/server/UBelimi-shift/db-l8/src --object_filename /tmp/ccrnR34B.s --no_warnings_and_discretionary_errors --error_limit 1000 --disable_system_macros --variadic_macros --incognito --gcc --gnu_version 130300 --target linux_x86_64 '-D__DBL_MIN_EXP__=(-1021)' -D__UINT_LEAST16_MAX__=0xffff -D__FLT16_HAS_QUIET_NAN__=1 -D__ATOMIC_ACQUIRE=2 -D__FLT128_MAX_10_EXP__=4932 -D__FLT_MIN__=1.17549435082228750796873653722224568e-38F -D__GCC_IEC_559_COMPLEX=2 '-D__UINT_LEAST8_TYPE__=unsigned char' -D__SIZEOF_FLOAT80__=16 -D__BFLT16_DENORM_MIN__=9.18354961579912115600575419704879436e-41BF16 '-D__INTMAX_C(c)=c ## L' -D__CHAR_BIT__=8 -D__UINT8_MAX__=0xff -D__SCHAR_WIDTH__=8 -D__WINT_MAX__=0xffffffffU '-D__FLT32_MIN_EXP__=(-125)' -D__BFLT16_NORM_MAX__=3.38953138925153547590470800371487867e+38BF16 '-D__BFLT16_MIN_10_EXP__=(-37)' -D__ORDER_LITTLE_ENDIAN__=1234 -D__WCHAR_MAX__=0x7fffffff -D__GCC_HAVE_SYNC_COMPARE_AND_SWAP_2=1 -D__GCC_HAVE_SYNC_COMPARE_AND_SWAP_4=1 -D__GCC_HAVE_SYNC_COMPARE_AND_SWAP_8=1 -D__GCC_ATOMIC_CHAR_LOCK_FREE=2 -D__GCC_IEC_559=2 -D__FLT32X_DECIMAL_DIG__=17 -D__FLT_EVAL_METHOD__=0 -D__FLT64_DECIMAL_DIG__=17 -D__CET__=3 -D__GCC_ATOMIC_CHAR32_T_LOCK_FREE=2 -D__UINT_FAST64_MAX__=0xffffffffffffffffUL -D__SIG_ATOMIC_TYPE__=int '-D__DBL_MIN_10_EXP__=(-307)' -D__FINITE_MATH_ONLY__=0 -D__FLT32X_MAX_EXP__=1024 -D__GCC_HAVE_SYNC_COMPARE_AND_SWAP_1=1 -D__FLT32_HAS_DENORM__=1 -D__UINT_FAST8_MAX__=0xff -D__FLT32_MAX_10_EXP__=38 -D__DEC64_MAX_EXP__=385 '-D__INT8_C(c)=c' -D__INT_LEAST8_WIDTH__=8 -D__UINT_LEAST64_MAX__=0xffffffffffffffffUL -D__SHRT_MAX__=0x7fff -D__LDBL_MAX__=1.18973149535723176502126385303097021e+4932L -D__FLT64X_MAX_10_EXP__=4932 -D__BFLT16_MAX_10_EXP__=38 -D__BFLT16_MAX_EXP__=128 -D__LDBL_IS_IEC_60559__=1 -D__FLT64X_HAS_QUIET_NAN__=1 -D__UINT_LEAST8_MAX__=0xff -D__GCC_ATOMIC_BOOL_LOCK_FREE=2 -D__FLT128_DENORM_MIN__=6.47517511943802511092443895822764655e-4966F128 '-D__UINTMAX_TYPE__=long unsigned int' -D__BFLT16_DECIMAL_DIG__=4 -D__linux=1 -D__DEC32_EPSILON__=1E-6DF -D__FLT_EVAL_METHOD_TS_18661_3__=0 -D__UINT32_MAX__=0xffffffffU '-D__DBL_DENORM_MIN__=((double)4.94065645841246544176568792868221372e-324L)' '-D__FLT128_MIN_EXP__=(-16381)' -D__WINT_MIN__=0U '-D__FLT128_MIN_10_EXP__=(-4931)' -D__FLT32X_IS_IEC_60559__=1 -D__INT_LEAST16_WIDTH__=16 -D__SCHAR_MAX__=0x7f -D__FLT128_MANT_DIG__=113 '-D__WCHAR_MIN__=(-__WCHAR_MAX__ - 1)' '-D__INT64_C(c)=c ## L' -D__SSP_STRONG__=3 -D__GCC_ATOMIC_POINTER_LOCK_FREE=2 -D__ATOMIC_SEQ_CST=5 -D__unix=1 -D__INT_LEAST64_MAX__=0x7fffffffffffffffL -D__FLT32X_MANT_DIG__=53 -D__FLT64X_EPSILON__=1.08420217248550443400745280086994171e-19F64x '-D__DEC64_MIN_EXP__=(-382)' -D__DBL_DIG__=15 -D__FLT_EPSILON__=1.19209289550781250000000000000000000e-7F -D__SHRT_WIDTH__=16 -D__FLT32_IS_IEC_60559__=1 -D__LDBL_MIN__=3.36210314311209350626267781732175260e-4932L -D__STDC_UTF_16__=1 -D__DBL_IS_IEC_60559__=1 -D__DEC32_MAX__=9.999999E96DF -D__FLT64X_DENORM_MIN__=3.64519953188247460252840593361941982e-4951F64x -D__FLT32X_HAS_INFINITY__=1 -D__unix__=1 -D__INT_WIDTH__=32 -D__STDC_IEC_559__=1 -D__STDC_ISO_10646__=201706L -D__DECIMAL_DIG__=21 -D__STDC_IEC_559_COMPLEX__=1 -D__FLT64_EPSILON__=2.22044604925031308084726333618164062e-16F64 -D__gnu_linux__=1 -D__FLT128_IS_IEC_60559__=1 '-D__FLT64X_MIN_10_EXP__=(-4931)' -D__LDBL_HAS_QUIET_NAN__=1 '-D__FLT16_MIN_EXP__=(-13)' -D__FLT64_MANT_DIG__=53 -D__FLT64X_MANT_DIG__=64 -D__BFLT16_DIG__=2 -D__pie__=2 -D__MMX__=1 -D__FLT_HAS_DENORM__=1 -D__SIZEOF_LONG_DOUBLE__=16 -D__BIGGEST_ALIGNMENT__=16 -D__FLT64_MAX_10_EXP__=308 -D__BFLT16_IS_IEC_60559__=0 -D__FLT16_MAX_10_EXP__=4 '-D__DBL_MAX__=((double)1.79769313486231570814527423731704357e+308L)' -D__INT_FAST32_MAX__=0x7fffffffffffffffL -D__DBL_HAS_INFINITY__=1 -D__INT64_MAX__=0x7fffffffffffffffL -D__SIZEOF_FLOAT__=4 -D__HAVE_SPECULATION_SAFE_VALUE=1 '-D__DEC32_MIN_EXP__=(-94)' -D__INTPTR_WIDTH__=64 -D__UINT_LEAST32_MAX__=0xffffffffU -D__FLT32X_HAS_DENORM__=1 '-D__INT_FAST16_TYPE__=long int' -D__MMX_WITH_SSE__=1 -D__LDBL_HAS_DENORM__=1 -D__SEG_GS=1 -D__BFLT16_EPSILON__=7.81250000000000000000000000000000000e-3BF16 -D__FLT128_HAS_INFINITY__=1 -D__DEC32_MIN__=1E-95DF -D__DBL_MAX_EXP__=1024 -D__WCHAR_WIDTH__=32 -D__FLT32_MAX__=3.40282346638528859811704183484516925e+38F32 -D__DEC128_EPSILON__=1E-33DL -D__FLT16_DECIMAL_DIG__=5 -D__SSE2_MATH__=1 -D__ATOMIC_HLE_RELEASE=131072 -D__PTRDIFF_MAX__=0x7fffffffffffffffL -D__amd64=1 -D__ATOMIC_HLE_ACQUIRE=65536 -D__LONG_LONG_MAX__=0x7fffffffffffffffLL -D__SIZEOF_SIZE_T__=8 -D__BFLT16_HAS_INFINITY__=1 '-D__FLT64X_MIN_EXP__=(-16381)' -D__SIZEOF_WINT_T__=4 -D__LONG_LONG_WIDTH__=64 -D__FLT32_MAX_EXP__=128 -D__GXX_ABI_VERSION=1018 '-D__FLT_MIN_EXP__=(-125)' -D__GCC_HAVE_DWARF2_CFI_ASM=1 -D__INT16_MAX__=0x7fff -D__x86_64=1 '-D__INT_FAST64_TYPE__=long int' -D__BFLT16_MAX__=3.38953138925153547590470800371487867e+38BF16 -D__BFLT16_HAS_DENORM__=1 -D__FLT64_DENORM_MIN__=4.94065645841246544176568792868221372e-324F64 -D__FLT16_DENORM_MIN__=5.96046447753906250000000000000000000e-8F16 -D__FLT128_EPSILON__=1.92592994438723585305597794258492732e-34F128 -D__FLT64X_NORM_MAX__=1.18973149535723176502126385303097021e+4932F64x -D__SIZEOF_POINTER__=8 '-D__SIZE_TYPE__=long unsigned int' -D__LP64__=1 -D__DBL_HAS_QUIET_NAN__=1 -D__FLT32X_EPSILON__=2.22044604925031308084726333618164062e-16F32x -D__LDBL_MAX_EXP__=16384 -D__DECIMAL_BID_FORMAT__=1 '-D__FLT64_MIN_EXP__=(-1021)' '-D__FLT64_MIN_10_EXP__=(-307)' '-D__FLT16_MIN_10_EXP__=(-4)' -D__FLT64X_DECIMAL_DIG__=21 -D__DEC128_MIN__=1E-6143DL -D__REGISTER_PREFIX__= -D__UINT16_MAX__=0xffff -D__DBL_HAS_DENORM__=1 -D__FLT32_MIN__=1.17549435082228750796873653722224568e-38F32 '-D__UINT8_TYPE__=unsigned char' -D__FLT_DIG__=6 -D__NO_INLINE__=1 -D__DEC_EVAL_METHOD__=2 -D__FLT_MANT_DIG__=24 -D__LDBL_DECIMAL_DIG__=21 '-D__UINT64_C(c)=c ## UL' -D_STDC_PREDEF_H=1 -D__INT_LEAST32_MAX__=0x7fffffff -D__GCC_ATOMIC_INT_LOCK_FREE=2 -D__FLT128_MAX_EXP__=16384 -D__FLT32_MANT_DIG__=24 -D__FLOAT_WORD_ORDER__=__ORDER_LITTLE_ENDIAN__ '-D__FLT32X_MIN_EXP__=(-1021)' -D__STDC_IEC_60559_COMPLEX__=201404L -D__BFLT16_MIN__=1.17549435082228750796873653722224568e-38BF16 -D__FLT128_HAS_DENORM__=1 -D__FLT32_DECIMAL_DIG__=9 -D__FLT128_DIG__=33 '-D__INT32_C(c)=c' -D__DEC64_EPSILON__=1E-15DD -D__ORDER_PDP_ENDIAN__=3412 '-D__DEC128_MIN_EXP__=(-6142)' -D__DEC128_MAX__=9.999999999999999999999999999999999E6144DL '-D__INT_FAST32_TYPE__=long int' '-D__UINT_LEAST16_TYPE__=short unsigned int' -D__DEC128_MAX_EXP__=6145 -Dunix=1 -D__UINT64_MAX__=0xffffffffffffffffUL -D__FLT_IS_IEC_60559__=1 '-D__GNUC_WIDE_EXECUTION_CHARSET_NAME="UTF-32LE"' -D__FLT64X_DIG__=18 '-D__INT8_TYPE__=signed char' -D__ELF__=1 -D__GCC_ASM_FLAG_OUTPUTS__=1 '-D__UINT32_TYPE__=unsigned int' -D__BFLT16_HAS_QUIET_NAN__=1 -D__FLT_RADIX__=2 '-D__INT_LEAST16_TYPE__=short int' -D__LDBL_EPSILON__=1.08420217248550443400745280086994171e-19L '-D__UINTMAX_C(c)=c ## UL' -D__FLT16_DIG__=3 -D__SSE_MATH__=1 -D__k8=1 -D__FLT32X_MIN__=2.22507385850720138309023271733240406e-308F32x -D__SIG_ATOMIC_MAX__=0x7fffffff -D__GCC_ATOMIC_WCHAR_T_LOCK_FREE=2 -D__USER_LABEL_PREFIX__= -D__STDC_IEC_60559_BFP__=201404L -D__SIZEOF_PTRDIFF_T__=8 -D__FLT64X_HAS_INFINITY__=1 -D__FLT32_HAS_INFINITY__=1 -D__SIZEOF_LONG__=8 -D__LDBL_DIG__=18 -D__FLT64_IS_IEC_60559__=1 -D__x86_64__=1 -D__FLT16_IS_IEC_60559__=1 -D__FLT16_MAX_EXP__=16 -D__DEC32_SUBNORMAL_MIN__=0.000001E-95DF -D__INT_FAST16_MAX__=0x7fffffffffffffffL -D__GCC_CONSTRUCTIVE_SIZE=64 -D__FLT64_DIG__=15 -D__UINT_FAST32_MAX__=0xffffffffffffffffUL '-D__UINT_LEAST64_TYPE__=long unsigned int' -D__FLT16_EPSILON__=9.76562500000000000000000000000000000e-4F16 -D__FLT_HAS_QUIET_NAN__=1 -D__FLT_MAX_10_EXP__=38 -D__LONG_MAX__=0x7fffffffffffffffL -D__FLT64X_HAS_DENORM__=1 -D__DEC128_SUBNORMAL_MIN__=0.000000000000000000000000000000001E-6143DL -D__FLT_HAS_INFINITY__=1 '-D__GNUC_EXECUTION_CHARSET_NAME="UTF-8"' '-D__UINT_FAST16_TYPE__=long unsigned int' -D__DEC64_MAX__=9.999999999999999E384DD -D__INT_FAST32_WIDTH__=64 -D__PRAGMA_REDEFINE_EXTNAME=1 -D__SIZE_WIDTH__=64 -D__SEG_FS=1 -D__INT_LEAST16_MAX__=0x7fff -D__FLT16_NORM_MAX__=6.55040000000000000000000000000000000e+4F16 -D__DEC64_MANT_DIG__=16 -D__FLT32_DENORM_MIN__=1.40129846432481707092372958328991613e-45F32 -D__SIG_ATOMIC_WIDTH__=32 '-D__INT_LEAST64_TYPE__=long int' '-D__INT16_TYPE__=short int' '-D__INT_LEAST8_TYPE__=signed char' -D__FLT16_MAX__=6.55040000000000000000000000000000000e+4F16 -D__FLT128_MIN__=3.36210314311209350626267781732175260e-4932F128 -D__SIZEOF_INT__=4 -D__DEC32_MAX_EXP__=97 -D__INT_FAST8_MAX__=0x7f -D__FLT128_MAX__=1.18973149535723176508575932662800702e+4932F128 -D__INTPTR_MAX__=0x7fffffffffffffffL -Dlinux=1 -D__FLT64_HAS_QUIET_NAN__=1 '-D__FLT32_MIN_10_EXP__=(-37)' -D__FLT32X_DIG__=15 '-D__UINT16_C(c)=c' -D__PTRDIFF_WIDTH__=64 -D__LDBL_MANT_DIG__=64 -D__INT_FAST16_WIDTH__=64 -D__FLT64_HAS_INFINITY__=1 -D__FLT64X_MAX__=1.18973149535723176502126385303097021e+4932F64x -D__FLT16_HAS_INFINITY__=1 '-D__SIG_ATOMIC_MIN__=(-__SIG_ATOMIC_MAX__ - 1)' -D__code_model_small__=1 -D__GCC_ATOMIC_LONG_LOCK_FREE=2 -D__DEC32_MANT_DIG__=7 -D__FLT16_MANT_DIG__=11 -D__k8__=1 '-D__INTPTR_TYPE__=long int' '-D__UINT16_TYPE__=short unsigned int' -D__WCHAR_TYPE__=int -D__pic__=2 -D__UINTPTR_MAX__=0xffffffffffffffffUL -D__INT_FAST64_WIDTH__=64 -D__LDBL_HAS_INFINITY__=1 -D__INT_FAST64_MAX__=0x7fffffffffffffffL -D__GCC_ATOMIC_TEST_AND_SET_TRUEVAL=1 -D__FLT_NORM_MAX__=3.40282346638528859811704183484516925e+38F -D__FLT64X_MAX_EXP__=16384 '-D__UINT_FAST64_TYPE__=long unsigned int' '-D__BFLT16_MIN_EXP__=(-125)' -D__INT_MAX__=0x7fffffff -D__linux__=1 '-D__INT64_TYPE__=long int' -D__FLT_MAX_EXP__=128 -D__ORDER_BIG_ENDIAN__=4321 -D__DBL_MANT_DIG__=53 -D__SIZEOF_FLOAT128__=16 -D__BFLT16_MANT_DIG__=8 -D__GCC_ATOMIC_CHAR16_T_LOCK_FREE=2 -D__DEC64_MIN__=1E-383DD '-D__WINT_TYPE__=unsigned int' '-D__UINT_LEAST32_TYPE__=unsigned int' -D__SIZEOF_SHORT__=2 -D__FLT32_NORM_MAX__=3.40282346638528859811704183484516925e+38F32 -D__SSE__=1 '-D__LDBL_MIN_EXP__=(-16381)' -D__FLT64_MAX__=1.79769313486231570814527423731704357e+308F64 -D__amd64__=1 -D__WINT_WIDTH__=32 -D__INT_LEAST8_MAX__=0x7f -D__INT_LEAST64_WIDTH__=64 -D__FLT32X_MAX_10_EXP__=308 -D__SIZEOF_INT128__=16 -D__FLT16_MIN__=6.10351562500000000000000000000000000e-5F16 -D__FLT64X_IS_IEC_60559__=1 -D__LDBL_MAX_10_EXP__=4932 -D__ATOMIC_RELAXED=0 '-D__DBL_EPSILON__=((double)2.22044604925031308084726333618164062e-16L)' -D__INT_LEAST32_TYPE__=int -D_LP64=1 '-D__UINT8_C(c)=c' -D__FLT64_MAX_EXP__=1024 -D__SIZEOF_WCHAR_T__=4 '-D__UINT64_TYPE__=long unsigned int' -D__FLT128_NORM_MAX__=1.18973149535723176508575932662800702e+4932F128 -D__FLT64_NORM_MAX__=1.79769313486231570814527423731704357e+308F64 -D__FLT128_HAS_QUIET_NAN__=1 -D__INTMAX_MAX__=0x7fffffffffffffffL '-D__INT_FAST8_TYPE__=signed char' -D__FLT64X_MIN__=3.36210314311209350626267781732175260e-4932F64x -D__FLT64_HAS_DENORM__=1 -D__FLT32_EPSILON__=1.19209289550781250000000000000000000e-7F32 -D__FLT16_HAS_DENORM__=1 -D__DBL_DECIMAL_DIG__=17 -D__STDC_UTF_32__=1 -D__INT_FAST8_WIDTH__=8 -D__FXSR__=1 -D__FLT32X_MAX__=1.79769313486231570814527423731704357e+308F32x '-D__DBL_NORM_MAX__=((double)1.79769313486231570814527423731704357e+308L)' -D__BYTE_ORDER__=__ORDER_LITTLE_ENDIAN__ -D__GCC_DESTRUCTIVE_SIZE=64 -D__INTMAX_WIDTH__=64 -D__FLT32_DIG__=6 '-D__UINT32_C(c)=c ## U' -D__FLT_DENORM_MIN__=1.40129846432481707092372958328991613e-45F -D__INT8_MAX__=0x7f -D__LONG_WIDTH__=64 '-D__DBL_MIN__=((double)2.22507385850720138309023271733240406e-308L)' -D__PIC__=2 -D__INT32_MAX__=0x7fffffff '-D__UINT_FAST32_TYPE__=long unsigned int' -D__FLT32X_NORM_MAX__=1.79769313486231570814527423731704357e+308F32x -D__FLT_MAX__=3.40282346638528859811704183484516925e+38F -D__SSE2__=1 -D__INT32_TYPE__=int -D__SIZEOF_DOUBLE__=8 '-D__FLT_MIN_10_EXP__=(-37)' -D__FLT64_MIN__=2.22507385850720138309023271733240406e-308F64 -D__INT_LEAST32_WIDTH__=32 '-D__INTMAX_TYPE__=long int' -D__FLT32X_HAS_QUIET_NAN__=1 -D__ATOMIC_CONSUME=1 -D__UINTMAX_MAX__=0xffffffffffffffffUL -D__PIE__=2 -D__FLT32X_DENORM_MIN__=4.94065645841246544176568792868221372e-324F32x -D__DBL_MAX_10_EXP__=308 -D__LDBL_DENORM_MIN__=3.64519953188247460252840593361941982e-4951L '-D__INT16_C(c)=c' '-D__PTRDIFF_TYPE__=long int' '-D__FLT32X_MIN_10_EXP__=(-307)' '-D__UINTPTR_TYPE__=long unsigned int' -D__DEC64_SUBNORMAL_MIN__=0.000000000000001E-383DD -D__DEC128_MANT_DIG__=34 '-D__LDBL_MIN_10_EXP__=(-4931)' -D__SIZEOF_LONG_LONG__=8 -D__FLT128_DECIMAL_DIG__=36 -D__GCC_ATOMIC_LLONG_LOCK_FREE=2 -D__FLT32_HAS_QUIET_NAN__=1 -D__FLT_DECIMAL_DIG__=9 -D__UINT_FAST16_MAX__=0xffffffffffffffffUL -D__LDBL_NORM_MAX__=1.18973149535723176502126385303097021e+4932L -D__GCC_ATOMIC_SHORT_LOCK_FREE=2 -D__SIZE_MAX__=0xffffffffffffffffUL '-D__UINT_FAST8_TYPE__=unsigned char' -D__ATOMIC_ACQ_REL=4 -D__ATOMIC_RELEASE=3 -I/usr/lib/gcc/x86_64-linux-gnu/13/include -I/usr/local/include -I/usr/include/x86_64-linux-gnu -I/usr/include -- test1.c
[E 01:54:58 358408] CODEQL_EXTRACTOR_CPP_TRAP_CACHING is not set
[E 01:54:58 358408] CODEQL_EXTRACTOR_CPP_OPTION_TRAP_CACHE_WRITE is not set
[E 01:54:58 358408] CODEQL_EXTRACTOR_CPP_OPTION_TRAP_CACHE_DIR is not set
[E 01:54:58 358408] Initialising TRAP cache at path: 7c/94ed/ed6a6722a857d655f96e66d23166
[E 01:54:58 358408] Not using TRAP cache
[E 01:54:58 358408] TRAP cache miss
[E 01:54:58 358408] Starting compilation TRAP /home/test/my-awesome-project/CISB/server/UBelimi-shift/db-l8/trap/cpp/compilations/24/49071071_0.trap.zst
[E 01:54:58 358408] Archiving /home/test/my-awesome-project/CISB/server/UBelimi-shift/db-l8/src/home/test/my-awesome-project/CISB/server/UBelimi-shift/test1.c
[E 01:54:58 358408] Archiving /home/test/my-awesome-project/CISB/server/UBelimi-shift/db-l8/src/usr/include/stdlib.h
[E 01:54:58 358408] Archiving /home/test/my-awesome-project/CISB/server/UBelimi-shift/db-l8/src/usr/include/x86_64-linux-gnu/bits/libc-header-start.h
[E 01:54:58 358408] Archiving /home/test/my-awesome-project/CISB/server/UBelimi-shift/db-l8/src/usr/include/features.h
[E 01:54:58 358408] Archiving /home/test/my-awesome-project/CISB/server/UBelimi-shift/db-l8/src/usr/include/features-time64.h
[E 01:54:58 358408] Archiving /home/test/my-awesome-project/CISB/server/UBelimi-shift/db-l8/src/usr/include/x86_64-linux-gnu/bits/wordsize.h
[E 01:54:58 358408] Archiving /home/test/my-awesome-project/CISB/server/UBelimi-shift/db-l8/src/usr/include/x86_64-linux-gnu/bits/timesize.h
[E 01:54:58 358408] Already archived /home/test/my-awesome-project/CISB/server/UBelimi-shift/db-l8/src/usr/include/x86_64-linux-gnu/bits/wordsize.h
[E 01:54:58 358408] Archiving /home/test/my-awesome-project/CISB/server/UBelimi-shift/db-l8/src/usr/include/stdc-predef.h
[E 01:54:58 358408] Archiving /home/test/my-awesome-project/CISB/server/UBelimi-shift/db-l8/src/usr/include/x86_64-linux-gnu/sys/cdefs.h
[E 01:54:58 358408] Already archived /home/test/my-awesome-project/CISB/server/UBelimi-shift/db-l8/src/usr/include/x86_64-linux-gnu/bits/wordsize.h
[E 01:54:58 358408] Archiving /home/test/my-awesome-project/CISB/server/UBelimi-shift/db-l8/src/usr/include/x86_64-linux-gnu/bits/long-double.h
[E 01:54:58 358408] Archiving /home/test/my-awesome-project/CISB/server/UBelimi-shift/db-l8/src/usr/include/x86_64-linux-gnu/gnu/stubs.h
[E 01:54:58 358408] Archiving /home/test/my-awesome-project/CISB/server/UBelimi-shift/db-l8/src/usr/include/x86_64-linux-gnu/gnu/stubs-64.h
[E 01:54:58 358408] Archiving /home/test/my-awesome-project/CISB/server/UBelimi-shift/db-l8/src/usr/lib/gcc/x86_64-linux-gnu/13/include/stddef.h
[E 01:54:58 358408] Archiving /home/test/my-awesome-project/CISB/server/UBelimi-shift/db-l8/src/usr/include/x86_64-linux-gnu/bits/waitflags.h
[E 01:54:58 358408] Archiving /home/test/my-awesome-project/CISB/server/UBelimi-shift/db-l8/src/usr/include/x86_64-linux-gnu/bits/waitstatus.h
[E 01:54:58 358408] Archiving /home/test/my-awesome-project/CISB/server/UBelimi-shift/db-l8/src/usr/include/x86_64-linux-gnu/bits/floatn.h
[E 01:54:58 358408] Archiving /home/test/my-awesome-project/CISB/server/UBelimi-shift/db-l8/src/usr/include/x86_64-linux-gnu/bits/floatn-common.h
[E 01:54:58 358408] Already archived /home/test/my-awesome-project/CISB/server/UBelimi-shift/db-l8/src/usr/include/x86_64-linux-gnu/bits/long-double.h
[E 01:54:58 358408] Archiving /home/test/my-awesome-project/CISB/server/UBelimi-shift/db-l8/src/usr/include/x86_64-linux-gnu/sys/types.h
[E 01:54:58 358408] Archiving /home/test/my-awesome-project/CISB/server/UBelimi-shift/db-l8/src/usr/include/x86_64-linux-gnu/bits/types.h
[E 01:54:58 358408] Already archived /home/test/my-awesome-project/CISB/server/UBelimi-shift/db-l8/src/usr/include/x86_64-linux-gnu/bits/wordsize.h
[E 01:54:58 358408] Already archived /home/test/my-awesome-project/CISB/server/UBelimi-shift/db-l8/src/usr/include/x86_64-linux-gnu/bits/timesize.h
[E 01:54:58 358408] Already archived /home/test/my-awesome-project/CISB/server/UBelimi-shift/db-l8/src/usr/include/x86_64-linux-gnu/bits/wordsize.h
[E 01:54:58 358408] Archiving /home/test/my-awesome-project/CISB/server/UBelimi-shift/db-l8/src/usr/include/x86_64-linux-gnu/bits/typesizes.h
[E 01:54:58 358408] Archiving /home/test/my-awesome-project/CISB/server/UBelimi-shift/db-l8/src/usr/include/x86_64-linux-gnu/bits/time64.h
[E 01:54:58 358408] Archiving /home/test/my-awesome-project/CISB/server/UBelimi-shift/db-l8/src/usr/include/x86_64-linux-gnu/bits/types/clock_t.h
[E 01:54:58 358408] Archiving /home/test/my-awesome-project/CISB/server/UBelimi-shift/db-l8/src/usr/include/x86_64-linux-gnu/bits/types/clockid_t.h
[E 01:54:58 358408] Archiving /home/test/my-awesome-project/CISB/server/UBelimi-shift/db-l8/src/usr/include/x86_64-linux-gnu/bits/types/time_t.h
[E 01:54:58 358408] Archiving /home/test/my-awesome-project/CISB/server/UBelimi-shift/db-l8/src/usr/include/x86_64-linux-gnu/bits/types/timer_t.h
[E 01:54:58 358408] Already archived /home/test/my-awesome-project/CISB/server/UBelimi-shift/db-l8/src/usr/lib/gcc/x86_64-linux-gnu/13/include/stddef.h
[E 01:54:58 358408] Archiving /home/test/my-awesome-project/CISB/server/UBelimi-shift/db-l8/src/usr/include/x86_64-linux-gnu/bits/stdint-intn.h
[E 01:54:58 358408] Archiving /home/test/my-awesome-project/CISB/server/UBelimi-shift/db-l8/src/usr/include/endian.h
[E 01:54:58 358408] Archiving /home/test/my-awesome-project/CISB/server/UBelimi-shift/db-l8/src/usr/include/x86_64-linux-gnu/bits/endian.h
[E 01:54:58 358408] Archiving /home/test/my-awesome-project/CISB/server/UBelimi-shift/db-l8/src/usr/include/x86_64-linux-gnu/bits/endianness.h
[E 01:54:58 358408] Archiving /home/test/my-awesome-project/CISB/server/UBelimi-shift/db-l8/src/usr/include/x86_64-linux-gnu/bits/byteswap.h
[E 01:54:58 358408] Archiving /home/test/my-awesome-project/CISB/server/UBelimi-shift/db-l8/src/usr/include/x86_64-linux-gnu/bits/uintn-identity.h
[E 01:54:58 358408] Archiving /home/test/my-awesome-project/CISB/server/UBelimi-shift/db-l8/src/usr/include/x86_64-linux-gnu/sys/select.h
[E 01:54:58 358408] Archiving /home/test/my-awesome-project/CISB/server/UBelimi-shift/db-l8/src/usr/include/x86_64-linux-gnu/bits/select.h
[E 01:54:58 358408] Archiving /home/test/my-awesome-project/CISB/server/UBelimi-shift/db-l8/src/usr/include/x86_64-linux-gnu/bits/types/sigset_t.h
[E 01:54:58 358408] Archiving /home/test/my-awesome-project/CISB/server/UBelimi-shift/db-l8/src/usr/include/x86_64-linux-gnu/bits/types/__sigset_t.h
[E 01:54:58 358408] Archiving /home/test/my-awesome-project/CISB/server/UBelimi-shift/db-l8/src/usr/include/x86_64-linux-gnu/bits/types/struct_timeval.h
[E 01:54:58 358408] Archiving /home/test/my-awesome-project/CISB/server/UBelimi-shift/db-l8/src/usr/include/x86_64-linux-gnu/bits/types/struct_timespec.h
[E 01:54:58 358408] Archiving /home/test/my-awesome-project/CISB/server/UBelimi-shift/db-l8/src/usr/include/x86_64-linux-gnu/bits/pthreadtypes.h
[E 01:54:58 358408] Archiving /home/test/my-awesome-project/CISB/server/UBelimi-shift/db-l8/src/usr/include/x86_64-linux-gnu/bits/thread-shared-types.h
[E 01:54:58 358408] Archiving /home/test/my-awesome-project/CISB/server/UBelimi-shift/db-l8/src/usr/include/x86_64-linux-gnu/bits/pthreadtypes-arch.h
[E 01:54:58 358408] Already archived /home/test/my-awesome-project/CISB/server/UBelimi-shift/db-l8/src/usr/include/x86_64-linux-gnu/bits/wordsize.h
[E 01:54:58 358408] Archiving /home/test/my-awesome-project/CISB/server/UBelimi-shift/db-l8/src/usr/include/x86_64-linux-gnu/bits/atomic_wide_counter.h
[E 01:54:58 358408] Archiving /home/test/my-awesome-project/CISB/server/UBelimi-shift/db-l8/src/usr/include/x86_64-linux-gnu/bits/struct_mutex.h
[E 01:54:58 358408] Archiving /home/test/my-awesome-project/CISB/server/UBelimi-shift/db-l8/src/usr/include/x86_64-linux-gnu/bits/struct_rwlock.h
[E 01:54:58 358408] Archiving /home/test/my-awesome-project/CISB/server/UBelimi-shift/db-l8/src/usr/include/alloca.h
[E 01:54:58 358408] Already archived /home/test/my-awesome-project/CISB/server/UBelimi-shift/db-l8/src/usr/lib/gcc/x86_64-linux-gnu/13/include/stddef.h
[E 01:54:58 358408] Archiving /home/test/my-awesome-project/CISB/server/UBelimi-shift/db-l8/src/usr/include/x86_64-linux-gnu/bits/stdlib-float.h
[E 01:54:58 358408] Archiving /home/test/my-awesome-project/CISB/server/UBelimi-shift/db-l8/src/usr/include/string.h
[E 01:54:58 358408] Already archived /home/test/my-awesome-project/CISB/server/UBelimi-shift/db-l8/src/usr/include/x86_64-linux-gnu/bits/libc-header-start.h
[E 01:54:58 358408] Already archived /home/test/my-awesome-project/CISB/server/UBelimi-shift/db-l8/src/usr/lib/gcc/x86_64-linux-gnu/13/include/stddef.h
[E 01:54:58 358408] Archiving /home/test/my-awesome-project/CISB/server/UBelimi-shift/db-l8/src/usr/include/x86_64-linux-gnu/bits/types/locale_t.h
[E 01:54:58 358408] Archiving /home/test/my-awesome-project/CISB/server/UBelimi-shift/db-l8/src/usr/include/x86_64-linux-gnu/bits/types/__locale_t.h
[E 01:54:58 358408] Archiving /home/test/my-awesome-project/CISB/server/UBelimi-shift/db-l8/src/usr/include/strings.h
[E 01:54:58 358408] Already archived /home/test/my-awesome-project/CISB/server/UBelimi-shift/db-l8/src/usr/lib/gcc/x86_64-linux-gnu/13/include/stddef.h
[E 01:54:58 358408] Archiving /home/test/my-awesome-project/CISB/server/UBelimi-shift/db-l8/src/usr/include/stdio.h
[E 01:54:58 358408] Already archived /home/test/my-awesome-project/CISB/server/UBelimi-shift/db-l8/src/usr/include/x86_64-linux-gnu/bits/libc-header-start.h
[E 01:54:58 358408] Already archived /home/test/my-awesome-project/CISB/server/UBelimi-shift/db-l8/src/usr/lib/gcc/x86_64-linux-gnu/13/include/stddef.h
[E 01:54:58 358408] Archiving /home/test/my-awesome-project/CISB/server/UBelimi-shift/db-l8/src/usr/lib/gcc/x86_64-linux-gnu/13/include/stdarg.h
[E 01:54:58 358408] Archiving /home/test/my-awesome-project/CISB/server/UBelimi-shift/db-l8/src/usr/include/x86_64-linux-gnu/bits/types/__fpos_t.h
[E 01:54:58 358408] Archiving /home/test/my-awesome-project/CISB/server/UBelimi-shift/db-l8/src/usr/include/x86_64-linux-gnu/bits/types/__mbstate_t.h
[E 01:54:58 358408] Archiving /home/test/my-awesome-project/CISB/server/UBelimi-shift/db-l8/src/usr/include/x86_64-linux-gnu/bits/types/__fpos64_t.h
[E 01:54:58 358408] Archiving /home/test/my-awesome-project/CISB/server/UBelimi-shift/db-l8/src/usr/include/x86_64-linux-gnu/bits/types/__FILE.h
[E 01:54:58 358408] Archiving /home/test/my-awesome-project/CISB/server/UBelimi-shift/db-l8/src/usr/include/x86_64-linux-gnu/bits/types/FILE.h
[E 01:54:58 358408] Archiving /home/test/my-awesome-project/CISB/server/UBelimi-shift/db-l8/src/usr/include/x86_64-linux-gnu/bits/types/struct_FILE.h
[E 01:54:58 358408] Archiving /home/test/my-awesome-project/CISB/server/UBelimi-shift/db-l8/src/usr/include/x86_64-linux-gnu/bits/types/cookie_io_functions_t.h
[E 01:54:58 358408] Archiving /home/test/my-awesome-project/CISB/server/UBelimi-shift/db-l8/src/usr/include/x86_64-linux-gnu/bits/stdio_lim.h
[E 01:54:58 358408] Archiving /home/test/my-awesome-project/CISB/server/UBelimi-shift/db-l8/src/usr/lib/gcc/x86_64-linux-gnu/13/include/stdint.h
[E 01:54:58 358408] Archiving /home/test/my-awesome-project/CISB/server/UBelimi-shift/db-l8/src/usr/include/stdint.h
[E 01:54:58 358408] Already archived /home/test/my-awesome-project/CISB/server/UBelimi-shift/db-l8/src/usr/include/x86_64-linux-gnu/bits/libc-header-start.h
[E 01:54:58 358408] Archiving /home/test/my-awesome-project/CISB/server/UBelimi-shift/db-l8/src/usr/include/x86_64-linux-gnu/bits/wchar.h
[E 01:54:58 358408] Already archived /home/test/my-awesome-project/CISB/server/UBelimi-shift/db-l8/src/usr/include/x86_64-linux-gnu/bits/wordsize.h
[E 01:54:58 358408] Archiving /home/test/my-awesome-project/CISB/server/UBelimi-shift/db-l8/src/usr/include/x86_64-linux-gnu/bits/stdint-uintn.h
[E 01:54:58 358408] Archiving /home/test/my-awesome-project/CISB/server/UBelimi-shift/db-l8/src/usr/include/x86_64-linux-gnu/bits/stdint-least.h
[E 01:54:58 358408] Creating trap tarball /home/test/my-awesome-project/CISB/server/UBelimi-shift/db-l8/trap/cpp/tarballs/home/test/my-awesome-project/CISB/server/UBelimi-shift/test1.c.0f4c3e8e_0.trap.tar.zst
[E 01:54:58 358408] Emitting trap files for test1.c
[E 01:54:58 358408] Opening existencedb in /home/test/my-awesome-project/CISB/server/UBelimi-shift/db-l8/working/existencedb/db
[E 01:54:58 358408] Wrote 73 files to /home/test/my-awesome-project/CISB/server/UBelimi-shift/db-l8/trap/cpp/tarballs/home/test/my-awesome-project/CISB/server/UBelimi-shift/test1.c.0f4c3e8e_0.trap.tar.zst
[E 01:54:58 358408] Finished compilation TRAP /home/test/my-awesome-project/CISB/server/UBelimi-shift/db-l8/trap/cpp/compilations/24/49071071_0.trap.zst
[E 01:54:58 358408] Marking C compilation as happened.
[E 01:54:58 358408] Setting tag c-compilation-happened
[E 01:54:58 358408] Starting from CODEQL_TRACER_DB_ID 0000000000057806_0000000000000001
[E 01:54:58 358408] Locking DB /home/test/my-awesome-project/CISB/server/UBelimi-shift/db-l8/working/tags.db
[E 01:54:58 358408] Locked DB /home/test/my-awesome-project/CISB/server/UBelimi-shift/db-l8/working/tags.db
[E 01:54:58 358408] Set tag for 0000000000057806_0000000000000001
[E 01:54:58 358408] Set tag for 0000000000057804_0000000000000001
[E 01:54:58 358408] Set tag for 0000000000057800_0000000000000003
[E 01:54:58 358408] Set tag for 0000000000057800_0000000000000002
[E 01:54:58 358408] Set tag for root
[E 01:54:58 358408] Unlocking DB
[E 01:54:58 358408] Unlocked DB
[E 01:54:58 358408] Extractor exited successfully
[T 01:54:58 358406] Extractor /mnt/c/Tools/codeql/cpp/tools/linux64/extractor terminated with exit code 0.
[T 01:54:58 358625] Initializing tracer.
[T 01:54:58 358625] Initializing tags.
[T 01:54:58 358625] ID set to 00000000000578E1_0000000000000001 (parent 0000000000057804_0000000000000001)
[T 01:54:58 358625] ==== Candidate to intercept: as (canonical: /usr/bin/as) ====
[T 01:54:58 358625] Lua: === Intercepted call to /usr/bin/as ===
[T 01:54:58 358625] Executing the following tracer actions:
[T 01:54:58 358625] Tracer actions:
[T 01:54:58 358625] pre_invocations(0)
[T 01:54:58 358625] post_invocations(1)
[T 01:54:58 358625] invocation: /mnt/c/Tools/codeql/cpp/tools/linux64/extractor, args: [--assembler, --codeql-assembler-executable, /usr/bin/as, --64, -o, test1.o, /tmp/ccrnR34B.s]
[T 01:54:58 358625] trace_languages(1): [cpp]
[T 01:54:58 358641] Attempting to switch stdout/stderr to 4...
[T 01:54:58 358641] Initializing tracer.
[T 01:54:58 358641] Initializing tags.
[T 01:54:58 358641] ID set to 00000000000578F1_0000000000000001 (parent 00000000000578E1_0000000000000001)
[E 01:54:58 358641] CodeQL C/C++ Extractor 2.25.1
[E 01:54:58 358641] Current directory: /home/test/my-awesome-project/CISB/server/UBelimi-shift
[E 01:54:58 358641] Command: /mnt/c/Tools/codeql/cpp/tools/linux64/extractor --assembler --codeql-assembler-executable /usr/bin/as --64 -o test1.o /tmp/ccrnR34B.s
[E 01:54:58 358641] Extractor exited after mimicking assembler
[T 01:54:58 358625] Extractor /mnt/c/Tools/codeql/cpp/tools/linux64/extractor terminated with exit code 0.
[T 01:54:58 358711] Attempting to switch stdout/stderr to 4...
[T 01:54:58 358711] Initializing tracer.
[T 01:54:58 358711] Initializing tags.
[T 01:54:58 358711] ID set to 0000000000057937_0000000000000001 (parent 0000000000057804_0000000000000001)
[E 01:54:58 358711] CodeQL C/C++ Extractor 2.25.1
[E 01:54:58 358711] Current directory: /home/test/my-awesome-project/CISB/server/UBelimi-shift
[E 01:54:58 358711] Command: /mnt/c/Tools/codeql/cpp/tools/linux64/extractor --mimic /usr/bin/x86_64-linux-gnu-gcc-13 -c -o test1.o test1.c
[T 01:54:58 358756] Initializing tracer.
[T 01:54:58 358756] Initializing tags.
[T 01:54:58 358756] ID set to 0000000000057964_0000000000000001 (parent 0000000000057937_0000000000000001)
[T 01:54:58 358756] ==== Candidate to intercept: /usr/bin/x86_64-linux-gnu-gcc-13 (canonical: /usr/bin/x86_64-linux-gnu-gcc-13) ====
[T 01:54:58 358756] Lua: === Intercepted call to /usr/bin/x86_64-linux-gnu-gcc-13 ===
[T 01:54:58 358756] Executing the following tracer actions:
[T 01:54:58 358756] Tracer actions:
[T 01:54:58 358756] pre_invocations(0)
[T 01:54:58 358756] post_invocations(1)
[T 01:54:58 358756] invocation: /mnt/c/Tools/codeql/cpp/tools/linux64/extractor, args: [--mimic, /usr/bin/x86_64-linux-gnu-gcc-13, --version]
[T 01:54:58 358756] trace_languages(1): [cpp]
[T 01:54:58 358770] Attempting to switch stdout/stderr to 7...
[T 01:54:58 358770] Initializing tracer.
[T 01:54:58 358770] Initializing tags.
[T 01:54:58 358770] ID set to 0000000000057972_0000000000000001 (parent 0000000000057964_0000000000000001)
[E 01:54:58 358770] Mimicry classification suppression detected; exiting.
[E 01:54:58 358770] Extractor exited successfully
[T 01:54:58 358756] Extractor /mnt/c/Tools/codeql/cpp/tools/linux64/extractor terminated with exit code 0.
[T 01:54:58 358785] Initializing tracer.
[T 01:54:58 358785] Initializing tags.
[T 01:54:58 358785] ID set to 0000000000057981_0000000000000001 (parent 0000000000057937_0000000000000001)
[T 01:54:58 358785] ==== Candidate to intercept: /usr/bin/x86_64-linux-gnu-gcc-13 (canonical: /usr/bin/x86_64-linux-gnu-gcc-13) ====
[T 01:54:58 358785] Lua: === Intercepted call to /usr/bin/x86_64-linux-gnu-gcc-13 ===
[T 01:54:58 358785] Executing the following tracer actions:
[T 01:54:58 358785] Tracer actions:
[T 01:54:58 358785] pre_invocations(0)
[T 01:54:58 358785] post_invocations(1)
[T 01:54:58 358785] invocation: /mnt/c/Tools/codeql/cpp/tools/linux64/extractor, args: [--mimic, /usr/bin/x86_64-linux-gnu-gcc-13, --help]
[T 01:54:58 358785] trace_languages(1): [cpp]
[T 01:54:59 358792] Attempting to switch stdout/stderr to 7...
[T 01:54:59 358792] Initializing tracer.
[T 01:54:59 358792] Initializing tags.
[T 01:54:59 358792] ID set to 0000000000057988_0000000000000001 (parent 0000000000057981_0000000000000001)
[E 01:54:59 358792] Mimicry classification suppression detected; exiting.
[E 01:54:59 358792] Extractor exited successfully
[T 01:54:59 358785] Extractor /mnt/c/Tools/codeql/cpp/tools/linux64/extractor terminated with exit code 0.
[T 01:54:59 358803] Initializing tracer.
[T 01:54:59 358803] Initializing tags.
[T 01:54:59 358803] ID set to 0000000000057993_0000000000000001 (parent 0000000000057937_0000000000000001)
[T 01:54:59 358803] ==== Candidate to intercept: /usr/bin/x86_64-linux-gnu-gcc-13 (canonical: /usr/bin/x86_64-linux-gnu-gcc-13) ====
[T 01:54:59 358803] Lua: === Intercepted call to /usr/bin/x86_64-linux-gnu-gcc-13 ===
[T 01:54:59 358803] Executing the following tracer actions:
[T 01:54:59 358803] Tracer actions:
[T 01:54:59 358803] pre_invocations(0)
[T 01:54:59 358803] post_invocations(1)
[T 01:54:59 358803] invocation: /mnt/c/Tools/codeql/cpp/tools/linux64/extractor, args: [--mimic, /usr/bin/x86_64-linux-gnu-gcc-13, -nostdinc, -o, /home/test/my-awesome-project/CISB/server/UBelimi-shift/db-l8/working/tmp//semmle_2_358711_15395.o, -c, /home/test/my-awesome-project/CISB/server/UBelimi-shift/db-l8/working/tmp//semmle_1_358711_15268.c]
[T 01:54:59 358803] trace_languages(1): [cpp]
[T 01:54:59 358818] Initializing tracer.
[T 01:54:59 358818] Initializing tags.
[T 01:54:59 358818] ID set to 00000000000579A2_0000000000000001 (parent 0000000000057993_0000000000000001)
[T 01:54:59 358818] ==== Candidate to intercept: /usr/libexec/gcc/x86_64-linux-gnu/13/cc1 (canonical: /usr/libexec/gcc/x86_64-linux-gnu/13/cc1) ====
[T 01:54:59 358818] Lua: === Intercepted call to /usr/libexec/gcc/x86_64-linux-gnu/13/cc1 ===
[T 01:54:59 358818] Executing the following tracer actions:
[T 01:54:59 358818] Tracer actions:
[T 01:54:59 358818] pre_invocations(0)
[T 01:54:59 358818] post_invocations(1)
[T 01:54:59 358818] invocation: /mnt/c/Tools/codeql/cpp/tools/linux64/extractor, args: [--mimic, /usr/libexec/gcc/x86_64-linux-gnu/13/cc1, -quiet, -nostdinc, -imultiarch, x86_64-linux-gnu, /home/test/my-awesome-project/CISB/server/UBelimi-shift/db-l8/working/tmp//semmle_1_358711_15268.c, -quiet, -dumpdir, /home/test/my-awesome-project/CISB/server/UBelimi-shift/db-l8/working/tmp//, -dumpbase, semmle_2_358711_15395.c, -dumpbase-ext, .c, -mtune=generic, -march=x86-64, -fasynchronous-unwind-tables, -fstack-protector-strong, -Wformat, -Wformat-security, -fstack-clash-protection, -fcf-protection, -o, /tmp/ccFUSYl8.s]
[T 01:54:59 358818] trace_languages(1): [cpp]
[T 01:54:59 358835] Attempting to switch stdout/stderr to 7...
[T 01:54:59 358835] Initializing tracer.
[T 01:54:59 358835] Initializing tags.
[T 01:54:59 358835] ID set to 00000000000579B3_0000000000000001 (parent 00000000000579A2_0000000000000001)
[E 01:54:59 358835] Mimicry classification suppression detected; exiting.
[E 01:54:59 358835] Extractor exited successfully
[T 01:54:59 358818] Extractor /mnt/c/Tools/codeql/cpp/tools/linux64/extractor terminated with exit code 0.
[T 01:54:59 358850] Initializing tracer.
[T 01:54:59 358850] Initializing tags.
[T 01:54:59 358850] ID set to 00000000000579C2_0000000000000001 (parent 0000000000057993_0000000000000001)
[T 01:54:59 358850] ==== Candidate to intercept: as (canonical: /usr/bin/as) ====
[T 01:54:59 358850] Lua: === Intercepted call to /usr/bin/as ===
[T 01:54:59 358850] Executing the following tracer actions:
[T 01:54:59 358850] Tracer actions:
[T 01:54:59 358850] pre_invocations(0)
[T 01:54:59 358850] post_invocations(1)
[T 01:54:59 358850] invocation: /mnt/c/Tools/codeql/cpp/tools/linux64/extractor, args: [--assembler, --codeql-assembler-executable, /usr/bin/as, --64, -o, /home/test/my-awesome-project/CISB/server/UBelimi-shift/db-l8/working/tmp//semmle_2_358711_15395.o, /tmp/ccFUSYl8.s]
[T 01:54:59 358850] trace_languages(1): [cpp]
[T 01:54:59 358865] Attempting to switch stdout/stderr to 7...
[T 01:54:59 358865] Initializing tracer.
[T 01:54:59 358865] Initializing tags.
[T 01:54:59 358865] ID set to 00000000000579D1_0000000000000001 (parent 00000000000579C2_0000000000000001)
[E 01:54:59 358865] Mimicry classification suppression detected; exiting.
[E 01:54:59 358865] Extractor exited successfully
[T 01:54:59 358850] Extractor /mnt/c/Tools/codeql/cpp/tools/linux64/extractor terminated with exit code 0.
[T 01:54:59 358880] Attempting to switch stdout/stderr to 7...
[T 01:54:59 358880] Initializing tracer.
[T 01:54:59 358880] Initializing tags.
[T 01:54:59 358880] ID set to 00000000000579E0_0000000000000001 (parent 0000000000057993_0000000000000001)
[E 01:54:59 358880] Mimicry classification suppression detected; exiting.
[E 01:54:59 358880] Extractor exited successfully
[T 01:54:59 358803] Extractor /mnt/c/Tools/codeql/cpp/tools/linux64/extractor terminated with exit code 0.
[T 01:54:59 358902] Initializing tracer.
[T 01:54:59 358902] Initializing tags.
[T 01:54:59 358902] ID set to 00000000000579F6_0000000000000001 (parent 0000000000057937_0000000000000001)
[T 01:54:59 358902] ==== Candidate to intercept: /usr/bin/x86_64-linux-gnu-gcc-13 (canonical: /usr/bin/x86_64-linux-gnu-gcc-13) ====
[T 01:54:59 358902] Lua: === Intercepted call to /usr/bin/x86_64-linux-gnu-gcc-13 ===
[T 01:54:59 358902] Executing the following tracer actions:
[T 01:54:59 358902] Tracer actions:
[T 01:54:59 358902] pre_invocations(0)
[T 01:54:59 358902] post_invocations(1)
[T 01:54:59 358902] invocation: /mnt/c/Tools/codeql/cpp/tools/linux64/extractor, args: [--mimic, /usr/bin/x86_64-linux-gnu-gcc-13, -nostdinc, -o, /home/test/my-awesome-project/CISB/server/UBelimi-shift/db-l8/working/tmp//semmle_4_358711_102735.o, -c, /home/test/my-awesome-project/CISB/server/UBelimi-shift/db-l8/working/tmp//semmle_3_358711_102523.c]
[T 01:54:59 358902] trace_languages(1): [cpp]
[T 01:54:59 358920] Initializing tracer.
[T 01:54:59 358920] Initializing tags.
[T 01:54:59 358920] ID set to 0000000000057A08_0000000000000001 (parent 00000000000579F6_0000000000000001)
[T 01:54:59 358920] ==== Candidate to intercept: /usr/libexec/gcc/x86_64-linux-gnu/13/cc1 (canonical: /usr/libexec/gcc/x86_64-linux-gnu/13/cc1) ====
[T 01:54:59 358920] Lua: === Intercepted call to /usr/libexec/gcc/x86_64-linux-gnu/13/cc1 ===
[T 01:54:59 358920] Executing the following tracer actions:
[T 01:54:59 358920] Tracer actions:
[T 01:54:59 358920] pre_invocations(0)
[T 01:54:59 358920] post_invocations(1)
[T 01:54:59 358920] invocation: /mnt/c/Tools/codeql/cpp/tools/linux64/extractor, args: [--mimic, /usr/libexec/gcc/x86_64-linux-gnu/13/cc1, -quiet, -nostdinc, -imultiarch, x86_64-linux-gnu, /home/test/my-awesome-project/CISB/server/UBelimi-shift/db-l8/working/tmp//semmle_3_358711_102523.c, -quiet, -dumpdir, /home/test/my-awesome-project/CISB/server/UBelimi-shift/db-l8/working/tmp//, -dumpbase, semmle_4_358711_102735.c, -dumpbase-ext, .c, -mtune=generic, -march=x86-64, -fasynchronous-unwind-tables, -fstack-protector-strong, -Wformat, -Wformat-security, -fstack-clash-protection, -fcf-protection, -o, /tmp/cc8bi3bV.s]
[T 01:54:59 358920] trace_languages(1): [cpp]
[T 01:54:59 358941] Attempting to switch stdout/stderr to 7...
[T 01:54:59 358941] Initializing tracer.
[T 01:54:59 358941] Initializing tags.
[T 01:54:59 358941] ID set to 0000000000057A1D_0000000000000001 (parent 0000000000057A08_0000000000000001)
[E 01:54:59 358941] Mimicry classification suppression detected; exiting.
[E 01:54:59 358941] Extractor exited successfully
[T 01:54:59 358920] Extractor /mnt/c/Tools/codeql/cpp/tools/linux64/extractor terminated with exit code 0.
[T 01:54:59 358943] Attempting to switch stdout/stderr to 7...
[T 01:54:59 358943] Initializing tracer.
[T 01:54:59 358943] Initializing tags.
[T 01:54:59 358943] ID set to 0000000000057A1F_0000000000000001 (parent 00000000000579F6_0000000000000001)
[E 01:54:59 358943] Mimicry classification suppression detected; exiting.
[E 01:54:59 358943] Extractor exited successfully
[T 01:54:59 358902] Extractor /mnt/c/Tools/codeql/cpp/tools/linux64/extractor terminated with exit code 0.
[E 01:54:59 358711] Checking whether C compilation already happened.
[E 01:54:59 358711] Checking for tag c-compilation-happened
[E 01:54:59 358711] Checking CODEQL_TRACER_DB_ID 0000000000057804_0000000000000001
[E 01:54:59 358711] Locking DB /home/test/my-awesome-project/CISB/server/UBelimi-shift/db-l8/working/tags.db
[E 01:54:59 358711] Locked DB /home/test/my-awesome-project/CISB/server/UBelimi-shift/db-l8/working/tags.db
[E 01:54:59 358711] Unlocking DB
[E 01:54:59 358711] Unlocked DB
[E 01:54:59 358711] Exiting as C compilation already happened.
[T 01:54:59 358404] Extractor /mnt/c/Tools/codeql/cpp/tools/linux64/extractor terminated with exit code 0.
