[T 09:20:46 94020] CodeQL CLI version 2.25.1
[T 09:20:46 94020] Initializing tracer.
[T 09:20:46 94020] Initializing tags.
[T 09:20:46 94020] ID set to 0000000000016F44_0000000000000001 (parent root)
[T 09:20:46 94020] Initializing tracer.
[T 09:20:46 94020] Initializing tags.
[T 09:20:46 94020] ID set to 0000000000016F44_0000000000000002 (parent root)
[T 09:20:46 94020] Warning: SEMMLE_EXEC and SEMMLE_EXECP not set. Falling back to path lookup on argv[0].
[T 09:20:46 94020] ==== Candidate to intercept: /mnt/c/Tools/codeql/tools/linux64/runner-linux (canonical: /mnt/c/Tools/codeql/tools/linux64/runner-linux) ====
[T 09:20:46 94020] Executing the following tracer actions:
[T 09:20:46 94020] Tracer actions:
[T 09:20:46 94020] pre_invocations(0)
[T 09:20:46 94020] post_invocations(0)
[T 09:20:46 94020] trace_languages(1): [cpp]
[T 09:20:46 94020] Initializing tracer.
[T 09:20:46 94020] Initializing tags.
[T 09:20:46 94020] ID set to 0000000000016F44_0000000000000003 (parent 0000000000016F44_0000000000000002)
[T 09:20:46 94020] ==== Candidate to intercept: make (canonical: /usr/bin/make) ====
[T 09:20:46 94020] Executing the following tracer actions:
[T 09:20:46 94020] Tracer actions:
[T 09:20:46 94020] pre_invocations(0)
[T 09:20:46 94020] post_invocations(0)
[T 09:20:46 94020] trace_languages(1): [cpp]
[T 09:20:46 94023] Initializing tracer.
[T 09:20:46 94023] Initializing tags.
[T 09:20:46 94023] ID set to 0000000000016F47_0000000000000001 (parent 0000000000016F44_0000000000000003)
[T 09:20:46 94023] ==== Candidate to intercept: /usr/bin/gcc (canonical: /usr/bin/x86_64-linux-gnu-gcc-13) ====
[T 09:20:46 94023] Lua: === Intercepted call to /usr/bin/x86_64-linux-gnu-gcc-13 ===
[T 09:20:46 94023] Executing the following tracer actions:
[T 09:20:46 94023] Tracer actions:
[T 09:20:46 94023] pre_invocations(0)
[T 09:20:46 94023] post_invocations(1)
[T 09:20:46 94023] invocation: /mnt/c/Tools/codeql/cpp/tools/linux64/extractor, args: [--mimic, /usr/bin/x86_64-linux-gnu-gcc-13, -c, -o, test1.o, test1.c]
[T 09:20:46 94023] trace_languages(1): [cpp]
[T 09:20:46 94025] Initializing tracer.
[T 09:20:46 94025] Initializing tags.
[T 09:20:46 94025] ID set to 0000000000016F49_0000000000000001 (parent 0000000000016F47_0000000000000001)
[T 09:20:46 94025] ==== Candidate to intercept: /usr/libexec/gcc/x86_64-linux-gnu/13/cc1 (canonical: /usr/libexec/gcc/x86_64-linux-gnu/13/cc1) ====
[T 09:20:46 94025] Lua: === Intercepted call to /usr/libexec/gcc/x86_64-linux-gnu/13/cc1 ===
[T 09:20:46 94025] Executing the following tracer actions:
[T 09:20:46 94025] Tracer actions:
[T 09:20:46 94025] pre_invocations(0)
[T 09:20:46 94025] post_invocations(1)
[T 09:20:46 94025] invocation: /mnt/c/Tools/codeql/cpp/tools/linux64/extractor, args: [--mimic, /usr/libexec/gcc/x86_64-linux-gnu/13/cc1, -quiet, -imultiarch, x86_64-linux-gnu, test1.c, -quiet, -dumpbase, test1.c, -dumpbase-ext, .c, -mtune=generic, -march=x86-64, -fasynchronous-unwind-tables, -fstack-protector-strong, -Wformat, -Wformat-security, -fstack-clash-protection, -fcf-protection, -o, /tmp/ccnggTXu.s]
[T 09:20:46 94025] trace_languages(1): [cpp]
[T 09:20:47 94027] Attempting to switch stdout/stderr to 4...
[T 09:20:47 94027] Initializing tracer.
[T 09:20:47 94027] Initializing tags.
[T 09:20:47 94027] ID set to 0000000000016F4B_0000000000000001 (parent 0000000000016F49_0000000000000001)
[E 09:20:47 94027] CodeQL C/C++ Extractor 2.25.1
[E 09:20:47 94027] Current directory: /home/test/my-awesome-project/CISB/server
[E 09:20:47 94027] Command: /mnt/c/Tools/codeql/cpp/tools/linux64/extractor --mimic /usr/libexec/gcc/x86_64-linux-gnu/13/cc1 -quiet -imultiarch x86_64-linux-gnu test1.c -quiet -dumpbase test1.c -dumpbase-ext .c -mtune=generic -march=x86-64 -fasynchronous-unwind-tables -fstack-protector-strong -Wformat -Wformat-security -fstack-clash-protection -fcf-protection -o /tmp/ccnggTXu.s
[T 09:20:47 94028] Initializing tracer.
[T 09:20:47 94028] Initializing tags.
[T 09:20:47 94028] ID set to 0000000000016F4C_0000000000000001 (parent 0000000000016F4B_0000000000000001)
[T 09:20:47 94028] ==== Candidate to intercept: /usr/libexec/gcc/x86_64-linux-gnu/13/cc1 (canonical: /usr/libexec/gcc/x86_64-linux-gnu/13/cc1) ====
[T 09:20:47 94028] Lua: === Intercepted call to /usr/libexec/gcc/x86_64-linux-gnu/13/cc1 ===
[T 09:20:47 94028] Executing the following tracer actions:
[T 09:20:47 94028] Tracer actions:
[T 09:20:47 94028] pre_invocations(0)
[T 09:20:47 94028] post_invocations(1)
[T 09:20:47 94028] invocation: /mnt/c/Tools/codeql/cpp/tools/linux64/extractor, args: [--mimic, /usr/libexec/gcc/x86_64-linux-gnu/13/cc1, --version]
[T 09:20:47 94028] trace_languages(1): [cpp]
[T 09:20:47 94030] Attempting to switch stdout/stderr to 7...
[T 09:20:47 94030] Initializing tracer.
[T 09:20:47 94030] Initializing tags.
[T 09:20:47 94030] ID set to 0000000000016F4E_0000000000000001 (parent 0000000000016F4C_0000000000000001)
[E 09:20:47 94030] Mimicry classification suppression detected; exiting.
[E 09:20:47 94030] Extractor exited successfully
[T 09:20:47 94028] Extractor /mnt/c/Tools/codeql/cpp/tools/linux64/extractor terminated with exit code 0.
[T 09:20:47 94031] Initializing tracer.
[T 09:20:47 94031] Initializing tags.
[T 09:20:47 94031] ID set to 0000000000016F4F_0000000000000001 (parent 0000000000016F4B_0000000000000001)
[T 09:20:47 94031] ==== Candidate to intercept: /usr/libexec/gcc/x86_64-linux-gnu/13/cc1 (canonical: /usr/libexec/gcc/x86_64-linux-gnu/13/cc1) ====
[T 09:20:47 94031] Lua: === Intercepted call to /usr/libexec/gcc/x86_64-linux-gnu/13/cc1 ===
[T 09:20:47 94031] Executing the following tracer actions:
[T 09:20:47 94031] Tracer actions:
[T 09:20:47 94031] pre_invocations(0)
[T 09:20:47 94031] post_invocations(1)
[T 09:20:47 94031] invocation: /mnt/c/Tools/codeql/cpp/tools/linux64/extractor, args: [--mimic, /usr/libexec/gcc/x86_64-linux-gnu/13/cc1, --help]
[T 09:20:47 94031] trace_languages(1): [cpp]
[T 09:20:47 94033] Attempting to switch stdout/stderr to 7...
[T 09:20:47 94033] Initializing tracer.
[T 09:20:47 94033] Initializing tags.
[T 09:20:47 94033] ID set to 0000000000016F51_0000000000000001 (parent 0000000000016F4F_0000000000000001)
[E 09:20:47 94033] Mimicry classification suppression detected; exiting.
[E 09:20:47 94033] Extractor exited successfully
[T 09:20:47 94031] Extractor /mnt/c/Tools/codeql/cpp/tools/linux64/extractor terminated with exit code 0.
[T 09:20:47 94034] Initializing tracer.
[T 09:20:47 94034] Initializing tags.
[T 09:20:47 94034] ID set to 0000000000016F52_0000000000000001 (parent 0000000000016F4B_0000000000000001)
[T 09:20:47 94034] ==== Candidate to intercept: /usr/libexec/gcc/x86_64-linux-gnu/13/cc1 (canonical: /usr/libexec/gcc/x86_64-linux-gnu/13/cc1) ====
[T 09:20:47 94034] Lua: === Intercepted call to /usr/libexec/gcc/x86_64-linux-gnu/13/cc1 ===
[T 09:20:47 94034] Executing the following tracer actions:
[T 09:20:47 94034] Tracer actions:
[T 09:20:47 94034] pre_invocations(0)
[T 09:20:47 94034] post_invocations(1)
[T 09:20:47 94034] invocation: /mnt/c/Tools/codeql/cpp/tools/linux64/extractor, args: [--mimic, /usr/libexec/gcc/x86_64-linux-gnu/13/cc1, -version, --help]
[T 09:20:47 94034] trace_languages(1): [cpp]
[T 09:20:47 94036] Attempting to switch stdout/stderr to 7...
[T 09:20:47 94036] Initializing tracer.
[T 09:20:47 94036] Initializing tags.
[T 09:20:47 94036] ID set to 0000000000016F54_0000000000000001 (parent 0000000000016F52_0000000000000001)
[E 09:20:47 94036] Mimicry classification suppression detected; exiting.
[E 09:20:47 94036] Extractor exited successfully
[T 09:20:47 94034] Extractor /mnt/c/Tools/codeql/cpp/tools/linux64/extractor terminated with exit code 0.
[T 09:20:47 94037] Initializing tracer.
[T 09:20:47 94037] Initializing tags.
[T 09:20:47 94037] ID set to 0000000000016F55_0000000000000001 (parent 0000000000016F4B_0000000000000001)
[T 09:20:47 94037] ==== Candidate to intercept: /usr/libexec/gcc/x86_64-linux-gnu/13/cc1 (canonical: /usr/libexec/gcc/x86_64-linux-gnu/13/cc1) ====
[T 09:20:47 94037] Lua: === Intercepted call to /usr/libexec/gcc/x86_64-linux-gnu/13/cc1 ===
[T 09:20:47 94037] Executing the following tracer actions:
[T 09:20:47 94037] Tracer actions:
[T 09:20:47 94037] pre_invocations(0)
[T 09:20:47 94037] post_invocations(1)
[T 09:20:47 94037] invocation: /mnt/c/Tools/codeql/cpp/tools/linux64/extractor, args: [--mimic, /usr/libexec/gcc/x86_64-linux-gnu/13/cc1, -nostdinc, -o, /home/test/my-awesome-project/CISB/server/db/working/tmp//semmle_2_94027_169777.o, /home/test/my-awesome-project/CISB/server/db/working/tmp//semmle_1_94027_169701.c]
[T 09:20:47 94037] trace_languages(1): [cpp]
[T 09:20:47 94039] Attempting to switch stdout/stderr to 7...
[T 09:20:47 94039] Initializing tracer.
[T 09:20:47 94039] Initializing tags.
[T 09:20:47 94039] ID set to 0000000000016F57_0000000000000001 (parent 0000000000016F55_0000000000000001)
[E 09:20:47 94039] Mimicry classification suppression detected; exiting.
[E 09:20:47 94039] Extractor exited successfully
[T 09:20:47 94037] Extractor /mnt/c/Tools/codeql/cpp/tools/linux64/extractor terminated with exit code 0.
[T 09:20:47 94040] Initializing tracer.
[T 09:20:47 94040] Initializing tags.
[T 09:20:47 94040] ID set to 0000000000016F58_0000000000000001 (parent 0000000000016F4B_0000000000000001)
[T 09:20:47 94040] ==== Candidate to intercept: /usr/libexec/gcc/x86_64-linux-gnu/13/cc1 (canonical: /usr/libexec/gcc/x86_64-linux-gnu/13/cc1) ====
[T 09:20:47 94040] Lua: === Intercepted call to /usr/libexec/gcc/x86_64-linux-gnu/13/cc1 ===
[T 09:20:47 94040] Executing the following tracer actions:
[T 09:20:47 94040] Tracer actions:
[T 09:20:47 94040] pre_invocations(0)
[T 09:20:47 94040] post_invocations(1)
[T 09:20:47 94040] invocation: /mnt/c/Tools/codeql/cpp/tools/linux64/extractor, args: [--mimic, /usr/libexec/gcc/x86_64-linux-gnu/13/cc1, -nostdinc, -o, /home/test/my-awesome-project/CISB/server/db/working/tmp//semmle_4_94027_205499.o, /home/test/my-awesome-project/CISB/server/db/working/tmp//semmle_3_94027_205413.c]
[T 09:20:47 94040] trace_languages(1): [cpp]
[T 09:20:47 94042] Attempting to switch stdout/stderr to 7...
[T 09:20:47 94042] Initializing tracer.
[T 09:20:47 94042] Initializing tags.
[T 09:20:47 94042] ID set to 0000000000016F5A_0000000000000001 (parent 0000000000016F58_0000000000000001)
[E 09:20:47 94042] Mimicry classification suppression detected; exiting.
[E 09:20:47 94042] Extractor exited successfully
[T 09:20:47 94040] Extractor /mnt/c/Tools/codeql/cpp/tools/linux64/extractor terminated with exit code 0.
[E 09:20:47 94027] Checking whether C compilation already happened.
[E 09:20:47 94027] Checking for tag c-compilation-happened
[E 09:20:47 94027] Checking CODEQL_TRACER_DB_ID 0000000000016F49_0000000000000001
[E 09:20:47 94027] Locking DB /home/test/my-awesome-project/CISB/server/db/working/tags.db
[E 09:20:47 94027] Locked DB /home/test/my-awesome-project/CISB/server/db/working/tags.db
[E 09:20:47 94027] Unlocking DB
[E 09:20:47 94027] Unlocked DB
[E 09:20:47 94027] Looks like C compilation didn't already happen.
[E 09:20:47 94027] Checking whether C compilation has been attempted.
[E 09:20:47 94027] Checking for tag c-compilation-attempted
[E 09:20:47 94027] Checking CODEQL_TRACER_DB_ID 0000000000016F49_0000000000000001
[E 09:20:47 94027] Locking DB /home/test/my-awesome-project/CISB/server/db/working/tags.db
[E 09:20:47 94027] Locked DB /home/test/my-awesome-project/CISB/server/db/working/tags.db
[E 09:20:47 94027] Unlocking DB
[E 09:20:47 94027] Unlocked DB
[E 09:20:47 94027] Marking C compilation as attempted.
[E 09:20:47 94027] Setting tag c-compilation-attempted
[E 09:20:47 94027] Starting from CODEQL_TRACER_DB_ID 0000000000016F49_0000000000000001
[E 09:20:47 94027] Locking DB /home/test/my-awesome-project/CISB/server/db/working/tags.db
[E 09:20:47 94027] Locked DB /home/test/my-awesome-project/CISB/server/db/working/tags.db
[E 09:20:47 94027] Set tag for 0000000000016F49_0000000000000001
[E 09:20:47 94027] Set tag for 0000000000016F47_0000000000000001
[E 09:20:47 94027] Set tag for 0000000000016F44_0000000000000003
[E 09:20:47 94027] Set tag for 0000000000016F44_0000000000000002
[E 09:20:47 94027] Set tag for root
[E 09:20:47 94027] Unlocking DB
[E 09:20:47 94027] Unlocked DB
[T 09:20:47 94043] Initializing tracer.
[T 09:20:47 94043] Initializing tags.
[T 09:20:47 94043] ID set to 0000000000016F5B_0000000000000001 (parent 0000000000016F4B_0000000000000001)
[T 09:20:47 94043] ==== Candidate to intercept: /usr/libexec/gcc/x86_64-linux-gnu/13/cc1 (canonical: /usr/libexec/gcc/x86_64-linux-gnu/13/cc1) ====
[T 09:20:47 94043] Lua: === Intercepted call to /usr/libexec/gcc/x86_64-linux-gnu/13/cc1 ===
[T 09:20:47 94043] Executing the following tracer actions:
[T 09:20:47 94043] Tracer actions:
[T 09:20:47 94043] pre_invocations(0)
[T 09:20:47 94043] post_invocations(1)
[T 09:20:47 94043] invocation: /mnt/c/Tools/codeql/cpp/tools/linux64/extractor, args: [--mimic, /usr/libexec/gcc/x86_64-linux-gnu/13/cc1, @/home/test/my-awesome-project/CISB/server/db/working/tmp//semmle_6_94027_237341, -v, -fsyntax-only, /home/test/my-awesome-project/CISB/server/db/working/tmp//semmle_7_94027_237437]
[T 09:20:47 94043] trace_languages(1): [cpp]
[T 09:20:47 94045] Attempting to switch stdout/stderr to 7...
[T 09:20:47 94045] Initializing tracer.
[T 09:20:47 94045] Initializing tags.
[T 09:20:47 94045] ID set to 0000000000016F5D_0000000000000001 (parent 0000000000016F5B_0000000000000001)
[E 09:20:47 94045] Mimicry classification suppression detected; exiting.
[E 09:20:47 94045] Extractor exited successfully
[T 09:20:47 94043] Extractor /mnt/c/Tools/codeql/cpp/tools/linux64/extractor terminated with exit code 0.
[T 09:20:47 94046] Initializing tracer.
[T 09:20:47 94046] Initializing tags.
[T 09:20:47 94046] ID set to 0000000000016F5E_0000000000000001 (parent 0000000000016F4B_0000000000000001)
[T 09:20:47 94046] ==== Candidate to intercept: /usr/libexec/gcc/x86_64-linux-gnu/13/cc1 (canonical: /usr/libexec/gcc/x86_64-linux-gnu/13/cc1) ====
[T 09:20:47 94046] Lua: === Intercepted call to /usr/libexec/gcc/x86_64-linux-gnu/13/cc1 ===
[T 09:20:47 94046] Executing the following tracer actions:
[T 09:20:47 94046] Tracer actions:
[T 09:20:47 94046] pre_invocations(0)
[T 09:20:47 94046] post_invocations(1)
[T 09:20:47 94046] invocation: /mnt/c/Tools/codeql/cpp/tools/linux64/extractor, args: [--mimic, /usr/libexec/gcc/x86_64-linux-gnu/13/cc1, @/home/test/my-awesome-project/CISB/server/db/working/tmp//semmle_6_94027_237341, -E, -dM, /home/test/my-awesome-project/CISB/server/db/working/tmp//semmle_8_94027_263908]
[T 09:20:47 94046] trace_languages(1): [cpp]
[T 09:20:47 94048] Attempting to switch stdout/stderr to 7...
[T 09:20:47 94048] Initializing tracer.
[T 09:20:47 94048] Initializing tags.
[T 09:20:47 94048] ID set to 0000000000016F60_0000000000000001 (parent 0000000000016F5E_0000000000000001)
[E 09:20:47 94048] Mimicry classification suppression detected; exiting.
[E 09:20:47 94048] Extractor exited successfully
[T 09:20:47 94046] Extractor /mnt/c/Tools/codeql/cpp/tools/linux64/extractor terminated with exit code 0.
[T 09:20:47 94049] Initializing tracer.
[T 09:20:47 94049] Initializing tags.
[T 09:20:47 94049] ID set to 0000000000016F61_0000000000000001 (parent 0000000000016F4B_0000000000000001)
[T 09:20:47 94049] ==== Candidate to intercept: /usr/libexec/gcc/x86_64-linux-gnu/13/cc1 (canonical: /usr/libexec/gcc/x86_64-linux-gnu/13/cc1) ====
[T 09:20:47 94049] Lua: === Intercepted call to /usr/libexec/gcc/x86_64-linux-gnu/13/cc1 ===
[T 09:20:47 94049] Executing the following tracer actions:
[T 09:20:47 94049] Tracer actions:
[T 09:20:47 94049] pre_invocations(0)
[T 09:20:47 94049] post_invocations(1)
[T 09:20:47 94049] invocation: /mnt/c/Tools/codeql/cpp/tools/linux64/extractor, args: [--mimic, /usr/libexec/gcc/x86_64-linux-gnu/13/cc1, @/home/test/my-awesome-project/CISB/server/db/working/tmp//semmle_9_94027_292637, -o, /home/test/my-awesome-project/CISB/server/db/working/tmp//semmle_11_94027_292927.o, /home/test/my-awesome-project/CISB/server/db/working/tmp//semmle_10_94027_292856.c]
[T 09:20:47 94049] trace_languages(1): [cpp]
[T 09:20:47 94051] Attempting to switch stdout/stderr to 7...
[T 09:20:47 94051] Initializing tracer.
[T 09:20:47 94051] Initializing tags.
[T 09:20:47 94051] ID set to 0000000000016F63_0000000000000001 (parent 0000000000016F61_0000000000000001)
[E 09:20:47 94051] Mimicry classification suppression detected; exiting.
[E 09:20:47 94051] Extractor exited successfully
[T 09:20:47 94049] Extractor /mnt/c/Tools/codeql/cpp/tools/linux64/extractor terminated with exit code 0.
[T 09:20:47 94052] Initializing tracer.
[T 09:20:47 94052] Initializing tags.
[T 09:20:47 94052] ID set to 0000000000016F64_0000000000000001 (parent 0000000000016F4B_0000000000000001)
[T 09:20:47 94052] ==== Candidate to intercept: /usr/libexec/gcc/x86_64-linux-gnu/13/cc1 (canonical: /usr/libexec/gcc/x86_64-linux-gnu/13/cc1) ====
[T 09:20:47 94052] Lua: === Intercepted call to /usr/libexec/gcc/x86_64-linux-gnu/13/cc1 ===
[T 09:20:47 94052] Executing the following tracer actions:
[T 09:20:47 94052] Tracer actions:
[T 09:20:47 94052] pre_invocations(0)
[T 09:20:47 94052] post_invocations(1)
[T 09:20:47 94052] invocation: /mnt/c/Tools/codeql/cpp/tools/linux64/extractor, args: [--mimic, /usr/libexec/gcc/x86_64-linux-gnu/13/cc1, @/home/test/my-awesome-project/CISB/server/db/working/tmp//semmle_9_94027_292637, -o, /home/test/my-awesome-project/CISB/server/db/working/tmp//semmle_13_94027_319943.o, /home/test/my-awesome-project/CISB/server/db/working/tmp//semmle_12_94027_319891.c]
[T 09:20:47 94052] trace_languages(1): [cpp]
[T 09:20:47 94054] Attempting to switch stdout/stderr to 7...
[T 09:20:47 94054] Initializing tracer.
[T 09:20:47 94054] Initializing tags.
[T 09:20:47 94054] ID set to 0000000000016F66_0000000000000001 (parent 0000000000016F64_0000000000000001)
[E 09:20:47 94054] Mimicry classification suppression detected; exiting.
[E 09:20:47 94054] Extractor exited successfully
[T 09:20:47 94052] Extractor /mnt/c/Tools/codeql/cpp/tools/linux64/extractor terminated with exit code 0.
[T 09:20:47 94055] Initializing tracer.
[T 09:20:47 94055] Initializing tags.
[T 09:20:47 94055] ID set to 0000000000016F67_0000000000000001 (parent 0000000000016F4B_0000000000000001)
[T 09:20:47 94055] ==== Candidate to intercept: /usr/libexec/gcc/x86_64-linux-gnu/13/cc1 (canonical: /usr/libexec/gcc/x86_64-linux-gnu/13/cc1) ====
[T 09:20:47 94055] Lua: === Intercepted call to /usr/libexec/gcc/x86_64-linux-gnu/13/cc1 ===
[T 09:20:47 94055] Executing the following tracer actions:
[T 09:20:47 94055] Tracer actions:
[T 09:20:47 94055] pre_invocations(0)
[T 09:20:47 94055] post_invocations(1)
[T 09:20:47 94055] invocation: /mnt/c/Tools/codeql/cpp/tools/linux64/extractor, args: [--mimic, /usr/libexec/gcc/x86_64-linux-gnu/13/cc1, @/home/test/my-awesome-project/CISB/server/db/working/tmp//semmle_9_94027_292637, -o, /home/test/my-awesome-project/CISB/server/db/working/tmp//semmle_15_94027_352742.o, /home/test/my-awesome-project/CISB/server/db/working/tmp//semmle_14_94027_352702.c]
[T 09:20:47 94055] trace_languages(1): [cpp]
[T 09:20:47 94057] Attempting to switch stdout/stderr to 7...
[T 09:20:47 94057] Initializing tracer.
[T 09:20:47 94057] Initializing tags.
[T 09:20:47 94057] ID set to 0000000000016F69_0000000000000001 (parent 0000000000016F67_0000000000000001)
[E 09:20:47 94057] Mimicry classification suppression detected; exiting.
[E 09:20:47 94057] Extractor exited successfully
[T 09:20:47 94055] Extractor /mnt/c/Tools/codeql/cpp/tools/linux64/extractor terminated with exit code 0.
[T 09:20:47 94058] Initializing tracer.
[T 09:20:47 94058] Initializing tags.
[T 09:20:47 94058] ID set to 0000000000016F6A_0000000000000001 (parent 0000000000016F4B_0000000000000001)
[T 09:20:47 94058] ==== Candidate to intercept: /usr/libexec/gcc/x86_64-linux-gnu/13/cc1 (canonical: /usr/libexec/gcc/x86_64-linux-gnu/13/cc1) ====
[T 09:20:47 94058] Lua: === Intercepted call to /usr/libexec/gcc/x86_64-linux-gnu/13/cc1 ===
[T 09:20:47 94058] Executing the following tracer actions:
[T 09:20:47 94058] Tracer actions:
[T 09:20:47 94058] pre_invocations(0)
[T 09:20:47 94058] post_invocations(1)
[T 09:20:47 94058] invocation: /mnt/c/Tools/codeql/cpp/tools/linux64/extractor, args: [--mimic, /usr/libexec/gcc/x86_64-linux-gnu/13/cc1, @/home/test/my-awesome-project/CISB/server/db/working/tmp//semmle_9_94027_292637, -o, /home/test/my-awesome-project/CISB/server/db/working/tmp//semmle_17_94027_381664.o, /home/test/my-awesome-project/CISB/server/db/working/tmp//semmle_16_94027_381624.c]
[T 09:20:47 94058] trace_languages(1): [cpp]
[T 09:20:47 94060] Attempting to switch stdout/stderr to 7...
[T 09:20:47 94060] Initializing tracer.
[T 09:20:47 94060] Initializing tags.
[T 09:20:47 94060] ID set to 0000000000016F6C_0000000000000001 (parent 0000000000016F6A_0000000000000001)
[E 09:20:47 94060] Mimicry classification suppression detected; exiting.
[E 09:20:47 94060] Extractor exited successfully
[T 09:20:47 94058] Extractor /mnt/c/Tools/codeql/cpp/tools/linux64/extractor terminated with exit code 0.
[T 09:20:47 94061] Initializing tracer.
[T 09:20:47 94061] Initializing tags.
[T 09:20:47 94061] ID set to 0000000000016F6D_0000000000000001 (parent 0000000000016F4B_0000000000000001)
[T 09:20:47 94061] ==== Candidate to intercept: /usr/libexec/gcc/x86_64-linux-gnu/13/cc1 (canonical: /usr/libexec/gcc/x86_64-linux-gnu/13/cc1) ====
[T 09:20:47 94061] Lua: === Intercepted call to /usr/libexec/gcc/x86_64-linux-gnu/13/cc1 ===
[T 09:20:47 94061] Executing the following tracer actions:
[T 09:20:47 94061] Tracer actions:
[T 09:20:47 94061] pre_invocations(0)
[T 09:20:47 94061] post_invocations(1)
[T 09:20:47 94061] invocation: /mnt/c/Tools/codeql/cpp/tools/linux64/extractor, args: [--mimic, /usr/libexec/gcc/x86_64-linux-gnu/13/cc1, @/home/test/my-awesome-project/CISB/server/db/working/tmp//semmle_9_94027_292637, -o, /home/test/my-awesome-project/CISB/server/db/working/tmp//semmle_19_94027_411980.o, /home/test/my-awesome-project/CISB/server/db/working/tmp//semmle_18_94027_411929.c]
[T 09:20:47 94061] trace_languages(1): [cpp]
[T 09:20:47 94063] Attempting to switch stdout/stderr to 7...
[T 09:20:47 94063] Initializing tracer.
[T 09:20:47 94063] Initializing tags.
[T 09:20:47 94063] ID set to 0000000000016F6F_0000000000000001 (parent 0000000000016F6D_0000000000000001)
[E 09:20:47 94063] Mimicry classification suppression detected; exiting.
[E 09:20:47 94063] Extractor exited successfully
[T 09:20:47 94061] Extractor /mnt/c/Tools/codeql/cpp/tools/linux64/extractor terminated with exit code 0.
[T 09:20:47 94064] Initializing tracer.
[T 09:20:47 94064] Initializing tags.
[T 09:20:47 94064] ID set to 0000000000016F70_0000000000000001 (parent 0000000000016F4B_0000000000000001)
[T 09:20:47 94064] ==== Candidate to intercept: /usr/libexec/gcc/x86_64-linux-gnu/13/cc1 (canonical: /usr/libexec/gcc/x86_64-linux-gnu/13/cc1) ====
[T 09:20:47 94064] Lua: === Intercepted call to /usr/libexec/gcc/x86_64-linux-gnu/13/cc1 ===
[T 09:20:47 94064] Executing the following tracer actions:
[T 09:20:47 94064] Tracer actions:
[T 09:20:47 94064] pre_invocations(0)
[T 09:20:47 94064] post_invocations(1)
[T 09:20:47 94064] invocation: /mnt/c/Tools/codeql/cpp/tools/linux64/extractor, args: [--mimic, /usr/libexec/gcc/x86_64-linux-gnu/13/cc1, @/home/test/my-awesome-project/CISB/server/db/working/tmp//semmle_9_94027_292637, -o, /home/test/my-awesome-project/CISB/server/db/working/tmp//semmle_21_94027_438495.o, /home/test/my-awesome-project/CISB/server/db/working/tmp//semmle_20_94027_438454.c]
[T 09:20:47 94064] trace_languages(1): [cpp]
[T 09:20:47 94066] Attempting to switch stdout/stderr to 7...
[T 09:20:47 94066] Initializing tracer.
[T 09:20:47 94066] Initializing tags.
[T 09:20:47 94066] ID set to 0000000000016F72_0000000000000001 (parent 0000000000016F70_0000000000000001)
[E 09:20:47 94066] Mimicry classification suppression detected; exiting.
[E 09:20:47 94066] Extractor exited successfully
[T 09:20:47 94064] Extractor /mnt/c/Tools/codeql/cpp/tools/linux64/extractor terminated with exit code 0.
[E 09:20:47 94027] Processed command line: /mnt/c/Tools/codeql/cpp/tools/linux64/extractor --trapfolder /home/test/my-awesome-project/CISB/server/db/trap/cpp --src_archive /home/test/my-awesome-project/CISB/server/db/src --object_filename /tmp/ccnggTXu.s --no_warnings_and_discretionary_errors --error_limit 1000 --disable_system_macros --variadic_macros --incognito --gcc --gnu_version 130300 --target linux_x86_64 '-D__DBL_MIN_EXP__=(-1021)' -D__UINT_LEAST16_MAX__=0xffff -D__FLT16_HAS_QUIET_NAN__=1 -D__ATOMIC_ACQUIRE=2 -D__FLT128_MAX_10_EXP__=4932 -D__FLT_MIN__=1.17549435082228750796873653722224568e-38F -D__GCC_IEC_559_COMPLEX=2 '-D__UINT_LEAST8_TYPE__=unsigned char' -D__SIZEOF_FLOAT80__=16 -D__BFLT16_DENORM_MIN__=9.18354961579912115600575419704879436e-41BF16 '-D__INTMAX_C(c)=c ## L' -D__CHAR_BIT__=8 -D__UINT8_MAX__=0xff -D__SCHAR_WIDTH__=8 -D__WINT_MAX__=0xffffffffU '-D__FLT32_MIN_EXP__=(-125)' -D__BFLT16_NORM_MAX__=3.38953138925153547590470800371487867e+38BF16 '-D__BFLT16_MIN_10_EXP__=(-37)' -D__ORDER_LITTLE_ENDIAN__=1234 -D__WCHAR_MAX__=0x7fffffff -D__GCC_HAVE_SYNC_COMPARE_AND_SWAP_2=1 -D__GCC_HAVE_SYNC_COMPARE_AND_SWAP_4=1 -D__GCC_HAVE_SYNC_COMPARE_AND_SWAP_8=1 -D__GCC_ATOMIC_CHAR_LOCK_FREE=2 -D__GCC_IEC_559=2 -D__FLT32X_DECIMAL_DIG__=17 -D__FLT_EVAL_METHOD__=0 -D__FLT64_DECIMAL_DIG__=17 -D__CET__=3 -D__GCC_ATOMIC_CHAR32_T_LOCK_FREE=2 -D__UINT_FAST64_MAX__=0xffffffffffffffffUL -D__SIG_ATOMIC_TYPE__=int '-D__DBL_MIN_10_EXP__=(-307)' -D__FINITE_MATH_ONLY__=0 -D__FLT32X_MAX_EXP__=1024 -D__GCC_HAVE_SYNC_COMPARE_AND_SWAP_1=1 -D__FLT32_HAS_DENORM__=1 -D__UINT_FAST8_MAX__=0xff -D__FLT32_MAX_10_EXP__=38 -D__DEC64_MAX_EXP__=385 '-D__INT8_C(c)=c' -D__INT_LEAST8_WIDTH__=8 -D__UINT_LEAST64_MAX__=0xffffffffffffffffUL -D__SHRT_MAX__=0x7fff -D__LDBL_MAX__=1.18973149535723176502126385303097021e+4932L -D__FLT64X_MAX_10_EXP__=4932 -D__BFLT16_MAX_10_EXP__=38 -D__BFLT16_MAX_EXP__=128 -D__LDBL_IS_IEC_60559__=1 -D__FLT64X_HAS_QUIET_NAN__=1 -D__UINT_LEAST8_MAX__=0xff -D__GCC_ATOMIC_BOOL_LOCK_FREE=2 -D__FLT128_DENORM_MIN__=6.47517511943802511092443895822764655e-4966F128 '-D__UINTMAX_TYPE__=long unsigned int' -D__BFLT16_DECIMAL_DIG__=4 -D__linux=1 -D__DEC32_EPSILON__=1E-6DF -D__FLT_EVAL_METHOD_TS_18661_3__=0 -D__UINT32_MAX__=0xffffffffU '-D__DBL_DENORM_MIN__=((double)4.94065645841246544176568792868221372e-324L)' '-D__FLT128_MIN_EXP__=(-16381)' -D__WINT_MIN__=0U '-D__FLT128_MIN_10_EXP__=(-4931)' -D__FLT32X_IS_IEC_60559__=1 -D__INT_LEAST16_WIDTH__=16 -D__SCHAR_MAX__=0x7f -D__FLT128_MANT_DIG__=113 '-D__WCHAR_MIN__=(-__WCHAR_MAX__ - 1)' '-D__INT64_C(c)=c ## L' -D__SSP_STRONG__=3 -D__GCC_ATOMIC_POINTER_LOCK_FREE=2 -D__ATOMIC_SEQ_CST=5 -D__unix=1 -D__INT_LEAST64_MAX__=0x7fffffffffffffffL -D__FLT32X_MANT_DIG__=53 -D__FLT64X_EPSILON__=1.08420217248550443400745280086994171e-19F64x '-D__DEC64_MIN_EXP__=(-382)' -D__DBL_DIG__=15 -D__FLT_EPSILON__=1.19209289550781250000000000000000000e-7F -D__SHRT_WIDTH__=16 -D__FLT32_IS_IEC_60559__=1 -D__LDBL_MIN__=3.36210314311209350626267781732175260e-4932L -D__STDC_UTF_16__=1 -D__DBL_IS_IEC_60559__=1 -D__DEC32_MAX__=9.999999E96DF -D__FLT64X_DENORM_MIN__=3.64519953188247460252840593361941982e-4951F64x -D__FLT32X_HAS_INFINITY__=1 -D__unix__=1 -D__INT_WIDTH__=32 -D__STDC_IEC_559__=1 -D__STDC_ISO_10646__=201706L -D__DECIMAL_DIG__=21 -D__STDC_IEC_559_COMPLEX__=1 -D__FLT64_EPSILON__=2.22044604925031308084726333618164062e-16F64 -D__gnu_linux__=1 -D__FLT128_IS_IEC_60559__=1 '-D__FLT64X_MIN_10_EXP__=(-4931)' -D__LDBL_HAS_QUIET_NAN__=1 '-D__FLT16_MIN_EXP__=(-13)' -D__FLT64_MANT_DIG__=53 -D__FLT64X_MANT_DIG__=64 -D__BFLT16_DIG__=2 -D__pie__=2 -D__MMX__=1 -D__FLT_HAS_DENORM__=1 -D__SIZEOF_LONG_DOUBLE__=16 -D__BIGGEST_ALIGNMENT__=16 -D__FLT64_MAX_10_EXP__=308 -D__BFLT16_IS_IEC_60559__=0 -D__FLT16_MAX_10_EXP__=4 '-D__DBL_MAX__=((double)1.79769313486231570814527423731704357e+308L)' -D__INT_FAST32_MAX__=0x7fffffffffffffffL -D__DBL_HAS_INFINITY__=1 -D__INT64_MAX__=0x7fffffffffffffffL -D__SIZEOF_FLOAT__=4 -D__HAVE_SPECULATION_SAFE_VALUE=1 '-D__DEC32_MIN_EXP__=(-94)' -D__INTPTR_WIDTH__=64 -D__UINT_LEAST32_MAX__=0xffffffffU -D__FLT32X_HAS_DENORM__=1 '-D__INT_FAST16_TYPE__=long int' -D__MMX_WITH_SSE__=1 -D__LDBL_HAS_DENORM__=1 -D__SEG_GS=1 -D__BFLT16_EPSILON__=7.81250000000000000000000000000000000e-3BF16 -D__FLT128_HAS_INFINITY__=1 -D__DEC32_MIN__=1E-95DF -D__DBL_MAX_EXP__=1024 -D__WCHAR_WIDTH__=32 -D__FLT32_MAX__=3.40282346638528859811704183484516925e+38F32 -D__DEC128_EPSILON__=1E-33DL -D__FLT16_DECIMAL_DIG__=5 -D__SSE2_MATH__=1 -D__ATOMIC_HLE_RELEASE=131072 -D__PTRDIFF_MAX__=0x7fffffffffffffffL -D__amd64=1 -D__ATOMIC_HLE_ACQUIRE=65536 -D__LONG_LONG_MAX__=0x7fffffffffffffffLL -D__SIZEOF_SIZE_T__=8 -D__BFLT16_HAS_INFINITY__=1 '-D__FLT64X_MIN_EXP__=(-16381)' -D__SIZEOF_WINT_T__=4 -D__LONG_LONG_WIDTH__=64 -D__FLT32_MAX_EXP__=128 -D__GXX_ABI_VERSION=1018 '-D__FLT_MIN_EXP__=(-125)' -D__GCC_HAVE_DWARF2_CFI_ASM=1 -D__INT16_MAX__=0x7fff -D__x86_64=1 '-D__INT_FAST64_TYPE__=long int' -D__BFLT16_MAX__=3.38953138925153547590470800371487867e+38BF16 -D__BFLT16_HAS_DENORM__=1 -D__FLT64_DENORM_MIN__=4.94065645841246544176568792868221372e-324F64 -D__FLT16_DENORM_MIN__=5.96046447753906250000000000000000000e-8F16 -D__FLT128_EPSILON__=1.92592994438723585305597794258492732e-34F128 -D__FLT64X_NORM_MAX__=1.18973149535723176502126385303097021e+4932F64x -D__SIZEOF_POINTER__=8 '-D__SIZE_TYPE__=long unsigned int' -D__LP64__=1 -D__DBL_HAS_QUIET_NAN__=1 -D__FLT32X_EPSILON__=2.22044604925031308084726333618164062e-16F32x -D__LDBL_MAX_EXP__=16384 -D__DECIMAL_BID_FORMAT__=1 '-D__FLT64_MIN_EXP__=(-1021)' '-D__FLT64_MIN_10_EXP__=(-307)' '-D__FLT16_MIN_10_EXP__=(-4)' -D__FLT64X_DECIMAL_DIG__=21 -D__DEC128_MIN__=1E-6143DL -D__REGISTER_PREFIX__= -D__UINT16_MAX__=0xffff -D__DBL_HAS_DENORM__=1 -D__FLT32_MIN__=1.17549435082228750796873653722224568e-38F32 '-D__UINT8_TYPE__=unsigned char' -D__FLT_DIG__=6 -D__NO_INLINE__=1 -D__DEC_EVAL_METHOD__=2 -D__FLT_MANT_DIG__=24 -D__LDBL_DECIMAL_DIG__=21 '-D__UINT64_C(c)=c ## UL' -D_STDC_PREDEF_H=1 -D__INT_LEAST32_MAX__=0x7fffffff -D__GCC_ATOMIC_INT_LOCK_FREE=2 -D__FLT128_MAX_EXP__=16384 -D__FLT32_MANT_DIG__=24 -D__FLOAT_WORD_ORDER__=__ORDER_LITTLE_ENDIAN__ '-D__FLT32X_MIN_EXP__=(-1021)' -D__STDC_IEC_60559_COMPLEX__=201404L -D__BFLT16_MIN__=1.17549435082228750796873653722224568e-38BF16 -D__FLT128_HAS_DENORM__=1 -D__FLT32_DECIMAL_DIG__=9 -D__FLT128_DIG__=33 '-D__INT32_C(c)=c' -D__DEC64_EPSILON__=1E-15DD -D__ORDER_PDP_ENDIAN__=3412 '-D__DEC128_MIN_EXP__=(-6142)' -D__DEC128_MAX__=9.999999999999999999999999999999999E6144DL '-D__INT_FAST32_TYPE__=long int' '-D__UINT_LEAST16_TYPE__=short unsigned int' -D__DEC128_MAX_EXP__=6145 -Dunix=1 -D__UINT64_MAX__=0xffffffffffffffffUL -D__FLT_IS_IEC_60559__=1 '-D__GNUC_WIDE_EXECUTION_CHARSET_NAME="UTF-32LE"' -D__FLT64X_DIG__=18 '-D__INT8_TYPE__=signed char' -D__ELF__=1 -D__GCC_ASM_FLAG_OUTPUTS__=1 '-D__UINT32_TYPE__=unsigned int' -D__BFLT16_HAS_QUIET_NAN__=1 -D__FLT_RADIX__=2 '-D__INT_LEAST16_TYPE__=short int' -D__LDBL_EPSILON__=1.08420217248550443400745280086994171e-19L '-D__UINTMAX_C(c)=c ## UL' -D__FLT16_DIG__=3 -D__SSE_MATH__=1 -D__k8=1 -D__FLT32X_MIN__=2.22507385850720138309023271733240406e-308F32x -D__SIG_ATOMIC_MAX__=0x7fffffff -D__GCC_ATOMIC_WCHAR_T_LOCK_FREE=2 -D__USER_LABEL_PREFIX__= -D__STDC_IEC_60559_BFP__=201404L -D__SIZEOF_PTRDIFF_T__=8 -D__FLT64X_HAS_INFINITY__=1 -D__FLT32_HAS_INFINITY__=1 -D__SIZEOF_LONG__=8 -D__LDBL_DIG__=18 -D__FLT64_IS_IEC_60559__=1 -D__x86_64__=1 -D__FLT16_IS_IEC_60559__=1 -D__FLT16_MAX_EXP__=16 -D__DEC32_SUBNORMAL_MIN__=0.000001E-95DF -D__INT_FAST16_MAX__=0x7fffffffffffffffL -D__GCC_CONSTRUCTIVE_SIZE=64 -D__FLT64_DIG__=15 -D__UINT_FAST32_MAX__=0xffffffffffffffffUL '-D__UINT_LEAST64_TYPE__=long unsigned int' -D__FLT16_EPSILON__=9.76562500000000000000000000000000000e-4F16 -D__FLT_HAS_QUIET_NAN__=1 -D__FLT_MAX_10_EXP__=38 -D__LONG_MAX__=0x7fffffffffffffffL -D__FLT64X_HAS_DENORM__=1 -D__DEC128_SUBNORMAL_MIN__=0.000000000000000000000000000000001E-6143DL -D__FLT_HAS_INFINITY__=1 '-D__GNUC_EXECUTION_CHARSET_NAME="UTF-8"' '-D__UINT_FAST16_TYPE__=long unsigned int' -D__DEC64_MAX__=9.999999999999999E384DD -D__INT_FAST32_WIDTH__=64 -D__PRAGMA_REDEFINE_EXTNAME=1 -D__SIZE_WIDTH__=64 -D__SEG_FS=1 -D__INT_LEAST16_MAX__=0x7fff -D__FLT16_NORM_MAX__=6.55040000000000000000000000000000000e+4F16 -D__DEC64_MANT_DIG__=16 -D__FLT32_DENORM_MIN__=1.40129846432481707092372958328991613e-45F32 -D__SIG_ATOMIC_WIDTH__=32 '-D__INT_LEAST64_TYPE__=long int' '-D__INT16_TYPE__=short int' '-D__INT_LEAST8_TYPE__=signed char' -D__FLT16_MAX__=6.55040000000000000000000000000000000e+4F16 -D__FLT128_MIN__=3.36210314311209350626267781732175260e-4932F128 -D__SIZEOF_INT__=4 -D__DEC32_MAX_EXP__=97 -D__INT_FAST8_MAX__=0x7f -D__FLT128_MAX__=1.18973149535723176508575932662800702e+4932F128 -D__INTPTR_MAX__=0x7fffffffffffffffL -Dlinux=1 -D__FLT64_HAS_QUIET_NAN__=1 '-D__FLT32_MIN_10_EXP__=(-37)' -D__FLT32X_DIG__=15 '-D__UINT16_C(c)=c' -D__PTRDIFF_WIDTH__=64 -D__LDBL_MANT_DIG__=64 -D__INT_FAST16_WIDTH__=64 -D__FLT64_HAS_INFINITY__=1 -D__FLT64X_MAX__=1.18973149535723176502126385303097021e+4932F64x -D__FLT16_HAS_INFINITY__=1 '-D__SIG_ATOMIC_MIN__=(-__SIG_ATOMIC_MAX__ - 1)' -D__code_model_small__=1 -D__GCC_ATOMIC_LONG_LOCK_FREE=2 -D__DEC32_MANT_DIG__=7 -D__FLT16_MANT_DIG__=11 -D__k8__=1 '-D__INTPTR_TYPE__=long int' '-D__UINT16_TYPE__=short unsigned int' -D__WCHAR_TYPE__=int -D__pic__=2 -D__UINTPTR_MAX__=0xffffffffffffffffUL -D__INT_FAST64_WIDTH__=64 -D__LDBL_HAS_INFINITY__=1 -D__INT_FAST64_MAX__=0x7fffffffffffffffL -D__GCC_ATOMIC_TEST_AND_SET_TRUEVAL=1 -D__FLT_NORM_MAX__=3.40282346638528859811704183484516925e+38F -D__FLT64X_MAX_EXP__=16384 '-D__UINT_FAST64_TYPE__=long unsigned int' '-D__BFLT16_MIN_EXP__=(-125)' -D__INT_MAX__=0x7fffffff -D__linux__=1 '-D__INT64_TYPE__=long int' -D__FLT_MAX_EXP__=128 -D__ORDER_BIG_ENDIAN__=4321 -D__DBL_MANT_DIG__=53 -D__SIZEOF_FLOAT128__=16 -D__BFLT16_MANT_DIG__=8 -D__GCC_ATOMIC_CHAR16_T_LOCK_FREE=2 -D__DEC64_MIN__=1E-383DD '-D__WINT_TYPE__=unsigned int' '-D__UINT_LEAST32_TYPE__=unsigned int' -D__SIZEOF_SHORT__=2 -D__FLT32_NORM_MAX__=3.40282346638528859811704183484516925e+38F32 -D__SSE__=1 '-D__LDBL_MIN_EXP__=(-16381)' -D__FLT64_MAX__=1.79769313486231570814527423731704357e+308F64 -D__amd64__=1 -D__WINT_WIDTH__=32 -D__INT_LEAST8_MAX__=0x7f -D__INT_LEAST64_WIDTH__=64 -D__FLT32X_MAX_10_EXP__=308 -D__SIZEOF_INT128__=16 -D__FLT16_MIN__=6.10351562500000000000000000000000000e-5F16 -D__FLT64X_IS_IEC_60559__=1 -D__LDBL_MAX_10_EXP__=4932 -D__ATOMIC_RELAXED=0 '-D__DBL_EPSILON__=((double)2.22044604925031308084726333618164062e-16L)' -D__INT_LEAST32_TYPE__=int -D_LP64=1 '-D__UINT8_C(c)=c' -D__FLT64_MAX_EXP__=1024 -D__SIZEOF_WCHAR_T__=4 '-D__UINT64_TYPE__=long unsigned int' -D__FLT128_NORM_MAX__=1.18973149535723176508575932662800702e+4932F128 -D__FLT64_NORM_MAX__=1.79769313486231570814527423731704357e+308F64 -D__FLT128_HAS_QUIET_NAN__=1 -D__INTMAX_MAX__=0x7fffffffffffffffL '-D__INT_FAST8_TYPE__=signed char' -D__FLT64X_MIN__=3.36210314311209350626267781732175260e-4932F64x -D__FLT64_HAS_DENORM__=1 -D__FLT32_EPSILON__=1.19209289550781250000000000000000000e-7F32 -D__FLT16_HAS_DENORM__=1 -D__DBL_DECIMAL_DIG__=17 -D__STDC_UTF_32__=1 -D__INT_FAST8_WIDTH__=8 -D__FXSR__=1 -D__FLT32X_MAX__=1.79769313486231570814527423731704357e+308F32x '-D__DBL_NORM_MAX__=((double)1.79769313486231570814527423731704357e+308L)' -D__BYTE_ORDER__=__ORDER_LITTLE_ENDIAN__ -D__GCC_DESTRUCTIVE_SIZE=64 -D__INTMAX_WIDTH__=64 -D__FLT32_DIG__=6 '-D__UINT32_C(c)=c ## U' -D__FLT_DENORM_MIN__=1.40129846432481707092372958328991613e-45F -D__INT8_MAX__=0x7f -D__LONG_WIDTH__=64 '-D__DBL_MIN__=((double)2.22507385850720138309023271733240406e-308L)' -D__PIC__=2 -D__INT32_MAX__=0x7fffffff '-D__UINT_FAST32_TYPE__=long unsigned int' -D__FLT32X_NORM_MAX__=1.79769313486231570814527423731704357e+308F32x -D__FLT_MAX__=3.40282346638528859811704183484516925e+38F -D__SSE2__=1 -D__INT32_TYPE__=int -D__SIZEOF_DOUBLE__=8 '-D__FLT_MIN_10_EXP__=(-37)' -D__FLT64_MIN__=2.22507385850720138309023271733240406e-308F64 -D__INT_LEAST32_WIDTH__=32 '-D__INTMAX_TYPE__=long int' -D__FLT32X_HAS_QUIET_NAN__=1 -D__ATOMIC_CONSUME=1 -D__UINTMAX_MAX__=0xffffffffffffffffUL -D__PIE__=2 -D__FLT32X_DENORM_MIN__=4.94065645841246544176568792868221372e-324F32x -D__DBL_MAX_10_EXP__=308 -D__LDBL_DENORM_MIN__=3.64519953188247460252840593361941982e-4951L '-D__INT16_C(c)=c' '-D__PTRDIFF_TYPE__=long int' '-D__FLT32X_MIN_10_EXP__=(-307)' '-D__UINTPTR_TYPE__=long unsigned int' -D__DEC64_SUBNORMAL_MIN__=0.000000000000001E-383DD -D__DEC128_MANT_DIG__=34 '-D__LDBL_MIN_10_EXP__=(-4931)' -D__SIZEOF_LONG_LONG__=8 -D__FLT128_DECIMAL_DIG__=36 -D__GCC_ATOMIC_LLONG_LOCK_FREE=2 -D__FLT32_HAS_QUIET_NAN__=1 -D__FLT_DECIMAL_DIG__=9 -D__UINT_FAST16_MAX__=0xffffffffffffffffUL -D__LDBL_NORM_MAX__=1.18973149535723176502126385303097021e+4932L -D__GCC_ATOMIC_SHORT_LOCK_FREE=2 -D__SIZE_MAX__=0xffffffffffffffffUL '-D__UINT_FAST8_TYPE__=unsigned char' -D__ATOMIC_ACQ_REL=4 -D__ATOMIC_RELEASE=3 -I/usr/lib/gcc/x86_64-linux-gnu/13/include -I/usr/local/include -I/usr/include/x86_64-linux-gnu -I/usr/include -- test1.c
[E 09:20:47 94027] CODEQL_EXTRACTOR_CPP_TRAP_CACHING is not set
[E 09:20:47 94027] CODEQL_EXTRACTOR_CPP_OPTION_TRAP_CACHE_WRITE is not set
[E 09:20:47 94027] CODEQL_EXTRACTOR_CPP_OPTION_TRAP_CACHE_DIR is not set
[E 09:20:47 94027] Initialising TRAP cache at path: 7c/94ed/ed6a6722a857d655f96e66d23166
[E 09:20:47 94027] Not using TRAP cache
[E 09:20:47 94027] TRAP cache miss
[E 09:20:47 94027] Starting compilation TRAP /home/test/my-awesome-project/CISB/server/db/trap/cpp/compilations/28/7740258_0.trap.zst
[E 09:20:47 94027] Archiving /home/test/my-awesome-project/CISB/server/db/src/home/test/my-awesome-project/CISB/server/test1.c
[E 09:20:47 94027] Archiving /home/test/my-awesome-project/CISB/server/db/src/usr/include/stdio.h
[E 09:20:47 94027] Archiving /home/test/my-awesome-project/CISB/server/db/src/usr/include/x86_64-linux-gnu/bits/libc-header-start.h
[E 09:20:47 94027] Archiving /home/test/my-awesome-project/CISB/server/db/src/usr/include/features.h
[E 09:20:47 94027] Archiving /home/test/my-awesome-project/CISB/server/db/src/usr/include/features-time64.h
[E 09:20:47 94027] Archiving /home/test/my-awesome-project/CISB/server/db/src/usr/include/x86_64-linux-gnu/bits/wordsize.h
[E 09:20:47 94027] Archiving /home/test/my-awesome-project/CISB/server/db/src/usr/include/x86_64-linux-gnu/bits/timesize.h
[E 09:20:47 94027] Already archived /home/test/my-awesome-project/CISB/server/db/src/usr/include/x86_64-linux-gnu/bits/wordsize.h
[E 09:20:47 94027] Archiving /home/test/my-awesome-project/CISB/server/db/src/usr/include/stdc-predef.h
[E 09:20:47 94027] Archiving /home/test/my-awesome-project/CISB/server/db/src/usr/include/x86_64-linux-gnu/sys/cdefs.h
[E 09:20:47 94027] Already archived /home/test/my-awesome-project/CISB/server/db/src/usr/include/x86_64-linux-gnu/bits/wordsize.h
[E 09:20:47 94027] Archiving /home/test/my-awesome-project/CISB/server/db/src/usr/include/x86_64-linux-gnu/bits/long-double.h
[E 09:20:47 94027] Archiving /home/test/my-awesome-project/CISB/server/db/src/usr/include/x86_64-linux-gnu/gnu/stubs.h
[E 09:20:47 94027] Archiving /home/test/my-awesome-project/CISB/server/db/src/usr/include/x86_64-linux-gnu/gnu/stubs-64.h
[E 09:20:47 94027] Archiving /home/test/my-awesome-project/CISB/server/db/src/usr/lib/gcc/x86_64-linux-gnu/13/include/stddef.h
[E 09:20:47 94027] Archiving /home/test/my-awesome-project/CISB/server/db/src/usr/lib/gcc/x86_64-linux-gnu/13/include/stdarg.h
[E 09:20:47 94027] Archiving /home/test/my-awesome-project/CISB/server/db/src/usr/include/x86_64-linux-gnu/bits/types.h
[E 09:20:47 94027] Already archived /home/test/my-awesome-project/CISB/server/db/src/usr/include/x86_64-linux-gnu/bits/wordsize.h
[E 09:20:47 94027] Already archived /home/test/my-awesome-project/CISB/server/db/src/usr/include/x86_64-linux-gnu/bits/timesize.h
[E 09:20:47 94027] Already archived /home/test/my-awesome-project/CISB/server/db/src/usr/include/x86_64-linux-gnu/bits/wordsize.h
[E 09:20:47 94027] Archiving /home/test/my-awesome-project/CISB/server/db/src/usr/include/x86_64-linux-gnu/bits/typesizes.h
[E 09:20:47 94027] Archiving /home/test/my-awesome-project/CISB/server/db/src/usr/include/x86_64-linux-gnu/bits/time64.h
[E 09:20:47 94027] Archiving /home/test/my-awesome-project/CISB/server/db/src/usr/include/x86_64-linux-gnu/bits/types/__fpos_t.h
[E 09:20:47 94027] Archiving /home/test/my-awesome-project/CISB/server/db/src/usr/include/x86_64-linux-gnu/bits/types/__mbstate_t.h
[E 09:20:47 94027] Archiving /home/test/my-awesome-project/CISB/server/db/src/usr/include/x86_64-linux-gnu/bits/types/__fpos64_t.h
[E 09:20:47 94027] Archiving /home/test/my-awesome-project/CISB/server/db/src/usr/include/x86_64-linux-gnu/bits/types/__FILE.h
[E 09:20:47 94027] Archiving /home/test/my-awesome-project/CISB/server/db/src/usr/include/x86_64-linux-gnu/bits/types/FILE.h
[E 09:20:47 94027] Archiving /home/test/my-awesome-project/CISB/server/db/src/usr/include/x86_64-linux-gnu/bits/types/struct_FILE.h
[E 09:20:47 94027] Archiving /home/test/my-awesome-project/CISB/server/db/src/usr/include/x86_64-linux-gnu/bits/types/cookie_io_functions_t.h
[E 09:20:47 94027] Archiving /home/test/my-awesome-project/CISB/server/db/src/usr/include/x86_64-linux-gnu/bits/stdio_lim.h
[E 09:20:47 94027] Archiving /home/test/my-awesome-project/CISB/server/db/src/usr/include/x86_64-linux-gnu/bits/floatn.h
[E 09:20:47 94027] Archiving /home/test/my-awesome-project/CISB/server/db/src/usr/include/x86_64-linux-gnu/bits/floatn-common.h
[E 09:20:47 94027] Already archived /home/test/my-awesome-project/CISB/server/db/src/usr/include/x86_64-linux-gnu/bits/long-double.h
[E 09:20:47 94027] Archiving /home/test/my-awesome-project/CISB/server/db/src/usr/include/string.h
[E 09:20:47 94027] Already archived /home/test/my-awesome-project/CISB/server/db/src/usr/include/x86_64-linux-gnu/bits/libc-header-start.h
[E 09:20:47 94027] Already archived /home/test/my-awesome-project/CISB/server/db/src/usr/lib/gcc/x86_64-linux-gnu/13/include/stddef.h
[E 09:20:47 94027] Archiving /home/test/my-awesome-project/CISB/server/db/src/usr/include/x86_64-linux-gnu/bits/types/locale_t.h
[E 09:20:47 94027] Archiving /home/test/my-awesome-project/CISB/server/db/src/usr/include/x86_64-linux-gnu/bits/types/__locale_t.h
[E 09:20:47 94027] Archiving /home/test/my-awesome-project/CISB/server/db/src/usr/include/strings.h
[E 09:20:47 94027] Already archived /home/test/my-awesome-project/CISB/server/db/src/usr/lib/gcc/x86_64-linux-gnu/13/include/stddef.h
[E 09:20:47 94027] Archiving /home/test/my-awesome-project/CISB/server/db/src/usr/include/stdlib.h
[E 09:20:47 94027] Already archived /home/test/my-awesome-project/CISB/server/db/src/usr/include/x86_64-linux-gnu/bits/libc-header-start.h
[E 09:20:47 94027] Already archived /home/test/my-awesome-project/CISB/server/db/src/usr/lib/gcc/x86_64-linux-gnu/13/include/stddef.h
[E 09:20:47 94027] Archiving /home/test/my-awesome-project/CISB/server/db/src/usr/include/x86_64-linux-gnu/bits/waitflags.h
[E 09:20:47 94027] Archiving /home/test/my-awesome-project/CISB/server/db/src/usr/include/x86_64-linux-gnu/bits/waitstatus.h
[E 09:20:47 94027] Archiving /home/test/my-awesome-project/CISB/server/db/src/usr/include/x86_64-linux-gnu/sys/types.h
[E 09:20:47 94027] Archiving /home/test/my-awesome-project/CISB/server/db/src/usr/include/x86_64-linux-gnu/bits/types/clock_t.h
[E 09:20:47 94027] Archiving /home/test/my-awesome-project/CISB/server/db/src/usr/include/x86_64-linux-gnu/bits/types/clockid_t.h
[E 09:20:47 94027] Archiving /home/test/my-awesome-project/CISB/server/db/src/usr/include/x86_64-linux-gnu/bits/types/time_t.h
[E 09:20:47 94027] Archiving /home/test/my-awesome-project/CISB/server/db/src/usr/include/x86_64-linux-gnu/bits/types/timer_t.h
[E 09:20:47 94027] Already archived /home/test/my-awesome-project/CISB/server/db/src/usr/lib/gcc/x86_64-linux-gnu/13/include/stddef.h
[E 09:20:47 94027] Archiving /home/test/my-awesome-project/CISB/server/db/src/usr/include/x86_64-linux-gnu/bits/stdint-intn.h
[E 09:20:47 94027] Archiving /home/test/my-awesome-project/CISB/server/db/src/usr/include/endian.h
[E 09:20:47 94027] Archiving /home/test/my-awesome-project/CISB/server/db/src/usr/include/x86_64-linux-gnu/bits/endian.h
[E 09:20:47 94027] Archiving /home/test/my-awesome-project/CISB/server/db/src/usr/include/x86_64-linux-gnu/bits/endianness.h
[E 09:20:47 94027] Archiving /home/test/my-awesome-project/CISB/server/db/src/usr/include/x86_64-linux-gnu/bits/byteswap.h
[E 09:20:47 94027] Archiving /home/test/my-awesome-project/CISB/server/db/src/usr/include/x86_64-linux-gnu/bits/uintn-identity.h
[E 09:20:47 94027] Archiving /home/test/my-awesome-project/CISB/server/db/src/usr/include/x86_64-linux-gnu/sys/select.h
[E 09:20:47 94027] Archiving /home/test/my-awesome-project/CISB/server/db/src/usr/include/x86_64-linux-gnu/bits/select.h
[E 09:20:47 94027] Archiving /home/test/my-awesome-project/CISB/server/db/src/usr/include/x86_64-linux-gnu/bits/types/sigset_t.h
[E 09:20:47 94027] Archiving /home/test/my-awesome-project/CISB/server/db/src/usr/include/x86_64-linux-gnu/bits/types/__sigset_t.h
[E 09:20:47 94027] Archiving /home/test/my-awesome-project/CISB/server/db/src/usr/include/x86_64-linux-gnu/bits/types/struct_timeval.h
[E 09:20:47 94027] Archiving /home/test/my-awesome-project/CISB/server/db/src/usr/include/x86_64-linux-gnu/bits/types/struct_timespec.h
[E 09:20:47 94027] Archiving /home/test/my-awesome-project/CISB/server/db/src/usr/include/x86_64-linux-gnu/bits/pthreadtypes.h
[E 09:20:47 94027] Archiving /home/test/my-awesome-project/CISB/server/db/src/usr/include/x86_64-linux-gnu/bits/thread-shared-types.h
[E 09:20:47 94027] Archiving /home/test/my-awesome-project/CISB/server/db/src/usr/include/x86_64-linux-gnu/bits/pthreadtypes-arch.h
[E 09:20:47 94027] Already archived /home/test/my-awesome-project/CISB/server/db/src/usr/include/x86_64-linux-gnu/bits/wordsize.h
[E 09:20:47 94027] Archiving /home/test/my-awesome-project/CISB/server/db/src/usr/include/x86_64-linux-gnu/bits/atomic_wide_counter.h
[E 09:20:47 94027] Archiving /home/test/my-awesome-project/CISB/server/db/src/usr/include/x86_64-linux-gnu/bits/struct_mutex.h
[E 09:20:47 94027] Archiving /home/test/my-awesome-project/CISB/server/db/src/usr/include/x86_64-linux-gnu/bits/struct_rwlock.h
[E 09:20:47 94027] Archiving /home/test/my-awesome-project/CISB/server/db/src/usr/include/alloca.h
[E 09:20:47 94027] Already archived /home/test/my-awesome-project/CISB/server/db/src/usr/lib/gcc/x86_64-linux-gnu/13/include/stddef.h
[E 09:20:47 94027] Archiving /home/test/my-awesome-project/CISB/server/db/src/usr/include/x86_64-linux-gnu/bits/stdlib-float.h
[E 09:20:47 94027] Archiving /home/test/my-awesome-project/CISB/server/db/src/usr/include/unistd.h
[E 09:20:47 94027] Archiving /home/test/my-awesome-project/CISB/server/db/src/usr/include/x86_64-linux-gnu/bits/posix_opt.h
[E 09:20:47 94027] Archiving /home/test/my-awesome-project/CISB/server/db/src/usr/include/x86_64-linux-gnu/bits/environments.h
[E 09:20:47 94027] Already archived /home/test/my-awesome-project/CISB/server/db/src/usr/include/x86_64-linux-gnu/bits/wordsize.h
[E 09:20:47 94027] Already archived /home/test/my-awesome-project/CISB/server/db/src/usr/lib/gcc/x86_64-linux-gnu/13/include/stddef.h
[E 09:20:47 94027] Archiving /home/test/my-awesome-project/CISB/server/db/src/usr/include/x86_64-linux-gnu/bits/confname.h
[E 09:20:47 94027] Archiving /home/test/my-awesome-project/CISB/server/db/src/usr/include/x86_64-linux-gnu/bits/getopt_posix.h
[E 09:20:47 94027] Archiving /home/test/my-awesome-project/CISB/server/db/src/usr/include/x86_64-linux-gnu/bits/getopt_core.h
[E 09:20:47 94027] Archiving /home/test/my-awesome-project/CISB/server/db/src/usr/include/x86_64-linux-gnu/bits/unistd_ext.h
[E 09:20:47 94027] Creating trap tarball /home/test/my-awesome-project/CISB/server/db/trap/cpp/tarballs/home/test/my-awesome-project/CISB/server/test1.c.5f139f72_0.trap.tar.zst
[E 09:20:47 94027] Emitting trap files for test1.c
[E 09:20:47 94027] Opening existencedb in /home/test/my-awesome-project/CISB/server/db/working/existencedb/db
[E 09:20:47 94027] Wrote 75 files to /home/test/my-awesome-project/CISB/server/db/trap/cpp/tarballs/home/test/my-awesome-project/CISB/server/test1.c.5f139f72_0.trap.tar.zst
[E 09:20:47 94027] Finished compilation TRAP /home/test/my-awesome-project/CISB/server/db/trap/cpp/compilations/28/7740258_0.trap.zst
[E 09:20:47 94027] Marking C compilation as happened.
[E 09:20:47 94027] Setting tag c-compilation-happened
[E 09:20:47 94027] Starting from CODEQL_TRACER_DB_ID 0000000000016F49_0000000000000001
[E 09:20:47 94027] Locking DB /home/test/my-awesome-project/CISB/server/db/working/tags.db
[E 09:20:47 94027] Locked DB /home/test/my-awesome-project/CISB/server/db/working/tags.db
[E 09:20:47 94027] Set tag for 0000000000016F49_0000000000000001
[E 09:20:47 94027] Set tag for 0000000000016F47_0000000000000001
[E 09:20:47 94027] Set tag for 0000000000016F44_0000000000000003
[E 09:20:47 94027] Set tag for 0000000000016F44_0000000000000002
[E 09:20:47 94027] Set tag for root
[E 09:20:47 94027] Unlocking DB
[E 09:20:47 94027] Unlocked DB
[E 09:20:47 94027] Extractor exited successfully
[T 09:20:47 94025] Extractor /mnt/c/Tools/codeql/cpp/tools/linux64/extractor terminated with exit code 0.
[T 09:20:47 94073] Initializing tracer.
[T 09:20:47 94073] Initializing tags.
[T 09:20:47 94073] ID set to 0000000000016F79_0000000000000001 (parent 0000000000016F47_0000000000000001)
[T 09:20:47 94073] ==== Candidate to intercept: as (canonical: /usr/bin/as) ====
[T 09:20:47 94073] Lua: === Intercepted call to /usr/bin/as ===
[T 09:20:47 94073] Executing the following tracer actions:
[T 09:20:47 94073] Tracer actions:
[T 09:20:47 94073] pre_invocations(0)
[T 09:20:47 94073] post_invocations(1)
[T 09:20:47 94073] invocation: /mnt/c/Tools/codeql/cpp/tools/linux64/extractor, args: [--assembler, --codeql-assembler-executable, /usr/bin/as, --64, -o, test1.o, /tmp/ccnggTXu.s]
[T 09:20:47 94073] trace_languages(1): [cpp]
[T 09:20:47 94075] Attempting to switch stdout/stderr to 4...
[T 09:20:47 94075] Initializing tracer.
[T 09:20:47 94075] Initializing tags.
[T 09:20:47 94075] ID set to 0000000000016F7B_0000000000000001 (parent 0000000000016F79_0000000000000001)
[E 09:20:47 94075] CodeQL C/C++ Extractor 2.25.1
[E 09:20:47 94075] Current directory: /home/test/my-awesome-project/CISB/server
[E 09:20:47 94075] Command: /mnt/c/Tools/codeql/cpp/tools/linux64/extractor --assembler --codeql-assembler-executable /usr/bin/as --64 -o test1.o /tmp/ccnggTXu.s
[E 09:20:47 94075] Extractor exited after mimicking assembler
[T 09:20:47 94073] Extractor /mnt/c/Tools/codeql/cpp/tools/linux64/extractor terminated with exit code 0.
[T 09:20:47 94076] Attempting to switch stdout/stderr to 4...
[T 09:20:47 94076] Initializing tracer.
[T 09:20:47 94076] Initializing tags.
[T 09:20:47 94076] ID set to 0000000000016F7C_0000000000000001 (parent 0000000000016F47_0000000000000001)
[E 09:20:47 94076] CodeQL C/C++ Extractor 2.25.1
[E 09:20:47 94076] Current directory: /home/test/my-awesome-project/CISB/server
[E 09:20:47 94076] Command: /mnt/c/Tools/codeql/cpp/tools/linux64/extractor --mimic /usr/bin/x86_64-linux-gnu-gcc-13 -c -o test1.o test1.c
[T 09:20:47 94077] Initializing tracer.
[T 09:20:47 94077] Initializing tags.
[T 09:20:47 94077] ID set to 0000000000016F7D_0000000000000001 (parent 0000000000016F7C_0000000000000001)
[T 09:20:47 94077] ==== Candidate to intercept: /usr/bin/x86_64-linux-gnu-gcc-13 (canonical: /usr/bin/x86_64-linux-gnu-gcc-13) ====
[T 09:20:47 94077] Lua: === Intercepted call to /usr/bin/x86_64-linux-gnu-gcc-13 ===
[T 09:20:47 94077] Executing the following tracer actions:
[T 09:20:47 94077] Tracer actions:
[T 09:20:47 94077] pre_invocations(0)
[T 09:20:47 94077] post_invocations(1)
[T 09:20:47 94077] invocation: /mnt/c/Tools/codeql/cpp/tools/linux64/extractor, args: [--mimic, /usr/bin/x86_64-linux-gnu-gcc-13, --version]
[T 09:20:47 94077] trace_languages(1): [cpp]
[T 09:20:47 94079] Attempting to switch stdout/stderr to 7...
[T 09:20:47 94079] Initializing tracer.
[T 09:20:47 94079] Initializing tags.
[T 09:20:47 94079] ID set to 0000000000016F7F_0000000000000001 (parent 0000000000016F7D_0000000000000001)
[E 09:20:47 94079] Mimicry classification suppression detected; exiting.
[E 09:20:47 94079] Extractor exited successfully
[T 09:20:47 94077] Extractor /mnt/c/Tools/codeql/cpp/tools/linux64/extractor terminated with exit code 0.
[T 09:20:47 94080] Initializing tracer.
[T 09:20:47 94080] Initializing tags.
[T 09:20:47 94080] ID set to 0000000000016F80_0000000000000001 (parent 0000000000016F7C_0000000000000001)
[T 09:20:47 94080] ==== Candidate to intercept: /usr/bin/x86_64-linux-gnu-gcc-13 (canonical: /usr/bin/x86_64-linux-gnu-gcc-13) ====
[T 09:20:47 94080] Lua: === Intercepted call to /usr/bin/x86_64-linux-gnu-gcc-13 ===
[T 09:20:47 94080] Executing the following tracer actions:
[T 09:20:47 94080] Tracer actions:
[T 09:20:47 94080] pre_invocations(0)
[T 09:20:47 94080] post_invocations(1)
[T 09:20:47 94080] invocation: /mnt/c/Tools/codeql/cpp/tools/linux64/extractor, args: [--mimic, /usr/bin/x86_64-linux-gnu-gcc-13, --help]
[T 09:20:47 94080] trace_languages(1): [cpp]
[T 09:20:47 94082] Attempting to switch stdout/stderr to 7...
[T 09:20:47 94082] Initializing tracer.
[T 09:20:47 94082] Initializing tags.
[T 09:20:47 94082] ID set to 0000000000016F82_0000000000000001 (parent 0000000000016F80_0000000000000001)
[E 09:20:47 94082] Mimicry classification suppression detected; exiting.
[E 09:20:47 94082] Extractor exited successfully
[T 09:20:47 94080] Extractor /mnt/c/Tools/codeql/cpp/tools/linux64/extractor terminated with exit code 0.
[T 09:20:47 94083] Initializing tracer.
[T 09:20:47 94083] Initializing tags.
[T 09:20:47 94083] ID set to 0000000000016F83_0000000000000001 (parent 0000000000016F7C_0000000000000001)
[T 09:20:47 94083] ==== Candidate to intercept: /usr/bin/x86_64-linux-gnu-gcc-13 (canonical: /usr/bin/x86_64-linux-gnu-gcc-13) ====
[T 09:20:47 94083] Lua: === Intercepted call to /usr/bin/x86_64-linux-gnu-gcc-13 ===
[T 09:20:47 94083] Executing the following tracer actions:
[T 09:20:47 94083] Tracer actions:
[T 09:20:47 94083] pre_invocations(0)
[T 09:20:47 94083] post_invocations(1)
[T 09:20:47 94083] invocation: /mnt/c/Tools/codeql/cpp/tools/linux64/extractor, args: [--mimic, /usr/bin/x86_64-linux-gnu-gcc-13, -nostdinc, -o, /home/test/my-awesome-project/CISB/server/db/working/tmp//semmle_2_94076_829662.o, -c, /home/test/my-awesome-project/CISB/server/db/working/tmp//semmle_1_94076_829554.c]
[T 09:20:47 94083] trace_languages(1): [cpp]
[T 09:20:47 94085] Initializing tracer.
[T 09:20:47 94085] Initializing tags.
[T 09:20:47 94085] ID set to 0000000000016F85_0000000000000001 (parent 0000000000016F83_0000000000000001)
[T 09:20:47 94085] ==== Candidate to intercept: /usr/libexec/gcc/x86_64-linux-gnu/13/cc1 (canonical: /usr/libexec/gcc/x86_64-linux-gnu/13/cc1) ====
[T 09:20:47 94085] Lua: === Intercepted call to /usr/libexec/gcc/x86_64-linux-gnu/13/cc1 ===
[T 09:20:47 94085] Executing the following tracer actions:
[T 09:20:47 94085] Tracer actions:
[T 09:20:47 94085] pre_invocations(0)
[T 09:20:47 94085] post_invocations(1)
[T 09:20:47 94085] invocation: /mnt/c/Tools/codeql/cpp/tools/linux64/extractor, args: [--mimic, /usr/libexec/gcc/x86_64-linux-gnu/13/cc1, -quiet, -nostdinc, -imultiarch, x86_64-linux-gnu, /home/test/my-awesome-project/CISB/server/db/working/tmp//semmle_1_94076_829554.c, -quiet, -dumpdir, /home/test/my-awesome-project/CISB/server/db/working/tmp//, -dumpbase, semmle_2_94076_829662.c, -dumpbase-ext, .c, -mtune=generic, -march=x86-64, -fasynchronous-unwind-tables, -fstack-protector-strong, -Wformat, -Wformat-security, -fstack-clash-protection, -fcf-protection, -o, /tmp/ccLyAimC.s]
[T 09:20:47 94085] trace_languages(1): [cpp]
[T 09:20:47 94087] Attempting to switch stdout/stderr to 7...
[T 09:20:47 94087] Initializing tracer.
[T 09:20:47 94087] Initializing tags.
[T 09:20:47 94087] ID set to 0000000000016F87_0000000000000001 (parent 0000000000016F85_0000000000000001)
[E 09:20:47 94087] Mimicry classification suppression detected; exiting.
[E 09:20:47 94087] Extractor exited successfully
[T 09:20:47 94085] Extractor /mnt/c/Tools/codeql/cpp/tools/linux64/extractor terminated with exit code 0.
[T 09:20:47 94088] Initializing tracer.
[T 09:20:47 94088] Initializing tags.
[T 09:20:47 94088] ID set to 0000000000016F88_0000000000000001 (parent 0000000000016F83_0000000000000001)
[T 09:20:47 94088] ==== Candidate to intercept: as (canonical: /usr/bin/as) ====
[T 09:20:47 94088] Lua: === Intercepted call to /usr/bin/as ===
[T 09:20:47 94088] Executing the following tracer actions:
[T 09:20:47 94088] Tracer actions:
[T 09:20:47 94088] pre_invocations(0)
[T 09:20:47 94088] post_invocations(1)
[T 09:20:47 94088] invocation: /mnt/c/Tools/codeql/cpp/tools/linux64/extractor, args: [--assembler, --codeql-assembler-executable, /usr/bin/as, --64, -o, /home/test/my-awesome-project/CISB/server/db/working/tmp//semmle_2_94076_829662.o, /tmp/ccLyAimC.s]
[T 09:20:47 94088] trace_languages(1): [cpp]
[T 09:20:47 94090] Attempting to switch stdout/stderr to 7...
[T 09:20:47 94090] Initializing tracer.
[T 09:20:47 94090] Initializing tags.
[T 09:20:47 94090] ID set to 0000000000016F8A_0000000000000001 (parent 0000000000016F88_0000000000000001)
[E 09:20:47 94090] Mimicry classification suppression detected; exiting.
[E 09:20:47 94090] Extractor exited successfully
[T 09:20:47 94088] Extractor /mnt/c/Tools/codeql/cpp/tools/linux64/extractor terminated with exit code 0.
[T 09:20:47 94091] Attempting to switch stdout/stderr to 7...
[T 09:20:47 94091] Initializing tracer.
[T 09:20:47 94091] Initializing tags.
[T 09:20:47 94091] ID set to 0000000000016F8B_0000000000000001 (parent 0000000000016F83_0000000000000001)
[E 09:20:47 94091] Mimicry classification suppression detected; exiting.
[E 09:20:47 94091] Extractor exited successfully
[T 09:20:47 94083] Extractor /mnt/c/Tools/codeql/cpp/tools/linux64/extractor terminated with exit code 0.
[T 09:20:47 94092] Initializing tracer.
[T 09:20:47 94092] Initializing tags.
[T 09:20:47 94092] ID set to 0000000000016F8C_0000000000000001 (parent 0000000000016F7C_0000000000000001)
[T 09:20:47 94092] ==== Candidate to intercept: /usr/bin/x86_64-linux-gnu-gcc-13 (canonical: /usr/bin/x86_64-linux-gnu-gcc-13) ====
[T 09:20:47 94092] Lua: === Intercepted call to /usr/bin/x86_64-linux-gnu-gcc-13 ===
[T 09:20:47 94092] Executing the following tracer actions:
[T 09:20:47 94092] Tracer actions:
[T 09:20:47 94092] pre_invocations(0)
[T 09:20:47 94092] post_invocations(1)
[T 09:20:47 94092] invocation: /mnt/c/Tools/codeql/cpp/tools/linux64/extractor, args: [--mimic, /usr/bin/x86_64-linux-gnu-gcc-13, -nostdinc, -o, /home/test/my-awesome-project/CISB/server/db/working/tmp//semmle_4_94076_904547.o, -c, /home/test/my-awesome-project/CISB/server/db/working/tmp//semmle_3_94076_904458.c]
[T 09:20:47 94092] trace_languages(1): [cpp]
[T 09:20:47 94094] Initializing tracer.
[T 09:20:47 94094] Initializing tags.
[T 09:20:47 94094] ID set to 0000000000016F8E_0000000000000001 (parent 0000000000016F8C_0000000000000001)
[T 09:20:47 94094] ==== Candidate to intercept: /usr/libexec/gcc/x86_64-linux-gnu/13/cc1 (canonical: /usr/libexec/gcc/x86_64-linux-gnu/13/cc1) ====
[T 09:20:47 94094] Lua: === Intercepted call to /usr/libexec/gcc/x86_64-linux-gnu/13/cc1 ===
[T 09:20:47 94094] Executing the following tracer actions:
[T 09:20:47 94094] Tracer actions:
[T 09:20:47 94094] pre_invocations(0)
[T 09:20:47 94094] post_invocations(1)
[T 09:20:47 94094] invocation: /mnt/c/Tools/codeql/cpp/tools/linux64/extractor, args: [--mimic, /usr/libexec/gcc/x86_64-linux-gnu/13/cc1, -quiet, -nostdinc, -imultiarch, x86_64-linux-gnu, /home/test/my-awesome-project/CISB/server/db/working/tmp//semmle_3_94076_904458.c, -quiet, -dumpdir, /home/test/my-awesome-project/CISB/server/db/working/tmp//, -dumpbase, semmle_4_94076_904547.c, -dumpbase-ext, .c, -mtune=generic, -march=x86-64, -fasynchronous-unwind-tables, -fstack-protector-strong, -Wformat, -Wformat-security, -fstack-clash-protection, -fcf-protection, -o, /tmp/ccBhNYd0.s]
[T 09:20:47 94094] trace_languages(1): [cpp]
[T 09:20:47 94096] Attempting to switch stdout/stderr to 7...
[T 09:20:47 94096] Initializing tracer.
[T 09:20:47 94096] Initializing tags.
[T 09:20:47 94096] ID set to 0000000000016F90_0000000000000001 (parent 0000000000016F8E_0000000000000001)
[E 09:20:47 94096] Mimicry classification suppression detected; exiting.
[E 09:20:47 94096] Extractor exited successfully
[T 09:20:47 94094] Extractor /mnt/c/Tools/codeql/cpp/tools/linux64/extractor terminated with exit code 0.
[T 09:20:47 94097] Attempting to switch stdout/stderr to 7...
[T 09:20:47 94097] Initializing tracer.
[T 09:20:47 94097] Initializing tags.
[T 09:20:47 94097] ID set to 0000000000016F91_0000000000000001 (parent 0000000000016F8C_0000000000000001)
[E 09:20:47 94097] Mimicry classification suppression detected; exiting.
[E 09:20:47 94097] Extractor exited successfully
[T 09:20:47 94092] Extractor /mnt/c/Tools/codeql/cpp/tools/linux64/extractor terminated with exit code 0.
[E 09:20:47 94076] Checking whether C compilation already happened.
[E 09:20:47 94076] Checking for tag c-compilation-happened
[E 09:20:47 94076] Checking CODEQL_TRACER_DB_ID 0000000000016F47_0000000000000001
[E 09:20:47 94076] Locking DB /home/test/my-awesome-project/CISB/server/db/working/tags.db
[E 09:20:47 94076] Locked DB /home/test/my-awesome-project/CISB/server/db/working/tags.db
[E 09:20:47 94076] Unlocking DB
[E 09:20:47 94076] Unlocked DB
[E 09:20:47 94076] Exiting as C compilation already happened.
[T 09:20:47 94023] Extractor /mnt/c/Tools/codeql/cpp/tools/linux64/extractor terminated with exit code 0.
